[FERMIHTC-APPTAINER]: INFO -- No Apptainer image specified
[FERMIHTC-APPTAINER]: INFO -- Running job on the host machine

[FERMIHTC-APPTAINER]: INFO -- Running ./condor_exec.exe
Starting job on  Thu Jun 22 20:21:59 UTC 2023
Running on: Linux shardulr-32358581-311-cmswn2024.fnal.gov 3.10.0-1160.90.1.el7.x86_64 #1 SMP Thu Apr 27 13:14:20 CDT 2023 x86_64 x86_64 x86_64 GNU/Linux
System software: Scientific Linux release 7.9 (Nitrogen)
Running ls -alrth:
total 164K
-rw-r--r--  1 shardulr fnalgrid 5.0K Jun 22 20:21 .job.ad
-rw-r--r--  1 shardulr fnalgrid  14K Jun 22 20:21 .machine.ad
-rwx------  1 shardulr fnalgrid   49 Jun 22 20:21 .chirp.config
-rw-------  1 shardulr fnalgrid  11K Jun 22 20:21 x509up
drwxr-xr-x  2 shardulr fnalgrid 4.0K Jun 22 20:21 samples
drwxr-xr-x  2 shardulr fnalgrid 4.0K Jun 22 20:21 framework
-rw-r--r--  1 shardulr fnalgrid  62K Jun 22 20:21 singleStopAnalyzer.py
-rwxr-xr-x  1 shardulr fnalgrid  705 Jun 22 20:21 condor_exec.exe
-rw-r--r--  1 shardulr fnalgrid  951 Jun 22 20:21 bJetMatcher.py
-rw-r--r--  1 shardulr fnalgrid    0 Jun 22 20:21 docker_stderror
drwxrwxrwt  3 shardulr fnalgrid 4.0K Jun 22 20:21 var
drwxrwxrwt  2 shardulr fnalgrid 4.0K Jun 22 20:21 tmp
-rw-r--r--  1 shardulr fnalgrid  13K Jun 22 20:21 .update.ad
drwxr-xr-x  3 root     root     4.0K Jun 22 20:21 ..
srwxr-xr-x  1 shardulr fnalgrid    0 Jun 22 20:21 .docker_sock
-rw-r--r--  1 shardulr fnalgrid  113 Jun 22 20:22 _condor_stderr
drwx------  7 shardulr fnalgrid 4.0K Jun 22 20:22 .
drwxr-xr-x 17 shardulr fnalgrid 4.0K Jun 22 20:22 CMSSW_10_6_19_patch2
-rw-r--r--  1 shardulr fnalgrid  454 Jun 22 20:22 _condor_stdout
/storage/local/data1/condor/execute/dir_56149/CMSSW_10_6_19_patch2 is the CMSSW we created on the local worker node
Running over Data2018 files
Blinding data, only using CR cuts (0 loose b's)
Using UL 2018 campaign working points
Pre-select 48406 entries out of 1263879 (3.83%)
Processed    10000/   48406 entries, 20.66% (elapsed time    27.7s, curr speed    0.361 kHz, avg speed    0.361 kHz), accepted     1700/   10001 events (17.00%)
Processed    20000/   48406 entries, 41.32% (elapsed time    54.9s, curr speed    0.368 kHz, avg speed    0.364 kHz), accepted     3580/   20001 events (17.90%)
Processed    30000/   48406 entries, 61.98% (elapsed time    80.7s, curr speed    0.387 kHz, avg speed    0.372 kHz), accepted     5168/   30001 events (17.23%)
Processed    40000/   48406 entries, 82.63% (elapsed time   107.2s, curr speed    0.377 kHz, avg speed    0.373 kHz), accepted     6990/   40001 events (17.47%)
Processed 48406 preselected entries from root://cmsxrootd.fnal.gov//store/data/Run2018D/JetHT/NANOAOD/UL2018_MiniAODv2_NanoAODv9-v2/2540000/F569EF51-3DC1-7E4C-B5B9-5A13F3A1FBFF.root (1263879 entries). Finally selected 8264 entries
Total time 133.4 sec. to process 1263879 events. Rate = 9477.7 Hz.
Running pwd:
/storage/local/data1/condor/execute/dir_56149
Running ls -alrth:
total 172K
-rw-r--r--  1 shardulr fnalgrid 5.0K Jun 22 20:21 .job.ad
-rw-r--r--  1 shardulr fnalgrid  14K Jun 22 20:21 .machine.ad
-rwx------  1 shardulr fnalgrid   49 Jun 22 20:21 .chirp.config
-rw-------  1 shardulr fnalgrid  11K Jun 22 20:21 x509up
drwxr-xr-x  2 shardulr fnalgrid 4.0K Jun 22 20:21 samples
-rw-r--r--  1 shardulr fnalgrid  62K Jun 22 20:21 singleStopAnalyzer.py
-rwxr-xr-x  1 shardulr fnalgrid  705 Jun 22 20:21 condor_exec.exe
-rw-r--r--  1 shardulr fnalgrid  951 Jun 22 20:21 bJetMatcher.py
-rw-r--r--  1 shardulr fnalgrid    0 Jun 22 20:21 docker_stderror
drwxrwxrwt  3 shardulr fnalgrid 4.0K Jun 22 20:21 var
drwxrwxrwt  2 shardulr fnalgrid 4.0K Jun 22 20:21 tmp
drwxr-xr-x  3 root     root     4.0K Jun 22 20:21 ..
srwxr-xr-x  1 shardulr fnalgrid    0 Jun 22 20:21 .docker_sock
drwxr-xr-x 17 shardulr fnalgrid 4.0K Jun 22 20:22 CMSSW_10_6_19_patch2
drwxr-xr-x  2 shardulr fnalgrid 4.0K Jun 22 20:22 framework
-rw-r--r--  1 shardulr fnalgrid 1.7K Jun 22 20:22 bJetMatcher.pyc
drwxr-xr-x  3 shardulr fnalgrid 4.0K Jun 22 20:22 output
-rw-r--r--  1 shardulr fnalgrid  215 Jun 22 20:22 _condor_stderr
-rw-r--r--  1 shardulr fnalgrid  13K Jun 22 20:24 .update.ad
drwx------  8 shardulr fnalgrid 4.0K Jun 22 20:24 .
-rw-r--r--  1 shardulr fnalgrid 2.9K Jun 22 20:24 _condor_stdout
