[FERMIHTC-APPTAINER]: INFO -- No Apptainer image specified
[FERMIHTC-APPTAINER]: INFO -- Running job on the host machine

[FERMIHTC-APPTAINER]: INFO -- Running ./condor_exec.exe
Starting job on  Thu Jun 22 20:19:55 UTC 2023
Running on: Linux shardulr-32358581-60-cmswn2062.fnal.gov 3.10.0-1160.90.1.el7.x86_64 #1 SMP Thu Apr 27 13:14:20 CDT 2023 x86_64 x86_64 x86_64 GNU/Linux
System software: Scientific Linux release 7.9 (Nitrogen)
Running ls -alrth:
total 164K
-rw-r--r--  1 shardulr fnalgrid  13K Jun 22 20:19 .machine.ad
-rw-r--r--  1 shardulr fnalgrid 5.0K Jun 22 20:19 .job.ad
-rwx------  1 shardulr fnalgrid   49 Jun 22 20:19 .chirp.config
-rw-------  1 shardulr fnalgrid  11K Jun 22 20:19 x509up
drwxr-xr-x  2 shardulr fnalgrid 4.0K Jun 22 20:19 samples
drwxr-xr-x  2 shardulr fnalgrid 4.0K Jun 22 20:19 framework
-rw-r--r--  1 shardulr fnalgrid  62K Jun 22 20:19 singleStopAnalyzer.py
-rwxr-xr-x  1 shardulr fnalgrid  704 Jun 22 20:19 condor_exec.exe
-rw-r--r--  1 shardulr fnalgrid  951 Jun 22 20:19 bJetMatcher.py
-rw-r--r--  1 shardulr fnalgrid    0 Jun 22 20:19 docker_stderror
drwxrwxrwt  3 shardulr fnalgrid 4.0K Jun 22 20:19 var
drwxrwxrwt  2 shardulr fnalgrid 4.0K Jun 22 20:19 tmp
-rw-r--r--  1 shardulr fnalgrid  13K Jun 22 20:19 .update.ad
drwxr-xr-x  3 root     root     4.0K Jun 22 20:19 ..
srwxr-xr-x  1 shardulr fnalgrid    0 Jun 22 20:19 .docker_sock
-rw-r--r--  1 shardulr fnalgrid  113 Jun 22 20:19 _condor_stderr
drwx------  7 shardulr fnalgrid 4.0K Jun 22 20:19 .
drwxr-xr-x 17 shardulr fnalgrid 4.0K Jun 22 20:19 CMSSW_10_6_19_patch2
-rw-r--r--  1 shardulr fnalgrid  453 Jun 22 20:19 _condor_stdout
/storage/local/data1/condor/execute/dir_50328/CMSSW_10_6_19_patch2 is the CMSSW we created on the local worker node
Running over Data2018 files
Blinding data, only using CR cuts (0 loose b's)
Using UL 2018 campaign working points
Pre-select 29472 entries out of 861656 (3.42%)
Processed    10000/   29472 entries, 33.93% (elapsed time   234.0s, curr speed    0.043 kHz, avg speed    0.043 kHz), accepted     1447/   10001 events (14.47%)
Processed    20000/   29472 entries, 67.86% (elapsed time   430.1s, curr speed    0.051 kHz, avg speed    0.046 kHz), accepted     3107/   20001 events (15.53%)
Processed 29472 preselected entries from root://cmsxrootd.fnal.gov//store/data/Run2018A/JetHT/NANOAOD/UL2018_MiniAODv2_NanoAODv9-v2/250000/E1EA8B0B-59A9-8644-A2DC-037352F9B5C2.root (861656 entries). Finally selected 4573 entries
Total time 724.7 sec. to process 861656 events. Rate = 1189.0 Hz.
Running pwd:
/storage/local/data1/condor/execute/dir_50328
Running ls -alrth:
total 172K
-rw-r--r--  1 shardulr fnalgrid  13K Jun 22 20:19 .machine.ad
-rw-r--r--  1 shardulr fnalgrid 5.0K Jun 22 20:19 .job.ad
-rwx------  1 shardulr fnalgrid   49 Jun 22 20:19 .chirp.config
-rw-------  1 shardulr fnalgrid  11K Jun 22 20:19 x509up
drwxr-xr-x  2 shardulr fnalgrid 4.0K Jun 22 20:19 samples
-rw-r--r--  1 shardulr fnalgrid  62K Jun 22 20:19 singleStopAnalyzer.py
-rwxr-xr-x  1 shardulr fnalgrid  704 Jun 22 20:19 condor_exec.exe
-rw-r--r--  1 shardulr fnalgrid  951 Jun 22 20:19 bJetMatcher.py
-rw-r--r--  1 shardulr fnalgrid    0 Jun 22 20:19 docker_stderror
drwxrwxrwt  3 shardulr fnalgrid 4.0K Jun 22 20:19 var
drwxrwxrwt  2 shardulr fnalgrid 4.0K Jun 22 20:19 tmp
drwxr-xr-x  3 root     root     4.0K Jun 22 20:19 ..
srwxr-xr-x  1 shardulr fnalgrid    0 Jun 22 20:19 .docker_sock
-rw-r--r--  1 shardulr fnalgrid  113 Jun 22 20:19 _condor_stderr
drwxr-xr-x 17 shardulr fnalgrid 4.0K Jun 22 20:19 CMSSW_10_6_19_patch2
drwxr-xr-x  2 shardulr fnalgrid 4.0K Jun 22 20:20 framework
-rw-r--r--  1 shardulr fnalgrid 1.7K Jun 22 20:20 bJetMatcher.pyc
drwxr-xr-x  3 shardulr fnalgrid 4.0K Jun 22 20:20 output
-rw-r--r--  1 shardulr fnalgrid  13K Jun 22 20:31 .update.ad
drwx------  8 shardulr fnalgrid 4.0K Jun 22 20:31 .
-rw-r--r--  1 shardulr fnalgrid 2.6K Jun 22 20:32 _condor_stdout
