[FERMIHTC-APPTAINER]: INFO -- No Apptainer image specified
[FERMIHTC-APPTAINER]: INFO -- Running job on the host machine

[FERMIHTC-APPTAINER]: INFO -- Running ./condor_exec.exe
Starting job on  Thu Jun 22 20:18:53 UTC 2023
Running on: Linux shardulr-32358581-20-cmswn2104.fnal.gov 3.10.0-1160.90.1.el7.x86_64 #1 SMP Thu Apr 27 13:14:20 CDT 2023 x86_64 x86_64 x86_64 GNU/Linux
System software: Scientific Linux release 7.9 (Nitrogen)
Running ls -alrth:
total 164K
-rw-r--r--  1 shardulr fnalgrid 5.0K Jun 22 20:18 .job.ad
-rw-r--r--  1 shardulr fnalgrid  14K Jun 22 20:18 .machine.ad
-rwx------  1 shardulr fnalgrid   49 Jun 22 20:18 .chirp.config
-rw-------  1 shardulr fnalgrid  11K Jun 22 20:18 x509up
drwxr-xr-x  2 shardulr fnalgrid 4.0K Jun 22 20:18 samples
drwxr-xr-x  2 shardulr fnalgrid 4.0K Jun 22 20:18 framework
-rw-r--r--  1 shardulr fnalgrid  62K Jun 22 20:18 singleStopAnalyzer.py
-rwxr-xr-x  1 shardulr fnalgrid  704 Jun 22 20:18 condor_exec.exe
-rw-r--r--  1 shardulr fnalgrid  951 Jun 22 20:18 bJetMatcher.py
-rw-r--r--  1 shardulr fnalgrid    0 Jun 22 20:18 docker_stderror
drwxrwxrwt  2 shardulr fnalgrid 4.0K Jun 22 20:18 tmp
drwxrwxrwt  3 shardulr fnalgrid 4.0K Jun 22 20:18 var
-rw-r--r--  1 shardulr fnalgrid  13K Jun 22 20:18 .update.ad
drwxr-xr-x  3 root     root     4.0K Jun 22 20:18 ..
srwxr-xr-x  1 shardulr fnalgrid    0 Jun 22 20:18 .docker_sock
-rw-r--r--  1 shardulr fnalgrid  113 Jun 22 20:18 _condor_stderr
drwx------  7 shardulr fnalgrid 4.0K Jun 22 20:18 .
drwxr-xr-x 17 shardulr fnalgrid 4.0K Jun 22 20:18 CMSSW_10_6_19_patch2
-rw-r--r--  1 shardulr fnalgrid  453 Jun 22 20:18 _condor_stdout
/storage/local/data1/condor/execute/dir_64924/CMSSW_10_6_19_patch2 is the CMSSW we created on the local worker node
Running over Data2018 files
Blinding data, only using CR cuts (0 loose b's)
Using UL 2018 campaign working points
Pre-select 55989 entries out of 1449867 (3.86%)
Processed    10000/   55989 entries, 17.86% (elapsed time   195.4s, curr speed    0.051 kHz, avg speed    0.051 kHz), accepted     1659/   10001 events (16.59%)
Processed    20000/   55989 entries, 35.72% (elapsed time   394.8s, curr speed    0.050 kHz, avg speed    0.051 kHz), accepted     3267/   20001 events (16.33%)
Processed    30000/   55989 entries, 53.58% (elapsed time   583.3s, curr speed    0.053 kHz, avg speed    0.051 kHz), accepted     4926/   30001 events (16.42%)
Processed    40000/   55989 entries, 71.44% (elapsed time   752.8s, curr speed    0.059 kHz, avg speed    0.053 kHz), accepted     6736/   40001 events (16.84%)
Processed    50000/   55989 entries, 89.30% (elapsed time   933.4s, curr speed    0.055 kHz, avg speed    0.054 kHz), accepted     8397/   50001 events (16.79%)
Processed 55989 preselected entries from root://cmsxrootd.fnal.gov//store/data/Run2018A/JetHT/NANOAOD/UL2018_MiniAODv2_NanoAODv9-v2/100000/89D54C41-1FA8-DA4C-B449-F8B37D27ECC8.root (1449867 entries). Finally selected 9329 entries
Total time 1225.0 sec. to process 1449867 events. Rate = 1183.6 Hz.
Running pwd:
/storage/local/data1/condor/execute/dir_64924
Running ls -alrth:
total 172K
-rw-r--r--  1 shardulr fnalgrid 5.0K Jun 22 20:18 .job.ad
-rw-r--r--  1 shardulr fnalgrid  14K Jun 22 20:18 .machine.ad
-rwx------  1 shardulr fnalgrid   49 Jun 22 20:18 .chirp.config
-rw-------  1 shardulr fnalgrid  11K Jun 22 20:18 x509up
drwxr-xr-x  2 shardulr fnalgrid 4.0K Jun 22 20:18 samples
-rw-r--r--  1 shardulr fnalgrid  62K Jun 22 20:18 singleStopAnalyzer.py
-rwxr-xr-x  1 shardulr fnalgrid  704 Jun 22 20:18 condor_exec.exe
-rw-r--r--  1 shardulr fnalgrid  951 Jun 22 20:18 bJetMatcher.py
-rw-r--r--  1 shardulr fnalgrid    0 Jun 22 20:18 docker_stderror
drwxrwxrwt  2 shardulr fnalgrid 4.0K Jun 22 20:18 tmp
drwxrwxrwt  3 shardulr fnalgrid 4.0K Jun 22 20:18 var
drwxr-xr-x  3 root     root     4.0K Jun 22 20:18 ..
srwxr-xr-x  1 shardulr fnalgrid    0 Jun 22 20:18 .docker_sock
-rw-r--r--  1 shardulr fnalgrid  113 Jun 22 20:18 _condor_stderr
drwxr-xr-x 17 shardulr fnalgrid 4.0K Jun 22 20:18 CMSSW_10_6_19_patch2
drwxr-xr-x  2 shardulr fnalgrid 4.0K Jun 22 20:18 framework
-rw-r--r--  1 shardulr fnalgrid 1.7K Jun 22 20:18 bJetMatcher.pyc
drwxr-xr-x  3 shardulr fnalgrid 4.0K Jun 22 20:18 output
-rw-r--r--  1 shardulr fnalgrid  13K Jun 22 20:39 .update.ad
drwx------  8 shardulr fnalgrid 4.0K Jun 22 20:39 .
-rw-r--r--  1 shardulr fnalgrid 3.1K Jun 22 20:39 _condor_stdout
