[FERMIHTC-APPTAINER]: INFO -- No Apptainer image specified
[FERMIHTC-APPTAINER]: INFO -- Running job on the host machine

[FERMIHTC-APPTAINER]: INFO -- Running ./condor_exec.exe
Starting job on  Thu Jun 22 20:22:08 UTC 2023
Running on: Linux shardulr-32358581-90-cmswn2039.fnal.gov 3.10.0-1160.90.1.el7.x86_64 #1 SMP Thu Apr 27 13:14:20 CDT 2023 x86_64 x86_64 x86_64 GNU/Linux
System software: Scientific Linux release 7.9 (Nitrogen)
Running ls -alrth:
total 164K
-rw-r--r--  1 shardulr fnalgrid 5.0K Jun 22 20:20 .job.ad
-rw-r--r--  1 shardulr fnalgrid  13K Jun 22 20:20 .machine.ad
-rwx------  1 shardulr fnalgrid   49 Jun 22 20:20 .chirp.config
-rw-------  1 shardulr fnalgrid  11K Jun 22 20:20 x509up
drwxr-xr-x  2 shardulr fnalgrid 4.0K Jun 22 20:20 samples
drwxr-xr-x  2 shardulr fnalgrid 4.0K Jun 22 20:20 framework
-rw-r--r--  1 shardulr fnalgrid  62K Jun 22 20:20 singleStopAnalyzer.py
-rwxr-xr-x  1 shardulr fnalgrid  704 Jun 22 20:20 condor_exec.exe
-rw-r--r--  1 shardulr fnalgrid  951 Jun 22 20:20 bJetMatcher.py
-rw-r--r--  1 shardulr fnalgrid    0 Jun 22 20:20 docker_stderror
drwxrwxrwt  2 shardulr fnalgrid 4.0K Jun 22 20:20 tmp
drwxrwxrwt  3 shardulr fnalgrid 4.0K Jun 22 20:20 var
drwxr-xr-x  3 root     root     4.0K Jun 22 20:21 ..
srwxr-xr-x  1 shardulr fnalgrid    0 Jun 22 20:21 .docker_sock
-rw-r--r--  1 shardulr fnalgrid  13K Jun 22 20:21 .update.ad
-rw-r--r--  1 shardulr fnalgrid  113 Jun 22 20:22 _condor_stderr
drwx------  7 shardulr fnalgrid 4.0K Jun 22 20:22 .
drwxr-xr-x 17 shardulr fnalgrid 4.0K Jun 22 20:22 CMSSW_10_6_19_patch2
-rw-r--r--  1 shardulr fnalgrid  453 Jun 22 20:22 _condor_stdout
/storage/local/data1/condor/execute/dir_36813/CMSSW_10_6_19_patch2 is the CMSSW we created on the local worker node
Running over Data2018 files
Blinding data, only using CR cuts (0 loose b's)
Using UL 2018 campaign working points
Pre-select 76268 entries out of 1811949 (4.21%)
Processed    10000/   76268 entries, 13.11% (elapsed time   168.1s, curr speed    0.059 kHz, avg speed    0.059 kHz), accepted     1591/   10001 events (15.91%)
Processed    20000/   76268 entries, 26.22% (elapsed time   329.1s, curr speed    0.062 kHz, avg speed    0.061 kHz), accepted     3256/   20001 events (16.28%)
Processed    30000/   76268 entries, 39.33% (elapsed time   487.5s, curr speed    0.063 kHz, avg speed    0.062 kHz), accepted     4931/   30001 events (16.44%)
Processed    40000/   76268 entries, 52.45% (elapsed time   654.4s, curr speed    0.060 kHz, avg speed    0.061 kHz), accepted     6557/   40001 events (16.39%)
Processed    50000/   76268 entries, 65.56% (elapsed time   823.3s, curr speed    0.059 kHz, avg speed    0.061 kHz), accepted     8073/   50001 events (16.15%)
Processed    60000/   76268 entries, 78.67% (elapsed time   986.0s, curr speed    0.061 kHz, avg speed    0.061 kHz), accepted     9704/   60001 events (16.17%)
Processed    70000/   76268 entries, 91.78% (elapsed time  1152.1s, curr speed    0.060 kHz, avg speed    0.061 kHz), accepted    11216/   70001 events (16.02%)
Processed 76268 preselected entries from root://cmsxrootd.fnal.gov//store/data/Run2018A/JetHT/NANOAOD/UL2018_MiniAODv2_NanoAODv9-v2/250000/50FCD29B-4A22-DD40-A07D-CB1B36EA1A9F.root (1811949 entries). Finally selected 12029 entries
Total time 1495.6 sec. to process 1811949 events. Rate = 1211.5 Hz.
Running pwd:
/storage/local/data1/condor/execute/dir_36813
Running ls -alrth:
total 172K
-rw-r--r--  1 shardulr fnalgrid 5.0K Jun 22 20:20 .job.ad
-rw-r--r--  1 shardulr fnalgrid  13K Jun 22 20:20 .machine.ad
-rwx------  1 shardulr fnalgrid   49 Jun 22 20:20 .chirp.config
-rw-------  1 shardulr fnalgrid  11K Jun 22 20:20 x509up
drwxr-xr-x  2 shardulr fnalgrid 4.0K Jun 22 20:20 samples
-rw-r--r--  1 shardulr fnalgrid  62K Jun 22 20:20 singleStopAnalyzer.py
-rwxr-xr-x  1 shardulr fnalgrid  704 Jun 22 20:20 condor_exec.exe
-rw-r--r--  1 shardulr fnalgrid  951 Jun 22 20:20 bJetMatcher.py
-rw-r--r--  1 shardulr fnalgrid    0 Jun 22 20:20 docker_stderror
drwxrwxrwt  2 shardulr fnalgrid 4.0K Jun 22 20:20 tmp
drwxrwxrwt  3 shardulr fnalgrid 4.0K Jun 22 20:20 var
drwxr-xr-x  3 root     root     4.0K Jun 22 20:21 ..
srwxr-xr-x  1 shardulr fnalgrid    0 Jun 22 20:21 .docker_sock
-rw-r--r--  1 shardulr fnalgrid  113 Jun 22 20:22 _condor_stderr
drwxr-xr-x 17 shardulr fnalgrid 4.0K Jun 22 20:22 CMSSW_10_6_19_patch2
drwxr-xr-x  2 shardulr fnalgrid 4.0K Jun 22 20:22 framework
-rw-r--r--  1 shardulr fnalgrid 1.7K Jun 22 20:22 bJetMatcher.pyc
drwxr-xr-x  3 shardulr fnalgrid 4.0K Jun 22 20:22 output
-rw-r--r--  1 shardulr fnalgrid  13K Jun 22 20:47 .update.ad
drwx------  8 shardulr fnalgrid 4.0K Jun 22 20:47 .
-rw-r--r--  1 shardulr fnalgrid 3.4K Jun 22 20:47 _condor_stdout
