[FERMIHTC-APPTAINER]: INFO -- No Apptainer image specified
[FERMIHTC-APPTAINER]: INFO -- Running job on the host machine

[FERMIHTC-APPTAINER]: INFO -- Running ./condor_exec.exe
Starting job on  Thu Jun 22 20:21:13 UTC 2023
Running on: Linux shardulr-32358581-107-cmswn2042.fnal.gov 3.10.0-1160.90.1.el7.x86_64 #1 SMP Thu Apr 27 13:14:20 CDT 2023 x86_64 x86_64 x86_64 GNU/Linux
System software: Scientific Linux release 7.9 (Nitrogen)
Running ls -alrth:
total 156K
-rw-r--r--  1 shardulr fnalgrid 5.0K Jun 22 20:20 .job.ad
-rw-r--r--  1 shardulr fnalgrid  12K Jun 22 20:20 .machine.ad
-rwx------  1 shardulr fnalgrid   49 Jun 22 20:20 .chirp.config
-rw-------  1 shardulr fnalgrid  11K Jun 22 20:21 x509up
drwxr-xr-x  2 shardulr fnalgrid 4.0K Jun 22 20:21 samples
drwxr-xr-x  2 shardulr fnalgrid 4.0K Jun 22 20:21 framework
-rw-r--r--  1 shardulr fnalgrid  62K Jun 22 20:21 singleStopAnalyzer.py
-rw-r--r--  1 shardulr fnalgrid  951 Jun 22 20:21 bJetMatcher.py
-rwxr-xr-x  1 shardulr fnalgrid  705 Jun 22 20:21 condor_exec.exe
-rw-r--r--  1 shardulr fnalgrid    0 Jun 22 20:21 docker_stderror
drwxrwxrwt  3 shardulr fnalgrid 4.0K Jun 22 20:21 var
drwxrwxrwt  2 shardulr fnalgrid 4.0K Jun 22 20:21 tmp
-rw-r--r--  1 shardulr fnalgrid  12K Jun 22 20:21 .update.ad
drwxr-xr-x  3 root     root     4.0K Jun 22 20:21 ..
srwxr-xr-x  1 shardulr fnalgrid    0 Jun 22 20:21 .docker_sock
-rw-r--r--  1 shardulr fnalgrid  113 Jun 22 20:21 _condor_stderr
drwx------  7 shardulr fnalgrid 4.0K Jun 22 20:21 .
drwxr-xr-x 17 shardulr fnalgrid 4.0K Jun 22 20:21 CMSSW_10_6_19_patch2
-rw-r--r--  1 shardulr fnalgrid  454 Jun 22 20:21 _condor_stdout
/storage/local/data1/condor/execute/dir_9883/CMSSW_10_6_19_patch2 is the CMSSW we created on the local worker node
Running over Data2018 files
Blinding data, only using CR cuts (0 loose b's)
Using UL 2018 campaign working points
Pre-select 48065 entries out of 1211476 (3.97%)
Processed    10000/   48065 entries, 20.81% (elapsed time   192.7s, curr speed    0.052 kHz, avg speed    0.052 kHz), accepted     1578/   10001 events (15.78%)
Processed    20000/   48065 entries, 41.61% (elapsed time   344.3s, curr speed    0.066 kHz, avg speed    0.058 kHz), accepted     3211/   20001 events (16.05%)
Processed    30000/   48065 entries, 62.42% (elapsed time   492.9s, curr speed    0.067 kHz, avg speed    0.061 kHz), accepted     4897/   30001 events (16.32%)
Processed    40000/   48065 entries, 83.22% (elapsed time   644.2s, curr speed    0.066 kHz, avg speed    0.062 kHz), accepted     6533/   40001 events (16.33%)
Processed 48065 preselected entries from root://cmsxrootd.fnal.gov//store/data/Run2018A/JetHT/NANOAOD/UL2018_MiniAODv2_NanoAODv9-v2/250000/91B7C6BF-76D9-EB46-B8DB-AA3BBA1E4C6A.root (1211476 entries). Finally selected 7961 entries
Total time 891.3 sec. to process 1211476 events. Rate = 1359.3 Hz.
Running pwd:
/storage/local/data1/condor/execute/dir_9883
Running ls -alrth:
total 164K
-rw-r--r--  1 shardulr fnalgrid 5.0K Jun 22 20:20 .job.ad
-rw-r--r--  1 shardulr fnalgrid  12K Jun 22 20:20 .machine.ad
-rwx------  1 shardulr fnalgrid   49 Jun 22 20:20 .chirp.config
-rw-------  1 shardulr fnalgrid  11K Jun 22 20:21 x509up
drwxr-xr-x  2 shardulr fnalgrid 4.0K Jun 22 20:21 samples
-rw-r--r--  1 shardulr fnalgrid  62K Jun 22 20:21 singleStopAnalyzer.py
-rw-r--r--  1 shardulr fnalgrid  951 Jun 22 20:21 bJetMatcher.py
-rwxr-xr-x  1 shardulr fnalgrid  705 Jun 22 20:21 condor_exec.exe
-rw-r--r--  1 shardulr fnalgrid    0 Jun 22 20:21 docker_stderror
drwxrwxrwt  3 shardulr fnalgrid 4.0K Jun 22 20:21 var
drwxrwxrwt  2 shardulr fnalgrid 4.0K Jun 22 20:21 tmp
drwxr-xr-x  3 root     root     4.0K Jun 22 20:21 ..
srwxr-xr-x  1 shardulr fnalgrid    0 Jun 22 20:21 .docker_sock
-rw-r--r--  1 shardulr fnalgrid  113 Jun 22 20:21 _condor_stderr
drwxr-xr-x 17 shardulr fnalgrid 4.0K Jun 22 20:21 CMSSW_10_6_19_patch2
drwxr-xr-x  2 shardulr fnalgrid 4.0K Jun 22 20:21 framework
-rw-r--r--  1 shardulr fnalgrid 1.7K Jun 22 20:21 bJetMatcher.pyc
drwxr-xr-x  3 shardulr fnalgrid 4.0K Jun 22 20:21 output
-rw-r--r--  1 shardulr fnalgrid  11K Jun 22 20:36 .update.ad
drwx------  8 shardulr fnalgrid 4.0K Jun 22 20:36 .
-rw-r--r--  1 shardulr fnalgrid 2.9K Jun 22 20:36 _condor_stdout
