[FERMIHTC-APPTAINER]: INFO -- No Apptainer image specified
[FERMIHTC-APPTAINER]: INFO -- Running job on the host machine

[FERMIHTC-APPTAINER]: INFO -- Running ./condor_exec.exe
Starting job on  Thu Jun 22 20:26:23 UTC 2023
Running on: Linux shardulr-32358581-465-cmswn2071.fnal.gov 3.10.0-1160.90.1.el7.x86_64 #1 SMP Thu Apr 27 13:14:20 CDT 2023 x86_64 x86_64 x86_64 GNU/Linux
System software: Scientific Linux release 7.9 (Nitrogen)
Running ls -alrth:
total 164K
-rw-r--r--  1 shardulr fnalgrid 5.0K Jun 22 20:23 .job.ad
-rw-r--r--  1 shardulr fnalgrid  14K Jun 22 20:23 .machine.ad
-rwx------  1 shardulr fnalgrid   49 Jun 22 20:23 .chirp.config
-rw-------  1 shardulr fnalgrid  11K Jun 22 20:24 x509up
drwxr-xr-x  2 shardulr fnalgrid 4.0K Jun 22 20:24 samples
drwxr-xr-x  2 shardulr fnalgrid 4.0K Jun 22 20:24 framework
-rw-r--r--  1 shardulr fnalgrid  62K Jun 22 20:24 singleStopAnalyzer.py
-rwxr-xr-x  1 shardulr fnalgrid  705 Jun 22 20:24 condor_exec.exe
-rw-r--r--  1 shardulr fnalgrid  951 Jun 22 20:24 bJetMatcher.py
-rw-r--r--  1 shardulr fnalgrid    0 Jun 22 20:24 docker_stderror
drwxrwxrwt  2 shardulr fnalgrid 4.0K Jun 22 20:24 tmp
drwxrwxrwt  3 shardulr fnalgrid 4.0K Jun 22 20:24 var
drwxr-xr-x  3 root     root     4.0K Jun 22 20:25 ..
srwxr-xr-x  1 shardulr fnalgrid    0 Jun 22 20:25 .docker_sock
-rw-r--r--  1 shardulr fnalgrid  13K Jun 22 20:26 .update.ad
-rw-r--r--  1 shardulr fnalgrid  113 Jun 22 20:26 _condor_stderr
drwx------  7 shardulr fnalgrid 4.0K Jun 22 20:26 .
drwxr-xr-x 17 shardulr fnalgrid 4.0K Jun 22 20:26 CMSSW_10_6_19_patch2
-rw-r--r--  1 shardulr fnalgrid  454 Jun 22 20:26 _condor_stdout
/storage/local/data1/condor/execute/dir_58331/CMSSW_10_6_19_patch2 is the CMSSW we created on the local worker node
Running over Data2018 files
Blinding data, only using CR cuts (0 loose b's)
Using UL 2018 campaign working points
Pre-select 56824 entries out of 1434406 (3.96%)
Processed    10000/   56824 entries, 17.60% (elapsed time    41.6s, curr speed    0.240 kHz, avg speed    0.240 kHz), accepted     1386/   10001 events (13.86%)
Processed    20000/   56824 entries, 35.20% (elapsed time    85.0s, curr speed    0.230 kHz, avg speed    0.235 kHz), accepted     2880/   20001 events (14.40%)
Processed    30000/   56824 entries, 52.79% (elapsed time   126.5s, curr speed    0.241 kHz, avg speed    0.237 kHz), accepted     4550/   30001 events (15.17%)
Processed    40000/   56824 entries, 70.39% (elapsed time   167.8s, curr speed    0.242 kHz, avg speed    0.238 kHz), accepted     6241/   40001 events (15.60%)
Processed    50000/   56824 entries, 87.99% (elapsed time   210.4s, curr speed    0.235 kHz, avg speed    0.238 kHz), accepted     7861/   50001 events (15.72%)
Processed 56824 preselected entries from root://cmsxrootd.fnal.gov//store/data/Run2018D/JetHT/NANOAOD/UL2018_MiniAODv2_NanoAODv9-v2/2430000/65B3EBE2-E764-F841-AD87-209231C56F72.root (1434406 entries). Finally selected 8983 entries
Total time 264.2 sec. to process 1434406 events. Rate = 5430.0 Hz.
Running pwd:
/storage/local/data1/condor/execute/dir_58331
Running ls -alrth:
total 172K
-rw-r--r--  1 shardulr fnalgrid 5.0K Jun 22 20:23 .job.ad
-rw-r--r--  1 shardulr fnalgrid  14K Jun 22 20:23 .machine.ad
-rwx------  1 shardulr fnalgrid   49 Jun 22 20:23 .chirp.config
-rw-------  1 shardulr fnalgrid  11K Jun 22 20:24 x509up
drwxr-xr-x  2 shardulr fnalgrid 4.0K Jun 22 20:24 samples
-rw-r--r--  1 shardulr fnalgrid  62K Jun 22 20:24 singleStopAnalyzer.py
-rwxr-xr-x  1 shardulr fnalgrid  705 Jun 22 20:24 condor_exec.exe
-rw-r--r--  1 shardulr fnalgrid  951 Jun 22 20:24 bJetMatcher.py
-rw-r--r--  1 shardulr fnalgrid    0 Jun 22 20:24 docker_stderror
drwxrwxrwt  2 shardulr fnalgrid 4.0K Jun 22 20:24 tmp
drwxrwxrwt  3 shardulr fnalgrid 4.0K Jun 22 20:24 var
drwxr-xr-x  3 root     root     4.0K Jun 22 20:25 ..
srwxr-xr-x  1 shardulr fnalgrid    0 Jun 22 20:25 .docker_sock
-rw-r--r--  1 shardulr fnalgrid  113 Jun 22 20:26 _condor_stderr
drwxr-xr-x 17 shardulr fnalgrid 4.0K Jun 22 20:26 CMSSW_10_6_19_patch2
drwxr-xr-x  2 shardulr fnalgrid 4.0K Jun 22 20:26 framework
-rw-r--r--  1 shardulr fnalgrid 1.7K Jun 22 20:26 bJetMatcher.pyc
drwxr-xr-x  3 shardulr fnalgrid 4.0K Jun 22 20:26 output
-rw-r--r--  1 shardulr fnalgrid  13K Jun 22 20:30 .update.ad
drwx------  8 shardulr fnalgrid 4.0K Jun 22 20:30 .
-rw-r--r--  1 shardulr fnalgrid 3.1K Jun 22 20:31 _condor_stdout
