[FERMIHTC-APPTAINER]: INFO -- No Apptainer image specified
[FERMIHTC-APPTAINER]: INFO -- Running job on the host machine

[FERMIHTC-APPTAINER]: INFO -- Running ./condor_exec.exe
Starting job on  Thu Jun 22 20:25:08 UTC 2023
Running on: Linux shardulr-32358581-460-cmswn2097.fnal.gov 3.10.0-1160.90.1.el7.x86_64 #1 SMP Thu Apr 27 13:14:20 CDT 2023 x86_64 x86_64 x86_64 GNU/Linux
System software: Scientific Linux release 7.9 (Nitrogen)
Running ls -alrth:
total 164K
-rw-r--r--  1 shardulr fnalgrid 5.0K Jun 22 20:23 .job.ad
-rw-r--r--  1 shardulr fnalgrid  13K Jun 22 20:23 .machine.ad
-rwx------  1 shardulr fnalgrid   49 Jun 22 20:23 .chirp.config
-rw-------  1 shardulr fnalgrid  11K Jun 22 20:23 x509up
drwxr-xr-x  2 shardulr fnalgrid 4.0K Jun 22 20:23 samples
drwxr-xr-x  2 shardulr fnalgrid 4.0K Jun 22 20:23 framework
-rw-r--r--  1 shardulr fnalgrid  62K Jun 22 20:23 singleStopAnalyzer.py
-rwxr-xr-x  1 shardulr fnalgrid  705 Jun 22 20:23 condor_exec.exe
-rw-r--r--  1 shardulr fnalgrid  951 Jun 22 20:23 bJetMatcher.py
-rw-r--r--  1 shardulr fnalgrid    0 Jun 22 20:23 docker_stderror
drwxrwxrwt  2 shardulr fnalgrid 4.0K Jun 22 20:23 tmp
drwxrwxrwt  3 shardulr fnalgrid 4.0K Jun 22 20:23 var
-rw-r--r--  1 shardulr fnalgrid  13K Jun 22 20:24 .update.ad
drwxr-xr-x  3 root     root     4.0K Jun 22 20:24 ..
srwxr-xr-x  1 shardulr fnalgrid    0 Jun 22 20:24 .docker_sock
-rw-r--r--  1 shardulr fnalgrid  113 Jun 22 20:25 _condor_stderr
drwx------  7 shardulr fnalgrid 4.0K Jun 22 20:25 .
drwxr-xr-x 17 shardulr fnalgrid 4.0K Jun 22 20:25 CMSSW_10_6_19_patch2
-rw-r--r--  1 shardulr fnalgrid  454 Jun 22 20:25 _condor_stdout
/storage/local/data1/condor/execute/dir_14341/CMSSW_10_6_19_patch2 is the CMSSW we created on the local worker node
Running over Data2018 files
Blinding data, only using CR cuts (0 loose b's)
Using UL 2018 campaign working points
Pre-select 86655 entries out of 2048552 (4.23%)
Processed    10000/   86655 entries, 11.54% (elapsed time    27.4s, curr speed    0.365 kHz, avg speed    0.365 kHz), accepted     1871/   10001 events (18.71%)
Processed    20000/   86655 entries, 23.08% (elapsed time    57.0s, curr speed    0.338 kHz, avg speed    0.351 kHz), accepted     3705/   20001 events (18.52%)
Processed    30000/   86655 entries, 34.62% (elapsed time    83.2s, curr speed    0.382 kHz, avg speed    0.361 kHz), accepted     5558/   30001 events (18.53%)
Processed    40000/   86655 entries, 46.16% (elapsed time   109.1s, curr speed    0.386 kHz, avg speed    0.367 kHz), accepted     7425/   40001 events (18.56%)
Processed    50000/   86655 entries, 57.70% (elapsed time   134.5s, curr speed    0.393 kHz, avg speed    0.372 kHz), accepted     9203/   50001 events (18.41%)
Processed    60000/   86655 entries, 69.24% (elapsed time   159.6s, curr speed    0.399 kHz, avg speed    0.376 kHz), accepted    10855/   60001 events (18.09%)
Processed    70000/   86655 entries, 80.78% (elapsed time   184.4s, curr speed    0.402 kHz, avg speed    0.380 kHz), accepted    12486/   70001 events (17.84%)
Processed    80000/   86655 entries, 92.32% (elapsed time   209.5s, curr speed    0.399 kHz, avg speed    0.382 kHz), accepted    14069/   80001 events (17.59%)
Processed 86655 preselected entries from root://cmsxrootd.fnal.gov//store/data/Run2018D/JetHT/NANOAOD/UL2018_MiniAODv2_NanoAODv9-v2/2430000/7196BC3A-D390-1C46-A8A2-9D0886755CD0.root (2048552 entries). Finally selected 15220 entries
Total time 242.7 sec. to process 2048552 events. Rate = 8440.9 Hz.
Running pwd:
/storage/local/data1/condor/execute/dir_14341
Running ls -alrth:
total 172K
-rw-r--r--  1 shardulr fnalgrid 5.0K Jun 22 20:23 .job.ad
-rw-r--r--  1 shardulr fnalgrid  13K Jun 22 20:23 .machine.ad
-rwx------  1 shardulr fnalgrid   49 Jun 22 20:23 .chirp.config
-rw-------  1 shardulr fnalgrid  11K Jun 22 20:23 x509up
drwxr-xr-x  2 shardulr fnalgrid 4.0K Jun 22 20:23 samples
-rw-r--r--  1 shardulr fnalgrid  62K Jun 22 20:23 singleStopAnalyzer.py
-rwxr-xr-x  1 shardulr fnalgrid  705 Jun 22 20:23 condor_exec.exe
-rw-r--r--  1 shardulr fnalgrid  951 Jun 22 20:23 bJetMatcher.py
-rw-r--r--  1 shardulr fnalgrid    0 Jun 22 20:23 docker_stderror
drwxrwxrwt  2 shardulr fnalgrid 4.0K Jun 22 20:23 tmp
drwxrwxrwt  3 shardulr fnalgrid 4.0K Jun 22 20:23 var
drwxr-xr-x  3 root     root     4.0K Jun 22 20:24 ..
srwxr-xr-x  1 shardulr fnalgrid    0 Jun 22 20:24 .docker_sock
drwxr-xr-x 17 shardulr fnalgrid 4.0K Jun 22 20:25 CMSSW_10_6_19_patch2
drwxr-xr-x  2 shardulr fnalgrid 4.0K Jun 22 20:25 framework
-rw-r--r--  1 shardulr fnalgrid 1.7K Jun 22 20:25 bJetMatcher.pyc
drwxr-xr-x  3 shardulr fnalgrid 4.0K Jun 22 20:25 output
-rw-r--r--  1 shardulr fnalgrid  215 Jun 22 20:25 _condor_stderr
-rw-r--r--  1 shardulr fnalgrid  13K Jun 22 20:29 .update.ad
drwx------  8 shardulr fnalgrid 4.0K Jun 22 20:29 .
-rw-r--r--  1 shardulr fnalgrid 3.5K Jun 22 20:29 _condor_stdout
