[FERMIHTC-APPTAINER]: INFO -- No Apptainer image specified
[FERMIHTC-APPTAINER]: INFO -- Running job on the host machine

[FERMIHTC-APPTAINER]: INFO -- Running ./condor_exec.exe
Starting job on  Thu Jun 22 20:20:54 UTC 2023
Running on: Linux shardulr-32358581-153-cmswn2020.fnal.gov 3.10.0-1160.90.1.el7.x86_64 #1 SMP Thu Apr 27 13:14:20 CDT 2023 x86_64 x86_64 x86_64 GNU/Linux
System software: Scientific Linux release 7.9 (Nitrogen)
Running ls -alrth:
total 156K
-rw-r--r--  1 shardulr fnalgrid  12K Jun 22 20:20 .machine.ad
-rw-r--r--  1 shardulr fnalgrid 5.0K Jun 22 20:20 .job.ad
-rwx------  1 shardulr fnalgrid   49 Jun 22 20:20 .chirp.config
-rw-------  1 shardulr fnalgrid  11K Jun 22 20:20 x509up
drwxr-xr-x  2 shardulr fnalgrid 4.0K Jun 22 20:20 samples
drwxr-xr-x  2 shardulr fnalgrid 4.0K Jun 22 20:20 framework
-rw-r--r--  1 shardulr fnalgrid  62K Jun 22 20:20 singleStopAnalyzer.py
-rwxr-xr-x  1 shardulr fnalgrid  705 Jun 22 20:20 condor_exec.exe
-rw-r--r--  1 shardulr fnalgrid  951 Jun 22 20:20 bJetMatcher.py
-rw-r--r--  1 shardulr fnalgrid    0 Jun 22 20:20 docker_stderror
drwxrwxrwt  3 shardulr fnalgrid 4.0K Jun 22 20:20 var
drwxrwxrwt  2 shardulr fnalgrid 4.0K Jun 22 20:20 tmp
-rw-r--r--  1 shardulr fnalgrid  12K Jun 22 20:20 .update.ad
drwxr-xr-x  3 root     root     4.0K Jun 22 20:20 ..
srwxr-xr-x  1 shardulr fnalgrid    0 Jun 22 20:20 .docker_sock
-rw-r--r--  1 shardulr fnalgrid  113 Jun 22 20:20 _condor_stderr
drwx------  7 shardulr fnalgrid 4.0K Jun 22 20:20 .
drwxr-xr-x 17 shardulr fnalgrid 4.0K Jun 22 20:20 CMSSW_10_6_19_patch2
-rw-r--r--  1 shardulr fnalgrid  454 Jun 22 20:20 _condor_stdout
/storage/local/data1/condor/execute/dir_25610/CMSSW_10_6_19_patch2 is the CMSSW we created on the local worker node
Running over Data2018 files
Blinding data, only using CR cuts (0 loose b's)
Using UL 2018 campaign working points
Pre-select 88520 entries out of 2150959 (4.12%)
Processed    10000/   88520 entries, 11.30% (elapsed time    70.0s, curr speed    0.143 kHz, avg speed    0.143 kHz), accepted     1516/   10001 events (15.16%)
Processed    20000/   88520 entries, 22.59% (elapsed time   133.6s, curr speed    0.157 kHz, avg speed    0.150 kHz), accepted     3187/   20001 events (15.93%)
Processed    30000/   88520 entries, 33.89% (elapsed time   194.2s, curr speed    0.165 kHz, avg speed    0.154 kHz), accepted     5018/   30001 events (16.73%)
Processed    40000/   88520 entries, 45.19% (elapsed time   262.0s, curr speed    0.148 kHz, avg speed    0.153 kHz), accepted     6635/   40001 events (16.59%)
Processed    50000/   88520 entries, 56.48% (elapsed time   325.7s, curr speed    0.157 kHz, avg speed    0.154 kHz), accepted     8490/   50001 events (16.98%)
Processed    60000/   88520 entries, 67.78% (elapsed time   396.7s, curr speed    0.141 kHz, avg speed    0.151 kHz), accepted     9793/   60001 events (16.32%)
Processed    70000/   88520 entries, 79.08% (elapsed time   466.3s, curr speed    0.144 kHz, avg speed    0.150 kHz), accepted    11305/   70001 events (16.15%)
Processed    80000/   88520 entries, 90.38% (elapsed time   534.0s, curr speed    0.148 kHz, avg speed    0.150 kHz), accepted    13106/   80001 events (16.38%)
Processed 88520 preselected entries from root://cmsxrootd.fnal.gov//store/data/Run2018B/JetHT/NANOAOD/UL2018_MiniAODv2_NanoAODv9-v1/120000/8AA2E936-4316-2846-B1F1-AEF210BCC90E.root (2150959 entries). Finally selected 14532 entries
Total time 665.5 sec. to process 2150959 events. Rate = 3232.2 Hz.
Running pwd:
/storage/local/data1/condor/execute/dir_25610
Running ls -alrth:
total 168K
-rw-r--r--  1 shardulr fnalgrid  12K Jun 22 20:20 .machine.ad
-rw-r--r--  1 shardulr fnalgrid 5.0K Jun 22 20:20 .job.ad
-rwx------  1 shardulr fnalgrid   49 Jun 22 20:20 .chirp.config
-rw-------  1 shardulr fnalgrid  11K Jun 22 20:20 x509up
drwxr-xr-x  2 shardulr fnalgrid 4.0K Jun 22 20:20 samples
-rw-r--r--  1 shardulr fnalgrid  62K Jun 22 20:20 singleStopAnalyzer.py
-rwxr-xr-x  1 shardulr fnalgrid  705 Jun 22 20:20 condor_exec.exe
-rw-r--r--  1 shardulr fnalgrid  951 Jun 22 20:20 bJetMatcher.py
-rw-r--r--  1 shardulr fnalgrid    0 Jun 22 20:20 docker_stderror
drwxrwxrwt  3 shardulr fnalgrid 4.0K Jun 22 20:20 var
drwxrwxrwt  2 shardulr fnalgrid 4.0K Jun 22 20:20 tmp
drwxr-xr-x  3 root     root     4.0K Jun 22 20:20 ..
srwxr-xr-x  1 shardulr fnalgrid    0 Jun 22 20:20 .docker_sock
-rw-r--r--  1 shardulr fnalgrid  113 Jun 22 20:20 _condor_stderr
drwxr-xr-x 17 shardulr fnalgrid 4.0K Jun 22 20:20 CMSSW_10_6_19_patch2
drwxr-xr-x  2 shardulr fnalgrid 4.0K Jun 22 20:21 framework
-rw-r--r--  1 shardulr fnalgrid 1.7K Jun 22 20:21 bJetMatcher.pyc
drwxr-xr-x  3 shardulr fnalgrid 4.0K Jun 22 20:21 output
-rw-r--r--  1 shardulr fnalgrid  13K Jun 22 20:29 .update.ad
drwx------  8 shardulr fnalgrid 4.0K Jun 22 20:29 .
-rw-r--r--  1 shardulr fnalgrid 3.5K Jun 22 20:32 _condor_stdout
