[FERMIHTC-APPTAINER]: INFO -- No Apptainer image specified
[FERMIHTC-APPTAINER]: INFO -- Running job on the host machine

[FERMIHTC-APPTAINER]: INFO -- Running ./condor_exec.exe
Starting job on  Thu Jun 22 20:20:40 UTC 2023
Running on: Linux shardulr-32358581-182-cmswn2080.fnal.gov 3.10.0-1160.90.1.el7.x86_64 #1 SMP Thu Apr 27 13:14:20 CDT 2023 x86_64 x86_64 x86_64 GNU/Linux
System software: Scientific Linux release 7.9 (Nitrogen)
Running ls -alrth:
total 156K
-rw-r--r--  1 shardulr fnalgrid 5.0K Jun 22 20:20 .job.ad
-rw-r--r--  1 shardulr fnalgrid  11K Jun 22 20:20 .machine.ad
-rwx------  1 shardulr fnalgrid   49 Jun 22 20:20 .chirp.config
-rw-------  1 shardulr fnalgrid  11K Jun 22 20:20 x509up
drwxr-xr-x  2 shardulr fnalgrid 4.0K Jun 22 20:20 samples
drwxr-xr-x  2 shardulr fnalgrid 4.0K Jun 22 20:20 framework
-rw-r--r--  1 shardulr fnalgrid  62K Jun 22 20:20 singleStopAnalyzer.py
-rwxr-xr-x  1 shardulr fnalgrid  705 Jun 22 20:20 condor_exec.exe
-rw-r--r--  1 shardulr fnalgrid  951 Jun 22 20:20 bJetMatcher.py
-rw-r--r--  1 shardulr fnalgrid    0 Jun 22 20:20 docker_stderror
drwxrwxrwt  3 shardulr fnalgrid 4.0K Jun 22 20:20 var
drwxrwxrwt  2 shardulr fnalgrid 4.0K Jun 22 20:20 tmp
-rw-r--r--  1 shardulr fnalgrid  11K Jun 22 20:20 .update.ad
drwxr-xr-x  3 root     root     4.0K Jun 22 20:20 ..
srwxr-xr-x  1 shardulr fnalgrid    0 Jun 22 20:20 .docker_sock
-rw-r--r--  1 shardulr fnalgrid  113 Jun 22 20:20 _condor_stderr
drwx------  7 shardulr fnalgrid 4.0K Jun 22 20:20 .
drwxr-xr-x 17 shardulr fnalgrid 4.0K Jun 22 20:20 CMSSW_10_6_19_patch2
-rw-r--r--  1 shardulr fnalgrid  454 Jun 22 20:20 _condor_stdout
/storage/local/data1/condor/execute/dir_46551/CMSSW_10_6_19_patch2 is the CMSSW we created on the local worker node
Running over Data2018 files
Blinding data, only using CR cuts (0 loose b's)
Using UL 2018 campaign working points
Pre-select 88217 entries out of 2222407 (3.97%)
Processed    10000/   88217 entries, 11.34% (elapsed time    68.5s, curr speed    0.146 kHz, avg speed    0.146 kHz), accepted     1637/   10001 events (16.37%)
Processed    20000/   88217 entries, 22.67% (elapsed time   132.9s, curr speed    0.155 kHz, avg speed    0.150 kHz), accepted     3256/   20001 events (16.28%)
Processed    30000/   88217 entries, 34.01% (elapsed time   196.9s, curr speed    0.156 kHz, avg speed    0.152 kHz), accepted     4833/   30001 events (16.11%)
Processed    40000/   88217 entries, 45.34% (elapsed time   267.0s, curr speed    0.143 kHz, avg speed    0.150 kHz), accepted     6506/   40001 events (16.26%)
Processed    50000/   88217 entries, 56.68% (elapsed time   336.4s, curr speed    0.144 kHz, avg speed    0.149 kHz), accepted     8113/   50001 events (16.23%)
Processed    60000/   88217 entries, 68.01% (elapsed time   408.7s, curr speed    0.138 kHz, avg speed    0.147 kHz), accepted     9542/   60001 events (15.90%)
Processed    70000/   88217 entries, 79.35% (elapsed time   481.6s, curr speed    0.137 kHz, avg speed    0.145 kHz), accepted    11064/   70001 events (15.81%)
Processed    80000/   88217 entries, 90.69% (elapsed time   555.2s, curr speed    0.136 kHz, avg speed    0.144 kHz), accepted    12471/   80001 events (15.59%)
Processed 88217 preselected entries from root://cmsxrootd.fnal.gov//store/data/Run2018B/JetHT/NANOAOD/UL2018_MiniAODv2_NanoAODv9-v1/120000/F94577DA-A523-C54B-9589-605BCE5F8331.root (2222407 entries). Finally selected 13875 entries
Total time 694.2 sec. to process 2222407 events. Rate = 3201.4 Hz.
Running pwd:
/storage/local/data1/condor/execute/dir_46551
Running ls -alrth:
total 164K
-rw-r--r--  1 shardulr fnalgrid 5.0K Jun 22 20:20 .job.ad
-rw-r--r--  1 shardulr fnalgrid  11K Jun 22 20:20 .machine.ad
-rwx------  1 shardulr fnalgrid   49 Jun 22 20:20 .chirp.config
-rw-------  1 shardulr fnalgrid  11K Jun 22 20:20 x509up
drwxr-xr-x  2 shardulr fnalgrid 4.0K Jun 22 20:20 samples
-rw-r--r--  1 shardulr fnalgrid  62K Jun 22 20:20 singleStopAnalyzer.py
-rwxr-xr-x  1 shardulr fnalgrid  705 Jun 22 20:20 condor_exec.exe
-rw-r--r--  1 shardulr fnalgrid  951 Jun 22 20:20 bJetMatcher.py
-rw-r--r--  1 shardulr fnalgrid    0 Jun 22 20:20 docker_stderror
drwxrwxrwt  3 shardulr fnalgrid 4.0K Jun 22 20:20 var
drwxrwxrwt  2 shardulr fnalgrid 4.0K Jun 22 20:20 tmp
drwxr-xr-x  3 root     root     4.0K Jun 22 20:20 ..
srwxr-xr-x  1 shardulr fnalgrid    0 Jun 22 20:20 .docker_sock
-rw-r--r--  1 shardulr fnalgrid  113 Jun 22 20:20 _condor_stderr
drwxr-xr-x 17 shardulr fnalgrid 4.0K Jun 22 20:20 CMSSW_10_6_19_patch2
drwxr-xr-x  2 shardulr fnalgrid 4.0K Jun 22 20:20 framework
-rw-r--r--  1 shardulr fnalgrid 1.7K Jun 22 20:20 bJetMatcher.pyc
drwxr-xr-x  3 shardulr fnalgrid 4.0K Jun 22 20:20 output
-rw-r--r--  1 shardulr fnalgrid  11K Jun 22 20:31 .update.ad
drwx------  8 shardulr fnalgrid 4.0K Jun 22 20:31 .
-rw-r--r--  1 shardulr fnalgrid 3.5K Jun 22 20:32 _condor_stdout
