[FERMIHTC-APPTAINER]: INFO -- No Apptainer image specified
[FERMIHTC-APPTAINER]: INFO -- Running job on the host machine

[FERMIHTC-APPTAINER]: INFO -- Running ./condor_exec.exe
Starting job on  Thu Jun 22 20:22:41 UTC 2023
Running on: Linux shardulr-32358581-397-cmswn2080.fnal.gov 3.10.0-1160.90.1.el7.x86_64 #1 SMP Thu Apr 27 13:14:20 CDT 2023 x86_64 x86_64 x86_64 GNU/Linux
System software: Scientific Linux release 7.9 (Nitrogen)
Running ls -alrth:
total 156K
-rw-r--r--  1 shardulr fnalgrid 5.0K Jun 22 20:22 .job.ad
-rw-r--r--  1 shardulr fnalgrid  12K Jun 22 20:22 .machine.ad
-rwx------  1 shardulr fnalgrid   49 Jun 22 20:22 .chirp.config
-rw-------  1 shardulr fnalgrid  11K Jun 22 20:22 x509up
drwxr-xr-x  2 shardulr fnalgrid 4.0K Jun 22 20:22 samples
-rw-r--r--  1 shardulr fnalgrid  62K Jun 22 20:22 singleStopAnalyzer.py
drwxr-xr-x  2 shardulr fnalgrid 4.0K Jun 22 20:22 framework
-rwxr-xr-x  1 shardulr fnalgrid  705 Jun 22 20:22 condor_exec.exe
-rw-r--r--  1 shardulr fnalgrid  951 Jun 22 20:22 bJetMatcher.py
-rw-r--r--  1 shardulr fnalgrid    0 Jun 22 20:22 docker_stderror
drwxrwxrwt  3 shardulr fnalgrid 4.0K Jun 22 20:22 var
drwxrwxrwt  2 shardulr fnalgrid 4.0K Jun 22 20:22 tmp
drwxr-xr-x  3 root     root     4.0K Jun 22 20:22 ..
srwxr-xr-x  1 shardulr fnalgrid    0 Jun 22 20:22 .docker_sock
-rw-r--r--  1 shardulr fnalgrid  113 Jun 22 20:22 _condor_stderr
drwxr-xr-x 17 shardulr fnalgrid 4.0K Jun 22 20:22 CMSSW_10_6_19_patch2
-rw-r--r--  1 shardulr fnalgrid  11K Jun 22 20:22 .update.ad
drwx------  7 shardulr fnalgrid 4.0K Jun 22 20:22 .
-rw-r--r--  1 shardulr fnalgrid  454 Jun 22 20:22 _condor_stdout
/storage/local/data1/condor/execute/dir_49106/CMSSW_10_6_19_patch2 is the CMSSW we created on the local worker node
Running over Data2018 files
Blinding data, only using CR cuts (0 loose b's)
Using UL 2018 campaign working points
Pre-select 94667 entries out of 2164196 (4.37%)
Processed    10000/   94667 entries, 10.56% (elapsed time    28.5s, curr speed    0.350 kHz, avg speed    0.350 kHz), accepted     1796/   10001 events (17.96%)
Processed    20000/   94667 entries, 21.13% (elapsed time    55.9s, curr speed    0.366 kHz, avg speed    0.358 kHz), accepted     3396/   20001 events (16.98%)
Processed    30000/   94667 entries, 31.69% (elapsed time    81.1s, curr speed    0.397 kHz, avg speed    0.370 kHz), accepted     4907/   30001 events (16.36%)
Processed    40000/   94667 entries, 42.25% (elapsed time    97.8s, curr speed    0.596 kHz, avg speed    0.409 kHz), accepted     5647/   40001 events (14.12%)
Processed    50000/   94667 entries, 52.82% (elapsed time   125.6s, curr speed    0.360 kHz, avg speed    0.398 kHz), accepted     7418/   50001 events (14.84%)
Processed    60000/   94667 entries, 63.38% (elapsed time   153.6s, curr speed    0.357 kHz, avg speed    0.391 kHz), accepted     9063/   60001 events (15.10%)
Processed    70000/   94667 entries, 73.94% (elapsed time   181.1s, curr speed    0.364 kHz, avg speed    0.386 kHz), accepted    10635/   70001 events (15.19%)
Processed    80000/   94667 entries, 84.51% (elapsed time   208.5s, curr speed    0.366 kHz, avg speed    0.384 kHz), accepted    12226/   80001 events (15.28%)
Processed    90000/   94667 entries, 95.07% (elapsed time   237.0s, curr speed    0.351 kHz, avg speed    0.380 kHz), accepted    13994/   90001 events (15.55%)
Processed 94667 preselected entries from root://cmsxrootd.fnal.gov//store/data/Run2018D/JetHT/NANOAOD/UL2018_MiniAODv2_NanoAODv9-v2/2810000/97269B9E-2CB2-4841-A58B-EE35E0EF9165.root (2164196 entries). Finally selected 14917 entries
Total time 261.3 sec. to process 2164196 events. Rate = 8281.4 Hz.
Running pwd:
/storage/local/data1/condor/execute/dir_49106
Running ls -alrth:
total 164K
-rw-r--r--  1 shardulr fnalgrid 5.0K Jun 22 20:22 .job.ad
-rw-r--r--  1 shardulr fnalgrid  12K Jun 22 20:22 .machine.ad
-rwx------  1 shardulr fnalgrid   49 Jun 22 20:22 .chirp.config
-rw-------  1 shardulr fnalgrid  11K Jun 22 20:22 x509up
drwxr-xr-x  2 shardulr fnalgrid 4.0K Jun 22 20:22 samples
-rw-r--r--  1 shardulr fnalgrid  62K Jun 22 20:22 singleStopAnalyzer.py
-rwxr-xr-x  1 shardulr fnalgrid  705 Jun 22 20:22 condor_exec.exe
-rw-r--r--  1 shardulr fnalgrid  951 Jun 22 20:22 bJetMatcher.py
-rw-r--r--  1 shardulr fnalgrid    0 Jun 22 20:22 docker_stderror
drwxrwxrwt  3 shardulr fnalgrid 4.0K Jun 22 20:22 var
drwxrwxrwt  2 shardulr fnalgrid 4.0K Jun 22 20:22 tmp
drwxr-xr-x  3 root     root     4.0K Jun 22 20:22 ..
srwxr-xr-x  1 shardulr fnalgrid    0 Jun 22 20:22 .docker_sock
drwxr-xr-x 17 shardulr fnalgrid 4.0K Jun 22 20:22 CMSSW_10_6_19_patch2
drwxr-xr-x  2 shardulr fnalgrid 4.0K Jun 22 20:22 framework
-rw-r--r--  1 shardulr fnalgrid 1.7K Jun 22 20:22 bJetMatcher.pyc
drwxr-xr-x  3 shardulr fnalgrid 4.0K Jun 22 20:22 output
-rw-r--r--  1 shardulr fnalgrid  215 Jun 22 20:22 _condor_stderr
-rw-r--r--  1 shardulr fnalgrid  11K Jun 22 20:26 .update.ad
drwx------  8 shardulr fnalgrid 4.0K Jun 22 20:26 .
-rw-r--r--  1 shardulr fnalgrid 3.7K Jun 22 20:27 _condor_stdout
