[FERMIHTC-APPTAINER]: INFO -- No Apptainer image specified
[FERMIHTC-APPTAINER]: INFO -- Running job on the host machine

[FERMIHTC-APPTAINER]: INFO -- Running ./condor_exec.exe
Starting job on  Thu Jun 22 20:22:46 UTC 2023
Running on: Linux shardulr-32358581-285-cmswn2034.fnal.gov 3.10.0-1160.90.1.el7.x86_64 #1 SMP Thu Apr 27 13:14:20 CDT 2023 x86_64 x86_64 x86_64 GNU/Linux
System software: Scientific Linux release 7.9 (Nitrogen)
Running ls -alrth:
total 164K
-rw-r--r--  1 shardulr fnalgrid 5.0K Jun 22 20:21 .job.ad
-rw-r--r--  1 shardulr fnalgrid  13K Jun 22 20:21 .machine.ad
-rwx------  1 shardulr fnalgrid   49 Jun 22 20:21 .chirp.config
-rw-------  1 shardulr fnalgrid  11K Jun 22 20:21 x509up
drwxr-xr-x  2 shardulr fnalgrid 4.0K Jun 22 20:21 samples
drwxr-xr-x  2 shardulr fnalgrid 4.0K Jun 22 20:21 framework
-rw-r--r--  1 shardulr fnalgrid  62K Jun 22 20:21 singleStopAnalyzer.py
-rwxr-xr-x  1 shardulr fnalgrid  705 Jun 22 20:21 condor_exec.exe
-rw-r--r--  1 shardulr fnalgrid  951 Jun 22 20:21 bJetMatcher.py
-rw-r--r--  1 shardulr fnalgrid    0 Jun 22 20:21 docker_stderror
drwxrwxrwt  3 shardulr fnalgrid 4.0K Jun 22 20:21 var
drwxrwxrwt  2 shardulr fnalgrid 4.0K Jun 22 20:21 tmp
drwxr-xr-x  3 root     root     4.0K Jun 22 20:22 ..
srwxr-xr-x  1 shardulr fnalgrid    0 Jun 22 20:22 .docker_sock
-rw-r--r--  1 shardulr fnalgrid  13K Jun 22 20:22 .update.ad
-rw-r--r--  1 shardulr fnalgrid  113 Jun 22 20:22 _condor_stderr
drwx------  7 shardulr fnalgrid 4.0K Jun 22 20:22 .
drwxr-xr-x 17 shardulr fnalgrid 4.0K Jun 22 20:22 CMSSW_10_6_19_patch2
-rw-r--r--  1 shardulr fnalgrid  454 Jun 22 20:22 _condor_stdout
/storage/local/data1/condor/execute/dir_18759/CMSSW_10_6_19_patch2 is the CMSSW we created on the local worker node
Running over Data2018 files
Blinding data, only using CR cuts (0 loose b's)
Using UL 2018 campaign working points
Pre-select 87914 entries out of 2140580 (4.11%)
Processed    10000/   87914 entries, 11.37% (elapsed time    32.2s, curr speed    0.310 kHz, avg speed    0.310 kHz), accepted     1781/   10001 events (17.81%)
Processed    20000/   87914 entries, 22.75% (elapsed time    63.0s, curr speed    0.325 kHz, avg speed    0.318 kHz), accepted     3579/   20001 events (17.89%)
Processed    30000/   87914 entries, 34.12% (elapsed time    92.8s, curr speed    0.335 kHz, avg speed    0.323 kHz), accepted     5368/   30001 events (17.89%)
Processed    40000/   87914 entries, 45.50% (elapsed time   118.9s, curr speed    0.383 kHz, avg speed    0.336 kHz), accepted     7049/   40001 events (17.62%)
Processed    50000/   87914 entries, 56.87% (elapsed time   145.3s, curr speed    0.379 kHz, avg speed    0.344 kHz), accepted     8751/   50001 events (17.50%)
Processed    60000/   87914 entries, 68.25% (elapsed time   171.6s, curr speed    0.380 kHz, avg speed    0.350 kHz), accepted    10342/   60001 events (17.24%)
Processed    70000/   87914 entries, 79.62% (elapsed time   197.8s, curr speed    0.381 kHz, avg speed    0.354 kHz), accepted    12116/   70001 events (17.31%)
Processed    80000/   87914 entries, 91.00% (elapsed time   223.6s, curr speed    0.387 kHz, avg speed    0.358 kHz), accepted    13919/   80001 events (17.40%)
Processed 87914 preselected entries from root://cmsxrootd.fnal.gov//store/data/Run2018D/JetHT/NANOAOD/UL2018_MiniAODv2_NanoAODv9-v2/2540000/3EFDAAD6-F97D-8548-80A3-04443F6B845C.root (2140580 entries). Finally selected 15131 entries
Total time 258.1 sec. to process 2140580 events. Rate = 8292.6 Hz.
Running pwd:
/storage/local/data1/condor/execute/dir_18759
Running ls -alrth:
total 172K
-rw-r--r--  1 shardulr fnalgrid 5.0K Jun 22 20:21 .job.ad
-rw-r--r--  1 shardulr fnalgrid  13K Jun 22 20:21 .machine.ad
-rwx------  1 shardulr fnalgrid   49 Jun 22 20:21 .chirp.config
-rw-------  1 shardulr fnalgrid  11K Jun 22 20:21 x509up
drwxr-xr-x  2 shardulr fnalgrid 4.0K Jun 22 20:21 samples
-rw-r--r--  1 shardulr fnalgrid  62K Jun 22 20:21 singleStopAnalyzer.py
-rwxr-xr-x  1 shardulr fnalgrid  705 Jun 22 20:21 condor_exec.exe
-rw-r--r--  1 shardulr fnalgrid  951 Jun 22 20:21 bJetMatcher.py
-rw-r--r--  1 shardulr fnalgrid    0 Jun 22 20:21 docker_stderror
drwxrwxrwt  3 shardulr fnalgrid 4.0K Jun 22 20:21 var
drwxrwxrwt  2 shardulr fnalgrid 4.0K Jun 22 20:21 tmp
drwxr-xr-x  3 root     root     4.0K Jun 22 20:22 ..
srwxr-xr-x  1 shardulr fnalgrid    0 Jun 22 20:22 .docker_sock
drwxr-xr-x 17 shardulr fnalgrid 4.0K Jun 22 20:22 CMSSW_10_6_19_patch2
drwxr-xr-x  2 shardulr fnalgrid 4.0K Jun 22 20:22 framework
-rw-r--r--  1 shardulr fnalgrid 1.7K Jun 22 20:22 bJetMatcher.pyc
drwxr-xr-x  3 shardulr fnalgrid 4.0K Jun 22 20:22 output
-rw-r--r--  1 shardulr fnalgrid  215 Jun 22 20:22 _condor_stderr
-rw-r--r--  1 shardulr fnalgrid  13K Jun 22 20:26 .update.ad
drwx------  8 shardulr fnalgrid 4.0K Jun 22 20:26 .
-rw-r--r--  1 shardulr fnalgrid 3.5K Jun 22 20:27 _condor_stdout
