[FERMIHTC-APPTAINER]: INFO -- No Apptainer image specified
[FERMIHTC-APPTAINER]: INFO -- Running job on the host machine

[FERMIHTC-APPTAINER]: INFO -- Running ./condor_exec.exe
Starting job on  Thu Jun 22 20:21:21 UTC 2023
Running on: Linux shardulr-32358581-272-cmswn2079.fnal.gov 3.10.0-1160.90.1.el7.x86_64 #1 SMP Thu Apr 27 13:14:20 CDT 2023 x86_64 x86_64 x86_64 GNU/Linux
System software: Scientific Linux release 7.9 (Nitrogen)
Running ls -alrth:
total 164K
-rw-r--r--  1 shardulr fnalgrid  14K Jun 22 20:21 .machine.ad
-rw-r--r--  1 shardulr fnalgrid 5.0K Jun 22 20:21 .job.ad
-rwx------  1 shardulr fnalgrid   49 Jun 22 20:21 .chirp.config
-rw-------  1 shardulr fnalgrid  11K Jun 22 20:21 x509up
drwxr-xr-x  2 shardulr fnalgrid 4.0K Jun 22 20:21 samples
-rw-r--r--  1 shardulr fnalgrid  62K Jun 22 20:21 singleStopAnalyzer.py
drwxr-xr-x  2 shardulr fnalgrid 4.0K Jun 22 20:21 framework
-rwxr-xr-x  1 shardulr fnalgrid  705 Jun 22 20:21 condor_exec.exe
-rw-r--r--  1 shardulr fnalgrid  951 Jun 22 20:21 bJetMatcher.py
-rw-r--r--  1 shardulr fnalgrid    0 Jun 22 20:21 docker_stderror
drwxrwxrwt  3 shardulr fnalgrid 4.0K Jun 22 20:21 var
drwxrwxrwt  2 shardulr fnalgrid 4.0K Jun 22 20:21 tmp
-rw-r--r--  1 shardulr fnalgrid  13K Jun 22 20:21 .update.ad
drwxr-xr-x  3 root     root     4.0K Jun 22 20:21 ..
srwxr-xr-x  1 shardulr fnalgrid    0 Jun 22 20:21 .docker_sock
-rw-r--r--  1 shardulr fnalgrid  113 Jun 22 20:21 _condor_stderr
drwx------  7 shardulr fnalgrid 4.0K Jun 22 20:21 .
drwxr-xr-x 17 shardulr fnalgrid 4.0K Jun 22 20:21 CMSSW_10_6_19_patch2
-rw-r--r--  1 shardulr fnalgrid  454 Jun 22 20:21 _condor_stdout
/storage/local/data1/condor/execute/dir_61964/CMSSW_10_6_19_patch2 is the CMSSW we created on the local worker node
Running over Data2018 files
Blinding data, only using CR cuts (0 loose b's)
Using UL 2018 campaign working points
Pre-select 48633 entries out of 1201312 (4.05%)
Processed    10000/   48633 entries, 20.56% (elapsed time    27.8s, curr speed    0.360 kHz, avg speed    0.360 kHz), accepted     1760/   10001 events (17.60%)
Processed    20000/   48633 entries, 41.12% (elapsed time    55.0s, curr speed    0.367 kHz, avg speed    0.363 kHz), accepted     3478/   20001 events (17.39%)
Processed    30000/   48633 entries, 61.69% (elapsed time    81.9s, curr speed    0.372 kHz, avg speed    0.366 kHz), accepted     5254/   30001 events (17.51%)
Processed    40000/   48633 entries, 82.25% (elapsed time   109.5s, curr speed    0.362 kHz, avg speed    0.365 kHz), accepted     7289/   40001 events (18.22%)
Processed 48633 preselected entries from root://cmsxrootd.fnal.gov//store/data/Run2018D/JetHT/NANOAOD/UL2018_MiniAODv2_NanoAODv9-v2/2540000/33B58789-BA57-4644-A89C-9A5F87CAE874.root (1201312 entries). Finally selected 8905 entries
Total time 138.6 sec. to process 1201312 events. Rate = 8670.3 Hz.
Running pwd:
/storage/local/data1/condor/execute/dir_61964
Running ls -alrth:
total 172K
-rw-r--r--  1 shardulr fnalgrid  14K Jun 22 20:21 .machine.ad
-rw-r--r--  1 shardulr fnalgrid 5.0K Jun 22 20:21 .job.ad
-rwx------  1 shardulr fnalgrid   49 Jun 22 20:21 .chirp.config
-rw-------  1 shardulr fnalgrid  11K Jun 22 20:21 x509up
drwxr-xr-x  2 shardulr fnalgrid 4.0K Jun 22 20:21 samples
-rw-r--r--  1 shardulr fnalgrid  62K Jun 22 20:21 singleStopAnalyzer.py
-rwxr-xr-x  1 shardulr fnalgrid  705 Jun 22 20:21 condor_exec.exe
-rw-r--r--  1 shardulr fnalgrid  951 Jun 22 20:21 bJetMatcher.py
-rw-r--r--  1 shardulr fnalgrid    0 Jun 22 20:21 docker_stderror
drwxrwxrwt  3 shardulr fnalgrid 4.0K Jun 22 20:21 var
drwxrwxrwt  2 shardulr fnalgrid 4.0K Jun 22 20:21 tmp
drwxr-xr-x  3 root     root     4.0K Jun 22 20:21 ..
srwxr-xr-x  1 shardulr fnalgrid    0 Jun 22 20:21 .docker_sock
drwxr-xr-x 17 shardulr fnalgrid 4.0K Jun 22 20:21 CMSSW_10_6_19_patch2
drwxr-xr-x  2 shardulr fnalgrid 4.0K Jun 22 20:21 framework
-rw-r--r--  1 shardulr fnalgrid 1.7K Jun 22 20:21 bJetMatcher.pyc
drwxr-xr-x  3 shardulr fnalgrid 4.0K Jun 22 20:21 output
-rw-r--r--  1 shardulr fnalgrid  215 Jun 22 20:21 _condor_stderr
-rw-r--r--  1 shardulr fnalgrid  13K Jun 22 20:23 .update.ad
drwx------  8 shardulr fnalgrid 4.0K Jun 22 20:23 .
-rw-r--r--  1 shardulr fnalgrid 2.9K Jun 22 20:23 _condor_stdout
