[FERMIHTC-APPTAINER]: INFO -- No Apptainer image specified
[FERMIHTC-APPTAINER]: INFO -- Running job on the host machine

[FERMIHTC-APPTAINER]: INFO -- Running ./condor_exec.exe
Starting job on  Thu Jun 22 20:24:31 UTC 2023
Running on: Linux shardulr-32358581-451-cmswn2059.fnal.gov 3.10.0-1160.90.1.el7.x86_64 #1 SMP Thu Apr 27 13:14:20 CDT 2023 x86_64 x86_64 x86_64 GNU/Linux
System software: Scientific Linux release 7.9 (Nitrogen)
Running ls -alrth:
total 160K
-rw-r--r--  1 shardulr fnalgrid 5.0K Jun 22 20:23 .job.ad
-rw-r--r--  1 shardulr fnalgrid  13K Jun 22 20:23 .machine.ad
-rwx------  1 shardulr fnalgrid   49 Jun 22 20:23 .chirp.config
-rw-------  1 shardulr fnalgrid  11K Jun 22 20:24 x509up
drwxr-xr-x  2 shardulr fnalgrid 4.0K Jun 22 20:24 samples
drwxr-xr-x  2 shardulr fnalgrid 4.0K Jun 22 20:24 framework
-rw-r--r--  1 shardulr fnalgrid  62K Jun 22 20:24 singleStopAnalyzer.py
-rwxr-xr-x  1 shardulr fnalgrid  705 Jun 22 20:24 condor_exec.exe
-rw-r--r--  1 shardulr fnalgrid  951 Jun 22 20:24 bJetMatcher.py
-rw-r--r--  1 shardulr fnalgrid    0 Jun 22 20:24 docker_stderror
drwxrwxrwt  3 shardulr fnalgrid 4.0K Jun 22 20:24 var
drwxrwxrwt  2 shardulr fnalgrid 4.0K Jun 22 20:24 tmp
drwxr-xr-x  3 root     root     4.0K Jun 22 20:24 ..
srwxr-xr-x  1 shardulr fnalgrid    0 Jun 22 20:24 .docker_sock
-rw-r--r--  1 shardulr fnalgrid  12K Jun 22 20:24 .update.ad
-rw-r--r--  1 shardulr fnalgrid  113 Jun 22 20:24 _condor_stderr
drwx------  7 shardulr fnalgrid 4.0K Jun 22 20:24 .
drwxr-xr-x 17 shardulr fnalgrid 4.0K Jun 22 20:24 CMSSW_10_6_19_patch2
-rw-r--r--  1 shardulr fnalgrid  454 Jun 22 20:24 _condor_stdout
/storage/local/data1/condor/execute/dir_22880/CMSSW_10_6_19_patch2 is the CMSSW we created on the local worker node
Running over Data2018 files
Blinding data, only using CR cuts (0 loose b's)
Using UL 2018 campaign working points
Pre-select 74456 entries out of 1818825 (4.09%)
Processed    10000/   74456 entries, 13.43% (elapsed time    32.4s, curr speed    0.308 kHz, avg speed    0.308 kHz), accepted     1649/   10001 events (16.49%)
Processed    20000/   74456 entries, 26.86% (elapsed time    62.7s, curr speed    0.331 kHz, avg speed    0.319 kHz), accepted     3286/   20001 events (16.43%)
Processed    30000/   74456 entries, 40.29% (elapsed time    93.9s, curr speed    0.320 kHz, avg speed    0.320 kHz), accepted     4919/   30001 events (16.40%)
Processed    40000/   74456 entries, 53.72% (elapsed time   125.5s, curr speed    0.317 kHz, avg speed    0.319 kHz), accepted     6640/   40001 events (16.60%)
Processed    50000/   74456 entries, 67.15% (elapsed time   156.3s, curr speed    0.324 kHz, avg speed    0.320 kHz), accepted     8409/   50001 events (16.82%)
Processed    60000/   74456 entries, 80.58% (elapsed time   186.5s, curr speed    0.331 kHz, avg speed    0.322 kHz), accepted    10122/   60001 events (16.87%)
Processed    70000/   74456 entries, 94.02% (elapsed time   216.5s, curr speed    0.334 kHz, avg speed    0.323 kHz), accepted    11893/   70001 events (16.99%)
Processed 74456 preselected entries from root://cmsxrootd.fnal.gov//store/data/Run2018D/JetHT/NANOAOD/UL2018_MiniAODv2_NanoAODv9-v2/2430000/84763265-D0B1-F24A-9F40-0B0454E9619C.root (1818825 entries). Finally selected 12682 entries
Total time 237.6 sec. to process 1818825 events. Rate = 7655.6 Hz.
Running pwd:
/storage/local/data1/condor/execute/dir_22880
Running ls -alrth:
total 172K
-rw-r--r--  1 shardulr fnalgrid 5.0K Jun 22 20:23 .job.ad
-rw-r--r--  1 shardulr fnalgrid  13K Jun 22 20:23 .machine.ad
-rwx------  1 shardulr fnalgrid   49 Jun 22 20:23 .chirp.config
-rw-------  1 shardulr fnalgrid  11K Jun 22 20:24 x509up
drwxr-xr-x  2 shardulr fnalgrid 4.0K Jun 22 20:24 samples
-rw-r--r--  1 shardulr fnalgrid  62K Jun 22 20:24 singleStopAnalyzer.py
-rwxr-xr-x  1 shardulr fnalgrid  705 Jun 22 20:24 condor_exec.exe
-rw-r--r--  1 shardulr fnalgrid  951 Jun 22 20:24 bJetMatcher.py
-rw-r--r--  1 shardulr fnalgrid    0 Jun 22 20:24 docker_stderror
drwxrwxrwt  3 shardulr fnalgrid 4.0K Jun 22 20:24 var
drwxrwxrwt  2 shardulr fnalgrid 4.0K Jun 22 20:24 tmp
drwxr-xr-x  3 root     root     4.0K Jun 22 20:24 ..
srwxr-xr-x  1 shardulr fnalgrid    0 Jun 22 20:24 .docker_sock
drwxr-xr-x 17 shardulr fnalgrid 4.0K Jun 22 20:24 CMSSW_10_6_19_patch2
drwxr-xr-x  2 shardulr fnalgrid 4.0K Jun 22 20:24 framework
-rw-r--r--  1 shardulr fnalgrid 1.7K Jun 22 20:24 bJetMatcher.pyc
drwxr-xr-x  3 shardulr fnalgrid 4.0K Jun 22 20:24 output
-rw-r--r--  1 shardulr fnalgrid  215 Jun 22 20:24 _condor_stderr
-rw-r--r--  1 shardulr fnalgrid  13K Jun 22 20:28 .update.ad
drwx------  8 shardulr fnalgrid 4.0K Jun 22 20:28 .
-rw-r--r--  1 shardulr fnalgrid 3.4K Jun 22 20:28 _condor_stdout
