[FERMIHTC-APPTAINER]: INFO -- No Apptainer image specified
[FERMIHTC-APPTAINER]: INFO -- Running job on the host machine

[FERMIHTC-APPTAINER]: INFO -- Running ./condor_exec.exe
Starting job on  Thu Jun 22 20:20:54 UTC 2023
Running on: Linux shardulr-32358581-122-cmswn2020.fnal.gov 3.10.0-1160.90.1.el7.x86_64 #1 SMP Thu Apr 27 13:14:20 CDT 2023 x86_64 x86_64 x86_64 GNU/Linux
System software: Scientific Linux release 7.9 (Nitrogen)
Running ls -alrth:
total 156K
-rw-r--r--  1 shardulr fnalgrid 5.0K Jun 22 20:20 .job.ad
-rw-r--r--  1 shardulr fnalgrid  12K Jun 22 20:20 .machine.ad
-rwx------  1 shardulr fnalgrid   49 Jun 22 20:20 .chirp.config
-rw-------  1 shardulr fnalgrid  11K Jun 22 20:20 x509up
drwxr-xr-x  2 shardulr fnalgrid 4.0K Jun 22 20:20 samples
drwxr-xr-x  2 shardulr fnalgrid 4.0K Jun 22 20:20 framework
-rw-r--r--  1 shardulr fnalgrid  62K Jun 22 20:20 singleStopAnalyzer.py
-rwxr-xr-x  1 shardulr fnalgrid  705 Jun 22 20:20 condor_exec.exe
-rw-r--r--  1 shardulr fnalgrid  951 Jun 22 20:20 bJetMatcher.py
-rw-r--r--  1 shardulr fnalgrid    0 Jun 22 20:20 docker_stderror
drwxrwxrwt  3 shardulr fnalgrid 4.0K Jun 22 20:20 var
drwxrwxrwt  2 shardulr fnalgrid 4.0K Jun 22 20:20 tmp
-rw-r--r--  1 shardulr fnalgrid  12K Jun 22 20:20 .update.ad
drwxr-xr-x  3 root     root     4.0K Jun 22 20:20 ..
srwxr-xr-x  1 shardulr fnalgrid    0 Jun 22 20:20 .docker_sock
-rw-r--r--  1 shardulr fnalgrid  113 Jun 22 20:20 _condor_stderr
drwx------  7 shardulr fnalgrid 4.0K Jun 22 20:20 .
drwxr-xr-x 17 shardulr fnalgrid 4.0K Jun 22 20:20 CMSSW_10_6_19_patch2
-rw-r--r--  1 shardulr fnalgrid  454 Jun 22 20:20 _condor_stdout
/storage/local/data1/condor/execute/dir_25595/CMSSW_10_6_19_patch2 is the CMSSW we created on the local worker node
Running over Data2018 files
Blinding data, only using CR cuts (0 loose b's)
Using UL 2018 campaign working points
Pre-select 55520 entries out of 1350690 (4.11%)
Processed    10000/   55520 entries, 18.01% (elapsed time   181.6s, curr speed    0.055 kHz, avg speed    0.055 kHz), accepted     1519/   10001 events (15.19%)
Processed    20000/   55520 entries, 36.02% (elapsed time   342.6s, curr speed    0.062 kHz, avg speed    0.058 kHz), accepted     3100/   20001 events (15.50%)
Processed    30000/   55520 entries, 54.03% (elapsed time   500.6s, curr speed    0.063 kHz, avg speed    0.060 kHz), accepted     4452/   30001 events (14.84%)
Processed    40000/   55520 entries, 72.05% (elapsed time   657.4s, curr speed    0.064 kHz, avg speed    0.061 kHz), accepted     5999/   40001 events (15.00%)
Processed    50000/   55520 entries, 90.06% (elapsed time   805.6s, curr speed    0.067 kHz, avg speed    0.062 kHz), accepted     7762/   50001 events (15.52%)
Processed 55520 preselected entries from root://cmsxrootd.fnal.gov//store/data/Run2018A/JetHT/NANOAOD/UL2018_MiniAODv2_NanoAODv9-v2/250000/92EAA64D-5EFD-654A-8F3D-75267141C44D.root (1350690 entries). Finally selected 8668 entries
Total time 1058.1 sec. to process 1350690 events. Rate = 1276.6 Hz.
Running pwd:
/storage/local/data1/condor/execute/dir_25595
Running ls -alrth:
total 168K
-rw-r--r--  1 shardulr fnalgrid 5.0K Jun 22 20:20 .job.ad
-rw-r--r--  1 shardulr fnalgrid  12K Jun 22 20:20 .machine.ad
-rwx------  1 shardulr fnalgrid   49 Jun 22 20:20 .chirp.config
-rw-------  1 shardulr fnalgrid  11K Jun 22 20:20 x509up
drwxr-xr-x  2 shardulr fnalgrid 4.0K Jun 22 20:20 samples
-rw-r--r--  1 shardulr fnalgrid  62K Jun 22 20:20 singleStopAnalyzer.py
-rwxr-xr-x  1 shardulr fnalgrid  705 Jun 22 20:20 condor_exec.exe
-rw-r--r--  1 shardulr fnalgrid  951 Jun 22 20:20 bJetMatcher.py
-rw-r--r--  1 shardulr fnalgrid    0 Jun 22 20:20 docker_stderror
drwxrwxrwt  3 shardulr fnalgrid 4.0K Jun 22 20:20 var
drwxrwxrwt  2 shardulr fnalgrid 4.0K Jun 22 20:20 tmp
drwxr-xr-x  3 root     root     4.0K Jun 22 20:20 ..
srwxr-xr-x  1 shardulr fnalgrid    0 Jun 22 20:20 .docker_sock
-rw-r--r--  1 shardulr fnalgrid  113 Jun 22 20:20 _condor_stderr
drwxr-xr-x 17 shardulr fnalgrid 4.0K Jun 22 20:20 CMSSW_10_6_19_patch2
drwxr-xr-x  2 shardulr fnalgrid 4.0K Jun 22 20:20 framework
-rw-r--r--  1 shardulr fnalgrid 1.7K Jun 22 20:20 bJetMatcher.pyc
drwxr-xr-x  3 shardulr fnalgrid 4.0K Jun 22 20:20 output
-rw-r--r--  1 shardulr fnalgrid  13K Jun 22 20:38 .update.ad
drwx------  8 shardulr fnalgrid 4.0K Jun 22 20:38 .
-rw-r--r--  1 shardulr fnalgrid 3.1K Jun 22 20:38 _condor_stdout
