[FERMIHTC-APPTAINER]: INFO -- No Apptainer image specified
[FERMIHTC-APPTAINER]: INFO -- Running job on the host machine

[FERMIHTC-APPTAINER]: INFO -- Running ./condor_exec.exe
Starting job on  Thu Jun 22 20:23:40 UTC 2023
Running on: Linux shardulr-32358581-479-cmswn2088.fnal.gov 3.10.0-1160.90.1.el7.x86_64 #1 SMP Thu Apr 27 13:14:20 CDT 2023 x86_64 x86_64 x86_64 GNU/Linux
System software: Scientific Linux release 7.9 (Nitrogen)
Running ls -alrth:
total 164K
-rw-r--r--  1 shardulr fnalgrid 5.0K Jun 22 20:23 .job.ad
-rw-r--r--  1 shardulr fnalgrid  14K Jun 22 20:23 .machine.ad
-rwx------  1 shardulr fnalgrid   49 Jun 22 20:23 .chirp.config
-rw-------  1 shardulr fnalgrid  11K Jun 22 20:23 x509up
drwxr-xr-x  2 shardulr fnalgrid 4.0K Jun 22 20:23 samples
drwxr-xr-x  2 shardulr fnalgrid 4.0K Jun 22 20:23 framework
-rw-r--r--  1 shardulr fnalgrid  62K Jun 22 20:23 singleStopAnalyzer.py
-rwxr-xr-x  1 shardulr fnalgrid  705 Jun 22 20:23 condor_exec.exe
-rw-r--r--  1 shardulr fnalgrid  951 Jun 22 20:23 bJetMatcher.py
-rw-r--r--  1 shardulr fnalgrid    0 Jun 22 20:23 docker_stderror
drwxrwxrwt  3 shardulr fnalgrid 4.0K Jun 22 20:23 var
drwxrwxrwt  2 shardulr fnalgrid 4.0K Jun 22 20:23 tmp
-rw-r--r--  1 shardulr fnalgrid  13K Jun 22 20:23 .update.ad
drwxr-xr-x  3 root     root     4.0K Jun 22 20:23 ..
srwxr-xr-x  1 shardulr fnalgrid    0 Jun 22 20:23 .docker_sock
-rw-r--r--  1 shardulr fnalgrid  113 Jun 22 20:23 _condor_stderr
drwx------  7 shardulr fnalgrid 4.0K Jun 22 20:23 .
drwxr-xr-x 17 shardulr fnalgrid 4.0K Jun 22 20:23 CMSSW_10_6_19_patch2
-rw-r--r--  1 shardulr fnalgrid  454 Jun 22 20:23 _condor_stdout
/storage/local/data1/condor/execute/dir_45499/CMSSW_10_6_19_patch2 is the CMSSW we created on the local worker node
Running over Data2018 files
Blinding data, only using CR cuts (0 loose b's)
Using UL 2018 campaign working points
Pre-select 170213 entries out of 187334 (90.86%)
Processed    10000/  170213 entries,  5.87% (elapsed time    41.6s, curr speed    0.241 kHz, avg speed    0.241 kHz), accepted        0/   10001 events ( 0.00%)
Processed    20000/  170213 entries, 11.75% (elapsed time    83.2s, curr speed    0.240 kHz, avg speed    0.240 kHz), accepted        0/   20001 events ( 0.00%)
Processed    30000/  170213 entries, 17.62% (elapsed time   122.4s, curr speed    0.255 kHz, avg speed    0.245 kHz), accepted        0/   30001 events ( 0.00%)
Processed    40000/  170213 entries, 23.50% (elapsed time   162.9s, curr speed    0.247 kHz, avg speed    0.246 kHz), accepted        0/   40001 events ( 0.00%)
Processed    50000/  170213 entries, 29.37% (elapsed time   197.8s, curr speed    0.287 kHz, avg speed    0.253 kHz), accepted        0/   50001 events ( 0.00%)
Processed    60000/  170213 entries, 35.25% (elapsed time   230.0s, curr speed    0.310 kHz, avg speed    0.261 kHz), accepted        0/   60001 events ( 0.00%)
Processed    70000/  170213 entries, 41.12% (elapsed time   262.9s, curr speed    0.304 kHz, avg speed    0.266 kHz), accepted        0/   70001 events ( 0.00%)
Processed    80000/  170213 entries, 47.00% (elapsed time   295.7s, curr speed    0.305 kHz, avg speed    0.271 kHz), accepted        0/   80001 events ( 0.00%)
Processed    90000/  170213 entries, 52.87% (elapsed time   329.2s, curr speed    0.298 kHz, avg speed    0.273 kHz), accepted        0/   90001 events ( 0.00%)
Processed   100000/  170213 entries, 58.75% (elapsed time   362.5s, curr speed    0.301 kHz, avg speed    0.276 kHz), accepted        0/  100001 events ( 0.00%)
Processed   110000/  170213 entries, 64.62% (elapsed time   396.6s, curr speed    0.293 kHz, avg speed    0.277 kHz), accepted        0/  110001 events ( 0.00%)
Processed   120000/  170213 entries, 70.50% (elapsed time   430.1s, curr speed    0.299 kHz, avg speed    0.279 kHz), accepted        0/  120001 events ( 0.00%)
Processed   130000/  170213 entries, 76.37% (elapsed time   462.7s, curr speed    0.306 kHz, avg speed    0.281 kHz), accepted        0/  130001 events ( 0.00%)
Processed   140000/  170213 entries, 82.25% (elapsed time   494.4s, curr speed    0.316 kHz, avg speed    0.283 kHz), accepted        0/  140001 events ( 0.00%)
Processed   150000/  170213 entries, 88.12% (elapsed time   526.4s, curr speed    0.313 kHz, avg speed    0.285 kHz), accepted        0/  150001 events ( 0.00%)
Processed   160000/  170213 entries, 94.00% (elapsed time   557.7s, curr speed    0.319 kHz, avg speed    0.287 kHz), accepted        0/  160001 events ( 0.00%)
Processed   170000/  170213 entries, 99.87% (elapsed time   589.5s, curr speed    0.314 kHz, avg speed    0.288 kHz), accepted        0/  170001 events ( 0.00%)
Processed 170213 preselected entries from root://cmsxrootd.fnal.gov//store/data/Run2018D/JetHT/NANOAOD/UL2018_MiniAODv2_NanoAODv9-v2/2430000/0D8712FF-9DF0-0341-A6CE-A2B4BAB4C176.root (187334 entries). Finally selected 0 entries
Total time 600.6 sec. to process 187334 events. Rate = 311.9 Hz.
Running pwd:
/storage/local/data1/condor/execute/dir_45499
Running ls -alrth:
total 176K
-rw-r--r--  1 shardulr fnalgrid 5.0K Jun 22 20:23 .job.ad
-rw-r--r--  1 shardulr fnalgrid  14K Jun 22 20:23 .machine.ad
-rwx------  1 shardulr fnalgrid   49 Jun 22 20:23 .chirp.config
-rw-------  1 shardulr fnalgrid  11K Jun 22 20:23 x509up
drwxr-xr-x  2 shardulr fnalgrid 4.0K Jun 22 20:23 samples
-rw-r--r--  1 shardulr fnalgrid  62K Jun 22 20:23 singleStopAnalyzer.py
-rwxr-xr-x  1 shardulr fnalgrid  705 Jun 22 20:23 condor_exec.exe
-rw-r--r--  1 shardulr fnalgrid  951 Jun 22 20:23 bJetMatcher.py
-rw-r--r--  1 shardulr fnalgrid    0 Jun 22 20:23 docker_stderror
drwxrwxrwt  3 shardulr fnalgrid 4.0K Jun 22 20:23 var
drwxrwxrwt  2 shardulr fnalgrid 4.0K Jun 22 20:23 tmp
drwxr-xr-x  3 root     root     4.0K Jun 22 20:23 ..
srwxr-xr-x  1 shardulr fnalgrid    0 Jun 22 20:23 .docker_sock
drwxr-xr-x 17 shardulr fnalgrid 4.0K Jun 22 20:23 CMSSW_10_6_19_patch2
drwxr-xr-x  2 shardulr fnalgrid 4.0K Jun 22 20:23 framework
-rw-r--r--  1 shardulr fnalgrid 1.7K Jun 22 20:23 bJetMatcher.pyc
drwxr-xr-x  3 shardulr fnalgrid 4.0K Jun 22 20:23 output
-rw-r--r--  1 shardulr fnalgrid  215 Jun 22 20:23 _condor_stderr
-rw-r--r--  1 shardulr fnalgrid  13K Jun 22 20:33 .update.ad
drwx------  8 shardulr fnalgrid 4.0K Jun 22 20:33 .
-rw-r--r--  1 shardulr fnalgrid 5.0K Jun 22 20:33 _condor_stdout
