[FERMIHTC-APPTAINER]: INFO -- No Apptainer image specified
[FERMIHTC-APPTAINER]: INFO -- Running job on the host machine

[FERMIHTC-APPTAINER]: INFO -- Running ./condor_exec.exe
Starting job on  Thu Jun 22 20:19:21 UTC 2023
Running on: Linux shardulr-32358581-24-cmswn2059.fnal.gov 3.10.0-1160.90.1.el7.x86_64 #1 SMP Thu Apr 27 13:14:20 CDT 2023 x86_64 x86_64 x86_64 GNU/Linux
System software: Scientific Linux release 7.9 (Nitrogen)
Running ls -alrth:
total 156K
-rw-r--r--  1 shardulr fnalgrid 5.0K Jun 22 20:19 .job.ad
-rw-r--r--  1 shardulr fnalgrid  12K Jun 22 20:19 .machine.ad
-rwx------  1 shardulr fnalgrid   49 Jun 22 20:19 .chirp.config
-rw-------  1 shardulr fnalgrid  11K Jun 22 20:19 x509up
drwxr-xr-x  2 shardulr fnalgrid 4.0K Jun 22 20:19 samples
drwxr-xr-x  2 shardulr fnalgrid 4.0K Jun 22 20:19 framework
-rw-r--r--  1 shardulr fnalgrid  62K Jun 22 20:19 singleStopAnalyzer.py
-rwxr-xr-x  1 shardulr fnalgrid  704 Jun 22 20:19 condor_exec.exe
-rw-r--r--  1 shardulr fnalgrid  951 Jun 22 20:19 bJetMatcher.py
-rw-r--r--  1 shardulr fnalgrid    0 Jun 22 20:19 docker_stderror
drwxrwxrwt  3 shardulr fnalgrid 4.0K Jun 22 20:19 var
drwxrwxrwt  2 shardulr fnalgrid 4.0K Jun 22 20:19 tmp
-rw-r--r--  1 shardulr fnalgrid  12K Jun 22 20:19 .update.ad
drwxr-xr-x  3 root     root     4.0K Jun 22 20:19 ..
srwxr-xr-x  1 shardulr fnalgrid    0 Jun 22 20:19 .docker_sock
-rw-r--r--  1 shardulr fnalgrid  113 Jun 22 20:19 _condor_stderr
drwx------  7 shardulr fnalgrid 4.0K Jun 22 20:19 .
drwxr-xr-x 17 shardulr fnalgrid 4.0K Jun 22 20:19 CMSSW_10_6_19_patch2
-rw-r--r--  1 shardulr fnalgrid  453 Jun 22 20:19 _condor_stdout
/storage/local/data1/condor/execute/dir_14772/CMSSW_10_6_19_patch2 is the CMSSW we created on the local worker node
Running over Data2018 files
Blinding data, only using CR cuts (0 loose b's)
Using UL 2018 campaign working points
Pre-select 47221 entries out of 1245022 (3.79%)
Processed    10000/   47221 entries, 21.18% (elapsed time   217.8s, curr speed    0.046 kHz, avg speed    0.046 kHz), accepted     1542/   10001 events (15.42%)
Processed    20000/   47221 entries, 42.35% (elapsed time   393.8s, curr speed    0.057 kHz, avg speed    0.051 kHz), accepted     3181/   20001 events (15.90%)
Processed    30000/   47221 entries, 63.53% (elapsed time   565.8s, curr speed    0.058 kHz, avg speed    0.053 kHz), accepted     4755/   30001 events (15.85%)
Processed    40000/   47221 entries, 84.71% (elapsed time   739.7s, curr speed    0.058 kHz, avg speed    0.054 kHz), accepted     6405/   40001 events (16.01%)
Processed 47221 preselected entries from root://cmsxrootd.fnal.gov//store/data/Run2018A/JetHT/NANOAOD/UL2018_MiniAODv2_NanoAODv9-v2/250000/C726111A-3B51-8547-9904-DF3DC86D609D.root (1245022 entries). Finally selected 7526 entries
Total time 1026.6 sec. to process 1245022 events. Rate = 1212.7 Hz.
Running pwd:
/storage/local/data1/condor/execute/dir_14772
Running ls -alrth:
total 168K
-rw-r--r--  1 shardulr fnalgrid 5.0K Jun 22 20:19 .job.ad
-rw-r--r--  1 shardulr fnalgrid  12K Jun 22 20:19 .machine.ad
-rwx------  1 shardulr fnalgrid   49 Jun 22 20:19 .chirp.config
-rw-------  1 shardulr fnalgrid  11K Jun 22 20:19 x509up
drwxr-xr-x  2 shardulr fnalgrid 4.0K Jun 22 20:19 samples
-rw-r--r--  1 shardulr fnalgrid  62K Jun 22 20:19 singleStopAnalyzer.py
-rwxr-xr-x  1 shardulr fnalgrid  704 Jun 22 20:19 condor_exec.exe
-rw-r--r--  1 shardulr fnalgrid  951 Jun 22 20:19 bJetMatcher.py
-rw-r--r--  1 shardulr fnalgrid    0 Jun 22 20:19 docker_stderror
drwxrwxrwt  3 shardulr fnalgrid 4.0K Jun 22 20:19 var
drwxrwxrwt  2 shardulr fnalgrid 4.0K Jun 22 20:19 tmp
drwxr-xr-x  3 root     root     4.0K Jun 22 20:19 ..
srwxr-xr-x  1 shardulr fnalgrid    0 Jun 22 20:19 .docker_sock
-rw-r--r--  1 shardulr fnalgrid  113 Jun 22 20:19 _condor_stderr
drwxr-xr-x 17 shardulr fnalgrid 4.0K Jun 22 20:19 CMSSW_10_6_19_patch2
drwxr-xr-x  2 shardulr fnalgrid 4.0K Jun 22 20:19 framework
-rw-r--r--  1 shardulr fnalgrid 1.7K Jun 22 20:19 bJetMatcher.pyc
drwxr-xr-x  3 shardulr fnalgrid 4.0K Jun 22 20:19 output
-rw-r--r--  1 shardulr fnalgrid  13K Jun 22 20:35 .update.ad
drwx------  8 shardulr fnalgrid 4.0K Jun 22 20:35 .
-rw-r--r--  1 shardulr fnalgrid 2.9K Jun 22 20:36 _condor_stdout
