[FERMIHTC-APPTAINER]: INFO -- No Apptainer image specified
[FERMIHTC-APPTAINER]: INFO -- Running job on the host machine

[FERMIHTC-APPTAINER]: INFO -- Running ./condor_exec.exe
Starting job on  Thu Jun 22 20:18:57 UTC 2023
Running on: Linux shardulr-32358581-15-cmswn2037.fnal.gov 3.10.0-1160.90.1.el7.x86_64 #1 SMP Thu Apr 27 13:14:20 CDT 2023 x86_64 x86_64 x86_64 GNU/Linux
System software: Scientific Linux release 7.9 (Nitrogen)
Running ls -alrth:
total 164K
-rw-r--r--  1 shardulr fnalgrid 5.0K Jun 22 20:18 .job.ad
-rw-r--r--  1 shardulr fnalgrid  13K Jun 22 20:18 .machine.ad
-rwx------  1 shardulr fnalgrid   49 Jun 22 20:18 .chirp.config
-rw-------  1 shardulr fnalgrid  11K Jun 22 20:18 x509up
drwxr-xr-x  2 shardulr fnalgrid 4.0K Jun 22 20:18 samples
drwxr-xr-x  2 shardulr fnalgrid 4.0K Jun 22 20:18 framework
-rw-r--r--  1 shardulr fnalgrid  62K Jun 22 20:18 singleStopAnalyzer.py
-rwxr-xr-x  1 shardulr fnalgrid  704 Jun 22 20:18 condor_exec.exe
-rw-r--r--  1 shardulr fnalgrid  951 Jun 22 20:18 bJetMatcher.py
-rw-r--r--  1 shardulr fnalgrid    0 Jun 22 20:18 docker_stderror
drwxrwxrwt  3 shardulr fnalgrid 4.0K Jun 22 20:18 var
drwxrwxrwt  2 shardulr fnalgrid 4.0K Jun 22 20:18 tmp
-rw-r--r--  1 shardulr fnalgrid  13K Jun 22 20:18 .update.ad
drwxr-xr-x  3 root     root     4.0K Jun 22 20:18 ..
srwxr-xr-x  1 shardulr fnalgrid    0 Jun 22 20:18 .docker_sock
-rw-r--r--  1 shardulr fnalgrid  113 Jun 22 20:18 _condor_stderr
drwx------  7 shardulr fnalgrid 4.0K Jun 22 20:18 .
drwxr-xr-x 17 shardulr fnalgrid 4.0K Jun 22 20:18 CMSSW_10_6_19_patch2
-rw-r--r--  1 shardulr fnalgrid  453 Jun 22 20:18 _condor_stdout
/storage/local/data1/condor/execute/dir_37517/CMSSW_10_6_19_patch2 is the CMSSW we created on the local worker node
Running over Data2018 files
Blinding data, only using CR cuts (0 loose b's)
Using UL 2018 campaign working points
Pre-select 35870 entries out of 867207 (4.14%)
Processed    10000/   35870 entries, 27.88% (elapsed time   173.7s, curr speed    0.058 kHz, avg speed    0.058 kHz), accepted     1676/   10001 events (16.76%)
Processed    20000/   35870 entries, 55.76% (elapsed time   348.2s, curr speed    0.057 kHz, avg speed    0.057 kHz), accepted     3249/   20001 events (16.24%)
Processed    30000/   35870 entries, 83.64% (elapsed time   516.9s, curr speed    0.059 kHz, avg speed    0.058 kHz), accepted     4881/   30001 events (16.27%)
Processed 35870 preselected entries from root://cmsxrootd.fnal.gov//store/data/Run2018A/JetHT/NANOAOD/UL2018_MiniAODv2_NanoAODv9-v2/250000/F043F880-05F1-0340-9000-9E0FA6A1EDA2.root (867207 entries). Finally selected 5860 entries
Total time 717.5 sec. to process 867207 events. Rate = 1208.6 Hz.
Running pwd:
/storage/local/data1/condor/execute/dir_37517
Running ls -alrth:
total 172K
-rw-r--r--  1 shardulr fnalgrid 5.0K Jun 22 20:18 .job.ad
-rw-r--r--  1 shardulr fnalgrid  13K Jun 22 20:18 .machine.ad
-rwx------  1 shardulr fnalgrid   49 Jun 22 20:18 .chirp.config
-rw-------  1 shardulr fnalgrid  11K Jun 22 20:18 x509up
drwxr-xr-x  2 shardulr fnalgrid 4.0K Jun 22 20:18 samples
-rw-r--r--  1 shardulr fnalgrid  62K Jun 22 20:18 singleStopAnalyzer.py
-rwxr-xr-x  1 shardulr fnalgrid  704 Jun 22 20:18 condor_exec.exe
-rw-r--r--  1 shardulr fnalgrid  951 Jun 22 20:18 bJetMatcher.py
-rw-r--r--  1 shardulr fnalgrid    0 Jun 22 20:18 docker_stderror
drwxrwxrwt  3 shardulr fnalgrid 4.0K Jun 22 20:18 var
drwxrwxrwt  2 shardulr fnalgrid 4.0K Jun 22 20:18 tmp
drwxr-xr-x  3 root     root     4.0K Jun 22 20:18 ..
srwxr-xr-x  1 shardulr fnalgrid    0 Jun 22 20:18 .docker_sock
-rw-r--r--  1 shardulr fnalgrid  113 Jun 22 20:18 _condor_stderr
drwxr-xr-x 17 shardulr fnalgrid 4.0K Jun 22 20:18 CMSSW_10_6_19_patch2
drwxr-xr-x  2 shardulr fnalgrid 4.0K Jun 22 20:19 framework
-rw-r--r--  1 shardulr fnalgrid 1.7K Jun 22 20:19 bJetMatcher.pyc
drwxr-xr-x  3 shardulr fnalgrid 4.0K Jun 22 20:19 output
-rw-r--r--  1 shardulr fnalgrid  13K Jun 22 20:30 .update.ad
drwx------  8 shardulr fnalgrid 4.0K Jun 22 20:30 .
-rw-r--r--  1 shardulr fnalgrid 2.7K Jun 22 20:31 _condor_stdout
