[FERMIHTC-APPTAINER]: INFO -- No Apptainer image specified
[FERMIHTC-APPTAINER]: INFO -- Running job on the host machine

[FERMIHTC-APPTAINER]: INFO -- Running ./condor_exec.exe
Starting job on  Thu Jun 22 20:20:46 UTC 2023
Running on: Linux shardulr-32358581-181-cmswn2073.fnal.gov 3.10.0-1160.90.1.el7.x86_64 #1 SMP Thu Apr 27 13:14:20 CDT 2023 x86_64 x86_64 x86_64 GNU/Linux
System software: Scientific Linux release 7.9 (Nitrogen)
Running ls -alrth:
total 156K
-rw-r--r--  1 shardulr fnalgrid 5.0K Jun 22 20:20 .job.ad
-rw-r--r--  1 shardulr fnalgrid  11K Jun 22 20:20 .machine.ad
-rwx------  1 shardulr fnalgrid   49 Jun 22 20:20 .chirp.config
-rw-------  1 shardulr fnalgrid  11K Jun 22 20:20 x509up
drwxr-xr-x  2 shardulr fnalgrid 4.0K Jun 22 20:20 samples
drwxr-xr-x  2 shardulr fnalgrid 4.0K Jun 22 20:20 framework
-rw-r--r--  1 shardulr fnalgrid  62K Jun 22 20:20 singleStopAnalyzer.py
-rwxr-xr-x  1 shardulr fnalgrid  705 Jun 22 20:20 condor_exec.exe
-rw-r--r--  1 shardulr fnalgrid  951 Jun 22 20:20 bJetMatcher.py
-rw-r--r--  1 shardulr fnalgrid    0 Jun 22 20:20 docker_stderror
drwxrwxrwt  3 shardulr fnalgrid 4.0K Jun 22 20:20 var
drwxrwxrwt  2 shardulr fnalgrid 4.0K Jun 22 20:20 tmp
drwxr-xr-x  3 root     root     4.0K Jun 22 20:20 ..
srwxr-xr-x  1 shardulr fnalgrid    0 Jun 22 20:20 .docker_sock
-rw-r--r--  1 shardulr fnalgrid  11K Jun 22 20:20 .update.ad
-rw-r--r--  1 shardulr fnalgrid  113 Jun 22 20:20 _condor_stderr
drwx------  7 shardulr fnalgrid 4.0K Jun 22 20:20 .
drwxr-xr-x 17 shardulr fnalgrid 4.0K Jun 22 20:20 CMSSW_10_6_19_patch2
-rw-r--r--  1 shardulr fnalgrid  454 Jun 22 20:20 _condor_stdout
/storage/local/data1/condor/execute/dir_63472/CMSSW_10_6_19_patch2 is the CMSSW we created on the local worker node
Running over Data2018 files
Blinding data, only using CR cuts (0 loose b's)
Using UL 2018 campaign working points
Pre-select 87872 entries out of 2289861 (3.84%)
Processed    10000/   87872 entries, 11.38% (elapsed time    32.1s, curr speed    0.312 kHz, avg speed    0.312 kHz), accepted     1474/   10001 events (14.74%)
Processed    20000/   87872 entries, 22.76% (elapsed time    64.0s, curr speed    0.313 kHz, avg speed    0.313 kHz), accepted     3041/   20001 events (15.20%)
Processed    30000/   87872 entries, 34.14% (elapsed time    95.0s, curr speed    0.323 kHz, avg speed    0.316 kHz), accepted     4542/   30001 events (15.14%)
Processed    40000/   87872 entries, 45.52% (elapsed time   126.9s, curr speed    0.313 kHz, avg speed    0.315 kHz), accepted     6125/   40001 events (15.31%)
Processed    50000/   87872 entries, 56.90% (elapsed time   158.2s, curr speed    0.320 kHz, avg speed    0.316 kHz), accepted     7640/   50001 events (15.28%)
Processed    60000/   87872 entries, 68.28% (elapsed time   189.5s, curr speed    0.320 kHz, avg speed    0.317 kHz), accepted     9115/   60001 events (15.19%)
Processed    70000/   87872 entries, 79.66% (elapsed time   222.1s, curr speed    0.306 kHz, avg speed    0.315 kHz), accepted    10716/   70001 events (15.31%)
Processed    80000/   87872 entries, 91.04% (elapsed time   254.2s, curr speed    0.312 kHz, avg speed    0.315 kHz), accepted    12295/   80001 events (15.37%)
Processed 87872 preselected entries from root://cmsxrootd.fnal.gov//store/data/Run2018B/JetHT/NANOAOD/UL2018_MiniAODv2_NanoAODv9-v1/120000/8F49EB59-E532-EF4F-BB6F-07D737100FAB.root (2289861 entries). Finally selected 13644 entries
Total time 295.7 sec. to process 2289861 events. Rate = 7743.1 Hz.
Running pwd:
/storage/local/data1/condor/execute/dir_63472
Running ls -alrth:
total 164K
-rw-r--r--  1 shardulr fnalgrid 5.0K Jun 22 20:20 .job.ad
-rw-r--r--  1 shardulr fnalgrid  11K Jun 22 20:20 .machine.ad
-rwx------  1 shardulr fnalgrid   49 Jun 22 20:20 .chirp.config
-rw-------  1 shardulr fnalgrid  11K Jun 22 20:20 x509up
drwxr-xr-x  2 shardulr fnalgrid 4.0K Jun 22 20:20 samples
-rw-r--r--  1 shardulr fnalgrid  62K Jun 22 20:20 singleStopAnalyzer.py
-rwxr-xr-x  1 shardulr fnalgrid  705 Jun 22 20:20 condor_exec.exe
-rw-r--r--  1 shardulr fnalgrid  951 Jun 22 20:20 bJetMatcher.py
-rw-r--r--  1 shardulr fnalgrid    0 Jun 22 20:20 docker_stderror
drwxrwxrwt  3 shardulr fnalgrid 4.0K Jun 22 20:20 var
drwxrwxrwt  2 shardulr fnalgrid 4.0K Jun 22 20:20 tmp
drwxr-xr-x  3 root     root     4.0K Jun 22 20:20 ..
srwxr-xr-x  1 shardulr fnalgrid    0 Jun 22 20:20 .docker_sock
drwxr-xr-x 17 shardulr fnalgrid 4.0K Jun 22 20:20 CMSSW_10_6_19_patch2
drwxr-xr-x  2 shardulr fnalgrid 4.0K Jun 22 20:21 framework
-rw-r--r--  1 shardulr fnalgrid 1.7K Jun 22 20:21 bJetMatcher.pyc
drwxr-xr-x  3 shardulr fnalgrid 4.0K Jun 22 20:21 output
-rw-r--r--  1 shardulr fnalgrid  215 Jun 22 20:21 _condor_stderr
-rw-r--r--  1 shardulr fnalgrid  11K Jun 22 20:25 .update.ad
drwx------  8 shardulr fnalgrid 4.0K Jun 22 20:25 .
-rw-r--r--  1 shardulr fnalgrid 3.5K Jun 22 20:25 _condor_stdout
