[FERMIHTC-APPTAINER]: INFO -- No Apptainer image specified
[FERMIHTC-APPTAINER]: INFO -- Running job on the host machine

[FERMIHTC-APPTAINER]: INFO -- Running ./condor_exec.exe
Starting job on  Thu Jun 22 20:19:17 UTC 2023
Running on: Linux shardulr-32358581-27-cmswn2082.fnal.gov 3.10.0-1160.90.1.el7.x86_64 #1 SMP Thu Apr 27 13:14:20 CDT 2023 x86_64 x86_64 x86_64 GNU/Linux
System software: Scientific Linux release 7.9 (Nitrogen)
Running ls -alrth:
total 164K
-rw-r--r--  1 shardulr fnalgrid 5.0K Jun 22 20:19 .job.ad
-rw-r--r--  1 shardulr fnalgrid  13K Jun 22 20:19 .machine.ad
-rwx------  1 shardulr fnalgrid   49 Jun 22 20:19 .chirp.config
-rw-------  1 shardulr fnalgrid  11K Jun 22 20:19 x509up
drwxr-xr-x  2 shardulr fnalgrid 4.0K Jun 22 20:19 samples
drwxr-xr-x  2 shardulr fnalgrid 4.0K Jun 22 20:19 framework
-rw-r--r--  1 shardulr fnalgrid  62K Jun 22 20:19 singleStopAnalyzer.py
-rwxr-xr-x  1 shardulr fnalgrid  704 Jun 22 20:19 condor_exec.exe
-rw-r--r--  1 shardulr fnalgrid  951 Jun 22 20:19 bJetMatcher.py
-rw-r--r--  1 shardulr fnalgrid    0 Jun 22 20:19 docker_stderror
drwxrwxrwt  3 shardulr fnalgrid 4.0K Jun 22 20:19 var
drwxrwxrwt  2 shardulr fnalgrid 4.0K Jun 22 20:19 tmp
-rw-r--r--  1 shardulr fnalgrid  13K Jun 22 20:19 .update.ad
drwxr-xr-x  3 root     root     4.0K Jun 22 20:19 ..
srwxr-xr-x  1 shardulr fnalgrid    0 Jun 22 20:19 .docker_sock
-rw-r--r--  1 shardulr fnalgrid  113 Jun 22 20:19 _condor_stderr
drwx------  7 shardulr fnalgrid 4.0K Jun 22 20:19 .
drwxr-xr-x 17 shardulr fnalgrid 4.0K Jun 22 20:19 CMSSW_10_6_19_patch2
-rw-r--r--  1 shardulr fnalgrid  453 Jun 22 20:19 _condor_stdout
/storage/local/data1/condor/execute/dir_45917/CMSSW_10_6_19_patch2 is the CMSSW we created on the local worker node
Running over Data2018 files
Blinding data, only using CR cuts (0 loose b's)
Using UL 2018 campaign working points
Pre-select 60843 entries out of 1577710 (3.86%)
Processed    10000/   60843 entries, 16.44% (elapsed time    52.5s, curr speed    0.190 kHz, avg speed    0.190 kHz), accepted     1451/   10001 events (14.51%)
Processed    20000/   60843 entries, 32.87% (elapsed time   106.6s, curr speed    0.185 kHz, avg speed    0.188 kHz), accepted     3210/   20001 events (16.05%)
Processed    30000/   60843 entries, 49.31% (elapsed time   165.8s, curr speed    0.169 kHz, avg speed    0.181 kHz), accepted     4949/   30001 events (16.50%)
Processed    40000/   60843 entries, 65.74% (elapsed time   216.7s, curr speed    0.197 kHz, avg speed    0.185 kHz), accepted     6537/   40001 events (16.34%)
Processed    50000/   60843 entries, 82.18% (elapsed time   270.5s, curr speed    0.186 kHz, avg speed    0.185 kHz), accepted     8198/   50001 events (16.40%)
Processed    60000/   60843 entries, 98.61% (elapsed time   324.1s, curr speed    0.186 kHz, avg speed    0.185 kHz), accepted     9838/   60001 events (16.40%)
Processed 60843 preselected entries from root://cmsxrootd.fnal.gov//store/data/Run2018A/JetHT/NANOAOD/UL2018_MiniAODv2_NanoAODv9-v2/100000/A8908D1C-B55E-C048-9B3A-2189B355F808.root (1577710 entries). Finally selected 9947 entries
Total time 377.0 sec. to process 1577710 events. Rate = 4185.2 Hz.
Running pwd:
/storage/local/data1/condor/execute/dir_45917
Running ls -alrth:
total 172K
-rw-r--r--  1 shardulr fnalgrid 5.0K Jun 22 20:19 .job.ad
-rw-r--r--  1 shardulr fnalgrid  13K Jun 22 20:19 .machine.ad
-rwx------  1 shardulr fnalgrid   49 Jun 22 20:19 .chirp.config
-rw-------  1 shardulr fnalgrid  11K Jun 22 20:19 x509up
drwxr-xr-x  2 shardulr fnalgrid 4.0K Jun 22 20:19 samples
-rw-r--r--  1 shardulr fnalgrid  62K Jun 22 20:19 singleStopAnalyzer.py
-rwxr-xr-x  1 shardulr fnalgrid  704 Jun 22 20:19 condor_exec.exe
-rw-r--r--  1 shardulr fnalgrid  951 Jun 22 20:19 bJetMatcher.py
-rw-r--r--  1 shardulr fnalgrid    0 Jun 22 20:19 docker_stderror
drwxrwxrwt  3 shardulr fnalgrid 4.0K Jun 22 20:19 var
drwxrwxrwt  2 shardulr fnalgrid 4.0K Jun 22 20:19 tmp
drwxr-xr-x  3 root     root     4.0K Jun 22 20:19 ..
srwxr-xr-x  1 shardulr fnalgrid    0 Jun 22 20:19 .docker_sock
-rw-r--r--  1 shardulr fnalgrid  113 Jun 22 20:19 _condor_stderr
drwxr-xr-x 17 shardulr fnalgrid 4.0K Jun 22 20:19 CMSSW_10_6_19_patch2
drwxr-xr-x  2 shardulr fnalgrid 4.0K Jun 22 20:19 framework
-rw-r--r--  1 shardulr fnalgrid 1.7K Jun 22 20:19 bJetMatcher.pyc
drwxr-xr-x  3 shardulr fnalgrid 4.0K Jun 22 20:19 output
-rw-r--r--  1 shardulr fnalgrid  13K Jun 22 20:25 .update.ad
drwx------  8 shardulr fnalgrid 4.0K Jun 22 20:25 .
-rw-r--r--  1 shardulr fnalgrid 3.2K Jun 22 20:25 _condor_stdout
