[FERMIHTC-APPTAINER]: INFO -- No Apptainer image specified
[FERMIHTC-APPTAINER]: INFO -- Running job on the host machine

[FERMIHTC-APPTAINER]: INFO -- Running ./condor_exec.exe
Starting job on  Thu Jun 22 20:20:59 UTC 2023
Running on: Linux shardulr-32358581-118-cmswn2067.fnal.gov 3.10.0-1160.90.1.el7.x86_64 #1 SMP Thu Apr 27 13:14:20 CDT 2023 x86_64 x86_64 x86_64 GNU/Linux
System software: Scientific Linux release 7.9 (Nitrogen)
Running ls -alrth:
total 156K
-rw-r--r--  1 shardulr fnalgrid 5.0K Jun 22 20:20 .job.ad
-rw-r--r--  1 shardulr fnalgrid  11K Jun 22 20:20 .machine.ad
-rwx------  1 shardulr fnalgrid   49 Jun 22 20:20 .chirp.config
-rw-------  1 shardulr fnalgrid  11K Jun 22 20:20 x509up
drwxr-xr-x  2 shardulr fnalgrid 4.0K Jun 22 20:20 samples
drwxr-xr-x  2 shardulr fnalgrid 4.0K Jun 22 20:20 framework
-rw-r--r--  1 shardulr fnalgrid  62K Jun 22 20:20 singleStopAnalyzer.py
-rwxr-xr-x  1 shardulr fnalgrid  705 Jun 22 20:20 condor_exec.exe
-rw-r--r--  1 shardulr fnalgrid  951 Jun 22 20:20 bJetMatcher.py
-rw-r--r--  1 shardulr fnalgrid    0 Jun 22 20:20 docker_stderror
drwxrwxrwt  2 shardulr fnalgrid 4.0K Jun 22 20:20 tmp
drwxrwxrwt  3 shardulr fnalgrid 4.0K Jun 22 20:20 var
-rw-r--r--  1 shardulr fnalgrid  11K Jun 22 20:20 .update.ad
drwxr-xr-x  3 root     root     4.0K Jun 22 20:20 ..
srwxr-xr-x  1 shardulr fnalgrid    0 Jun 22 20:20 .docker_sock
-rw-r--r--  1 shardulr fnalgrid  113 Jun 22 20:21 _condor_stderr
drwx------  7 shardulr fnalgrid 4.0K Jun 22 20:21 .
drwxr-xr-x 17 shardulr fnalgrid 4.0K Jun 22 20:21 CMSSW_10_6_19_patch2
-rw-r--r--  1 shardulr fnalgrid  454 Jun 22 20:21 _condor_stdout
/storage/local/data1/condor/execute/dir_22003/CMSSW_10_6_19_patch2 is the CMSSW we created on the local worker node
Running over Data2018 files
Blinding data, only using CR cuts (0 loose b's)
Using UL 2018 campaign working points
Pre-select 46193 entries out of 1210608 (3.82%)
Processed    10000/   46193 entries, 21.65% (elapsed time    33.7s, curr speed    0.296 kHz, avg speed    0.296 kHz), accepted     1284/   10001 events (12.84%)
Processed    20000/   46193 entries, 43.30% (elapsed time    67.8s, curr speed    0.293 kHz, avg speed    0.295 kHz), accepted     2710/   20001 events (13.55%)
Processed    30000/   46193 entries, 64.94% (elapsed time   100.4s, curr speed    0.308 kHz, avg speed    0.299 kHz), accepted     4218/   30001 events (14.06%)
Processed    40000/   46193 entries, 86.59% (elapsed time   131.2s, curr speed    0.324 kHz, avg speed    0.305 kHz), accepted     5922/   40001 events (14.80%)
Processed 46193 preselected entries from root://cmsxrootd.fnal.gov//store/data/Run2018A/JetHT/NANOAOD/UL2018_MiniAODv2_NanoAODv9-v2/250000/DF205C3B-F705-EF4F-9C7A-37279A07AD90.root (1210608 entries). Finally selected 7050 entries
Total time 159.2 sec. to process 1210608 events. Rate = 7605.2 Hz.
Running pwd:
/storage/local/data1/condor/execute/dir_22003
Running ls -alrth:
total 164K
-rw-r--r--  1 shardulr fnalgrid 5.0K Jun 22 20:20 .job.ad
-rw-r--r--  1 shardulr fnalgrid  11K Jun 22 20:20 .machine.ad
-rwx------  1 shardulr fnalgrid   49 Jun 22 20:20 .chirp.config
-rw-------  1 shardulr fnalgrid  11K Jun 22 20:20 x509up
drwxr-xr-x  2 shardulr fnalgrid 4.0K Jun 22 20:20 samples
-rw-r--r--  1 shardulr fnalgrid  62K Jun 22 20:20 singleStopAnalyzer.py
-rwxr-xr-x  1 shardulr fnalgrid  705 Jun 22 20:20 condor_exec.exe
-rw-r--r--  1 shardulr fnalgrid  951 Jun 22 20:20 bJetMatcher.py
-rw-r--r--  1 shardulr fnalgrid    0 Jun 22 20:20 docker_stderror
drwxrwxrwt  2 shardulr fnalgrid 4.0K Jun 22 20:20 tmp
drwxrwxrwt  3 shardulr fnalgrid 4.0K Jun 22 20:20 var
drwxr-xr-x  3 root     root     4.0K Jun 22 20:20 ..
srwxr-xr-x  1 shardulr fnalgrid    0 Jun 22 20:20 .docker_sock
drwxr-xr-x 17 shardulr fnalgrid 4.0K Jun 22 20:21 CMSSW_10_6_19_patch2
drwxr-xr-x  2 shardulr fnalgrid 4.0K Jun 22 20:21 framework
-rw-r--r--  1 shardulr fnalgrid 1.7K Jun 22 20:21 bJetMatcher.pyc
drwxr-xr-x  3 shardulr fnalgrid 4.0K Jun 22 20:21 output
-rw-r--r--  1 shardulr fnalgrid  215 Jun 22 20:21 _condor_stderr
-rw-r--r--  1 shardulr fnalgrid  11K Jun 22 20:23 .update.ad
drwx------  8 shardulr fnalgrid 4.0K Jun 22 20:23 .
-rw-r--r--  1 shardulr fnalgrid 2.9K Jun 22 20:23 _condor_stdout
