[FERMIHTC-APPTAINER]: INFO -- No Apptainer image specified
[FERMIHTC-APPTAINER]: INFO -- Running job on the host machine

[FERMIHTC-APPTAINER]: INFO -- Running ./condor_exec.exe
Starting job on  Thu Jun 22 20:22:46 UTC 2023
Running on: Linux shardulr-32358581-404-cmswn2055.fnal.gov 3.10.0-1160.90.1.el7.x86_64 #1 SMP Thu Apr 27 13:14:20 CDT 2023 x86_64 x86_64 x86_64 GNU/Linux
System software: Scientific Linux release 7.9 (Nitrogen)
Running ls -alrth:
total 160K
-rw-r--r--  1 shardulr fnalgrid  13K Jun 22 20:22 .machine.ad
-rw-r--r--  1 shardulr fnalgrid 5.0K Jun 22 20:22 .job.ad
-rwx------  1 shardulr fnalgrid   49 Jun 22 20:22 .chirp.config
-rw-------  1 shardulr fnalgrid  11K Jun 22 20:22 x509up
drwxr-xr-x  2 shardulr fnalgrid 4.0K Jun 22 20:22 samples
drwxr-xr-x  2 shardulr fnalgrid 4.0K Jun 22 20:22 framework
-rw-r--r--  1 shardulr fnalgrid  62K Jun 22 20:22 singleStopAnalyzer.py
-rw-r--r--  1 shardulr fnalgrid  951 Jun 22 20:22 bJetMatcher.py
-rwxr-xr-x  1 shardulr fnalgrid  705 Jun 22 20:22 condor_exec.exe
-rw-r--r--  1 shardulr fnalgrid    0 Jun 22 20:22 docker_stderror
drwxrwxrwt  3 shardulr fnalgrid 4.0K Jun 22 20:22 var
drwxrwxrwt  2 shardulr fnalgrid 4.0K Jun 22 20:22 tmp
-rw-r--r--  1 shardulr fnalgrid  12K Jun 22 20:22 .update.ad
drwxr-xr-x  3 root     root     4.0K Jun 22 20:22 ..
srwxr-xr-x  1 shardulr fnalgrid    0 Jun 22 20:22 .docker_sock
-rw-r--r--  1 shardulr fnalgrid  113 Jun 22 20:22 _condor_stderr
drwx------  7 shardulr fnalgrid 4.0K Jun 22 20:22 .
drwxr-xr-x 17 shardulr fnalgrid 4.0K Jun 22 20:22 CMSSW_10_6_19_patch2
-rw-r--r--  1 shardulr fnalgrid  454 Jun 22 20:22 _condor_stdout
/storage/local/data1/condor/execute/dir_45989/CMSSW_10_6_19_patch2 is the CMSSW we created on the local worker node
Running over Data2018 files
Blinding data, only using CR cuts (0 loose b's)
Using UL 2018 campaign working points
Pre-select 88414 entries out of 2135356 (4.14%)
Processed    10000/   88414 entries, 11.31% (elapsed time    25.7s, curr speed    0.389 kHz, avg speed    0.389 kHz), accepted     1525/   10001 events (15.25%)
Processed    20000/   88414 entries, 22.62% (elapsed time    49.9s, curr speed    0.413 kHz, avg speed    0.401 kHz), accepted     3003/   20001 events (15.01%)
Processed    30000/   88414 entries, 33.93% (elapsed time    76.0s, curr speed    0.383 kHz, avg speed    0.395 kHz), accepted     4749/   30001 events (15.83%)
Processed    40000/   88414 entries, 45.24% (elapsed time   102.2s, curr speed    0.381 kHz, avg speed    0.391 kHz), accepted     6484/   40001 events (16.21%)
Processed    50000/   88414 entries, 56.55% (elapsed time   128.2s, curr speed    0.385 kHz, avg speed    0.390 kHz), accepted     8004/   50001 events (16.01%)
Processed    60000/   88414 entries, 67.86% (elapsed time   154.4s, curr speed    0.382 kHz, avg speed    0.389 kHz), accepted     9662/   60001 events (16.10%)
Processed    70000/   88414 entries, 79.17% (elapsed time   182.1s, curr speed    0.361 kHz, avg speed    0.384 kHz), accepted    11486/   70001 events (16.41%)
Processed    80000/   88414 entries, 90.48% (elapsed time   208.7s, curr speed    0.375 kHz, avg speed    0.383 kHz), accepted    13275/   80001 events (16.59%)
Processed 88414 preselected entries from root://cmsxrootd.fnal.gov//store/data/Run2018D/JetHT/NANOAOD/UL2018_MiniAODv2_NanoAODv9-v2/2810000/CD39EF2C-1F4C-9045-8C1E-71E15FA4AE93.root (2135356 entries). Finally selected 14825 entries
Total time 240.4 sec. to process 2135356 events. Rate = 8882.0 Hz.
Running pwd:
/storage/local/data1/condor/execute/dir_45989
Running ls -alrth:
total 172K
-rw-r--r--  1 shardulr fnalgrid  13K Jun 22 20:22 .machine.ad
-rw-r--r--  1 shardulr fnalgrid 5.0K Jun 22 20:22 .job.ad
-rwx------  1 shardulr fnalgrid   49 Jun 22 20:22 .chirp.config
-rw-------  1 shardulr fnalgrid  11K Jun 22 20:22 x509up
drwxr-xr-x  2 shardulr fnalgrid 4.0K Jun 22 20:22 samples
-rw-r--r--  1 shardulr fnalgrid  62K Jun 22 20:22 singleStopAnalyzer.py
-rw-r--r--  1 shardulr fnalgrid  951 Jun 22 20:22 bJetMatcher.py
-rwxr-xr-x  1 shardulr fnalgrid  705 Jun 22 20:22 condor_exec.exe
-rw-r--r--  1 shardulr fnalgrid    0 Jun 22 20:22 docker_stderror
drwxrwxrwt  3 shardulr fnalgrid 4.0K Jun 22 20:22 var
drwxrwxrwt  2 shardulr fnalgrid 4.0K Jun 22 20:22 tmp
drwxr-xr-x  3 root     root     4.0K Jun 22 20:22 ..
srwxr-xr-x  1 shardulr fnalgrid    0 Jun 22 20:22 .docker_sock
drwxr-xr-x 17 shardulr fnalgrid 4.0K Jun 22 20:22 CMSSW_10_6_19_patch2
drwxr-xr-x  2 shardulr fnalgrid 4.0K Jun 22 20:22 framework
-rw-r--r--  1 shardulr fnalgrid 1.7K Jun 22 20:22 bJetMatcher.pyc
drwxr-xr-x  3 shardulr fnalgrid 4.0K Jun 22 20:22 output
-rw-r--r--  1 shardulr fnalgrid  215 Jun 22 20:22 _condor_stderr
-rw-r--r--  1 shardulr fnalgrid  13K Jun 22 20:26 .update.ad
drwx------  8 shardulr fnalgrid 4.0K Jun 22 20:26 .
-rw-r--r--  1 shardulr fnalgrid 3.5K Jun 22 20:26 _condor_stdout
