[FERMIHTC-APPTAINER]: INFO -- No Apptainer image specified
[FERMIHTC-APPTAINER]: INFO -- Running job on the host machine

[FERMIHTC-APPTAINER]: INFO -- Running ./condor_exec.exe
Starting job on  Thu Jun 22 20:20:52 UTC 2023
Running on: Linux shardulr-32358581-253-cmswn2116.fnal.gov 3.10.0-1160.90.1.el7.x86_64 #1 SMP Thu Apr 27 13:14:20 CDT 2023 x86_64 x86_64 x86_64 GNU/Linux
System software: Scientific Linux release 7.9 (Nitrogen)
Running ls -alrth:
total 156K
-rw-r--r--  1 shardulr fnalgrid  11K Jun 22 20:20 .machine.ad
-rw-r--r--  1 shardulr fnalgrid 5.0K Jun 22 20:20 .job.ad
-rwx------  1 shardulr fnalgrid   49 Jun 22 20:20 .chirp.config
-rw-------  1 shardulr fnalgrid  11K Jun 22 20:20 x509up
drwxr-xr-x  2 shardulr fnalgrid 4.0K Jun 22 20:20 samples
-rw-r--r--  1 shardulr fnalgrid  62K Jun 22 20:20 singleStopAnalyzer.py
drwxr-xr-x  2 shardulr fnalgrid 4.0K Jun 22 20:20 framework
-rwxr-xr-x  1 shardulr fnalgrid  705 Jun 22 20:20 condor_exec.exe
-rw-r--r--  1 shardulr fnalgrid  951 Jun 22 20:20 bJetMatcher.py
-rw-r--r--  1 shardulr fnalgrid    0 Jun 22 20:20 docker_stderror
drwxrwxrwt  3 shardulr fnalgrid 4.0K Jun 22 20:20 var
drwxrwxrwt  2 shardulr fnalgrid 4.0K Jun 22 20:20 tmp
-rw-r--r--  1 shardulr fnalgrid  11K Jun 22 20:20 .update.ad
drwxr-xr-x  3 root     root     4.0K Jun 22 20:20 ..
srwxr-xr-x  1 shardulr fnalgrid    0 Jun 22 20:20 .docker_sock
-rw-r--r--  1 shardulr fnalgrid  113 Jun 22 20:20 _condor_stderr
drwx------  7 shardulr fnalgrid 4.0K Jun 22 20:20 .
drwxr-xr-x 17 shardulr fnalgrid 4.0K Jun 22 20:20 CMSSW_10_6_19_patch2
-rw-r--r--  1 shardulr fnalgrid  454 Jun 22 20:20 _condor_stdout
/storage/local/data1/condor/execute/dir_9070/CMSSW_10_6_19_patch2 is the CMSSW we created on the local worker node
Running over Data2018 files
Blinding data, only using CR cuts (0 loose b's)
Using UL 2018 campaign working points
Pre-select 72570 entries out of 1296412 (5.60%)
Processed    10000/   72570 entries, 13.78% (elapsed time    96.1s, curr speed    0.104 kHz, avg speed    0.104 kHz), accepted        0/   10001 events ( 0.00%)
Processed    20000/   72570 entries, 27.56% (elapsed time   179.8s, curr speed    0.119 kHz, avg speed    0.111 kHz), accepted        0/   20001 events ( 0.00%)
Processed    30000/   72570 entries, 41.34% (elapsed time   498.4s, curr speed    0.031 kHz, avg speed    0.060 kHz), accepted     1633/   30001 events ( 5.44%)
Processed    40000/   72570 entries, 55.12% (elapsed time   876.0s, curr speed    0.026 kHz, avg speed    0.046 kHz), accepted     3133/   40001 events ( 7.83%)
Processed    50000/   72570 entries, 68.90% (elapsed time  1239.4s, curr speed    0.028 kHz, avg speed    0.040 kHz), accepted     4829/   50001 events ( 9.66%)
Processed    60000/   72570 entries, 82.68% (elapsed time  1614.7s, curr speed    0.027 kHz, avg speed    0.037 kHz), accepted     6483/   60001 events (10.80%)
Processed    70000/   72570 entries, 96.46% (elapsed time  1993.4s, curr speed    0.026 kHz, avg speed    0.035 kHz), accepted     8112/   70001 events (11.59%)
Processed 72570 preselected entries from root://cmsxrootd.fnal.gov//store/data/Run2018D/JetHT/NANOAOD/UL2018_MiniAODv2_NanoAODv9-v2/2540000/06E9ADD2-6BBA-B04F-BECA-E03BD5F98DDD.root (1296412 entries). Finally selected 8670 entries
Total time 2328.3 sec. to process 1296412 events. Rate = 556.8 Hz.
Running pwd:
/storage/local/data1/condor/execute/dir_9070
Running ls -alrth:
total 168K
-rw-r--r--  1 shardulr fnalgrid  11K Jun 22 20:20 .machine.ad
-rw-r--r--  1 shardulr fnalgrid 5.0K Jun 22 20:20 .job.ad
-rwx------  1 shardulr fnalgrid   49 Jun 22 20:20 .chirp.config
-rw-------  1 shardulr fnalgrid  11K Jun 22 20:20 x509up
drwxr-xr-x  2 shardulr fnalgrid 4.0K Jun 22 20:20 samples
-rw-r--r--  1 shardulr fnalgrid  62K Jun 22 20:20 singleStopAnalyzer.py
-rwxr-xr-x  1 shardulr fnalgrid  705 Jun 22 20:20 condor_exec.exe
-rw-r--r--  1 shardulr fnalgrid  951 Jun 22 20:20 bJetMatcher.py
-rw-r--r--  1 shardulr fnalgrid    0 Jun 22 20:20 docker_stderror
drwxrwxrwt  3 shardulr fnalgrid 4.0K Jun 22 20:20 var
drwxrwxrwt  2 shardulr fnalgrid 4.0K Jun 22 20:20 tmp
drwxr-xr-x  3 root     root     4.0K Jun 22 20:20 ..
srwxr-xr-x  1 shardulr fnalgrid    0 Jun 22 20:20 .docker_sock
-rw-r--r--  1 shardulr fnalgrid  113 Jun 22 20:20 _condor_stderr
drwxr-xr-x 17 shardulr fnalgrid 4.0K Jun 22 20:20 CMSSW_10_6_19_patch2
drwxr-xr-x  2 shardulr fnalgrid 4.0K Jun 22 20:20 framework
-rw-r--r--  1 shardulr fnalgrid 1.7K Jun 22 20:20 bJetMatcher.pyc
drwxr-xr-x  3 shardulr fnalgrid 4.0K Jun 22 20:20 output
-rw-r--r--  1 shardulr fnalgrid  13K Jun 22 20:59 .update.ad
drwx------  8 shardulr fnalgrid 4.0K Jun 22 20:59 .
-rw-r--r--  1 shardulr fnalgrid 3.4K Jun 22 20:59 _condor_stdout
