[FERMIHTC-APPTAINER]: INFO -- No Apptainer image specified
[FERMIHTC-APPTAINER]: INFO -- Running job on the host machine

[FERMIHTC-APPTAINER]: INFO -- Running ./condor_exec.exe
Starting job on  Thu Jun 22 20:23:23 UTC 2023
Running on: Linux shardulr-32358581-448-cmswn2064.fnal.gov 3.10.0-1160.90.1.el7.x86_64 #1 SMP Thu Apr 27 13:14:20 CDT 2023 x86_64 x86_64 x86_64 GNU/Linux
System software: Scientific Linux release 7.9 (Nitrogen)
Running ls -alrth:
total 164K
-rw-r--r--  1 shardulr fnalgrid 5.0K Jun 22 20:23 .job.ad
-rw-r--r--  1 shardulr fnalgrid  14K Jun 22 20:23 .machine.ad
-rwx------  1 shardulr fnalgrid   49 Jun 22 20:23 .chirp.config
-rw-------  1 shardulr fnalgrid  11K Jun 22 20:23 x509up
drwxr-xr-x  2 shardulr fnalgrid 4.0K Jun 22 20:23 samples
drwxr-xr-x  2 shardulr fnalgrid 4.0K Jun 22 20:23 framework
-rw-r--r--  1 shardulr fnalgrid  62K Jun 22 20:23 singleStopAnalyzer.py
-rwxr-xr-x  1 shardulr fnalgrid  705 Jun 22 20:23 condor_exec.exe
-rw-r--r--  1 shardulr fnalgrid  951 Jun 22 20:23 bJetMatcher.py
-rw-r--r--  1 shardulr fnalgrid    0 Jun 22 20:23 docker_stderror
drwxrwxrwt  3 shardulr fnalgrid 4.0K Jun 22 20:23 var
drwxrwxrwt  2 shardulr fnalgrid 4.0K Jun 22 20:23 tmp
-rw-r--r--  1 shardulr fnalgrid  13K Jun 22 20:23 .update.ad
drwxr-xr-x  3 root     root     4.0K Jun 22 20:23 ..
srwxr-xr-x  1 shardulr fnalgrid    0 Jun 22 20:23 .docker_sock
-rw-r--r--  1 shardulr fnalgrid  113 Jun 22 20:23 _condor_stderr
drwx------  7 shardulr fnalgrid 4.0K Jun 22 20:23 .
drwxr-xr-x 17 shardulr fnalgrid 4.0K Jun 22 20:23 CMSSW_10_6_19_patch2
-rw-r--r--  1 shardulr fnalgrid  454 Jun 22 20:23 _condor_stdout
/storage/local/data1/condor/execute/dir_54602/CMSSW_10_6_19_patch2 is the CMSSW we created on the local worker node
Running over Data2018 files
Blinding data, only using CR cuts (0 loose b's)
Using UL 2018 campaign working points
Pre-select 93568 entries out of 2040135 (4.59%)
Processed    10000/   93568 entries, 10.69% (elapsed time    32.2s, curr speed    0.311 kHz, avg speed    0.311 kHz), accepted     1816/   10001 events (18.16%)
Processed    20000/   93568 entries, 21.37% (elapsed time    61.9s, curr speed    0.336 kHz, avg speed    0.323 kHz), accepted     3580/   20001 events (17.90%)
Processed    30000/   93568 entries, 32.06% (elapsed time    88.7s, curr speed    0.373 kHz, avg speed    0.338 kHz), accepted     5395/   30001 events (17.98%)
Processed    40000/   93568 entries, 42.75% (elapsed time   113.8s, curr speed    0.399 kHz, avg speed    0.352 kHz), accepted     7217/   40001 events (18.04%)
Processed    50000/   93568 entries, 53.44% (elapsed time   139.3s, curr speed    0.392 kHz, avg speed    0.359 kHz), accepted     9045/   50001 events (18.09%)
Processed    60000/   93568 entries, 64.12% (elapsed time   165.1s, curr speed    0.386 kHz, avg speed    0.363 kHz), accepted    10947/   60001 events (18.24%)
Processed    70000/   93568 entries, 74.81% (elapsed time   191.5s, curr speed    0.379 kHz, avg speed    0.366 kHz), accepted    12955/   70001 events (18.51%)
Processed    80000/   93568 entries, 85.50% (elapsed time   216.6s, curr speed    0.399 kHz, avg speed    0.369 kHz), accepted    14542/   80001 events (18.18%)
Processed    90000/   93568 entries, 96.19% (elapsed time   233.5s, curr speed    0.589 kHz, avg speed    0.385 kHz), accepted    15257/   90001 events (16.95%)
Processed 93568 preselected entries from root://cmsxrootd.fnal.gov//store/data/Run2018D/JetHT/NANOAOD/UL2018_MiniAODv2_NanoAODv9-v2/2430000/AEE8BE3B-1857-5647-B985-0A052A2CC944.root (2040135 entries). Finally selected 15865 entries
Total time 256.4 sec. to process 2040135 events. Rate = 7958.0 Hz.
Running pwd:
/storage/local/data1/condor/execute/dir_54602
Running ls -alrth:
total 172K
-rw-r--r--  1 shardulr fnalgrid 5.0K Jun 22 20:23 .job.ad
-rw-r--r--  1 shardulr fnalgrid  14K Jun 22 20:23 .machine.ad
-rwx------  1 shardulr fnalgrid   49 Jun 22 20:23 .chirp.config
-rw-------  1 shardulr fnalgrid  11K Jun 22 20:23 x509up
drwxr-xr-x  2 shardulr fnalgrid 4.0K Jun 22 20:23 samples
-rw-r--r--  1 shardulr fnalgrid  62K Jun 22 20:23 singleStopAnalyzer.py
-rwxr-xr-x  1 shardulr fnalgrid  705 Jun 22 20:23 condor_exec.exe
-rw-r--r--  1 shardulr fnalgrid  951 Jun 22 20:23 bJetMatcher.py
-rw-r--r--  1 shardulr fnalgrid    0 Jun 22 20:23 docker_stderror
drwxrwxrwt  3 shardulr fnalgrid 4.0K Jun 22 20:23 var
drwxrwxrwt  2 shardulr fnalgrid 4.0K Jun 22 20:23 tmp
drwxr-xr-x  3 root     root     4.0K Jun 22 20:23 ..
srwxr-xr-x  1 shardulr fnalgrid    0 Jun 22 20:23 .docker_sock
drwxr-xr-x 17 shardulr fnalgrid 4.0K Jun 22 20:23 CMSSW_10_6_19_patch2
drwxr-xr-x  2 shardulr fnalgrid 4.0K Jun 22 20:23 framework
-rw-r--r--  1 shardulr fnalgrid 1.7K Jun 22 20:23 bJetMatcher.pyc
drwxr-xr-x  3 shardulr fnalgrid 4.0K Jun 22 20:23 output
-rw-r--r--  1 shardulr fnalgrid  215 Jun 22 20:23 _condor_stderr
-rw-r--r--  1 shardulr fnalgrid  13K Jun 22 20:27 .update.ad
drwx------  8 shardulr fnalgrid 4.0K Jun 22 20:27 .
-rw-r--r--  1 shardulr fnalgrid 3.7K Jun 22 20:27 _condor_stdout
