[FERMIHTC-APPTAINER]: INFO -- No Apptainer image specified
[FERMIHTC-APPTAINER]: INFO -- Running job on the host machine

[FERMIHTC-APPTAINER]: INFO -- Running ./condor_exec.exe
Starting job on  Thu Jun 22 20:24:50 UTC 2023
Running on: Linux shardulr-32358581-452-cmswn2104.fnal.gov 3.10.0-1160.90.1.el7.x86_64 #1 SMP Thu Apr 27 13:14:20 CDT 2023 x86_64 x86_64 x86_64 GNU/Linux
System software: Scientific Linux release 7.9 (Nitrogen)
Running ls -alrth:
total 164K
-rw-r--r--  1 shardulr fnalgrid 5.0K Jun 22 20:23 .job.ad
-rw-r--r--  1 shardulr fnalgrid  14K Jun 22 20:23 .machine.ad
-rwx------  1 shardulr fnalgrid   49 Jun 22 20:23 .chirp.config
-rw-------  1 shardulr fnalgrid  11K Jun 22 20:24 x509up
drwxr-xr-x  2 shardulr fnalgrid 4.0K Jun 22 20:24 samples
drwxr-xr-x  2 shardulr fnalgrid 4.0K Jun 22 20:24 framework
-rw-r--r--  1 shardulr fnalgrid  62K Jun 22 20:24 singleStopAnalyzer.py
-rwxr-xr-x  1 shardulr fnalgrid  705 Jun 22 20:24 condor_exec.exe
-rw-r--r--  1 shardulr fnalgrid  951 Jun 22 20:24 bJetMatcher.py
-rw-r--r--  1 shardulr fnalgrid    0 Jun 22 20:24 docker_stderror
drwxrwxrwt  2 shardulr fnalgrid 4.0K Jun 22 20:24 tmp
drwxrwxrwt  3 shardulr fnalgrid 4.0K Jun 22 20:24 var
drwxr-xr-x  3 root     root     4.0K Jun 22 20:24 ..
srwxr-xr-x  1 shardulr fnalgrid    0 Jun 22 20:24 .docker_sock
-rw-r--r--  1 shardulr fnalgrid  13K Jun 22 20:24 .update.ad
-rw-r--r--  1 shardulr fnalgrid  113 Jun 22 20:24 _condor_stderr
drwx------  7 shardulr fnalgrid 4.0K Jun 22 20:24 .
drwxr-xr-x 17 shardulr fnalgrid 4.0K Jun 22 20:24 CMSSW_10_6_19_patch2
-rw-r--r--  1 shardulr fnalgrid  454 Jun 22 20:24 _condor_stdout
/storage/local/data1/condor/execute/dir_9123/CMSSW_10_6_19_patch2 is the CMSSW we created on the local worker node
Running over Data2018 files
Blinding data, only using CR cuts (0 loose b's)
Using UL 2018 campaign working points
Pre-select 86665 entries out of 2031627 (4.27%)
Processed    10000/   86665 entries, 11.54% (elapsed time    27.3s, curr speed    0.367 kHz, avg speed    0.367 kHz), accepted     1896/   10001 events (18.96%)
Processed    20000/   86665 entries, 23.08% (elapsed time    53.1s, curr speed    0.387 kHz, avg speed    0.376 kHz), accepted     3749/   20001 events (18.74%)
Processed    30000/   86665 entries, 34.62% (elapsed time    80.2s, curr speed    0.369 kHz, avg speed    0.374 kHz), accepted     5590/   30001 events (18.63%)
Processed    40000/   86665 entries, 46.15% (elapsed time   105.5s, curr speed    0.396 kHz, avg speed    0.379 kHz), accepted     7281/   40001 events (18.20%)
Processed    50000/   86665 entries, 57.69% (elapsed time   129.8s, curr speed    0.412 kHz, avg speed    0.385 kHz), accepted     8890/   50001 events (17.78%)
Processed    60000/   86665 entries, 69.23% (elapsed time   154.7s, curr speed    0.402 kHz, avg speed    0.388 kHz), accepted    10705/   60001 events (17.84%)
Processed    70000/   86665 entries, 80.77% (elapsed time   178.8s, curr speed    0.415 kHz, avg speed    0.392 kHz), accepted    12291/   70001 events (17.56%)
Processed    80000/   86665 entries, 92.31% (elapsed time   202.7s, curr speed    0.417 kHz, avg speed    0.395 kHz), accepted    13885/   80001 events (17.36%)
Processed 86665 preselected entries from root://cmsxrootd.fnal.gov//store/data/Run2018D/JetHT/NANOAOD/UL2018_MiniAODv2_NanoAODv9-v2/2430000/598BD07B-AF6D-294A-BBAE-03D7B44CC415.root (2031627 entries). Finally selected 14971 entries
Total time 227.5 sec. to process 2031627 events. Rate = 8930.5 Hz.
Running pwd:
/storage/local/data1/condor/execute/dir_9123
Running ls -alrth:
total 172K
-rw-r--r--  1 shardulr fnalgrid 5.0K Jun 22 20:23 .job.ad
-rw-r--r--  1 shardulr fnalgrid  14K Jun 22 20:23 .machine.ad
-rwx------  1 shardulr fnalgrid   49 Jun 22 20:23 .chirp.config
-rw-------  1 shardulr fnalgrid  11K Jun 22 20:24 x509up
drwxr-xr-x  2 shardulr fnalgrid 4.0K Jun 22 20:24 samples
-rw-r--r--  1 shardulr fnalgrid  62K Jun 22 20:24 singleStopAnalyzer.py
-rwxr-xr-x  1 shardulr fnalgrid  705 Jun 22 20:24 condor_exec.exe
-rw-r--r--  1 shardulr fnalgrid  951 Jun 22 20:24 bJetMatcher.py
-rw-r--r--  1 shardulr fnalgrid    0 Jun 22 20:24 docker_stderror
drwxrwxrwt  2 shardulr fnalgrid 4.0K Jun 22 20:24 tmp
drwxrwxrwt  3 shardulr fnalgrid 4.0K Jun 22 20:24 var
drwxr-xr-x  3 root     root     4.0K Jun 22 20:24 ..
srwxr-xr-x  1 shardulr fnalgrid    0 Jun 22 20:24 .docker_sock
drwxr-xr-x 17 shardulr fnalgrid 4.0K Jun 22 20:24 CMSSW_10_6_19_patch2
drwxr-xr-x  2 shardulr fnalgrid 4.0K Jun 22 20:24 framework
-rw-r--r--  1 shardulr fnalgrid 1.7K Jun 22 20:24 bJetMatcher.pyc
drwxr-xr-x  3 shardulr fnalgrid 4.0K Jun 22 20:24 output
-rw-r--r--  1 shardulr fnalgrid  215 Jun 22 20:24 _condor_stderr
-rw-r--r--  1 shardulr fnalgrid  13K Jun 22 20:28 .update.ad
drwx------  8 shardulr fnalgrid 4.0K Jun 22 20:28 .
-rw-r--r--  1 shardulr fnalgrid 3.5K Jun 22 20:28 _condor_stdout
