[FERMIHTC-APPTAINER]: INFO -- No Apptainer image specified
[FERMIHTC-APPTAINER]: INFO -- Running job on the host machine

[FERMIHTC-APPTAINER]: INFO -- Running ./condor_exec.exe
Starting job on  Thu Jun 22 20:24:33 UTC 2023
Running on: Linux shardulr-32358581-464-cmswn2048.fnal.gov 3.10.0-1160.90.1.el7.x86_64 #1 SMP Thu Apr 27 13:14:20 CDT 2023 x86_64 x86_64 x86_64 GNU/Linux
System software: Scientific Linux release 7.9 (Nitrogen)
Running ls -alrth:
total 164K
-rw-r--r--  1 shardulr fnalgrid 5.0K Jun 22 20:23 .job.ad
-rw-r--r--  1 shardulr fnalgrid  13K Jun 22 20:23 .machine.ad
-rwx------  1 shardulr fnalgrid   49 Jun 22 20:23 .chirp.config
-rw-------  1 shardulr fnalgrid  11K Jun 22 20:24 x509up
drwxr-xr-x  2 shardulr fnalgrid 4.0K Jun 22 20:24 samples
-rw-r--r--  1 shardulr fnalgrid  62K Jun 22 20:24 singleStopAnalyzer.py
drwxr-xr-x  2 shardulr fnalgrid 4.0K Jun 22 20:24 framework
-rwxr-xr-x  1 shardulr fnalgrid  705 Jun 22 20:24 condor_exec.exe
-rw-r--r--  1 shardulr fnalgrid  951 Jun 22 20:24 bJetMatcher.py
-rw-r--r--  1 shardulr fnalgrid    0 Jun 22 20:24 docker_stderror
drwxrwxrwt  3 shardulr fnalgrid 4.0K Jun 22 20:24 var
drwxrwxrwt  2 shardulr fnalgrid 4.0K Jun 22 20:24 tmp
-rw-r--r--  1 shardulr fnalgrid  13K Jun 22 20:24 .update.ad
drwxr-xr-x  3 root     root     4.0K Jun 22 20:24 ..
srwxr-xr-x  1 shardulr fnalgrid    0 Jun 22 20:24 .docker_sock
-rw-r--r--  1 shardulr fnalgrid  113 Jun 22 20:24 _condor_stderr
drwx------  7 shardulr fnalgrid 4.0K Jun 22 20:24 .
drwxr-xr-x 17 shardulr fnalgrid 4.0K Jun 22 20:24 CMSSW_10_6_19_patch2
-rw-r--r--  1 shardulr fnalgrid  454 Jun 22 20:24 _condor_stdout
/storage/local/data1/condor/execute/dir_26980/CMSSW_10_6_19_patch2 is the CMSSW we created on the local worker node
Running over Data2018 files
Blinding data, only using CR cuts (0 loose b's)
Using UL 2018 campaign working points
Pre-select 92828 entries out of 2263562 (4.10%)
Processed    10000/   92828 entries, 10.77% (elapsed time    29.5s, curr speed    0.339 kHz, avg speed    0.339 kHz), accepted     1427/   10001 events (14.27%)
Processed    20000/   92828 entries, 21.55% (elapsed time    59.9s, curr speed    0.329 kHz, avg speed    0.334 kHz), accepted     2933/   20001 events (14.66%)
Processed    30000/   92828 entries, 32.32% (elapsed time    89.4s, curr speed    0.339 kHz, avg speed    0.336 kHz), accepted     4574/   30001 events (15.25%)
Processed    40000/   92828 entries, 43.09% (elapsed time   118.7s, curr speed    0.341 kHz, avg speed    0.337 kHz), accepted     6266/   40001 events (15.66%)
Processed    50000/   92828 entries, 53.86% (elapsed time   148.0s, curr speed    0.342 kHz, avg speed    0.338 kHz), accepted     7897/   50001 events (15.79%)
Processed    60000/   92828 entries, 64.64% (elapsed time   176.9s, curr speed    0.345 kHz, avg speed    0.339 kHz), accepted     9516/   60001 events (15.86%)
Processed    70000/   92828 entries, 75.41% (elapsed time   206.2s, curr speed    0.342 kHz, avg speed    0.339 kHz), accepted    11214/   70001 events (16.02%)
Processed    80000/   92828 entries, 86.18% (elapsed time   238.3s, curr speed    0.312 kHz, avg speed    0.336 kHz), accepted    12877/   80001 events (16.10%)
Processed    90000/   92828 entries, 96.95% (elapsed time   274.2s, curr speed    0.278 kHz, avg speed    0.328 kHz), accepted    14729/   90001 events (16.37%)
Processed 92828 preselected entries from root://cmsxrootd.fnal.gov//store/data/Run2018D/JetHT/NANOAOD/UL2018_MiniAODv2_NanoAODv9-v2/2430000/8CA5132E-E9B3-5842-AFB7-3498C7218905.root (2263562 entries). Finally selected 15247 entries
Total time 297.6 sec. to process 2263562 events. Rate = 7605.6 Hz.
Running pwd:
/storage/local/data1/condor/execute/dir_26980
Running ls -alrth:
total 172K
-rw-r--r--  1 shardulr fnalgrid 5.0K Jun 22 20:23 .job.ad
-rw-r--r--  1 shardulr fnalgrid  13K Jun 22 20:23 .machine.ad
-rwx------  1 shardulr fnalgrid   49 Jun 22 20:23 .chirp.config
-rw-------  1 shardulr fnalgrid  11K Jun 22 20:24 x509up
drwxr-xr-x  2 shardulr fnalgrid 4.0K Jun 22 20:24 samples
-rw-r--r--  1 shardulr fnalgrid  62K Jun 22 20:24 singleStopAnalyzer.py
-rwxr-xr-x  1 shardulr fnalgrid  705 Jun 22 20:24 condor_exec.exe
-rw-r--r--  1 shardulr fnalgrid  951 Jun 22 20:24 bJetMatcher.py
-rw-r--r--  1 shardulr fnalgrid    0 Jun 22 20:24 docker_stderror
drwxrwxrwt  3 shardulr fnalgrid 4.0K Jun 22 20:24 var
drwxrwxrwt  2 shardulr fnalgrid 4.0K Jun 22 20:24 tmp
drwxr-xr-x  3 root     root     4.0K Jun 22 20:24 ..
srwxr-xr-x  1 shardulr fnalgrid    0 Jun 22 20:24 .docker_sock
drwxr-xr-x 17 shardulr fnalgrid 4.0K Jun 22 20:24 CMSSW_10_6_19_patch2
drwxr-xr-x  2 shardulr fnalgrid 4.0K Jun 22 20:24 framework
-rw-r--r--  1 shardulr fnalgrid 1.7K Jun 22 20:24 bJetMatcher.pyc
drwxr-xr-x  3 shardulr fnalgrid 4.0K Jun 22 20:24 output
-rw-r--r--  1 shardulr fnalgrid  215 Jun 22 20:24 _condor_stderr
-rw-r--r--  1 shardulr fnalgrid  13K Jun 22 20:28 .update.ad
drwx------  8 shardulr fnalgrid 4.0K Jun 22 20:28 .
-rw-r--r--  1 shardulr fnalgrid 3.7K Jun 22 20:29 _condor_stdout
