[FERMIHTC-APPTAINER]: INFO -- No Apptainer image specified
[FERMIHTC-APPTAINER]: INFO -- Running job on the host machine

[FERMIHTC-APPTAINER]: INFO -- Running ./condor_exec.exe
Starting job on  Thu Jun 22 20:18:54 UTC 2023
Running on: Linux shardulr-32358581-21-cmswn2116.fnal.gov 3.10.0-1160.90.1.el7.x86_64 #1 SMP Thu Apr 27 13:14:20 CDT 2023 x86_64 x86_64 x86_64 GNU/Linux
System software: Scientific Linux release 7.9 (Nitrogen)
Running ls -alrth:
total 156K
-rw-r--r--  1 shardulr fnalgrid 5.0K Jun 22 20:18 .job.ad
-rw-r--r--  1 shardulr fnalgrid  11K Jun 22 20:18 .machine.ad
-rwx------  1 shardulr fnalgrid   49 Jun 22 20:18 .chirp.config
-rw-------  1 shardulr fnalgrid  11K Jun 22 20:18 x509up
drwxr-xr-x  2 shardulr fnalgrid 4.0K Jun 22 20:18 samples
drwxr-xr-x  2 shardulr fnalgrid 4.0K Jun 22 20:18 framework
-rw-r--r--  1 shardulr fnalgrid  62K Jun 22 20:18 singleStopAnalyzer.py
-rwxr-xr-x  1 shardulr fnalgrid  704 Jun 22 20:18 condor_exec.exe
-rw-r--r--  1 shardulr fnalgrid  951 Jun 22 20:18 bJetMatcher.py
-rw-r--r--  1 shardulr fnalgrid    0 Jun 22 20:18 docker_stderror
drwxrwxrwt  3 shardulr fnalgrid 4.0K Jun 22 20:18 var
drwxrwxrwt  2 shardulr fnalgrid 4.0K Jun 22 20:18 tmp
-rw-r--r--  1 shardulr fnalgrid  11K Jun 22 20:18 .update.ad
drwxr-xr-x  3 root     root     4.0K Jun 22 20:18 ..
srwxr-xr-x  1 shardulr fnalgrid    0 Jun 22 20:18 .docker_sock
-rw-r--r--  1 shardulr fnalgrid  113 Jun 22 20:18 _condor_stderr
drwx------  7 shardulr fnalgrid 4.0K Jun 22 20:18 .
drwxr-xr-x 17 shardulr fnalgrid 4.0K Jun 22 20:18 CMSSW_10_6_19_patch2
-rw-r--r--  1 shardulr fnalgrid  453 Jun 22 20:18 _condor_stdout
/storage/local/data1/condor/execute/dir_7943/CMSSW_10_6_19_patch2 is the CMSSW we created on the local worker node
Running over Data2018 files
Blinding data, only using CR cuts (0 loose b's)
Using UL 2018 campaign working points
Pre-select 35877 entries out of 938762 (3.82%)
Processed    10000/   35877 entries, 27.87% (elapsed time   204.4s, curr speed    0.049 kHz, avg speed    0.049 kHz), accepted     1420/   10001 events (14.20%)
Processed    20000/   35877 entries, 55.75% (elapsed time   379.9s, curr speed    0.057 kHz, avg speed    0.053 kHz), accepted     3151/   20001 events (15.75%)
Processed    30000/   35877 entries, 83.62% (elapsed time   542.5s, curr speed    0.062 kHz, avg speed    0.055 kHz), accepted     4830/   30001 events (16.10%)
Processed 35877 preselected entries from root://cmsxrootd.fnal.gov//store/data/Run2018A/JetHT/NANOAOD/UL2018_MiniAODv2_NanoAODv9-v2/250000/B0FCF331-DDAE-1B41-BAD1-3D6812F96671.root (938762 entries). Finally selected 5821 entries
Total time 749.4 sec. to process 938762 events. Rate = 1252.6 Hz.
Running pwd:
/storage/local/data1/condor/execute/dir_7943
Running ls -alrth:
total 164K
-rw-r--r--  1 shardulr fnalgrid 5.0K Jun 22 20:18 .job.ad
-rw-r--r--  1 shardulr fnalgrid  11K Jun 22 20:18 .machine.ad
-rwx------  1 shardulr fnalgrid   49 Jun 22 20:18 .chirp.config
-rw-------  1 shardulr fnalgrid  11K Jun 22 20:18 x509up
drwxr-xr-x  2 shardulr fnalgrid 4.0K Jun 22 20:18 samples
-rw-r--r--  1 shardulr fnalgrid  62K Jun 22 20:18 singleStopAnalyzer.py
-rwxr-xr-x  1 shardulr fnalgrid  704 Jun 22 20:18 condor_exec.exe
-rw-r--r--  1 shardulr fnalgrid  951 Jun 22 20:18 bJetMatcher.py
-rw-r--r--  1 shardulr fnalgrid    0 Jun 22 20:18 docker_stderror
drwxrwxrwt  3 shardulr fnalgrid 4.0K Jun 22 20:18 var
drwxrwxrwt  2 shardulr fnalgrid 4.0K Jun 22 20:18 tmp
drwxr-xr-x  3 root     root     4.0K Jun 22 20:18 ..
srwxr-xr-x  1 shardulr fnalgrid    0 Jun 22 20:18 .docker_sock
-rw-r--r--  1 shardulr fnalgrid  113 Jun 22 20:18 _condor_stderr
drwxr-xr-x 17 shardulr fnalgrid 4.0K Jun 22 20:18 CMSSW_10_6_19_patch2
drwxr-xr-x  2 shardulr fnalgrid 4.0K Jun 22 20:18 framework
-rw-r--r--  1 shardulr fnalgrid 1.7K Jun 22 20:18 bJetMatcher.pyc
drwxr-xr-x  3 shardulr fnalgrid 4.0K Jun 22 20:18 output
-rw-r--r--  1 shardulr fnalgrid  12K Jun 22 20:30 .update.ad
drwx------  8 shardulr fnalgrid 4.0K Jun 22 20:30 .
-rw-r--r--  1 shardulr fnalgrid 2.7K Jun 22 20:31 _condor_stdout
