[FERMIHTC-APPTAINER]: INFO -- No Apptainer image specified
[FERMIHTC-APPTAINER]: INFO -- Running job on the host machine

[FERMIHTC-APPTAINER]: INFO -- Running ./condor_exec.exe
Starting job on  Thu Jun 22 20:20:57 UTC 2023
Running on: Linux shardulr-32358581-237-cmswn2073.fnal.gov 3.10.0-1160.90.1.el7.x86_64 #1 SMP Thu Apr 27 13:14:20 CDT 2023 x86_64 x86_64 x86_64 GNU/Linux
System software: Scientific Linux release 7.9 (Nitrogen)
Running ls -alrth:
total 156K
-rw-r--r--  1 shardulr fnalgrid  11K Jun 22 20:20 .machine.ad
-rw-r--r--  1 shardulr fnalgrid 5.0K Jun 22 20:20 .job.ad
-rwx------  1 shardulr fnalgrid   49 Jun 22 20:20 .chirp.config
-rw-------  1 shardulr fnalgrid  11K Jun 22 20:20 x509up
drwxr-xr-x  2 shardulr fnalgrid 4.0K Jun 22 20:20 samples
drwxr-xr-x  2 shardulr fnalgrid 4.0K Jun 22 20:20 framework
-rw-r--r--  1 shardulr fnalgrid  62K Jun 22 20:20 singleStopAnalyzer.py
-rwxr-xr-x  1 shardulr fnalgrid  705 Jun 22 20:20 condor_exec.exe
-rw-r--r--  1 shardulr fnalgrid  951 Jun 22 20:20 bJetMatcher.py
-rw-r--r--  1 shardulr fnalgrid    0 Jun 22 20:20 docker_stderror
drwxrwxrwt  2 shardulr fnalgrid 4.0K Jun 22 20:20 tmp
drwxrwxrwt  3 shardulr fnalgrid 4.0K Jun 22 20:20 var
-rw-r--r--  1 shardulr fnalgrid  11K Jun 22 20:20 .update.ad
drwxr-xr-x  3 root     root     4.0K Jun 22 20:20 ..
srwxr-xr-x  1 shardulr fnalgrid    0 Jun 22 20:20 .docker_sock
-rw-r--r--  1 shardulr fnalgrid  113 Jun 22 20:20 _condor_stderr
drwx------  7 shardulr fnalgrid 4.0K Jun 22 20:20 .
drwxr-xr-x 17 shardulr fnalgrid 4.0K Jun 22 20:20 CMSSW_10_6_19_patch2
-rw-r--r--  1 shardulr fnalgrid  454 Jun 22 20:20 _condor_stdout
/storage/local/data1/condor/execute/dir_63634/CMSSW_10_6_19_patch2 is the CMSSW we created on the local worker node
Running over Data2018 files
Blinding data, only using CR cuts (0 loose b's)
Using UL 2018 campaign working points
Pre-select 48013 entries out of 1145197 (4.19%)
Processed    10000/   48013 entries, 20.83% (elapsed time    69.7s, curr speed    0.143 kHz, avg speed    0.143 kHz), accepted     1672/   10001 events (16.72%)
Processed    20000/   48013 entries, 41.66% (elapsed time   140.3s, curr speed    0.142 kHz, avg speed    0.143 kHz), accepted     3298/   20001 events (16.49%)
Processed    30000/   48013 entries, 62.48% (elapsed time   209.2s, curr speed    0.145 kHz, avg speed    0.143 kHz), accepted     4865/   30001 events (16.22%)
Processed    40000/   48013 entries, 83.31% (elapsed time   277.6s, curr speed    0.146 kHz, avg speed    0.144 kHz), accepted     6438/   40001 events (16.09%)
Processed 48013 preselected entries from root://cmsxrootd.fnal.gov//store/data/Run2018C/JetHT/NANOAOD/UL2018_MiniAODv2_NanoAODv9-v1/130000/0AAA356D-7531-CD40-A4B1-A12F77FF2652.root (1145197 entries). Finally selected 7716 entries
Total time 367.6 sec. to process 1145197 events. Rate = 3115.5 Hz.
Running pwd:
/storage/local/data1/condor/execute/dir_63634
Running ls -alrth:
total 164K
-rw-r--r--  1 shardulr fnalgrid  11K Jun 22 20:20 .machine.ad
-rw-r--r--  1 shardulr fnalgrid 5.0K Jun 22 20:20 .job.ad
-rwx------  1 shardulr fnalgrid   49 Jun 22 20:20 .chirp.config
-rw-------  1 shardulr fnalgrid  11K Jun 22 20:20 x509up
drwxr-xr-x  2 shardulr fnalgrid 4.0K Jun 22 20:20 samples
-rw-r--r--  1 shardulr fnalgrid  62K Jun 22 20:20 singleStopAnalyzer.py
-rwxr-xr-x  1 shardulr fnalgrid  705 Jun 22 20:20 condor_exec.exe
-rw-r--r--  1 shardulr fnalgrid  951 Jun 22 20:20 bJetMatcher.py
-rw-r--r--  1 shardulr fnalgrid    0 Jun 22 20:20 docker_stderror
drwxrwxrwt  2 shardulr fnalgrid 4.0K Jun 22 20:20 tmp
drwxrwxrwt  3 shardulr fnalgrid 4.0K Jun 22 20:20 var
drwxr-xr-x  3 root     root     4.0K Jun 22 20:20 ..
srwxr-xr-x  1 shardulr fnalgrid    0 Jun 22 20:20 .docker_sock
-rw-r--r--  1 shardulr fnalgrid  113 Jun 22 20:20 _condor_stderr
drwxr-xr-x 17 shardulr fnalgrid 4.0K Jun 22 20:20 CMSSW_10_6_19_patch2
drwxr-xr-x  2 shardulr fnalgrid 4.0K Jun 22 20:21 framework
-rw-r--r--  1 shardulr fnalgrid 1.7K Jun 22 20:21 bJetMatcher.pyc
drwxr-xr-x  3 shardulr fnalgrid 4.0K Jun 22 20:21 output
-rw-r--r--  1 shardulr fnalgrid  12K Jun 22 20:26 .update.ad
drwx------  8 shardulr fnalgrid 4.0K Jun 22 20:26 .
-rw-r--r--  1 shardulr fnalgrid 2.9K Jun 22 20:27 _condor_stdout
