[FERMIHTC-APPTAINER]: INFO -- No Apptainer image specified
[FERMIHTC-APPTAINER]: INFO -- Running job on the host machine

[FERMIHTC-APPTAINER]: INFO -- Running ./condor_exec.exe
Starting job on  Thu Jun 22 20:22:29 UTC 2023
Running on: Linux shardulr-32358581-374-cmswn2067.fnal.gov 3.10.0-1160.90.1.el7.x86_64 #1 SMP Thu Apr 27 13:14:20 CDT 2023 x86_64 x86_64 x86_64 GNU/Linux
System software: Scientific Linux release 7.9 (Nitrogen)
Running ls -alrth:
total 156K
-rw-r--r--  1 shardulr fnalgrid  12K Jun 22 20:22 .machine.ad
-rw-r--r--  1 shardulr fnalgrid 5.0K Jun 22 20:22 .job.ad
-rwx------  1 shardulr fnalgrid   49 Jun 22 20:22 .chirp.config
-rw-------  1 shardulr fnalgrid  11K Jun 22 20:22 x509up
drwxr-xr-x  2 shardulr fnalgrid 4.0K Jun 22 20:22 samples
drwxr-xr-x  2 shardulr fnalgrid 4.0K Jun 22 20:22 framework
-rw-r--r--  1 shardulr fnalgrid  62K Jun 22 20:22 singleStopAnalyzer.py
-rwxr-xr-x  1 shardulr fnalgrid  705 Jun 22 20:22 condor_exec.exe
-rw-r--r--  1 shardulr fnalgrid  951 Jun 22 20:22 bJetMatcher.py
-rw-r--r--  1 shardulr fnalgrid    0 Jun 22 20:22 docker_stderror
drwxrwxrwt  2 shardulr fnalgrid 4.0K Jun 22 20:22 tmp
drwxrwxrwt  3 shardulr fnalgrid 4.0K Jun 22 20:22 var
-rw-r--r--  1 shardulr fnalgrid  11K Jun 22 20:22 .update.ad
drwxr-xr-x  3 root     root     4.0K Jun 22 20:22 ..
srwxr-xr-x  1 shardulr fnalgrid    0 Jun 22 20:22 .docker_sock
-rw-r--r--  1 shardulr fnalgrid  113 Jun 22 20:22 _condor_stderr
drwx------  7 shardulr fnalgrid 4.0K Jun 22 20:22 .
drwxr-xr-x 17 shardulr fnalgrid 4.0K Jun 22 20:22 CMSSW_10_6_19_patch2
-rw-r--r--  1 shardulr fnalgrid  454 Jun 22 20:22 _condor_stdout
/storage/local/data1/condor/execute/dir_26590/CMSSW_10_6_19_patch2 is the CMSSW we created on the local worker node
Running over Data2018 files
Blinding data, only using CR cuts (0 loose b's)
Using UL 2018 campaign working points
Pre-select 85215 entries out of 2015473 (4.23%)
Processed    10000/   85215 entries, 11.74% (elapsed time    29.7s, curr speed    0.337 kHz, avg speed    0.337 kHz), accepted     1751/   10001 events (17.51%)
Processed    20000/   85215 entries, 23.47% (elapsed time    60.5s, curr speed    0.325 kHz, avg speed    0.331 kHz), accepted     3297/   20001 events (16.48%)
Processed    30000/   85215 entries, 35.21% (elapsed time    92.5s, curr speed    0.312 kHz, avg speed    0.324 kHz), accepted     4936/   30001 events (16.45%)
Processed    40000/   85215 entries, 46.94% (elapsed time   127.5s, curr speed    0.286 kHz, avg speed    0.314 kHz), accepted     6835/   40001 events (17.09%)
Processed    50000/   85215 entries, 58.68% (elapsed time   160.4s, curr speed    0.304 kHz, avg speed    0.312 kHz), accepted     8570/   50001 events (17.14%)
Processed    60000/   85215 entries, 70.41% (elapsed time   191.6s, curr speed    0.321 kHz, avg speed    0.313 kHz), accepted    10239/   60001 events (17.06%)
Processed    70000/   85215 entries, 82.15% (elapsed time   223.9s, curr speed    0.310 kHz, avg speed    0.313 kHz), accepted    12104/   70001 events (17.29%)
Processed    80000/   85215 entries, 93.88% (elapsed time   255.2s, curr speed    0.320 kHz, avg speed    0.314 kHz), accepted    13762/   80001 events (17.20%)
Processed 85215 preselected entries from root://cmsxrootd.fnal.gov//store/data/Run2018D/JetHT/NANOAOD/UL2018_MiniAODv2_NanoAODv9-v2/2810000/8651628E-5E09-B24B-AC68-83528C34594B.root (2015473 entries). Finally selected 14601 entries
Total time 281.2 sec. to process 2015473 events. Rate = 7167.4 Hz.
Running pwd:
/storage/local/data1/condor/execute/dir_26590
Running ls -alrth:
total 164K
-rw-r--r--  1 shardulr fnalgrid  12K Jun 22 20:22 .machine.ad
-rw-r--r--  1 shardulr fnalgrid 5.0K Jun 22 20:22 .job.ad
-rwx------  1 shardulr fnalgrid   49 Jun 22 20:22 .chirp.config
-rw-------  1 shardulr fnalgrid  11K Jun 22 20:22 x509up
drwxr-xr-x  2 shardulr fnalgrid 4.0K Jun 22 20:22 samples
-rw-r--r--  1 shardulr fnalgrid  62K Jun 22 20:22 singleStopAnalyzer.py
-rwxr-xr-x  1 shardulr fnalgrid  705 Jun 22 20:22 condor_exec.exe
-rw-r--r--  1 shardulr fnalgrid  951 Jun 22 20:22 bJetMatcher.py
-rw-r--r--  1 shardulr fnalgrid    0 Jun 22 20:22 docker_stderror
drwxrwxrwt  2 shardulr fnalgrid 4.0K Jun 22 20:22 tmp
drwxrwxrwt  3 shardulr fnalgrid 4.0K Jun 22 20:22 var
drwxr-xr-x  3 root     root     4.0K Jun 22 20:22 ..
srwxr-xr-x  1 shardulr fnalgrid    0 Jun 22 20:22 .docker_sock
drwxr-xr-x 17 shardulr fnalgrid 4.0K Jun 22 20:22 CMSSW_10_6_19_patch2
drwxr-xr-x  2 shardulr fnalgrid 4.0K Jun 22 20:22 framework
-rw-r--r--  1 shardulr fnalgrid 1.7K Jun 22 20:22 bJetMatcher.pyc
drwxr-xr-x  3 shardulr fnalgrid 4.0K Jun 22 20:22 output
-rw-r--r--  1 shardulr fnalgrid  215 Jun 22 20:22 _condor_stderr
-rw-r--r--  1 shardulr fnalgrid  11K Jun 22 20:27 .update.ad
drwx------  8 shardulr fnalgrid 4.0K Jun 22 20:27 .
-rw-r--r--  1 shardulr fnalgrid 3.5K Jun 22 20:27 _condor_stdout
