[FERMIHTC-APPTAINER]: INFO -- No Apptainer image specified
[FERMIHTC-APPTAINER]: INFO -- Running job on the host machine

[FERMIHTC-APPTAINER]: INFO -- Running ./condor_exec.exe
Starting job on  Thu Jun 22 20:19:56 UTC 2023
Running on: Linux shardulr-32358581-62-cmswn2064.fnal.gov 3.10.0-1160.90.1.el7.x86_64 #1 SMP Thu Apr 27 13:14:20 CDT 2023 x86_64 x86_64 x86_64 GNU/Linux
System software: Scientific Linux release 7.9 (Nitrogen)
Running ls -alrth:
total 164K
-rw-r--r--  1 shardulr fnalgrid 5.0K Jun 22 20:19 .job.ad
-rw-r--r--  1 shardulr fnalgrid  13K Jun 22 20:19 .machine.ad
-rwx------  1 shardulr fnalgrid   49 Jun 22 20:19 .chirp.config
-rw-------  1 shardulr fnalgrid  11K Jun 22 20:19 x509up
drwxr-xr-x  2 shardulr fnalgrid 4.0K Jun 22 20:19 samples
drwxr-xr-x  2 shardulr fnalgrid 4.0K Jun 22 20:19 framework
-rw-r--r--  1 shardulr fnalgrid  62K Jun 22 20:19 singleStopAnalyzer.py
-rwxr-xr-x  1 shardulr fnalgrid  704 Jun 22 20:19 condor_exec.exe
-rw-r--r--  1 shardulr fnalgrid  951 Jun 22 20:19 bJetMatcher.py
-rw-r--r--  1 shardulr fnalgrid    0 Jun 22 20:19 docker_stderror
drwxrwxrwt  3 shardulr fnalgrid 4.0K Jun 22 20:19 var
drwxrwxrwt  2 shardulr fnalgrid 4.0K Jun 22 20:19 tmp
-rw-r--r--  1 shardulr fnalgrid  13K Jun 22 20:19 .update.ad
drwxr-xr-x  3 root     root     4.0K Jun 22 20:19 ..
srwxr-xr-x  1 shardulr fnalgrid    0 Jun 22 20:19 .docker_sock
-rw-r--r--  1 shardulr fnalgrid  113 Jun 22 20:19 _condor_stderr
drwx------  7 shardulr fnalgrid 4.0K Jun 22 20:19 .
drwxr-xr-x 17 shardulr fnalgrid 4.0K Jun 22 20:19 CMSSW_10_6_19_patch2
-rw-r--r--  1 shardulr fnalgrid  453 Jun 22 20:19 _condor_stdout
/storage/local/data1/condor/execute/dir_48130/CMSSW_10_6_19_patch2 is the CMSSW we created on the local worker node
Running over Data2018 files
Blinding data, only using CR cuts (0 loose b's)
Using UL 2018 campaign working points
Pre-select 31616 entries out of 824672 (3.83%)
Processed    10000/   31616 entries, 31.63% (elapsed time    32.3s, curr speed    0.310 kHz, avg speed    0.310 kHz), accepted     1559/   10001 events (15.59%)
Processed    20000/   31616 entries, 63.26% (elapsed time    60.3s, curr speed    0.356 kHz, avg speed    0.331 kHz), accepted     3193/   20001 events (15.96%)
Processed    30000/   31616 entries, 94.89% (elapsed time    86.8s, curr speed    0.379 kHz, avg speed    0.346 kHz), accepted     4778/   30001 events (15.93%)
Processed 31616 preselected entries from root://cmsxrootd.fnal.gov//store/data/Run2018A/JetHT/NANOAOD/UL2018_MiniAODv2_NanoAODv9-v2/250000/24C44063-350C-654C-A1ED-07769A42515B.root (824672 entries). Finally selected 5036 entries
Total time 96.6 sec. to process 824672 events. Rate = 8541.0 Hz.
Running pwd:
/storage/local/data1/condor/execute/dir_48130
Running ls -alrth:
total 172K
-rw-r--r--  1 shardulr fnalgrid 5.0K Jun 22 20:19 .job.ad
-rw-r--r--  1 shardulr fnalgrid  13K Jun 22 20:19 .machine.ad
-rwx------  1 shardulr fnalgrid   49 Jun 22 20:19 .chirp.config
-rw-------  1 shardulr fnalgrid  11K Jun 22 20:19 x509up
drwxr-xr-x  2 shardulr fnalgrid 4.0K Jun 22 20:19 samples
-rw-r--r--  1 shardulr fnalgrid  62K Jun 22 20:19 singleStopAnalyzer.py
-rwxr-xr-x  1 shardulr fnalgrid  704 Jun 22 20:19 condor_exec.exe
-rw-r--r--  1 shardulr fnalgrid  951 Jun 22 20:19 bJetMatcher.py
-rw-r--r--  1 shardulr fnalgrid    0 Jun 22 20:19 docker_stderror
drwxrwxrwt  3 shardulr fnalgrid 4.0K Jun 22 20:19 var
drwxrwxrwt  2 shardulr fnalgrid 4.0K Jun 22 20:19 tmp
drwxr-xr-x  3 root     root     4.0K Jun 22 20:19 ..
srwxr-xr-x  1 shardulr fnalgrid    0 Jun 22 20:19 .docker_sock
drwxr-xr-x 17 shardulr fnalgrid 4.0K Jun 22 20:19 CMSSW_10_6_19_patch2
drwxr-xr-x  2 shardulr fnalgrid 4.0K Jun 22 20:20 framework
-rw-r--r--  1 shardulr fnalgrid 1.7K Jun 22 20:20 bJetMatcher.pyc
drwxr-xr-x  3 shardulr fnalgrid 4.0K Jun 22 20:20 output
-rw-r--r--  1 shardulr fnalgrid  215 Jun 22 20:20 _condor_stderr
-rw-r--r--  1 shardulr fnalgrid  13K Jun 22 20:21 .update.ad
drwx------  8 shardulr fnalgrid 4.0K Jun 22 20:21 .
-rw-r--r--  1 shardulr fnalgrid 2.7K Jun 22 20:21 _condor_stdout
