[FERMIHTC-APPTAINER]: INFO -- No Apptainer image specified
[FERMIHTC-APPTAINER]: INFO -- Running job on the host machine

[FERMIHTC-APPTAINER]: INFO -- Running ./condor_exec.exe
Starting job on  Thu Jun 22 20:23:00 UTC 2023
Running on: Linux shardulr-32358581-337-cmswn2082.fnal.gov 3.10.0-1160.90.1.el7.x86_64 #1 SMP Thu Apr 27 13:14:20 CDT 2023 x86_64 x86_64 x86_64 GNU/Linux
System software: Scientific Linux release 7.9 (Nitrogen)
Running ls -alrth:
total 164K
-rw-r--r--  1 shardulr fnalgrid  14K Jun 22 20:21 .machine.ad
-rw-r--r--  1 shardulr fnalgrid 5.0K Jun 22 20:21 .job.ad
-rwx------  1 shardulr fnalgrid   49 Jun 22 20:21 .chirp.config
-rw-------  1 shardulr fnalgrid  11K Jun 22 20:22 x509up
drwxr-xr-x  2 shardulr fnalgrid 4.0K Jun 22 20:22 samples
drwxr-xr-x  2 shardulr fnalgrid 4.0K Jun 22 20:22 framework
-rw-r--r--  1 shardulr fnalgrid  62K Jun 22 20:22 singleStopAnalyzer.py
-rwxr-xr-x  1 shardulr fnalgrid  705 Jun 22 20:22 condor_exec.exe
-rw-r--r--  1 shardulr fnalgrid  951 Jun 22 20:22 bJetMatcher.py
-rw-r--r--  1 shardulr fnalgrid    0 Jun 22 20:22 docker_stderror
drwxrwxrwt  3 shardulr fnalgrid 4.0K Jun 22 20:22 var
drwxrwxrwt  2 shardulr fnalgrid 4.0K Jun 22 20:22 tmp
drwxr-xr-x  3 root     root     4.0K Jun 22 20:22 ..
-rw-r--r--  1 shardulr fnalgrid  13K Jun 22 20:22 .update.ad
srwxr-xr-x  1 shardulr fnalgrid    0 Jun 22 20:22 .docker_sock
-rw-r--r--  1 shardulr fnalgrid  113 Jun 22 20:23 _condor_stderr
drwx------  7 shardulr fnalgrid 4.0K Jun 22 20:23 .
drwxr-xr-x 17 shardulr fnalgrid 4.0K Jun 22 20:23 CMSSW_10_6_19_patch2
-rw-r--r--  1 shardulr fnalgrid  454 Jun 22 20:23 _condor_stdout
/storage/local/data1/condor/execute/dir_51901/CMSSW_10_6_19_patch2 is the CMSSW we created on the local worker node
Running over Data2018 files
Blinding data, only using CR cuts (0 loose b's)
Using UL 2018 campaign working points
Pre-select 58844 entries out of 1341076 (4.39%)
Processed    10000/   58844 entries, 16.99% (elapsed time    26.2s, curr speed    0.382 kHz, avg speed    0.382 kHz), accepted     1840/   10001 events (18.40%)
Processed    20000/   58844 entries, 33.99% (elapsed time    52.5s, curr speed    0.380 kHz, avg speed    0.381 kHz), accepted     3740/   20001 events (18.70%)
Processed    30000/   58844 entries, 50.98% (elapsed time    79.7s, curr speed    0.368 kHz, avg speed    0.377 kHz), accepted     5686/   30001 events (18.95%)
Processed    40000/   58844 entries, 67.98% (elapsed time   106.7s, curr speed    0.370 kHz, avg speed    0.375 kHz), accepted     7582/   40001 events (18.95%)
Processed    50000/   58844 entries, 84.97% (elapsed time   133.5s, curr speed    0.373 kHz, avg speed    0.374 kHz), accepted     9514/   50001 events (19.03%)
Processed 58844 preselected entries from root://cmsxrootd.fnal.gov//store/data/Run2018D/JetHT/NANOAOD/UL2018_MiniAODv2_NanoAODv9-v2/2540000/EDD10E36-02BD-5A45-8261-0ABA69AFA10C.root (1341076 entries). Finally selected 11207 entries
Total time 166.4 sec. to process 1341076 events. Rate = 8056.9 Hz.
Running pwd:
/storage/local/data1/condor/execute/dir_51901
Running ls -alrth:
total 172K
-rw-r--r--  1 shardulr fnalgrid  14K Jun 22 20:21 .machine.ad
-rw-r--r--  1 shardulr fnalgrid 5.0K Jun 22 20:21 .job.ad
-rwx------  1 shardulr fnalgrid   49 Jun 22 20:21 .chirp.config
-rw-------  1 shardulr fnalgrid  11K Jun 22 20:22 x509up
drwxr-xr-x  2 shardulr fnalgrid 4.0K Jun 22 20:22 samples
-rw-r--r--  1 shardulr fnalgrid  62K Jun 22 20:22 singleStopAnalyzer.py
-rwxr-xr-x  1 shardulr fnalgrid  705 Jun 22 20:22 condor_exec.exe
-rw-r--r--  1 shardulr fnalgrid  951 Jun 22 20:22 bJetMatcher.py
-rw-r--r--  1 shardulr fnalgrid    0 Jun 22 20:22 docker_stderror
drwxrwxrwt  3 shardulr fnalgrid 4.0K Jun 22 20:22 var
drwxrwxrwt  2 shardulr fnalgrid 4.0K Jun 22 20:22 tmp
drwxr-xr-x  3 root     root     4.0K Jun 22 20:22 ..
srwxr-xr-x  1 shardulr fnalgrid    0 Jun 22 20:22 .docker_sock
drwxr-xr-x 17 shardulr fnalgrid 4.0K Jun 22 20:23 CMSSW_10_6_19_patch2
drwxr-xr-x  2 shardulr fnalgrid 4.0K Jun 22 20:23 framework
-rw-r--r--  1 shardulr fnalgrid 1.7K Jun 22 20:23 bJetMatcher.pyc
drwxr-xr-x  3 shardulr fnalgrid 4.0K Jun 22 20:23 output
-rw-r--r--  1 shardulr fnalgrid  215 Jun 22 20:23 _condor_stderr
-rw-r--r--  1 shardulr fnalgrid  13K Jun 22 20:25 .update.ad
drwx------  8 shardulr fnalgrid 4.0K Jun 22 20:25 .
-rw-r--r--  1 shardulr fnalgrid 3.1K Jun 22 20:25 _condor_stdout
