[FERMIHTC-APPTAINER]: INFO -- No Apptainer image specified
[FERMIHTC-APPTAINER]: INFO -- Running job on the host machine

[FERMIHTC-APPTAINER]: INFO -- Running ./condor_exec.exe
Starting job on  Thu Jun 22 20:22:05 UTC 2023
Running on: Linux shardulr-32358581-329-cmswn2025.fnal.gov 3.10.0-1160.90.1.el7.x86_64 #1 SMP Thu Apr 27 13:14:20 CDT 2023 x86_64 x86_64 x86_64 GNU/Linux
System software: Scientific Linux release 7.9 (Nitrogen)
Running ls -alrth:
total 164K
-rw-r--r--  1 shardulr fnalgrid 5.0K Jun 22 20:21 .job.ad
-rw-r--r--  1 shardulr fnalgrid  14K Jun 22 20:21 .machine.ad
-rwx------  1 shardulr fnalgrid   49 Jun 22 20:21 .chirp.config
-rw-------  1 shardulr fnalgrid  11K Jun 22 20:21 x509up
drwxr-xr-x  2 shardulr fnalgrid 4.0K Jun 22 20:21 samples
drwxr-xr-x  2 shardulr fnalgrid 4.0K Jun 22 20:21 framework
-rw-r--r--  1 shardulr fnalgrid  62K Jun 22 20:21 singleStopAnalyzer.py
-rwxr-xr-x  1 shardulr fnalgrid  705 Jun 22 20:21 condor_exec.exe
-rw-r--r--  1 shardulr fnalgrid  951 Jun 22 20:21 bJetMatcher.py
-rw-r--r--  1 shardulr fnalgrid    0 Jun 22 20:21 docker_stderror
drwxrwxrwt  2 shardulr fnalgrid 4.0K Jun 22 20:21 tmp
drwxrwxrwt  3 shardulr fnalgrid 4.0K Jun 22 20:21 var
-rw-r--r--  1 shardulr fnalgrid  13K Jun 22 20:22 .update.ad
drwxr-xr-x  3 root     root     4.0K Jun 22 20:22 ..
srwxr-xr-x  1 shardulr fnalgrid    0 Jun 22 20:22 .docker_sock
-rw-r--r--  1 shardulr fnalgrid  113 Jun 22 20:22 _condor_stderr
drwx------  7 shardulr fnalgrid 4.0K Jun 22 20:22 .
drwxr-xr-x 17 shardulr fnalgrid 4.0K Jun 22 20:22 CMSSW_10_6_19_patch2
-rw-r--r--  1 shardulr fnalgrid  454 Jun 22 20:22 _condor_stdout
/storage/local/data1/condor/execute/dir_670/CMSSW_10_6_19_patch2 is the CMSSW we created on the local worker node
Running over Data2018 files
Blinding data, only using CR cuts (0 loose b's)
Using UL 2018 campaign working points
Pre-select 60217 entries out of 1351952 (4.45%)
Processed    10000/   60217 entries, 16.61% (elapsed time    25.3s, curr speed    0.395 kHz, avg speed    0.395 kHz), accepted     1193/   10001 events (11.93%)
Processed    20000/   60217 entries, 33.21% (elapsed time    53.0s, curr speed    0.361 kHz, avg speed    0.377 kHz), accepted     3108/   20001 events (15.54%)
Processed    30000/   60217 entries, 49.82% (elapsed time    80.8s, curr speed    0.360 kHz, avg speed    0.371 kHz), accepted     4970/   30001 events (16.57%)
Processed    40000/   60217 entries, 66.43% (elapsed time   106.7s, curr speed    0.386 kHz, avg speed    0.375 kHz), accepted     6797/   40001 events (16.99%)
Processed    50000/   60217 entries, 83.03% (elapsed time   133.6s, curr speed    0.373 kHz, avg speed    0.374 kHz), accepted     8691/   50001 events (17.38%)
Processed    60000/   60217 entries, 99.64% (elapsed time   160.1s, curr speed    0.376 kHz, avg speed    0.375 kHz), accepted    10599/   60001 events (17.66%)
Processed 60217 preselected entries from root://cmsxrootd.fnal.gov//store/data/Run2018D/JetHT/NANOAOD/UL2018_MiniAODv2_NanoAODv9-v2/2540000/A8C02F7E-DE42-DE41-99FB-14C068E4169C.root (1351952 entries). Finally selected 10638 entries
Total time 167.9 sec. to process 1351952 events. Rate = 8049.8 Hz.
Running pwd:
/storage/local/data1/condor/execute/dir_670
Running ls -alrth:
total 172K
-rw-r--r--  1 shardulr fnalgrid 5.0K Jun 22 20:21 .job.ad
-rw-r--r--  1 shardulr fnalgrid  14K Jun 22 20:21 .machine.ad
-rwx------  1 shardulr fnalgrid   49 Jun 22 20:21 .chirp.config
-rw-------  1 shardulr fnalgrid  11K Jun 22 20:21 x509up
drwxr-xr-x  2 shardulr fnalgrid 4.0K Jun 22 20:21 samples
-rw-r--r--  1 shardulr fnalgrid  62K Jun 22 20:21 singleStopAnalyzer.py
-rwxr-xr-x  1 shardulr fnalgrid  705 Jun 22 20:21 condor_exec.exe
-rw-r--r--  1 shardulr fnalgrid  951 Jun 22 20:21 bJetMatcher.py
-rw-r--r--  1 shardulr fnalgrid    0 Jun 22 20:21 docker_stderror
drwxrwxrwt  2 shardulr fnalgrid 4.0K Jun 22 20:21 tmp
drwxrwxrwt  3 shardulr fnalgrid 4.0K Jun 22 20:21 var
drwxr-xr-x  3 root     root     4.0K Jun 22 20:22 ..
srwxr-xr-x  1 shardulr fnalgrid    0 Jun 22 20:22 .docker_sock
drwxr-xr-x 17 shardulr fnalgrid 4.0K Jun 22 20:22 CMSSW_10_6_19_patch2
drwxr-xr-x  2 shardulr fnalgrid 4.0K Jun 22 20:22 framework
-rw-r--r--  1 shardulr fnalgrid 1.7K Jun 22 20:22 bJetMatcher.pyc
drwxr-xr-x  3 shardulr fnalgrid 4.0K Jun 22 20:22 output
-rw-r--r--  1 shardulr fnalgrid  215 Jun 22 20:22 _condor_stderr
-rw-r--r--  1 shardulr fnalgrid  13K Jun 22 20:24 .update.ad
drwx------  8 shardulr fnalgrid 4.0K Jun 22 20:24 .
-rw-r--r--  1 shardulr fnalgrid 3.2K Jun 22 20:25 _condor_stdout
