[FERMIHTC-APPTAINER]: INFO -- No Apptainer image specified
[FERMIHTC-APPTAINER]: INFO -- Running job on the host machine

[FERMIHTC-APPTAINER]: INFO -- Running ./condor_exec.exe
Starting job on  Thu Jun 22 20:18:37 UTC 2023
Running on: Linux shardulr-32358581-6-cmswn2104.fnal.gov 3.10.0-1160.90.1.el7.x86_64 #1 SMP Thu Apr 27 13:14:20 CDT 2023 x86_64 x86_64 x86_64 GNU/Linux
System software: Scientific Linux release 7.9 (Nitrogen)
Running ls -alrth:
total 164K
-rw-r--r--  1 shardulr fnalgrid 5.0K Jun 22 20:18 .job.ad
-rw-r--r--  1 shardulr fnalgrid  14K Jun 22 20:18 .machine.ad
-rwx------  1 shardulr fnalgrid   49 Jun 22 20:18 .chirp.config
-rw-------  1 shardulr fnalgrid  11K Jun 22 20:18 x509up
drwxr-xr-x  2 shardulr fnalgrid 4.0K Jun 22 20:18 samples
drwxr-xr-x  2 shardulr fnalgrid 4.0K Jun 22 20:18 framework
-rw-r--r--  1 shardulr fnalgrid  62K Jun 22 20:18 singleStopAnalyzer.py
-rwxr-xr-x  1 shardulr fnalgrid  703 Jun 22 20:18 condor_exec.exe
-rw-r--r--  1 shardulr fnalgrid  951 Jun 22 20:18 bJetMatcher.py
-rw-r--r--  1 shardulr fnalgrid    0 Jun 22 20:18 docker_stderror
drwxrwxrwt  3 shardulr fnalgrid 4.0K Jun 22 20:18 var
drwxrwxrwt  2 shardulr fnalgrid 4.0K Jun 22 20:18 tmp
-rw-r--r--  1 shardulr fnalgrid  13K Jun 22 20:18 .update.ad
drwxr-xr-x  3 root     root     4.0K Jun 22 20:18 ..
srwxr-xr-x  1 shardulr fnalgrid    0 Jun 22 20:18 .docker_sock
-rw-r--r--  1 shardulr fnalgrid  113 Jun 22 20:18 _condor_stderr
drwx------  7 shardulr fnalgrid 4.0K Jun 22 20:18 .
drwxr-xr-x 17 shardulr fnalgrid 4.0K Jun 22 20:18 CMSSW_10_6_19_patch2
-rw-r--r--  1 shardulr fnalgrid  452 Jun 22 20:18 _condor_stdout
/storage/local/data1/condor/execute/dir_64544/CMSSW_10_6_19_patch2 is the CMSSW we created on the local worker node
Running over Data2018 files
Blinding data, only using CR cuts (0 loose b's)
Using UL 2018 campaign working points
Pre-select 51487 entries out of 1286183 (4.00%)
Processed    10000/   51487 entries, 19.42% (elapsed time    35.5s, curr speed    0.281 kHz, avg speed    0.281 kHz), accepted     1590/   10001 events (15.90%)
Processed    20000/   51487 entries, 38.84% (elapsed time    68.1s, curr speed    0.307 kHz, avg speed    0.294 kHz), accepted     3259/   20001 events (16.29%)
Processed    30000/   51487 entries, 58.27% (elapsed time    99.8s, curr speed    0.315 kHz, avg speed    0.301 kHz), accepted     4837/   30001 events (16.12%)
Processed    40000/   51487 entries, 77.69% (elapsed time   131.4s, curr speed    0.317 kHz, avg speed    0.304 kHz), accepted     6429/   40001 events (16.07%)
Processed    50000/   51487 entries, 97.11% (elapsed time   163.7s, curr speed    0.309 kHz, avg speed    0.305 kHz), accepted     8175/   50001 events (16.35%)
Processed 51487 preselected entries from root://cmsxrootd.fnal.gov//store/data/Run2018A/JetHT/NANOAOD/UL2018_MiniAODv2_NanoAODv9-v2/250000/7396C0AF-0413-504D-8C47-FD7ABF6F3C63.root (1286183 entries). Finally selected 8460 entries
Total time 176.1 sec. to process 1286183 events. Rate = 7305.1 Hz.
Running pwd:
/storage/local/data1/condor/execute/dir_64544
Running ls -alrth:
total 172K
-rw-r--r--  1 shardulr fnalgrid 5.0K Jun 22 20:18 .job.ad
-rw-r--r--  1 shardulr fnalgrid  14K Jun 22 20:18 .machine.ad
-rwx------  1 shardulr fnalgrid   49 Jun 22 20:18 .chirp.config
-rw-------  1 shardulr fnalgrid  11K Jun 22 20:18 x509up
drwxr-xr-x  2 shardulr fnalgrid 4.0K Jun 22 20:18 samples
-rw-r--r--  1 shardulr fnalgrid  62K Jun 22 20:18 singleStopAnalyzer.py
-rwxr-xr-x  1 shardulr fnalgrid  703 Jun 22 20:18 condor_exec.exe
-rw-r--r--  1 shardulr fnalgrid  951 Jun 22 20:18 bJetMatcher.py
-rw-r--r--  1 shardulr fnalgrid    0 Jun 22 20:18 docker_stderror
drwxrwxrwt  3 shardulr fnalgrid 4.0K Jun 22 20:18 var
drwxrwxrwt  2 shardulr fnalgrid 4.0K Jun 22 20:18 tmp
drwxr-xr-x  3 root     root     4.0K Jun 22 20:18 ..
srwxr-xr-x  1 shardulr fnalgrid    0 Jun 22 20:18 .docker_sock
drwxr-xr-x 17 shardulr fnalgrid 4.0K Jun 22 20:18 CMSSW_10_6_19_patch2
drwxr-xr-x  2 shardulr fnalgrid 4.0K Jun 22 20:18 framework
-rw-r--r--  1 shardulr fnalgrid 1.7K Jun 22 20:18 bJetMatcher.pyc
drwxr-xr-x  3 shardulr fnalgrid 4.0K Jun 22 20:18 output
-rw-r--r--  1 shardulr fnalgrid  215 Jun 22 20:18 _condor_stderr
-rw-r--r--  1 shardulr fnalgrid  13K Jun 22 20:21 .update.ad
drwx------  8 shardulr fnalgrid 4.0K Jun 22 20:21 .
-rw-r--r--  1 shardulr fnalgrid 3.1K Jun 22 20:21 _condor_stdout
