[FERMIHTC-APPTAINER]: INFO -- No Apptainer image specified
[FERMIHTC-APPTAINER]: INFO -- Running job on the host machine

[FERMIHTC-APPTAINER]: INFO -- Running ./condor_exec.exe
Starting job on  Thu Jun 22 20:20:57 UTC 2023
Running on: Linux shardulr-32358581-160-cmswn2073.fnal.gov 3.10.0-1160.90.1.el7.x86_64 #1 SMP Thu Apr 27 13:14:20 CDT 2023 x86_64 x86_64 x86_64 GNU/Linux
System software: Scientific Linux release 7.9 (Nitrogen)
Running ls -alrth:
total 156K
-rw-r--r--  1 shardulr fnalgrid  11K Jun 22 20:20 .machine.ad
-rw-r--r--  1 shardulr fnalgrid 5.0K Jun 22 20:20 .job.ad
-rwx------  1 shardulr fnalgrid   49 Jun 22 20:20 .chirp.config
-rw-------  1 shardulr fnalgrid  11K Jun 22 20:20 x509up
drwxr-xr-x  2 shardulr fnalgrid 4.0K Jun 22 20:20 samples
drwxr-xr-x  2 shardulr fnalgrid 4.0K Jun 22 20:20 framework
-rw-r--r--  1 shardulr fnalgrid  62K Jun 22 20:20 singleStopAnalyzer.py
-rw-r--r--  1 shardulr fnalgrid  951 Jun 22 20:20 bJetMatcher.py
-rwxr-xr-x  1 shardulr fnalgrid  705 Jun 22 20:20 condor_exec.exe
-rw-r--r--  1 shardulr fnalgrid    0 Jun 22 20:20 docker_stderror
drwxrwxrwt  2 shardulr fnalgrid 4.0K Jun 22 20:20 tmp
drwxrwxrwt  3 shardulr fnalgrid 4.0K Jun 22 20:20 var
-rw-r--r--  1 shardulr fnalgrid  11K Jun 22 20:20 .update.ad
drwxr-xr-x  3 root     root     4.0K Jun 22 20:20 ..
srwxr-xr-x  1 shardulr fnalgrid    0 Jun 22 20:20 .docker_sock
-rw-r--r--  1 shardulr fnalgrid  113 Jun 22 20:20 _condor_stderr
drwx------  7 shardulr fnalgrid 4.0K Jun 22 20:20 .
drwxr-xr-x 17 shardulr fnalgrid 4.0K Jun 22 20:20 CMSSW_10_6_19_patch2
-rw-r--r--  1 shardulr fnalgrid  454 Jun 22 20:20 _condor_stdout
/storage/local/data1/condor/execute/dir_63346/CMSSW_10_6_19_patch2 is the CMSSW we created on the local worker node
Running over Data2018 files
Blinding data, only using CR cuts (0 loose b's)
Using UL 2018 campaign working points
Pre-select 81228 entries out of 1864560 (4.36%)
Processed    10000/   81228 entries, 12.31% (elapsed time    62.7s, curr speed    0.160 kHz, avg speed    0.160 kHz), accepted     1850/   10001 events (18.50%)
Processed    20000/   81228 entries, 24.62% (elapsed time   128.3s, curr speed    0.152 kHz, avg speed    0.156 kHz), accepted     3487/   20001 events (17.43%)
Processed    30000/   81228 entries, 36.93% (elapsed time   193.9s, curr speed    0.152 kHz, avg speed    0.155 kHz), accepted     5307/   30001 events (17.69%)
Processed    40000/   81228 entries, 49.24% (elapsed time   261.1s, curr speed    0.149 kHz, avg speed    0.153 kHz), accepted     6691/   40001 events (16.73%)
Processed    50000/   81228 entries, 61.56% (elapsed time   328.9s, curr speed    0.147 kHz, avg speed    0.152 kHz), accepted     8259/   50001 events (16.52%)
Processed    60000/   81228 entries, 73.87% (elapsed time   389.8s, curr speed    0.164 kHz, avg speed    0.154 kHz), accepted    10006/   60001 events (16.68%)
Processed    70000/   81228 entries, 86.18% (elapsed time   450.8s, curr speed    0.164 kHz, avg speed    0.155 kHz), accepted    11744/   70001 events (16.78%)
Processed    80000/   81228 entries, 98.49% (elapsed time   514.1s, curr speed    0.158 kHz, avg speed    0.156 kHz), accepted    13487/   80001 events (16.86%)
Processed 81228 preselected entries from root://cmsxrootd.fnal.gov//store/data/Run2018B/JetHT/NANOAOD/UL2018_MiniAODv2_NanoAODv9-v1/120000/6CAE921D-79AE-874E-9438-8D63BB30C08E.root (1864560 entries). Finally selected 13719 entries
Total time 590.1 sec. to process 1864560 events. Rate = 3160.0 Hz.
Running pwd:
/storage/local/data1/condor/execute/dir_63346
Running ls -alrth:
total 164K
-rw-r--r--  1 shardulr fnalgrid  11K Jun 22 20:20 .machine.ad
-rw-r--r--  1 shardulr fnalgrid 5.0K Jun 22 20:20 .job.ad
-rwx------  1 shardulr fnalgrid   49 Jun 22 20:20 .chirp.config
-rw-------  1 shardulr fnalgrid  11K Jun 22 20:20 x509up
drwxr-xr-x  2 shardulr fnalgrid 4.0K Jun 22 20:20 samples
-rw-r--r--  1 shardulr fnalgrid  62K Jun 22 20:20 singleStopAnalyzer.py
-rw-r--r--  1 shardulr fnalgrid  951 Jun 22 20:20 bJetMatcher.py
-rwxr-xr-x  1 shardulr fnalgrid  705 Jun 22 20:20 condor_exec.exe
-rw-r--r--  1 shardulr fnalgrid    0 Jun 22 20:20 docker_stderror
drwxrwxrwt  2 shardulr fnalgrid 4.0K Jun 22 20:20 tmp
drwxrwxrwt  3 shardulr fnalgrid 4.0K Jun 22 20:20 var
drwxr-xr-x  3 root     root     4.0K Jun 22 20:20 ..
srwxr-xr-x  1 shardulr fnalgrid    0 Jun 22 20:20 .docker_sock
-rw-r--r--  1 shardulr fnalgrid  113 Jun 22 20:20 _condor_stderr
drwxr-xr-x 17 shardulr fnalgrid 4.0K Jun 22 20:20 CMSSW_10_6_19_patch2
drwxr-xr-x  2 shardulr fnalgrid 4.0K Jun 22 20:21 framework
-rw-r--r--  1 shardulr fnalgrid 1.7K Jun 22 20:21 bJetMatcher.pyc
drwxr-xr-x  3 shardulr fnalgrid 4.0K Jun 22 20:21 output
-rw-r--r--  1 shardulr fnalgrid  12K Jun 22 20:30 .update.ad
drwx------  8 shardulr fnalgrid 4.0K Jun 22 20:30 .
-rw-r--r--  1 shardulr fnalgrid 3.5K Jun 22 20:30 _condor_stdout
