[FERMIHTC-APPTAINER]: INFO -- No Apptainer image specified
[FERMIHTC-APPTAINER]: INFO -- Running job on the host machine

[FERMIHTC-APPTAINER]: INFO -- Running ./condor_exec.exe
Starting job on  Thu Jun 22 20:24:20 UTC 2023
Running on: Linux shardulr-32358581-359-cmswn2039.fnal.gov 3.10.0-1160.90.1.el7.x86_64 #1 SMP Thu Apr 27 13:14:20 CDT 2023 x86_64 x86_64 x86_64 GNU/Linux
System software: Scientific Linux release 7.9 (Nitrogen)
Running ls -alrth:
total 164K
-rw-r--r--  1 shardulr fnalgrid  13K Jun 22 20:22 .machine.ad
-rw-r--r--  1 shardulr fnalgrid 5.0K Jun 22 20:22 .job.ad
-rwx------  1 shardulr fnalgrid   49 Jun 22 20:22 .chirp.config
-rw-------  1 shardulr fnalgrid  11K Jun 22 20:22 x509up
drwxr-xr-x  2 shardulr fnalgrid 4.0K Jun 22 20:22 samples
drwxr-xr-x  2 shardulr fnalgrid 4.0K Jun 22 20:22 framework
-rw-r--r--  1 shardulr fnalgrid  62K Jun 22 20:22 singleStopAnalyzer.py
-rw-r--r--  1 shardulr fnalgrid  951 Jun 22 20:22 bJetMatcher.py
-rwxr-xr-x  1 shardulr fnalgrid  705 Jun 22 20:22 condor_exec.exe
-rw-r--r--  1 shardulr fnalgrid    0 Jun 22 20:22 docker_stderror
drwxrwxrwt  3 shardulr fnalgrid 4.0K Jun 22 20:22 var
drwxrwxrwt  2 shardulr fnalgrid 4.0K Jun 22 20:22 tmp
drwxr-xr-x  3 root     root     4.0K Jun 22 20:22 ..
srwxr-xr-x  1 shardulr fnalgrid    0 Jun 22 20:23 .docker_sock
-rw-r--r--  1 shardulr fnalgrid  113 Jun 22 20:24 _condor_stderr
-rw-r--r--  1 shardulr fnalgrid  13K Jun 22 20:24 .update.ad
drwx------  7 shardulr fnalgrid 4.0K Jun 22 20:24 .
drwxr-xr-x 17 shardulr fnalgrid 4.0K Jun 22 20:24 CMSSW_10_6_19_patch2
-rw-r--r--  1 shardulr fnalgrid  454 Jun 22 20:24 _condor_stdout
/storage/local/data1/condor/execute/dir_39948/CMSSW_10_6_19_patch2 is the CMSSW we created on the local worker node
Running over Data2018 files
Blinding data, only using CR cuts (0 loose b's)
Using UL 2018 campaign working points
Pre-select 43979 entries out of 1018784 (4.32%)
Processed    10000/   43979 entries, 22.74% (elapsed time    32.1s, curr speed    0.312 kHz, avg speed    0.312 kHz), accepted     1692/   10001 events (16.92%)
Processed    20000/   43979 entries, 45.48% (elapsed time    60.7s, curr speed    0.350 kHz, avg speed    0.330 kHz), accepted     3164/   20001 events (15.82%)
Processed    30000/   43979 entries, 68.21% (elapsed time    87.3s, curr speed    0.376 kHz, avg speed    0.344 kHz), accepted     4486/   30001 events (14.95%)
Processed    40000/   43979 entries, 90.95% (elapsed time   117.3s, curr speed    0.333 kHz, avg speed    0.341 kHz), accepted     6210/   40001 events (15.52%)
Processed 43979 preselected entries from root://cmsxrootd.fnal.gov//store/data/Run2018D/JetHT/NANOAOD/UL2018_MiniAODv2_NanoAODv9-v2/2540000/4C0FC25B-44D2-F94E-B71B-E65878FDC143.root (1018784 entries). Finally selected 6960 entries
Total time 138.3 sec. to process 1018784 events. Rate = 7365.9 Hz.
Running pwd:
/storage/local/data1/condor/execute/dir_39948
Running ls -alrth:
total 172K
-rw-r--r--  1 shardulr fnalgrid  13K Jun 22 20:22 .machine.ad
-rw-r--r--  1 shardulr fnalgrid 5.0K Jun 22 20:22 .job.ad
-rwx------  1 shardulr fnalgrid   49 Jun 22 20:22 .chirp.config
-rw-------  1 shardulr fnalgrid  11K Jun 22 20:22 x509up
drwxr-xr-x  2 shardulr fnalgrid 4.0K Jun 22 20:22 samples
-rw-r--r--  1 shardulr fnalgrid  62K Jun 22 20:22 singleStopAnalyzer.py
-rw-r--r--  1 shardulr fnalgrid  951 Jun 22 20:22 bJetMatcher.py
-rwxr-xr-x  1 shardulr fnalgrid  705 Jun 22 20:22 condor_exec.exe
-rw-r--r--  1 shardulr fnalgrid    0 Jun 22 20:22 docker_stderror
drwxrwxrwt  3 shardulr fnalgrid 4.0K Jun 22 20:22 var
drwxrwxrwt  2 shardulr fnalgrid 4.0K Jun 22 20:22 tmp
drwxr-xr-x  3 root     root     4.0K Jun 22 20:22 ..
srwxr-xr-x  1 shardulr fnalgrid    0 Jun 22 20:23 .docker_sock
drwxr-xr-x 17 shardulr fnalgrid 4.0K Jun 22 20:24 CMSSW_10_6_19_patch2
drwxr-xr-x  2 shardulr fnalgrid 4.0K Jun 22 20:24 framework
-rw-r--r--  1 shardulr fnalgrid 1.7K Jun 22 20:24 bJetMatcher.pyc
drwxr-xr-x  3 shardulr fnalgrid 4.0K Jun 22 20:24 output
-rw-r--r--  1 shardulr fnalgrid  215 Jun 22 20:24 _condor_stderr
-rw-r--r--  1 shardulr fnalgrid  13K Jun 22 20:27 .update.ad
drwx------  8 shardulr fnalgrid 4.0K Jun 22 20:27 .
-rw-r--r--  1 shardulr fnalgrid 2.9K Jun 22 20:27 _condor_stdout
