[FERMIHTC-APPTAINER]: INFO -- No Apptainer image specified
[FERMIHTC-APPTAINER]: INFO -- Running job on the host machine

[FERMIHTC-APPTAINER]: INFO -- Running ./condor_exec.exe
Starting job on  Thu Jun 22 20:22:58 UTC 2023
Running on: Linux shardulr-32358581-415-cmswn2064.fnal.gov 3.10.0-1160.90.1.el7.x86_64 #1 SMP Thu Apr 27 13:14:20 CDT 2023 x86_64 x86_64 x86_64 GNU/Linux
System software: Scientific Linux release 7.9 (Nitrogen)
Running ls -alrth:
total 164K
-rw-r--r--  1 shardulr fnalgrid 5.0K Jun 22 20:22 .job.ad
-rw-r--r--  1 shardulr fnalgrid  14K Jun 22 20:22 .machine.ad
-rwx------  1 shardulr fnalgrid   49 Jun 22 20:22 .chirp.config
-rw-------  1 shardulr fnalgrid  11K Jun 22 20:22 x509up
drwxr-xr-x  2 shardulr fnalgrid 4.0K Jun 22 20:22 samples
-rw-r--r--  1 shardulr fnalgrid  62K Jun 22 20:22 singleStopAnalyzer.py
drwxr-xr-x  2 shardulr fnalgrid 4.0K Jun 22 20:22 framework
-rw-r--r--  1 shardulr fnalgrid  951 Jun 22 20:22 bJetMatcher.py
-rwxr-xr-x  1 shardulr fnalgrid  705 Jun 22 20:22 condor_exec.exe
-rw-r--r--  1 shardulr fnalgrid    0 Jun 22 20:22 docker_stderror
drwxrwxrwt  3 shardulr fnalgrid 4.0K Jun 22 20:22 var
drwxrwxrwt  2 shardulr fnalgrid 4.0K Jun 22 20:22 tmp
-rw-r--r--  1 shardulr fnalgrid  13K Jun 22 20:22 .update.ad
drwxr-xr-x  3 root     root     4.0K Jun 22 20:22 ..
srwxr-xr-x  1 shardulr fnalgrid    0 Jun 22 20:22 .docker_sock
-rw-r--r--  1 shardulr fnalgrid  113 Jun 22 20:22 _condor_stderr
drwx------  7 shardulr fnalgrid 4.0K Jun 22 20:22 .
drwxr-xr-x 17 shardulr fnalgrid 4.0K Jun 22 20:22 CMSSW_10_6_19_patch2
-rw-r--r--  1 shardulr fnalgrid  454 Jun 22 20:22 _condor_stdout
/storage/local/data1/condor/execute/dir_53074/CMSSW_10_6_19_patch2 is the CMSSW we created on the local worker node
Running over Data2018 files
Blinding data, only using CR cuts (0 loose b's)
Using UL 2018 campaign working points
Pre-select 94109 entries out of 2263620 (4.16%)
Processed    10000/   94109 entries, 10.63% (elapsed time    26.1s, curr speed    0.383 kHz, avg speed    0.383 kHz), accepted     1771/   10001 events (17.71%)
Processed    20000/   94109 entries, 21.25% (elapsed time    50.9s, curr speed    0.404 kHz, avg speed    0.393 kHz), accepted     3369/   20001 events (16.84%)
Processed    30000/   94109 entries, 31.88% (elapsed time    75.1s, curr speed    0.413 kHz, avg speed    0.400 kHz), accepted     4883/   30001 events (16.28%)
Processed    40000/   94109 entries, 42.50% (elapsed time    99.5s, curr speed    0.409 kHz, avg speed    0.402 kHz), accepted     6415/   40001 events (16.04%)
Processed    50000/   94109 entries, 53.13% (elapsed time   124.9s, curr speed    0.393 kHz, avg speed    0.400 kHz), accepted     8095/   50001 events (16.19%)
Processed    60000/   94109 entries, 63.76% (elapsed time   149.6s, curr speed    0.405 kHz, avg speed    0.401 kHz), accepted     9608/   60001 events (16.01%)
Processed    70000/   94109 entries, 74.38% (elapsed time   174.9s, curr speed    0.396 kHz, avg speed    0.400 kHz), accepted    11180/   70001 events (15.97%)
Processed    80000/   94109 entries, 85.01% (elapsed time   199.4s, curr speed    0.408 kHz, avg speed    0.401 kHz), accepted    12648/   80001 events (15.81%)
Processed    90000/   94109 entries, 95.63% (elapsed time   223.9s, curr speed    0.408 kHz, avg speed    0.402 kHz), accepted    14166/   90001 events (15.74%)
Processed 94109 preselected entries from root://cmsxrootd.fnal.gov//store/data/Run2018D/JetHT/NANOAOD/UL2018_MiniAODv2_NanoAODv9-v2/2810000/0FA6D168-E590-FE4F-A8FB-B55C4FD1E282.root (2263620 entries). Finally selected 14847 entries
Total time 246.4 sec. to process 2263620 events. Rate = 9188.1 Hz.
Running pwd:
/storage/local/data1/condor/execute/dir_53074
Running ls -alrth:
total 172K
-rw-r--r--  1 shardulr fnalgrid 5.0K Jun 22 20:22 .job.ad
-rw-r--r--  1 shardulr fnalgrid  14K Jun 22 20:22 .machine.ad
-rwx------  1 shardulr fnalgrid   49 Jun 22 20:22 .chirp.config
-rw-------  1 shardulr fnalgrid  11K Jun 22 20:22 x509up
drwxr-xr-x  2 shardulr fnalgrid 4.0K Jun 22 20:22 samples
-rw-r--r--  1 shardulr fnalgrid  62K Jun 22 20:22 singleStopAnalyzer.py
-rw-r--r--  1 shardulr fnalgrid  951 Jun 22 20:22 bJetMatcher.py
-rwxr-xr-x  1 shardulr fnalgrid  705 Jun 22 20:22 condor_exec.exe
-rw-r--r--  1 shardulr fnalgrid    0 Jun 22 20:22 docker_stderror
drwxrwxrwt  3 shardulr fnalgrid 4.0K Jun 22 20:22 var
drwxrwxrwt  2 shardulr fnalgrid 4.0K Jun 22 20:22 tmp
drwxr-xr-x  3 root     root     4.0K Jun 22 20:22 ..
srwxr-xr-x  1 shardulr fnalgrid    0 Jun 22 20:22 .docker_sock
drwxr-xr-x 17 shardulr fnalgrid 4.0K Jun 22 20:22 CMSSW_10_6_19_patch2
drwxr-xr-x  2 shardulr fnalgrid 4.0K Jun 22 20:23 framework
-rw-r--r--  1 shardulr fnalgrid 1.7K Jun 22 20:23 bJetMatcher.pyc
drwxr-xr-x  3 shardulr fnalgrid 4.0K Jun 22 20:23 output
-rw-r--r--  1 shardulr fnalgrid  215 Jun 22 20:23 _condor_stderr
-rw-r--r--  1 shardulr fnalgrid  13K Jun 22 20:27 .update.ad
drwx------  8 shardulr fnalgrid 4.0K Jun 22 20:27 .
-rw-r--r--  1 shardulr fnalgrid 3.7K Jun 22 20:27 _condor_stdout
