[FERMIHTC-APPTAINER]: INFO -- No Apptainer image specified
[FERMIHTC-APPTAINER]: INFO -- Running job on the host machine

[FERMIHTC-APPTAINER]: INFO -- Running ./condor_exec.exe
Starting job on  Thu Jun 22 20:19:10 UTC 2023
Running on: Linux shardulr-32358581-31-cmswn2059.fnal.gov 3.10.0-1160.90.1.el7.x86_64 #1 SMP Thu Apr 27 13:14:20 CDT 2023 x86_64 x86_64 x86_64 GNU/Linux
System software: Scientific Linux release 7.9 (Nitrogen)
Running ls -alrth:
total 156K
-rw-r--r--  1 shardulr fnalgrid  12K Jun 22 20:19 .machine.ad
-rw-r--r--  1 shardulr fnalgrid 5.0K Jun 22 20:19 .job.ad
-rwx------  1 shardulr fnalgrid   49 Jun 22 20:19 .chirp.config
-rw-------  1 shardulr fnalgrid  11K Jun 22 20:19 x509up
drwxr-xr-x  2 shardulr fnalgrid 4.0K Jun 22 20:19 samples
-rw-r--r--  1 shardulr fnalgrid  62K Jun 22 20:19 singleStopAnalyzer.py
drwxr-xr-x  2 shardulr fnalgrid 4.0K Jun 22 20:19 framework
-rwxr-xr-x  1 shardulr fnalgrid  704 Jun 22 20:19 condor_exec.exe
-rw-r--r--  1 shardulr fnalgrid  951 Jun 22 20:19 bJetMatcher.py
-rw-r--r--  1 shardulr fnalgrid    0 Jun 22 20:19 docker_stderror
drwxrwxrwt  3 shardulr fnalgrid 4.0K Jun 22 20:19 var
drwxrwxrwt  2 shardulr fnalgrid 4.0K Jun 22 20:19 tmp
-rw-r--r--  1 shardulr fnalgrid  12K Jun 22 20:19 .update.ad
drwxr-xr-x  3 root     root     4.0K Jun 22 20:19 ..
srwxr-xr-x  1 shardulr fnalgrid    0 Jun 22 20:19 .docker_sock
-rw-r--r--  1 shardulr fnalgrid  113 Jun 22 20:19 _condor_stderr
drwx------  7 shardulr fnalgrid 4.0K Jun 22 20:19 .
drwxr-xr-x 17 shardulr fnalgrid 4.0K Jun 22 20:19 CMSSW_10_6_19_patch2
-rw-r--r--  1 shardulr fnalgrid  453 Jun 22 20:19 _condor_stdout
/storage/local/data1/condor/execute/dir_14796/CMSSW_10_6_19_patch2 is the CMSSW we created on the local worker node
Running over Data2018 files
Blinding data, only using CR cuts (0 loose b's)
Using UL 2018 campaign working points
Pre-select 46856 entries out of 1188476 (3.94%)
Processed    10000/   46856 entries, 21.34% (elapsed time    73.4s, curr speed    0.136 kHz, avg speed    0.136 kHz), accepted     1415/   10001 events (14.15%)
Processed    20000/   46856 entries, 42.68% (elapsed time   130.9s, curr speed    0.174 kHz, avg speed    0.153 kHz), accepted     3082/   20001 events (15.41%)
Processed    30000/   46856 entries, 64.03% (elapsed time   195.7s, curr speed    0.154 kHz, avg speed    0.153 kHz), accepted     4600/   30001 events (15.33%)
Processed    40000/   46856 entries, 85.37% (elapsed time   261.1s, curr speed    0.153 kHz, avg speed    0.153 kHz), accepted     6205/   40001 events (15.51%)
Processed 46856 preselected entries from root://cmsxrootd.fnal.gov//store/data/Run2018A/JetHT/NANOAOD/UL2018_MiniAODv2_NanoAODv9-v2/100000/9E04A0D2-99B8-EF46-A56A-3AC76793F0D8.root (1188476 entries). Finally selected 7278 entries
Total time 350.1 sec. to process 1188476 events. Rate = 3394.3 Hz.
Running pwd:
/storage/local/data1/condor/execute/dir_14796
Running ls -alrth:
total 168K
-rw-r--r--  1 shardulr fnalgrid  12K Jun 22 20:19 .machine.ad
-rw-r--r--  1 shardulr fnalgrid 5.0K Jun 22 20:19 .job.ad
-rwx------  1 shardulr fnalgrid   49 Jun 22 20:19 .chirp.config
-rw-------  1 shardulr fnalgrid  11K Jun 22 20:19 x509up
drwxr-xr-x  2 shardulr fnalgrid 4.0K Jun 22 20:19 samples
-rw-r--r--  1 shardulr fnalgrid  62K Jun 22 20:19 singleStopAnalyzer.py
-rwxr-xr-x  1 shardulr fnalgrid  704 Jun 22 20:19 condor_exec.exe
-rw-r--r--  1 shardulr fnalgrid  951 Jun 22 20:19 bJetMatcher.py
-rw-r--r--  1 shardulr fnalgrid    0 Jun 22 20:19 docker_stderror
drwxrwxrwt  3 shardulr fnalgrid 4.0K Jun 22 20:19 var
drwxrwxrwt  2 shardulr fnalgrid 4.0K Jun 22 20:19 tmp
drwxr-xr-x  3 root     root     4.0K Jun 22 20:19 ..
srwxr-xr-x  1 shardulr fnalgrid    0 Jun 22 20:19 .docker_sock
-rw-r--r--  1 shardulr fnalgrid  113 Jun 22 20:19 _condor_stderr
drwxr-xr-x 17 shardulr fnalgrid 4.0K Jun 22 20:19 CMSSW_10_6_19_patch2
drwxr-xr-x  2 shardulr fnalgrid 4.0K Jun 22 20:19 framework
-rw-r--r--  1 shardulr fnalgrid 1.7K Jun 22 20:19 bJetMatcher.pyc
drwxr-xr-x  3 shardulr fnalgrid 4.0K Jun 22 20:19 output
-rw-r--r--  1 shardulr fnalgrid  13K Jun 22 20:24 .update.ad
drwx------  8 shardulr fnalgrid 4.0K Jun 22 20:24 .
-rw-r--r--  1 shardulr fnalgrid 2.9K Jun 22 20:25 _condor_stdout
