[FERMIHTC-APPTAINER]: INFO -- No Apptainer image specified
[FERMIHTC-APPTAINER]: INFO -- Running job on the host machine

[FERMIHTC-APPTAINER]: INFO -- Running ./condor_exec.exe
Starting job on  Thu Jun 22 20:18:44 UTC 2023
Running on: Linux shardulr-32358581-4-cmswn2061.fnal.gov 3.10.0-1160.90.1.el7.x86_64 #1 SMP Thu Apr 27 13:14:20 CDT 2023 x86_64 x86_64 x86_64 GNU/Linux
System software: Scientific Linux release 7.9 (Nitrogen)
Running ls -alrth:
total 164K
-rw-r--r--  1 shardulr fnalgrid 5.0K Jun 22 20:18 .job.ad
-rw-r--r--  1 shardulr fnalgrid  13K Jun 22 20:18 .machine.ad
-rwx------  1 shardulr fnalgrid   49 Jun 22 20:18 .chirp.config
-rw-------  1 shardulr fnalgrid  11K Jun 22 20:18 x509up
drwxr-xr-x  2 shardulr fnalgrid 4.0K Jun 22 20:18 samples
drwxr-xr-x  2 shardulr fnalgrid 4.0K Jun 22 20:18 framework
-rw-r--r--  1 shardulr fnalgrid  62K Jun 22 20:18 singleStopAnalyzer.py
-rw-r--r--  1 shardulr fnalgrid  951 Jun 22 20:18 bJetMatcher.py
-rwxr-xr-x  1 shardulr fnalgrid  703 Jun 22 20:18 condor_exec.exe
-rw-r--r--  1 shardulr fnalgrid    0 Jun 22 20:18 docker_stderror
drwxrwxrwt  3 shardulr fnalgrid 4.0K Jun 22 20:18 var
drwxrwxrwt  2 shardulr fnalgrid 4.0K Jun 22 20:18 tmp
drwxr-xr-x  3 root     root     4.0K Jun 22 20:18 ..
-rw-r--r--  1 shardulr fnalgrid  13K Jun 22 20:18 .update.ad
srwxr-xr-x  1 shardulr fnalgrid    0 Jun 22 20:18 .docker_sock
-rw-r--r--  1 shardulr fnalgrid  113 Jun 22 20:18 _condor_stderr
drwx------  7 shardulr fnalgrid 4.0K Jun 22 20:18 .
drwxr-xr-x 17 shardulr fnalgrid 4.0K Jun 22 20:18 CMSSW_10_6_19_patch2
-rw-r--r--  1 shardulr fnalgrid  452 Jun 22 20:18 _condor_stdout
/storage/local/data1/condor/execute/dir_37645/CMSSW_10_6_19_patch2 is the CMSSW we created on the local worker node
Running over Data2018 files
Blinding data, only using CR cuts (0 loose b's)
Using UL 2018 campaign working points
Pre-select 49578 entries out of 1271883 (3.90%)
Processed    10000/   49578 entries, 20.17% (elapsed time   196.1s, curr speed    0.051 kHz, avg speed    0.051 kHz), accepted     1599/   10001 events (15.99%)
Processed    20000/   49578 entries, 40.34% (elapsed time   365.1s, curr speed    0.059 kHz, avg speed    0.055 kHz), accepted     3148/   20001 events (15.74%)
Processed    30000/   49578 entries, 60.51% (elapsed time   516.7s, curr speed    0.066 kHz, avg speed    0.058 kHz), accepted     4688/   30001 events (15.63%)
Processed    40000/   49578 entries, 80.68% (elapsed time   665.3s, curr speed    0.067 kHz, avg speed    0.060 kHz), accepted     6174/   40001 events (15.43%)
Processed 49578 preselected entries from root://cmsxrootd.fnal.gov//store/data/Run2018A/JetHT/NANOAOD/UL2018_MiniAODv2_NanoAODv9-v2/250000/87C5B4DB-D658-F248-853C-CEEC6B727499.root (1271883 entries). Finally selected 7755 entries
Total time 957.7 sec. to process 1271883 events. Rate = 1328.0 Hz.
Running pwd:
/storage/local/data1/condor/execute/dir_37645
Running ls -alrth:
total 172K
-rw-r--r--  1 shardulr fnalgrid 5.0K Jun 22 20:18 .job.ad
-rw-r--r--  1 shardulr fnalgrid  13K Jun 22 20:18 .machine.ad
-rwx------  1 shardulr fnalgrid   49 Jun 22 20:18 .chirp.config
-rw-------  1 shardulr fnalgrid  11K Jun 22 20:18 x509up
drwxr-xr-x  2 shardulr fnalgrid 4.0K Jun 22 20:18 samples
-rw-r--r--  1 shardulr fnalgrid  62K Jun 22 20:18 singleStopAnalyzer.py
-rw-r--r--  1 shardulr fnalgrid  951 Jun 22 20:18 bJetMatcher.py
-rwxr-xr-x  1 shardulr fnalgrid  703 Jun 22 20:18 condor_exec.exe
-rw-r--r--  1 shardulr fnalgrid    0 Jun 22 20:18 docker_stderror
drwxrwxrwt  3 shardulr fnalgrid 4.0K Jun 22 20:18 var
drwxrwxrwt  2 shardulr fnalgrid 4.0K Jun 22 20:18 tmp
drwxr-xr-x  3 root     root     4.0K Jun 22 20:18 ..
srwxr-xr-x  1 shardulr fnalgrid    0 Jun 22 20:18 .docker_sock
-rw-r--r--  1 shardulr fnalgrid  113 Jun 22 20:18 _condor_stderr
drwxr-xr-x 17 shardulr fnalgrid 4.0K Jun 22 20:18 CMSSW_10_6_19_patch2
drwxr-xr-x  2 shardulr fnalgrid 4.0K Jun 22 20:18 framework
-rw-r--r--  1 shardulr fnalgrid 1.7K Jun 22 20:18 bJetMatcher.pyc
drwxr-xr-x  3 shardulr fnalgrid 4.0K Jun 22 20:18 output
-rw-r--r--  1 shardulr fnalgrid  13K Jun 22 20:34 .update.ad
drwx------  8 shardulr fnalgrid 4.0K Jun 22 20:34 .
-rw-r--r--  1 shardulr fnalgrid 2.9K Jun 22 20:34 _condor_stdout
