[FERMIHTC-APPTAINER]: INFO -- No Apptainer image specified
[FERMIHTC-APPTAINER]: INFO -- Running job on the host machine

[FERMIHTC-APPTAINER]: INFO -- Running ./condor_exec.exe
Starting job on  Thu Jun 22 20:21:28 UTC 2023
Running on: Linux shardulr-32358581-287-cmswn2095.fnal.gov 3.10.0-1160.90.1.el7.x86_64 #1 SMP Thu Apr 27 13:14:20 CDT 2023 x86_64 x86_64 x86_64 GNU/Linux
System software: Scientific Linux release 7.9 (Nitrogen)
Running ls -alrth:
total 164K
-rw-r--r--  1 shardulr fnalgrid 5.1K Jun 22 20:21 .job.ad
-rw-r--r--  1 shardulr fnalgrid  13K Jun 22 20:21 .machine.ad
-rwx------  1 shardulr fnalgrid   49 Jun 22 20:21 .chirp.config
-rw-------  1 shardulr fnalgrid  11K Jun 22 20:21 x509up
drwxr-xr-x  2 shardulr fnalgrid 4.0K Jun 22 20:21 samples
drwxr-xr-x  2 shardulr fnalgrid 4.0K Jun 22 20:21 framework
-rw-r--r--  1 shardulr fnalgrid  62K Jun 22 20:21 singleStopAnalyzer.py
-rw-r--r--  1 shardulr fnalgrid  951 Jun 22 20:21 bJetMatcher.py
-rwxr-xr-x  1 shardulr fnalgrid  705 Jun 22 20:21 condor_exec.exe
-rw-r--r--  1 shardulr fnalgrid    0 Jun 22 20:21 docker_stderror
drwxrwxrwt  3 shardulr fnalgrid 4.0K Jun 22 20:21 var
drwxrwxrwt  2 shardulr fnalgrid 4.0K Jun 22 20:21 tmp
-rw-r--r--  1 shardulr fnalgrid  13K Jun 22 20:21 .update.ad
drwxr-xr-x  3 root     root     4.0K Jun 22 20:21 ..
srwxr-xr-x  1 shardulr fnalgrid    0 Jun 22 20:21 .docker_sock
-rw-r--r--  1 shardulr fnalgrid  113 Jun 22 20:21 _condor_stderr
drwx------  7 shardulr fnalgrid 4.0K Jun 22 20:21 .
drwxr-xr-x 17 shardulr fnalgrid 4.0K Jun 22 20:21 CMSSW_10_6_19_patch2
-rw-r--r--  1 shardulr fnalgrid  454 Jun 22 20:21 _condor_stdout
/storage/local/data1/condor/execute/dir_14103/CMSSW_10_6_19_patch2 is the CMSSW we created on the local worker node
Running over Data2018 files
Blinding data, only using CR cuts (0 loose b's)
Using UL 2018 campaign working points
Pre-select 67497 entries out of 1591590 (4.24%)
Processed    10000/   67497 entries, 14.82% (elapsed time   260.6s, curr speed    0.038 kHz, avg speed    0.038 kHz), accepted     1951/   10001 events (19.51%)
Processed    20000/   67497 entries, 29.63% (elapsed time   533.3s, curr speed    0.037 kHz, avg speed    0.038 kHz), accepted     3640/   20001 events (18.20%)
Processed    30000/   67497 entries, 44.45% (elapsed time   824.1s, curr speed    0.034 kHz, avg speed    0.036 kHz), accepted     5000/   30001 events (16.67%)
Processed    40000/   67497 entries, 59.26% (elapsed time  1170.3s, curr speed    0.029 kHz, avg speed    0.034 kHz), accepted     6549/   40001 events (16.37%)
Processed    50000/   67497 entries, 74.08% (elapsed time  1488.3s, curr speed    0.031 kHz, avg speed    0.034 kHz), accepted     8440/   50001 events (16.88%)
Processed    60000/   67497 entries, 88.89% (elapsed time  1808.3s, curr speed    0.031 kHz, avg speed    0.033 kHz), accepted    10375/   60001 events (17.29%)
Processed 67497 preselected entries from root://cmsxrootd.fnal.gov//store/data/Run2018D/JetHT/NANOAOD/UL2018_MiniAODv2_NanoAODv9-v2/2540000/DD79CC4E-2B95-044C-A5C2-F811652B74F7.root (1591590 entries). Finally selected 11890 entries
Total time 2220.3 sec. to process 1591590 events. Rate = 716.8 Hz.
Running pwd:
/storage/local/data1/condor/execute/dir_14103
Running ls -alrth:
total 172K
-rw-r--r--  1 shardulr fnalgrid 5.1K Jun 22 20:21 .job.ad
-rw-r--r--  1 shardulr fnalgrid  13K Jun 22 20:21 .machine.ad
-rwx------  1 shardulr fnalgrid   49 Jun 22 20:21 .chirp.config
-rw-------  1 shardulr fnalgrid  11K Jun 22 20:21 x509up
drwxr-xr-x  2 shardulr fnalgrid 4.0K Jun 22 20:21 samples
-rw-r--r--  1 shardulr fnalgrid  62K Jun 22 20:21 singleStopAnalyzer.py
-rw-r--r--  1 shardulr fnalgrid  951 Jun 22 20:21 bJetMatcher.py
-rwxr-xr-x  1 shardulr fnalgrid  705 Jun 22 20:21 condor_exec.exe
-rw-r--r--  1 shardulr fnalgrid    0 Jun 22 20:21 docker_stderror
drwxrwxrwt  3 shardulr fnalgrid 4.0K Jun 22 20:21 var
drwxrwxrwt  2 shardulr fnalgrid 4.0K Jun 22 20:21 tmp
drwxr-xr-x  3 root     root     4.0K Jun 22 20:21 ..
srwxr-xr-x  1 shardulr fnalgrid    0 Jun 22 20:21 .docker_sock
-rw-r--r--  1 shardulr fnalgrid  113 Jun 22 20:21 _condor_stderr
drwxr-xr-x 17 shardulr fnalgrid 4.0K Jun 22 20:21 CMSSW_10_6_19_patch2
drwxr-xr-x  2 shardulr fnalgrid 4.0K Jun 22 20:21 framework
-rw-r--r--  1 shardulr fnalgrid 1.7K Jun 22 20:21 bJetMatcher.pyc
drwxr-xr-x  3 shardulr fnalgrid 4.0K Jun 22 20:21 output
-rw-r--r--  1 shardulr fnalgrid  13K Jun 22 20:58 .update.ad
drwx------  8 shardulr fnalgrid 4.0K Jun 22 20:58 .
-rw-r--r--  1 shardulr fnalgrid 3.2K Jun 22 20:58 _condor_stdout
