[FERMIHTC-APPTAINER]: INFO -- No Apptainer image specified
[FERMIHTC-APPTAINER]: INFO -- Running job on the host machine

[FERMIHTC-APPTAINER]: INFO -- Running ./condor_exec.exe
Starting job on  Thu Jun 22 20:20:42 UTC 2023
Running on: Linux shardulr-32358581-185-cmswn2085.fnal.gov 3.10.0-1160.90.1.el7.x86_64 #1 SMP Thu Apr 27 13:14:20 CDT 2023 x86_64 x86_64 x86_64 GNU/Linux
System software: Scientific Linux release 7.9 (Nitrogen)
Running ls -alrth:
total 156K
-rw-r--r--  1 shardulr fnalgrid 5.0K Jun 22 20:20 .job.ad
-rw-r--r--  1 shardulr fnalgrid  11K Jun 22 20:20 .machine.ad
-rwx------  1 shardulr fnalgrid   49 Jun 22 20:20 .chirp.config
-rw-------  1 shardulr fnalgrid  11K Jun 22 20:20 x509up
drwxr-xr-x  2 shardulr fnalgrid 4.0K Jun 22 20:20 samples
drwxr-xr-x  2 shardulr fnalgrid 4.0K Jun 22 20:20 framework
-rw-r--r--  1 shardulr fnalgrid  62K Jun 22 20:20 singleStopAnalyzer.py
-rw-r--r--  1 shardulr fnalgrid  951 Jun 22 20:20 bJetMatcher.py
-rwxr-xr-x  1 shardulr fnalgrid  705 Jun 22 20:20 condor_exec.exe
-rw-r--r--  1 shardulr fnalgrid    0 Jun 22 20:20 docker_stderror
drwxrwxrwt  3 shardulr fnalgrid 4.0K Jun 22 20:20 var
drwxrwxrwt  2 shardulr fnalgrid 4.0K Jun 22 20:20 tmp
-rw-r--r--  1 shardulr fnalgrid  11K Jun 22 20:20 .update.ad
drwxr-xr-x  3 root     root     4.0K Jun 22 20:20 ..
srwxr-xr-x  1 shardulr fnalgrid    0 Jun 22 20:20 .docker_sock
-rw-r--r--  1 shardulr fnalgrid  113 Jun 22 20:20 _condor_stderr
drwx------  7 shardulr fnalgrid 4.0K Jun 22 20:20 .
drwxr-xr-x 17 shardulr fnalgrid 4.0K Jun 22 20:20 CMSSW_10_6_19_patch2
-rw-r--r--  1 shardulr fnalgrid  454 Jun 22 20:20 _condor_stdout
/storage/local/data1/condor/execute/dir_49607/CMSSW_10_6_19_patch2 is the CMSSW we created on the local worker node
Running over Data2018 files
Blinding data, only using CR cuts (0 loose b's)
Using UL 2018 campaign working points
Pre-select 89719 entries out of 2069597 (4.34%)
Processed    10000/   89719 entries, 11.15% (elapsed time    68.3s, curr speed    0.146 kHz, avg speed    0.146 kHz), accepted     1767/   10001 events (17.67%)
Processed    20000/   89719 entries, 22.29% (elapsed time   131.0s, curr speed    0.159 kHz, avg speed    0.153 kHz), accepted     3190/   20001 events (15.95%)
Processed    30000/   89719 entries, 33.44% (elapsed time   192.6s, curr speed    0.162 kHz, avg speed    0.156 kHz), accepted     4719/   30001 events (15.73%)
Processed    40000/   89719 entries, 44.58% (elapsed time   255.5s, curr speed    0.159 kHz, avg speed    0.157 kHz), accepted     6357/   40001 events (15.89%)
Processed    50000/   89719 entries, 55.73% (elapsed time   316.1s, curr speed    0.165 kHz, avg speed    0.158 kHz), accepted     8076/   50001 events (16.15%)
Processed    60000/   89719 entries, 66.88% (elapsed time   374.2s, curr speed    0.172 kHz, avg speed    0.160 kHz), accepted     9797/   60001 events (16.33%)
Processed    70000/   89719 entries, 78.02% (elapsed time   431.2s, curr speed    0.175 kHz, avg speed    0.162 kHz), accepted    11582/   70001 events (16.55%)
Processed    80000/   89719 entries, 89.17% (elapsed time   492.7s, curr speed    0.163 kHz, avg speed    0.162 kHz), accepted    13125/   80001 events (16.41%)
Processed 89719 preselected entries from root://cmsxrootd.fnal.gov//store/data/Run2018B/JetHT/NANOAOD/UL2018_MiniAODv2_NanoAODv9-v1/120000/B15A25BB-3287-8C43-8521-D57A426B57A2.root (2069597 entries). Finally selected 14561 entries
Total time 626.6 sec. to process 2069597 events. Rate = 3303.0 Hz.
Running pwd:
/storage/local/data1/condor/execute/dir_49607
Running ls -alrth:
total 164K
-rw-r--r--  1 shardulr fnalgrid 5.0K Jun 22 20:20 .job.ad
-rw-r--r--  1 shardulr fnalgrid  11K Jun 22 20:20 .machine.ad
-rwx------  1 shardulr fnalgrid   49 Jun 22 20:20 .chirp.config
-rw-------  1 shardulr fnalgrid  11K Jun 22 20:20 x509up
drwxr-xr-x  2 shardulr fnalgrid 4.0K Jun 22 20:20 samples
-rw-r--r--  1 shardulr fnalgrid  62K Jun 22 20:20 singleStopAnalyzer.py
-rw-r--r--  1 shardulr fnalgrid  951 Jun 22 20:20 bJetMatcher.py
-rwxr-xr-x  1 shardulr fnalgrid  705 Jun 22 20:20 condor_exec.exe
-rw-r--r--  1 shardulr fnalgrid    0 Jun 22 20:20 docker_stderror
drwxrwxrwt  3 shardulr fnalgrid 4.0K Jun 22 20:20 var
drwxrwxrwt  2 shardulr fnalgrid 4.0K Jun 22 20:20 tmp
drwxr-xr-x  3 root     root     4.0K Jun 22 20:20 ..
srwxr-xr-x  1 shardulr fnalgrid    0 Jun 22 20:20 .docker_sock
-rw-r--r--  1 shardulr fnalgrid  113 Jun 22 20:20 _condor_stderr
drwxr-xr-x 17 shardulr fnalgrid 4.0K Jun 22 20:20 CMSSW_10_6_19_patch2
drwxr-xr-x  2 shardulr fnalgrid 4.0K Jun 22 20:20 framework
-rw-r--r--  1 shardulr fnalgrid 1.7K Jun 22 20:20 bJetMatcher.pyc
drwxr-xr-x  3 shardulr fnalgrid 4.0K Jun 22 20:20 output
-rw-r--r--  1 shardulr fnalgrid  11K Jun 22 20:30 .update.ad
drwx------  8 shardulr fnalgrid 4.0K Jun 22 20:30 .
-rw-r--r--  1 shardulr fnalgrid 3.5K Jun 22 20:31 _condor_stdout
