[FERMIHTC-APPTAINER]: INFO -- No Apptainer image specified
[FERMIHTC-APPTAINER]: INFO -- Running job on the host machine

[FERMIHTC-APPTAINER]: INFO -- Running ./condor_exec.exe
Starting job on  Thu Jun 22 20:20:56 UTC 2023
Running on: Linux shardulr-32358581-164-cmswn2087.fnal.gov 3.10.0-1160.90.1.el7.x86_64 #1 SMP Thu Apr 27 13:14:20 CDT 2023 x86_64 x86_64 x86_64 GNU/Linux
System software: Scientific Linux release 7.9 (Nitrogen)
Running ls -alrth:
total 156K
-rw-r--r--  1 shardulr fnalgrid 5.0K Jun 22 20:20 .job.ad
-rw-r--r--  1 shardulr fnalgrid  11K Jun 22 20:20 .machine.ad
-rwx------  1 shardulr fnalgrid   49 Jun 22 20:20 .chirp.config
-rw-------  1 shardulr fnalgrid  11K Jun 22 20:20 x509up
drwxr-xr-x  2 shardulr fnalgrid 4.0K Jun 22 20:20 samples
drwxr-xr-x  2 shardulr fnalgrid 4.0K Jun 22 20:20 framework
-rw-r--r--  1 shardulr fnalgrid  62K Jun 22 20:20 singleStopAnalyzer.py
-rwxr-xr-x  1 shardulr fnalgrid  705 Jun 22 20:20 condor_exec.exe
-rw-r--r--  1 shardulr fnalgrid  951 Jun 22 20:20 bJetMatcher.py
-rw-r--r--  1 shardulr fnalgrid    0 Jun 22 20:20 docker_stderror
drwxrwxrwt  3 shardulr fnalgrid 4.0K Jun 22 20:20 var
drwxrwxrwt  2 shardulr fnalgrid 4.0K Jun 22 20:20 tmp
-rw-r--r--  1 shardulr fnalgrid  11K Jun 22 20:20 .update.ad
drwxr-xr-x  3 root     root     4.0K Jun 22 20:20 ..
srwxr-xr-x  1 shardulr fnalgrid    0 Jun 22 20:20 .docker_sock
-rw-r--r--  1 shardulr fnalgrid  113 Jun 22 20:20 _condor_stderr
drwx------  7 shardulr fnalgrid 4.0K Jun 22 20:20 .
drwxr-xr-x 17 shardulr fnalgrid 4.0K Jun 22 20:20 CMSSW_10_6_19_patch2
-rw-r--r--  1 shardulr fnalgrid  454 Jun 22 20:20 _condor_stdout
/storage/local/data1/condor/execute/dir_20761/CMSSW_10_6_19_patch2 is the CMSSW we created on the local worker node
Running over Data2018 files
Blinding data, only using CR cuts (0 loose b's)
Using UL 2018 campaign working points
Pre-select 98984 entries out of 2257938 (4.38%)
Processed    10000/   98984 entries, 10.10% (elapsed time    61.0s, curr speed    0.164 kHz, avg speed    0.164 kHz), accepted     1777/   10001 events (17.77%)
Processed    20000/   98984 entries, 20.21% (elapsed time   125.4s, curr speed    0.155 kHz, avg speed    0.159 kHz), accepted     3593/   20001 events (17.96%)
Processed    30000/   98984 entries, 30.31% (elapsed time   189.5s, curr speed    0.156 kHz, avg speed    0.158 kHz), accepted     5472/   30001 events (18.24%)
Processed    40000/   98984 entries, 40.41% (elapsed time   253.0s, curr speed    0.157 kHz, avg speed    0.158 kHz), accepted     7282/   40001 events (18.20%)
Processed    50000/   98984 entries, 50.51% (elapsed time   319.0s, curr speed    0.152 kHz, avg speed    0.157 kHz), accepted     9117/   50001 events (18.23%)
Processed    60000/   98984 entries, 60.62% (elapsed time   389.1s, curr speed    0.143 kHz, avg speed    0.154 kHz), accepted    10727/   60001 events (17.88%)
Processed    70000/   98984 entries, 70.72% (elapsed time   453.3s, curr speed    0.156 kHz, avg speed    0.154 kHz), accepted    12508/   70001 events (17.87%)
Processed    80000/   98984 entries, 80.82% (elapsed time   512.6s, curr speed    0.169 kHz, avg speed    0.156 kHz), accepted    14068/   80001 events (17.58%)
Processed    90000/   98984 entries, 90.92% (elapsed time   578.4s, curr speed    0.152 kHz, avg speed    0.156 kHz), accepted    15868/   90001 events (17.63%)
Processed 98984 preselected entries from root://cmsxrootd.fnal.gov//store/data/Run2018B/JetHT/NANOAOD/UL2018_MiniAODv2_NanoAODv9-v1/120000/692291B9-BEA7-EE49-B750-22346FFA20E4.root (2257938 entries). Finally selected 16982 entries
Total time 718.5 sec. to process 2257938 events. Rate = 3142.7 Hz.
Running pwd:
/storage/local/data1/condor/execute/dir_20761
Running ls -alrth:
total 164K
-rw-r--r--  1 shardulr fnalgrid 5.0K Jun 22 20:20 .job.ad
-rw-r--r--  1 shardulr fnalgrid  11K Jun 22 20:20 .machine.ad
-rwx------  1 shardulr fnalgrid   49 Jun 22 20:20 .chirp.config
-rw-------  1 shardulr fnalgrid  11K Jun 22 20:20 x509up
drwxr-xr-x  2 shardulr fnalgrid 4.0K Jun 22 20:20 samples
-rw-r--r--  1 shardulr fnalgrid  62K Jun 22 20:20 singleStopAnalyzer.py
-rwxr-xr-x  1 shardulr fnalgrid  705 Jun 22 20:20 condor_exec.exe
-rw-r--r--  1 shardulr fnalgrid  951 Jun 22 20:20 bJetMatcher.py
-rw-r--r--  1 shardulr fnalgrid    0 Jun 22 20:20 docker_stderror
drwxrwxrwt  3 shardulr fnalgrid 4.0K Jun 22 20:20 var
drwxrwxrwt  2 shardulr fnalgrid 4.0K Jun 22 20:20 tmp
drwxr-xr-x  3 root     root     4.0K Jun 22 20:20 ..
srwxr-xr-x  1 shardulr fnalgrid    0 Jun 22 20:20 .docker_sock
-rw-r--r--  1 shardulr fnalgrid  113 Jun 22 20:20 _condor_stderr
drwxr-xr-x 17 shardulr fnalgrid 4.0K Jun 22 20:20 CMSSW_10_6_19_patch2
drwxr-xr-x  2 shardulr fnalgrid 4.0K Jun 22 20:21 framework
-rw-r--r--  1 shardulr fnalgrid 1.7K Jun 22 20:21 bJetMatcher.pyc
drwxr-xr-x  3 shardulr fnalgrid 4.0K Jun 22 20:21 output
-rw-r--r--  1 shardulr fnalgrid  12K Jun 22 20:32 .update.ad
drwx------  8 shardulr fnalgrid 4.0K Jun 22 20:32 .
-rw-r--r--  1 shardulr fnalgrid 3.7K Jun 22 20:33 _condor_stdout
