[FERMIHTC-APPTAINER]: INFO -- No Apptainer image specified
[FERMIHTC-APPTAINER]: INFO -- Running job on the host machine

[FERMIHTC-APPTAINER]: INFO -- Running ./condor_exec.exe
Starting job on  Thu Jun 22 20:21:22 UTC 2023
Running on: Linux shardulr-32358581-260-cmswn2064.fnal.gov 3.10.0-1160.90.1.el7.x86_64 #1 SMP Thu Apr 27 13:14:20 CDT 2023 x86_64 x86_64 x86_64 GNU/Linux
System software: Scientific Linux release 7.9 (Nitrogen)
Running ls -alrth:
total 164K
-rw-r--r--  1 shardulr fnalgrid 5.0K Jun 22 20:20 .job.ad
-rw-r--r--  1 shardulr fnalgrid  14K Jun 22 20:20 .machine.ad
-rwx------  1 shardulr fnalgrid   49 Jun 22 20:20 .chirp.config
-rw-------  1 shardulr fnalgrid  11K Jun 22 20:21 x509up
drwxr-xr-x  2 shardulr fnalgrid 4.0K Jun 22 20:21 samples
drwxr-xr-x  2 shardulr fnalgrid 4.0K Jun 22 20:21 framework
-rw-r--r--  1 shardulr fnalgrid  62K Jun 22 20:21 singleStopAnalyzer.py
-rwxr-xr-x  1 shardulr fnalgrid  705 Jun 22 20:21 condor_exec.exe
-rw-r--r--  1 shardulr fnalgrid  951 Jun 22 20:21 bJetMatcher.py
-rw-r--r--  1 shardulr fnalgrid    0 Jun 22 20:21 docker_stderror
drwxrwxrwt  3 shardulr fnalgrid 4.0K Jun 22 20:21 var
drwxrwxrwt  2 shardulr fnalgrid 4.0K Jun 22 20:21 tmp
-rw-r--r--  1 shardulr fnalgrid  13K Jun 22 20:21 .update.ad
drwxr-xr-x  3 root     root     4.0K Jun 22 20:21 ..
srwxr-xr-x  1 shardulr fnalgrid    0 Jun 22 20:21 .docker_sock
-rw-r--r--  1 shardulr fnalgrid  113 Jun 22 20:21 _condor_stderr
drwx------  7 shardulr fnalgrid 4.0K Jun 22 20:21 .
drwxr-xr-x 17 shardulr fnalgrid 4.0K Jun 22 20:21 CMSSW_10_6_19_patch2
-rw-r--r--  1 shardulr fnalgrid  454 Jun 22 20:21 _condor_stdout
/storage/local/data1/condor/execute/dir_50041/CMSSW_10_6_19_patch2 is the CMSSW we created on the local worker node
Running over Data2018 files
Blinding data, only using CR cuts (0 loose b's)
Using UL 2018 campaign working points
Pre-select 87450 entries out of 2101318 (4.16%)
Processed    10000/   87450 entries, 11.44% (elapsed time   321.0s, curr speed    0.031 kHz, avg speed    0.031 kHz), accepted     1868/   10001 events (18.68%)
Processed    20000/   87450 entries, 22.87% (elapsed time   628.8s, curr speed    0.032 kHz, avg speed    0.032 kHz), accepted     3811/   20001 events (19.05%)
Processed    30000/   87450 entries, 34.31% (elapsed time   933.1s, curr speed    0.033 kHz, avg speed    0.032 kHz), accepted     5141/   30001 events (17.14%)
Processed    40000/   87450 entries, 45.74% (elapsed time  1248.2s, curr speed    0.032 kHz, avg speed    0.032 kHz), accepted     6828/   40001 events (17.07%)
Processed    50000/   87450 entries, 57.18% (elapsed time  1568.0s, curr speed    0.031 kHz, avg speed    0.032 kHz), accepted     8454/   50001 events (16.91%)
Processed    60000/   87450 entries, 68.61% (elapsed time  1877.7s, curr speed    0.032 kHz, avg speed    0.032 kHz), accepted    10304/   60001 events (17.17%)
Processed    70000/   87450 entries, 80.05% (elapsed time  2211.0s, curr speed    0.030 kHz, avg speed    0.032 kHz), accepted    12083/   70001 events (17.26%)
Processed    80000/   87450 entries, 91.48% (elapsed time  2551.5s, curr speed    0.029 kHz, avg speed    0.031 kHz), accepted    13800/   80001 events (17.25%)
Processed 87450 preselected entries from root://cmsxrootd.fnal.gov//store/data/Run2018D/JetHT/NANOAOD/UL2018_MiniAODv2_NanoAODv9-v2/2540000/79FA2392-1694-5A42-A872-47E1DB6182F0.root (2101318 entries). Finally selected 15174 entries
Total time 3012.1 sec. to process 2101318 events. Rate = 697.6 Hz.
Running pwd:
/storage/local/data1/condor/execute/dir_50041
Running ls -alrth:
total 172K
-rw-r--r--  1 shardulr fnalgrid 5.0K Jun 22 20:20 .job.ad
-rw-r--r--  1 shardulr fnalgrid  14K Jun 22 20:20 .machine.ad
-rwx------  1 shardulr fnalgrid   49 Jun 22 20:20 .chirp.config
-rw-------  1 shardulr fnalgrid  11K Jun 22 20:21 x509up
drwxr-xr-x  2 shardulr fnalgrid 4.0K Jun 22 20:21 samples
-rw-r--r--  1 shardulr fnalgrid  62K Jun 22 20:21 singleStopAnalyzer.py
-rwxr-xr-x  1 shardulr fnalgrid  705 Jun 22 20:21 condor_exec.exe
-rw-r--r--  1 shardulr fnalgrid  951 Jun 22 20:21 bJetMatcher.py
-rw-r--r--  1 shardulr fnalgrid    0 Jun 22 20:21 docker_stderror
drwxrwxrwt  3 shardulr fnalgrid 4.0K Jun 22 20:21 var
drwxrwxrwt  2 shardulr fnalgrid 4.0K Jun 22 20:21 tmp
drwxr-xr-x  3 root     root     4.0K Jun 22 20:21 ..
srwxr-xr-x  1 shardulr fnalgrid    0 Jun 22 20:21 .docker_sock
-rw-r--r--  1 shardulr fnalgrid  113 Jun 22 20:21 _condor_stderr
drwxr-xr-x 17 shardulr fnalgrid 4.0K Jun 22 20:21 CMSSW_10_6_19_patch2
drwxr-xr-x  2 shardulr fnalgrid 4.0K Jun 22 20:21 framework
-rw-r--r--  1 shardulr fnalgrid 1.7K Jun 22 20:21 bJetMatcher.pyc
drwxr-xr-x  3 shardulr fnalgrid 4.0K Jun 22 20:21 output
-rw-r--r--  1 shardulr fnalgrid  13K Jun 22 21:11 .update.ad
drwx------  8 shardulr fnalgrid 4.0K Jun 22 21:11 .
-rw-r--r--  1 shardulr fnalgrid 3.5K Jun 22 21:11 _condor_stdout
