[FERMIHTC-APPTAINER]: INFO -- No Apptainer image specified
[FERMIHTC-APPTAINER]: INFO -- Running job on the host machine

[FERMIHTC-APPTAINER]: INFO -- Running ./condor_exec.exe
Starting job on  Thu Jun 22 20:22:32 UTC 2023
Running on: Linux shardulr-32358581-380-cmswn2061.fnal.gov 3.10.0-1160.90.1.el7.x86_64 #1 SMP Thu Apr 27 13:14:20 CDT 2023 x86_64 x86_64 x86_64 GNU/Linux
System software: Scientific Linux release 7.9 (Nitrogen)
Running ls -alrth:
total 164K
-rw-r--r--  1 shardulr fnalgrid 5.0K Jun 22 20:22 .job.ad
-rw-r--r--  1 shardulr fnalgrid  13K Jun 22 20:22 .machine.ad
-rwx------  1 shardulr fnalgrid   49 Jun 22 20:22 .chirp.config
-rw-------  1 shardulr fnalgrid  11K Jun 22 20:22 x509up
drwxr-xr-x  2 shardulr fnalgrid 4.0K Jun 22 20:22 samples
drwxr-xr-x  2 shardulr fnalgrid 4.0K Jun 22 20:22 framework
-rw-r--r--  1 shardulr fnalgrid  62K Jun 22 20:22 singleStopAnalyzer.py
-rw-r--r--  1 shardulr fnalgrid  951 Jun 22 20:22 bJetMatcher.py
-rwxr-xr-x  1 shardulr fnalgrid  705 Jun 22 20:22 condor_exec.exe
-rw-r--r--  1 shardulr fnalgrid    0 Jun 22 20:22 docker_stderror
drwxrwxrwt  3 shardulr fnalgrid 4.0K Jun 22 20:22 var
drwxrwxrwt  2 shardulr fnalgrid 4.0K Jun 22 20:22 tmp
drwxr-xr-x  3 root     root     4.0K Jun 22 20:22 ..
srwxr-xr-x  1 shardulr fnalgrid    0 Jun 22 20:22 .docker_sock
-rw-r--r--  1 shardulr fnalgrid  113 Jun 22 20:22 _condor_stderr
-rw-r--r--  1 shardulr fnalgrid  13K Jun 22 20:22 .update.ad
drwx------  7 shardulr fnalgrid 4.0K Jun 22 20:22 .
drwxr-xr-x 17 shardulr fnalgrid 4.0K Jun 22 20:22 CMSSW_10_6_19_patch2
-rw-r--r--  1 shardulr fnalgrid  454 Jun 22 20:22 _condor_stdout
/storage/local/data1/condor/execute/dir_44803/CMSSW_10_6_19_patch2 is the CMSSW we created on the local worker node
Running over Data2018 files
Blinding data, only using CR cuts (0 loose b's)
Using UL 2018 campaign working points
Pre-select 89413 entries out of 2173417 (4.11%)
Processed    10000/   89413 entries, 11.18% (elapsed time   280.9s, curr speed    0.036 kHz, avg speed    0.036 kHz), accepted     1725/   10001 events (17.25%)
Processed    20000/   89413 entries, 22.37% (elapsed time   558.8s, curr speed    0.036 kHz, avg speed    0.036 kHz), accepted     3240/   20001 events (16.20%)
Processed    30000/   89413 entries, 33.55% (elapsed time   884.7s, curr speed    0.031 kHz, avg speed    0.034 kHz), accepted     4816/   30001 events (16.05%)
Processed    40000/   89413 entries, 44.74% (elapsed time  1219.0s, curr speed    0.030 kHz, avg speed    0.033 kHz), accepted     6206/   40001 events (15.51%)
Processed    50000/   89413 entries, 55.92% (elapsed time  1545.6s, curr speed    0.031 kHz, avg speed    0.032 kHz), accepted     7855/   50001 events (15.71%)
Processed    60000/   89413 entries, 67.10% (elapsed time  1874.7s, curr speed    0.030 kHz, avg speed    0.032 kHz), accepted     9560/   60001 events (15.93%)
Processed    70000/   89413 entries, 78.29% (elapsed time  2215.3s, curr speed    0.029 kHz, avg speed    0.032 kHz), accepted    11361/   70001 events (16.23%)
Processed    80000/   89413 entries, 89.47% (elapsed time  2552.0s, curr speed    0.030 kHz, avg speed    0.031 kHz), accepted    13109/   80001 events (16.39%)
Processed 89413 preselected entries from root://cmsxrootd.fnal.gov//store/data/Run2018D/JetHT/NANOAOD/UL2018_MiniAODv2_NanoAODv9-v2/2810000/0800636B-6684-4C4E-ABF9-5F93C3554238.root (2173417 entries). Finally selected 14918 entries
Total time 3200.4 sec. to process 2173417 events. Rate = 679.1 Hz.
Running pwd:
/storage/local/data1/condor/execute/dir_44803
Running ls -alrth:
total 172K
-rw-r--r--  1 shardulr fnalgrid 5.0K Jun 22 20:22 .job.ad
-rw-r--r--  1 shardulr fnalgrid  13K Jun 22 20:22 .machine.ad
-rwx------  1 shardulr fnalgrid   49 Jun 22 20:22 .chirp.config
-rw-------  1 shardulr fnalgrid  11K Jun 22 20:22 x509up
drwxr-xr-x  2 shardulr fnalgrid 4.0K Jun 22 20:22 samples
-rw-r--r--  1 shardulr fnalgrid  62K Jun 22 20:22 singleStopAnalyzer.py
-rw-r--r--  1 shardulr fnalgrid  951 Jun 22 20:22 bJetMatcher.py
-rwxr-xr-x  1 shardulr fnalgrid  705 Jun 22 20:22 condor_exec.exe
-rw-r--r--  1 shardulr fnalgrid    0 Jun 22 20:22 docker_stderror
drwxrwxrwt  3 shardulr fnalgrid 4.0K Jun 22 20:22 var
drwxrwxrwt  2 shardulr fnalgrid 4.0K Jun 22 20:22 tmp
drwxr-xr-x  3 root     root     4.0K Jun 22 20:22 ..
srwxr-xr-x  1 shardulr fnalgrid    0 Jun 22 20:22 .docker_sock
-rw-r--r--  1 shardulr fnalgrid  113 Jun 22 20:22 _condor_stderr
drwxr-xr-x 17 shardulr fnalgrid 4.0K Jun 22 20:22 CMSSW_10_6_19_patch2
drwxr-xr-x  2 shardulr fnalgrid 4.0K Jun 22 20:22 framework
-rw-r--r--  1 shardulr fnalgrid 1.7K Jun 22 20:22 bJetMatcher.pyc
drwxr-xr-x  3 shardulr fnalgrid 4.0K Jun 22 20:22 output
-rw-r--r--  1 shardulr fnalgrid  13K Jun 22 21:15 .update.ad
drwx------  8 shardulr fnalgrid 4.0K Jun 22 21:15 .
-rw-r--r--  1 shardulr fnalgrid 3.5K Jun 22 21:15 _condor_stdout
