[FERMIHTC-APPTAINER]: INFO -- No Apptainer image specified
[FERMIHTC-APPTAINER]: INFO -- Running job on the host machine

[FERMIHTC-APPTAINER]: INFO -- Running ./condor_exec.exe
Starting job on  Thu Jun 22 20:21:49 UTC 2023
Running on: Linux shardulr-32358581-303-cmswn2103.fnal.gov 3.10.0-1160.90.1.el7.x86_64 #1 SMP Thu Apr 27 13:14:20 CDT 2023 x86_64 x86_64 x86_64 GNU/Linux
System software: Scientific Linux release 7.9 (Nitrogen)
Running ls -alrth:
total 164K
-rw-r--r--  1 shardulr fnalgrid 5.0K Jun 22 20:21 .job.ad
-rw-r--r--  1 shardulr fnalgrid  14K Jun 22 20:21 .machine.ad
-rwx------  1 shardulr fnalgrid   49 Jun 22 20:21 .chirp.config
-rw-------  1 shardulr fnalgrid  11K Jun 22 20:21 x509up
drwxr-xr-x  2 shardulr fnalgrid 4.0K Jun 22 20:21 samples
-rw-r--r--  1 shardulr fnalgrid  62K Jun 22 20:21 singleStopAnalyzer.py
drwxr-xr-x  2 shardulr fnalgrid 4.0K Jun 22 20:21 framework
-rwxr-xr-x  1 shardulr fnalgrid  705 Jun 22 20:21 condor_exec.exe
-rw-r--r--  1 shardulr fnalgrid  951 Jun 22 20:21 bJetMatcher.py
-rw-r--r--  1 shardulr fnalgrid    0 Jun 22 20:21 docker_stderror
drwxrwxrwt  3 shardulr fnalgrid 4.0K Jun 22 20:21 var
drwxrwxrwt  2 shardulr fnalgrid 4.0K Jun 22 20:21 tmp
-rw-r--r--  1 shardulr fnalgrid  13K Jun 22 20:21 .update.ad
drwxr-xr-x  3 root     root     4.0K Jun 22 20:21 ..
srwxr-xr-x  1 shardulr fnalgrid    0 Jun 22 20:21 .docker_sock
-rw-r--r--  1 shardulr fnalgrid  113 Jun 22 20:21 _condor_stderr
drwx------  7 shardulr fnalgrid 4.0K Jun 22 20:21 .
drwxr-xr-x 17 shardulr fnalgrid 4.0K Jun 22 20:21 CMSSW_10_6_19_patch2
-rw-r--r--  1 shardulr fnalgrid  454 Jun 22 20:21 _condor_stdout
/storage/local/data1/condor/execute/dir_11363/CMSSW_10_6_19_patch2 is the CMSSW we created on the local worker node
Running over Data2018 files
Blinding data, only using CR cuts (0 loose b's)
Using UL 2018 campaign working points
Pre-select 45467 entries out of 1035836 (4.39%)
Processed    10000/   45467 entries, 21.99% (elapsed time   292.1s, curr speed    0.034 kHz, avg speed    0.034 kHz), accepted     1289/   10001 events (12.89%)
Processed    20000/   45467 entries, 43.99% (elapsed time   669.7s, curr speed    0.026 kHz, avg speed    0.030 kHz), accepted     2839/   20001 events (14.19%)
Processed    30000/   45467 entries, 65.98% (elapsed time  1027.3s, curr speed    0.028 kHz, avg speed    0.029 kHz), accepted     4575/   30001 events (15.25%)
Processed    40000/   45467 entries, 87.98% (elapsed time  1393.7s, curr speed    0.027 kHz, avg speed    0.029 kHz), accepted     6274/   40001 events (15.68%)
Processed 45467 preselected entries from root://cmsxrootd.fnal.gov//store/data/Run2018D/JetHT/NANOAOD/UL2018_MiniAODv2_NanoAODv9-v2/2540000/E3329D34-33CC-DC40-8FCB-59750318999F.root (1035836 entries). Finally selected 7275 entries
Total time 1821.3 sec. to process 1035836 events. Rate = 568.7 Hz.
Running pwd:
/storage/local/data1/condor/execute/dir_11363
Running ls -alrth:
total 172K
-rw-r--r--  1 shardulr fnalgrid 5.0K Jun 22 20:21 .job.ad
-rw-r--r--  1 shardulr fnalgrid  14K Jun 22 20:21 .machine.ad
-rwx------  1 shardulr fnalgrid   49 Jun 22 20:21 .chirp.config
-rw-------  1 shardulr fnalgrid  11K Jun 22 20:21 x509up
drwxr-xr-x  2 shardulr fnalgrid 4.0K Jun 22 20:21 samples
-rw-r--r--  1 shardulr fnalgrid  62K Jun 22 20:21 singleStopAnalyzer.py
-rwxr-xr-x  1 shardulr fnalgrid  705 Jun 22 20:21 condor_exec.exe
-rw-r--r--  1 shardulr fnalgrid  951 Jun 22 20:21 bJetMatcher.py
-rw-r--r--  1 shardulr fnalgrid    0 Jun 22 20:21 docker_stderror
drwxrwxrwt  3 shardulr fnalgrid 4.0K Jun 22 20:21 var
drwxrwxrwt  2 shardulr fnalgrid 4.0K Jun 22 20:21 tmp
drwxr-xr-x  3 root     root     4.0K Jun 22 20:21 ..
srwxr-xr-x  1 shardulr fnalgrid    0 Jun 22 20:21 .docker_sock
-rw-r--r--  1 shardulr fnalgrid  113 Jun 22 20:21 _condor_stderr
drwxr-xr-x 17 shardulr fnalgrid 4.0K Jun 22 20:21 CMSSW_10_6_19_patch2
drwxr-xr-x  2 shardulr fnalgrid 4.0K Jun 22 20:21 framework
-rw-r--r--  1 shardulr fnalgrid 1.7K Jun 22 20:21 bJetMatcher.pyc
drwxr-xr-x  3 shardulr fnalgrid 4.0K Jun 22 20:21 output
-rw-r--r--  1 shardulr fnalgrid  13K Jun 22 20:52 .update.ad
drwx------  8 shardulr fnalgrid 4.0K Jun 22 20:52 .
-rw-r--r--  1 shardulr fnalgrid 2.9K Jun 22 20:52 _condor_stdout
