[FERMIHTC-APPTAINER]: INFO -- No Apptainer image specified
[FERMIHTC-APPTAINER]: INFO -- Running job on the host machine

[FERMIHTC-APPTAINER]: INFO -- Running ./condor_exec.exe
Starting job on  Thu Jun 22 20:24:12 UTC 2023
Running on: Linux shardulr-32358581-473-cmswn2089.fnal.gov 3.10.0-1160.90.1.el7.x86_64 #1 SMP Thu Apr 27 13:14:20 CDT 2023 x86_64 x86_64 x86_64 GNU/Linux
System software: Scientific Linux release 7.9 (Nitrogen)
Running ls -alrth:
total 160K
-rw-r--r--  1 shardulr fnalgrid 5.0K Jun 22 20:23 .job.ad
-rw-r--r--  1 shardulr fnalgrid  13K Jun 22 20:23 .machine.ad
-rwx------  1 shardulr fnalgrid   49 Jun 22 20:23 .chirp.config
-rw-------  1 shardulr fnalgrid  11K Jun 22 20:24 x509up
drwxr-xr-x  2 shardulr fnalgrid 4.0K Jun 22 20:24 samples
drwxr-xr-x  2 shardulr fnalgrid 4.0K Jun 22 20:24 framework
-rw-r--r--  1 shardulr fnalgrid  62K Jun 22 20:24 singleStopAnalyzer.py
-rwxr-xr-x  1 shardulr fnalgrid  705 Jun 22 20:24 condor_exec.exe
-rw-r--r--  1 shardulr fnalgrid  951 Jun 22 20:24 bJetMatcher.py
-rw-r--r--  1 shardulr fnalgrid    0 Jun 22 20:24 docker_stderror
drwxrwxrwt  3 shardulr fnalgrid 4.0K Jun 22 20:24 var
drwxrwxrwt  2 shardulr fnalgrid 4.0K Jun 22 20:24 tmp
drwxr-xr-x  3 root     root     4.0K Jun 22 20:24 ..
srwxr-xr-x  1 shardulr fnalgrid    0 Jun 22 20:24 .docker_sock
-rw-r--r--  1 shardulr fnalgrid  113 Jun 22 20:24 _condor_stderr
drwxr-xr-x 17 shardulr fnalgrid 4.0K Jun 22 20:24 CMSSW_10_6_19_patch2
-rw-r--r--  1 shardulr fnalgrid  12K Jun 22 20:24 .update.ad
drwx------  7 shardulr fnalgrid 4.0K Jun 22 20:24 .
-rw-r--r--  1 shardulr fnalgrid  454 Jun 22 20:24 _condor_stdout
/storage/local/data1/condor/execute/dir_9916/CMSSW_10_6_19_patch2 is the CMSSW we created on the local worker node
Running over Data2018 files
Blinding data, only using CR cuts (0 loose b's)
Using UL 2018 campaign working points
Pre-select 175868 entries out of 194712 (90.32%)
Processed    10000/  175868 entries,  5.69% (elapsed time    39.4s, curr speed    0.254 kHz, avg speed    0.254 kHz), accepted        0/   10001 events ( 0.00%)
Processed    20000/  175868 entries, 11.37% (elapsed time    79.0s, curr speed    0.253 kHz, avg speed    0.253 kHz), accepted        0/   20001 events ( 0.00%)
Processed    30000/  175868 entries, 17.06% (elapsed time   118.6s, curr speed    0.253 kHz, avg speed    0.253 kHz), accepted        0/   30001 events ( 0.00%)
Processed    40000/  175868 entries, 22.74% (elapsed time   158.1s, curr speed    0.253 kHz, avg speed    0.253 kHz), accepted        0/   40001 events ( 0.00%)
Processed    50000/  175868 entries, 28.43% (elapsed time   196.9s, curr speed    0.258 kHz, avg speed    0.254 kHz), accepted        0/   50001 events ( 0.00%)
Processed    60000/  175868 entries, 34.12% (elapsed time   236.4s, curr speed    0.253 kHz, avg speed    0.254 kHz), accepted        0/   60001 events ( 0.00%)
Processed    70000/  175868 entries, 39.80% (elapsed time   276.8s, curr speed    0.247 kHz, avg speed    0.253 kHz), accepted        0/   70001 events ( 0.00%)
Processed    80000/  175868 entries, 45.49% (elapsed time   316.2s, curr speed    0.254 kHz, avg speed    0.253 kHz), accepted        0/   80001 events ( 0.00%)
Processed    90000/  175868 entries, 51.17% (elapsed time   355.5s, curr speed    0.255 kHz, avg speed    0.253 kHz), accepted        0/   90001 events ( 0.00%)
Processed   100000/  175868 entries, 56.86% (elapsed time   394.8s, curr speed    0.254 kHz, avg speed    0.253 kHz), accepted        0/  100001 events ( 0.00%)
Processed   110000/  175868 entries, 62.55% (elapsed time   433.7s, curr speed    0.257 kHz, avg speed    0.254 kHz), accepted        0/  110001 events ( 0.00%)
Processed   120000/  175868 entries, 68.23% (elapsed time   473.2s, curr speed    0.253 kHz, avg speed    0.254 kHz), accepted        0/  120001 events ( 0.00%)
Processed   130000/  175868 entries, 73.92% (elapsed time   512.5s, curr speed    0.255 kHz, avg speed    0.254 kHz), accepted        0/  130001 events ( 0.00%)
Processed   140000/  175868 entries, 79.61% (elapsed time   551.6s, curr speed    0.256 kHz, avg speed    0.254 kHz), accepted        0/  140001 events ( 0.00%)
Processed   150000/  175868 entries, 85.29% (elapsed time   590.2s, curr speed    0.259 kHz, avg speed    0.254 kHz), accepted        0/  150001 events ( 0.00%)
Processed   160000/  175868 entries, 90.98% (elapsed time   630.1s, curr speed    0.251 kHz, avg speed    0.254 kHz), accepted        0/  160001 events ( 0.00%)
Processed   170000/  175868 entries, 96.66% (elapsed time   670.0s, curr speed    0.251 kHz, avg speed    0.254 kHz), accepted        0/  170001 events ( 0.00%)
Processed 175868 preselected entries from root://cmsxrootd.fnal.gov//store/data/Run2018D/JetHT/NANOAOD/UL2018_MiniAODv2_NanoAODv9-v2/2430000/ABAC518F-B04C-034C-B1CB-FC9CF5CD25AA.root (194712 entries). Finally selected 0 entries
Total time 700.9 sec. to process 194712 events. Rate = 277.8 Hz.
Running pwd:
/storage/local/data1/condor/execute/dir_9916
Running ls -alrth:
total 176K
-rw-r--r--  1 shardulr fnalgrid 5.0K Jun 22 20:23 .job.ad
-rw-r--r--  1 shardulr fnalgrid  13K Jun 22 20:23 .machine.ad
-rwx------  1 shardulr fnalgrid   49 Jun 22 20:23 .chirp.config
-rw-------  1 shardulr fnalgrid  11K Jun 22 20:24 x509up
drwxr-xr-x  2 shardulr fnalgrid 4.0K Jun 22 20:24 samples
-rw-r--r--  1 shardulr fnalgrid  62K Jun 22 20:24 singleStopAnalyzer.py
-rwxr-xr-x  1 shardulr fnalgrid  705 Jun 22 20:24 condor_exec.exe
-rw-r--r--  1 shardulr fnalgrid  951 Jun 22 20:24 bJetMatcher.py
-rw-r--r--  1 shardulr fnalgrid    0 Jun 22 20:24 docker_stderror
drwxrwxrwt  3 shardulr fnalgrid 4.0K Jun 22 20:24 var
drwxrwxrwt  2 shardulr fnalgrid 4.0K Jun 22 20:24 tmp
drwxr-xr-x  3 root     root     4.0K Jun 22 20:24 ..
srwxr-xr-x  1 shardulr fnalgrid    0 Jun 22 20:24 .docker_sock
drwxr-xr-x 17 shardulr fnalgrid 4.0K Jun 22 20:24 CMSSW_10_6_19_patch2
drwxr-xr-x  2 shardulr fnalgrid 4.0K Jun 22 20:24 framework
-rw-r--r--  1 shardulr fnalgrid 1.7K Jun 22 20:24 bJetMatcher.pyc
drwxr-xr-x  3 shardulr fnalgrid 4.0K Jun 22 20:24 output
-rw-r--r--  1 shardulr fnalgrid  215 Jun 22 20:24 _condor_stderr
-rw-r--r--  1 shardulr fnalgrid  13K Jun 22 20:34 .update.ad
drwx------  8 shardulr fnalgrid 4.0K Jun 22 20:34 .
-rw-r--r--  1 shardulr fnalgrid 4.9K Jun 22 20:35 _condor_stdout
