[FERMIHTC-APPTAINER]: INFO -- No Apptainer image specified
[FERMIHTC-APPTAINER]: INFO -- Running job on the host machine

[FERMIHTC-APPTAINER]: INFO -- Running ./condor_exec.exe
Starting job on  Thu Jun 22 20:24:38 UTC 2023
Running on: Linux shardulr-32358581-445-cmswn2019.fnal.gov 3.10.0-1160.90.1.el7.x86_64 #1 SMP Thu Apr 27 13:14:20 CDT 2023 x86_64 x86_64 x86_64 GNU/Linux
System software: Scientific Linux release 7.9 (Nitrogen)
Running ls -alrth:
total 164K
-rw-r--r--  1 shardulr fnalgrid 5.0K Jun 22 20:23 .job.ad
-rw-r--r--  1 shardulr fnalgrid  14K Jun 22 20:23 .machine.ad
-rwx------  1 shardulr fnalgrid   49 Jun 22 20:23 .chirp.config
-rw-------  1 shardulr fnalgrid  11K Jun 22 20:24 x509up
drwxr-xr-x  2 shardulr fnalgrid 4.0K Jun 22 20:24 samples
-rw-r--r--  1 shardulr fnalgrid  62K Jun 22 20:24 singleStopAnalyzer.py
drwxr-xr-x  2 shardulr fnalgrid 4.0K Jun 22 20:24 framework
-rwxr-xr-x  1 shardulr fnalgrid  705 Jun 22 20:24 condor_exec.exe
-rw-r--r--  1 shardulr fnalgrid  951 Jun 22 20:24 bJetMatcher.py
-rw-r--r--  1 shardulr fnalgrid    0 Jun 22 20:24 docker_stderror
drwxrwxrwt  2 shardulr fnalgrid 4.0K Jun 22 20:24 tmp
drwxrwxrwt  3 shardulr fnalgrid 4.0K Jun 22 20:24 var
-rw-r--r--  1 shardulr fnalgrid  13K Jun 22 20:24 .update.ad
drwxr-xr-x  3 root     root     4.0K Jun 22 20:24 ..
srwxr-xr-x  1 shardulr fnalgrid    0 Jun 22 20:24 .docker_sock
-rw-r--r--  1 shardulr fnalgrid  113 Jun 22 20:24 _condor_stderr
drwx------  7 shardulr fnalgrid 4.0K Jun 22 20:24 .
drwxr-xr-x 17 shardulr fnalgrid 4.0K Jun 22 20:24 CMSSW_10_6_19_patch2
-rw-r--r--  1 shardulr fnalgrid  454 Jun 22 20:24 _condor_stdout
/storage/local/data1/condor/execute/dir_37336/CMSSW_10_6_19_patch2 is the CMSSW we created on the local worker node
Running over Data2018 files
Blinding data, only using CR cuts (0 loose b's)
Using UL 2018 campaign working points
Pre-select 57870 entries out of 1352021 (4.28%)
Processed    10000/   57870 entries, 17.28% (elapsed time    30.6s, curr speed    0.326 kHz, avg speed    0.326 kHz), accepted     1606/   10001 events (16.06%)
Processed    20000/   57870 entries, 34.56% (elapsed time    60.7s, curr speed    0.332 kHz, avg speed    0.329 kHz), accepted     3273/   20001 events (16.36%)
Processed    30000/   57870 entries, 51.84% (elapsed time    91.1s, curr speed    0.329 kHz, avg speed    0.329 kHz), accepted     4868/   30001 events (16.23%)
Processed    40000/   57870 entries, 69.12% (elapsed time   122.3s, curr speed    0.321 kHz, avg speed    0.327 kHz), accepted     6445/   40001 events (16.11%)
Processed    50000/   57870 entries, 86.40% (elapsed time   151.5s, curr speed    0.342 kHz, avg speed    0.330 kHz), accepted     8291/   50001 events (16.58%)
Processed 57870 preselected entries from root://cmsxrootd.fnal.gov//store/data/Run2018D/JetHT/NANOAOD/UL2018_MiniAODv2_NanoAODv9-v2/2430000/7A5B164F-1202-9D4E-8354-D59E2C43D8A2.root (1352021 entries). Finally selected 9606 entries
Total time 191.1 sec. to process 1352021 events. Rate = 7073.1 Hz.
Running pwd:
/storage/local/data1/condor/execute/dir_37336
Running ls -alrth:
total 172K
-rw-r--r--  1 shardulr fnalgrid 5.0K Jun 22 20:23 .job.ad
-rw-r--r--  1 shardulr fnalgrid  14K Jun 22 20:23 .machine.ad
-rwx------  1 shardulr fnalgrid   49 Jun 22 20:23 .chirp.config
-rw-------  1 shardulr fnalgrid  11K Jun 22 20:24 x509up
drwxr-xr-x  2 shardulr fnalgrid 4.0K Jun 22 20:24 samples
-rw-r--r--  1 shardulr fnalgrid  62K Jun 22 20:24 singleStopAnalyzer.py
-rwxr-xr-x  1 shardulr fnalgrid  705 Jun 22 20:24 condor_exec.exe
-rw-r--r--  1 shardulr fnalgrid  951 Jun 22 20:24 bJetMatcher.py
-rw-r--r--  1 shardulr fnalgrid    0 Jun 22 20:24 docker_stderror
drwxrwxrwt  2 shardulr fnalgrid 4.0K Jun 22 20:24 tmp
drwxrwxrwt  3 shardulr fnalgrid 4.0K Jun 22 20:24 var
drwxr-xr-x  3 root     root     4.0K Jun 22 20:24 ..
srwxr-xr-x  1 shardulr fnalgrid    0 Jun 22 20:24 .docker_sock
drwxr-xr-x 17 shardulr fnalgrid 4.0K Jun 22 20:24 CMSSW_10_6_19_patch2
drwxr-xr-x  2 shardulr fnalgrid 4.0K Jun 22 20:24 framework
-rw-r--r--  1 shardulr fnalgrid 1.7K Jun 22 20:24 bJetMatcher.pyc
drwxr-xr-x  3 shardulr fnalgrid 4.0K Jun 22 20:24 output
-rw-r--r--  1 shardulr fnalgrid  215 Jun 22 20:24 _condor_stderr
-rw-r--r--  1 shardulr fnalgrid  13K Jun 22 20:27 .update.ad
drwx------  8 shardulr fnalgrid 4.0K Jun 22 20:27 .
-rw-r--r--  1 shardulr fnalgrid 3.1K Jun 22 20:28 _condor_stdout
