[FERMIHTC-APPTAINER]: INFO -- No Apptainer image specified
[FERMIHTC-APPTAINER]: INFO -- Running job on the host machine

[FERMIHTC-APPTAINER]: INFO -- Running ./condor_exec.exe
Starting job on  Thu Jun 22 20:18:34 UTC 2023
Running on: Linux shardulr-32358581-3-cmswn2059.fnal.gov 3.10.0-1160.90.1.el7.x86_64 #1 SMP Thu Apr 27 13:14:20 CDT 2023 x86_64 x86_64 x86_64 GNU/Linux
System software: Scientific Linux release 7.9 (Nitrogen)
Running ls -alrth:
total 156K
-rw-r--r--  1 shardulr fnalgrid  12K Jun 22 20:18 .machine.ad
-rw-r--r--  1 shardulr fnalgrid 5.0K Jun 22 20:18 .job.ad
-rwx------  1 shardulr fnalgrid   49 Jun 22 20:18 .chirp.config
-rw-------  1 shardulr fnalgrid  11K Jun 22 20:18 x509up
drwxr-xr-x  2 shardulr fnalgrid 4.0K Jun 22 20:18 samples
-rw-r--r--  1 shardulr fnalgrid  62K Jun 22 20:18 singleStopAnalyzer.py
drwxr-xr-x  2 shardulr fnalgrid 4.0K Jun 22 20:18 framework
-rwxr-xr-x  1 shardulr fnalgrid  703 Jun 22 20:18 condor_exec.exe
-rw-r--r--  1 shardulr fnalgrid  951 Jun 22 20:18 bJetMatcher.py
-rw-r--r--  1 shardulr fnalgrid    0 Jun 22 20:18 docker_stderror
drwxrwxrwt  2 shardulr fnalgrid 4.0K Jun 22 20:18 tmp
drwxrwxrwt  3 shardulr fnalgrid 4.0K Jun 22 20:18 var
-rw-r--r--  1 shardulr fnalgrid  12K Jun 22 20:18 .update.ad
drwxr-xr-x  3 root     root     4.0K Jun 22 20:18 ..
srwxr-xr-x  1 shardulr fnalgrid    0 Jun 22 20:18 .docker_sock
-rw-r--r--  1 shardulr fnalgrid  113 Jun 22 20:18 _condor_stderr
drwx------  7 shardulr fnalgrid 4.0K Jun 22 20:18 .
drwxr-xr-x 17 shardulr fnalgrid 4.0K Jun 22 20:18 CMSSW_10_6_19_patch2
-rw-r--r--  1 shardulr fnalgrid  452 Jun 22 20:18 _condor_stdout
/storage/local/data1/condor/execute/dir_13614/CMSSW_10_6_19_patch2 is the CMSSW we created on the local worker node
Running over Data2018 files
Blinding data, only using CR cuts (0 loose b's)
Using UL 2018 campaign working points
Pre-select 47359 entries out of 1184949 (4.00%)
Processed    10000/   47359 entries, 21.12% (elapsed time   184.9s, curr speed    0.054 kHz, avg speed    0.054 kHz), accepted     1600/   10001 events (16.00%)
Processed    20000/   47359 entries, 42.23% (elapsed time   354.2s, curr speed    0.059 kHz, avg speed    0.056 kHz), accepted     3297/   20001 events (16.48%)
Processed    30000/   47359 entries, 63.35% (elapsed time   521.3s, curr speed    0.060 kHz, avg speed    0.058 kHz), accepted     4896/   30001 events (16.32%)
Processed    40000/   47359 entries, 84.46% (elapsed time   681.5s, curr speed    0.062 kHz, avg speed    0.059 kHz), accepted     6589/   40001 events (16.47%)
Processed 47359 preselected entries from root://cmsxrootd.fnal.gov//store/data/Run2018A/JetHT/NANOAOD/UL2018_MiniAODv2_NanoAODv9-v2/250000/AFA62AA6-B1E4-8C4E-BA2F-435C815FFD1A.root (1184949 entries). Finally selected 7895 entries
Total time 927.8 sec. to process 1184949 events. Rate = 1277.2 Hz.
Running pwd:
/storage/local/data1/condor/execute/dir_13614
Running ls -alrth:
total 168K
-rw-r--r--  1 shardulr fnalgrid  12K Jun 22 20:18 .machine.ad
-rw-r--r--  1 shardulr fnalgrid 5.0K Jun 22 20:18 .job.ad
-rwx------  1 shardulr fnalgrid   49 Jun 22 20:18 .chirp.config
-rw-------  1 shardulr fnalgrid  11K Jun 22 20:18 x509up
drwxr-xr-x  2 shardulr fnalgrid 4.0K Jun 22 20:18 samples
-rw-r--r--  1 shardulr fnalgrid  62K Jun 22 20:18 singleStopAnalyzer.py
-rwxr-xr-x  1 shardulr fnalgrid  703 Jun 22 20:18 condor_exec.exe
-rw-r--r--  1 shardulr fnalgrid  951 Jun 22 20:18 bJetMatcher.py
-rw-r--r--  1 shardulr fnalgrid    0 Jun 22 20:18 docker_stderror
drwxrwxrwt  2 shardulr fnalgrid 4.0K Jun 22 20:18 tmp
drwxrwxrwt  3 shardulr fnalgrid 4.0K Jun 22 20:18 var
drwxr-xr-x  3 root     root     4.0K Jun 22 20:18 ..
srwxr-xr-x  1 shardulr fnalgrid    0 Jun 22 20:18 .docker_sock
-rw-r--r--  1 shardulr fnalgrid  113 Jun 22 20:18 _condor_stderr
drwxr-xr-x 17 shardulr fnalgrid 4.0K Jun 22 20:18 CMSSW_10_6_19_patch2
drwxr-xr-x  2 shardulr fnalgrid 4.0K Jun 22 20:18 framework
-rw-r--r--  1 shardulr fnalgrid 1.7K Jun 22 20:18 bJetMatcher.pyc
drwxr-xr-x  3 shardulr fnalgrid 4.0K Jun 22 20:18 output
-rw-r--r--  1 shardulr fnalgrid  13K Jun 22 20:32 .update.ad
drwx------  8 shardulr fnalgrid 4.0K Jun 22 20:32 .
-rw-r--r--  1 shardulr fnalgrid 2.9K Jun 22 20:34 _condor_stdout
