[FERMIHTC-APPTAINER]: INFO -- No Apptainer image specified
[FERMIHTC-APPTAINER]: INFO -- Running job on the host machine

[FERMIHTC-APPTAINER]: INFO -- Running ./condor_exec.exe
Starting job on  Thu Jun 22 20:23:27 UTC 2023
Running on: Linux shardulr-32358581-403-cmswn2082.fnal.gov 3.10.0-1160.90.1.el7.x86_64 #1 SMP Thu Apr 27 13:14:20 CDT 2023 x86_64 x86_64 x86_64 GNU/Linux
System software: Scientific Linux release 7.9 (Nitrogen)
Running ls -alrth:
total 164K
-rw-r--r--  1 shardulr fnalgrid 5.0K Jun 22 20:22 .job.ad
-rw-r--r--  1 shardulr fnalgrid  14K Jun 22 20:22 .machine.ad
-rwx------  1 shardulr fnalgrid   49 Jun 22 20:22 .chirp.config
-rw-------  1 shardulr fnalgrid  11K Jun 22 20:22 x509up
drwxr-xr-x  2 shardulr fnalgrid 4.0K Jun 22 20:22 samples
drwxr-xr-x  2 shardulr fnalgrid 4.0K Jun 22 20:22 framework
-rw-r--r--  1 shardulr fnalgrid  62K Jun 22 20:22 singleStopAnalyzer.py
-rwxr-xr-x  1 shardulr fnalgrid  705 Jun 22 20:22 condor_exec.exe
-rw-r--r--  1 shardulr fnalgrid  951 Jun 22 20:22 bJetMatcher.py
-rw-r--r--  1 shardulr fnalgrid    0 Jun 22 20:22 docker_stderror
drwxrwxrwt  3 shardulr fnalgrid 4.0K Jun 22 20:22 var
drwxrwxrwt  2 shardulr fnalgrid 4.0K Jun 22 20:22 tmp
drwxr-xr-x  3 root     root     4.0K Jun 22 20:23 ..
srwxr-xr-x  1 shardulr fnalgrid    0 Jun 22 20:23 .docker_sock
-rw-r--r--  1 shardulr fnalgrid  113 Jun 22 20:23 _condor_stderr
-rw-r--r--  1 shardulr fnalgrid  13K Jun 22 20:23 .update.ad
drwx------  7 shardulr fnalgrid 4.0K Jun 22 20:23 .
drwxr-xr-x 17 shardulr fnalgrid 4.0K Jun 22 20:23 CMSSW_10_6_19_patch2
-rw-r--r--  1 shardulr fnalgrid  454 Jun 22 20:23 _condor_stdout
/storage/local/data1/condor/execute/dir_52690/CMSSW_10_6_19_patch2 is the CMSSW we created on the local worker node
Running over Data2018 files
Blinding data, only using CR cuts (0 loose b's)
Using UL 2018 campaign working points
Pre-select 93080 entries out of 2284267 (4.07%)
Processed    10000/   93080 entries, 10.74% (elapsed time    29.1s, curr speed    0.343 kHz, avg speed    0.343 kHz), accepted     1406/   10001 events (14.06%)
Processed    20000/   93080 entries, 21.49% (elapsed time    58.1s, curr speed    0.345 kHz, avg speed    0.344 kHz), accepted     2899/   20001 events (14.49%)
Processed    30000/   93080 entries, 32.23% (elapsed time    86.6s, curr speed    0.351 kHz, avg speed    0.346 kHz), accepted     4336/   30001 events (14.45%)
Processed    40000/   93080 entries, 42.97% (elapsed time   114.2s, curr speed    0.363 kHz, avg speed    0.350 kHz), accepted     5703/   40001 events (14.26%)
Processed    50000/   93080 entries, 53.72% (elapsed time   141.6s, curr speed    0.365 kHz, avg speed    0.353 kHz), accepted     7235/   50001 events (14.47%)
Processed    60000/   93080 entries, 64.46% (elapsed time   168.6s, curr speed    0.370 kHz, avg speed    0.356 kHz), accepted     8646/   60001 events (14.41%)
Processed    70000/   93080 entries, 75.20% (elapsed time   195.6s, curr speed    0.371 kHz, avg speed    0.358 kHz), accepted    10170/   70001 events (14.53%)
Processed    80000/   93080 entries, 85.95% (elapsed time   223.8s, curr speed    0.354 kHz, avg speed    0.357 kHz), accepted    12068/   80001 events (15.08%)
Processed    90000/   93080 entries, 96.69% (elapsed time   251.9s, curr speed    0.355 kHz, avg speed    0.357 kHz), accepted    13866/   90001 events (15.41%)
Processed 93080 preselected entries from root://cmsxrootd.fnal.gov//store/data/Run2018D/JetHT/NANOAOD/UL2018_MiniAODv2_NanoAODv9-v2/2810000/AACD8AA4-81DD-0F46-AEC1-B81D7394F7B6.root (2284267 entries). Finally selected 14453 entries
Total time 275.0 sec. to process 2284267 events. Rate = 8305.6 Hz.
Running pwd:
/storage/local/data1/condor/execute/dir_52690
Running ls -alrth:
total 172K
-rw-r--r--  1 shardulr fnalgrid 5.0K Jun 22 20:22 .job.ad
-rw-r--r--  1 shardulr fnalgrid  14K Jun 22 20:22 .machine.ad
-rwx------  1 shardulr fnalgrid   49 Jun 22 20:22 .chirp.config
-rw-------  1 shardulr fnalgrid  11K Jun 22 20:22 x509up
drwxr-xr-x  2 shardulr fnalgrid 4.0K Jun 22 20:22 samples
-rw-r--r--  1 shardulr fnalgrid  62K Jun 22 20:22 singleStopAnalyzer.py
-rwxr-xr-x  1 shardulr fnalgrid  705 Jun 22 20:22 condor_exec.exe
-rw-r--r--  1 shardulr fnalgrid  951 Jun 22 20:22 bJetMatcher.py
-rw-r--r--  1 shardulr fnalgrid    0 Jun 22 20:22 docker_stderror
drwxrwxrwt  3 shardulr fnalgrid 4.0K Jun 22 20:22 var
drwxrwxrwt  2 shardulr fnalgrid 4.0K Jun 22 20:22 tmp
drwxr-xr-x  3 root     root     4.0K Jun 22 20:23 ..
srwxr-xr-x  1 shardulr fnalgrid    0 Jun 22 20:23 .docker_sock
drwxr-xr-x 17 shardulr fnalgrid 4.0K Jun 22 20:23 CMSSW_10_6_19_patch2
drwxr-xr-x  2 shardulr fnalgrid 4.0K Jun 22 20:23 framework
-rw-r--r--  1 shardulr fnalgrid 1.7K Jun 22 20:23 bJetMatcher.pyc
drwxr-xr-x  3 shardulr fnalgrid 4.0K Jun 22 20:23 output
-rw-r--r--  1 shardulr fnalgrid  215 Jun 22 20:23 _condor_stderr
-rw-r--r--  1 shardulr fnalgrid  13K Jun 22 20:28 .update.ad
drwx------  8 shardulr fnalgrid 4.0K Jun 22 20:28 .
-rw-r--r--  1 shardulr fnalgrid 3.7K Jun 22 20:28 _condor_stdout
