[FERMIHTC-APPTAINER]: INFO -- No Apptainer image specified
[FERMIHTC-APPTAINER]: INFO -- Running job on the host machine

[FERMIHTC-APPTAINER]: INFO -- Running ./condor_exec.exe
Starting job on  Thu Jun 22 20:23:46 UTC 2023
Running on: Linux shardulr-32358581-433-cmswn2082.fnal.gov 3.10.0-1160.90.1.el7.x86_64 #1 SMP Thu Apr 27 13:14:20 CDT 2023 x86_64 x86_64 x86_64 GNU/Linux
System software: Scientific Linux release 7.9 (Nitrogen)
Running ls -alrth:
total 164K
-rw-r--r--  1 shardulr fnalgrid 5.0K Jun 22 20:23 .job.ad
-rw-r--r--  1 shardulr fnalgrid  14K Jun 22 20:23 .machine.ad
-rwx------  1 shardulr fnalgrid   49 Jun 22 20:23 .chirp.config
-rw-------  1 shardulr fnalgrid  11K Jun 22 20:23 x509up
drwxr-xr-x  2 shardulr fnalgrid 4.0K Jun 22 20:23 samples
drwxr-xr-x  2 shardulr fnalgrid 4.0K Jun 22 20:23 framework
-rw-r--r--  1 shardulr fnalgrid  62K Jun 22 20:23 singleStopAnalyzer.py
-rw-r--r--  1 shardulr fnalgrid  951 Jun 22 20:23 bJetMatcher.py
-rwxr-xr-x  1 shardulr fnalgrid  705 Jun 22 20:23 condor_exec.exe
-rw-r--r--  1 shardulr fnalgrid    0 Jun 22 20:23 docker_stderror
drwxrwxrwt  3 shardulr fnalgrid 4.0K Jun 22 20:23 var
drwxrwxrwt  2 shardulr fnalgrid 4.0K Jun 22 20:23 tmp
-rw-r--r--  1 shardulr fnalgrid  13K Jun 22 20:23 .update.ad
drwxr-xr-x  3 root     root     4.0K Jun 22 20:23 ..
srwxr-xr-x  1 shardulr fnalgrid    0 Jun 22 20:23 .docker_sock
-rw-r--r--  1 shardulr fnalgrid  113 Jun 22 20:23 _condor_stderr
drwx------  7 shardulr fnalgrid 4.0K Jun 22 20:23 .
drwxr-xr-x 17 shardulr fnalgrid 4.0K Jun 22 20:23 CMSSW_10_6_19_patch2
-rw-r--r--  1 shardulr fnalgrid  454 Jun 22 20:23 _condor_stdout
/storage/local/data1/condor/execute/dir_53289/CMSSW_10_6_19_patch2 is the CMSSW we created on the local worker node
Running over Data2018 files
Blinding data, only using CR cuts (0 loose b's)
Using UL 2018 campaign working points
Pre-select 52875 entries out of 1266293 (4.18%)
Processed    10000/   52875 entries, 18.91% (elapsed time    25.1s, curr speed    0.398 kHz, avg speed    0.398 kHz), accepted     1836/   10001 events (18.36%)
Processed    20000/   52875 entries, 37.83% (elapsed time    49.5s, curr speed    0.410 kHz, avg speed    0.404 kHz), accepted     3415/   20001 events (17.07%)
Processed    30000/   52875 entries, 56.74% (elapsed time    74.1s, curr speed    0.407 kHz, avg speed    0.405 kHz), accepted     5218/   30001 events (17.39%)
Processed    40000/   52875 entries, 75.65% (elapsed time    99.3s, curr speed    0.397 kHz, avg speed    0.403 kHz), accepted     7143/   40001 events (17.86%)
Processed    50000/   52875 entries, 94.56% (elapsed time   125.2s, curr speed    0.386 kHz, avg speed    0.399 kHz), accepted     9237/   50001 events (18.47%)
Processed 52875 preselected entries from root://cmsxrootd.fnal.gov//store/data/Run2018D/JetHT/NANOAOD/UL2018_MiniAODv2_NanoAODv9-v2/80000/32E46649-2C45-D840-9985-01D5026036A9.root (1266293 entries). Finally selected 9911 entries
Total time 142.3 sec. to process 1266293 events. Rate = 8900.5 Hz.
Running pwd:
/storage/local/data1/condor/execute/dir_53289
Running ls -alrth:
total 172K
-rw-r--r--  1 shardulr fnalgrid 5.0K Jun 22 20:23 .job.ad
-rw-r--r--  1 shardulr fnalgrid  14K Jun 22 20:23 .machine.ad
-rwx------  1 shardulr fnalgrid   49 Jun 22 20:23 .chirp.config
-rw-------  1 shardulr fnalgrid  11K Jun 22 20:23 x509up
drwxr-xr-x  2 shardulr fnalgrid 4.0K Jun 22 20:23 samples
-rw-r--r--  1 shardulr fnalgrid  62K Jun 22 20:23 singleStopAnalyzer.py
-rw-r--r--  1 shardulr fnalgrid  951 Jun 22 20:23 bJetMatcher.py
-rwxr-xr-x  1 shardulr fnalgrid  705 Jun 22 20:23 condor_exec.exe
-rw-r--r--  1 shardulr fnalgrid    0 Jun 22 20:23 docker_stderror
drwxrwxrwt  3 shardulr fnalgrid 4.0K Jun 22 20:23 var
drwxrwxrwt  2 shardulr fnalgrid 4.0K Jun 22 20:23 tmp
drwxr-xr-x  3 root     root     4.0K Jun 22 20:23 ..
srwxr-xr-x  1 shardulr fnalgrid    0 Jun 22 20:23 .docker_sock
drwxr-xr-x 17 shardulr fnalgrid 4.0K Jun 22 20:23 CMSSW_10_6_19_patch2
drwxr-xr-x  2 shardulr fnalgrid 4.0K Jun 22 20:23 framework
-rw-r--r--  1 shardulr fnalgrid 1.7K Jun 22 20:23 bJetMatcher.pyc
drwxr-xr-x  3 shardulr fnalgrid 4.0K Jun 22 20:23 output
-rw-r--r--  1 shardulr fnalgrid  215 Jun 22 20:23 _condor_stderr
-rw-r--r--  1 shardulr fnalgrid  13K Jun 22 20:26 .update.ad
drwx------  8 shardulr fnalgrid 4.0K Jun 22 20:26 .
-rw-r--r--  1 shardulr fnalgrid 3.1K Jun 22 20:26 _condor_stdout
