[FERMIHTC-APPTAINER]: INFO -- No Apptainer image specified
[FERMIHTC-APPTAINER]: INFO -- Running job on the host machine

[FERMIHTC-APPTAINER]: INFO -- Running ./condor_exec.exe
Starting job on  Thu Jun 22 20:20:59 UTC 2023
Running on: Linux shardulr-32358581-211-cmswn2023.fnal.gov 3.10.0-1160.90.1.el7.x86_64 #1 SMP Thu Apr 27 13:14:20 CDT 2023 x86_64 x86_64 x86_64 GNU/Linux
System software: Scientific Linux release 7.9 (Nitrogen)
Running ls -alrth:
total 156K
-rw-r--r--  1 shardulr fnalgrid 5.0K Jun 22 20:20 .job.ad
-rw-r--r--  1 shardulr fnalgrid  12K Jun 22 20:20 .machine.ad
-rwx------  1 shardulr fnalgrid   49 Jun 22 20:20 .chirp.config
-rw-------  1 shardulr fnalgrid  11K Jun 22 20:20 x509up
drwxr-xr-x  2 shardulr fnalgrid 4.0K Jun 22 20:20 samples
drwxr-xr-x  2 shardulr fnalgrid 4.0K Jun 22 20:20 framework
-rw-r--r--  1 shardulr fnalgrid  62K Jun 22 20:20 singleStopAnalyzer.py
-rw-r--r--  1 shardulr fnalgrid  951 Jun 22 20:20 bJetMatcher.py
-rwxr-xr-x  1 shardulr fnalgrid  705 Jun 22 20:20 condor_exec.exe
-rw-r--r--  1 shardulr fnalgrid    0 Jun 22 20:20 docker_stderror
drwxrwxrwt  3 shardulr fnalgrid 4.0K Jun 22 20:20 var
drwxrwxrwt  2 shardulr fnalgrid 4.0K Jun 22 20:20 tmp
drwxr-xr-x  3 root     root     4.0K Jun 22 20:20 ..
srwxr-xr-x  1 shardulr fnalgrid    0 Jun 22 20:20 .docker_sock
-rw-r--r--  1 shardulr fnalgrid  113 Jun 22 20:21 _condor_stderr
-rw-r--r--  1 shardulr fnalgrid  12K Jun 22 20:21 .update.ad
drwx------  7 shardulr fnalgrid 4.0K Jun 22 20:21 .
drwxr-xr-x 17 shardulr fnalgrid 4.0K Jun 22 20:21 CMSSW_10_6_19_patch2
-rw-r--r--  1 shardulr fnalgrid  454 Jun 22 20:21 _condor_stdout
/storage/local/data1/condor/execute/dir_11650/CMSSW_10_6_19_patch2 is the CMSSW we created on the local worker node
Running over Data2018 files
Blinding data, only using CR cuts (0 loose b's)
Using UL 2018 campaign working points
Pre-select 95108 entries out of 2108489 (4.51%)
Processed    10000/   95108 entries, 10.51% (elapsed time    73.4s, curr speed    0.136 kHz, avg speed    0.136 kHz), accepted     1508/   10001 events (15.08%)
Processed    20000/   95108 entries, 21.03% (elapsed time   144.1s, curr speed    0.142 kHz, avg speed    0.139 kHz), accepted     3032/   20001 events (15.16%)
Processed    30000/   95108 entries, 31.54% (elapsed time   212.2s, curr speed    0.147 kHz, avg speed    0.141 kHz), accepted     4600/   30001 events (15.33%)
Processed    40000/   95108 entries, 42.06% (elapsed time   279.1s, curr speed    0.150 kHz, avg speed    0.143 kHz), accepted     6160/   40001 events (15.40%)
Processed    50000/   95108 entries, 52.57% (elapsed time   346.4s, curr speed    0.149 kHz, avg speed    0.144 kHz), accepted     7729/   50001 events (15.46%)
Processed    60000/   95108 entries, 63.09% (elapsed time   412.1s, curr speed    0.152 kHz, avg speed    0.146 kHz), accepted     9355/   60001 events (15.59%)
Processed    70000/   95108 entries, 73.60% (elapsed time   476.1s, curr speed    0.156 kHz, avg speed    0.147 kHz), accepted    11011/   70001 events (15.73%)
Processed    80000/   95108 entries, 84.11% (elapsed time   535.5s, curr speed    0.168 kHz, avg speed    0.149 kHz), accepted    12794/   80001 events (15.99%)
Processed    90000/   95108 entries, 94.63% (elapsed time   600.2s, curr speed    0.155 kHz, avg speed    0.150 kHz), accepted    14468/   90001 events (16.08%)
Processed 95108 preselected entries from root://cmsxrootd.fnal.gov//store/data/Run2018C/JetHT/NANOAOD/UL2018_MiniAODv2_NanoAODv9-v1/130000/C7121363-E7F6-AE4E-86E5-1B5E0921A11A.root (2108489 entries). Finally selected 15343 entries
Total time 686.1 sec. to process 2108489 events. Rate = 3073.1 Hz.
Running pwd:
/storage/local/data1/condor/execute/dir_11650
Running ls -alrth:
total 168K
-rw-r--r--  1 shardulr fnalgrid 5.0K Jun 22 20:20 .job.ad
-rw-r--r--  1 shardulr fnalgrid  12K Jun 22 20:20 .machine.ad
-rwx------  1 shardulr fnalgrid   49 Jun 22 20:20 .chirp.config
-rw-------  1 shardulr fnalgrid  11K Jun 22 20:20 x509up
drwxr-xr-x  2 shardulr fnalgrid 4.0K Jun 22 20:20 samples
-rw-r--r--  1 shardulr fnalgrid  62K Jun 22 20:20 singleStopAnalyzer.py
-rw-r--r--  1 shardulr fnalgrid  951 Jun 22 20:20 bJetMatcher.py
-rwxr-xr-x  1 shardulr fnalgrid  705 Jun 22 20:20 condor_exec.exe
-rw-r--r--  1 shardulr fnalgrid    0 Jun 22 20:20 docker_stderror
drwxrwxrwt  3 shardulr fnalgrid 4.0K Jun 22 20:20 var
drwxrwxrwt  2 shardulr fnalgrid 4.0K Jun 22 20:20 tmp
drwxr-xr-x  3 root     root     4.0K Jun 22 20:20 ..
srwxr-xr-x  1 shardulr fnalgrid    0 Jun 22 20:20 .docker_sock
-rw-r--r--  1 shardulr fnalgrid  113 Jun 22 20:21 _condor_stderr
drwxr-xr-x 17 shardulr fnalgrid 4.0K Jun 22 20:21 CMSSW_10_6_19_patch2
drwxr-xr-x  2 shardulr fnalgrid 4.0K Jun 22 20:21 framework
-rw-r--r--  1 shardulr fnalgrid 1.7K Jun 22 20:21 bJetMatcher.pyc
drwxr-xr-x  3 shardulr fnalgrid 4.0K Jun 22 20:21 output
-rw-r--r--  1 shardulr fnalgrid  13K Jun 22 20:31 .update.ad
drwx------  8 shardulr fnalgrid 4.0K Jun 22 20:31 .
-rw-r--r--  1 shardulr fnalgrid 3.7K Jun 22 20:32 _condor_stdout
