[FERMIHTC-APPTAINER]: INFO -- No Apptainer image specified
[FERMIHTC-APPTAINER]: INFO -- Running job on the host machine

[FERMIHTC-APPTAINER]: INFO -- Running ./condor_exec.exe
Starting job on  Thu Jun 22 20:18:54 UTC 2023
Running on: Linux shardulr-32358581-18-cmswn2116.fnal.gov 3.10.0-1160.90.1.el7.x86_64 #1 SMP Thu Apr 27 13:14:20 CDT 2023 x86_64 x86_64 x86_64 GNU/Linux
System software: Scientific Linux release 7.9 (Nitrogen)
Running ls -alrth:
total 156K
-rw-r--r--  1 shardulr fnalgrid  11K Jun 22 20:18 .machine.ad
-rw-r--r--  1 shardulr fnalgrid 5.0K Jun 22 20:18 .job.ad
-rwx------  1 shardulr fnalgrid   49 Jun 22 20:18 .chirp.config
-rw-------  1 shardulr fnalgrid  11K Jun 22 20:18 x509up
drwxr-xr-x  2 shardulr fnalgrid 4.0K Jun 22 20:18 samples
drwxr-xr-x  2 shardulr fnalgrid 4.0K Jun 22 20:18 framework
-rw-r--r--  1 shardulr fnalgrid  62K Jun 22 20:18 singleStopAnalyzer.py
-rwxr-xr-x  1 shardulr fnalgrid  704 Jun 22 20:18 condor_exec.exe
-rw-r--r--  1 shardulr fnalgrid  951 Jun 22 20:18 bJetMatcher.py
-rw-r--r--  1 shardulr fnalgrid    0 Jun 22 20:18 docker_stderror
drwxrwxrwt  2 shardulr fnalgrid 4.0K Jun 22 20:18 tmp
drwxrwxrwt  3 shardulr fnalgrid 4.0K Jun 22 20:18 var
-rw-r--r--  1 shardulr fnalgrid  11K Jun 22 20:18 .update.ad
drwxr-xr-x  3 root     root     4.0K Jun 22 20:18 ..
srwxr-xr-x  1 shardulr fnalgrid    0 Jun 22 20:18 .docker_sock
-rw-r--r--  1 shardulr fnalgrid  113 Jun 22 20:18 _condor_stderr
drwx------  7 shardulr fnalgrid 4.0K Jun 22 20:18 .
drwxr-xr-x 17 shardulr fnalgrid 4.0K Jun 22 20:18 CMSSW_10_6_19_patch2
-rw-r--r--  1 shardulr fnalgrid  453 Jun 22 20:18 _condor_stdout
/storage/local/data1/condor/execute/dir_7926/CMSSW_10_6_19_patch2 is the CMSSW we created on the local worker node
Running over Data2018 files
Blinding data, only using CR cuts (0 loose b's)
Using UL 2018 campaign working points
Pre-select 60008 entries out of 1407424 (4.26%)
Processed    10000/   60008 entries, 16.66% (elapsed time   175.6s, curr speed    0.057 kHz, avg speed    0.057 kHz), accepted     1605/   10001 events (16.05%)
Processed    20000/   60008 entries, 33.33% (elapsed time   337.2s, curr speed    0.062 kHz, avg speed    0.059 kHz), accepted     3298/   20001 events (16.49%)
Processed    30000/   60008 entries, 49.99% (elapsed time   512.2s, curr speed    0.057 kHz, avg speed    0.059 kHz), accepted     4828/   30001 events (16.09%)
Processed    40000/   60008 entries, 66.66% (elapsed time   669.7s, curr speed    0.063 kHz, avg speed    0.060 kHz), accepted     6369/   40001 events (15.92%)
Processed    50000/   60008 entries, 83.32% (elapsed time   836.4s, curr speed    0.060 kHz, avg speed    0.060 kHz), accepted     7833/   50001 events (15.67%)
Processed    60000/   60008 entries, 99.99% (elapsed time   990.1s, curr speed    0.065 kHz, avg speed    0.061 kHz), accepted     9677/   60001 events (16.13%)
Processed 60008 preselected entries from root://cmsxrootd.fnal.gov//store/data/Run2018A/JetHT/NANOAOD/UL2018_MiniAODv2_NanoAODv9-v2/100000/00AA9A90-57AA-D147-B4FA-54D6D8DA0D4A.root (1407424 entries). Finally selected 9678 entries
Total time 1167.2 sec. to process 1407424 events. Rate = 1205.9 Hz.
Running pwd:
/storage/local/data1/condor/execute/dir_7926
Running ls -alrth:
total 164K
-rw-r--r--  1 shardulr fnalgrid  11K Jun 22 20:18 .machine.ad
-rw-r--r--  1 shardulr fnalgrid 5.0K Jun 22 20:18 .job.ad
-rwx------  1 shardulr fnalgrid   49 Jun 22 20:18 .chirp.config
-rw-------  1 shardulr fnalgrid  11K Jun 22 20:18 x509up
drwxr-xr-x  2 shardulr fnalgrid 4.0K Jun 22 20:18 samples
-rw-r--r--  1 shardulr fnalgrid  62K Jun 22 20:18 singleStopAnalyzer.py
-rwxr-xr-x  1 shardulr fnalgrid  704 Jun 22 20:18 condor_exec.exe
-rw-r--r--  1 shardulr fnalgrid  951 Jun 22 20:18 bJetMatcher.py
-rw-r--r--  1 shardulr fnalgrid    0 Jun 22 20:18 docker_stderror
drwxrwxrwt  2 shardulr fnalgrid 4.0K Jun 22 20:18 tmp
drwxrwxrwt  3 shardulr fnalgrid 4.0K Jun 22 20:18 var
drwxr-xr-x  3 root     root     4.0K Jun 22 20:18 ..
srwxr-xr-x  1 shardulr fnalgrid    0 Jun 22 20:18 .docker_sock
-rw-r--r--  1 shardulr fnalgrid  113 Jun 22 20:18 _condor_stderr
drwxr-xr-x 17 shardulr fnalgrid 4.0K Jun 22 20:18 CMSSW_10_6_19_patch2
drwxr-xr-x  2 shardulr fnalgrid 4.0K Jun 22 20:18 framework
-rw-r--r--  1 shardulr fnalgrid 1.7K Jun 22 20:18 bJetMatcher.pyc
drwxr-xr-x  3 shardulr fnalgrid 4.0K Jun 22 20:18 output
-rw-r--r--  1 shardulr fnalgrid  11K Jun 22 20:38 .update.ad
drwx------  8 shardulr fnalgrid 4.0K Jun 22 20:38 .
-rw-r--r--  1 shardulr fnalgrid 3.2K Jun 22 20:38 _condor_stdout
