[FERMIHTC-APPTAINER]: INFO -- No Apptainer image specified
[FERMIHTC-APPTAINER]: INFO -- Running job on the host machine

[FERMIHTC-APPTAINER]: INFO -- Running ./condor_exec.exe
Starting job on  Thu Jun 22 20:25:43 UTC 2023
Running on: Linux shardulr-32358581-418-cmswn2039.fnal.gov 3.10.0-1160.90.1.el7.x86_64 #1 SMP Thu Apr 27 13:14:20 CDT 2023 x86_64 x86_64 x86_64 GNU/Linux
System software: Scientific Linux release 7.9 (Nitrogen)
Running ls -alrth:
total 164K
-rw-r--r--  1 shardulr fnalgrid 5.0K Jun 22 20:22 .job.ad
-rw-r--r--  1 shardulr fnalgrid  14K Jun 22 20:22 .machine.ad
-rwx------  1 shardulr fnalgrid   49 Jun 22 20:22 .chirp.config
-rw-------  1 shardulr fnalgrid  11K Jun 22 20:23 x509up
drwxr-xr-x  2 shardulr fnalgrid 4.0K Jun 22 20:23 samples
drwxr-xr-x  2 shardulr fnalgrid 4.0K Jun 22 20:23 framework
-rw-r--r--  1 shardulr fnalgrid  62K Jun 22 20:23 singleStopAnalyzer.py
-rwxr-xr-x  1 shardulr fnalgrid  705 Jun 22 20:23 condor_exec.exe
-rw-r--r--  1 shardulr fnalgrid  951 Jun 22 20:23 bJetMatcher.py
-rw-r--r--  1 shardulr fnalgrid    0 Jun 22 20:23 docker_stderror
drwxrwxrwt  3 shardulr fnalgrid 4.0K Jun 22 20:23 var
drwxrwxrwt  2 shardulr fnalgrid 4.0K Jun 22 20:23 tmp
drwxr-xr-x  3 root     root     4.0K Jun 22 20:25 ..
srwxr-xr-x  1 shardulr fnalgrid    0 Jun 22 20:25 .docker_sock
-rw-r--r--  1 shardulr fnalgrid  13K Jun 22 20:25 .update.ad
-rw-r--r--  1 shardulr fnalgrid  113 Jun 22 20:25 _condor_stderr
drwx------  7 shardulr fnalgrid 4.0K Jun 22 20:25 .
drwxr-xr-x 17 shardulr fnalgrid 4.0K Jun 22 20:25 CMSSW_10_6_19_patch2
-rw-r--r--  1 shardulr fnalgrid  454 Jun 22 20:25 _condor_stdout
/storage/local/data1/condor/execute/dir_41185/CMSSW_10_6_19_patch2 is the CMSSW we created on the local worker node
Running over Data2018 files
Blinding data, only using CR cuts (0 loose b's)
Using UL 2018 campaign working points
Pre-select 59827 entries out of 1430330 (4.18%)
Processed    10000/   59827 entries, 16.71% (elapsed time    32.2s, curr speed    0.310 kHz, avg speed    0.310 kHz), accepted     1699/   10001 events (16.99%)
Processed    20000/   59827 entries, 33.43% (elapsed time    63.6s, curr speed    0.319 kHz, avg speed    0.314 kHz), accepted     3491/   20001 events (17.45%)
Processed    30000/   59827 entries, 50.14% (elapsed time    95.4s, curr speed    0.315 kHz, avg speed    0.314 kHz), accepted     5041/   30001 events (16.80%)
Processed    40000/   59827 entries, 66.86% (elapsed time   123.6s, curr speed    0.354 kHz, avg speed    0.324 kHz), accepted     6569/   40001 events (16.42%)
Processed    50000/   59827 entries, 83.57% (elapsed time   153.5s, curr speed    0.335 kHz, avg speed    0.326 kHz), accepted     8274/   50001 events (16.55%)
Processed 59827 preselected entries from root://cmsxrootd.fnal.gov//store/data/Run2018D/JetHT/NANOAOD/UL2018_MiniAODv2_NanoAODv9-v2/2810000/9764C1E8-460E-3741-BA3C-E54C78DD60C6.root (1430330 entries). Finally selected 10082 entries
Total time 212.2 sec. to process 1430330 events. Rate = 6739.7 Hz.
Running pwd:
/storage/local/data1/condor/execute/dir_41185
Running ls -alrth:
total 172K
-rw-r--r--  1 shardulr fnalgrid 5.0K Jun 22 20:22 .job.ad
-rw-r--r--  1 shardulr fnalgrid  14K Jun 22 20:22 .machine.ad
-rwx------  1 shardulr fnalgrid   49 Jun 22 20:22 .chirp.config
-rw-------  1 shardulr fnalgrid  11K Jun 22 20:23 x509up
drwxr-xr-x  2 shardulr fnalgrid 4.0K Jun 22 20:23 samples
-rw-r--r--  1 shardulr fnalgrid  62K Jun 22 20:23 singleStopAnalyzer.py
-rwxr-xr-x  1 shardulr fnalgrid  705 Jun 22 20:23 condor_exec.exe
-rw-r--r--  1 shardulr fnalgrid  951 Jun 22 20:23 bJetMatcher.py
-rw-r--r--  1 shardulr fnalgrid    0 Jun 22 20:23 docker_stderror
drwxrwxrwt  3 shardulr fnalgrid 4.0K Jun 22 20:23 var
drwxrwxrwt  2 shardulr fnalgrid 4.0K Jun 22 20:23 tmp
drwxr-xr-x  3 root     root     4.0K Jun 22 20:25 ..
srwxr-xr-x  1 shardulr fnalgrid    0 Jun 22 20:25 .docker_sock
drwxr-xr-x 17 shardulr fnalgrid 4.0K Jun 22 20:25 CMSSW_10_6_19_patch2
drwxr-xr-x  2 shardulr fnalgrid 4.0K Jun 22 20:25 framework
-rw-r--r--  1 shardulr fnalgrid 1.7K Jun 22 20:25 bJetMatcher.pyc
drwxr-xr-x  3 shardulr fnalgrid 4.0K Jun 22 20:25 output
-rw-r--r--  1 shardulr fnalgrid  215 Jun 22 20:26 _condor_stderr
-rw-r--r--  1 shardulr fnalgrid  13K Jun 22 20:29 .update.ad
drwx------  8 shardulr fnalgrid 4.0K Jun 22 20:29 .
-rw-r--r--  1 shardulr fnalgrid 3.1K Jun 22 20:29 _condor_stdout
