[FERMIHTC-APPTAINER]: INFO -- No Apptainer image specified
[FERMIHTC-APPTAINER]: INFO -- Running job on the host machine

[FERMIHTC-APPTAINER]: INFO -- Running ./condor_exec.exe
Starting job on  Thu Jun 22 20:20:16 UTC 2023
Running on: Linux shardulr-32358581-81-cmswn2102.fnal.gov 3.10.0-1160.90.1.el7.x86_64 #1 SMP Thu Apr 27 13:14:20 CDT 2023 x86_64 x86_64 x86_64 GNU/Linux
System software: Scientific Linux release 7.9 (Nitrogen)
Running ls -alrth:
total 156K
-rw-r--r--  1 shardulr fnalgrid 5.0K Jun 22 20:20 .job.ad
-rw-r--r--  1 shardulr fnalgrid  11K Jun 22 20:20 .machine.ad
-rwx------  1 shardulr fnalgrid   49 Jun 22 20:20 .chirp.config
-rw-------  1 shardulr fnalgrid  11K Jun 22 20:20 x509up
drwxr-xr-x  2 shardulr fnalgrid 4.0K Jun 22 20:20 samples
drwxr-xr-x  2 shardulr fnalgrid 4.0K Jun 22 20:20 framework
-rw-r--r--  1 shardulr fnalgrid  62K Jun 22 20:20 singleStopAnalyzer.py
-rwxr-xr-x  1 shardulr fnalgrid  704 Jun 22 20:20 condor_exec.exe
-rw-r--r--  1 shardulr fnalgrid  951 Jun 22 20:20 bJetMatcher.py
-rw-r--r--  1 shardulr fnalgrid    0 Jun 22 20:20 docker_stderror
drwxrwxrwt  2 shardulr fnalgrid 4.0K Jun 22 20:20 tmp
drwxrwxrwt  3 shardulr fnalgrid 4.0K Jun 22 20:20 var
-rw-r--r--  1 shardulr fnalgrid  11K Jun 22 20:20 .update.ad
drwxr-xr-x  3 root     root     4.0K Jun 22 20:20 ..
srwxr-xr-x  1 shardulr fnalgrid    0 Jun 22 20:20 .docker_sock
-rw-r--r--  1 shardulr fnalgrid  113 Jun 22 20:20 _condor_stderr
drwx------  7 shardulr fnalgrid 4.0K Jun 22 20:20 .
drwxr-xr-x 17 shardulr fnalgrid 4.0K Jun 22 20:20 CMSSW_10_6_19_patch2
-rw-r--r--  1 shardulr fnalgrid  453 Jun 22 20:20 _condor_stdout
/storage/local/data1/condor/execute/dir_43165/CMSSW_10_6_19_patch2 is the CMSSW we created on the local worker node
Running over Data2018 files
Blinding data, only using CR cuts (0 loose b's)
Using UL 2018 campaign working points
Pre-select 55648 entries out of 1401082 (3.97%)
Processed    10000/   55648 entries, 17.97% (elapsed time    34.8s, curr speed    0.288 kHz, avg speed    0.288 kHz), accepted     1563/   10001 events (15.63%)
Processed    20000/   55648 entries, 35.94% (elapsed time    66.9s, curr speed    0.311 kHz, avg speed    0.299 kHz), accepted     3186/   20001 events (15.93%)
Processed    30000/   55648 entries, 53.91% (elapsed time    96.8s, curr speed    0.334 kHz, avg speed    0.310 kHz), accepted     4690/   30001 events (15.63%)
Processed    40000/   55648 entries, 71.88% (elapsed time   127.0s, curr speed    0.332 kHz, avg speed    0.315 kHz), accepted     6187/   40001 events (15.47%)
Processed    50000/   55648 entries, 89.85% (elapsed time   156.4s, curr speed    0.339 kHz, avg speed    0.320 kHz), accepted     7646/   50001 events (15.29%)
Processed 55648 preselected entries from root://cmsxrootd.fnal.gov//store/data/Run2018A/JetHT/NANOAOD/UL2018_MiniAODv2_NanoAODv9-v2/250000/9C7E5646-1047-D447-B932-67089412B1E8.root (1401082 entries). Finally selected 8583 entries
Total time 180.7 sec. to process 1401082 events. Rate = 7755.5 Hz.
Running pwd:
/storage/local/data1/condor/execute/dir_43165
Running ls -alrth:
total 164K
-rw-r--r--  1 shardulr fnalgrid 5.0K Jun 22 20:20 .job.ad
-rw-r--r--  1 shardulr fnalgrid  11K Jun 22 20:20 .machine.ad
-rwx------  1 shardulr fnalgrid   49 Jun 22 20:20 .chirp.config
-rw-------  1 shardulr fnalgrid  11K Jun 22 20:20 x509up
drwxr-xr-x  2 shardulr fnalgrid 4.0K Jun 22 20:20 samples
-rw-r--r--  1 shardulr fnalgrid  62K Jun 22 20:20 singleStopAnalyzer.py
-rwxr-xr-x  1 shardulr fnalgrid  704 Jun 22 20:20 condor_exec.exe
-rw-r--r--  1 shardulr fnalgrid  951 Jun 22 20:20 bJetMatcher.py
-rw-r--r--  1 shardulr fnalgrid    0 Jun 22 20:20 docker_stderror
drwxrwxrwt  2 shardulr fnalgrid 4.0K Jun 22 20:20 tmp
drwxrwxrwt  3 shardulr fnalgrid 4.0K Jun 22 20:20 var
drwxr-xr-x  3 root     root     4.0K Jun 22 20:20 ..
srwxr-xr-x  1 shardulr fnalgrid    0 Jun 22 20:20 .docker_sock
drwxr-xr-x 17 shardulr fnalgrid 4.0K Jun 22 20:20 CMSSW_10_6_19_patch2
drwxr-xr-x  2 shardulr fnalgrid 4.0K Jun 22 20:20 framework
-rw-r--r--  1 shardulr fnalgrid 1.7K Jun 22 20:20 bJetMatcher.pyc
drwxr-xr-x  3 shardulr fnalgrid 4.0K Jun 22 20:20 output
-rw-r--r--  1 shardulr fnalgrid  215 Jun 22 20:20 _condor_stderr
-rw-r--r--  1 shardulr fnalgrid  11K Jun 22 20:22 .update.ad
drwx------  8 shardulr fnalgrid 4.0K Jun 22 20:22 .
-rw-r--r--  1 shardulr fnalgrid 3.1K Jun 22 20:23 _condor_stdout
