[FERMIHTC-APPTAINER]: INFO -- No Apptainer image specified
[FERMIHTC-APPTAINER]: INFO -- Running job on the host machine

[FERMIHTC-APPTAINER]: INFO -- Running ./condor_exec.exe
Starting job on  Thu Jun 22 20:22:53 UTC 2023
Running on: Linux shardulr-32358581-361-cmswn2089.fnal.gov 3.10.0-1160.90.1.el7.x86_64 #1 SMP Thu Apr 27 13:14:20 CDT 2023 x86_64 x86_64 x86_64 GNU/Linux
System software: Scientific Linux release 7.9 (Nitrogen)
Running ls -alrth:
total 156K
-rw-r--r--  1 shardulr fnalgrid 5.0K Jun 22 20:22 .job.ad
-rw-r--r--  1 shardulr fnalgrid  12K Jun 22 20:22 .machine.ad
-rwx------  1 shardulr fnalgrid   49 Jun 22 20:22 .chirp.config
-rw-------  1 shardulr fnalgrid  11K Jun 22 20:22 x509up
drwxr-xr-x  2 shardulr fnalgrid 4.0K Jun 22 20:22 samples
drwxr-xr-x  2 shardulr fnalgrid 4.0K Jun 22 20:22 framework
-rw-r--r--  1 shardulr fnalgrid  62K Jun 22 20:22 singleStopAnalyzer.py
-rwxr-xr-x  1 shardulr fnalgrid  705 Jun 22 20:22 condor_exec.exe
-rw-r--r--  1 shardulr fnalgrid  951 Jun 22 20:22 bJetMatcher.py
-rw-r--r--  1 shardulr fnalgrid    0 Jun 22 20:22 docker_stderror
drwxrwxrwt  3 shardulr fnalgrid 4.0K Jun 22 20:22 var
drwxrwxrwt  2 shardulr fnalgrid 4.0K Jun 22 20:22 tmp
-rw-r--r--  1 shardulr fnalgrid  12K Jun 22 20:22 .update.ad
drwxr-xr-x  3 root     root     4.0K Jun 22 20:22 ..
srwxr-xr-x  1 shardulr fnalgrid    0 Jun 22 20:22 .docker_sock
-rw-r--r--  1 shardulr fnalgrid  113 Jun 22 20:22 _condor_stderr
drwx------  7 shardulr fnalgrid 4.0K Jun 22 20:22 .
drwxr-xr-x 17 shardulr fnalgrid 4.0K Jun 22 20:22 CMSSW_10_6_19_patch2
-rw-r--r--  1 shardulr fnalgrid  454 Jun 22 20:22 _condor_stdout
/storage/local/data1/condor/execute/dir_8059/CMSSW_10_6_19_patch2 is the CMSSW we created on the local worker node
Running over Data2018 files
Blinding data, only using CR cuts (0 loose b's)
Using UL 2018 campaign working points
Pre-select 59447 entries out of 1475080 (4.03%)
Processed    10000/   59447 entries, 16.82% (elapsed time    32.3s, curr speed    0.310 kHz, avg speed    0.310 kHz), accepted     1845/   10001 events (18.45%)
Processed    20000/   59447 entries, 33.64% (elapsed time    64.9s, curr speed    0.307 kHz, avg speed    0.308 kHz), accepted     3606/   20001 events (18.03%)
Processed    30000/   59447 entries, 50.47% (elapsed time    96.3s, curr speed    0.319 kHz, avg speed    0.312 kHz), accepted     5319/   30001 events (17.73%)
Processed    40000/   59447 entries, 67.29% (elapsed time   127.0s, curr speed    0.326 kHz, avg speed    0.315 kHz), accepted     7010/   40001 events (17.52%)
Processed    50000/   59447 entries, 84.11% (elapsed time   153.5s, curr speed    0.377 kHz, avg speed    0.326 kHz), accepted     8751/   50001 events (17.50%)
Processed 59447 preselected entries from root://cmsxrootd.fnal.gov//store/data/Run2018D/JetHT/NANOAOD/UL2018_MiniAODv2_NanoAODv9-v2/2540000/DFC52D90-F786-FC4C-A6EE-687D53870C98.root (1475080 entries). Finally selected 10243 entries
Total time 186.2 sec. to process 1475080 events. Rate = 7924.1 Hz.
Running pwd:
/storage/local/data1/condor/execute/dir_8059
Running ls -alrth:
total 168K
-rw-r--r--  1 shardulr fnalgrid 5.0K Jun 22 20:22 .job.ad
-rw-r--r--  1 shardulr fnalgrid  12K Jun 22 20:22 .machine.ad
-rwx------  1 shardulr fnalgrid   49 Jun 22 20:22 .chirp.config
-rw-------  1 shardulr fnalgrid  11K Jun 22 20:22 x509up
drwxr-xr-x  2 shardulr fnalgrid 4.0K Jun 22 20:22 samples
-rw-r--r--  1 shardulr fnalgrid  62K Jun 22 20:22 singleStopAnalyzer.py
-rwxr-xr-x  1 shardulr fnalgrid  705 Jun 22 20:22 condor_exec.exe
-rw-r--r--  1 shardulr fnalgrid  951 Jun 22 20:22 bJetMatcher.py
-rw-r--r--  1 shardulr fnalgrid    0 Jun 22 20:22 docker_stderror
drwxrwxrwt  3 shardulr fnalgrid 4.0K Jun 22 20:22 var
drwxrwxrwt  2 shardulr fnalgrid 4.0K Jun 22 20:22 tmp
drwxr-xr-x  3 root     root     4.0K Jun 22 20:22 ..
srwxr-xr-x  1 shardulr fnalgrid    0 Jun 22 20:22 .docker_sock
drwxr-xr-x 17 shardulr fnalgrid 4.0K Jun 22 20:22 CMSSW_10_6_19_patch2
drwxr-xr-x  2 shardulr fnalgrid 4.0K Jun 22 20:23 framework
-rw-r--r--  1 shardulr fnalgrid 1.7K Jun 22 20:23 bJetMatcher.pyc
drwxr-xr-x  3 shardulr fnalgrid 4.0K Jun 22 20:23 output
-rw-r--r--  1 shardulr fnalgrid  215 Jun 22 20:23 _condor_stderr
-rw-r--r--  1 shardulr fnalgrid  13K Jun 22 20:26 .update.ad
drwx------  8 shardulr fnalgrid 4.0K Jun 22 20:26 .
-rw-r--r--  1 shardulr fnalgrid 3.1K Jun 22 20:26 _condor_stdout
