[FERMIHTC-APPTAINER]: INFO -- No Apptainer image specified
[FERMIHTC-APPTAINER]: INFO -- Running job on the host machine

[FERMIHTC-APPTAINER]: INFO -- Running ./condor_exec.exe
Starting job on  Thu Jun 22 20:23:28 UTC 2023
Running on: Linux shardulr-32358581-363-cmswn2071.fnal.gov 3.10.0-1160.90.1.el7.x86_64 #1 SMP Thu Apr 27 13:14:20 CDT 2023 x86_64 x86_64 x86_64 GNU/Linux
System software: Scientific Linux release 7.9 (Nitrogen)
Running ls -alrth:
total 164K
-rw-r--r--  1 shardulr fnalgrid 5.0K Jun 22 20:22 .job.ad
-rw-r--r--  1 shardulr fnalgrid  13K Jun 22 20:22 .machine.ad
-rwx------  1 shardulr fnalgrid   49 Jun 22 20:22 .chirp.config
-rw-------  1 shardulr fnalgrid  11K Jun 22 20:22 x509up
drwxr-xr-x  2 shardulr fnalgrid 4.0K Jun 22 20:22 samples
drwxr-xr-x  2 shardulr fnalgrid 4.0K Jun 22 20:22 framework
-rw-r--r--  1 shardulr fnalgrid  62K Jun 22 20:22 singleStopAnalyzer.py
-rwxr-xr-x  1 shardulr fnalgrid  705 Jun 22 20:22 condor_exec.exe
-rw-r--r--  1 shardulr fnalgrid  951 Jun 22 20:22 bJetMatcher.py
-rw-r--r--  1 shardulr fnalgrid    0 Jun 22 20:22 docker_stderror
drwxrwxrwt  2 shardulr fnalgrid 4.0K Jun 22 20:22 tmp
drwxrwxrwt  3 shardulr fnalgrid 4.0K Jun 22 20:22 var
drwxr-xr-x  3 root     root     4.0K Jun 22 20:22 ..
srwxr-xr-x  1 shardulr fnalgrid    0 Jun 22 20:22 .docker_sock
-rw-r--r--  1 shardulr fnalgrid  13K Jun 22 20:23 .update.ad
-rw-r--r--  1 shardulr fnalgrid  113 Jun 22 20:23 _condor_stderr
drwx------  7 shardulr fnalgrid 4.0K Jun 22 20:23 .
drwxr-xr-x 17 shardulr fnalgrid 4.0K Jun 22 20:23 CMSSW_10_6_19_patch2
-rw-r--r--  1 shardulr fnalgrid  454 Jun 22 20:23 _condor_stdout
/storage/local/data1/condor/execute/dir_56326/CMSSW_10_6_19_patch2 is the CMSSW we created on the local worker node
Running over Data2018 files
Blinding data, only using CR cuts (0 loose b's)
Using UL 2018 campaign working points
Pre-select 72446 entries out of 1717858 (4.22%)
Processed    10000/   72446 entries, 13.80% (elapsed time    25.3s, curr speed    0.396 kHz, avg speed    0.396 kHz), accepted     1758/   10001 events (17.58%)
Processed    20000/   72446 entries, 27.61% (elapsed time    49.7s, curr speed    0.409 kHz, avg speed    0.402 kHz), accepted     3437/   20001 events (17.18%)
Processed    30000/   72446 entries, 41.41% (elapsed time    73.7s, curr speed    0.417 kHz, avg speed    0.407 kHz), accepted     5106/   30001 events (17.02%)
Processed    40000/   72446 entries, 55.21% (elapsed time    98.1s, curr speed    0.411 kHz, avg speed    0.408 kHz), accepted     6789/   40001 events (16.97%)
Processed    50000/   72446 entries, 69.02% (elapsed time   122.1s, curr speed    0.417 kHz, avg speed    0.410 kHz), accepted     8418/   50001 events (16.84%)
Processed    60000/   72446 entries, 82.82% (elapsed time   147.8s, curr speed    0.388 kHz, avg speed    0.406 kHz), accepted    10342/   60001 events (17.24%)
Processed    70000/   72446 entries, 96.62% (elapsed time   173.9s, curr speed    0.383 kHz, avg speed    0.402 kHz), accepted    12057/   70001 events (17.22%)
Processed 72446 preselected entries from root://cmsxrootd.fnal.gov//store/data/Run2018D/JetHT/NANOAOD/UL2018_MiniAODv2_NanoAODv9-v2/2540000/3A975D8F-9929-8E4F-B2B8-F27B3742C2D7.root (1717858 entries). Finally selected 12476 entries
Total time 192.9 sec. to process 1717858 events. Rate = 8905.5 Hz.
Running pwd:
/storage/local/data1/condor/execute/dir_56326
Running ls -alrth:
total 172K
-rw-r--r--  1 shardulr fnalgrid 5.0K Jun 22 20:22 .job.ad
-rw-r--r--  1 shardulr fnalgrid  13K Jun 22 20:22 .machine.ad
-rwx------  1 shardulr fnalgrid   49 Jun 22 20:22 .chirp.config
-rw-------  1 shardulr fnalgrid  11K Jun 22 20:22 x509up
drwxr-xr-x  2 shardulr fnalgrid 4.0K Jun 22 20:22 samples
-rw-r--r--  1 shardulr fnalgrid  62K Jun 22 20:22 singleStopAnalyzer.py
-rwxr-xr-x  1 shardulr fnalgrid  705 Jun 22 20:22 condor_exec.exe
-rw-r--r--  1 shardulr fnalgrid  951 Jun 22 20:22 bJetMatcher.py
-rw-r--r--  1 shardulr fnalgrid    0 Jun 22 20:22 docker_stderror
drwxrwxrwt  2 shardulr fnalgrid 4.0K Jun 22 20:22 tmp
drwxrwxrwt  3 shardulr fnalgrid 4.0K Jun 22 20:22 var
drwxr-xr-x  3 root     root     4.0K Jun 22 20:22 ..
srwxr-xr-x  1 shardulr fnalgrid    0 Jun 22 20:22 .docker_sock
drwxr-xr-x 17 shardulr fnalgrid 4.0K Jun 22 20:23 CMSSW_10_6_19_patch2
drwxr-xr-x  2 shardulr fnalgrid 4.0K Jun 22 20:23 framework
-rw-r--r--  1 shardulr fnalgrid 1.7K Jun 22 20:23 bJetMatcher.pyc
drwxr-xr-x  3 shardulr fnalgrid 4.0K Jun 22 20:23 output
-rw-r--r--  1 shardulr fnalgrid  215 Jun 22 20:23 _condor_stderr
-rw-r--r--  1 shardulr fnalgrid  13K Jun 22 20:26 .update.ad
drwx------  8 shardulr fnalgrid 4.0K Jun 22 20:26 .
-rw-r--r--  1 shardulr fnalgrid 3.4K Jun 22 20:26 _condor_stdout
