[FERMIHTC-APPTAINER]: INFO -- No Apptainer image specified
[FERMIHTC-APPTAINER]: INFO -- Running job on the host machine

[FERMIHTC-APPTAINER]: INFO -- Running ./condor_exec.exe
Starting job on  Thu Jun 22 20:21:18 UTC 2023
Running on: Linux shardulr-32358581-254-cmswn2098.fnal.gov 3.10.0-1160.90.1.el7.x86_64 #1 SMP Thu Apr 27 13:14:20 CDT 2023 x86_64 x86_64 x86_64 GNU/Linux
System software: Scientific Linux release 7.9 (Nitrogen)
Running ls -alrth:
total 164K
-rw-r--r--  1 shardulr fnalgrid 5.0K Jun 22 20:20 .job.ad
-rw-r--r--  1 shardulr fnalgrid  14K Jun 22 20:20 .machine.ad
-rwx------  1 shardulr fnalgrid   49 Jun 22 20:20 .chirp.config
-rw-------  1 shardulr fnalgrid  11K Jun 22 20:20 x509up
drwxr-xr-x  2 shardulr fnalgrid 4.0K Jun 22 20:20 samples
drwxr-xr-x  2 shardulr fnalgrid 4.0K Jun 22 20:20 framework
-rw-r--r--  1 shardulr fnalgrid  62K Jun 22 20:20 singleStopAnalyzer.py
-rwxr-xr-x  1 shardulr fnalgrid  705 Jun 22 20:20 condor_exec.exe
-rw-r--r--  1 shardulr fnalgrid  951 Jun 22 20:20 bJetMatcher.py
-rw-r--r--  1 shardulr fnalgrid    0 Jun 22 20:20 docker_stderror
drwxrwxrwt  3 shardulr fnalgrid 4.0K Jun 22 20:20 var
drwxrwxrwt  2 shardulr fnalgrid 4.0K Jun 22 20:20 tmp
-rw-r--r--  1 shardulr fnalgrid  13K Jun 22 20:20 .update.ad
drwxr-xr-x  3 root     root     4.0K Jun 22 20:21 ..
srwxr-xr-x  1 shardulr fnalgrid    0 Jun 22 20:21 .docker_sock
-rw-r--r--  1 shardulr fnalgrid  113 Jun 22 20:21 _condor_stderr
drwx------  7 shardulr fnalgrid 4.0K Jun 22 20:21 .
drwxr-xr-x 17 shardulr fnalgrid 4.0K Jun 22 20:21 CMSSW_10_6_19_patch2
-rw-r--r--  1 shardulr fnalgrid  454 Jun 22 20:21 _condor_stdout
/storage/local/data1/condor/execute/dir_53970/CMSSW_10_6_19_patch2 is the CMSSW we created on the local worker node
Running over Data2018 files
Blinding data, only using CR cuts (0 loose b's)
Using UL 2018 campaign working points
Pre-select 69366 entries out of 1645163 (4.22%)
Processed    10000/   69366 entries, 14.42% (elapsed time   286.7s, curr speed    0.035 kHz, avg speed    0.035 kHz), accepted     1676/   10001 events (16.76%)
Processed    20000/   69366 entries, 28.83% (elapsed time   595.6s, curr speed    0.032 kHz, avg speed    0.034 kHz), accepted     3455/   20001 events (17.27%)
Processed    30000/   69366 entries, 43.25% (elapsed time   906.5s, curr speed    0.032 kHz, avg speed    0.033 kHz), accepted     5291/   30001 events (17.64%)
Processed    40000/   69366 entries, 57.67% (elapsed time  1243.6s, curr speed    0.030 kHz, avg speed    0.032 kHz), accepted     6999/   40001 events (17.50%)
Processed    50000/   69366 entries, 72.08% (elapsed time  1596.0s, curr speed    0.028 kHz, avg speed    0.031 kHz), accepted     8356/   50001 events (16.71%)
Processed    60000/   69366 entries, 86.50% (elapsed time  1929.1s, curr speed    0.030 kHz, avg speed    0.031 kHz), accepted    10076/   60001 events (16.79%)
Processed 69366 preselected entries from root://cmsxrootd.fnal.gov//store/data/Run2018D/JetHT/NANOAOD/UL2018_MiniAODv2_NanoAODv9-v2/2540000/3AB4F055-E0CE-714A-9809-0412F607E0E2.root (1645163 entries). Finally selected 11593 entries
Total time 2430.8 sec. to process 1645163 events. Rate = 676.8 Hz.
Running pwd:
/storage/local/data1/condor/execute/dir_53970
Running ls -alrth:
total 172K
-rw-r--r--  1 shardulr fnalgrid 5.0K Jun 22 20:20 .job.ad
-rw-r--r--  1 shardulr fnalgrid  14K Jun 22 20:20 .machine.ad
-rwx------  1 shardulr fnalgrid   49 Jun 22 20:20 .chirp.config
-rw-------  1 shardulr fnalgrid  11K Jun 22 20:20 x509up
drwxr-xr-x  2 shardulr fnalgrid 4.0K Jun 22 20:20 samples
-rw-r--r--  1 shardulr fnalgrid  62K Jun 22 20:20 singleStopAnalyzer.py
-rwxr-xr-x  1 shardulr fnalgrid  705 Jun 22 20:20 condor_exec.exe
-rw-r--r--  1 shardulr fnalgrid  951 Jun 22 20:20 bJetMatcher.py
-rw-r--r--  1 shardulr fnalgrid    0 Jun 22 20:20 docker_stderror
drwxrwxrwt  3 shardulr fnalgrid 4.0K Jun 22 20:20 var
drwxrwxrwt  2 shardulr fnalgrid 4.0K Jun 22 20:20 tmp
drwxr-xr-x  3 root     root     4.0K Jun 22 20:21 ..
srwxr-xr-x  1 shardulr fnalgrid    0 Jun 22 20:21 .docker_sock
-rw-r--r--  1 shardulr fnalgrid  113 Jun 22 20:21 _condor_stderr
drwxr-xr-x 17 shardulr fnalgrid 4.0K Jun 22 20:21 CMSSW_10_6_19_patch2
drwxr-xr-x  2 shardulr fnalgrid 4.0K Jun 22 20:21 framework
-rw-r--r--  1 shardulr fnalgrid 1.7K Jun 22 20:21 bJetMatcher.pyc
drwxr-xr-x  3 shardulr fnalgrid 4.0K Jun 22 20:21 output
-rw-r--r--  1 shardulr fnalgrid  13K Jun 22 21:01 .update.ad
drwx------  8 shardulr fnalgrid 4.0K Jun 22 21:01 .
-rw-r--r--  1 shardulr fnalgrid 3.2K Jun 22 21:02 _condor_stdout
