[FERMIHTC-APPTAINER]: INFO -- No Apptainer image specified
[FERMIHTC-APPTAINER]: INFO -- Running job on the host machine

[FERMIHTC-APPTAINER]: INFO -- Running ./condor_exec.exe
Starting job on  Thu Jun 22 20:22:47 UTC 2023
Running on: Linux shardulr-32358581-390-cmswn2037.fnal.gov 3.10.0-1160.90.1.el7.x86_64 #1 SMP Thu Apr 27 13:14:20 CDT 2023 x86_64 x86_64 x86_64 GNU/Linux
System software: Scientific Linux release 7.9 (Nitrogen)
Running ls -alrth:
total 164K
-rw-r--r--  1 shardulr fnalgrid 5.0K Jun 22 20:22 .job.ad
-rw-r--r--  1 shardulr fnalgrid  13K Jun 22 20:22 .machine.ad
-rwx------  1 shardulr fnalgrid   49 Jun 22 20:22 .chirp.config
-rw-------  1 shardulr fnalgrid  11K Jun 22 20:22 x509up
drwxr-xr-x  2 shardulr fnalgrid 4.0K Jun 22 20:22 samples
drwxr-xr-x  2 shardulr fnalgrid 4.0K Jun 22 20:22 framework
-rw-r--r--  1 shardulr fnalgrid  62K Jun 22 20:22 singleStopAnalyzer.py
-rwxr-xr-x  1 shardulr fnalgrid  705 Jun 22 20:22 condor_exec.exe
-rw-r--r--  1 shardulr fnalgrid  951 Jun 22 20:22 bJetMatcher.py
-rw-r--r--  1 shardulr fnalgrid    0 Jun 22 20:22 docker_stderror
drwxrwxrwt  3 shardulr fnalgrid 4.0K Jun 22 20:22 var
drwxrwxrwt  2 shardulr fnalgrid 4.0K Jun 22 20:22 tmp
-rw-r--r--  1 shardulr fnalgrid  13K Jun 22 20:22 .update.ad
drwxr-xr-x  3 root     root     4.0K Jun 22 20:22 ..
srwxr-xr-x  1 shardulr fnalgrid    0 Jun 22 20:22 .docker_sock
-rw-r--r--  1 shardulr fnalgrid  113 Jun 22 20:22 _condor_stderr
drwx------  7 shardulr fnalgrid 4.0K Jun 22 20:22 .
drwxr-xr-x 17 shardulr fnalgrid 4.0K Jun 22 20:22 CMSSW_10_6_19_patch2
-rw-r--r--  1 shardulr fnalgrid  454 Jun 22 20:22 _condor_stdout
/storage/local/data1/condor/execute/dir_41931/CMSSW_10_6_19_patch2 is the CMSSW we created on the local worker node
Running over Data2018 files
Blinding data, only using CR cuts (0 loose b's)
Using UL 2018 campaign working points
Pre-select 80316 entries out of 1976044 (4.06%)
Processed    10000/   80316 entries, 12.45% (elapsed time    26.9s, curr speed    0.372 kHz, avg speed    0.372 kHz), accepted     1433/   10001 events (14.33%)
Processed    20000/   80316 entries, 24.90% (elapsed time    53.3s, curr speed    0.379 kHz, avg speed    0.375 kHz), accepted     3098/   20001 events (15.49%)
Processed    30000/   80316 entries, 37.35% (elapsed time    79.3s, curr speed    0.385 kHz, avg speed    0.379 kHz), accepted     4628/   30001 events (15.43%)
Processed    40000/   80316 entries, 49.80% (elapsed time   105.0s, curr speed    0.389 kHz, avg speed    0.381 kHz), accepted     6208/   40001 events (15.52%)
Processed    50000/   80316 entries, 62.25% (elapsed time   130.4s, curr speed    0.393 kHz, avg speed    0.383 kHz), accepted     7962/   50001 events (15.92%)
Processed    60000/   80316 entries, 74.70% (elapsed time   156.4s, curr speed    0.384 kHz, avg speed    0.384 kHz), accepted     9607/   60001 events (16.01%)
Processed    70000/   80316 entries, 87.16% (elapsed time   183.2s, curr speed    0.374 kHz, avg speed    0.382 kHz), accepted    11464/   70001 events (16.38%)
Processed    80000/   80316 entries, 99.61% (elapsed time   210.4s, curr speed    0.367 kHz, avg speed    0.380 kHz), accepted    13188/   80001 events (16.48%)
Processed 80316 preselected entries from root://cmsxrootd.fnal.gov//store/data/Run2018D/JetHT/NANOAOD/UL2018_MiniAODv2_NanoAODv9-v2/2810000/9350E30A-8037-8943-B61C-E1C9D876B0A8.root (1976044 entries). Finally selected 13238 entries
Total time 222.6 sec. to process 1976044 events. Rate = 8877.4 Hz.
Running pwd:
/storage/local/data1/condor/execute/dir_41931
Running ls -alrth:
total 172K
-rw-r--r--  1 shardulr fnalgrid 5.0K Jun 22 20:22 .job.ad
-rw-r--r--  1 shardulr fnalgrid  13K Jun 22 20:22 .machine.ad
-rwx------  1 shardulr fnalgrid   49 Jun 22 20:22 .chirp.config
-rw-------  1 shardulr fnalgrid  11K Jun 22 20:22 x509up
drwxr-xr-x  2 shardulr fnalgrid 4.0K Jun 22 20:22 samples
-rw-r--r--  1 shardulr fnalgrid  62K Jun 22 20:22 singleStopAnalyzer.py
-rwxr-xr-x  1 shardulr fnalgrid  705 Jun 22 20:22 condor_exec.exe
-rw-r--r--  1 shardulr fnalgrid  951 Jun 22 20:22 bJetMatcher.py
-rw-r--r--  1 shardulr fnalgrid    0 Jun 22 20:22 docker_stderror
drwxrwxrwt  3 shardulr fnalgrid 4.0K Jun 22 20:22 var
drwxrwxrwt  2 shardulr fnalgrid 4.0K Jun 22 20:22 tmp
drwxr-xr-x  3 root     root     4.0K Jun 22 20:22 ..
srwxr-xr-x  1 shardulr fnalgrid    0 Jun 22 20:22 .docker_sock
drwxr-xr-x 17 shardulr fnalgrid 4.0K Jun 22 20:22 CMSSW_10_6_19_patch2
drwxr-xr-x  2 shardulr fnalgrid 4.0K Jun 22 20:22 framework
-rw-r--r--  1 shardulr fnalgrid 1.7K Jun 22 20:22 bJetMatcher.pyc
drwxr-xr-x  3 shardulr fnalgrid 4.0K Jun 22 20:22 output
-rw-r--r--  1 shardulr fnalgrid  215 Jun 22 20:22 _condor_stderr
-rw-r--r--  1 shardulr fnalgrid  13K Jun 22 20:25 .update.ad
drwx------  8 shardulr fnalgrid 4.0K Jun 22 20:25 .
-rw-r--r--  1 shardulr fnalgrid 3.5K Jun 22 20:26 _condor_stdout
