[FERMIHTC-APPTAINER]: INFO -- No Apptainer image specified
[FERMIHTC-APPTAINER]: INFO -- Running job on the host machine

[FERMIHTC-APPTAINER]: INFO -- Running ./condor_exec.exe
Starting job on  Thu Jun 22 20:20:23 UTC 2023
Running on: Linux shardulr-32358581-82-cmswn2104.fnal.gov 3.10.0-1160.90.1.el7.x86_64 #1 SMP Thu Apr 27 13:14:20 CDT 2023 x86_64 x86_64 x86_64 GNU/Linux
System software: Scientific Linux release 7.9 (Nitrogen)
Running ls -alrth:
total 164K
-rw-r--r--  1 shardulr fnalgrid  14K Jun 22 20:20 .machine.ad
-rw-r--r--  1 shardulr fnalgrid 5.0K Jun 22 20:20 .job.ad
-rwx------  1 shardulr fnalgrid   49 Jun 22 20:20 .chirp.config
-rw-------  1 shardulr fnalgrid  11K Jun 22 20:20 x509up
drwxr-xr-x  2 shardulr fnalgrid 4.0K Jun 22 20:20 samples
-rw-r--r--  1 shardulr fnalgrid  62K Jun 22 20:20 singleStopAnalyzer.py
drwxr-xr-x  2 shardulr fnalgrid 4.0K Jun 22 20:20 framework
-rwxr-xr-x  1 shardulr fnalgrid  704 Jun 22 20:20 condor_exec.exe
-rw-r--r--  1 shardulr fnalgrid  951 Jun 22 20:20 bJetMatcher.py
-rw-r--r--  1 shardulr fnalgrid    0 Jun 22 20:20 docker_stderror
drwxrwxrwt  2 shardulr fnalgrid 4.0K Jun 22 20:20 tmp
drwxrwxrwt  3 shardulr fnalgrid 4.0K Jun 22 20:20 var
-rw-r--r--  1 shardulr fnalgrid  13K Jun 22 20:20 .update.ad
drwxr-xr-x  3 root     root     4.0K Jun 22 20:20 ..
srwxr-xr-x  1 shardulr fnalgrid    0 Jun 22 20:20 .docker_sock
-rw-r--r--  1 shardulr fnalgrid  113 Jun 22 20:20 _condor_stderr
drwx------  7 shardulr fnalgrid 4.0K Jun 22 20:20 .
drwxr-xr-x 17 shardulr fnalgrid 4.0K Jun 22 20:20 CMSSW_10_6_19_patch2
-rw-r--r--  1 shardulr fnalgrid  453 Jun 22 20:20 _condor_stdout
/storage/local/data1/condor/execute/dir_2714/CMSSW_10_6_19_patch2 is the CMSSW we created on the local worker node
Running over Data2018 files
Blinding data, only using CR cuts (0 loose b's)
Using UL 2018 campaign working points
Pre-select 72237 entries out of 1679370 (4.30%)
Processed    10000/   72237 entries, 13.84% (elapsed time   184.5s, curr speed    0.054 kHz, avg speed    0.054 kHz), accepted     1674/   10001 events (16.74%)
Processed    20000/   72237 entries, 27.69% (elapsed time   355.1s, curr speed    0.059 kHz, avg speed    0.056 kHz), accepted     3419/   20001 events (17.09%)
Processed    30000/   72237 entries, 41.53% (elapsed time   505.4s, curr speed    0.067 kHz, avg speed    0.059 kHz), accepted     5220/   30001 events (17.40%)
Processed    40000/   72237 entries, 55.37% (elapsed time   677.6s, curr speed    0.058 kHz, avg speed    0.059 kHz), accepted     6889/   40001 events (17.22%)
Processed    50000/   72237 entries, 69.22% (elapsed time   843.4s, curr speed    0.060 kHz, avg speed    0.059 kHz), accepted     8523/   50001 events (17.05%)
Processed    60000/   72237 entries, 83.06% (elapsed time  1008.2s, curr speed    0.061 kHz, avg speed    0.060 kHz), accepted    10230/   60001 events (17.05%)
Processed    70000/   72237 entries, 96.90% (elapsed time  1165.1s, curr speed    0.064 kHz, avg speed    0.060 kHz), accepted    12010/   70001 events (17.16%)
Processed 72237 preselected entries from root://cmsxrootd.fnal.gov//store/data/Run2018A/JetHT/NANOAOD/UL2018_MiniAODv2_NanoAODv9-v2/250000/5B73093B-361F-6E4C-8256-54F9E3386DEE.root (1679370 entries). Finally selected 12409 entries
Total time 1411.6 sec. to process 1679370 events. Rate = 1189.7 Hz.
Running pwd:
/storage/local/data1/condor/execute/dir_2714
Running ls -alrth:
total 172K
-rw-r--r--  1 shardulr fnalgrid  14K Jun 22 20:20 .machine.ad
-rw-r--r--  1 shardulr fnalgrid 5.0K Jun 22 20:20 .job.ad
-rwx------  1 shardulr fnalgrid   49 Jun 22 20:20 .chirp.config
-rw-------  1 shardulr fnalgrid  11K Jun 22 20:20 x509up
drwxr-xr-x  2 shardulr fnalgrid 4.0K Jun 22 20:20 samples
-rw-r--r--  1 shardulr fnalgrid  62K Jun 22 20:20 singleStopAnalyzer.py
-rwxr-xr-x  1 shardulr fnalgrid  704 Jun 22 20:20 condor_exec.exe
-rw-r--r--  1 shardulr fnalgrid  951 Jun 22 20:20 bJetMatcher.py
-rw-r--r--  1 shardulr fnalgrid    0 Jun 22 20:20 docker_stderror
drwxrwxrwt  2 shardulr fnalgrid 4.0K Jun 22 20:20 tmp
drwxrwxrwt  3 shardulr fnalgrid 4.0K Jun 22 20:20 var
drwxr-xr-x  3 root     root     4.0K Jun 22 20:20 ..
srwxr-xr-x  1 shardulr fnalgrid    0 Jun 22 20:20 .docker_sock
-rw-r--r--  1 shardulr fnalgrid  113 Jun 22 20:20 _condor_stderr
drwxr-xr-x 17 shardulr fnalgrid 4.0K Jun 22 20:20 CMSSW_10_6_19_patch2
drwxr-xr-x  2 shardulr fnalgrid 4.0K Jun 22 20:20 framework
-rw-r--r--  1 shardulr fnalgrid 1.7K Jun 22 20:20 bJetMatcher.pyc
drwxr-xr-x  3 shardulr fnalgrid 4.0K Jun 22 20:20 output
-rw-r--r--  1 shardulr fnalgrid  13K Jun 22 20:43 .update.ad
drwx------  8 shardulr fnalgrid 4.0K Jun 22 20:43 .
-rw-r--r--  1 shardulr fnalgrid 3.4K Jun 22 20:44 _condor_stdout
