[FERMIHTC-APPTAINER]: INFO -- No Apptainer image specified
[FERMIHTC-APPTAINER]: INFO -- Running job on the host machine

[FERMIHTC-APPTAINER]: INFO -- Running ./condor_exec.exe
Starting job on  Thu Jun 22 20:19:10 UTC 2023
Running on: Linux shardulr-32358581-23-cmswn2102.fnal.gov 3.10.0-1160.90.1.el7.x86_64 #1 SMP Thu Apr 27 13:14:20 CDT 2023 x86_64 x86_64 x86_64 GNU/Linux
System software: Scientific Linux release 7.9 (Nitrogen)
Running ls -alrth:
total 156K
-rw-r--r--  1 shardulr fnalgrid 5.0K Jun 22 20:19 .job.ad
-rw-r--r--  1 shardulr fnalgrid  11K Jun 22 20:19 .machine.ad
-rwx------  1 shardulr fnalgrid   49 Jun 22 20:19 .chirp.config
-rw-------  1 shardulr fnalgrid  11K Jun 22 20:19 x509up
drwxr-xr-x  2 shardulr fnalgrid 4.0K Jun 22 20:19 samples
drwxr-xr-x  2 shardulr fnalgrid 4.0K Jun 22 20:19 framework
-rw-r--r--  1 shardulr fnalgrid  62K Jun 22 20:19 singleStopAnalyzer.py
-rw-r--r--  1 shardulr fnalgrid  951 Jun 22 20:19 bJetMatcher.py
-rwxr-xr-x  1 shardulr fnalgrid  704 Jun 22 20:19 condor_exec.exe
-rw-r--r--  1 shardulr fnalgrid    0 Jun 22 20:19 docker_stderror
drwxrwxrwt  2 shardulr fnalgrid 4.0K Jun 22 20:19 tmp
drwxrwxrwt  3 shardulr fnalgrid 4.0K Jun 22 20:19 var
-rw-r--r--  1 shardulr fnalgrid  11K Jun 22 20:19 .update.ad
drwxr-xr-x  3 root     root     4.0K Jun 22 20:19 ..
srwxr-xr-x  1 shardulr fnalgrid    0 Jun 22 20:19 .docker_sock
-rw-r--r--  1 shardulr fnalgrid  113 Jun 22 20:19 _condor_stderr
drwx------  7 shardulr fnalgrid 4.0K Jun 22 20:19 .
drwxr-xr-x 17 shardulr fnalgrid 4.0K Jun 22 20:19 CMSSW_10_6_19_patch2
-rw-r--r--  1 shardulr fnalgrid  453 Jun 22 20:19 _condor_stdout
/storage/local/data1/condor/execute/dir_42027/CMSSW_10_6_19_patch2 is the CMSSW we created on the local worker node
Running over Data2018 files
Blinding data, only using CR cuts (0 loose b's)
Using UL 2018 campaign working points
Pre-select 72608 entries out of 2010683 (3.61%)
Processed    10000/   72608 entries, 13.77% (elapsed time   212.3s, curr speed    0.047 kHz, avg speed    0.047 kHz), accepted     1326/   10001 events (13.26%)
Processed    20000/   72608 entries, 27.55% (elapsed time   423.0s, curr speed    0.047 kHz, avg speed    0.047 kHz), accepted     2847/   20001 events (14.23%)
Processed    30000/   72608 entries, 41.32% (elapsed time   635.4s, curr speed    0.047 kHz, avg speed    0.047 kHz), accepted     4409/   30001 events (14.70%)
Processed    40000/   72608 entries, 55.09% (elapsed time   817.8s, curr speed    0.055 kHz, avg speed    0.049 kHz), accepted     6014/   40001 events (15.03%)
Processed    50000/   72608 entries, 68.86% (elapsed time   983.7s, curr speed    0.060 kHz, avg speed    0.051 kHz), accepted     7548/   50001 events (15.10%)
Processed    60000/   72608 entries, 82.64% (elapsed time  1142.0s, curr speed    0.063 kHz, avg speed    0.053 kHz), accepted     9227/   60001 events (15.38%)
Processed    70000/   72608 entries, 96.41% (elapsed time  1307.2s, curr speed    0.061 kHz, avg speed    0.054 kHz), accepted    10863/   70001 events (15.52%)
Processed 72608 preselected entries from root://cmsxrootd.fnal.gov//store/data/Run2018A/JetHT/NANOAOD/UL2018_MiniAODv2_NanoAODv9-v2/250000/C779C2B0-C636-B54E-A7AB-010606866102.root (2010683 entries). Finally selected 11365 entries
Total time 1598.8 sec. to process 2010683 events. Rate = 1257.6 Hz.
Running pwd:
/storage/local/data1/condor/execute/dir_42027
Running ls -alrth:
total 164K
-rw-r--r--  1 shardulr fnalgrid 5.0K Jun 22 20:19 .job.ad
-rw-r--r--  1 shardulr fnalgrid  11K Jun 22 20:19 .machine.ad
-rwx------  1 shardulr fnalgrid   49 Jun 22 20:19 .chirp.config
-rw-------  1 shardulr fnalgrid  11K Jun 22 20:19 x509up
drwxr-xr-x  2 shardulr fnalgrid 4.0K Jun 22 20:19 samples
-rw-r--r--  1 shardulr fnalgrid  62K Jun 22 20:19 singleStopAnalyzer.py
-rw-r--r--  1 shardulr fnalgrid  951 Jun 22 20:19 bJetMatcher.py
-rwxr-xr-x  1 shardulr fnalgrid  704 Jun 22 20:19 condor_exec.exe
-rw-r--r--  1 shardulr fnalgrid    0 Jun 22 20:19 docker_stderror
drwxrwxrwt  2 shardulr fnalgrid 4.0K Jun 22 20:19 tmp
drwxrwxrwt  3 shardulr fnalgrid 4.0K Jun 22 20:19 var
drwxr-xr-x  3 root     root     4.0K Jun 22 20:19 ..
srwxr-xr-x  1 shardulr fnalgrid    0 Jun 22 20:19 .docker_sock
-rw-r--r--  1 shardulr fnalgrid  113 Jun 22 20:19 _condor_stderr
drwxr-xr-x 17 shardulr fnalgrid 4.0K Jun 22 20:19 CMSSW_10_6_19_patch2
drwxr-xr-x  2 shardulr fnalgrid 4.0K Jun 22 20:19 framework
-rw-r--r--  1 shardulr fnalgrid 1.7K Jun 22 20:19 bJetMatcher.pyc
drwxr-xr-x  3 shardulr fnalgrid 4.0K Jun 22 20:19 output
-rw-r--r--  1 shardulr fnalgrid  11K Jun 22 20:45 .update.ad
drwx------  8 shardulr fnalgrid 4.0K Jun 22 20:45 .
-rw-r--r--  1 shardulr fnalgrid 3.4K Jun 22 20:45 _condor_stdout
