[FERMIHTC-APPTAINER]: INFO -- No Apptainer image specified
[FERMIHTC-APPTAINER]: INFO -- Running job on the host machine

[FERMIHTC-APPTAINER]: INFO -- Running ./condor_exec.exe
Starting job on  Thu Jun 22 20:21:03 UTC 2023
Running on: Linux shardulr-32358581-213-cmswn2089.fnal.gov 3.10.0-1160.90.1.el7.x86_64 #1 SMP Thu Apr 27 13:14:20 CDT 2023 x86_64 x86_64 x86_64 GNU/Linux
System software: Scientific Linux release 7.9 (Nitrogen)
Running ls -alrth:
total 156K
-rw-r--r--  1 shardulr fnalgrid 5.0K Jun 22 20:20 .job.ad
-rw-r--r--  1 shardulr fnalgrid  12K Jun 22 20:20 .machine.ad
-rwx------  1 shardulr fnalgrid   49 Jun 22 20:20 .chirp.config
-rw-------  1 shardulr fnalgrid  11K Jun 22 20:20 x509up
drwxr-xr-x  2 shardulr fnalgrid 4.0K Jun 22 20:20 samples
drwxr-xr-x  2 shardulr fnalgrid 4.0K Jun 22 20:20 framework
-rw-r--r--  1 shardulr fnalgrid  62K Jun 22 20:20 singleStopAnalyzer.py
-rwxr-xr-x  1 shardulr fnalgrid  705 Jun 22 20:20 condor_exec.exe
-rw-r--r--  1 shardulr fnalgrid  951 Jun 22 20:20 bJetMatcher.py
-rw-r--r--  1 shardulr fnalgrid    0 Jun 22 20:20 docker_stderror
drwxrwxrwt  3 shardulr fnalgrid 4.0K Jun 22 20:20 var
drwxrwxrwt  2 shardulr fnalgrid 4.0K Jun 22 20:20 tmp
drwxr-xr-x  3 root     root     4.0K Jun 22 20:20 ..
srwxr-xr-x  1 shardulr fnalgrid    0 Jun 22 20:20 .docker_sock
-rw-r--r--  1 shardulr fnalgrid  12K Jun 22 20:21 .update.ad
-rw-r--r--  1 shardulr fnalgrid  113 Jun 22 20:21 _condor_stderr
drwx------  7 shardulr fnalgrid 4.0K Jun 22 20:21 .
drwxr-xr-x 17 shardulr fnalgrid 4.0K Jun 22 20:21 CMSSW_10_6_19_patch2
-rw-r--r--  1 shardulr fnalgrid  454 Jun 22 20:21 _condor_stdout
/storage/local/data1/condor/execute/dir_2905/CMSSW_10_6_19_patch2 is the CMSSW we created on the local worker node
Running over Data2018 files
Blinding data, only using CR cuts (0 loose b's)
Using UL 2018 campaign working points
Pre-select 102148 entries out of 2289105 (4.46%)
Processed    10000/  102148 entries,  9.79% (elapsed time    34.9s, curr speed    0.287 kHz, avg speed    0.287 kHz), accepted     1428/   10001 events (14.28%)
Processed    20000/  102148 entries, 19.58% (elapsed time    70.0s, curr speed    0.284 kHz, avg speed    0.286 kHz), accepted     3024/   20001 events (15.12%)
Processed    30000/  102148 entries, 29.37% (elapsed time   106.3s, curr speed    0.276 kHz, avg speed    0.282 kHz), accepted     4741/   30001 events (15.80%)
Processed    40000/  102148 entries, 39.16% (elapsed time   142.5s, curr speed    0.277 kHz, avg speed    0.281 kHz), accepted     6487/   40001 events (16.22%)
Processed    50000/  102148 entries, 48.95% (elapsed time   177.2s, curr speed    0.288 kHz, avg speed    0.282 kHz), accepted     8063/   50001 events (16.13%)
Processed    60000/  102148 entries, 58.74% (elapsed time   211.7s, curr speed    0.290 kHz, avg speed    0.283 kHz), accepted     9715/   60001 events (16.19%)
Processed    70000/  102148 entries, 68.53% (elapsed time   245.2s, curr speed    0.299 kHz, avg speed    0.286 kHz), accepted    11537/   70001 events (16.48%)
Processed    80000/  102148 entries, 78.32% (elapsed time   277.5s, curr speed    0.309 kHz, avg speed    0.288 kHz), accepted    13307/   80001 events (16.63%)
Processed    90000/  102148 entries, 88.11% (elapsed time   309.1s, curr speed    0.317 kHz, avg speed    0.291 kHz), accepted    15154/   90001 events (16.84%)
Processed   100000/  102148 entries, 97.90% (elapsed time   339.6s, curr speed    0.328 kHz, avg speed    0.294 kHz), accepted    16746/  100001 events (16.75%)
Processed 102148 preselected entries from root://cmsxrootd.fnal.gov//store/data/Run2018C/JetHT/NANOAOD/UL2018_MiniAODv2_NanoAODv9-v1/130000/61A410E6-C12C-CC4A-8A49-6C39C1C98C9D.root (2289105 entries). Finally selected 17096 entries
Total time 360.2 sec. to process 2289105 events. Rate = 6355.3 Hz.
Running pwd:
/storage/local/data1/condor/execute/dir_2905
Running ls -alrth:
total 164K
-rw-r--r--  1 shardulr fnalgrid 5.0K Jun 22 20:20 .job.ad
-rw-r--r--  1 shardulr fnalgrid  12K Jun 22 20:20 .machine.ad
-rwx------  1 shardulr fnalgrid   49 Jun 22 20:20 .chirp.config
-rw-------  1 shardulr fnalgrid  11K Jun 22 20:20 x509up
drwxr-xr-x  2 shardulr fnalgrid 4.0K Jun 22 20:20 samples
-rw-r--r--  1 shardulr fnalgrid  62K Jun 22 20:20 singleStopAnalyzer.py
-rwxr-xr-x  1 shardulr fnalgrid  705 Jun 22 20:20 condor_exec.exe
-rw-r--r--  1 shardulr fnalgrid  951 Jun 22 20:20 bJetMatcher.py
-rw-r--r--  1 shardulr fnalgrid    0 Jun 22 20:20 docker_stderror
drwxrwxrwt  3 shardulr fnalgrid 4.0K Jun 22 20:20 var
drwxrwxrwt  2 shardulr fnalgrid 4.0K Jun 22 20:20 tmp
drwxr-xr-x  3 root     root     4.0K Jun 22 20:20 ..
srwxr-xr-x  1 shardulr fnalgrid    0 Jun 22 20:20 .docker_sock
drwxr-xr-x 17 shardulr fnalgrid 4.0K Jun 22 20:21 CMSSW_10_6_19_patch2
drwxr-xr-x  2 shardulr fnalgrid 4.0K Jun 22 20:21 framework
-rw-r--r--  1 shardulr fnalgrid 1.7K Jun 22 20:21 bJetMatcher.pyc
drwxr-xr-x  3 shardulr fnalgrid 4.0K Jun 22 20:21 output
-rw-r--r--  1 shardulr fnalgrid  215 Jun 22 20:21 _condor_stderr
-rw-r--r--  1 shardulr fnalgrid  12K Jun 22 20:26 .update.ad
drwx------  8 shardulr fnalgrid 4.0K Jun 22 20:26 .
-rw-r--r--  1 shardulr fnalgrid 3.9K Jun 22 20:27 _condor_stdout
