000 (32358581.238.000) 2023-06-22 15:12:16 Job submitted from host: <131.225.204.62:9618?addrs=131.225.204.62-9618+[2620-6a-0-8420-f0-0-204-62]-9618&alias=lpcschedd5.fnal.gov&noUDP&sock=schedd_2770_916d>
...
040 (32358581.238.000) 2023-06-22 15:20:45 Started transferring input files
	Transferring to host: <131.225.188.86:9618?addrs=[2620-6a-0-8421-f0-0-188-86]-9618+131.225.188.86-9618&alias=cmswn2042.fnal.gov&noUDP&sock=slot1_6_2091_0c6e_41024>
...
040 (32358581.238.000) 2023-06-22 15:20:45 Finished transferring input files
...
001 (32358581.238.000) 2023-06-22 15:20:45 Job executing on host: <131.225.188.86:9618?addrs=[2620-6a-0-8421-f0-0-188-86]-9618+131.225.188.86-9618&alias=cmswn2042.fnal.gov&noUDP&sock=startd_2015_b36c>
...
006 (32358581.238.000) 2023-06-22 15:21:55 Image size of job updated: 139
	139  -  MemoryUsage of job (MB)
	143248  -  ResidentSetSize of job (KB)
...
006 (32358581.238.000) 2023-06-22 15:22:55 Image size of job updated: 140
	140  -  MemoryUsage of job (MB)
	143484  -  ResidentSetSize of job (KB)
...
006 (32358581.238.000) 2023-06-22 15:23:55 Image size of job updated: 140
	140  -  MemoryUsage of job (MB)
	143556  -  ResidentSetSize of job (KB)
...
040 (32358581.238.000) 2023-06-22 15:25:29 Started transferring output files
...
040 (32358581.238.000) 2023-06-22 15:25:29 Finished transferring output files
...
005 (32358581.238.000) 2023-06-22 15:25:30 Job terminated.
	(1) Normal termination (return value 0)
		Usr 0 00:01:50, Sys 0 00:00:06  -  Run Remote Usage
		Usr 0 00:00:00, Sys 0 00:00:00  -  Run Local Usage
		Usr 0 00:01:50, Sys 0 00:00:06  -  Total Remote Usage
		Usr 0 00:00:00, Sys 0 00:00:00  -  Total Local Usage
	133432  -  Run Bytes Sent By Job
	224267  -  Run Bytes Received By Job
	133432  -  Total Bytes Sent By Job
	224267  -  Total Bytes Received By Job
	Partitionable Resources :    Usage  Request Allocated 
	   Cpus                 :     0.00        1         1 
	   Disk (KB)            :   896         225   1634539 
	   Memory (MB)          :   140        2048      2048 

	Job terminated of its own accord at 2023-06-22T20:25:29Z with exit-code 0.
...
