000 (32358581.175.000) 2023-06-22 15:12:16 Job submitted from host: <131.225.204.62:9618?addrs=131.225.204.62-9618+[2620-6a-0-8420-f0-0-204-62]-9618&alias=lpcschedd5.fnal.gov&noUDP&sock=schedd_2770_916d>
...
040 (32358581.175.000) 2023-06-22 15:20:35 Entered queue to transfer input files
	Transferring to host: <131.225.188.210:9618?addrs=[2620-6a-0-8421-f0-0-188-210]-9618+131.225.188.210-9618&alias=cmswn2067.fnal.gov&noUDP&sock=slot1_28_2009_45ab_41402>
...
040 (32358581.175.000) 2023-06-22 15:20:45 Started transferring input files
	Seconds spent in queue: 10
...
040 (32358581.175.000) 2023-06-22 15:20:45 Finished transferring input files
...
001 (32358581.175.000) 2023-06-22 15:20:45 Job executing on host: <131.225.188.210:9618?addrs=[2620-6a-0-8421-f0-0-188-210]-9618+131.225.188.210-9618&alias=cmswn2067.fnal.gov&noUDP&sock=startd_1928_06af>
...
006 (32358581.175.000) 2023-06-22 15:21:55 Image size of job updated: 140
	140  -  MemoryUsage of job (MB)
	143752  -  ResidentSetSize of job (KB)
...
006 (32358581.175.000) 2023-06-22 15:22:55 Image size of job updated: 140
	140  -  MemoryUsage of job (MB)
	144028  -  ResidentSetSize of job (KB)
...
006 (32358581.175.000) 2023-06-22 15:23:55 Image size of job updated: 140
	140  -  MemoryUsage of job (MB)
	144112  -  ResidentSetSize of job (KB)
...
006 (32358581.175.000) 2023-06-22 15:24:56 Image size of job updated: 140
	140  -  MemoryUsage of job (MB)
	144132  -  ResidentSetSize of job (KB)
...
006 (32358581.175.000) 2023-06-22 15:26:28 Image size of job updated: 140
	140  -  MemoryUsage of job (MB)
	144176  -  ResidentSetSize of job (KB)
...
040 (32358581.175.000) 2023-06-22 15:26:28 Started transferring output files
	Seconds spent in queue: 353
...
040 (32358581.175.000) 2023-06-22 15:26:28 Finished transferring output files
...
005 (32358581.175.000) 2023-06-22 15:26:29 Job terminated.
	(1) Normal termination (return value 0)
		Usr 0 00:01:53, Sys 0 00:00:06  -  Run Remote Usage
		Usr 0 00:00:00, Sys 0 00:00:00  -  Run Local Usage
		Usr 0 00:01:53, Sys 0 00:00:06  -  Total Remote Usage
		Usr 0 00:00:00, Sys 0 00:00:00  -  Total Local Usage
	135564  -  Run Bytes Sent By Job
	224267  -  Run Bytes Received By Job
	135564  -  Total Bytes Sent By Job
	224267  -  Total Bytes Received By Job
	Partitionable Resources :    Usage  Request Allocated 
	   Cpus                 :     0.00        1         1 
	   Disk (KB)            :   898         225   1642278 
	   Memory (MB)          :   140        2048      2048 

	Job terminated of its own accord at 2023-06-22T20:26:28Z with exit-code 0.
...
