000 (32358581.260.000) 2023-06-22 15:12:16 Job submitted from host: <131.225.204.62:9618?addrs=131.225.204.62-9618+[2620-6a-0-8420-f0-0-204-62]-9618&alias=lpcschedd5.fnal.gov&noUDP&sock=schedd_2770_916d>
...
040 (32358581.260.000) 2023-06-22 15:20:58 Entered queue to transfer input files
	Transferring to host: <131.225.188.199:9618?addrs=[2620-6a-0-8421-f0-0-188-199]-9618+131.225.188.199-9618&alias=cmswn2064.fnal.gov&noUDP&sock=slot1_30_2008_914b_42474>
...
040 (32358581.260.000) 2023-06-22 15:21:12 Started transferring input files
	Seconds spent in queue: 14
...
040 (32358581.260.000) 2023-06-22 15:21:13 Finished transferring input files
...
001 (32358581.260.000) 2023-06-22 15:21:13 Job executing on host: <131.225.188.199:9618?addrs=[2620-6a-0-8421-f0-0-188-199]-9618+131.225.188.199-9618&alias=cmswn2064.fnal.gov&noUDP&sock=startd_1919_da55>
...
006 (32358581.260.000) 2023-06-22 15:22:24 Image size of job updated: 156
	156  -  MemoryUsage of job (MB)
	160548  -  ResidentSetSize of job (KB)
...
006 (32358581.260.000) 2023-06-22 15:25:26 Image size of job updated: 157
	157  -  MemoryUsage of job (MB)
	161192  -  ResidentSetSize of job (KB)
...
006 (32358581.260.000) 2023-06-22 15:26:26 Image size of job updated: 157
	157  -  MemoryUsage of job (MB)
	161320  -  ResidentSetSize of job (KB)
...
006 (32358581.260.000) 2023-06-22 15:27:26 Image size of job updated: 157
	157  -  MemoryUsage of job (MB)
	161376  -  ResidentSetSize of job (KB)
...
006 (32358581.260.000) 2023-06-22 15:28:26 Image size of job updated: 157
	157  -  MemoryUsage of job (MB)
	161424  -  ResidentSetSize of job (KB)
...
006 (32358581.260.000) 2023-06-22 15:29:27 Image size of job updated: 157
	157  -  MemoryUsage of job (MB)
	161460  -  ResidentSetSize of job (KB)
...
006 (32358581.260.000) 2023-06-22 15:30:27 Image size of job updated: 157
	157  -  MemoryUsage of job (MB)
	161520  -  ResidentSetSize of job (KB)
...
006 (32358581.260.000) 2023-06-22 15:31:27 Image size of job updated: 157
	157  -  MemoryUsage of job (MB)
	161540  -  ResidentSetSize of job (KB)
...
006 (32358581.260.000) 2023-06-22 15:32:28 Image size of job updated: 157
	157  -  MemoryUsage of job (MB)
	161552  -  ResidentSetSize of job (KB)
...
006 (32358581.260.000) 2023-06-22 15:54:37 Image size of job updated: 157
	157  -  MemoryUsage of job (MB)
	161556  -  ResidentSetSize of job (KB)
...
006 (32358581.260.000) 2023-06-22 15:56:38 Image size of job updated: 157
	157  -  MemoryUsage of job (MB)
	161560  -  ResidentSetSize of job (KB)
...
040 (32358581.260.000) 2023-06-22 16:11:45 Started transferring output files
	Seconds spent in queue: 3047
...
040 (32358581.260.000) 2023-06-22 16:11:45 Finished transferring output files
...
005 (32358581.260.000) 2023-06-22 16:11:47 Job terminated.
	(1) Normal termination (return value 0)
		Usr 0 00:16:20, Sys 0 00:31:59  -  Run Remote Usage
		Usr 0 00:00:00, Sys 0 00:00:00  -  Run Local Usage
		Usr 0 00:16:20, Sys 0 00:31:59  -  Total Remote Usage
		Usr 0 00:00:00, Sys 0 00:00:00  -  Total Local Usage
	145904  -  Run Bytes Sent By Job
	224267  -  Run Bytes Received By Job
	145904  -  Total Bytes Sent By Job
	224267  -  Total Bytes Received By Job
	Partitionable Resources :    Usage  Request Allocated 
	   Cpus                 :     0.00        1         1 
	   Disk (KB)            :   912         225   1646337 
	   Memory (MB)          :   157        2048      2048 

	Job terminated of its own accord at 2023-06-22T21:11:45Z with exit-code 0.
...
