000 (32358581.418.000) 2023-06-22 15:12:17 Job submitted from host: <131.225.204.62:9618?addrs=131.225.204.62-9618+[2620-6a-0-8420-f0-0-204-62]-9618&alias=lpcschedd5.fnal.gov&noUDP&sock=schedd_2770_916d>
...
040 (32358581.418.000) 2023-06-22 15:23:00 Entered queue to transfer input files
	Transferring to host: <131.225.188.76:9618?addrs=[2620-6a-0-8421-f0-0-188-76]-9618+131.225.188.76-9618&alias=cmswn2039.fnal.gov&noUDP&sock=slot1_11_2124_4ccf_53666>
...
040 (32358581.418.000) 2023-06-22 15:23:08 Started transferring input files
	Seconds spent in queue: 8
...
040 (32358581.418.000) 2023-06-22 15:23:09 Finished transferring input files
...
001 (32358581.418.000) 2023-06-22 15:23:09 Job executing on host: <131.225.188.76:9618?addrs=[2620-6a-0-8421-f0-0-188-76]-9618+131.225.188.76-9618&alias=cmswn2039.fnal.gov&noUDP&sock=startd_2006_8712>
...
006 (32358581.418.000) 2023-06-22 15:26:17 Image size of job updated: 104
	104  -  MemoryUsage of job (MB)
	106676  -  ResidentSetSize of job (KB)
...
006 (32358581.418.000) 2023-06-22 15:29:18 Image size of job updated: 146
	146  -  MemoryUsage of job (MB)
	150412  -  ResidentSetSize of job (KB)
...
006 (32358581.418.000) 2023-06-22 15:30:15 Image size of job updated: 146
	146  -  MemoryUsage of job (MB)
	150428  -  ResidentSetSize of job (KB)
...
040 (32358581.418.000) 2023-06-22 15:30:15 Started transferring output files
	Seconds spent in queue: 435
...
040 (32358581.418.000) 2023-06-22 15:30:15 Finished transferring output files
...
005 (32358581.418.000) 2023-06-22 15:30:19 Job terminated.
	(1) Normal termination (return value 0)
		Usr 0 00:02:27, Sys 0 00:00:07  -  Run Remote Usage
		Usr 0 00:00:00, Sys 0 00:00:00  -  Run Local Usage
		Usr 0 00:02:27, Sys 0 00:00:07  -  Total Remote Usage
		Usr 0 00:00:00, Sys 0 00:00:00  -  Total Local Usage
	140215  -  Run Bytes Sent By Job
	224267  -  Run Bytes Received By Job
	140215  -  Total Bytes Sent By Job
	224267  -  Total Bytes Received By Job
	Partitionable Resources :    Usage  Request Allocated 
	   Cpus                 :        0        1         1 
	   Disk (KB)            :      907      225   1642076 
	   Memory (MB)          :      146     2048      2048 

	Job terminated of its own accord at 2023-06-22T20:30:15Z with exit-code 0.
...
