000 (32358581.208.000) 2023-06-22 15:12:16 Job submitted from host: <131.225.204.62:9618?addrs=131.225.204.62-9618+[2620-6a-0-8420-f0-0-204-62]-9618&alias=lpcschedd5.fnal.gov&noUDP&sock=schedd_2770_916d>
...
040 (32358581.208.000) 2023-06-22 15:20:36 Started transferring input files
	Transferring to host: <131.225.188.21:9618?addrs=[2620-6a-0-8421-f0-0-188-21]-9618+131.225.188.21-9618&alias=cmswn2023.fnal.gov&noUDP&sock=slot1_36_2123_986f_43219>
...
040 (32358581.208.000) 2023-06-22 15:20:36 Finished transferring input files
...
001 (32358581.208.000) 2023-06-22 15:20:36 Job executing on host: <131.225.188.21:9618?addrs=[2620-6a-0-8421-f0-0-188-21]-9618+131.225.188.21-9618&alias=cmswn2023.fnal.gov&noUDP&sock=startd_2023_302e>
...
006 (32358581.208.000) 2023-06-22 15:20:46 Image size of job updated: 6
	6  -  MemoryUsage of job (MB)
	6848  -  ResidentSetSize of job (KB)
...
006 (32358581.208.000) 2023-06-22 15:21:46 Image size of job updated: 144
	144  -  MemoryUsage of job (MB)
	148160  -  ResidentSetSize of job (KB)
...
006 (32358581.208.000) 2023-06-22 15:22:48 Image size of job updated: 144
	144  -  MemoryUsage of job (MB)
	148216  -  ResidentSetSize of job (KB)
...
006 (32358581.208.000) 2023-06-22 15:23:51 Image size of job updated: 144
	144  -  MemoryUsage of job (MB)
	148244  -  ResidentSetSize of job (KB)
...
040 (32358581.208.000) 2023-06-22 15:23:54 Started transferring output files
...
040 (32358581.208.000) 2023-06-22 15:23:54 Finished transferring output files
...
005 (32358581.208.000) 2023-06-22 15:23:56 Job terminated.
	(1) Normal termination (return value 0)
		Usr 0 00:01:42, Sys 0 00:00:05  -  Run Remote Usage
		Usr 0 00:00:00, Sys 0 00:00:00  -  Run Local Usage
		Usr 0 00:01:42, Sys 0 00:00:05  -  Total Remote Usage
		Usr 0 00:00:00, Sys 0 00:00:00  -  Total Local Usage
	138947  -  Run Bytes Sent By Job
	224267  -  Run Bytes Received By Job
	138947  -  Total Bytes Sent By Job
	224267  -  Total Bytes Received By Job
	Partitionable Resources :    Usage  Request Allocated 
	   Cpus                 :        0        1         1 
	   Disk (KB)            :      902      225   1641560 
	   Memory (MB)          :      144     2048      2048 

	Job terminated of its own accord at 2023-06-22T20:23:54Z with exit-code 0.
...
