000 (32358581.470.000) 2023-06-22 15:12:17 Job submitted from host: <131.225.204.62:9618?addrs=131.225.204.62-9618+[2620-6a-0-8420-f0-0-204-62]-9618&alias=lpcschedd5.fnal.gov&noUDP&sock=schedd_2770_916d>
...
040 (32358581.470.000) 2023-06-22 15:23:36 Entered queue to transfer input files
	Transferring to host: <131.225.188.21:9618?addrs=[2620-6a-0-8421-f0-0-188-21]-9618+131.225.188.21-9618&alias=cmswn2023.fnal.gov&noUDP&sock=slot1_37_2123_986f_43226>
...
040 (32358581.470.000) 2023-06-22 15:24:14 Started transferring input files
	Seconds spent in queue: 38
...
040 (32358581.470.000) 2023-06-22 15:24:14 Finished transferring input files
...
001 (32358581.470.000) 2023-06-22 15:24:14 Job executing on host: <131.225.188.21:9618?addrs=[2620-6a-0-8421-f0-0-188-21]-9618+131.225.188.21-9618&alias=cmswn2023.fnal.gov&noUDP&sock=startd_2023_302e>
...
006 (32358581.470.000) 2023-06-22 15:24:23 Image size of job updated: 14
	14  -  MemoryUsage of job (MB)
	14652  -  ResidentSetSize of job (KB)
...
006 (32358581.470.000) 2023-06-22 15:25:24 Image size of job updated: 142
	142  -  MemoryUsage of job (MB)
	145776  -  ResidentSetSize of job (KB)
...
006 (32358581.470.000) 2023-06-22 15:26:25 Image size of job updated: 142
	142  -  MemoryUsage of job (MB)
	145780  -  ResidentSetSize of job (KB)
...
006 (32358581.470.000) 2023-06-22 15:27:22 Image size of job updated: 142
	142  -  MemoryUsage of job (MB)
	145784  -  ResidentSetSize of job (KB)
...
040 (32358581.470.000) 2023-06-22 15:27:22 Started transferring output files
	Seconds spent in queue: 226
...
040 (32358581.470.000) 2023-06-22 15:27:22 Finished transferring output files
...
005 (32358581.470.000) 2023-06-22 15:27:23 Job terminated.
	(1) Normal termination (return value 0)
		Usr 0 00:02:42, Sys 0 00:00:07  -  Run Remote Usage
		Usr 0 00:00:00, Sys 0 00:00:00  -  Run Local Usage
		Usr 0 00:02:42, Sys 0 00:00:07  -  Total Remote Usage
		Usr 0 00:00:00, Sys 0 00:00:00  -  Total Local Usage
	140524  -  Run Bytes Sent By Job
	224267  -  Run Bytes Received By Job
	140524  -  Total Bytes Sent By Job
	224267  -  Total Bytes Received By Job
	Partitionable Resources :    Usage  Request Allocated 
	   Cpus                 :     0.01        1         1 
	   Disk (KB)            :   903         225   1641560 
	   Memory (MB)          :   142        2048      2048 

	Job terminated of its own accord at 2023-06-22T20:27:22Z with exit-code 0.
...
