000 (32358581.117.000) 2023-06-22 15:12:16 Job submitted from host: <131.225.204.62:9618?addrs=131.225.204.62-9618+[2620-6a-0-8420-f0-0-204-62]-9618&alias=lpcschedd5.fnal.gov&noUDP&sock=schedd_2770_916d>
...
040 (32358581.117.000) 2023-06-22 15:20:23 Entered queue to transfer input files
	Transferring to host: <131.225.188.86:9618?addrs=[2620-6a-0-8421-f0-0-188-86]-9618+131.225.188.86-9618&alias=cmswn2042.fnal.gov&noUDP&sock=slot1_14_2091_0c6e_41015>
...
040 (32358581.117.000) 2023-06-22 15:20:48 Started transferring input files
	Seconds spent in queue: 25
...
040 (32358581.117.000) 2023-06-22 15:20:48 Finished transferring input files
...
001 (32358581.117.000) 2023-06-22 15:20:48 Job executing on host: <131.225.188.86:9618?addrs=[2620-6a-0-8421-f0-0-188-86]-9618+131.225.188.86-9618&alias=cmswn2042.fnal.gov&noUDP&sock=startd_2015_b36c>
...
006 (32358581.117.000) 2023-06-22 15:21:57 Image size of job updated: 140
	140  -  MemoryUsage of job (MB)
	143580  -  ResidentSetSize of job (KB)
...
006 (32358581.117.000) 2023-06-22 15:22:52 Image size of job updated: 140
	140  -  MemoryUsage of job (MB)
	143596  -  ResidentSetSize of job (KB)
...
040 (32358581.117.000) 2023-06-22 15:22:52 Started transferring output files
	Seconds spent in queue: 149
...
040 (32358581.117.000) 2023-06-22 15:22:52 Finished transferring output files
...
005 (32358581.117.000) 2023-06-22 15:22:53 Job terminated.
	(1) Normal termination (return value 0)
		Usr 0 00:01:37, Sys 0 00:00:05  -  Run Remote Usage
		Usr 0 00:00:00, Sys 0 00:00:00  -  Run Local Usage
		Usr 0 00:01:37, Sys 0 00:00:05  -  Total Remote Usage
		Usr 0 00:00:00, Sys 0 00:00:00  -  Total Local Usage
	132021  -  Run Bytes Sent By Job
	224267  -  Run Bytes Received By Job
	132021  -  Total Bytes Sent By Job
	224267  -  Total Bytes Received By Job
	Partitionable Resources :    Usage  Request Allocated 
	   Cpus                 :        0        1         1 
	   Disk (KB)            :      895      225   1634539 
	   Memory (MB)          :      140     2048      2048 

	Job terminated of its own accord at 2023-06-22T20:22:52Z with exit-code 0.
...
