000 (32358581.431.000) 2023-06-22 15:12:17 Job submitted from host: <131.225.204.62:9618?addrs=131.225.204.62-9618+[2620-6a-0-8420-f0-0-204-62]-9618&alias=lpcschedd5.fnal.gov&noUDP&sock=schedd_2770_916d>
...
040 (32358581.431.000) 2023-06-22 15:23:04 Entered queue to transfer input files
	Transferring to host: <131.225.189.154:9618?addrs=[2620-6a-0-8421-f0-0-189-154]-9618+131.225.189.154-9618&alias=cmswn2111.fnal.gov&noUDP&sock=slot1_28_2116_a9cf_36188>
...
040 (32358581.431.000) 2023-06-22 15:23:55 Started transferring input files
	Seconds spent in queue: 51
...
040 (32358581.431.000) 2023-06-22 15:23:55 Finished transferring input files
...
001 (32358581.431.000) 2023-06-22 15:23:55 Job executing on host: <131.225.189.154:9618?addrs=[2620-6a-0-8421-f0-0-189-154]-9618+131.225.189.154-9618&alias=cmswn2111.fnal.gov&noUDP&sock=startd_2023_302e>
...
006 (32358581.431.000) 2023-06-22 15:25:04 Image size of job updated: 142
	142  -  MemoryUsage of job (MB)
	145952  -  ResidentSetSize of job (KB)
...
006 (32358581.431.000) 2023-06-22 15:26:06 Image size of job updated: 142
	142  -  MemoryUsage of job (MB)
	146000  -  ResidentSetSize of job (KB)
...
006 (32358581.431.000) 2023-06-22 15:26:49 Image size of job updated: 142
	142  -  MemoryUsage of job (MB)
	146328  -  ResidentSetSize of job (KB)
...
040 (32358581.431.000) 2023-06-22 15:26:49 Started transferring output files
	Seconds spent in queue: 225
...
040 (32358581.431.000) 2023-06-22 15:26:49 Finished transferring output files
...
005 (32358581.431.000) 2023-06-22 15:26:50 Job terminated.
	(1) Normal termination (return value 0)
		Usr 0 00:02:19, Sys 0 00:00:07  -  Run Remote Usage
		Usr 0 00:00:00, Sys 0 00:00:00  -  Run Local Usage
		Usr 0 00:02:19, Sys 0 00:00:07  -  Total Remote Usage
		Usr 0 00:00:00, Sys 0 00:00:00  -  Total Local Usage
	137201  -  Run Bytes Sent By Job
	224267  -  Run Bytes Received By Job
	137201  -  Total Bytes Sent By Job
	224267  -  Total Bytes Received By Job
	Partitionable Resources :    Usage  Request Allocated 
	   Cpus                 :        0        1         1 
	   Disk (KB)            :      900      225   3463171 
	   Memory (MB)          :      142     2048      2048 

	Job terminated of its own accord at 2023-06-22T20:26:49Z with exit-code 0.
...
