000 (32358581.410.000) 2023-06-22 15:12:17 Job submitted from host: <131.225.204.62:9618?addrs=131.225.204.62-9618+[2620-6a-0-8420-f0-0-204-62]-9618&alias=lpcschedd5.fnal.gov&noUDP&sock=schedd_2770_916d>
...
040 (32358581.410.000) 2023-06-22 15:22:43 Started transferring input files
	Transferring to host: <131.225.188.94:9618?addrs=[2620-6a-0-8421-f0-0-188-94]-9618+131.225.188.94-9618&alias=cmswn2045.fnal.gov&noUDP&sock=slot1_59_2109_bb2f_47991>
...
040 (32358581.410.000) 2023-06-22 15:22:43 Finished transferring input files
...
001 (32358581.410.000) 2023-06-22 15:22:43 Job executing on host: <131.225.188.94:9618?addrs=[2620-6a-0-8421-f0-0-188-94]-9618+131.225.188.94-9618&alias=cmswn2045.fnal.gov&noUDP&sock=startd_1924_484e>
...
006 (32358581.410.000) 2023-06-22 15:24:53 Image size of job updated: 143
	143  -  MemoryUsage of job (MB)
	147276  -  ResidentSetSize of job (KB)
...
006 (32358581.410.000) 2023-06-22 15:25:53 Image size of job updated: 144
	144  -  MemoryUsage of job (MB)
	147580  -  ResidentSetSize of job (KB)
...
040 (32358581.410.000) 2023-06-22 15:26:49 Started transferring output files
...
040 (32358581.410.000) 2023-06-22 15:26:49 Finished transferring output files
...
005 (32358581.410.000) 2023-06-22 15:26:53 Job terminated.
	(1) Normal termination (return value 0)
		Usr 0 00:01:16, Sys 0 00:00:04  -  Run Remote Usage
		Usr 0 00:00:00, Sys 0 00:00:00  -  Run Local Usage
		Usr 0 00:01:16, Sys 0 00:00:04  -  Total Remote Usage
		Usr 0 00:00:00, Sys 0 00:00:00  -  Total Local Usage
	133588  -  Run Bytes Sent By Job
	224267  -  Run Bytes Received By Job
	133588  -  Total Bytes Sent By Job
	224267  -  Total Bytes Received By Job
	Partitionable Resources :    Usage  Request Allocated 
	   Cpus                 :     0.01        1         1 
	   Disk (KB)            :   900         225   1643101 
	   Memory (MB)          :   144        2048      2048 

	Job terminated of its own accord at 2023-06-22T20:26:49Z with exit-code 0.
...
