000 (32358581.461.000) 2023-06-22 15:12:17 Job submitted from host: <131.225.204.62:9618?addrs=131.225.204.62-9618+[2620-6a-0-8420-f0-0-204-62]-9618&alias=lpcschedd5.fnal.gov&noUDP&sock=schedd_2770_916d>
...
040 (32358581.461.000) 2023-06-22 15:23:27 Started transferring input files
	Transferring to host: <131.225.189.51:9618?addrs=[2620-6a-0-8421-f0-0-189-51]-9618+131.225.189.51-9618&alias=cmswn2097.fnal.gov&noUDP&sock=slot1_49_2111_23ef_44751>
...
040 (32358581.461.000) 2023-06-22 15:23:27 Finished transferring input files
...
001 (32358581.461.000) 2023-06-22 15:23:27 Job executing on host: <131.225.189.51:9618?addrs=[2620-6a-0-8421-f0-0-189-51]-9618+131.225.189.51-9618&alias=cmswn2097.fnal.gov&noUDP&sock=startd_2016_6304>
...
006 (32358581.461.000) 2023-06-22 15:25:40 Image size of job updated: 160
	160  -  MemoryUsage of job (MB)
	164096  -  ResidentSetSize of job (KB)
...
006 (32358581.461.000) 2023-06-22 15:26:41 Image size of job updated: 160
	160  -  MemoryUsage of job (MB)
	164216  -  ResidentSetSize of job (KB)
...
006 (32358581.461.000) 2023-06-22 15:27:42 Image size of job updated: 160
	160  -  MemoryUsage of job (MB)
	164220  -  ResidentSetSize of job (KB)
...
006 (32358581.461.000) 2023-06-22 15:28:43 Image size of job updated: 160
	160  -  MemoryUsage of job (MB)
	164236  -  ResidentSetSize of job (KB)
...
040 (32358581.461.000) 2023-06-22 15:29:18 Started transferring output files
...
040 (32358581.461.000) 2023-06-22 15:29:18 Finished transferring output files
...
005 (32358581.461.000) 2023-06-22 15:29:22 Job terminated.
	(1) Normal termination (return value 0)
		Usr 0 00:03:17, Sys 0 00:00:08  -  Run Remote Usage
		Usr 0 00:00:00, Sys 0 00:00:00  -  Run Local Usage
		Usr 0 00:03:17, Sys 0 00:00:08  -  Total Remote Usage
		Usr 0 00:00:00, Sys 0 00:00:00  -  Total Local Usage
	144434  -  Run Bytes Sent By Job
	224267  -  Run Bytes Received By Job
	144434  -  Total Bytes Sent By Job
	224267  -  Total Bytes Received By Job
	Partitionable Resources :    Usage  Request Allocated 
	   Cpus                 :        0        1         1 
	   Disk (KB)            :      910      225   1638232 
	   Memory (MB)          :      160     2048      2048 

	Job terminated of its own accord at 2023-06-22T20:29:17Z with exit-code 0.
...
