000 (32358581.024.000) 2023-06-22 15:12:16 Job submitted from host: <131.225.204.62:9618?addrs=131.225.204.62-9618+[2620-6a-0-8420-f0-0-204-62]-9618&alias=lpcschedd5.fnal.gov&noUDP&sock=schedd_2770_916d>
...
040 (32358581.024.000) 2023-06-22 15:19:08 Entered queue to transfer input files
	Transferring to host: <131.225.188.179:9618?addrs=[2620-6a-0-8421-f0-0-188-179]-9618+131.225.188.179-9618&alias=cmswn2059.fnal.gov&noUDP&sock=slot1_20_2012_62cb_10066>
...
040 (32358581.024.000) 2023-06-22 15:19:14 Started transferring input files
	Seconds spent in queue: 6
...
040 (32358581.024.000) 2023-06-22 15:19:14 Finished transferring input files
...
001 (32358581.024.000) 2023-06-22 15:19:14 Job executing on host: <131.225.188.179:9618?addrs=[2620-6a-0-8421-f0-0-188-179]-9618+131.225.188.179-9618&alias=cmswn2059.fnal.gov&noUDP&sock=startd_1929_b647>
...
006 (32358581.024.000) 2023-06-22 15:19:24 Image size of job updated: 40
	40  -  MemoryUsage of job (MB)
	41916  -  ResidentSetSize of job (KB)
...
006 (32358581.024.000) 2023-06-22 15:20:25 Image size of job updated: 144
	144  -  MemoryUsage of job (MB)
	148092  -  ResidentSetSize of job (KB)
...
006 (32358581.024.000) 2023-06-22 15:22:25 Image size of job updated: 145
	145  -  MemoryUsage of job (MB)
	148832  -  ResidentSetSize of job (KB)
...
006 (32358581.024.000) 2023-06-22 15:23:26 Image size of job updated: 145
	145  -  MemoryUsage of job (MB)
	148896  -  ResidentSetSize of job (KB)
...
006 (32358581.024.000) 2023-06-22 15:24:26 Image size of job updated: 145
	145  -  MemoryUsage of job (MB)
	148944  -  ResidentSetSize of job (KB)
...
006 (32358581.024.000) 2023-06-22 15:25:26 Image size of job updated: 145
	145  -  MemoryUsage of job (MB)
	149012  -  ResidentSetSize of job (KB)
...
006 (32358581.024.000) 2023-06-22 15:26:27 Image size of job updated: 145
	145  -  MemoryUsage of job (MB)
	149100  -  ResidentSetSize of job (KB)
...
006 (32358581.024.000) 2023-06-22 15:27:27 Image size of job updated: 145
	145  -  MemoryUsage of job (MB)
	149116  -  ResidentSetSize of job (KB)
...
006 (32358581.024.000) 2023-06-22 15:28:28 Image size of job updated: 145
	145  -  MemoryUsage of job (MB)
	149120  -  ResidentSetSize of job (KB)
...
006 (32358581.024.000) 2023-06-22 15:36:32 Image size of job updated: 145
	145  -  MemoryUsage of job (MB)
	149128  -  ResidentSetSize of job (KB)
...
040 (32358581.024.000) 2023-06-22 15:36:36 Started transferring output files
	Seconds spent in queue: 1048
...
040 (32358581.024.000) 2023-06-22 15:36:36 Finished transferring output files
...
005 (32358581.024.000) 2023-06-22 15:36:37 Job terminated.
	(1) Normal termination (return value 0)
		Usr 0 00:02:25, Sys 0 00:00:07  -  Run Remote Usage
		Usr 0 00:00:00, Sys 0 00:00:00  -  Run Local Usage
		Usr 0 00:02:25, Sys 0 00:00:07  -  Total Remote Usage
		Usr 0 00:00:00, Sys 0 00:00:00  -  Total Local Usage
	136014  -  Run Bytes Sent By Job
	224266  -  Run Bytes Received By Job
	136014  -  Total Bytes Sent By Job
	224266  -  Total Bytes Received By Job
	Partitionable Resources :    Usage  Request Allocated 
	   Cpus                 :     0.00        1         1 
	   Disk (KB)            :   901         225   1654204 
	   Memory (MB)          :   145        2048      2048 

	Job terminated of its own accord at 2023-06-22T20:36:35Z with exit-code 0.
...
