000 (32358581.148.000) 2023-06-22 15:12:16 Job submitted from host: <131.225.204.62:9618?addrs=131.225.204.62-9618+[2620-6a-0-8420-f0-0-204-62]-9618&alias=lpcschedd5.fnal.gov&noUDP&sock=schedd_2770_916d>
...
040 (32358581.148.000) 2023-06-22 15:20:29 Entered queue to transfer input files
	Transferring to host: <131.225.188.86:9618?addrs=[2620-6a-0-8421-f0-0-188-86]-9618+131.225.188.86-9618&alias=cmswn2042.fnal.gov&noUDP&sock=slot1_26_2091_0c6e_41018>
...
040 (32358581.148.000) 2023-06-22 15:20:45 Started transferring input files
	Seconds spent in queue: 16
...
040 (32358581.148.000) 2023-06-22 15:20:45 Finished transferring input files
...
001 (32358581.148.000) 2023-06-22 15:20:45 Job executing on host: <131.225.188.86:9618?addrs=[2620-6a-0-8421-f0-0-188-86]-9618+131.225.188.86-9618&alias=cmswn2042.fnal.gov&noUDP&sock=startd_2015_b36c>
...
006 (32358581.148.000) 2023-06-22 15:21:53 Image size of job updated: 150
	150  -  MemoryUsage of job (MB)
	153992  -  ResidentSetSize of job (KB)
...
006 (32358581.148.000) 2023-06-22 15:22:53 Image size of job updated: 151
	151  -  MemoryUsage of job (MB)
	154816  -  ResidentSetSize of job (KB)
...
006 (32358581.148.000) 2023-06-22 15:23:53 Image size of job updated: 151
	151  -  MemoryUsage of job (MB)
	154988  -  ResidentSetSize of job (KB)
...
006 (32358581.148.000) 2023-06-22 15:24:54 Image size of job updated: 151
	151  -  MemoryUsage of job (MB)
	154992  -  ResidentSetSize of job (KB)
...
006 (32358581.148.000) 2023-06-22 15:28:56 Image size of job updated: 151
	151  -  MemoryUsage of job (MB)
	155000  -  ResidentSetSize of job (KB)
...
006 (32358581.148.000) 2023-06-22 15:29:45 Image size of job updated: 151
	151  -  MemoryUsage of job (MB)
	155016  -  ResidentSetSize of job (KB)
...
040 (32358581.148.000) 2023-06-22 15:29:45 Started transferring output files
	Seconds spent in queue: 556
...
040 (32358581.148.000) 2023-06-22 15:29:45 Finished transferring output files
...
005 (32358581.148.000) 2023-06-22 15:29:46 Job terminated.
	(1) Normal termination (return value 0)
		Usr 0 00:03:31, Sys 0 00:00:11  -  Run Remote Usage
		Usr 0 00:00:00, Sys 0 00:00:00  -  Run Local Usage
		Usr 0 00:03:31, Sys 0 00:00:11  -  Total Remote Usage
		Usr 0 00:00:00, Sys 0 00:00:00  -  Total Local Usage
	142554  -  Run Bytes Sent By Job
	224267  -  Run Bytes Received By Job
	142554  -  Total Bytes Sent By Job
	224267  -  Total Bytes Received By Job
	Partitionable Resources :    Usage  Request Allocated 
	   Cpus                 :     0.01        1         1 
	   Disk (KB)            :   905         225   1634539 
	   Memory (MB)          :   151        2048      2048 

	Job terminated of its own accord at 2023-06-22T20:29:45Z with exit-code 0.
...
