000 (32358581.428.000) 2023-06-22 15:12:17 Job submitted from host: <131.225.204.62:9618?addrs=131.225.204.62-9618+[2620-6a-0-8420-f0-0-204-62]-9618&alias=lpcschedd5.fnal.gov&noUDP&sock=schedd_2770_916d>
...
040 (32358581.428.000) 2023-06-22 15:22:59 Started transferring input files
	Transferring to host: <131.225.189.154:9618?addrs=[2620-6a-0-8421-f0-0-189-154]-9618+131.225.189.154-9618&alias=cmswn2111.fnal.gov&noUDP&sock=slot1_12_2116_a9cf_36185>
...
040 (32358581.428.000) 2023-06-22 15:22:59 Finished transferring input files
...
001 (32358581.428.000) 2023-06-22 15:23:00 Job executing on host: <131.225.189.154:9618?addrs=[2620-6a-0-8421-f0-0-189-154]-9618+131.225.189.154-9618&alias=cmswn2111.fnal.gov&noUDP&sock=startd_2023_302e>
...
006 (32358581.428.000) 2023-06-22 15:23:08 Image size of job updated: 13
	13  -  MemoryUsage of job (MB)
	14044  -  ResidentSetSize of job (KB)
...
006 (32358581.428.000) 2023-06-22 15:24:08 Image size of job updated: 154
	154  -  MemoryUsage of job (MB)
	158044  -  ResidentSetSize of job (KB)
...
006 (32358581.428.000) 2023-06-22 15:27:09 Image size of job updated: 154
	154  -  MemoryUsage of job (MB)
	158052  -  ResidentSetSize of job (KB)
...
006 (32358581.428.000) 2023-06-22 15:29:10 Image size of job updated: 154
	154  -  MemoryUsage of job (MB)
	158308  -  ResidentSetSize of job (KB)
...
006 (32358581.428.000) 2023-06-22 15:30:11 Image size of job updated: 154
	154  -  MemoryUsage of job (MB)
	158560  -  ResidentSetSize of job (KB)
...
006 (32358581.428.000) 2023-06-22 15:30:36 Image size of job updated: 154
	154  -  MemoryUsage of job (MB)
	158624  -  ResidentSetSize of job (KB)
...
040 (32358581.428.000) 2023-06-22 15:30:36 Started transferring output files
...
040 (32358581.428.000) 2023-06-22 15:30:36 Finished transferring output files
...
005 (32358581.428.000) 2023-06-22 15:30:37 Job terminated.
	(1) Normal termination (return value 0)
		Usr 0 00:06:34, Sys 0 00:00:18  -  Run Remote Usage
		Usr 0 00:00:00, Sys 0 00:00:00  -  Run Local Usage
		Usr 0 00:06:34, Sys 0 00:00:18  -  Total Remote Usage
		Usr 0 00:00:00, Sys 0 00:00:00  -  Total Local Usage
	131753  -  Run Bytes Sent By Job
	224267  -  Run Bytes Received By Job
	131753  -  Total Bytes Sent By Job
	224267  -  Total Bytes Received By Job
	Partitionable Resources :    Usage  Request Allocated 
	   Cpus                 :     0.00        1         1 
	   Disk (KB)            :   896         225   3463171 
	   Memory (MB)          :   154        2048      2048 

	Job terminated of its own accord at 2023-06-22T20:30:36Z with exit-code 0.
...
