000 (32358581.019.000) 2023-06-22 15:12:16 Job submitted from host: <131.225.204.62:9618?addrs=131.225.204.62-9618+[2620-6a-0-8420-f0-0-204-62]-9618&alias=lpcschedd5.fnal.gov&noUDP&sock=schedd_2770_916d>
...
040 (32358581.019.000) 2023-06-22 15:18:50 Started transferring input files
	Transferring to host: <131.225.189.27:9618?addrs=[2620-6a-0-8421-f0-0-189-27]-9618+131.225.189.27-9618&alias=cmswn2084.fnal.gov&noUDP&sock=slot1_43_2245_8e34_66527>
...
040 (32358581.019.000) 2023-06-22 15:18:50 Finished transferring input files
...
001 (32358581.019.000) 2023-06-22 15:18:50 Job executing on host: <131.225.189.27:9618?addrs=[2620-6a-0-8421-f0-0-189-27]-9618+131.225.189.27-9618&alias=cmswn2084.fnal.gov&noUDP&sock=startd_1939_9239>
...
006 (32358581.019.000) 2023-06-22 15:21:02 Image size of job updated: 139
	139  -  MemoryUsage of job (MB)
	143064  -  ResidentSetSize of job (KB)
...
006 (32358581.019.000) 2023-06-22 15:22:06 Image size of job updated: 141
	141  -  MemoryUsage of job (MB)
	144408  -  ResidentSetSize of job (KB)
...
006 (32358581.019.000) 2023-06-22 15:23:06 Image size of job updated: 142
	142  -  MemoryUsage of job (MB)
	145528  -  ResidentSetSize of job (KB)
...
006 (32358581.019.000) 2023-06-22 15:24:07 Image size of job updated: 142
	142  -  MemoryUsage of job (MB)
	145612  -  ResidentSetSize of job (KB)
...
006 (32358581.019.000) 2023-06-22 15:25:08 Image size of job updated: 142
	142  -  MemoryUsage of job (MB)
	145732  -  ResidentSetSize of job (KB)
...
006 (32358581.019.000) 2023-06-22 15:26:09 Image size of job updated: 142
	142  -  MemoryUsage of job (MB)
	145804  -  ResidentSetSize of job (KB)
...
006 (32358581.019.000) 2023-06-22 15:27:09 Image size of job updated: 142
	142  -  MemoryUsage of job (MB)
	145832  -  ResidentSetSize of job (KB)
...
006 (32358581.019.000) 2023-06-22 15:31:10 Image size of job updated: 142
	142  -  MemoryUsage of job (MB)
	145836  -  ResidentSetSize of job (KB)
...
040 (32358581.019.000) 2023-06-22 15:33:05 Started transferring output files
...
040 (32358581.019.000) 2023-06-22 15:33:05 Finished transferring output files
...
005 (32358581.019.000) 2023-06-22 15:33:11 Job terminated.
	(1) Normal termination (return value 0)
		Usr 0 00:01:40, Sys 0 00:00:05  -  Run Remote Usage
		Usr 0 00:00:00, Sys 0 00:00:00  -  Run Local Usage
		Usr 0 00:01:40, Sys 0 00:00:05  -  Total Remote Usage
		Usr 0 00:00:00, Sys 0 00:00:00  -  Total Local Usage
	132663  -  Run Bytes Sent By Job
	224266  -  Run Bytes Received By Job
	132663  -  Total Bytes Sent By Job
	224266  -  Total Bytes Received By Job
	Partitionable Resources :    Usage  Request Allocated 
	   Cpus                 :        0        1         1 
	   Disk (KB)            :      899      225   1637039 
	   Memory (MB)          :      142     2048      2048 

	Job terminated of its own accord at 2023-06-22T20:33:05Z with exit-code 0.
...
