000 (32358581.269.000) 2023-06-22 15:12:16 Job submitted from host: <131.225.204.62:9618?addrs=131.225.204.62-9618+[2620-6a-0-8420-f0-0-204-62]-9618&alias=lpcschedd5.fnal.gov&noUDP&sock=schedd_2770_916d>
...
040 (32358581.269.000) 2023-06-22 15:21:06 Entered queue to transfer input files
	Transferring to host: <131.225.188.17:9618?addrs=[2620-6a-0-8421-f0-0-188-17]-9618+131.225.188.17-9618&alias=cmswn2020.fnal.gov&noUDP&sock=slot1_1_2025_8bab_40866>
...
040 (32358581.269.000) 2023-06-22 15:21:09 Started transferring input files
	Seconds spent in queue: 3
...
040 (32358581.269.000) 2023-06-22 15:21:09 Finished transferring input files
...
001 (32358581.269.000) 2023-06-22 15:21:09 Job executing on host: <131.225.188.17:9618?addrs=[2620-6a-0-8421-f0-0-188-17]-9618+131.225.188.17-9618&alias=cmswn2020.fnal.gov&noUDP&sock=startd_1921_3985>
...
006 (32358581.269.000) 2023-06-22 15:21:18 Image size of job updated: 48
	48  -  MemoryUsage of job (MB)
	50128  -  ResidentSetSize of job (KB)
...
006 (32358581.269.000) 2023-06-22 15:22:20 Image size of job updated: 156
	156  -  MemoryUsage of job (MB)
	160256  -  ResidentSetSize of job (KB)
...
006 (32358581.269.000) 2023-06-22 15:26:22 Image size of job updated: 157
	157  -  MemoryUsage of job (MB)
	160900  -  ResidentSetSize of job (KB)
...
006 (32358581.269.000) 2023-06-22 15:27:23 Image size of job updated: 157
	157  -  MemoryUsage of job (MB)
	161008  -  ResidentSetSize of job (KB)
...
006 (32358581.269.000) 2023-06-22 15:28:23 Image size of job updated: 157
	157  -  MemoryUsage of job (MB)
	161052  -  ResidentSetSize of job (KB)
...
006 (32358581.269.000) 2023-06-22 15:29:24 Image size of job updated: 157
	157  -  MemoryUsage of job (MB)
	161092  -  ResidentSetSize of job (KB)
...
006 (32358581.269.000) 2023-06-22 15:30:24 Image size of job updated: 157
	157  -  MemoryUsage of job (MB)
	161136  -  ResidentSetSize of job (KB)
...
006 (32358581.269.000) 2023-06-22 15:31:25 Image size of job updated: 157
	157  -  MemoryUsage of job (MB)
	161176  -  ResidentSetSize of job (KB)
...
006 (32358581.269.000) 2023-06-22 15:32:25 Image size of job updated: 157
	157  -  MemoryUsage of job (MB)
	161224  -  ResidentSetSize of job (KB)
...
006 (32358581.269.000) 2023-06-22 15:33:26 Image size of job updated: 157
	157  -  MemoryUsage of job (MB)
	161240  -  ResidentSetSize of job (KB)
...
006 (32358581.269.000) 2023-06-22 15:34:28 Image size of job updated: 157
	157  -  MemoryUsage of job (MB)
	161248  -  ResidentSetSize of job (KB)
...
006 (32358581.269.000) 2023-06-22 15:36:30 Image size of job updated: 157
	157  -  MemoryUsage of job (MB)
	161252  -  ResidentSetSize of job (KB)
...
006 (32358581.269.000) 2023-06-22 15:38:30 Image size of job updated: 157
	157  -  MemoryUsage of job (MB)
	161256  -  ResidentSetSize of job (KB)
...
006 (32358581.269.000) 2023-06-22 15:50:36 Image size of job updated: 157
	157  -  MemoryUsage of job (MB)
	161260  -  ResidentSetSize of job (KB)
...
006 (32358581.269.000) 2023-06-22 15:54:39 Image size of job updated: 157
	157  -  MemoryUsage of job (MB)
	161264  -  ResidentSetSize of job (KB)
...
006 (32358581.269.000) 2023-06-22 15:59:44 Image size of job updated: 157
	157  -  MemoryUsage of job (MB)
	161272  -  ResidentSetSize of job (KB)
...
006 (32358581.269.000) 2023-06-22 16:00:45 Image size of job updated: 157
	157  -  MemoryUsage of job (MB)
	161276  -  ResidentSetSize of job (KB)
...
040 (32358581.269.000) 2023-06-22 16:13:09 Started transferring output files
	Seconds spent in queue: 3123
...
040 (32358581.269.000) 2023-06-22 16:13:09 Finished transferring output files
...
005 (32358581.269.000) 2023-06-22 16:13:10 Job terminated.
	(1) Normal termination (return value 0)
		Usr 0 00:17:00, Sys 0 00:33:19  -  Run Remote Usage
		Usr 0 00:00:00, Sys 0 00:00:00  -  Run Local Usage
		Usr 0 00:17:00, Sys 0 00:33:19  -  Total Remote Usage
		Usr 0 00:00:00, Sys 0 00:00:00  -  Total Local Usage
	147454  -  Run Bytes Sent By Job
	224267  -  Run Bytes Received By Job
	147454  -  Total Bytes Sent By Job
	224267  -  Total Bytes Received By Job
	Partitionable Resources :    Usage  Request Allocated 
	   Cpus                 :     0.00        1         1 
	   Disk (KB)            :   912         225   1632973 
	   Memory (MB)          :   157        2048      2048 

	Job terminated of its own accord at 2023-06-22T21:13:09Z with exit-code 0.
...
