000 (32358581.279.000) 2023-06-22 15:12:16 Job submitted from host: <131.225.204.62:9618?addrs=131.225.204.62-9618+[2620-6a-0-8420-f0-0-204-62]-9618&alias=lpcschedd5.fnal.gov&noUDP&sock=schedd_2770_916d>
...
040 (32358581.279.000) 2023-06-22 15:21:12 Started transferring input files
	Transferring to host: <131.225.189.35:9618?addrs=[2620-6a-0-8421-f0-0-189-35]-9618+131.225.189.35-9618&alias=cmswn2088.fnal.gov&noUDP&sock=slot1_26_2076_7acd_41222>
...
040 (32358581.279.000) 2023-06-22 15:21:12 Finished transferring input files
...
001 (32358581.279.000) 2023-06-22 15:21:12 Job executing on host: <131.225.189.35:9618?addrs=[2620-6a-0-8421-f0-0-189-35]-9618+131.225.189.35-9618&alias=cmswn2088.fnal.gov&noUDP&sock=startd_1919_da55>
...
006 (32358581.279.000) 2023-06-22 15:21:21 Image size of job updated: 6
	6  -  MemoryUsage of job (MB)
	7024  -  ResidentSetSize of job (KB)
...
006 (32358581.279.000) 2023-06-22 15:22:21 Image size of job updated: 156
	156  -  MemoryUsage of job (MB)
	159984  -  ResidentSetSize of job (KB)
...
006 (32358581.279.000) 2023-06-22 15:23:21 Image size of job updated: 156
	156  -  MemoryUsage of job (MB)
	159988  -  ResidentSetSize of job (KB)
...
006 (32358581.279.000) 2023-06-22 15:25:23 Image size of job updated: 156
	156  -  MemoryUsage of job (MB)
	160024  -  ResidentSetSize of job (KB)
...
006 (32358581.279.000) 2023-06-22 15:25:57 Image size of job updated: 156
	156  -  MemoryUsage of job (MB)
	160108  -  ResidentSetSize of job (KB)
...
040 (32358581.279.000) 2023-06-22 15:25:57 Started transferring output files
...
040 (32358581.279.000) 2023-06-22 15:25:57 Finished transferring output files
...
005 (32358581.279.000) 2023-06-22 15:25:58 Job terminated.
	(1) Normal termination (return value 0)
		Usr 0 00:03:52, Sys 0 00:00:10  -  Run Remote Usage
		Usr 0 00:00:00, Sys 0 00:00:00  -  Run Local Usage
		Usr 0 00:03:52, Sys 0 00:00:10  -  Total Remote Usage
		Usr 0 00:00:00, Sys 0 00:00:00  -  Total Local Usage
	146918  -  Run Bytes Sent By Job
	224267  -  Run Bytes Received By Job
	146918  -  Total Bytes Sent By Job
	224267  -  Total Bytes Received By Job
	Partitionable Resources :    Usage  Request Allocated 
	   Cpus                 :     0.00        1         1 
	   Disk (KB)            :   913         225   1622189 
	   Memory (MB)          :   156        2048      2048 

	Job terminated of its own accord at 2023-06-22T20:25:57Z with exit-code 0.
...
