000 (32358581.422.000) 2023-06-22 15:12:17 Job submitted from host: <131.225.204.62:9618?addrs=131.225.204.62-9618+[2620-6a-0-8420-f0-0-204-62]-9618&alias=lpcschedd5.fnal.gov&noUDP&sock=schedd_2770_916d>
...
040 (32358581.422.000) 2023-06-22 15:23:02 Entered queue to transfer input files
	Transferring to host: <131.225.189.35:9618?addrs=[2620-6a-0-8421-f0-0-189-35]-9618+131.225.189.35-9618&alias=cmswn2088.fnal.gov&noUDP&sock=slot1_31_2076_7acd_41230>
...
040 (32358581.422.000) 2023-06-22 15:23:24 Started transferring input files
	Seconds spent in queue: 22
...
040 (32358581.422.000) 2023-06-22 15:23:24 Finished transferring input files
...
001 (32358581.422.000) 2023-06-22 15:23:24 Job executing on host: <131.225.189.35:9618?addrs=[2620-6a-0-8421-f0-0-189-35]-9618+131.225.189.35-9618&alias=cmswn2088.fnal.gov&noUDP&sock=startd_1919_da55>
...
006 (32358581.422.000) 2023-06-22 15:23:33 Image size of job updated: 29
	29  -  MemoryUsage of job (MB)
	30712  -  ResidentSetSize of job (KB)
...
006 (32358581.422.000) 2023-06-22 15:24:34 Image size of job updated: 148
	148  -  MemoryUsage of job (MB)
	151568  -  ResidentSetSize of job (KB)
...
006 (32358581.422.000) 2023-06-22 15:26:25 Image size of job updated: 148
	148  -  MemoryUsage of job (MB)
	151584  -  ResidentSetSize of job (KB)
...
040 (32358581.422.000) 2023-06-22 15:26:26 Started transferring output files
	Seconds spent in queue: 204
...
040 (32358581.422.000) 2023-06-22 15:26:26 Finished transferring output files
...
005 (32358581.422.000) 2023-06-22 15:26:29 Job terminated.
	(1) Normal termination (return value 0)
		Usr 0 00:01:48, Sys 0 00:00:05  -  Run Remote Usage
		Usr 0 00:00:00, Sys 0 00:00:00  -  Run Local Usage
		Usr 0 00:01:48, Sys 0 00:00:05  -  Total Remote Usage
		Usr 0 00:00:00, Sys 0 00:00:00  -  Total Local Usage
	138339  -  Run Bytes Sent By Job
	224267  -  Run Bytes Received By Job
	138339  -  Total Bytes Sent By Job
	224267  -  Total Bytes Received By Job
	Partitionable Resources :    Usage  Request Allocated 
	   Cpus                 :        0        1         1 
	   Disk (KB)            :      905      225   1622189 
	   Memory (MB)          :      148     2048      2048 

	Job terminated of its own accord at 2023-06-22T20:26:25Z with exit-code 0.
...
