000 (32358581.056.000) 2023-06-22 15:12:16 Job submitted from host: <131.225.204.62:9618?addrs=131.225.204.62-9618+[2620-6a-0-8420-f0-0-204-62]-9618&alias=lpcschedd5.fnal.gov&noUDP&sock=schedd_2770_916d>
...
040 (32358581.056.000) 2023-06-22 15:19:46 Entered queue to transfer input files
	Transferring to host: <131.225.188.172:9618?addrs=[2620-6a-0-8421-f0-0-188-172]-9618+131.225.188.172-9618&alias=cmswn2057.fnal.gov&noUDP&sock=slot1_46_2016_344b_44518>
...
040 (32358581.056.000) 2023-06-22 15:19:47 Started transferring input files
	Seconds spent in queue: 1
...
040 (32358581.056.000) 2023-06-22 15:19:47 Finished transferring input files
...
001 (32358581.056.000) 2023-06-22 15:19:47 Job executing on host: <131.225.188.172:9618?addrs=[2620-6a-0-8421-f0-0-188-172]-9618+131.225.188.172-9618&alias=cmswn2057.fnal.gov&noUDP&sock=startd_1916_cb8c>
...
006 (32358581.056.000) 2023-06-22 15:20:57 Image size of job updated: 155
	155  -  MemoryUsage of job (MB)
	159272  -  ResidentSetSize of job (KB)
...
006 (32358581.056.000) 2023-06-22 15:23:58 Image size of job updated: 156
	156  -  MemoryUsage of job (MB)
	159916  -  ResidentSetSize of job (KB)
...
006 (32358581.056.000) 2023-06-22 15:24:58 Image size of job updated: 156
	156  -  MemoryUsage of job (MB)
	160052  -  ResidentSetSize of job (KB)
...
006 (32358581.056.000) 2023-06-22 15:25:58 Image size of job updated: 156
	156  -  MemoryUsage of job (MB)
	160100  -  ResidentSetSize of job (KB)
...
006 (32358581.056.000) 2023-06-22 15:26:58 Image size of job updated: 156
	156  -  MemoryUsage of job (MB)
	160172  -  ResidentSetSize of job (KB)
...
006 (32358581.056.000) 2023-06-22 15:27:58 Image size of job updated: 156
	156  -  MemoryUsage of job (MB)
	160260  -  ResidentSetSize of job (KB)
...
006 (32358581.056.000) 2023-06-22 15:28:59 Image size of job updated: 156
	156  -  MemoryUsage of job (MB)
	160264  -  ResidentSetSize of job (KB)
...
006 (32358581.056.000) 2023-06-22 15:29:59 Image size of job updated: 156
	156  -  MemoryUsage of job (MB)
	160272  -  ResidentSetSize of job (KB)
...
006 (32358581.056.000) 2023-06-22 15:30:59 Image size of job updated: 156
	156  -  MemoryUsage of job (MB)
	160276  -  ResidentSetSize of job (KB)
...
006 (32358581.056.000) 2023-06-22 15:38:04 Image size of job updated: 156
	156  -  MemoryUsage of job (MB)
	160284  -  ResidentSetSize of job (KB)
...
006 (32358581.056.000) 2023-06-22 15:42:06 Image size of job updated: 156
	156  -  MemoryUsage of job (MB)
	160288  -  ResidentSetSize of job (KB)
...
006 (32358581.056.000) 2023-06-22 15:44:08 Image size of job updated: 156
	156  -  MemoryUsage of job (MB)
	160292  -  ResidentSetSize of job (KB)
...
040 (32358581.056.000) 2023-06-22 15:44:39 Started transferring output files
	Seconds spent in queue: 1493
...
040 (32358581.056.000) 2023-06-22 15:44:39 Finished transferring output files
...
005 (32358581.056.000) 2023-06-22 15:44:40 Job terminated.
	(1) Normal termination (return value 0)
		Usr 0 00:03:21, Sys 0 00:00:10  -  Run Remote Usage
		Usr 0 00:00:00, Sys 0 00:00:00  -  Run Local Usage
		Usr 0 00:03:21, Sys 0 00:00:10  -  Total Remote Usage
		Usr 0 00:00:00, Sys 0 00:00:00  -  Total Local Usage
	143748  -  Run Bytes Sent By Job
	224266  -  Run Bytes Received By Job
	143748  -  Total Bytes Sent By Job
	224266  -  Total Bytes Received By Job
	Partitionable Resources :    Usage  Request Allocated 
	   Cpus                 :        0        1         1 
	   Disk (KB)            :      909      225   1637862 
	   Memory (MB)          :      156     2048      2048 

	Job terminated of its own accord at 2023-06-22T20:44:39Z with exit-code 0.
...
