000 (32358581.394.000) 2023-06-22 15:12:17 Job submitted from host: <131.225.204.62:9618?addrs=131.225.204.62-9618+[2620-6a-0-8420-f0-0-204-62]-9618&alias=lpcschedd5.fnal.gov&noUDP&sock=schedd_2770_916d>
...
040 (32358581.394.000) 2023-06-22 15:22:37 Started transferring input files
	Transferring to host: <131.225.189.16:9618?addrs=[2620-6a-0-8421-f0-0-189-16]-9618+131.225.189.16-9618&alias=cmswn2080.fnal.gov&noUDP&sock=slot1_28_2028_a8cc_46371>
...
040 (32358581.394.000) 2023-06-22 15:22:37 Finished transferring input files
...
001 (32358581.394.000) 2023-06-22 15:22:37 Job executing on host: <131.225.189.16:9618?addrs=[2620-6a-0-8421-f0-0-189-16]-9618+131.225.189.16-9618&alias=cmswn2080.fnal.gov&noUDP&sock=startd_1932_c510>
...
006 (32358581.394.000) 2023-06-22 15:22:46 Image size of job updated: 6
	6  -  MemoryUsage of job (MB)
	6956  -  ResidentSetSize of job (KB)
...
006 (32358581.394.000) 2023-06-22 15:23:46 Image size of job updated: 150
	150  -  MemoryUsage of job (MB)
	154140  -  ResidentSetSize of job (KB)
...
006 (32358581.394.000) 2023-06-22 15:24:46 Image size of job updated: 150
	150  -  MemoryUsage of job (MB)
	154148  -  ResidentSetSize of job (KB)
...
006 (32358581.394.000) 2023-06-22 15:25:47 Image size of job updated: 150
	150  -  MemoryUsage of job (MB)
	154152  -  ResidentSetSize of job (KB)
...
040 (32358581.394.000) 2023-06-22 15:26:02 Started transferring output files
...
040 (32358581.394.000) 2023-06-22 15:26:02 Finished transferring output files
...
005 (32358581.394.000) 2023-06-22 15:26:04 Job terminated.
	(1) Normal termination (return value 0)
		Usr 0 00:02:43, Sys 0 00:00:08  -  Run Remote Usage
		Usr 0 00:00:00, Sys 0 00:00:00  -  Run Local Usage
		Usr 0 00:02:43, Sys 0 00:00:08  -  Total Remote Usage
		Usr 0 00:00:00, Sys 0 00:00:00  -  Total Local Usage
	142836  -  Run Bytes Sent By Job
	224267  -  Run Bytes Received By Job
	142836  -  Total Bytes Sent By Job
	224267  -  Total Bytes Received By Job
	Partitionable Resources :    Usage  Request Allocated 
	   Cpus                 :     0.00        1         1 
	   Disk (KB)            :   905         225   1631756 
	   Memory (MB)          :   150        2048      2048 

	Job terminated of its own accord at 2023-06-22T20:26:02Z with exit-code 0.
...
