000 (32358581.355.000) 2023-06-22 15:12:17 Job submitted from host: <131.225.204.62:9618?addrs=131.225.204.62-9618+[2620-6a-0-8420-f0-0-204-62]-9618&alias=lpcschedd5.fnal.gov&noUDP&sock=schedd_2770_916d>
...
040 (32358581.355.000) 2023-06-22 15:22:15 Started transferring input files
	Transferring to host: <131.225.188.157:9618?addrs=[2620-6a-0-8421-f0-0-188-157]-9618+131.225.188.157-9618&alias=cmswn2053.fnal.gov&noUDP&sock=slot1_64_2017_e8ab_51991>
...
040 (32358581.355.000) 2023-06-22 15:22:15 Finished transferring input files
...
001 (32358581.355.000) 2023-06-22 15:22:15 Job executing on host: <131.225.188.157:9618?addrs=[2620-6a-0-8421-f0-0-188-157]-9618+131.225.188.157-9618&alias=cmswn2053.fnal.gov&noUDP&sock=startd_1921_3985>
...
006 (32358581.355.000) 2023-06-22 15:23:28 Image size of job updated: 147
	147  -  MemoryUsage of job (MB)
	151056  -  ResidentSetSize of job (KB)
...
006 (32358581.355.000) 2023-06-22 15:25:29 Image size of job updated: 148
	148  -  MemoryUsage of job (MB)
	151728  -  ResidentSetSize of job (KB)
...
006 (32358581.355.000) 2023-06-22 15:26:29 Image size of job updated: 148
	148  -  MemoryUsage of job (MB)
	151836  -  ResidentSetSize of job (KB)
...
006 (32358581.355.000) 2023-06-22 15:27:29 Image size of job updated: 148
	148  -  MemoryUsage of job (MB)
	151884  -  ResidentSetSize of job (KB)
...
006 (32358581.355.000) 2023-06-22 15:28:30 Image size of job updated: 148
	148  -  MemoryUsage of job (MB)
	151920  -  ResidentSetSize of job (KB)
...
006 (32358581.355.000) 2023-06-22 15:29:30 Image size of job updated: 148
	148  -  MemoryUsage of job (MB)
	151948  -  ResidentSetSize of job (KB)
...
006 (32358581.355.000) 2023-06-22 15:30:31 Image size of job updated: 148
	148  -  MemoryUsage of job (MB)
	151992  -  ResidentSetSize of job (KB)
...
006 (32358581.355.000) 2023-06-22 15:31:32 Image size of job updated: 148
	148  -  MemoryUsage of job (MB)
	152048  -  ResidentSetSize of job (KB)
...
006 (32358581.355.000) 2023-06-22 15:32:32 Image size of job updated: 148
	148  -  MemoryUsage of job (MB)
	152076  -  ResidentSetSize of job (KB)
...
006 (32358581.355.000) 2023-06-22 15:33:33 Image size of job updated: 148
	148  -  MemoryUsage of job (MB)
	152080  -  ResidentSetSize of job (KB)
...
006 (32358581.355.000) 2023-06-22 15:34:33 Image size of job updated: 148
	148  -  MemoryUsage of job (MB)
	152088  -  ResidentSetSize of job (KB)
...
006 (32358581.355.000) 2023-06-22 15:38:35 Image size of job updated: 148
	148  -  MemoryUsage of job (MB)
	152092  -  ResidentSetSize of job (KB)
...
040 (32358581.355.000) 2023-06-22 15:58:25 Started transferring output files
...
040 (32358581.355.000) 2023-06-22 15:58:25 Finished transferring output files
...
005 (32358581.355.000) 2023-06-22 15:58:26 Job terminated.
	(1) Normal termination (return value 0)
		Usr 0 00:11:26, Sys 0 00:23:40  -  Run Remote Usage
		Usr 0 00:00:00, Sys 0 00:00:00  -  Run Local Usage
		Usr 0 00:11:26, Sys 0 00:23:40  -  Total Remote Usage
		Usr 0 00:00:00, Sys 0 00:00:00  -  Total Local Usage
	139111  -  Run Bytes Sent By Job
	224267  -  Run Bytes Received By Job
	139111  -  Total Bytes Sent By Job
	224267  -  Total Bytes Received By Job
	Partitionable Resources :    Usage  Request Allocated 
	   Cpus                 :        0        1         1 
	   Disk (KB)            :      905      225   1639248 
	   Memory (MB)          :      148     2048      2048 

	Job terminated of its own accord at 2023-06-22T20:58:25Z with exit-code 0.
...
