000 (32358581.408.000) 2023-06-22 15:12:17 Job submitted from host: <131.225.204.62:9618?addrs=131.225.204.62-9618+[2620-6a-0-8420-f0-0-204-62]-9618&alias=lpcschedd5.fnal.gov&noUDP&sock=schedd_2770_916d>
...
040 (32358581.408.000) 2023-06-22 15:22:46 Started transferring input files
	Transferring to host: <131.225.189.19:9618?addrs=[2620-6a-0-8421-f0-0-189-19]-9618+131.225.189.19-9618&alias=cmswn2082.fnal.gov&noUDP&sock=slot1_13_2103_80ef_37930>
...
040 (32358581.408.000) 2023-06-22 15:22:46 Finished transferring input files
...
001 (32358581.408.000) 2023-06-22 15:22:46 Job executing on host: <131.225.189.19:9618?addrs=[2620-6a-0-8421-f0-0-189-19]-9618+131.225.189.19-9618&alias=cmswn2082.fnal.gov&noUDP&sock=startd_2013_543c>
...
006 (32358581.408.000) 2023-06-22 15:23:56 Image size of job updated: 148
	148  -  MemoryUsage of job (MB)
	151592  -  ResidentSetSize of job (KB)
...
006 (32358581.408.000) 2023-06-22 15:25:01 Image size of job updated: 148
	148  -  MemoryUsage of job (MB)
	151840  -  ResidentSetSize of job (KB)
...
040 (32358581.408.000) 2023-06-22 15:27:37 Started transferring output files
...
040 (32358581.408.000) 2023-06-22 15:27:37 Finished transferring output files
...
005 (32358581.408.000) 2023-06-22 15:27:43 Job terminated.
	(1) Normal termination (return value 0)
		Usr 0 00:00:14, Sys 0 00:00:01  -  Run Remote Usage
		Usr 0 00:00:00, Sys 0 00:00:00  -  Run Local Usage
		Usr 0 00:00:14, Sys 0 00:00:01  -  Total Remote Usage
		Usr 0 00:00:00, Sys 0 00:00:00  -  Total Local Usage
	139491  -  Run Bytes Sent By Job
	224267  -  Run Bytes Received By Job
	139491  -  Total Bytes Sent By Job
	224267  -  Total Bytes Received By Job
	Partitionable Resources :    Usage  Request Allocated 
	   Cpus                 :        0        1         1 
	   Disk (KB)            :      906      225   1651055 
	   Memory (MB)          :      148     2048      2048 

	Job terminated of its own accord at 2023-06-22T20:27:37Z with exit-code 0.
...
