000 (32358581.234.000) 2023-06-22 15:12:16 Job submitted from host: <131.225.204.62:9618?addrs=131.225.204.62-9618+[2620-6a-0-8420-f0-0-204-62]-9618&alias=lpcschedd5.fnal.gov&noUDP&sock=schedd_2770_916d>
...
040 (32358581.234.000) 2023-06-22 15:20:40 Started transferring input files
	Transferring to host: <131.225.189.15:9618?addrs=[2620-6a-0-8421-f0-0-189-15]-9618+131.225.189.15-9618&alias=cmswn2079.fnal.gov&noUDP&sock=slot1_11_2024_d74b_36255>
...
001 (32358581.234.000) 2023-06-22 15:20:40 Job executing on host: <131.225.189.15:9618?addrs=[2620-6a-0-8421-f0-0-189-15]-9618+131.225.189.15-9618&alias=cmswn2079.fnal.gov&noUDP&sock=startd_1926_a77e>
...
040 (32358581.234.000) 2023-06-22 15:20:40 Finished transferring input files
...
006 (32358581.234.000) 2023-06-22 15:20:49 Image size of job updated: 6
	6  -  MemoryUsage of job (MB)
	6924  -  ResidentSetSize of job (KB)
...
006 (32358581.234.000) 2023-06-22 15:21:49 Image size of job updated: 140
	140  -  MemoryUsage of job (MB)
	144228  -  ResidentSetSize of job (KB)
...
006 (32358581.234.000) 2023-06-22 15:22:27 Image size of job updated: 141
	141  -  MemoryUsage of job (MB)
	144452  -  ResidentSetSize of job (KB)
...
040 (32358581.234.000) 2023-06-22 15:22:27 Started transferring output files
...
040 (32358581.234.000) 2023-06-22 15:22:27 Finished transferring output files
...
005 (32358581.234.000) 2023-06-22 15:22:28 Job terminated.
	(1) Normal termination (return value 0)
		Usr 0 00:00:52, Sys 0 00:00:03  -  Run Remote Usage
		Usr 0 00:00:00, Sys 0 00:00:00  -  Run Local Usage
		Usr 0 00:00:52, Sys 0 00:00:03  -  Total Remote Usage
		Usr 0 00:00:00, Sys 0 00:00:00  -  Total Local Usage
	130424  -  Run Bytes Sent By Job
	224267  -  Run Bytes Received By Job
	130424  -  Total Bytes Sent By Job
	224267  -  Total Bytes Received By Job
	Partitionable Resources :    Usage  Request Allocated 
	   Cpus                 :     0.00        1         1 
	   Disk (KB)            :   897         225   1645666 
	   Memory (MB)          :   141        2048      2048 

	Job terminated of its own accord at 2023-06-22T20:22:27Z with exit-code 0.
...
