000 (32358581.446.000) 2023-06-22 15:12:17 Job submitted from host: <131.225.204.62:9618?addrs=131.225.204.62-9618+[2620-6a-0-8420-f0-0-204-62]-9618&alias=lpcschedd5.fnal.gov&noUDP&sock=schedd_2770_916d>
...
040 (32358581.446.000) 2023-06-22 15:23:19 Entered queue to transfer input files
	Transferring to host: <131.225.189.16:9618?addrs=[2620-6a-0-8421-f0-0-189-16]-9618+131.225.189.16-9618&alias=cmswn2080.fnal.gov&noUDP&sock=slot1_23_2028_a8cc_46374>
...
040 (32358581.446.000) 2023-06-22 15:24:13 Started transferring input files
	Seconds spent in queue: 54
...
040 (32358581.446.000) 2023-06-22 15:24:13 Finished transferring input files
...
001 (32358581.446.000) 2023-06-22 15:24:13 Job executing on host: <131.225.189.16:9618?addrs=[2620-6a-0-8421-f0-0-189-16]-9618+131.225.189.16-9618&alias=cmswn2080.fnal.gov&noUDP&sock=startd_1932_c510>
...
006 (32358581.446.000) 2023-06-22 15:24:22 Image size of job updated: 21
	21  -  MemoryUsage of job (MB)
	21816  -  ResidentSetSize of job (KB)
...
006 (32358581.446.000) 2023-06-22 15:25:22 Image size of job updated: 184
	184  -  MemoryUsage of job (MB)
	189244  -  ResidentSetSize of job (KB)
...
006 (32358581.446.000) 2023-06-22 15:26:23 Image size of job updated: 184
	184  -  MemoryUsage of job (MB)
	189432  -  ResidentSetSize of job (KB)
...
006 (32358581.446.000) 2023-06-22 15:29:24 Image size of job updated: 185
	185  -  MemoryUsage of job (MB)
	189444  -  ResidentSetSize of job (KB)
...
006 (32358581.446.000) 2023-06-22 15:30:10 Image size of job updated: 185
	185  -  MemoryUsage of job (MB)
	189452  -  ResidentSetSize of job (KB)
...
040 (32358581.446.000) 2023-06-22 15:30:10 Started transferring output files
	Seconds spent in queue: 411
...
040 (32358581.446.000) 2023-06-22 15:30:10 Finished transferring output files
...
005 (32358581.446.000) 2023-06-22 15:30:11 Job terminated.
	(1) Normal termination (return value 0)
		Usr 0 00:02:44, Sys 0 00:00:08  -  Run Remote Usage
		Usr 0 00:00:00, Sys 0 00:00:00  -  Run Local Usage
		Usr 0 00:02:44, Sys 0 00:00:08  -  Total Remote Usage
		Usr 0 00:00:00, Sys 0 00:00:00  -  Total Local Usage
	141744  -  Run Bytes Sent By Job
	224267  -  Run Bytes Received By Job
	141744  -  Total Bytes Sent By Job
	224267  -  Total Bytes Received By Job
	Partitionable Resources :    Usage  Request Allocated 
	   Cpus                 :     0.00        1         1 
	   Disk (KB)            :   904         225   1631756 
	   Memory (MB)          :   185        2048      2048 

	Job terminated of its own accord at 2023-06-22T20:30:10Z with exit-code 0.
...
