000 (32358581.372.000) 2023-06-22 15:12:17 Job submitted from host: <131.225.204.62:9618?addrs=131.225.204.62-9618+[2620-6a-0-8420-f0-0-204-62]-9618&alias=lpcschedd5.fnal.gov&noUDP&sock=schedd_2770_916d>
...
040 (32358581.372.000) 2023-06-22 15:22:25 Started transferring input files
	Transferring to host: <131.225.188.34:9618?addrs=[2620-6a-0-8421-f0-0-188-34]-9618+131.225.188.34-9618&alias=cmswn2026.fnal.gov&noUDP&sock=slot1_15_2019_516b_45674>
...
040 (32358581.372.000) 2023-06-22 15:22:25 Finished transferring input files
...
001 (32358581.372.000) 2023-06-22 15:22:25 Job executing on host: <131.225.188.34:9618?addrs=[2620-6a-0-8421-f0-0-188-34]-9618+131.225.188.34-9618&alias=cmswn2026.fnal.gov&noUDP&sock=startd_1929_b647>
...
006 (32358581.372.000) 2023-06-22 15:22:34 Image size of job updated: 5
	5  -  MemoryUsage of job (MB)
	5836  -  ResidentSetSize of job (KB)
...
006 (32358581.372.000) 2023-06-22 15:23:34 Image size of job updated: 147
	147  -  MemoryUsage of job (MB)
	151476  -  ResidentSetSize of job (KB)
...
006 (32358581.372.000) 2023-06-22 15:25:36 Image size of job updated: 148
	148  -  MemoryUsage of job (MB)
	152220  -  ResidentSetSize of job (KB)
...
006 (32358581.372.000) 2023-06-22 15:26:36 Image size of job updated: 148
	148  -  MemoryUsage of job (MB)
	152288  -  ResidentSetSize of job (KB)
...
006 (32358581.372.000) 2023-06-22 15:27:36 Image size of job updated: 148
	148  -  MemoryUsage of job (MB)
	152348  -  ResidentSetSize of job (KB)
...
006 (32358581.372.000) 2023-06-22 15:28:37 Image size of job updated: 148
	148  -  MemoryUsage of job (MB)
	152420  -  ResidentSetSize of job (KB)
...
006 (32358581.372.000) 2023-06-22 15:29:37 Image size of job updated: 148
	148  -  MemoryUsage of job (MB)
	152464  -  ResidentSetSize of job (KB)
...
006 (32358581.372.000) 2023-06-22 15:30:37 Image size of job updated: 148
	148  -  MemoryUsage of job (MB)
	152492  -  ResidentSetSize of job (KB)
...
006 (32358581.372.000) 2023-06-22 15:31:38 Image size of job updated: 148
	148  -  MemoryUsage of job (MB)
	152504  -  ResidentSetSize of job (KB)
...
006 (32358581.372.000) 2023-06-22 15:32:38 Image size of job updated: 148
	148  -  MemoryUsage of job (MB)
	152508  -  ResidentSetSize of job (KB)
...
006 (32358581.372.000) 2023-06-22 15:34:40 Image size of job updated: 148
	148  -  MemoryUsage of job (MB)
	152512  -  ResidentSetSize of job (KB)
...
040 (32358581.372.000) 2023-06-22 15:56:06 Started transferring output files
...
040 (32358581.372.000) 2023-06-22 15:56:06 Finished transferring output files
...
005 (32358581.372.000) 2023-06-22 15:56:07 Job terminated.
	(1) Normal termination (return value 0)
		Usr 0 00:03:36, Sys 0 00:00:13  -  Run Remote Usage
		Usr 0 00:00:00, Sys 0 00:00:00  -  Run Local Usage
		Usr 0 00:03:36, Sys 0 00:00:13  -  Total Remote Usage
		Usr 0 00:00:00, Sys 0 00:00:00  -  Total Local Usage
	142089  -  Run Bytes Sent By Job
	224267  -  Run Bytes Received By Job
	142089  -  Total Bytes Sent By Job
	224267  -  Total Bytes Received By Job
	Partitionable Resources :    Usage  Request Allocated 
	   Cpus                 :     0.00        1         1 
	   Disk (KB)            :   905         225   1636992 
	   Memory (MB)          :   148        2048      2048 

	Job terminated of its own accord at 2023-06-22T20:56:06Z with exit-code 0.
...
