000 (32358581.250.000) 2023-06-22 15:12:16 Job submitted from host: <131.225.204.62:9618?addrs=131.225.204.62-9618+[2620-6a-0-8420-f0-0-204-62]-9618&alias=lpcschedd5.fnal.gov&noUDP&sock=schedd_2770_916d>
...
040 (32358581.250.000) 2023-06-22 15:20:45 Started transferring input files
	Transferring to host: <131.225.189.131:9618?addrs=[2620-6a-0-8421-f0-0-189-131]-9618+131.225.189.131-9618&alias=cmswn2103.fnal.gov&noUDP&sock=slot1_36_2109_bb2f_26904>
...
040 (32358581.250.000) 2023-06-22 15:20:45 Finished transferring input files
...
001 (32358581.250.000) 2023-06-22 15:20:45 Job executing on host: <131.225.189.131:9618?addrs=[2620-6a-0-8421-f0-0-189-131]-9618+131.225.189.131-9618&alias=cmswn2103.fnal.gov&noUDP&sock=startd_2019_71cd>
...
006 (32358581.250.000) 2023-06-22 15:20:54 Image size of job updated: 41
	41  -  MemoryUsage of job (MB)
	42496  -  ResidentSetSize of job (KB)
...
006 (32358581.250.000) 2023-06-22 15:21:54 Image size of job updated: 171
	171  -  MemoryUsage of job (MB)
	175404  -  ResidentSetSize of job (KB)
...
006 (32358581.250.000) 2023-06-22 15:22:55 Image size of job updated: 171
	171  -  MemoryUsage of job (MB)
	175440  -  ResidentSetSize of job (KB)
...
040 (32358581.250.000) 2023-06-22 15:23:28 Started transferring output files
...
040 (32358581.250.000) 2023-06-22 15:23:28 Finished transferring output files
...
005 (32358581.250.000) 2023-06-22 15:23:31 Job terminated.
	(1) Normal termination (return value 0)
		Usr 0 00:01:51, Sys 0 00:00:05  -  Run Remote Usage
		Usr 0 00:00:00, Sys 0 00:00:00  -  Run Local Usage
		Usr 0 00:01:51, Sys 0 00:00:05  -  Total Remote Usage
		Usr 0 00:00:00, Sys 0 00:00:00  -  Total Local Usage
	138635  -  Run Bytes Sent By Job
	224267  -  Run Bytes Received By Job
	138635  -  Total Bytes Sent By Job
	224267  -  Total Bytes Received By Job
	Partitionable Resources :    Usage  Request Allocated 
	   Cpus                 :     0.24        1         1 
	   Disk (KB)            :   905         225   3450022 
	   Memory (MB)          :   171        2048      2048 

	Job terminated of its own accord at 2023-06-22T20:23:28Z with exit-code 0.
...
