000 (32358581.074.000) 2023-06-22 15:12:16 Job submitted from host: <131.225.204.62:9618?addrs=131.225.204.62-9618+[2620-6a-0-8420-f0-0-204-62]-9618&alias=lpcschedd5.fnal.gov&noUDP&sock=schedd_2770_916d>
...
040 (32358581.074.000) 2023-06-22 15:19:57 Entered queue to transfer input files
	Transferring to host: <131.225.189.35:9618?addrs=[2620-6a-0-8421-f0-0-189-35]-9618+131.225.189.35-9618&alias=cmswn2088.fnal.gov&noUDP&sock=slot1_28_2076_7acd_41218>
...
040 (32358581.074.000) 2023-06-22 15:20:00 Started transferring input files
	Seconds spent in queue: 3
...
040 (32358581.074.000) 2023-06-22 15:20:00 Finished transferring input files
...
001 (32358581.074.000) 2023-06-22 15:20:00 Job executing on host: <131.225.189.35:9618?addrs=[2620-6a-0-8421-f0-0-189-35]-9618+131.225.189.35-9618&alias=cmswn2088.fnal.gov&noUDP&sock=startd_1919_da55>
...
006 (32358581.074.000) 2023-06-22 15:20:09 Image size of job updated: 8
	8  -  MemoryUsage of job (MB)
	8632  -  ResidentSetSize of job (KB)
...
006 (32358581.074.000) 2023-06-22 15:21:09 Image size of job updated: 141
	141  -  MemoryUsage of job (MB)
	145100  -  ResidentSetSize of job (KB)
...
006 (32358581.074.000) 2023-06-22 15:22:09 Image size of job updated: 141
	141  -  MemoryUsage of job (MB)
	145108  -  ResidentSetSize of job (KB)
...
006 (32358581.074.000) 2023-06-22 15:22:17 Image size of job updated: 141
	141  -  MemoryUsage of job (MB)
	145112  -  ResidentSetSize of job (KB)
...
040 (32358581.074.000) 2023-06-22 15:22:17 Started transferring output files
	Seconds spent in queue: 140
...
040 (32358581.074.000) 2023-06-22 15:22:17 Finished transferring output files
...
005 (32358581.074.000) 2023-06-22 15:22:18 Job terminated.
	(1) Normal termination (return value 0)
		Usr 0 00:01:52, Sys 0 00:00:05  -  Run Remote Usage
		Usr 0 00:00:00, Sys 0 00:00:00  -  Run Local Usage
		Usr 0 00:01:52, Sys 0 00:00:05  -  Total Remote Usage
		Usr 0 00:00:00, Sys 0 00:00:00  -  Total Local Usage
	136254  -  Run Bytes Sent By Job
	224266  -  Run Bytes Received By Job
	136254  -  Total Bytes Sent By Job
	224266  -  Total Bytes Received By Job
	Partitionable Resources :    Usage  Request Allocated 
	   Cpus                 :     0.01        1         1 
	   Disk (KB)            :   903         225   1622189 
	   Memory (MB)          :   141        2048      2048 

	Job terminated of its own accord at 2023-06-22T20:22:17Z with exit-code 0.
...
