000 (32358581.067.000) 2023-06-22 15:12:16 Job submitted from host: <131.225.204.62:9618?addrs=131.225.204.62-9618+[2620-6a-0-8420-f0-0-204-62]-9618&alias=lpcschedd5.fnal.gov&noUDP&sock=schedd_2770_916d>
...
040 (32358581.067.000) 2023-06-22 15:19:51 Started transferring input files
	Transferring to host: <131.225.188.179:9618?addrs=[2620-6a-0-8421-f0-0-188-179]-9618+131.225.188.179-9618&alias=cmswn2059.fnal.gov&noUDP&sock=slot1_50_2012_62cb_10074>
...
040 (32358581.067.000) 2023-06-22 15:19:51 Finished transferring input files
...
001 (32358581.067.000) 2023-06-22 15:19:51 Job executing on host: <131.225.188.179:9618?addrs=[2620-6a-0-8421-f0-0-188-179]-9618+131.225.188.179-9618&alias=cmswn2059.fnal.gov&noUDP&sock=startd_1929_b647>
...
006 (32358581.067.000) 2023-06-22 15:20:00 Image size of job updated: 6
	6  -  MemoryUsage of job (MB)
	6904  -  ResidentSetSize of job (KB)
...
006 (32358581.067.000) 2023-06-22 15:21:00 Image size of job updated: 139
	139  -  MemoryUsage of job (MB)
	142572  -  ResidentSetSize of job (KB)
...
006 (32358581.067.000) 2023-06-22 15:23:02 Image size of job updated: 142
	142  -  MemoryUsage of job (MB)
	145508  -  ResidentSetSize of job (KB)
...
006 (32358581.067.000) 2023-06-22 15:24:02 Image size of job updated: 142
	142  -  MemoryUsage of job (MB)
	145616  -  ResidentSetSize of job (KB)
...
006 (32358581.067.000) 2023-06-22 15:25:03 Image size of job updated: 142
	142  -  MemoryUsage of job (MB)
	145712  -  ResidentSetSize of job (KB)
...
006 (32358581.067.000) 2023-06-22 15:26:04 Image size of job updated: 142
	142  -  MemoryUsage of job (MB)
	145768  -  ResidentSetSize of job (KB)
...
006 (32358581.067.000) 2023-06-22 15:27:05 Image size of job updated: 142
	142  -  MemoryUsage of job (MB)
	145772  -  ResidentSetSize of job (KB)
...
006 (32358581.067.000) 2023-06-22 15:33:09 Image size of job updated: 142
	142  -  MemoryUsage of job (MB)
	145776  -  ResidentSetSize of job (KB)
...
040 (32358581.067.000) 2023-06-22 15:33:38 Started transferring output files
...
040 (32358581.067.000) 2023-06-22 15:33:38 Finished transferring output files
...
005 (32358581.067.000) 2023-06-22 15:33:39 Job terminated.
	(1) Normal termination (return value 0)
		Usr 0 00:02:11, Sys 0 00:00:07  -  Run Remote Usage
		Usr 0 00:00:00, Sys 0 00:00:00  -  Run Local Usage
		Usr 0 00:02:11, Sys 0 00:00:07  -  Total Remote Usage
		Usr 0 00:00:00, Sys 0 00:00:00  -  Total Local Usage
	135694  -  Run Bytes Sent By Job
	224266  -  Run Bytes Received By Job
	135694  -  Total Bytes Sent By Job
	224266  -  Total Bytes Received By Job
	Partitionable Resources :    Usage  Request Allocated 
	   Cpus                 :        0        1         1 
	   Disk (KB)            :      901      225   1654204 
	   Memory (MB)          :      142     2048      2048 

	Job terminated of its own accord at 2023-06-22T20:33:37Z with exit-code 0.
...
