000 (32358581.420.000) 2023-06-22 15:12:17 Job submitted from host: <131.225.204.62:9618?addrs=131.225.204.62-9618+[2620-6a-0-8420-f0-0-204-62]-9618&alias=lpcschedd5.fnal.gov&noUDP&sock=schedd_2770_916d>
...
040 (32358581.420.000) 2023-06-22 15:23:00 Entered queue to transfer input files
	Transferring to host: <131.225.188.157:9618?addrs=[2620-6a-0-8421-f0-0-188-157]-9618+131.225.188.157-9618&alias=cmswn2053.fnal.gov&noUDP&sock=slot1_11_2017_e8ab_51996>
...
040 (32358581.420.000) 2023-06-22 15:23:08 Started transferring input files
	Seconds spent in queue: 8
...
040 (32358581.420.000) 2023-06-22 15:23:08 Finished transferring input files
...
001 (32358581.420.000) 2023-06-22 15:23:08 Job executing on host: <131.225.188.157:9618?addrs=[2620-6a-0-8421-f0-0-188-157]-9618+131.225.188.157-9618&alias=cmswn2053.fnal.gov&noUDP&sock=startd_1921_3985>
...
006 (32358581.420.000) 2023-06-22 15:23:17 Image size of job updated: 48
	48  -  MemoryUsage of job (MB)
	50132  -  ResidentSetSize of job (KB)
...
006 (32358581.420.000) 2023-06-22 15:24:17 Image size of job updated: 146
	146  -  MemoryUsage of job (MB)
	150032  -  ResidentSetSize of job (KB)
...
040 (32358581.420.000) 2023-06-22 15:25:55 Started transferring output files
	Seconds spent in queue: 175
...
040 (32358581.420.000) 2023-06-22 15:25:55 Finished transferring output files
...
005 (32358581.420.000) 2023-06-22 15:25:56 Job terminated.
	(1) Normal termination (return value 0)
		Usr 0 00:02:18, Sys 0 00:00:06  -  Run Remote Usage
		Usr 0 00:00:00, Sys 0 00:00:00  -  Run Local Usage
		Usr 0 00:02:18, Sys 0 00:00:06  -  Total Remote Usage
		Usr 0 00:00:00, Sys 0 00:00:00  -  Total Local Usage
	140528  -  Run Bytes Sent By Job
	224267  -  Run Bytes Received By Job
	140528  -  Total Bytes Sent By Job
	224267  -  Total Bytes Received By Job
	Partitionable Resources :    Usage  Request Allocated 
	   Cpus                 :     0.01        1         1 
	   Disk (KB)            :   907         225   1639248 
	   Memory (MB)          :   146        2048      2048 

	Job terminated of its own accord at 2023-06-22T20:25:55Z with exit-code 0.
...
