000 (32358581.230.000) 2023-06-22 15:12:16 Job submitted from host: <131.225.204.62:9618?addrs=131.225.204.62-9618+[2620-6a-0-8420-f0-0-204-62]-9618&alias=lpcschedd5.fnal.gov&noUDP&sock=schedd_2770_916d>
...
040 (32358581.230.000) 2023-06-22 15:20:40 Started transferring input files
	Transferring to host: <131.225.188.199:9618?addrs=[2620-6a-0-8421-f0-0-188-199]-9618+131.225.188.199-9618&alias=cmswn2064.fnal.gov&noUDP&sock=slot1_23_2008_914b_42473>
...
040 (32358581.230.000) 2023-06-22 15:20:40 Finished transferring input files
...
001 (32358581.230.000) 2023-06-22 15:20:40 Job executing on host: <131.225.188.199:9618?addrs=[2620-6a-0-8421-f0-0-188-199]-9618+131.225.188.199-9618&alias=cmswn2064.fnal.gov&noUDP&sock=startd_1919_da55>
...
006 (32358581.230.000) 2023-06-22 15:21:49 Image size of job updated: 145
	145  -  MemoryUsage of job (MB)
	148856  -  ResidentSetSize of job (KB)
...
006 (32358581.230.000) 2023-06-22 15:22:49 Image size of job updated: 145
	145  -  MemoryUsage of job (MB)
	149064  -  ResidentSetSize of job (KB)
...
006 (32358581.230.000) 2023-06-22 15:23:50 Image size of job updated: 145
	145  -  MemoryUsage of job (MB)
	149140  -  ResidentSetSize of job (KB)
...
006 (32358581.230.000) 2023-06-22 15:24:51 Image size of job updated: 145
	145  -  MemoryUsage of job (MB)
	149176  -  ResidentSetSize of job (KB)
...
006 (32358581.230.000) 2023-06-22 15:26:53 Image size of job updated: 145
	145  -  MemoryUsage of job (MB)
	149192  -  ResidentSetSize of job (KB)
...
006 (32358581.230.000) 2023-06-22 15:28:44 Image size of job updated: 145
	145  -  MemoryUsage of job (MB)
	149340  -  ResidentSetSize of job (KB)
...
040 (32358581.230.000) 2023-06-22 15:28:44 Started transferring output files
...
040 (32358581.230.000) 2023-06-22 15:28:44 Finished transferring output files
...
005 (32358581.230.000) 2023-06-22 15:28:46 Job terminated.
	(1) Normal termination (return value 0)
		Usr 0 00:02:12, Sys 0 00:00:07  -  Run Remote Usage
		Usr 0 00:00:00, Sys 0 00:00:00  -  Run Local Usage
		Usr 0 00:02:12, Sys 0 00:00:07  -  Total Remote Usage
		Usr 0 00:00:00, Sys 0 00:00:00  -  Total Local Usage
	138624  -  Run Bytes Sent By Job
	224267  -  Run Bytes Received By Job
	138624  -  Total Bytes Sent By Job
	224267  -  Total Bytes Received By Job
	Partitionable Resources :    Usage  Request Allocated 
	   Cpus                 :        0        1         1 
	   Disk (KB)            :      905      225   1646337 
	   Memory (MB)          :      145     2048      2048 

	Job terminated of its own accord at 2023-06-22T20:28:44Z with exit-code 0.
...
