000 (32358581.245.000) 2023-06-22 15:12:16 Job submitted from host: <131.225.204.62:9618?addrs=131.225.204.62-9618+[2620-6a-0-8420-f0-0-204-62]-9618&alias=lpcschedd5.fnal.gov&noUDP&sock=schedd_2770_916d>
...
040 (32358581.245.000) 2023-06-22 15:20:45 Started transferring input files
	Transferring to host: <131.225.188.25:9618?addrs=[2620-6a-0-8421-f0-0-188-25]-9618+131.225.188.25-9618&alias=cmswn2025.fnal.gov&noUDP&sock=slot1_29_2021_ba2b_52197>
...
040 (32358581.245.000) 2023-06-22 15:20:45 Finished transferring input files
...
001 (32358581.245.000) 2023-06-22 15:20:45 Job executing on host: <131.225.188.25:9618?addrs=[2620-6a-0-8421-f0-0-188-25]-9618+131.225.188.25-9618&alias=cmswn2025.fnal.gov&noUDP&sock=startd_1925_f7e6>
...
006 (32358581.245.000) 2023-06-22 15:21:56 Image size of job updated: 141
	141  -  MemoryUsage of job (MB)
	144712  -  ResidentSetSize of job (KB)
...
006 (32358581.245.000) 2023-06-22 15:22:57 Image size of job updated: 141
	141  -  MemoryUsage of job (MB)
	144868  -  ResidentSetSize of job (KB)
...
006 (32358581.245.000) 2023-06-22 15:23:54 Image size of job updated: 141
	141  -  MemoryUsage of job (MB)
	144896  -  ResidentSetSize of job (KB)
...
040 (32358581.245.000) 2023-06-22 15:23:54 Started transferring output files
...
040 (32358581.245.000) 2023-06-22 15:23:54 Finished transferring output files
...
005 (32358581.245.000) 2023-06-22 15:23:56 Job terminated.
	(1) Normal termination (return value 0)
		Usr 0 00:00:25, Sys 0 00:00:02  -  Run Remote Usage
		Usr 0 00:00:00, Sys 0 00:00:00  -  Run Local Usage
		Usr 0 00:00:25, Sys 0 00:00:02  -  Total Remote Usage
		Usr 0 00:00:00, Sys 0 00:00:00  -  Total Local Usage
	134377  -  Run Bytes Sent By Job
	224267  -  Run Bytes Received By Job
	134377  -  Total Bytes Sent By Job
	224267  -  Total Bytes Received By Job
	Partitionable Resources :    Usage  Request Allocated 
	   Cpus                 :     0.00        1         1 
	   Disk (KB)            :   900         225   1633296 
	   Memory (MB)          :   141        2048      2048 

	Job terminated of its own accord at 2023-06-22T20:23:54Z with exit-code 0.
...
