000 (32358581.297.000) 2023-06-22 15:12:16 Job submitted from host: <131.225.204.62:9618?addrs=131.225.204.62-9618+[2620-6a-0-8420-f0-0-204-62]-9618&alias=lpcschedd5.fnal.gov&noUDP&sock=schedd_2770_916d>
...
040 (32358581.297.000) 2023-06-22 15:21:30 Started transferring input files
	Transferring to host: <131.225.188.172:9618?addrs=[2620-6a-0-8421-f0-0-188-172]-9618+131.225.188.172-9618&alias=cmswn2057.fnal.gov&noUDP&sock=slot1_5_2016_344b_44521>
...
040 (32358581.297.000) 2023-06-22 15:21:30 Finished transferring input files
...
001 (32358581.297.000) 2023-06-22 15:21:30 Job executing on host: <131.225.188.172:9618?addrs=[2620-6a-0-8421-f0-0-188-172]-9618+131.225.188.172-9618&alias=cmswn2057.fnal.gov&noUDP&sock=startd_1916_cb8c>
...
006 (32358581.297.000) 2023-06-22 15:21:39 Image size of job updated: 13
	13  -  MemoryUsage of job (MB)
	13520  -  ResidentSetSize of job (KB)
...
006 (32358581.297.000) 2023-06-22 15:22:39 Image size of job updated: 146
	146  -  MemoryUsage of job (MB)
	149708  -  ResidentSetSize of job (KB)
...
006 (32358581.297.000) 2023-06-22 15:24:40 Image size of job updated: 146
	146  -  MemoryUsage of job (MB)
	150468  -  ResidentSetSize of job (KB)
...
006 (32358581.297.000) 2023-06-22 15:25:41 Image size of job updated: 146
	146  -  MemoryUsage of job (MB)
	150516  -  ResidentSetSize of job (KB)
...
006 (32358581.297.000) 2023-06-22 15:26:42 Image size of job updated: 147
	147  -  MemoryUsage of job (MB)
	150568  -  ResidentSetSize of job (KB)
...
006 (32358581.297.000) 2023-06-22 15:27:43 Image size of job updated: 147
	147  -  MemoryUsage of job (MB)
	150612  -  ResidentSetSize of job (KB)
...
006 (32358581.297.000) 2023-06-22 15:28:43 Image size of job updated: 147
	147  -  MemoryUsage of job (MB)
	150652  -  ResidentSetSize of job (KB)
...
006 (32358581.297.000) 2023-06-22 15:29:44 Image size of job updated: 147
	147  -  MemoryUsage of job (MB)
	150684  -  ResidentSetSize of job (KB)
...
006 (32358581.297.000) 2023-06-22 15:30:44 Image size of job updated: 147
	147  -  MemoryUsage of job (MB)
	150732  -  ResidentSetSize of job (KB)
...
006 (32358581.297.000) 2023-06-22 15:31:44 Image size of job updated: 147
	147  -  MemoryUsage of job (MB)
	150740  -  ResidentSetSize of job (KB)
...
006 (32358581.297.000) 2023-06-22 15:33:45 Image size of job updated: 147
	147  -  MemoryUsage of job (MB)
	150744  -  ResidentSetSize of job (KB)
...
006 (32358581.297.000) 2023-06-22 15:34:46 Image size of job updated: 147
	147  -  MemoryUsage of job (MB)
	150748  -  ResidentSetSize of job (KB)
...
006 (32358581.297.000) 2023-06-22 15:35:47 Image size of job updated: 147
	147  -  MemoryUsage of job (MB)
	150752  -  ResidentSetSize of job (KB)
...
006 (32358581.297.000) 2023-06-22 15:53:11 Image size of job updated: 147
	147  -  MemoryUsage of job (MB)
	150768  -  ResidentSetSize of job (KB)
...
040 (32358581.297.000) 2023-06-22 15:53:11 Started transferring output files
...
040 (32358581.297.000) 2023-06-22 15:53:11 Finished transferring output files
...
005 (32358581.297.000) 2023-06-22 15:53:12 Job terminated.
	(1) Normal termination (return value 0)
		Usr 0 00:10:39, Sys 0 00:19:57  -  Run Remote Usage
		Usr 0 00:00:00, Sys 0 00:00:00  -  Run Local Usage
		Usr 0 00:10:39, Sys 0 00:19:57  -  Total Remote Usage
		Usr 0 00:00:00, Sys 0 00:00:00  -  Total Local Usage
	139576  -  Run Bytes Sent By Job
	224267  -  Run Bytes Received By Job
	139576  -  Total Bytes Sent By Job
	224267  -  Total Bytes Received By Job
	Partitionable Resources :    Usage  Request Allocated 
	   Cpus                 :        0        1         1 
	   Disk (KB)            :      905      225   1637862 
	   Memory (MB)          :      147     2048      2048 

	Job terminated of its own accord at 2023-06-22T20:53:11Z with exit-code 0.
...
