000 (32358581.059.000) 2023-06-22 15:12:16 Job submitted from host: <131.225.204.62:9618?addrs=131.225.204.62-9618+[2620-6a-0-8420-f0-0-204-62]-9618&alias=lpcschedd5.fnal.gov&noUDP&sock=schedd_2770_916d>
...
040 (32358581.059.000) 2023-06-22 15:19:57 Entered queue to transfer input files
	Transferring to host: <131.225.188.157:9618?addrs=[2620-6a-0-8421-f0-0-188-157]-9618+131.225.188.157-9618&alias=cmswn2053.fnal.gov&noUDP&sock=slot1_8_2017_e8ab_51981>
...
040 (32358581.059.000) 2023-06-22 15:20:00 Started transferring input files
	Seconds spent in queue: 3
...
040 (32358581.059.000) 2023-06-22 15:20:00 Finished transferring input files
...
001 (32358581.059.000) 2023-06-22 15:20:00 Job executing on host: <131.225.188.157:9618?addrs=[2620-6a-0-8421-f0-0-188-157]-9618+131.225.188.157-9618&alias=cmswn2053.fnal.gov&noUDP&sock=startd_1921_3985>
...
006 (32358581.059.000) 2023-06-22 15:21:09 Image size of job updated: 145
	145  -  MemoryUsage of job (MB)
	149100  -  ResidentSetSize of job (KB)
...
006 (32358581.059.000) 2023-06-22 15:24:15 Image size of job updated: 146
	146  -  MemoryUsage of job (MB)
	149912  -  ResidentSetSize of job (KB)
...
006 (32358581.059.000) 2023-06-22 15:25:16 Image size of job updated: 146
	146  -  MemoryUsage of job (MB)
	150012  -  ResidentSetSize of job (KB)
...
006 (32358581.059.000) 2023-06-22 15:26:17 Image size of job updated: 146
	146  -  MemoryUsage of job (MB)
	150132  -  ResidentSetSize of job (KB)
...
006 (32358581.059.000) 2023-06-22 15:27:18 Image size of job updated: 146
	146  -  MemoryUsage of job (MB)
	150144  -  ResidentSetSize of job (KB)
...
040 (32358581.059.000) 2023-06-22 15:40:11 Started transferring output files
	Seconds spent in queue: 1214
...
040 (32358581.059.000) 2023-06-22 15:40:11 Finished transferring output files
...
005 (32358581.059.000) 2023-06-22 15:40:13 Job terminated.
	(1) Normal termination (return value 0)
		Usr 0 00:02:46, Sys 0 00:00:09  -  Run Remote Usage
		Usr 0 00:00:00, Sys 0 00:00:00  -  Run Local Usage
		Usr 0 00:02:46, Sys 0 00:00:09  -  Total Remote Usage
		Usr 0 00:00:00, Sys 0 00:00:00  -  Total Local Usage
	139085  -  Run Bytes Sent By Job
	224266  -  Run Bytes Received By Job
	139085  -  Total Bytes Sent By Job
	224266  -  Total Bytes Received By Job
	Partitionable Resources :    Usage  Request Allocated 
	   Cpus                 :     0.00        1         1 
	   Disk (KB)            :   905         225   1639248 
	   Memory (MB)          :   146        2048      2048 

	Job terminated of its own accord at 2023-06-22T20:40:11Z with exit-code 0.
...
