000 (32358581.363.000) 2023-06-22 15:12:17 Job submitted from host: <131.225.204.62:9618?addrs=131.225.204.62-9618+[2620-6a-0-8420-f0-0-204-62]-9618&alias=lpcschedd5.fnal.gov&noUDP&sock=schedd_2770_916d>
...
040 (32358581.363.000) 2023-06-22 15:22:13 Started transferring input files
	Transferring to host: <131.225.188.227:9618?addrs=[2620-6a-0-8421-f0-0-188-227]-9618+131.225.188.227-9618&alias=cmswn2071.fnal.gov&noUDP&sock=slot1_56_2022_6e8b_58473>
...
040 (32358581.363.000) 2023-06-22 15:22:13 Finished transferring input files
...
001 (32358581.363.000) 2023-06-22 15:22:13 Job executing on host: <131.225.188.227:9618?addrs=[2620-6a-0-8421-f0-0-188-227]-9618+131.225.188.227-9618&alias=cmswn2071.fnal.gov&noUDP&sock=startd_1930_65df>
...
006 (32358581.363.000) 2023-06-22 15:24:24 Image size of job updated: 152
	152  -  MemoryUsage of job (MB)
	155648  -  ResidentSetSize of job (KB)
...
006 (32358581.363.000) 2023-06-22 15:25:25 Image size of job updated: 152
	152  -  MemoryUsage of job (MB)
	155656  -  ResidentSetSize of job (KB)
...
006 (32358581.363.000) 2023-06-22 15:26:25 Image size of job updated: 152
	152  -  MemoryUsage of job (MB)
	155668  -  ResidentSetSize of job (KB)
...
006 (32358581.363.000) 2023-06-22 15:27:07 Image size of job updated: 152
	152  -  MemoryUsage of job (MB)
	155684  -  ResidentSetSize of job (KB)
...
040 (32358581.363.000) 2023-06-22 15:27:07 Started transferring output files
...
040 (32358581.363.000) 2023-06-22 15:27:07 Finished transferring output files
...
005 (32358581.363.000) 2023-06-22 15:27:13 Job terminated.
	(1) Normal termination (return value 0)
		Usr 0 00:02:30, Sys 0 00:00:07  -  Run Remote Usage
		Usr 0 00:00:00, Sys 0 00:00:00  -  Run Local Usage
		Usr 0 00:02:30, Sys 0 00:00:07  -  Total Remote Usage
		Usr 0 00:00:00, Sys 0 00:00:00  -  Total Local Usage
	143032  -  Run Bytes Sent By Job
	224267  -  Run Bytes Received By Job
	143032  -  Total Bytes Sent By Job
	224267  -  Total Bytes Received By Job
	Partitionable Resources :    Usage  Request Allocated 
	   Cpus                 :        0        1         1 
	   Disk (KB)            :      909      225   1621266 
	   Memory (MB)          :      152     2048      2048 

	Job terminated of its own accord at 2023-06-22T20:27:07Z with exit-code 0.
...
