000 (32358581.335.000) 2023-06-22 15:12:17 Job submitted from host: <131.225.204.62:9618?addrs=131.225.204.62-9618+[2620-6a-0-8420-f0-0-204-62]-9618&alias=lpcschedd5.fnal.gov&noUDP&sock=schedd_2770_916d>
...
040 (32358581.335.000) 2023-06-22 15:21:57 Started transferring input files
	Transferring to host: <131.225.188.242:9618?addrs=[2620-6a-0-8421-f0-0-188-242]-9618+131.225.188.242-9618&alias=cmswn2074.fnal.gov&noUDP&sock=slot1_58_2019_516b_39967>
...
040 (32358581.335.000) 2023-06-22 15:21:58 Finished transferring input files
...
001 (32358581.335.000) 2023-06-22 15:21:58 Job executing on host: <131.225.188.242:9618?addrs=[2620-6a-0-8421-f0-0-188-242]-9618+131.225.188.242-9618&alias=cmswn2074.fnal.gov&noUDP&sock=startd_1924_484e>
...
006 (32358581.335.000) 2023-06-22 15:22:06 Image size of job updated: 36
	36  -  MemoryUsage of job (MB)
	37188  -  ResidentSetSize of job (KB)
...
006 (32358581.335.000) 2023-06-22 15:23:07 Image size of job updated: 139
	139  -  MemoryUsage of job (MB)
	143104  -  ResidentSetSize of job (KB)
...
006 (32358581.335.000) 2023-06-22 15:24:07 Image size of job updated: 140
	140  -  MemoryUsage of job (MB)
	143388  -  ResidentSetSize of job (KB)
...
006 (32358581.335.000) 2023-06-22 15:25:07 Image size of job updated: 142
	142  -  MemoryUsage of job (MB)
	145856  -  ResidentSetSize of job (KB)
...
006 (32358581.335.000) 2023-06-22 15:26:08 Image size of job updated: 142
	142  -  MemoryUsage of job (MB)
	145932  -  ResidentSetSize of job (KB)
...
006 (32358581.335.000) 2023-06-22 15:27:09 Image size of job updated: 142
	142  -  MemoryUsage of job (MB)
	145988  -  ResidentSetSize of job (KB)
...
006 (32358581.335.000) 2023-06-22 15:28:10 Image size of job updated: 142
	142  -  MemoryUsage of job (MB)
	146052  -  ResidentSetSize of job (KB)
...
006 (32358581.335.000) 2023-06-22 15:29:10 Image size of job updated: 142
	142  -  MemoryUsage of job (MB)
	146096  -  ResidentSetSize of job (KB)
...
006 (32358581.335.000) 2023-06-22 15:30:10 Image size of job updated: 142
	142  -  MemoryUsage of job (MB)
	146108  -  ResidentSetSize of job (KB)
...
006 (32358581.335.000) 2023-06-22 15:31:10 Image size of job updated: 142
	142  -  MemoryUsage of job (MB)
	146136  -  ResidentSetSize of job (KB)
...
006 (32358581.335.000) 2023-06-22 15:35:13 Image size of job updated: 142
	142  -  MemoryUsage of job (MB)
	146160  -  ResidentSetSize of job (KB)
...
006 (32358581.335.000) 2023-06-22 15:36:13 Image size of job updated: 142
	142  -  MemoryUsage of job (MB)
	146168  -  ResidentSetSize of job (KB)
...
040 (32358581.335.000) 2023-06-22 15:47:39 Started transferring output files
...
040 (32358581.335.000) 2023-06-22 15:47:39 Finished transferring output files
...
005 (32358581.335.000) 2023-06-22 15:47:40 Job terminated.
	(1) Normal termination (return value 0)
		Usr 0 00:08:27, Sys 0 00:16:12  -  Run Remote Usage
		Usr 0 00:00:00, Sys 0 00:00:00  -  Run Local Usage
		Usr 0 00:08:27, Sys 0 00:16:12  -  Total Remote Usage
		Usr 0 00:00:00, Sys 0 00:00:00  -  Total Local Usage
	137856  -  Run Bytes Sent By Job
	224267  -  Run Bytes Received By Job
	137856  -  Total Bytes Sent By Job
	224267  -  Total Bytes Received By Job
	Partitionable Resources :    Usage  Request Allocated 
	   Cpus                 :     0.00        1         1 
	   Disk (KB)            :   904         225   1635474 
	   Memory (MB)          :   142        2048      2048 

	Job terminated of its own accord at 2023-06-22T20:47:39Z with exit-code 0.
...
