000 (32358581.168.000) 2023-06-22 15:12:16 Job submitted from host: <131.225.204.62:9618?addrs=131.225.204.62-9618+[2620-6a-0-8420-f0-0-204-62]-9618&alias=lpcschedd5.fnal.gov&noUDP&sock=schedd_2770_916d>
...
040 (32358581.168.000) 2023-06-22 15:20:34 Entered queue to transfer input files
	Transferring to host: <131.225.188.86:9618?addrs=[2620-6a-0-8421-f0-0-188-86]-9618+131.225.188.86-9618&alias=cmswn2042.fnal.gov&noUDP&sock=slot1_32_2091_0c6e_41020>
...
040 (32358581.168.000) 2023-06-22 15:20:45 Started transferring input files
	Seconds spent in queue: 11
...
040 (32358581.168.000) 2023-06-22 15:20:45 Finished transferring input files
...
001 (32358581.168.000) 2023-06-22 15:20:45 Job executing on host: <131.225.188.86:9618?addrs=[2620-6a-0-8421-f0-0-188-86]-9618+131.225.188.86-9618&alias=cmswn2042.fnal.gov&noUDP&sock=startd_2015_b36c>
...
006 (32358581.168.000) 2023-06-22 15:21:54 Image size of job updated: 160
	160  -  MemoryUsage of job (MB)
	164488  -  ResidentSetSize of job (KB)
...
006 (32358581.168.000) 2023-06-22 15:22:54 Image size of job updated: 161
	161  -  MemoryUsage of job (MB)
	165236  -  ResidentSetSize of job (KB)
...
006 (32358581.168.000) 2023-06-22 15:23:55 Image size of job updated: 161
	161  -  MemoryUsage of job (MB)
	165464  -  ResidentSetSize of job (KB)
...
006 (32358581.168.000) 2023-06-22 15:24:55 Image size of job updated: 161
	161  -  MemoryUsage of job (MB)
	165480  -  ResidentSetSize of job (KB)
...
006 (32358581.168.000) 2023-06-22 15:25:56 Image size of job updated: 161
	161  -  MemoryUsage of job (MB)
	165484  -  ResidentSetSize of job (KB)
...
006 (32358581.168.000) 2023-06-22 15:32:54 Image size of job updated: 161
	161  -  MemoryUsage of job (MB)
	165532  -  ResidentSetSize of job (KB)
...
040 (32358581.168.000) 2023-06-22 15:32:54 Started transferring output files
	Seconds spent in queue: 740
...
040 (32358581.168.000) 2023-06-22 15:32:54 Finished transferring output files
...
005 (32358581.168.000) 2023-06-22 15:32:55 Job terminated.
	(1) Normal termination (return value 0)
		Usr 0 00:04:42, Sys 0 00:00:16  -  Run Remote Usage
		Usr 0 00:00:00, Sys 0 00:00:00  -  Run Local Usage
		Usr 0 00:04:42, Sys 0 00:00:16  -  Total Remote Usage
		Usr 0 00:00:00, Sys 0 00:00:00  -  Total Local Usage
	145080  -  Run Bytes Sent By Job
	224267  -  Run Bytes Received By Job
	145080  -  Total Bytes Sent By Job
	224267  -  Total Bytes Received By Job
	Partitionable Resources :    Usage  Request Allocated 
	   Cpus                 :     0.00        1         1 
	   Disk (KB)            :   908         225   1634539 
	   Memory (MB)          :   161        2048      2048 

	Job terminated of its own accord at 2023-06-22T20:32:54Z with exit-code 0.
...
