000 (32358581.084.000) 2023-06-22 15:12:16 Job submitted from host: <131.225.204.62:9618?addrs=131.225.204.62-9618+[2620-6a-0-8420-f0-0-204-62]-9618&alias=lpcschedd5.fnal.gov&noUDP&sock=schedd_2770_916d>
...
040 (32358581.084.000) 2023-06-22 15:20:11 Started transferring input files
	Transferring to host: <131.225.188.199:9618?addrs=[2620-6a-0-8421-f0-0-188-199]-9618+131.225.188.199-9618&alias=cmswn2064.fnal.gov&noUDP&sock=slot1_57_2008_914b_42472>
...
040 (32358581.084.000) 2023-06-22 15:20:11 Finished transferring input files
...
001 (32358581.084.000) 2023-06-22 15:20:11 Job executing on host: <131.225.188.199:9618?addrs=[2620-6a-0-8421-f0-0-188-199]-9618+131.225.188.199-9618&alias=cmswn2064.fnal.gov&noUDP&sock=startd_1919_da55>
...
006 (32358581.084.000) 2023-06-22 15:20:19 Image size of job updated: 13
	13  -  MemoryUsage of job (MB)
	13904  -  ResidentSetSize of job (KB)
...
006 (32358581.084.000) 2023-06-22 15:21:20 Image size of job updated: 146
	146  -  MemoryUsage of job (MB)
	150216  -  ResidentSetSize of job (KB)
...
006 (32358581.084.000) 2023-06-22 15:22:20 Image size of job updated: 146
	146  -  MemoryUsage of job (MB)
	150228  -  ResidentSetSize of job (KB)
...
040 (32358581.084.000) 2023-06-22 15:22:47 Started transferring output files
...
040 (32358581.084.000) 2023-06-22 15:22:47 Finished transferring output files
...
005 (32358581.084.000) 2023-06-22 15:22:50 Job terminated.
	(1) Normal termination (return value 0)
		Usr 0 00:01:39, Sys 0 00:00:05  -  Run Remote Usage
		Usr 0 00:00:00, Sys 0 00:00:00  -  Run Local Usage
		Usr 0 00:01:39, Sys 0 00:00:05  -  Total Remote Usage
		Usr 0 00:00:00, Sys 0 00:00:00  -  Total Local Usage
	135854  -  Run Bytes Sent By Job
	224266  -  Run Bytes Received By Job
	135854  -  Total Bytes Sent By Job
	224266  -  Total Bytes Received By Job
	Partitionable Resources :    Usage  Request Allocated 
	   Cpus                 :     0.00        1         1 
	   Disk (KB)            :   902         225   1646337 
	   Memory (MB)          :   146        2048      2048 

	Job terminated of its own accord at 2023-06-22T20:22:47Z with exit-code 0.
...
