000 (32358581.214.000) 2023-06-22 15:12:16 Job submitted from host: <131.225.204.62:9618?addrs=131.225.204.62-9618+[2620-6a-0-8420-f0-0-204-62]-9618&alias=lpcschedd5.fnal.gov&noUDP&sock=schedd_2770_916d>
...
040 (32358581.214.000) 2023-06-22 15:20:39 Started transferring input files
	Transferring to host: <131.225.189.36:9618?addrs=[2620-6a-0-8421-f0-0-189-36]-9618+131.225.189.36-9618&alias=cmswn2089.fnal.gov&noUDP&sock=slot1_47_2130_8710_41604>
...
040 (32358581.214.000) 2023-06-22 15:20:40 Finished transferring input files
...
001 (32358581.214.000) 2023-06-22 15:20:40 Job executing on host: <131.225.189.36:9618?addrs=[2620-6a-0-8421-f0-0-189-36]-9618+131.225.189.36-9618&alias=cmswn2089.fnal.gov&noUDP&sock=startd_2027_ee8f>
...
006 (32358581.214.000) 2023-06-22 15:21:49 Image size of job updated: 149
	149  -  MemoryUsage of job (MB)
	153152  -  ResidentSetSize of job (KB)
...
006 (32358581.214.000) 2023-06-22 15:22:50 Image size of job updated: 149
	149  -  MemoryUsage of job (MB)
	153192  -  ResidentSetSize of job (KB)
...
006 (32358581.214.000) 2023-06-22 15:24:50 Image size of job updated: 149
	149  -  MemoryUsage of job (MB)
	153196  -  ResidentSetSize of job (KB)
...
040 (32358581.214.000) 2023-06-22 15:24:51 Started transferring output files
...
040 (32358581.214.000) 2023-06-22 15:24:51 Finished transferring output files
...
005 (32358581.214.000) 2023-06-22 15:24:53 Job terminated.
	(1) Normal termination (return value 0)
		Usr 0 00:03:13, Sys 0 00:00:08  -  Run Remote Usage
		Usr 0 00:00:00, Sys 0 00:00:00  -  Run Local Usage
		Usr 0 00:03:13, Sys 0 00:00:08  -  Total Remote Usage
		Usr 0 00:00:00, Sys 0 00:00:00  -  Total Local Usage
	141466  -  Run Bytes Sent By Job
	224267  -  Run Bytes Received By Job
	141466  -  Total Bytes Sent By Job
	224267  -  Total Bytes Received By Job
	Partitionable Resources :    Usage  Request Allocated 
	   Cpus                 :     0.00        1         1 
	   Disk (KB)            :   905         225   1630299 
	   Memory (MB)          :   149        2048      2048 

	Job terminated of its own accord at 2023-06-22T20:24:51Z with exit-code 0.
...
