000 (32358581.227.000) 2023-06-22 15:12:16 Job submitted from host: <131.225.204.62:9618?addrs=131.225.204.62-9618+[2620-6a-0-8420-f0-0-204-62]-9618&alias=lpcschedd5.fnal.gov&noUDP&sock=schedd_2770_916d>
...
040 (32358581.227.000) 2023-06-22 15:20:41 Entered queue to transfer input files
	Transferring to host: <131.225.189.37:9618?addrs=[2620-6a-0-8421-f0-0-189-37]-9618+131.225.189.37-9618&alias=cmswn2090.fnal.gov&noUDP&sock=slot1_48_2103_80ef_40739>
...
040 (32358581.227.000) 2023-06-22 15:20:45 Started transferring input files
	Seconds spent in queue: 4
...
040 (32358581.227.000) 2023-06-22 15:20:45 Finished transferring input files
...
001 (32358581.227.000) 2023-06-22 15:20:46 Job executing on host: <131.225.189.37:9618?addrs=[2620-6a-0-8421-f0-0-189-37]-9618+131.225.189.37-9618&alias=cmswn2090.fnal.gov&noUDP&sock=startd_1944_0033>
...
006 (32358581.227.000) 2023-06-22 15:23:58 Image size of job updated: 152
	152  -  MemoryUsage of job (MB)
	155704  -  ResidentSetSize of job (KB)
...
006 (32358581.227.000) 2023-06-22 15:24:58 Image size of job updated: 152
	152  -  MemoryUsage of job (MB)
	155724  -  ResidentSetSize of job (KB)
...
006 (32358581.227.000) 2023-06-22 15:26:59 Image size of job updated: 152
	152  -  MemoryUsage of job (MB)
	155740  -  ResidentSetSize of job (KB)
...
040 (32358581.227.000) 2023-06-22 15:27:30 Started transferring output files
	Seconds spent in queue: 409
...
040 (32358581.227.000) 2023-06-22 15:27:30 Finished transferring output files
...
005 (32358581.227.000) 2023-06-22 15:27:40 Job terminated.
	(1) Normal termination (return value 0)
		Usr 0 00:02:10, Sys 0 00:00:06  -  Run Remote Usage
		Usr 0 00:00:00, Sys 0 00:00:00  -  Run Local Usage
		Usr 0 00:02:10, Sys 0 00:00:06  -  Total Remote Usage
		Usr 0 00:00:00, Sys 0 00:00:00  -  Total Local Usage
	140192  -  Run Bytes Sent By Job
	224267  -  Run Bytes Received By Job
	140192  -  Total Bytes Sent By Job
	224267  -  Total Bytes Received By Job
	Partitionable Resources :    Usage  Request Allocated 
	   Cpus                 :     0.00        1         1 
	   Disk (KB)            :   907         225   1632525 
	   Memory (MB)          :   152        2048      2048 

	Job terminated of its own accord at 2023-06-22T20:27:29Z with exit-code 0.
...
