000 (32358581.329.000) 2023-06-22 15:12:17 Job submitted from host: <131.225.204.62:9618?addrs=131.225.204.62-9618+[2620-6a-0-8420-f0-0-204-62]-9618&alias=lpcschedd5.fnal.gov&noUDP&sock=schedd_2770_916d>
...
040 (32358581.329.000) 2023-06-22 15:21:56 Entered queue to transfer input files
	Transferring to host: <131.225.188.25:9618?addrs=[2620-6a-0-8421-f0-0-188-25]-9618+131.225.188.25-9618&alias=cmswn2025.fnal.gov&noUDP&sock=slot1_16_2021_ba2b_52201>
...
040 (32358581.329.000) 2023-06-22 15:21:57 Started transferring input files
	Seconds spent in queue: 1
...
040 (32358581.329.000) 2023-06-22 15:21:57 Finished transferring input files
...
001 (32358581.329.000) 2023-06-22 15:21:57 Job executing on host: <131.225.188.25:9618?addrs=[2620-6a-0-8421-f0-0-188-25]-9618+131.225.188.25-9618&alias=cmswn2025.fnal.gov&noUDP&sock=startd_1925_f7e6>
...
006 (32358581.329.000) 2023-06-22 15:22:06 Image size of job updated: 11
	11  -  MemoryUsage of job (MB)
	11380  -  ResidentSetSize of job (KB)
...
006 (32358581.329.000) 2023-06-22 15:23:07 Image size of job updated: 143
	143  -  MemoryUsage of job (MB)
	146592  -  ResidentSetSize of job (KB)
...
006 (32358581.329.000) 2023-06-22 15:24:07 Image size of job updated: 143
	143  -  MemoryUsage of job (MB)
	146596  -  ResidentSetSize of job (KB)
...
006 (32358581.329.000) 2023-06-22 15:25:09 Image size of job updated: 143
	143  -  MemoryUsage of job (MB)
	146620  -  ResidentSetSize of job (KB)
...
040 (32358581.329.000) 2023-06-22 15:25:19 Started transferring output files
	Seconds spent in queue: 203
...
040 (32358581.329.000) 2023-06-22 15:25:19 Finished transferring output files
...
005 (32358581.329.000) 2023-06-22 15:25:21 Job terminated.
	(1) Normal termination (return value 0)
		Usr 0 00:01:41, Sys 0 00:00:05  -  Run Remote Usage
		Usr 0 00:00:00, Sys 0 00:00:00  -  Run Local Usage
		Usr 0 00:01:41, Sys 0 00:00:05  -  Total Remote Usage
		Usr 0 00:00:00, Sys 0 00:00:00  -  Total Local Usage
	141051  -  Run Bytes Sent By Job
	224267  -  Run Bytes Received By Job
	141051  -  Total Bytes Sent By Job
	224267  -  Total Bytes Received By Job
	Partitionable Resources :    Usage  Request Allocated 
	   Cpus                 :     0.00        1         1 
	   Disk (KB)            :   907         225   1633296 
	   Memory (MB)          :   143        2048      2048 

	Job terminated of its own accord at 2023-06-22T20:25:18Z with exit-code 0.
...
