000 (32358581.361.000) 2023-06-22 15:12:17 Job submitted from host: <131.225.204.62:9618?addrs=131.225.204.62-9618+[2620-6a-0-8420-f0-0-204-62]-9618&alias=lpcschedd5.fnal.gov&noUDP&sock=schedd_2770_916d>
...
040 (32358581.361.000) 2023-06-22 15:22:16 Entered queue to transfer input files
	Transferring to host: <131.225.189.36:9618?addrs=[2620-6a-0-8421-f0-0-189-36]-9618+131.225.189.36-9618&alias=cmswn2089.fnal.gov&noUDP&sock=slot1_13_2130_8710_41608>
...
040 (32358581.361.000) 2023-06-22 15:22:46 Started transferring input files
	Seconds spent in queue: 30
...
040 (32358581.361.000) 2023-06-22 15:22:46 Finished transferring input files
...
001 (32358581.361.000) 2023-06-22 15:22:46 Job executing on host: <131.225.189.36:9618?addrs=[2620-6a-0-8421-f0-0-189-36]-9618+131.225.189.36-9618&alias=cmswn2089.fnal.gov&noUDP&sock=startd_2027_ee8f>
...
006 (32358581.361.000) 2023-06-22 15:22:56 Image size of job updated: 17
	17  -  MemoryUsage of job (MB)
	18152  -  ResidentSetSize of job (KB)
...
006 (32358581.361.000) 2023-06-22 15:23:56 Image size of job updated: 148
	148  -  MemoryUsage of job (MB)
	151988  -  ResidentSetSize of job (KB)
...
006 (32358581.361.000) 2023-06-22 15:24:57 Image size of job updated: 148
	148  -  MemoryUsage of job (MB)
	152000  -  ResidentSetSize of job (KB)
...
040 (32358581.361.000) 2023-06-22 15:26:20 Started transferring output files
	Seconds spent in queue: 244
...
040 (32358581.361.000) 2023-06-22 15:26:20 Finished transferring output files
...
005 (32358581.361.000) 2023-06-22 15:26:22 Job terminated.
	(1) Normal termination (return value 0)
		Usr 0 00:02:28, Sys 0 00:00:07  -  Run Remote Usage
		Usr 0 00:00:00, Sys 0 00:00:00  -  Run Local Usage
		Usr 0 00:02:28, Sys 0 00:00:07  -  Total Remote Usage
		Usr 0 00:00:00, Sys 0 00:00:00  -  Total Local Usage
	140207  -  Run Bytes Sent By Job
	224267  -  Run Bytes Received By Job
	140207  -  Total Bytes Sent By Job
	224267  -  Total Bytes Received By Job
	Partitionable Resources :    Usage  Request Allocated 
	   Cpus                 :        0        1         1 
	   Disk (KB)            :      904      225   1630299 
	   Memory (MB)          :      148     2048      2048 

	Job terminated of its own accord at 2023-06-22T20:26:19Z with exit-code 0.
...
