000 (32358581.429.000) 2023-06-22 15:12:17 Job submitted from host: <131.225.204.62:9618?addrs=131.225.204.62-9618+[2620-6a-0-8420-f0-0-204-62]-9618&alias=lpcschedd5.fnal.gov&noUDP&sock=schedd_2770_916d>
...
040 (32358581.429.000) 2023-06-22 15:23:04 Entered queue to transfer input files
	Transferring to host: <131.225.189.154:9618?addrs=[2620-6a-0-8421-f0-0-189-154]-9618+131.225.189.154-9618&alias=cmswn2111.fnal.gov&noUDP&sock=slot1_14_2116_a9cf_36186>
...
040 (32358581.429.000) 2023-06-22 15:23:48 Started transferring input files
	Seconds spent in queue: 44
...
040 (32358581.429.000) 2023-06-22 15:23:48 Finished transferring input files
...
001 (32358581.429.000) 2023-06-22 15:23:48 Job executing on host: <131.225.189.154:9618?addrs=[2620-6a-0-8421-f0-0-189-154]-9618+131.225.189.154-9618&alias=cmswn2111.fnal.gov&noUDP&sock=startd_2023_302e>
...
006 (32358581.429.000) 2023-06-22 15:23:57 Image size of job updated: 3
	3  -  MemoryUsage of job (MB)
	3808  -  ResidentSetSize of job (KB)
...
006 (32358581.429.000) 2023-06-22 15:24:58 Image size of job updated: 141
	141  -  MemoryUsage of job (MB)
	145356  -  ResidentSetSize of job (KB)
...
006 (32358581.429.000) 2023-06-22 15:25:58 Image size of job updated: 141
	141  -  MemoryUsage of job (MB)
	145392  -  ResidentSetSize of job (KB)
...
006 (32358581.429.000) 2023-06-22 15:26:47 Image size of job updated: 142
	142  -  MemoryUsage of job (MB)
	145772  -  ResidentSetSize of job (KB)
...
040 (32358581.429.000) 2023-06-22 15:26:47 Started transferring output files
	Seconds spent in queue: 223
...
040 (32358581.429.000) 2023-06-22 15:26:47 Finished transferring output files
...
005 (32358581.429.000) 2023-06-22 15:26:49 Job terminated.
	(1) Normal termination (return value 0)
		Usr 0 00:01:48, Sys 0 00:00:05  -  Run Remote Usage
		Usr 0 00:00:00, Sys 0 00:00:00  -  Run Local Usage
		Usr 0 00:01:48, Sys 0 00:00:05  -  Total Remote Usage
		Usr 0 00:00:00, Sys 0 00:00:00  -  Total Local Usage
	135598  -  Run Bytes Sent By Job
	224267  -  Run Bytes Received By Job
	135598  -  Total Bytes Sent By Job
	224267  -  Total Bytes Received By Job
	Partitionable Resources :    Usage  Request Allocated 
	   Cpus                 :     0.00        1         1 
	   Disk (KB)            :   898         225   3463171 
	   Memory (MB)          :   142        2048      2048 

	Job terminated of its own accord at 2023-06-22T20:26:47Z with exit-code 0.
...
