000 (32358581.340.000) 2023-06-22 15:12:17 Job submitted from host: <131.225.204.62:9618?addrs=131.225.204.62-9618+[2620-6a-0-8420-f0-0-204-62]-9618&alias=lpcschedd5.fnal.gov&noUDP&sock=schedd_2770_916d>
...
040 (32358581.340.000) 2023-06-22 15:22:01 Started transferring input files
	Transferring to host: <131.225.189.35:9618?addrs=[2620-6a-0-8421-f0-0-189-35]-9618+131.225.189.35-9618&alias=cmswn2088.fnal.gov&noUDP&sock=slot1_43_2076_7acd_41226>
...
040 (32358581.340.000) 2023-06-22 15:22:01 Finished transferring input files
...
001 (32358581.340.000) 2023-06-22 15:22:01 Job executing on host: <131.225.189.35:9618?addrs=[2620-6a-0-8421-f0-0-189-35]-9618+131.225.189.35-9618&alias=cmswn2088.fnal.gov&noUDP&sock=startd_1919_da55>
...
006 (32358581.340.000) 2023-06-22 15:22:10 Image size of job updated: 36
	36  -  MemoryUsage of job (MB)
	37052  -  ResidentSetSize of job (KB)
...
006 (32358581.340.000) 2023-06-22 15:23:10 Image size of job updated: 142
	142  -  MemoryUsage of job (MB)
	145444  -  ResidentSetSize of job (KB)
...
006 (32358581.340.000) 2023-06-22 15:24:11 Image size of job updated: 143
	143  -  MemoryUsage of job (MB)
	146884  -  ResidentSetSize of job (KB)
...
006 (32358581.340.000) 2023-06-22 15:25:11 Image size of job updated: 143
	143  -  MemoryUsage of job (MB)
	147308  -  ResidentSetSize of job (KB)
...
006 (32358581.340.000) 2023-06-22 15:26:12 Image size of job updated: 143
	143  -  MemoryUsage of job (MB)
	147444  -  ResidentSetSize of job (KB)
...
006 (32358581.340.000) 2023-06-22 15:27:12 Image size of job updated: 144
	144  -  MemoryUsage of job (MB)
	147480  -  ResidentSetSize of job (KB)
...
006 (32358581.340.000) 2023-06-22 15:28:13 Image size of job updated: 144
	144  -  MemoryUsage of job (MB)
	147540  -  ResidentSetSize of job (KB)
...
006 (32358581.340.000) 2023-06-22 15:29:14 Image size of job updated: 144
	144  -  MemoryUsage of job (MB)
	147600  -  ResidentSetSize of job (KB)
...
006 (32358581.340.000) 2023-06-22 15:30:14 Image size of job updated: 144
	144  -  MemoryUsage of job (MB)
	147628  -  ResidentSetSize of job (KB)
...
006 (32358581.340.000) 2023-06-22 15:31:14 Image size of job updated: 144
	144  -  MemoryUsage of job (MB)
	147640  -  ResidentSetSize of job (KB)
...
006 (32358581.340.000) 2023-06-22 15:34:17 Image size of job updated: 144
	144  -  MemoryUsage of job (MB)
	147648  -  ResidentSetSize of job (KB)
...
006 (32358581.340.000) 2023-06-22 15:44:22 Image size of job updated: 144
	144  -  MemoryUsage of job (MB)
	147680  -  ResidentSetSize of job (KB)
...
006 (32358581.340.000) 2023-06-22 15:45:22 Image size of job updated: 144
	144  -  MemoryUsage of job (MB)
	147684  -  ResidentSetSize of job (KB)
...
040 (32358581.340.000) 2023-06-22 15:46:17 Started transferring output files
...
040 (32358581.340.000) 2023-06-22 15:46:17 Finished transferring output files
...
005 (32358581.340.000) 2023-06-22 15:46:19 Job terminated.
	(1) Normal termination (return value 0)
		Usr 0 00:08:37, Sys 0 00:14:10  -  Run Remote Usage
		Usr 0 00:00:00, Sys 0 00:00:00  -  Run Local Usage
		Usr 0 00:08:37, Sys 0 00:14:10  -  Total Remote Usage
		Usr 0 00:00:00, Sys 0 00:00:00  -  Total Local Usage
	137992  -  Run Bytes Sent By Job
	224267  -  Run Bytes Received By Job
	137992  -  Total Bytes Sent By Job
	224267  -  Total Bytes Received By Job
	Partitionable Resources :    Usage  Request Allocated 
	   Cpus                 :     0.00        1         1 
	   Disk (KB)            :   904         225   1622189 
	   Memory (MB)          :   144        2048      2048 

	Job terminated of its own accord at 2023-06-22T20:46:17Z with exit-code 0.
...
