000 (32358581.339.000) 2023-06-22 15:12:17 Job submitted from host: <131.225.204.62:9618?addrs=131.225.204.62-9618+[2620-6a-0-8420-f0-0-204-62]-9618&alias=lpcschedd5.fnal.gov&noUDP&sock=schedd_2770_916d>
...
040 (32358581.339.000) 2023-06-22 15:22:01 Started transferring input files
	Transferring to host: <131.225.188.179:9618?addrs=[2620-6a-0-8421-f0-0-188-179]-9618+131.225.188.179-9618&alias=cmswn2059.fnal.gov&noUDP&sock=slot1_18_2012_62cb_10086>
...
040 (32358581.339.000) 2023-06-22 15:22:01 Finished transferring input files
...
001 (32358581.339.000) 2023-06-22 15:22:01 Job executing on host: <131.225.188.179:9618?addrs=[2620-6a-0-8421-f0-0-188-179]-9618+131.225.188.179-9618&alias=cmswn2059.fnal.gov&noUDP&sock=startd_1929_b647>
...
006 (32358581.339.000) 2023-06-22 15:22:10 Image size of job updated: 27
	27  -  MemoryUsage of job (MB)
	27944  -  ResidentSetSize of job (KB)
...
006 (32358581.339.000) 2023-06-22 15:23:10 Image size of job updated: 145
	145  -  MemoryUsage of job (MB)
	148704  -  ResidentSetSize of job (KB)
...
006 (32358581.339.000) 2023-06-22 15:24:10 Image size of job updated: 145
	145  -  MemoryUsage of job (MB)
	148748  -  ResidentSetSize of job (KB)
...
006 (32358581.339.000) 2023-06-22 15:25:00 Image size of job updated: 145
	145  -  MemoryUsage of job (MB)
	148752  -  ResidentSetSize of job (KB)
...
040 (32358581.339.000) 2023-06-22 15:25:00 Started transferring output files
...
040 (32358581.339.000) 2023-06-22 15:25:00 Finished transferring output files
...
005 (32358581.339.000) 2023-06-22 15:25:01 Job terminated.
	(1) Normal termination (return value 0)
		Usr 0 00:01:39, Sys 0 00:00:05  -  Run Remote Usage
		Usr 0 00:00:00, Sys 0 00:00:00  -  Run Local Usage
		Usr 0 00:01:39, Sys 0 00:00:05  -  Total Remote Usage
		Usr 0 00:00:00, Sys 0 00:00:00  -  Total Local Usage
	138793  -  Run Bytes Sent By Job
	224267  -  Run Bytes Received By Job
	138793  -  Total Bytes Sent By Job
	224267  -  Total Bytes Received By Job
	Partitionable Resources :    Usage  Request Allocated 
	   Cpus                 :        0        1         1 
	   Disk (KB)            :      904      225   1654204 
	   Memory (MB)          :      145     2048      2048 

	Job terminated of its own accord at 2023-06-22T20:25:00Z with exit-code 0.
...
