000 (32358581.164.000) 2023-06-22 15:12:16 Job submitted from host: <131.225.204.62:9618?addrs=131.225.204.62-9618+[2620-6a-0-8420-f0-0-204-62]-9618&alias=lpcschedd5.fnal.gov&noUDP&sock=schedd_2770_916d>
...
040 (32358581.164.000) 2023-06-22 15:20:33 Entered queue to transfer input files
	Transferring to host: <131.225.189.34:9618?addrs=[2620-6a-0-8421-f0-0-189-34]-9618+131.225.189.34-9618&alias=cmswn2087.fnal.gov&noUDP&sock=slot1_30_2044_eecc_21449>
...
040 (32358581.164.000) 2023-06-22 15:20:45 Started transferring input files
	Seconds spent in queue: 12
...
040 (32358581.164.000) 2023-06-22 15:20:45 Finished transferring input files
...
001 (32358581.164.000) 2023-06-22 15:20:45 Job executing on host: <131.225.189.34:9618?addrs=[2620-6a-0-8421-f0-0-189-34]-9618+131.225.189.34-9618&alias=cmswn2087.fnal.gov&noUDP&sock=startd_1929_b647>
...
006 (32358581.164.000) 2023-06-22 15:21:55 Image size of job updated: 158
	158  -  MemoryUsage of job (MB)
	161900  -  ResidentSetSize of job (KB)
...
006 (32358581.164.000) 2023-06-22 15:22:56 Image size of job updated: 158
	158  -  MemoryUsage of job (MB)
	162732  -  ResidentSetSize of job (KB)
...
006 (32358581.164.000) 2023-06-22 15:23:57 Image size of job updated: 159
	159  -  MemoryUsage of job (MB)
	162900  -  ResidentSetSize of job (KB)
...
006 (32358581.164.000) 2023-06-22 15:24:57 Image size of job updated: 159
	159  -  MemoryUsage of job (MB)
	162904  -  ResidentSetSize of job (KB)
...
006 (32358581.164.000) 2023-06-22 15:30:00 Image size of job updated: 159
	159  -  MemoryUsage of job (MB)
	162908  -  ResidentSetSize of job (KB)
...
040 (32358581.164.000) 2023-06-22 15:33:02 Started transferring output files
	Seconds spent in queue: 749
...
040 (32358581.164.000) 2023-06-22 15:33:02 Finished transferring output files
...
005 (32358581.164.000) 2023-06-22 15:33:03 Job terminated.
	(1) Normal termination (return value 0)
		Usr 0 00:04:31, Sys 0 00:00:13  -  Run Remote Usage
		Usr 0 00:00:00, Sys 0 00:00:00  -  Run Local Usage
		Usr 0 00:04:31, Sys 0 00:00:13  -  Total Remote Usage
		Usr 0 00:00:00, Sys 0 00:00:00  -  Total Local Usage
	148361  -  Run Bytes Sent By Job
	224267  -  Run Bytes Received By Job
	148361  -  Total Bytes Sent By Job
	224267  -  Total Bytes Received By Job
	Partitionable Resources :    Usage  Request Allocated 
	   Cpus                 :     0.00        1         1 
	   Disk (KB)            :   910         225   1635237 
	   Memory (MB)          :   159        2048      2048 

	Job terminated of its own accord at 2023-06-22T20:33:02Z with exit-code 0.
...
