000 (32358581.273.000) 2023-06-22 15:12:16 Job submitted from host: <131.225.204.62:9618?addrs=131.225.204.62-9618+[2620-6a-0-8420-f0-0-204-62]-9618&alias=lpcschedd5.fnal.gov&noUDP&sock=schedd_2770_916d>
...
040 (32358581.273.000) 2023-06-22 15:21:04 Started transferring input files
	Transferring to host: <131.225.188.76:9618?addrs=[2620-6a-0-8421-f0-0-188-76]-9618+131.225.188.76-9618&alias=cmswn2039.fnal.gov&noUDP&sock=slot1_57_2124_4ccf_53663>
...
040 (32358581.273.000) 2023-06-22 15:21:04 Finished transferring input files
...
001 (32358581.273.000) 2023-06-22 15:21:04 Job executing on host: <131.225.188.76:9618?addrs=[2620-6a-0-8421-f0-0-188-76]-9618+131.225.188.76-9618&alias=cmswn2039.fnal.gov&noUDP&sock=startd_2006_8712>
...
006 (32358581.273.000) 2023-06-22 15:23:15 Image size of job updated: 91
	91  -  MemoryUsage of job (MB)
	94028  -  ResidentSetSize of job (KB)
...
006 (32358581.273.000) 2023-06-22 15:24:16 Image size of job updated: 145
	145  -  MemoryUsage of job (MB)
	149464  -  ResidentSetSize of job (KB)
...
006 (32358581.273.000) 2023-06-22 15:26:18 Image size of job updated: 145
	145  -  MemoryUsage of job (MB)
	149488  -  ResidentSetSize of job (KB)
...
040 (32358581.273.000) 2023-06-22 15:26:49 Started transferring output files
...
040 (32358581.273.000) 2023-06-22 15:26:49 Finished transferring output files
...
005 (32358581.273.000) 2023-06-22 15:27:02 Job terminated.
	(1) Normal termination (return value 0)
		Usr 0 00:01:09, Sys 0 00:00:03  -  Run Remote Usage
		Usr 0 00:00:00, Sys 0 00:00:00  -  Run Local Usage
		Usr 0 00:01:09, Sys 0 00:00:03  -  Total Remote Usage
		Usr 0 00:00:00, Sys 0 00:00:00  -  Total Local Usage
	139335  -  Run Bytes Sent By Job
	224267  -  Run Bytes Received By Job
	139335  -  Total Bytes Sent By Job
	224267  -  Total Bytes Received By Job
	Partitionable Resources :    Usage  Request Allocated 
	   Cpus                 :        0        1         1 
	   Disk (KB)            :      906      225   1642076 
	   Memory (MB)          :      145     2048      2048 

	Job terminated of its own accord at 2023-06-22T20:26:49Z with exit-code 0.
...
