000 (32358581.044.000) 2023-06-22 15:12:16 Job submitted from host: <131.225.204.62:9618?addrs=131.225.204.62-9618+[2620-6a-0-8420-f0-0-204-62]-9618&alias=lpcschedd5.fnal.gov&noUDP&sock=schedd_2770_916d>
...
040 (32358581.044.000) 2023-06-22 15:19:31 Entered queue to transfer input files
	Transferring to host: <131.225.188.25:9618?addrs=[2620-6a-0-8421-f0-0-188-25]-9618+131.225.188.25-9618&alias=cmswn2025.fnal.gov&noUDP&sock=slot1_22_2021_ba2b_52192>
...
040 (32358581.044.000) 2023-06-22 15:19:32 Started transferring input files
	Seconds spent in queue: 1
...
040 (32358581.044.000) 2023-06-22 15:19:32 Finished transferring input files
...
001 (32358581.044.000) 2023-06-22 15:19:32 Job executing on host: <131.225.188.25:9618?addrs=[2620-6a-0-8421-f0-0-188-25]-9618+131.225.188.25-9618&alias=cmswn2025.fnal.gov&noUDP&sock=startd_1925_f7e6>
...
006 (32358581.044.000) 2023-06-22 15:20:41 Image size of job updated: 126
	126  -  MemoryUsage of job (MB)
	129036  -  ResidentSetSize of job (KB)
...
006 (32358581.044.000) 2023-06-22 15:21:42 Image size of job updated: 133
	133  -  MemoryUsage of job (MB)
	136484  -  ResidentSetSize of job (KB)
...
006 (32358581.044.000) 2023-06-22 15:22:43 Image size of job updated: 133
	133  -  MemoryUsage of job (MB)
	136616  -  ResidentSetSize of job (KB)
...
006 (32358581.044.000) 2023-06-22 15:23:44 Image size of job updated: 133
	133  -  MemoryUsage of job (MB)
	136696  -  ResidentSetSize of job (KB)
...
006 (32358581.044.000) 2023-06-22 15:24:32 Image size of job updated: 133
	133  -  MemoryUsage of job (MB)
	136756  -  ResidentSetSize of job (KB)
...
040 (32358581.044.000) 2023-06-22 15:24:32 Started transferring output files
	Seconds spent in queue: 301
...
040 (32358581.044.000) 2023-06-22 15:24:32 Finished transferring output files
...
005 (32358581.044.000) 2023-06-22 15:24:33 Job terminated.
	(1) Normal termination (return value 0)
		Usr 0 00:00:32, Sys 0 00:00:03  -  Run Remote Usage
		Usr 0 00:00:00, Sys 0 00:00:00  -  Run Local Usage
		Usr 0 00:00:32, Sys 0 00:00:03  -  Total Remote Usage
		Usr 0 00:00:00, Sys 0 00:00:00  -  Total Local Usage
	120644  -  Run Bytes Sent By Job
	224266  -  Run Bytes Received By Job
	120644  -  Total Bytes Sent By Job
	224266  -  Total Bytes Received By Job
	Partitionable Resources :    Usage  Request Allocated 
	   Cpus                 :        0        1         1 
	   Disk (KB)            :      887      225   1633296 
	   Memory (MB)          :      133     2048      2048 

	Job terminated of its own accord at 2023-06-22T20:24:32Z with exit-code 0.
...
