000 (32358581.366.000) 2023-06-22 15:12:17 Job submitted from host: <131.225.204.62:9618?addrs=131.225.204.62-9618+[2620-6a-0-8420-f0-0-204-62]-9618&alias=lpcschedd5.fnal.gov&noUDP&sock=schedd_2770_916d>
...
040 (32358581.366.000) 2023-06-22 15:22:24 Entered queue to transfer input files
	Transferring to host: <131.225.188.54:9618?addrs=[2620-6a-0-8421-f0-0-188-54]-9618+131.225.188.54-9618&alias=cmswn2034.fnal.gov&noUDP&sock=slot1_45_2117_5e2f_58826>
...
040 (32358581.366.000) 2023-06-22 15:22:32 Started transferring input files
	Seconds spent in queue: 8
...
040 (32358581.366.000) 2023-06-22 15:22:33 Finished transferring input files
...
001 (32358581.366.000) 2023-06-22 15:22:33 Job executing on host: <131.225.188.54:9618?addrs=[2620-6a-0-8421-f0-0-188-54]-9618+131.225.188.54-9618&alias=cmswn2034.fnal.gov&noUDP&sock=startd_2017_129d>
...
006 (32358581.366.000) 2023-06-22 15:23:41 Image size of job updated: 140
	140  -  MemoryUsage of job (MB)
	144196  -  ResidentSetSize of job (KB)
...
006 (32358581.366.000) 2023-06-22 15:24:42 Image size of job updated: 140
	140  -  MemoryUsage of job (MB)
	144204  -  ResidentSetSize of job (KB)
...
040 (32358581.366.000) 2023-06-22 15:25:08 Started transferring output files
	Seconds spent in queue: 164
...
040 (32358581.366.000) 2023-06-22 15:25:08 Finished transferring output files
...
005 (32358581.366.000) 2023-06-22 15:25:09 Job terminated.
	(1) Normal termination (return value 0)
		Usr 0 00:00:44, Sys 0 00:00:03  -  Run Remote Usage
		Usr 0 00:00:00, Sys 0 00:00:00  -  Run Local Usage
		Usr 0 00:00:44, Sys 0 00:00:03  -  Total Remote Usage
		Usr 0 00:00:00, Sys 0 00:00:00  -  Total Local Usage
	134469  -  Run Bytes Sent By Job
	224267  -  Run Bytes Received By Job
	134469  -  Total Bytes Sent By Job
	224267  -  Total Bytes Received By Job
	Partitionable Resources :    Usage  Request Allocated 
	   Cpus                 :        0        1         1 
	   Disk (KB)            :      900      225   1637987 
	   Memory (MB)          :      140     2048      2048 

	Job terminated of its own accord at 2023-06-22T20:25:07Z with exit-code 0.
...
