000 (32358581.322.000) 2023-06-22 15:12:17 Job submitted from host: <131.225.204.62:9618?addrs=131.225.204.62-9618+[2620-6a-0-8420-f0-0-204-62]-9618&alias=lpcschedd5.fnal.gov&noUDP&sock=schedd_2770_916d>
...
040 (32358581.322.000) 2023-06-22 15:21:51 Entered queue to transfer input files
	Transferring to host: <131.225.188.112:9618?addrs=[2620-6a-0-8421-f0-0-188-112]-9618+131.225.188.112-9618&alias=cmswn2048.fnal.gov&noUDP&sock=slot1_12_2016_344b_9141>
...
040 (32358581.322.000) 2023-06-22 15:22:25 Started transferring input files
	Seconds spent in queue: 34
...
040 (32358581.322.000) 2023-06-22 15:22:25 Finished transferring input files
...
001 (32358581.322.000) 2023-06-22 15:22:26 Job executing on host: <131.225.188.112:9618?addrs=[2620-6a-0-8421-f0-0-188-112]-9618+131.225.188.112-9618&alias=cmswn2048.fnal.gov&noUDP&sock=startd_1934_2440>
...
006 (32358581.322.000) 2023-06-22 15:22:34 Image size of job updated: 27
	27  -  MemoryUsage of job (MB)
	27928  -  ResidentSetSize of job (KB)
...
006 (32358581.322.000) 2023-06-22 15:23:35 Image size of job updated: 145
	145  -  MemoryUsage of job (MB)
	148644  -  ResidentSetSize of job (KB)
...
006 (32358581.322.000) 2023-06-22 15:24:36 Image size of job updated: 145
	145  -  MemoryUsage of job (MB)
	148664  -  ResidentSetSize of job (KB)
...
006 (32358581.322.000) 2023-06-22 15:25:37 Image size of job updated: 145
	145  -  MemoryUsage of job (MB)
	148680  -  ResidentSetSize of job (KB)
...
006 (32358581.322.000) 2023-06-22 15:25:49 Image size of job updated: 145
	145  -  MemoryUsage of job (MB)
	148696  -  ResidentSetSize of job (KB)
...
040 (32358581.322.000) 2023-06-22 15:25:49 Started transferring output files
	Seconds spent in queue: 238
...
040 (32358581.322.000) 2023-06-22 15:25:49 Finished transferring output files
...
005 (32358581.322.000) 2023-06-22 15:25:52 Job terminated.
	(1) Normal termination (return value 0)
		Usr 0 00:02:46, Sys 0 00:00:07  -  Run Remote Usage
		Usr 0 00:00:00, Sys 0 00:00:00  -  Run Local Usage
		Usr 0 00:02:46, Sys 0 00:00:07  -  Total Remote Usage
		Usr 0 00:00:00, Sys 0 00:00:00  -  Total Local Usage
	141044  -  Run Bytes Sent By Job
	224267  -  Run Bytes Received By Job
	141044  -  Total Bytes Sent By Job
	224267  -  Total Bytes Received By Job
	Partitionable Resources :    Usage  Request Allocated 
	   Cpus                 :     0.00        1         1 
	   Disk (KB)            :   907         225   1629786 
	   Memory (MB)          :   145        2048      2048 

	Job terminated of its own accord at 2023-06-22T20:25:49Z with exit-code 0.
...
