000 (32358581.319.000) 2023-06-22 15:12:17 Job submitted from host: <131.225.204.62:9618?addrs=131.225.204.62-9618+[2620-6a-0-8420-f0-0-204-62]-9618&alias=lpcschedd5.fnal.gov&noUDP&sock=schedd_2770_916d>
...
040 (32358581.319.000) 2023-06-22 15:21:53 Entered queue to transfer input files
	Transferring to host: <131.225.188.106:9618?addrs=[2620-6a-0-8421-f0-0-188-106]-9618+131.225.188.106-9618&alias=cmswn2047.fnal.gov&noUDP&sock=slot1_16_2166_e491_48083>
...
040 (32358581.319.000) 2023-06-22 15:21:57 Started transferring input files
	Seconds spent in queue: 4
...
040 (32358581.319.000) 2023-06-22 15:21:57 Finished transferring input files
...
001 (32358581.319.000) 2023-06-22 15:21:57 Job executing on host: <131.225.188.106:9618?addrs=[2620-6a-0-8421-f0-0-188-106]-9618+131.225.188.106-9618&alias=cmswn2047.fnal.gov&noUDP&sock=startd_1933_74a8>
...
006 (32358581.319.000) 2023-06-22 15:22:06 Image size of job updated: 6
	6  -  MemoryUsage of job (MB)
	6932  -  ResidentSetSize of job (KB)
...
006 (32358581.319.000) 2023-06-22 15:23:06 Image size of job updated: 156
	156  -  MemoryUsage of job (MB)
	159980  -  ResidentSetSize of job (KB)
...
006 (32358581.319.000) 2023-06-22 15:24:06 Image size of job updated: 156
	156  -  MemoryUsage of job (MB)
	159984  -  ResidentSetSize of job (KB)
...
006 (32358581.319.000) 2023-06-22 15:25:06 Image size of job updated: 156
	156  -  MemoryUsage of job (MB)
	159992  -  ResidentSetSize of job (KB)
...
006 (32358581.319.000) 2023-06-22 15:26:06 Image size of job updated: 156
	156  -  MemoryUsage of job (MB)
	160008  -  ResidentSetSize of job (KB)
...
040 (32358581.319.000) 2023-06-22 15:27:01 Started transferring output files
	Seconds spent in queue: 308
...
040 (32358581.319.000) 2023-06-22 15:27:01 Finished transferring output files
...
005 (32358581.319.000) 2023-06-22 15:27:03 Job terminated.
	(1) Normal termination (return value 0)
		Usr 0 00:04:25, Sys 0 00:00:12  -  Run Remote Usage
		Usr 0 00:00:00, Sys 0 00:00:00  -  Run Local Usage
		Usr 0 00:04:25, Sys 0 00:00:12  -  Total Remote Usage
		Usr 0 00:00:00, Sys 0 00:00:00  -  Total Local Usage
	145697  -  Run Bytes Sent By Job
	224267  -  Run Bytes Received By Job
	145697  -  Total Bytes Sent By Job
	224267  -  Total Bytes Received By Job
	Partitionable Resources :    Usage  Request Allocated 
	   Cpus                 :        0        1         1 
	   Disk (KB)            :      912      225   1637500 
	   Memory (MB)          :      156     2048      2048 

	Job terminated of its own accord at 2023-06-22T20:27:01Z with exit-code 0.
...
