000 (32358581.205.000) 2023-06-22 15:12:16 Job submitted from host: <131.225.204.62:9618?addrs=131.225.204.62-9618+[2620-6a-0-8420-f0-0-204-62]-9618&alias=lpcschedd5.fnal.gov&noUDP&sock=schedd_2770_916d>
...
040 (32358581.205.000) 2023-06-22 15:20:36 Started transferring input files
	Transferring to host: <131.225.189.36:9618?addrs=[2620-6a-0-8421-f0-0-189-36]-9618+131.225.189.36-9618&alias=cmswn2089.fnal.gov&noUDP&sock=slot1_35_2130_8710_41598>
...
040 (32358581.205.000) 2023-06-22 15:20:37 Finished transferring input files
...
001 (32358581.205.000) 2023-06-22 15:20:37 Job executing on host: <131.225.189.36:9618?addrs=[2620-6a-0-8421-f0-0-189-36]-9618+131.225.189.36-9618&alias=cmswn2089.fnal.gov&noUDP&sock=startd_2027_ee8f>
...
006 (32358581.205.000) 2023-06-22 15:21:47 Image size of job updated: 160
	160  -  MemoryUsage of job (MB)
	164496  -  ResidentSetSize of job (KB)
...
006 (32358581.205.000) 2023-06-22 15:22:47 Image size of job updated: 160
	160  -  MemoryUsage of job (MB)
	164544  -  ResidentSetSize of job (KB)
...
040 (32358581.205.000) 2023-06-22 15:26:10 Started transferring output files
...
040 (32358581.205.000) 2023-06-22 15:26:10 Finished transferring output files
...
005 (32358581.205.000) 2023-06-22 15:26:11 Job terminated.
	(1) Normal termination (return value 0)
		Usr 0 00:04:27, Sys 0 00:00:11  -  Run Remote Usage
		Usr 0 00:00:00, Sys 0 00:00:00  -  Run Local Usage
		Usr 0 00:04:27, Sys 0 00:00:11  -  Total Remote Usage
		Usr 0 00:00:00, Sys 0 00:00:00  -  Total Local Usage
	146262  -  Run Bytes Sent By Job
	224267  -  Run Bytes Received By Job
	146262  -  Total Bytes Sent By Job
	224267  -  Total Bytes Received By Job
	Partitionable Resources :    Usage  Request Allocated 
	   Cpus                 :        0        1         1 
	   Disk (KB)            :      910      225   1630299 
	   Memory (MB)          :      160     2048      2048 

	Job terminated of its own accord at 2023-06-22T20:26:10Z with exit-code 0.
...
