000 (32358581.069.000) 2023-06-22 15:12:16 Job submitted from host: <131.225.204.62:9618?addrs=131.225.204.62-9618+[2620-6a-0-8420-f0-0-204-62]-9618&alias=lpcschedd5.fnal.gov&noUDP&sock=schedd_2770_916d>
...
040 (32358581.069.000) 2023-06-22 15:19:51 Started transferring input files
	Transferring to host: <131.225.188.94:9618?addrs=[2620-6a-0-8421-f0-0-188-94]-9618+131.225.188.94-9618&alias=cmswn2045.fnal.gov&noUDP&sock=slot1_54_2109_bb2f_47984>
...
040 (32358581.069.000) 2023-06-22 15:19:51 Finished transferring input files
...
001 (32358581.069.000) 2023-06-22 15:19:51 Job executing on host: <131.225.188.94:9618?addrs=[2620-6a-0-8421-f0-0-188-94]-9618+131.225.188.94-9618&alias=cmswn2045.fnal.gov&noUDP&sock=startd_1924_484e>
...
006 (32358581.069.000) 2023-06-22 15:21:02 Image size of job updated: 91
	91  -  MemoryUsage of job (MB)
	94024  -  ResidentSetSize of job (KB)
...
006 (32358581.069.000) 2023-06-22 15:22:03 Image size of job updated: 145
	145  -  MemoryUsage of job (MB)
	148716  -  ResidentSetSize of job (KB)
...
006 (32358581.069.000) 2023-06-22 15:23:03 Image size of job updated: 145
	145  -  MemoryUsage of job (MB)
	148728  -  ResidentSetSize of job (KB)
...
006 (32358581.069.000) 2023-06-22 15:24:04 Image size of job updated: 145
	145  -  MemoryUsage of job (MB)
	148828  -  ResidentSetSize of job (KB)
...
040 (32358581.069.000) 2023-06-22 15:24:32 Started transferring output files
...
040 (32358581.069.000) 2023-06-22 15:24:32 Finished transferring output files
...
005 (32358581.069.000) 2023-06-22 15:24:44 Job terminated.
	(1) Normal termination (return value 0)
		Usr 0 00:01:51, Sys 0 00:00:05  -  Run Remote Usage
		Usr 0 00:00:00, Sys 0 00:00:00  -  Run Local Usage
		Usr 0 00:01:51, Sys 0 00:00:05  -  Total Remote Usage
		Usr 0 00:00:00, Sys 0 00:00:00  -  Total Local Usage
	138652  -  Run Bytes Sent By Job
	224266  -  Run Bytes Received By Job
	138652  -  Total Bytes Sent By Job
	224266  -  Total Bytes Received By Job
	Partitionable Resources :    Usage  Request Allocated 
	   Cpus                 :        0        1         1 
	   Disk (KB)            :      905      225   1643101 
	   Memory (MB)          :      145     2048      2048 

	Job terminated of its own accord at 2023-06-22T20:24:31Z with exit-code 0.
...
