000 (32358581.374.000) 2023-06-22 15:12:17 Job submitted from host: <131.225.204.62:9618?addrs=131.225.204.62-9618+[2620-6a-0-8420-f0-0-204-62]-9618&alias=lpcschedd5.fnal.gov&noUDP&sock=schedd_2770_916d>
...
040 (32358581.374.000) 2023-06-22 15:22:25 Started transferring input files
	Transferring to host: <131.225.188.210:9618?addrs=[2620-6a-0-8421-f0-0-188-210]-9618+131.225.188.210-9618&alias=cmswn2067.fnal.gov&noUDP&sock=slot1_34_2009_45ab_41409>
...
040 (32358581.374.000) 2023-06-22 15:22:25 Finished transferring input files
...
001 (32358581.374.000) 2023-06-22 15:22:25 Job executing on host: <131.225.188.210:9618?addrs=[2620-6a-0-8421-f0-0-188-210]-9618+131.225.188.210-9618&alias=cmswn2067.fnal.gov&noUDP&sock=startd_1928_06af>
...
006 (32358581.374.000) 2023-06-22 15:22:34 Image size of job updated: 28
	28  -  MemoryUsage of job (MB)
	28744  -  ResidentSetSize of job (KB)
...
006 (32358581.374.000) 2023-06-22 15:23:34 Image size of job updated: 156
	156  -  MemoryUsage of job (MB)
	159860  -  ResidentSetSize of job (KB)
...
006 (32358581.374.000) 2023-06-22 15:24:34 Image size of job updated: 156
	156  -  MemoryUsage of job (MB)
	159868  -  ResidentSetSize of job (KB)
...
006 (32358581.374.000) 2023-06-22 15:26:34 Image size of job updated: 156
	156  -  MemoryUsage of job (MB)
	159876  -  ResidentSetSize of job (KB)
...
006 (32358581.374.000) 2023-06-22 15:27:23 Image size of job updated: 156
	156  -  MemoryUsage of job (MB)
	159992  -  ResidentSetSize of job (KB)
...
040 (32358581.374.000) 2023-06-22 15:27:23 Started transferring output files
...
040 (32358581.374.000) 2023-06-22 15:27:23 Finished transferring output files
...
005 (32358581.374.000) 2023-06-22 15:27:24 Job terminated.
	(1) Normal termination (return value 0)
		Usr 0 00:03:27, Sys 0 00:00:09  -  Run Remote Usage
		Usr 0 00:00:00, Sys 0 00:00:00  -  Run Local Usage
		Usr 0 00:03:27, Sys 0 00:00:09  -  Total Remote Usage
		Usr 0 00:00:00, Sys 0 00:00:00  -  Total Local Usage
	145913  -  Run Bytes Sent By Job
	224267  -  Run Bytes Received By Job
	145913  -  Total Bytes Sent By Job
	224267  -  Total Bytes Received By Job
	Partitionable Resources :    Usage  Request Allocated 
	   Cpus                 :        0        1         1 
	   Disk (KB)            :      908      225   1642278 
	   Memory (MB)          :      156     2048      2048 

	Job terminated of its own accord at 2023-06-22T20:27:23Z with exit-code 0.
...
