000 (32358581.375.000) 2023-06-22 15:12:17 Job submitted from host: <131.225.204.62:9618?addrs=131.225.204.62-9618+[2620-6a-0-8420-f0-0-204-62]-9618&alias=lpcschedd5.fnal.gov&noUDP&sock=schedd_2770_916d>
...
040 (32358581.375.000) 2023-06-22 15:22:25 Started transferring input files
	Transferring to host: <131.225.188.94:9618?addrs=[2620-6a-0-8421-f0-0-188-94]-9618+131.225.188.94-9618&alias=cmswn2045.fnal.gov&noUDP&sock=slot1_62_2109_bb2f_47989>
...
040 (32358581.375.000) 2023-06-22 15:22:25 Finished transferring input files
...
001 (32358581.375.000) 2023-06-22 15:22:25 Job executing on host: <131.225.188.94:9618?addrs=[2620-6a-0-8421-f0-0-188-94]-9618+131.225.188.94-9618&alias=cmswn2045.fnal.gov&noUDP&sock=startd_1924_484e>
...
006 (32358581.375.000) 2023-06-22 15:24:35 Image size of job updated: 147
	147  -  MemoryUsage of job (MB)
	151140  -  ResidentSetSize of job (KB)
...
006 (32358581.375.000) 2023-06-22 15:25:35 Image size of job updated: 147
	147  -  MemoryUsage of job (MB)
	151256  -  ResidentSetSize of job (KB)
...
040 (32358581.375.000) 2023-06-22 15:27:50 Started transferring output files
...
040 (32358581.375.000) 2023-06-22 15:27:50 Finished transferring output files
...
005 (32358581.375.000) 2023-06-22 15:28:00 Job terminated.
	(1) Normal termination (return value 0)
		Usr 0 00:01:23, Sys 0 00:00:04  -  Run Remote Usage
		Usr 0 00:00:00, Sys 0 00:00:00  -  Run Local Usage
		Usr 0 00:01:23, Sys 0 00:00:04  -  Total Remote Usage
		Usr 0 00:00:00, Sys 0 00:00:00  -  Total Local Usage
	142443  -  Run Bytes Sent By Job
	224267  -  Run Bytes Received By Job
	142443  -  Total Bytes Sent By Job
	224267  -  Total Bytes Received By Job
	Partitionable Resources :    Usage  Request Allocated 
	   Cpus                 :     0.12        1         1 
	   Disk (KB)            :   909         225   1643101 
	   Memory (MB)          :   147        2048      2048 

	Job terminated of its own accord at 2023-06-22T20:27:50Z with exit-code 0.
...
