000 (32358581.240.000) 2023-06-22 15:12:16 Job submitted from host: <131.225.204.62:9618?addrs=131.225.204.62-9618+[2620-6a-0-8420-f0-0-204-62]-9618&alias=lpcschedd5.fnal.gov&noUDP&sock=schedd_2770_916d>
...
040 (32358581.240.000) 2023-06-22 15:20:40 Started transferring input files
	Transferring to host: <131.225.189.15:9618?addrs=[2620-6a-0-8421-f0-0-189-15]-9618+131.225.189.15-9618&alias=cmswn2079.fnal.gov&noUDP&sock=slot1_23_2024_d74b_36256>
...
040 (32358581.240.000) 2023-06-22 15:20:40 Finished transferring input files
...
001 (32358581.240.000) 2023-06-22 15:20:40 Job executing on host: <131.225.189.15:9618?addrs=[2620-6a-0-8421-f0-0-189-15]-9618+131.225.189.15-9618&alias=cmswn2079.fnal.gov&noUDP&sock=startd_1926_a77e>
...
006 (32358581.240.000) 2023-06-22 15:20:49 Image size of job updated: 6
	6  -  MemoryUsage of job (MB)
	6920  -  ResidentSetSize of job (KB)
...
006 (32358581.240.000) 2023-06-22 15:21:49 Image size of job updated: 139
	139  -  MemoryUsage of job (MB)
	142468  -  ResidentSetSize of job (KB)
...
006 (32358581.240.000) 2023-06-22 15:22:49 Image size of job updated: 139
	139  -  MemoryUsage of job (MB)
	142660  -  ResidentSetSize of job (KB)
...
006 (32358581.240.000) 2023-06-22 15:23:50 Image size of job updated: 139
	139  -  MemoryUsage of job (MB)
	142688  -  ResidentSetSize of job (KB)
...
040 (32358581.240.000) 2023-06-22 15:24:47 Started transferring output files
...
040 (32358581.240.000) 2023-06-22 15:24:47 Finished transferring output files
...
005 (32358581.240.000) 2023-06-22 15:24:48 Job terminated.
	(1) Normal termination (return value 0)
		Usr 0 00:01:16, Sys 0 00:00:04  -  Run Remote Usage
		Usr 0 00:00:00, Sys 0 00:00:00  -  Run Local Usage
		Usr 0 00:01:16, Sys 0 00:00:04  -  Total Remote Usage
		Usr 0 00:00:00, Sys 0 00:00:00  -  Total Local Usage
	131848  -  Run Bytes Sent By Job
	224267  -  Run Bytes Received By Job
	131848  -  Total Bytes Sent By Job
	224267  -  Total Bytes Received By Job
	Partitionable Resources :    Usage  Request Allocated 
	   Cpus                 :        0        1         1 
	   Disk (KB)            :      898      225   1645666 
	   Memory (MB)          :      139     2048      2048 

	Job terminated of its own accord at 2023-06-22T20:24:47Z with exit-code 0.
...
