000 (32358581.182.000) 2023-06-22 15:12:16 Job submitted from host: <131.225.204.62:9618?addrs=131.225.204.62-9618+[2620-6a-0-8420-f0-0-204-62]-9618&alias=lpcschedd5.fnal.gov&noUDP&sock=schedd_2770_916d>
...
040 (32358581.182.000) 2023-06-22 15:20:35 Started transferring input files
	Transferring to host: <131.225.189.16:9618?addrs=[2620-6a-0-8421-f0-0-189-16]-9618+131.225.189.16-9618&alias=cmswn2080.fnal.gov&noUDP&sock=slot1_24_2028_a8cc_46367>
...
040 (32358581.182.000) 2023-06-22 15:20:35 Finished transferring input files
...
001 (32358581.182.000) 2023-06-22 15:20:35 Job executing on host: <131.225.189.16:9618?addrs=[2620-6a-0-8421-f0-0-189-16]-9618+131.225.189.16-9618&alias=cmswn2080.fnal.gov&noUDP&sock=startd_1932_c510>
...
006 (32358581.182.000) 2023-06-22 15:20:44 Image size of job updated: 6
	6  -  MemoryUsage of job (MB)
	6852  -  ResidentSetSize of job (KB)
...
006 (32358581.182.000) 2023-06-22 15:21:44 Image size of job updated: 159
	159  -  MemoryUsage of job (MB)
	163468  -  ResidentSetSize of job (KB)
...
006 (32358581.182.000) 2023-06-22 15:22:44 Image size of job updated: 160
	160  -  MemoryUsage of job (MB)
	164296  -  ResidentSetSize of job (KB)
...
006 (32358581.182.000) 2023-06-22 15:23:44 Image size of job updated: 160
	160  -  MemoryUsage of job (MB)
	164464  -  ResidentSetSize of job (KB)
...
006 (32358581.182.000) 2023-06-22 15:24:44 Image size of job updated: 160
	160  -  MemoryUsage of job (MB)
	164468  -  ResidentSetSize of job (KB)
...
040 (32358581.182.000) 2023-06-22 15:32:22 Started transferring output files
...
040 (32358581.182.000) 2023-06-22 15:32:22 Finished transferring output files
...
005 (32358581.182.000) 2023-06-22 15:32:23 Job terminated.
	(1) Normal termination (return value 0)
		Usr 0 00:04:24, Sys 0 00:00:13  -  Run Remote Usage
		Usr 0 00:00:00, Sys 0 00:00:00  -  Run Local Usage
		Usr 0 00:04:24, Sys 0 00:00:13  -  Total Remote Usage
		Usr 0 00:00:00, Sys 0 00:00:00  -  Total Local Usage
	144780  -  Run Bytes Sent By Job
	224267  -  Run Bytes Received By Job
	144780  -  Total Bytes Sent By Job
	224267  -  Total Bytes Received By Job
	Partitionable Resources :    Usage  Request Allocated 
	   Cpus                 :     0.00        1         1 
	   Disk (KB)            :   907         225   1631756 
	   Memory (MB)          :   160        2048      2048 

	Job terminated of its own accord at 2023-06-22T20:32:22Z with exit-code 0.
...
