000 (32358581.006.000) 2023-06-22 15:12:16 Job submitted from host: <131.225.204.62:9618?addrs=131.225.204.62-9618+[2620-6a-0-8420-f0-0-204-62]-9618&alias=lpcschedd5.fnal.gov&noUDP&sock=schedd_2770_916d>
...
040 (32358581.006.000) 2023-06-22 15:18:34 Started transferring input files
	Transferring to host: <131.225.189.134:9618?addrs=[2620-6a-0-8421-f0-0-189-134]-9618+131.225.189.134-9618&alias=cmswn2104.fnal.gov&noUDP&sock=slot1_63_2122_e40f_57328>
...
040 (32358581.006.000) 2023-06-22 15:18:34 Finished transferring input files
...
001 (32358581.006.000) 2023-06-22 15:18:34 Job executing on host: <131.225.189.134:9618?addrs=[2620-6a-0-8421-f0-0-189-134]-9618+131.225.189.134-9618&alias=cmswn2104.fnal.gov&noUDP&sock=startd_2019_71cd>
...
006 (32358581.006.000) 2023-06-22 15:18:43 Image size of job updated: 45
	45  -  MemoryUsage of job (MB)
	46468  -  ResidentSetSize of job (KB)
...
006 (32358581.006.000) 2023-06-22 15:19:45 Image size of job updated: 146
	146  -  MemoryUsage of job (MB)
	150244  -  ResidentSetSize of job (KB)
...
006 (32358581.006.000) 2023-06-22 15:20:46 Image size of job updated: 146
	146  -  MemoryUsage of job (MB)
	150320  -  ResidentSetSize of job (KB)
...
040 (32358581.006.000) 2023-06-22 15:21:43 Started transferring output files
...
040 (32358581.006.000) 2023-06-22 15:21:43 Finished transferring output files
...
005 (32358581.006.000) 2023-06-22 15:21:45 Job terminated.
	(1) Normal termination (return value 0)
		Usr 0 00:01:45, Sys 0 00:00:05  -  Run Remote Usage
		Usr 0 00:00:00, Sys 0 00:00:00  -  Run Local Usage
		Usr 0 00:01:45, Sys 0 00:00:05  -  Total Remote Usage
		Usr 0 00:00:00, Sys 0 00:00:00  -  Total Local Usage
	137805  -  Run Bytes Sent By Job
	224265  -  Run Bytes Received By Job
	137805  -  Total Bytes Sent By Job
	224265  -  Total Bytes Received By Job
	Partitionable Resources :    Usage  Request Allocated 
	   Cpus                 :        0        1         1 
	   Disk (KB)            :      904      225   3460026 
	   Memory (MB)          :      146     2048      2048 

	Job terminated of its own accord at 2023-06-22T20:21:43Z with exit-code 0.
...
