000 (32358581.330.000) 2023-06-22 15:12:17 Job submitted from host: <131.225.204.62:9618?addrs=131.225.204.62-9618+[2620-6a-0-8420-f0-0-204-62]-9618&alias=lpcschedd5.fnal.gov&noUDP&sock=schedd_2770_916d>
...
040 (32358581.330.000) 2023-06-22 15:21:57 Entered queue to transfer input files
	Transferring to host: <131.225.188.14:9618?addrs=[2620-6a-0-8421-f0-0-188-14]-9618+131.225.188.14-9618&alias=cmswn2019.fnal.gov&noUDP&sock=slot1_35_2024_d74b_53196>
...
040 (32358581.330.000) 2023-06-22 15:21:57 Started transferring input files
	Seconds spent in queue: 0
...
040 (32358581.330.000) 2023-06-22 15:21:57 Finished transferring input files
...
001 (32358581.330.000) 2023-06-22 15:21:57 Job executing on host: <131.225.188.14:9618?addrs=[2620-6a-0-8421-f0-0-188-14]-9618+131.225.188.14-9618&alias=cmswn2019.fnal.gov&noUDP&sock=startd_1918_2abc>
...
006 (32358581.330.000) 2023-06-22 15:24:06 Image size of job updated: 15
	15  -  MemoryUsage of job (MB)
	15648  -  ResidentSetSize of job (KB)
...
006 (32358581.330.000) 2023-06-22 15:25:06 Image size of job updated: 145
	145  -  MemoryUsage of job (MB)
	149316  -  ResidentSetSize of job (KB)
...
006 (32358581.330.000) 2023-06-22 15:26:06 Image size of job updated: 145
	145  -  MemoryUsage of job (MB)
	149372  -  ResidentSetSize of job (KB)
...
006 (32358581.330.000) 2023-06-22 15:27:10 Image size of job updated: 145
	145  -  MemoryUsage of job (MB)
	149400  -  ResidentSetSize of job (KB)
...
040 (32358581.330.000) 2023-06-22 15:27:48 Started transferring output files
	Seconds spent in queue: 351
...
040 (32358581.330.000) 2023-06-22 15:27:48 Finished transferring output files
...
005 (32358581.330.000) 2023-06-22 15:27:52 Job terminated.
	(1) Normal termination (return value 0)
		Usr 0 00:01:31, Sys 0 00:00:05  -  Run Remote Usage
		Usr 0 00:00:00, Sys 0 00:00:00  -  Run Local Usage
		Usr 0 00:01:31, Sys 0 00:00:05  -  Total Remote Usage
		Usr 0 00:00:00, Sys 0 00:00:00  -  Total Local Usage
	140471  -  Run Bytes Sent By Job
	224267  -  Run Bytes Received By Job
	140471  -  Total Bytes Sent By Job
	224267  -  Total Bytes Received By Job
	Partitionable Resources :    Usage  Request Allocated 
	   Cpus                 :     0.00        1         1 
	   Disk (KB)            :   907         225   1636260 
	   Memory (MB)          :   145        2048      2048 

	Job terminated of its own accord at 2023-06-22T20:27:48Z with exit-code 0.
...
