000 (32358581.086.000) 2023-06-22 15:12:16 Job submitted from host: <131.225.204.62:9618?addrs=131.225.204.62-9618+[2620-6a-0-8420-f0-0-204-62]-9618&alias=lpcschedd5.fnal.gov&noUDP&sock=schedd_2770_916d>
...
040 (32358581.086.000) 2023-06-22 15:20:11 Started transferring input files
	Transferring to host: <131.225.189.41:9618?addrs=[2620-6a-0-8421-f0-0-189-41]-9618+131.225.189.41-9618&alias=cmswn2093.fnal.gov&noUDP&sock=slot1_12_2124_4ccf_53155>
...
040 (32358581.086.000) 2023-06-22 15:20:11 Finished transferring input files
...
001 (32358581.086.000) 2023-06-22 15:20:11 Job executing on host: <131.225.189.41:9618?addrs=[2620-6a-0-8421-f0-0-189-41]-9618+131.225.189.41-9618&alias=cmswn2093.fnal.gov&noUDP&sock=startd_2025_8f5f>
...
006 (32358581.086.000) 2023-06-22 15:21:20 Image size of job updated: 149
	149  -  MemoryUsage of job (MB)
	153212  -  ResidentSetSize of job (KB)
...
006 (32358581.086.000) 2023-06-22 15:24:21 Image size of job updated: 150
	150  -  MemoryUsage of job (MB)
	154140  -  ResidentSetSize of job (KB)
...
006 (32358581.086.000) 2023-06-22 15:25:21 Image size of job updated: 150
	150  -  MemoryUsage of job (MB)
	154236  -  ResidentSetSize of job (KB)
...
006 (32358581.086.000) 2023-06-22 15:26:21 Image size of job updated: 150
	150  -  MemoryUsage of job (MB)
	154324  -  ResidentSetSize of job (KB)
...
006 (32358581.086.000) 2023-06-22 15:27:22 Image size of job updated: 150
	150  -  MemoryUsage of job (MB)
	154412  -  ResidentSetSize of job (KB)
...
006 (32358581.086.000) 2023-06-22 15:28:22 Image size of job updated: 150
	150  -  MemoryUsage of job (MB)
	154484  -  ResidentSetSize of job (KB)
...
006 (32358581.086.000) 2023-06-22 15:29:23 Image size of job updated: 150
	150  -  MemoryUsage of job (MB)
	154508  -  ResidentSetSize of job (KB)
...
006 (32358581.086.000) 2023-06-22 15:31:26 Image size of job updated: 150
	150  -  MemoryUsage of job (MB)
	154512  -  ResidentSetSize of job (KB)
...
006 (32358581.086.000) 2023-06-22 15:35:28 Image size of job updated: 150
	150  -  MemoryUsage of job (MB)
	154520  -  ResidentSetSize of job (KB)
...
006 (32358581.086.000) 2023-06-22 15:42:33 Image size of job updated: 150
	150  -  MemoryUsage of job (MB)
	154524  -  ResidentSetSize of job (KB)
...
006 (32358581.086.000) 2023-06-22 15:44:26 Image size of job updated: 150
	150  -  MemoryUsage of job (MB)
	154540  -  ResidentSetSize of job (KB)
...
040 (32358581.086.000) 2023-06-22 15:44:26 Started transferring output files
...
040 (32358581.086.000) 2023-06-22 15:44:26 Finished transferring output files
...
005 (32358581.086.000) 2023-06-22 15:44:27 Job terminated.
	(1) Normal termination (return value 0)
		Usr 0 00:03:59, Sys 0 00:00:11  -  Run Remote Usage
		Usr 0 00:00:00, Sys 0 00:00:00  -  Run Local Usage
		Usr 0 00:03:59, Sys 0 00:00:11  -  Total Remote Usage
		Usr 0 00:00:00, Sys 0 00:00:00  -  Total Local Usage
	143135  -  Run Bytes Sent By Job
	224266  -  Run Bytes Received By Job
	143135  -  Total Bytes Sent By Job
	224266  -  Total Bytes Received By Job
	Partitionable Resources :    Usage  Request Allocated 
	   Cpus                 :     0.00        1         1 
	   Disk (KB)            :   909         225   1618696 
	   Memory (MB)          :   150        2048      2048 

	Job terminated of its own accord at 2023-06-22T20:44:26Z with exit-code 0.
...
