000 (32358581.082.000) 2023-06-22 15:12:16 Job submitted from host: <131.225.204.62:9618?addrs=131.225.204.62-9618+[2620-6a-0-8420-f0-0-204-62]-9618&alias=lpcschedd5.fnal.gov&noUDP&sock=schedd_2770_916d>
...
040 (32358581.082.000) 2023-06-22 15:20:08 Entered queue to transfer input files
	Transferring to host: <131.225.189.134:9618?addrs=[2620-6a-0-8421-f0-0-189-134]-9618+131.225.189.134-9618&alias=cmswn2104.fnal.gov&noUDP&sock=slot1_14_2122_e40f_57337>
...
040 (32358581.082.000) 2023-06-22 15:20:11 Started transferring input files
	Seconds spent in queue: 3
...
040 (32358581.082.000) 2023-06-22 15:20:11 Finished transferring input files
...
001 (32358581.082.000) 2023-06-22 15:20:11 Job executing on host: <131.225.189.134:9618?addrs=[2620-6a-0-8421-f0-0-189-134]-9618+131.225.189.134-9618&alias=cmswn2104.fnal.gov&noUDP&sock=startd_2019_71cd>
...
006 (32358581.082.000) 2023-06-22 15:21:21 Image size of job updated: 153
	153  -  MemoryUsage of job (MB)
	156756  -  ResidentSetSize of job (KB)
...
006 (32358581.082.000) 2023-06-22 15:24:22 Image size of job updated: 153
	153  -  MemoryUsage of job (MB)
	157476  -  ResidentSetSize of job (KB)
...
006 (32358581.082.000) 2023-06-22 15:25:23 Image size of job updated: 153
	153  -  MemoryUsage of job (MB)
	157540  -  ResidentSetSize of job (KB)
...
006 (32358581.082.000) 2023-06-22 15:26:23 Image size of job updated: 153
	153  -  MemoryUsage of job (MB)
	157628  -  ResidentSetSize of job (KB)
...
006 (32358581.082.000) 2023-06-22 15:27:24 Image size of job updated: 154
	154  -  MemoryUsage of job (MB)
	157712  -  ResidentSetSize of job (KB)
...
006 (32358581.082.000) 2023-06-22 15:28:25 Image size of job updated: 154
	154  -  MemoryUsage of job (MB)
	157752  -  ResidentSetSize of job (KB)
...
006 (32358581.082.000) 2023-06-22 15:29:26 Image size of job updated: 154
	154  -  MemoryUsage of job (MB)
	157760  -  ResidentSetSize of job (KB)
...
040 (32358581.082.000) 2023-06-22 15:44:04 Started transferring output files
	Seconds spent in queue: 1436
...
040 (32358581.082.000) 2023-06-22 15:44:04 Finished transferring output files
...
005 (32358581.082.000) 2023-06-22 15:44:06 Job terminated.
	(1) Normal termination (return value 0)
		Usr 0 00:03:44, Sys 0 00:00:11  -  Run Remote Usage
		Usr 0 00:00:00, Sys 0 00:00:00  -  Run Local Usage
		Usr 0 00:03:44, Sys 0 00:00:11  -  Total Remote Usage
		Usr 0 00:00:00, Sys 0 00:00:00  -  Total Local Usage
	143171  -  Run Bytes Sent By Job
	224266  -  Run Bytes Received By Job
	143171  -  Total Bytes Sent By Job
	224266  -  Total Bytes Received By Job
	Partitionable Resources :    Usage  Request Allocated 
	   Cpus                 :        0        1         1 
	   Disk (KB)            :      909      225   3460026 
	   Memory (MB)          :      154     2048      2048 

	Job terminated of its own accord at 2023-06-22T20:44:04Z with exit-code 0.
...
