000 (32358581.094.000) 2023-06-22 15:12:16 Job submitted from host: <131.225.204.62:9618?addrs=131.225.204.62-9618+[2620-6a-0-8420-f0-0-204-62]-9618&alias=lpcschedd5.fnal.gov&noUDP&sock=schedd_2770_916d>
...
040 (32358581.094.000) 2023-06-22 15:20:19 Entered queue to transfer input files
	Transferring to host: <131.225.188.17:9618?addrs=[2620-6a-0-8421-f0-0-188-17]-9618+131.225.188.17-9618&alias=cmswn2020.fnal.gov&noUDP&sock=slot1_3_2025_8bab_40855>
...
040 (32358581.094.000) 2023-06-22 15:20:35 Started transferring input files
	Seconds spent in queue: 16
...
040 (32358581.094.000) 2023-06-22 15:20:35 Finished transferring input files
...
001 (32358581.094.000) 2023-06-22 15:20:35 Job executing on host: <131.225.188.17:9618?addrs=[2620-6a-0-8421-f0-0-188-17]-9618+131.225.188.17-9618&alias=cmswn2020.fnal.gov&noUDP&sock=startd_1921_3985>
...
006 (32358581.094.000) 2023-06-22 15:20:44 Image size of job updated: 6
	6  -  MemoryUsage of job (MB)
	6980  -  ResidentSetSize of job (KB)
...
006 (32358581.094.000) 2023-06-22 15:21:45 Image size of job updated: 147
	147  -  MemoryUsage of job (MB)
	151472  -  ResidentSetSize of job (KB)
...
006 (32358581.094.000) 2023-06-22 15:23:46 Image size of job updated: 148
	148  -  MemoryUsage of job (MB)
	151804  -  ResidentSetSize of job (KB)
...
006 (32358581.094.000) 2023-06-22 15:24:48 Image size of job updated: 148
	148  -  MemoryUsage of job (MB)
	152236  -  ResidentSetSize of job (KB)
...
006 (32358581.094.000) 2023-06-22 15:25:48 Image size of job updated: 148
	148  -  MemoryUsage of job (MB)
	152292  -  ResidentSetSize of job (KB)
...
006 (32358581.094.000) 2023-06-22 15:26:49 Image size of job updated: 148
	148  -  MemoryUsage of job (MB)
	152360  -  ResidentSetSize of job (KB)
...
006 (32358581.094.000) 2023-06-22 15:27:50 Image size of job updated: 148
	148  -  MemoryUsage of job (MB)
	152436  -  ResidentSetSize of job (KB)
...
006 (32358581.094.000) 2023-06-22 15:28:50 Image size of job updated: 148
	148  -  MemoryUsage of job (MB)
	152456  -  ResidentSetSize of job (KB)
...
006 (32358581.094.000) 2023-06-22 15:29:50 Image size of job updated: 148
	148  -  MemoryUsage of job (MB)
	152464  -  ResidentSetSize of job (KB)
...
006 (32358581.094.000) 2023-06-22 15:33:53 Image size of job updated: 148
	148  -  MemoryUsage of job (MB)
	152468  -  ResidentSetSize of job (KB)
...
006 (32358581.094.000) 2023-06-22 15:37:54 Image size of job updated: 148
	148  -  MemoryUsage of job (MB)
	152472  -  ResidentSetSize of job (KB)
...
040 (32358581.094.000) 2023-06-22 15:40:24 Started transferring output files
	Seconds spent in queue: 1205
...
040 (32358581.094.000) 2023-06-22 15:40:24 Finished transferring output files
...
005 (32358581.094.000) 2023-06-22 15:40:26 Job terminated.
	(1) Normal termination (return value 0)
		Usr 0 00:02:47, Sys 0 00:00:12  -  Run Remote Usage
		Usr 0 00:00:00, Sys 0 00:00:00  -  Run Local Usage
		Usr 0 00:02:47, Sys 0 00:00:12  -  Total Remote Usage
		Usr 0 00:00:00, Sys 0 00:00:00  -  Total Local Usage
	137135  -  Run Bytes Sent By Job
	224266  -  Run Bytes Received By Job
	137135  -  Total Bytes Sent By Job
	224266  -  Total Bytes Received By Job
	Partitionable Resources :    Usage  Request Allocated 
	   Cpus                 :        0        1         1 
	   Disk (KB)            :      901      225   1632973 
	   Memory (MB)          :      148     2048      2048 

	Job terminated of its own accord at 2023-06-22T20:40:24Z with exit-code 0.
...
