000 (32358581.083.000) 2023-06-22 15:12:16 Job submitted from host: <131.225.204.62:9618?addrs=131.225.204.62-9618+[2620-6a-0-8420-f0-0-204-62]-9618&alias=lpcschedd5.fnal.gov&noUDP&sock=schedd_2770_916d>
...
040 (32358581.083.000) 2023-06-22 15:20:10 Entered queue to transfer input files
	Transferring to host: <131.225.189.27:9618?addrs=[2620-6a-0-8421-f0-0-189-27]-9618+131.225.189.27-9618&alias=cmswn2084.fnal.gov&noUDP&sock=slot1_12_2245_8e34_66532>
...
040 (32358581.083.000) 2023-06-22 15:20:11 Started transferring input files
	Seconds spent in queue: 1
...
040 (32358581.083.000) 2023-06-22 15:20:12 Finished transferring input files
...
001 (32358581.083.000) 2023-06-22 15:20:12 Job executing on host: <131.225.189.27:9618?addrs=[2620-6a-0-8421-f0-0-189-27]-9618+131.225.189.27-9618&alias=cmswn2084.fnal.gov&noUDP&sock=startd_1939_9239>
...
006 (32358581.083.000) 2023-06-22 15:21:23 Image size of job updated: 143
	143  -  MemoryUsage of job (MB)
	146880  -  ResidentSetSize of job (KB)
...
006 (32358581.083.000) 2023-06-22 15:22:23 Image size of job updated: 146
	146  -  MemoryUsage of job (MB)
	150212  -  ResidentSetSize of job (KB)
...
006 (32358581.083.000) 2023-06-22 15:23:23 Image size of job updated: 146
	146  -  MemoryUsage of job (MB)
	150224  -  ResidentSetSize of job (KB)
...
006 (32358581.083.000) 2023-06-22 15:24:27 Image size of job updated: 146
	146  -  MemoryUsage of job (MB)
	150240  -  ResidentSetSize of job (KB)
...
040 (32358581.083.000) 2023-06-22 15:24:57 Started transferring output files
	Seconds spent in queue: 287
...
040 (32358581.083.000) 2023-06-22 15:24:57 Finished transferring output files
...
005 (32358581.083.000) 2023-06-22 15:24:59 Job terminated.
	(1) Normal termination (return value 0)
		Usr 0 00:01:49, Sys 0 00:00:05  -  Run Remote Usage
		Usr 0 00:00:00, Sys 0 00:00:00  -  Run Local Usage
		Usr 0 00:01:49, Sys 0 00:00:05  -  Total Remote Usage
		Usr 0 00:00:00, Sys 0 00:00:00  -  Total Local Usage
	140455  -  Run Bytes Sent By Job
	224266  -  Run Bytes Received By Job
	140455  -  Total Bytes Sent By Job
	224266  -  Total Bytes Received By Job
	Partitionable Resources :    Usage  Request Allocated 
	   Cpus                 :        0        1         1 
	   Disk (KB)            :      907      225   1637039 
	   Memory (MB)          :      146     2048      2048 

	Job terminated of its own accord at 2023-06-22T20:24:57Z with exit-code 0.
...
