000 (32358581.336.000) 2023-06-22 15:12:17 Job submitted from host: <131.225.204.62:9618?addrs=131.225.204.62-9618+[2620-6a-0-8420-f0-0-204-62]-9618&alias=lpcschedd5.fnal.gov&noUDP&sock=schedd_2770_916d>
...
040 (32358581.336.000) 2023-06-22 15:21:57 Started transferring input files
	Transferring to host: <131.225.188.227:9618?addrs=[2620-6a-0-8421-f0-0-188-227]-9618+131.225.188.227-9618&alias=cmswn2071.fnal.gov&noUDP&sock=slot1_19_2022_6e8b_58471>
...
040 (32358581.336.000) 2023-06-22 15:21:58 Finished transferring input files
...
001 (32358581.336.000) 2023-06-22 15:21:58 Job executing on host: <131.225.188.227:9618?addrs=[2620-6a-0-8421-f0-0-188-227]-9618+131.225.188.227-9618&alias=cmswn2071.fnal.gov&noUDP&sock=startd_1930_65df>
...
006 (32358581.336.000) 2023-06-22 15:24:09 Image size of job updated: 151
	151  -  MemoryUsage of job (MB)
	155312  -  ResidentSetSize of job (KB)
...
006 (32358581.336.000) 2023-06-22 15:26:12 Image size of job updated: 151
	151  -  MemoryUsage of job (MB)
	155320  -  ResidentSetSize of job (KB)
...
006 (32358581.336.000) 2023-06-22 15:27:13 Image size of job updated: 151
	151  -  MemoryUsage of job (MB)
	155340  -  ResidentSetSize of job (KB)
...
040 (32358581.336.000) 2023-06-22 15:27:16 Started transferring output files
...
040 (32358581.336.000) 2023-06-22 15:27:16 Finished transferring output files
...
005 (32358581.336.000) 2023-06-22 15:27:21 Job terminated.
	(1) Normal termination (return value 0)
		Usr 0 00:02:44, Sys 0 00:00:08  -  Run Remote Usage
		Usr 0 00:00:00, Sys 0 00:00:00  -  Run Local Usage
		Usr 0 00:02:44, Sys 0 00:00:08  -  Total Remote Usage
		Usr 0 00:00:00, Sys 0 00:00:00  -  Total Local Usage
	144314  -  Run Bytes Sent By Job
	224267  -  Run Bytes Received By Job
	144314  -  Total Bytes Sent By Job
	224267  -  Total Bytes Received By Job
	Partitionable Resources :    Usage  Request Allocated 
	   Cpus                 :        0        1         1 
	   Disk (KB)            :      911      225   1621266 
	   Memory (MB)          :      151     2048      2048 

	Job terminated of its own accord at 2023-06-22T20:27:14Z with exit-code 0.
...
