000 (32358581.102.000) 2023-06-22 15:12:16 Job submitted from host: <131.225.204.62:9618?addrs=131.225.204.62-9618+[2620-6a-0-8420-f0-0-204-62]-9618&alias=lpcschedd5.fnal.gov&noUDP&sock=schedd_2770_916d>
...
040 (32358581.102.000) 2023-06-22 15:20:20 Entered queue to transfer input files
	Transferring to host: <131.225.188.21:9618?addrs=[2620-6a-0-8421-f0-0-188-21]-9618+131.225.188.21-9618&alias=cmswn2023.fnal.gov&noUDP&sock=slot1_1_2123_986f_43206>
...
040 (32358581.102.000) 2023-06-22 15:21:00 Started transferring input files
	Seconds spent in queue: 40
...
040 (32358581.102.000) 2023-06-22 15:21:00 Finished transferring input files
...
001 (32358581.102.000) 2023-06-22 15:21:00 Job executing on host: <131.225.188.21:9618?addrs=[2620-6a-0-8421-f0-0-188-21]-9618+131.225.188.21-9618&alias=cmswn2023.fnal.gov&noUDP&sock=startd_2023_302e>
...
006 (32358581.102.000) 2023-06-22 15:22:08 Image size of job updated: 144
	144  -  MemoryUsage of job (MB)
	148000  -  ResidentSetSize of job (KB)
...
006 (32358581.102.000) 2023-06-22 15:23:08 Image size of job updated: 144
	144  -  MemoryUsage of job (MB)
	148028  -  ResidentSetSize of job (KB)
...
040 (32358581.102.000) 2023-06-22 15:23:40 Started transferring output files
	Seconds spent in queue: 200
...
040 (32358581.102.000) 2023-06-22 15:23:40 Finished transferring output files
...
005 (32358581.102.000) 2023-06-22 15:23:43 Job terminated.
	(1) Normal termination (return value 0)
		Usr 0 00:01:27, Sys 0 00:00:05  -  Run Remote Usage
		Usr 0 00:00:00, Sys 0 00:00:00  -  Run Local Usage
		Usr 0 00:01:27, Sys 0 00:00:05  -  Total Remote Usage
		Usr 0 00:00:00, Sys 0 00:00:00  -  Total Local Usage
	135115  -  Run Bytes Sent By Job
	224267  -  Run Bytes Received By Job
	135115  -  Total Bytes Sent By Job
	224267  -  Total Bytes Received By Job
	Partitionable Resources :    Usage  Request Allocated 
	   Cpus                 :     0.01        1         1 
	   Disk (KB)            :   898         225   1641560 
	   Memory (MB)          :   144        2048      2048 

	Job terminated of its own accord at 2023-06-22T20:23:40Z with exit-code 0.
...
