000 (32358581.098.000) 2023-06-22 15:12:16 Job submitted from host: <131.225.204.62:9618?addrs=131.225.204.62-9618+[2620-6a-0-8420-f0-0-204-62]-9618&alias=lpcschedd5.fnal.gov&noUDP&sock=schedd_2770_916d>
...
040 (32358581.098.000) 2023-06-22 15:20:19 Entered queue to transfer input files
	Transferring to host: <131.225.188.210:9618?addrs=[2620-6a-0-8421-f0-0-188-210]-9618+131.225.188.210-9618&alias=cmswn2067.fnal.gov&noUDP&sock=slot1_3_2009_45ab_41395>
...
040 (32358581.098.000) 2023-06-22 15:20:44 Started transferring input files
	Seconds spent in queue: 25
...
040 (32358581.098.000) 2023-06-22 15:20:44 Finished transferring input files
...
001 (32358581.098.000) 2023-06-22 15:20:44 Job executing on host: <131.225.188.210:9618?addrs=[2620-6a-0-8421-f0-0-188-210]-9618+131.225.188.210-9618&alias=cmswn2067.fnal.gov&noUDP&sock=startd_1928_06af>
...
006 (32358581.098.000) 2023-06-22 15:20:55 Image size of job updated: 31
	31  -  MemoryUsage of job (MB)
	32760  -  ResidentSetSize of job (KB)
...
006 (32358581.098.000) 2023-06-22 15:21:56 Image size of job updated: 134
	134  -  MemoryUsage of job (MB)
	137968  -  ResidentSetSize of job (KB)
...
006 (32358581.098.000) 2023-06-22 15:22:56 Image size of job updated: 138
	138  -  MemoryUsage of job (MB)
	142276  -  ResidentSetSize of job (KB)
...
006 (32358581.098.000) 2023-06-22 15:23:56 Image size of job updated: 139
	139  -  MemoryUsage of job (MB)
	142420  -  ResidentSetSize of job (KB)
...
006 (32358581.098.000) 2023-06-22 15:24:57 Image size of job updated: 139
	139  -  MemoryUsage of job (MB)
	142516  -  ResidentSetSize of job (KB)
...
006 (32358581.098.000) 2023-06-22 15:25:58 Image size of job updated: 139
	139  -  MemoryUsage of job (MB)
	142596  -  ResidentSetSize of job (KB)
...
006 (32358581.098.000) 2023-06-22 15:26:59 Image size of job updated: 139
	139  -  MemoryUsage of job (MB)
	142644  -  ResidentSetSize of job (KB)
...
006 (32358581.098.000) 2023-06-22 15:28:00 Image size of job updated: 139
	139  -  MemoryUsage of job (MB)
	142756  -  ResidentSetSize of job (KB)
...
040 (32358581.098.000) 2023-06-22 15:31:28 Started transferring output files
	Seconds spent in queue: 669
...
040 (32358581.098.000) 2023-06-22 15:31:28 Finished transferring output files
...
005 (32358581.098.000) 2023-06-22 15:31:29 Job terminated.
	(1) Normal termination (return value 0)
		Usr 0 00:01:40, Sys 0 00:00:07  -  Run Remote Usage
		Usr 0 00:00:00, Sys 0 00:00:00  -  Run Local Usage
		Usr 0 00:01:40, Sys 0 00:00:07  -  Total Remote Usage
		Usr 0 00:00:00, Sys 0 00:00:00  -  Total Local Usage
	131000  -  Run Bytes Sent By Job
	224266  -  Run Bytes Received By Job
	131000  -  Total Bytes Sent By Job
	224266  -  Total Bytes Received By Job
	Partitionable Resources :    Usage  Request Allocated 
	   Cpus                 :     0.00        1         1 
	   Disk (KB)            :   894         225   1642278 
	   Memory (MB)          :   139        2048      2048 

	Job terminated of its own accord at 2023-06-22T20:31:28Z with exit-code 0.
...
