000 (32358581.001.000) 2023-06-22 15:12:16 Job submitted from host: <131.225.204.62:9618?addrs=131.225.204.62-9618+[2620-6a-0-8420-f0-0-204-62]-9618&alias=lpcschedd5.fnal.gov&noUDP&sock=schedd_2770_916d>
...
040 (32358581.001.000) 2023-06-22 15:18:30 Started transferring input files
	Transferring to host: <131.225.189.17:9618?addrs=[2620-6a-0-8421-f0-0-189-17]-9618+131.225.189.17-9618&alias=cmswn2081.fnal.gov&noUDP&sock=slot1_43_2107_526f_9599>
...
040 (32358581.001.000) 2023-06-22 15:18:30 Finished transferring input files
...
001 (32358581.001.000) 2023-06-22 15:18:30 Job executing on host: <131.225.189.17:9618?addrs=[2620-6a-0-8421-f0-0-189-17]-9618+131.225.189.17-9618&alias=cmswn2081.fnal.gov&noUDP&sock=startd_1925_f7e6>
...
006 (32358581.001.000) 2023-06-22 15:20:40 Image size of job updated: 142
	142  -  MemoryUsage of job (MB)
	146096  -  ResidentSetSize of job (KB)
...
006 (32358581.001.000) 2023-06-22 15:22:41 Image size of job updated: 143
	143  -  MemoryUsage of job (MB)
	147300  -  ResidentSetSize of job (KB)
...
006 (32358581.001.000) 2023-06-22 15:23:41 Image size of job updated: 144
	144  -  MemoryUsage of job (MB)
	147564  -  ResidentSetSize of job (KB)
...
006 (32358581.001.000) 2023-06-22 15:24:42 Image size of job updated: 144
	144  -  MemoryUsage of job (MB)
	147660  -  ResidentSetSize of job (KB)
...
006 (32358581.001.000) 2023-06-22 15:25:43 Image size of job updated: 144
	144  -  MemoryUsage of job (MB)
	147732  -  ResidentSetSize of job (KB)
...
006 (32358581.001.000) 2023-06-22 15:26:45 Image size of job updated: 144
	144  -  MemoryUsage of job (MB)
	147820  -  ResidentSetSize of job (KB)
...
006 (32358581.001.000) 2023-06-22 15:27:45 Image size of job updated: 144
	144  -  MemoryUsage of job (MB)
	147828  -  ResidentSetSize of job (KB)
...
006 (32358581.001.000) 2023-06-22 15:28:45 Image size of job updated: 144
	144  -  MemoryUsage of job (MB)
	147836  -  ResidentSetSize of job (KB)
...
006 (32358581.001.000) 2023-06-22 15:31:45 Image size of job updated: 144
	144  -  MemoryUsage of job (MB)
	147860  -  ResidentSetSize of job (KB)
...
006 (32358581.001.000) 2023-06-22 15:32:46 Image size of job updated: 144
	144  -  MemoryUsage of job (MB)
	147868  -  ResidentSetSize of job (KB)
...
006 (32358581.001.000) 2023-06-22 15:35:44 Image size of job updated: 144
	144  -  MemoryUsage of job (MB)
	147872  -  ResidentSetSize of job (KB)
...
040 (32358581.001.000) 2023-06-22 15:35:44 Started transferring output files
...
040 (32358581.001.000) 2023-06-22 15:35:44 Finished transferring output files
...
005 (32358581.001.000) 2023-06-22 15:35:46 Job terminated.
	(1) Normal termination (return value 0)
		Usr 0 00:02:07, Sys 0 00:00:06  -  Run Remote Usage
		Usr 0 00:00:00, Sys 0 00:00:00  -  Run Local Usage
		Usr 0 00:02:07, Sys 0 00:00:06  -  Total Remote Usage
		Usr 0 00:00:00, Sys 0 00:00:00  -  Total Local Usage
	136465  -  Run Bytes Sent By Job
	224265  -  Run Bytes Received By Job
	136465  -  Total Bytes Sent By Job
	224265  -  Total Bytes Received By Job
	Partitionable Resources :    Usage  Request Allocated 
	   Cpus                 :        0        1         1 
	   Disk (KB)            :      903      225   1629577 
	   Memory (MB)          :      144     2048      2048 

	Job terminated of its own accord at 2023-06-22T20:35:44Z with exit-code 0.
...
