000 (32358581.472.000) 2023-06-22 15:12:17 Job submitted from host: <131.225.204.62:9618?addrs=131.225.204.62-9618+[2620-6a-0-8420-f0-0-204-62]-9618&alias=lpcschedd5.fnal.gov&noUDP&sock=schedd_2770_916d>
...
040 (32358581.472.000) 2023-06-22 15:23:37 Entered queue to transfer input files
	Transferring to host: <131.225.189.34:9618?addrs=[2620-6a-0-8421-f0-0-189-34]-9618+131.225.189.34-9618&alias=cmswn2087.fnal.gov&noUDP&sock=slot1_4_2044_eecc_21458>
...
040 (32358581.472.000) 2023-06-22 15:24:09 Started transferring input files
	Seconds spent in queue: 32
...
040 (32358581.472.000) 2023-06-22 15:24:09 Finished transferring input files
...
001 (32358581.472.000) 2023-06-22 15:24:09 Job executing on host: <131.225.189.34:9618?addrs=[2620-6a-0-8421-f0-0-189-34]-9618+131.225.189.34-9618&alias=cmswn2087.fnal.gov&noUDP&sock=startd_1929_b647>
...
006 (32358581.472.000) 2023-06-22 15:24:18 Image size of job updated: 7
	7  -  MemoryUsage of job (MB)
	8104  -  ResidentSetSize of job (KB)
...
006 (32358581.472.000) 2023-06-22 15:25:19 Image size of job updated: 134
	134  -  MemoryUsage of job (MB)
	138108  -  ResidentSetSize of job (KB)
...
006 (32358581.472.000) 2023-06-22 15:26:20 Image size of job updated: 134
	134  -  MemoryUsage of job (MB)
	138136  -  ResidentSetSize of job (KB)
...
006 (32358581.472.000) 2023-06-22 15:28:21 Image size of job updated: 135
	135  -  MemoryUsage of job (MB)
	138504  -  ResidentSetSize of job (KB)
...
006 (32358581.472.000) 2023-06-22 15:29:22 Image size of job updated: 135
	135  -  MemoryUsage of job (MB)
	138960  -  ResidentSetSize of job (KB)
...
040 (32358581.472.000) 2023-06-22 15:30:57 Started transferring output files
	Seconds spent in queue: 440
...
040 (32358581.472.000) 2023-06-22 15:30:57 Finished transferring output files
...
005 (32358581.472.000) 2023-06-22 15:30:58 Job terminated.
	(1) Normal termination (return value 0)
		Usr 0 00:05:00, Sys 0 00:00:19  -  Run Remote Usage
		Usr 0 00:00:00, Sys 0 00:00:00  -  Run Local Usage
		Usr 0 00:05:00, Sys 0 00:00:19  -  Total Remote Usage
		Usr 0 00:00:00, Sys 0 00:00:00  -  Total Local Usage
	87088  -  Run Bytes Sent By Job
	224267  -  Run Bytes Received By Job
	87088  -  Total Bytes Sent By Job
	224267  -  Total Bytes Received By Job
	Partitionable Resources :    Usage  Request Allocated 
	   Cpus                 :     0.00        1         1 
	   Disk (KB)            :   851         225   1635237 
	   Memory (MB)          :   135        2048      2048 

	Job terminated of its own accord at 2023-06-22T20:30:57Z with exit-code 0.
...
