000 (32358581.426.000) 2023-06-22 15:12:17 Job submitted from host: <131.225.204.62:9618?addrs=131.225.204.62-9618+[2620-6a-0-8420-f0-0-204-62]-9618&alias=lpcschedd5.fnal.gov&noUDP&sock=schedd_2770_916d>
...
040 (32358581.426.000) 2023-06-22 15:23:02 Entered queue to transfer input files
	Transferring to host: <131.225.189.154:9618?addrs=[2620-6a-0-8421-f0-0-189-154]-9618+131.225.189.154-9618&alias=cmswn2111.fnal.gov&noUDP&sock=slot1_6_2116_a9cf_36183>
...
040 (32358581.426.000) 2023-06-22 15:23:19 Started transferring input files
	Seconds spent in queue: 17
...
040 (32358581.426.000) 2023-06-22 15:23:19 Finished transferring input files
...
001 (32358581.426.000) 2023-06-22 15:23:19 Job executing on host: <131.225.189.154:9618?addrs=[2620-6a-0-8421-f0-0-189-154]-9618+131.225.189.154-9618&alias=cmswn2111.fnal.gov&noUDP&sock=startd_2023_302e>
...
006 (32358581.426.000) 2023-06-22 15:23:28 Image size of job updated: 9
	9  -  MemoryUsage of job (MB)
	9388  -  ResidentSetSize of job (KB)
...
006 (32358581.426.000) 2023-06-22 15:24:28 Image size of job updated: 162
	162  -  MemoryUsage of job (MB)
	166408  -  ResidentSetSize of job (KB)
...
006 (32358581.426.000) 2023-06-22 15:25:28 Image size of job updated: 162
	162  -  MemoryUsage of job (MB)
	166456  -  ResidentSetSize of job (KB)
...
006 (32358581.426.000) 2023-06-22 15:28:31 Image size of job updated: 162
	162  -  MemoryUsage of job (MB)
	166464  -  ResidentSetSize of job (KB)
...
006 (32358581.426.000) 2023-06-22 15:28:54 Image size of job updated: 162
	162  -  MemoryUsage of job (MB)
	166576  -  ResidentSetSize of job (KB)
...
040 (32358581.426.000) 2023-06-22 15:28:54 Started transferring output files
	Seconds spent in queue: 352
...
040 (32358581.426.000) 2023-06-22 15:28:54 Finished transferring output files
...
005 (32358581.426.000) 2023-06-22 15:29:04 Job terminated.
	(1) Normal termination (return value 0)
		Usr 0 00:04:29, Sys 0 00:00:12  -  Run Remote Usage
		Usr 0 00:00:00, Sys 0 00:00:00  -  Run Local Usage
		Usr 0 00:04:29, Sys 0 00:00:12  -  Total Remote Usage
		Usr 0 00:00:00, Sys 0 00:00:00  -  Total Local Usage
	145673  -  Run Bytes Sent By Job
	224267  -  Run Bytes Received By Job
	145673  -  Total Bytes Sent By Job
	224267  -  Total Bytes Received By Job
	Partitionable Resources :    Usage  Request Allocated 
	   Cpus                 :     0.00        1         1 
	   Disk (KB)            :   909         225   3463171 
	   Memory (MB)          :   162        2048      2048 

	Job terminated of its own accord at 2023-06-22T20:28:54Z with exit-code 0.
...
