000 (32358581.017.000) 2023-06-22 15:12:16 Job submitted from host: <131.225.204.62:9618?addrs=131.225.204.62-9618+[2620-6a-0-8420-f0-0-204-62]-9618&alias=lpcschedd5.fnal.gov&noUDP&sock=schedd_2770_916d>
...
040 (32358581.017.000) 2023-06-22 15:18:50 Started transferring input files
	Transferring to host: <131.225.189.51:9618?addrs=[2620-6a-0-8421-f0-0-189-51]-9618+131.225.189.51-9618&alias=cmswn2097.fnal.gov&noUDP&sock=slot1_45_2111_23ef_44743>
...
040 (32358581.017.000) 2023-06-22 15:18:50 Finished transferring input files
...
001 (32358581.017.000) 2023-06-22 15:18:50 Job executing on host: <131.225.189.51:9618?addrs=[2620-6a-0-8421-f0-0-189-51]-9618+131.225.189.51-9618&alias=cmswn2097.fnal.gov&noUDP&sock=startd_2016_6304>
...
006 (32358581.017.000) 2023-06-22 15:21:01 Image size of job updated: 91
	91  -  MemoryUsage of job (MB)
	93940  -  ResidentSetSize of job (KB)
...
006 (32358581.017.000) 2023-06-22 15:22:01 Image size of job updated: 139
	139  -  MemoryUsage of job (MB)
	143128  -  ResidentSetSize of job (KB)
...
040 (32358581.017.000) 2023-06-22 15:23:33 Started transferring output files
...
040 (32358581.017.000) 2023-06-22 15:23:33 Finished transferring output files
...
005 (32358581.017.000) 2023-06-22 15:23:39 Job terminated.
	(1) Normal termination (return value 0)
		Usr 0 00:00:53, Sys 0 00:00:03  -  Run Remote Usage
		Usr 0 00:00:00, Sys 0 00:00:00  -  Run Local Usage
		Usr 0 00:00:53, Sys 0 00:00:03  -  Total Remote Usage
		Usr 0 00:00:00, Sys 0 00:00:00  -  Total Local Usage
	131705  -  Run Bytes Sent By Job
	224266  -  Run Bytes Received By Job
	131705  -  Total Bytes Sent By Job
	224266  -  Total Bytes Received By Job
	Partitionable Resources :    Usage  Request Allocated 
	   Cpus                 :     0.00        1         1 
	   Disk (KB)            :   898         225   1638232 
	   Memory (MB)          :   139        2048      2048 

	Job terminated of its own accord at 2023-06-22T20:23:32Z with exit-code 0.
...
