000 (32358581.467.000) 2023-06-22 15:12:17 Job submitted from host: <131.225.204.62:9618?addrs=131.225.204.62-9618+[2620-6a-0-8420-f0-0-204-62]-9618&alias=lpcschedd5.fnal.gov&noUDP&sock=schedd_2770_916d>
...
040 (32358581.467.000) 2023-06-22 15:23:34 Entered queue to transfer input files
	Transferring to host: <131.225.189.128:9618?addrs=[2620-6a-0-8421-f0-0-189-128]-9618+131.225.189.128-9618&alias=cmswn2102.fnal.gov&noUDP&sock=slot1_27_2104_354f_46176>
...
040 (32358581.467.000) 2023-06-22 15:24:25 Started transferring input files
	Seconds spent in queue: 51
...
040 (32358581.467.000) 2023-06-22 15:24:25 Finished transferring input files
...
001 (32358581.467.000) 2023-06-22 15:24:25 Job executing on host: <131.225.189.128:9618?addrs=[2620-6a-0-8421-f0-0-189-128]-9618+131.225.189.128-9618&alias=cmswn2102.fnal.gov&noUDP&sock=startd_2015_b36c>
...
006 (32358581.467.000) 2023-06-22 15:25:35 Image size of job updated: 162
	162  -  MemoryUsage of job (MB)
	166400  -  ResidentSetSize of job (KB)
...
006 (32358581.467.000) 2023-06-22 15:26:35 Image size of job updated: 162
	162  -  MemoryUsage of job (MB)
	166648  -  ResidentSetSize of job (KB)
...
006 (32358581.467.000) 2023-06-22 15:27:35 Image size of job updated: 162
	162  -  MemoryUsage of job (MB)
	166656  -  ResidentSetSize of job (KB)
...
006 (32358581.467.000) 2023-06-22 15:30:37 Image size of job updated: 162
	162  -  MemoryUsage of job (MB)
	166664  -  ResidentSetSize of job (KB)
...
040 (32358581.467.000) 2023-06-22 15:32:20 Started transferring output files
	Seconds spent in queue: 526
...
040 (32358581.467.000) 2023-06-22 15:32:20 Finished transferring output files
...
005 (32358581.467.000) 2023-06-22 15:32:22 Job terminated.
	(1) Normal termination (return value 0)
		Usr 0 00:04:02, Sys 0 00:00:11  -  Run Remote Usage
		Usr 0 00:00:00, Sys 0 00:00:00  -  Run Local Usage
		Usr 0 00:04:02, Sys 0 00:00:11  -  Total Remote Usage
		Usr 0 00:00:00, Sys 0 00:00:00  -  Total Local Usage
	146285  -  Run Bytes Sent By Job
	224267  -  Run Bytes Received By Job
	146285  -  Total Bytes Sent By Job
	224267  -  Total Bytes Received By Job
	Partitionable Resources :    Usage  Request Allocated 
	   Cpus                 :     0.00        1         1 
	   Disk (KB)            :   908         225   3466257 
	   Memory (MB)          :   162        2048      2048 

	Job terminated of its own accord at 2023-06-22T20:32:20Z with exit-code 0.
...
