000 (32358581.209.000) 2023-06-22 15:12:16 Job submitted from host: <131.225.204.62:9618?addrs=131.225.204.62-9618+[2620-6a-0-8420-f0-0-204-62]-9618&alias=lpcschedd5.fnal.gov&noUDP&sock=schedd_2770_916d>
...
040 (32358581.209.000) 2023-06-22 15:20:42 Entered queue to transfer input files
	Transferring to host: <131.225.188.21:9618?addrs=[2620-6a-0-8421-f0-0-188-21]-9618+131.225.188.21-9618&alias=cmswn2023.fnal.gov&noUDP&sock=slot1_37_2123_986f_43220>
...
040 (32358581.209.000) 2023-06-22 15:20:45 Started transferring input files
	Seconds spent in queue: 3
...
040 (32358581.209.000) 2023-06-22 15:20:45 Finished transferring input files
...
001 (32358581.209.000) 2023-06-22 15:20:45 Job executing on host: <131.225.188.21:9618?addrs=[2620-6a-0-8421-f0-0-188-21]-9618+131.225.188.21-9618&alias=cmswn2023.fnal.gov&noUDP&sock=startd_2023_302e>
...
006 (32358581.209.000) 2023-06-22 15:21:54 Image size of job updated: 142
	142  -  MemoryUsage of job (MB)
	146068  -  ResidentSetSize of job (KB)
...
006 (32358581.209.000) 2023-06-22 15:22:54 Image size of job updated: 142
	142  -  MemoryUsage of job (MB)
	146116  -  ResidentSetSize of job (KB)
...
040 (32358581.209.000) 2023-06-22 15:23:26 Started transferring output files
	Seconds spent in queue: 164
...
040 (32358581.209.000) 2023-06-22 15:23:26 Finished transferring output files
...
005 (32358581.209.000) 2023-06-22 15:23:30 Job terminated.
	(1) Normal termination (return value 0)
		Usr 0 00:02:08, Sys 0 00:00:06  -  Run Remote Usage
		Usr 0 00:00:00, Sys 0 00:00:00  -  Run Local Usage
		Usr 0 00:02:08, Sys 0 00:00:06  -  Total Remote Usage
		Usr 0 00:00:00, Sys 0 00:00:00  -  Total Local Usage
	136735  -  Run Bytes Sent By Job
	224267  -  Run Bytes Received By Job
	136735  -  Total Bytes Sent By Job
	224267  -  Total Bytes Received By Job
	Partitionable Resources :    Usage  Request Allocated 
	   Cpus                 :        0        1         1 
	   Disk (KB)            :      900      225   1641560 
	   Memory (MB)          :      142     2048      2048 

	Job terminated of its own accord at 2023-06-22T20:23:25Z with exit-code 0.
...
