000 (32358581.049.000) 2023-06-22 15:12:16 Job submitted from host: <131.225.204.62:9618?addrs=131.225.204.62-9618+[2620-6a-0-8420-f0-0-204-62]-9618&alias=lpcschedd5.fnal.gov&noUDP&sock=schedd_2770_916d>
...
040 (32358581.049.000) 2023-06-22 15:19:31 Entered queue to transfer input files
	Transferring to host: <131.225.188.179:9618?addrs=[2620-6a-0-8421-f0-0-188-179]-9618+131.225.188.179-9618&alias=cmswn2059.fnal.gov&noUDP&sock=slot1_49_2012_62cb_10071>
...
040 (32358581.049.000) 2023-06-22 15:19:32 Started transferring input files
	Seconds spent in queue: 1
...
040 (32358581.049.000) 2023-06-22 15:19:32 Finished transferring input files
...
001 (32358581.049.000) 2023-06-22 15:19:32 Job executing on host: <131.225.188.179:9618?addrs=[2620-6a-0-8421-f0-0-188-179]-9618+131.225.188.179-9618&alias=cmswn2059.fnal.gov&noUDP&sock=startd_1929_b647>
...
006 (32358581.049.000) 2023-06-22 15:19:41 Image size of job updated: 6
	6  -  MemoryUsage of job (MB)
	6908  -  ResidentSetSize of job (KB)
...
006 (32358581.049.000) 2023-06-22 15:20:42 Image size of job updated: 146
	146  -  MemoryUsage of job (MB)
	149780  -  ResidentSetSize of job (KB)
...
006 (32358581.049.000) 2023-06-22 15:21:42 Image size of job updated: 146
	146  -  MemoryUsage of job (MB)
	149788  -  ResidentSetSize of job (KB)
...
040 (32358581.049.000) 2023-06-22 15:22:07 Started transferring output files
	Seconds spent in queue: 156
...
040 (32358581.049.000) 2023-06-22 15:22:08 Finished transferring output files
...
005 (32358581.049.000) 2023-06-22 15:22:09 Job terminated.
	(1) Normal termination (return value 0)
		Usr 0 00:02:07, Sys 0 00:00:06  -  Run Remote Usage
		Usr 0 00:00:00, Sys 0 00:00:00  -  Run Local Usage
		Usr 0 00:02:07, Sys 0 00:00:06  -  Total Remote Usage
		Usr 0 00:00:00, Sys 0 00:00:00  -  Total Local Usage
	137470  -  Run Bytes Sent By Job
	224266  -  Run Bytes Received By Job
	137470  -  Total Bytes Sent By Job
	224266  -  Total Bytes Received By Job
	Partitionable Resources :    Usage  Request Allocated 
	   Cpus                 :        0        1         1 
	   Disk (KB)            :      901      225   1654204 
	   Memory (MB)          :      146     2048      2048 

	Job terminated of its own accord at 2023-06-22T20:22:07Z with exit-code 0.
...
