000 (32358581.385.000) 2023-06-22 15:12:17 Job submitted from host: <131.225.204.62:9618?addrs=131.225.204.62-9618+[2620-6a-0-8420-f0-0-204-62]-9618&alias=lpcschedd5.fnal.gov&noUDP&sock=schedd_2770_916d>
...
040 (32358581.385.000) 2023-06-22 15:22:32 Started transferring input files
	Transferring to host: <131.225.188.94:9618?addrs=[2620-6a-0-8421-f0-0-188-94]-9618+131.225.188.94-9618&alias=cmswn2045.fnal.gov&noUDP&sock=slot1_10_2109_bb2f_47990>
...
040 (32358581.385.000) 2023-06-22 15:22:32 Finished transferring input files
...
001 (32358581.385.000) 2023-06-22 15:22:32 Job executing on host: <131.225.188.94:9618?addrs=[2620-6a-0-8421-f0-0-188-94]-9618+131.225.188.94-9618&alias=cmswn2045.fnal.gov&noUDP&sock=startd_1924_484e>
...
006 (32358581.385.000) 2023-06-22 15:24:42 Image size of job updated: 161
	161  -  MemoryUsage of job (MB)
	165768  -  ResidentSetSize of job (KB)
...
006 (32358581.385.000) 2023-06-22 15:25:42 Image size of job updated: 162
	162  -  MemoryUsage of job (MB)
	166760  -  ResidentSetSize of job (KB)
...
006 (32358581.385.000) 2023-06-22 15:26:42 Image size of job updated: 162
	162  -  MemoryUsage of job (MB)
	166768  -  ResidentSetSize of job (KB)
...
006 (32358581.385.000) 2023-06-22 15:27:42 Image size of job updated: 162
	162  -  MemoryUsage of job (MB)
	166780  -  ResidentSetSize of job (KB)
...
006 (32358581.385.000) 2023-06-22 15:28:43 Image size of job updated: 162
	162  -  MemoryUsage of job (MB)
	166892  -  ResidentSetSize of job (KB)
...
040 (32358581.385.000) 2023-06-22 15:29:28 Started transferring output files
...
040 (32358581.385.000) 2023-06-22 15:29:28 Finished transferring output files
...
005 (32358581.385.000) 2023-06-22 15:29:33 Job terminated.
	(1) Normal termination (return value 0)
		Usr 0 00:03:48, Sys 0 00:00:12  -  Run Remote Usage
		Usr 0 00:00:00, Sys 0 00:00:00  -  Run Local Usage
		Usr 0 00:03:48, Sys 0 00:00:12  -  Total Remote Usage
		Usr 0 00:00:00, Sys 0 00:00:00  -  Total Local Usage
	147092  -  Run Bytes Sent By Job
	224267  -  Run Bytes Received By Job
	147092  -  Total Bytes Sent By Job
	224267  -  Total Bytes Received By Job
	Partitionable Resources :    Usage  Request Allocated 
	   Cpus                 :        0        1         1 
	   Disk (KB)            :      913      225   1643101 
	   Memory (MB)          :      162     2048      2048 

	Job terminated of its own accord at 2023-06-22T20:29:28Z with exit-code 0.
...
