000 (32358581.026.000) 2023-06-22 15:12:16 Job submitted from host: <131.225.204.62:9618?addrs=131.225.204.62-9618+[2620-6a-0-8420-f0-0-204-62]-9618&alias=lpcschedd5.fnal.gov&noUDP&sock=schedd_2770_916d>
...
040 (32358581.026.000) 2023-06-22 15:19:08 Entered queue to transfer input files
	Transferring to host: <131.225.188.227:9618?addrs=[2620-6a-0-8421-f0-0-188-227]-9618+131.225.188.227-9618&alias=cmswn2071.fnal.gov&noUDP&sock=slot1_4_2022_6e8b_58460>
...
040 (32358581.026.000) 2023-06-22 15:19:17 Started transferring input files
	Seconds spent in queue: 9
...
040 (32358581.026.000) 2023-06-22 15:19:17 Finished transferring input files
...
001 (32358581.026.000) 2023-06-22 15:19:17 Job executing on host: <131.225.188.227:9618?addrs=[2620-6a-0-8421-f0-0-188-227]-9618+131.225.188.227-9618&alias=cmswn2071.fnal.gov&noUDP&sock=startd_1930_65df>
...
006 (32358581.026.000) 2023-06-22 15:21:31 Image size of job updated: 137
	137  -  MemoryUsage of job (MB)
	141144  -  ResidentSetSize of job (KB)
...
006 (32358581.026.000) 2023-06-22 15:22:31 Image size of job updated: 138
	138  -  MemoryUsage of job (MB)
	141928  -  ResidentSetSize of job (KB)
...
006 (32358581.026.000) 2023-06-22 15:23:32 Image size of job updated: 138
	138  -  MemoryUsage of job (MB)
	141964  -  ResidentSetSize of job (KB)
...
040 (32358581.026.000) 2023-06-22 15:25:03 Started transferring output files
	Seconds spent in queue: 355
...
040 (32358581.026.000) 2023-06-22 15:25:03 Finished transferring output files
...
005 (32358581.026.000) 2023-06-22 15:25:10 Job terminated.
	(1) Normal termination (return value 0)
		Usr 0 00:01:06, Sys 0 00:00:04  -  Run Remote Usage
		Usr 0 00:00:00, Sys 0 00:00:00  -  Run Local Usage
		Usr 0 00:01:06, Sys 0 00:00:04  -  Total Remote Usage
		Usr 0 00:00:00, Sys 0 00:00:00  -  Total Local Usage
	128806  -  Run Bytes Sent By Job
	224266  -  Run Bytes Received By Job
	128806  -  Total Bytes Sent By Job
	224266  -  Total Bytes Received By Job
	Partitionable Resources :    Usage  Request Allocated 
	   Cpus                 :        0        1         1 
	   Disk (KB)            :      895      225   1621266 
	   Memory (MB)          :      138     2048      2048 

	Job terminated of its own accord at 2023-06-22T20:25:03Z with exit-code 0.
...
