000 (32358581.130.000) 2023-06-22 15:12:16 Job submitted from host: <131.225.204.62:9618?addrs=131.225.204.62-9618+[2620-6a-0-8420-f0-0-204-62]-9618&alias=lpcschedd5.fnal.gov&noUDP&sock=schedd_2770_916d>
...
040 (32358581.130.000) 2023-06-22 15:20:26 Entered queue to transfer input files
	Transferring to host: <131.225.188.34:9618?addrs=[2620-6a-0-8421-f0-0-188-34]-9618+131.225.188.34-9618&alias=cmswn2026.fnal.gov&noUDP&sock=slot1_15_2019_516b_45667>
...
040 (32358581.130.000) 2023-06-22 15:20:30 Started transferring input files
	Seconds spent in queue: 4
...
040 (32358581.130.000) 2023-06-22 15:20:30 Finished transferring input files
...
001 (32358581.130.000) 2023-06-22 15:20:30 Job executing on host: <131.225.188.34:9618?addrs=[2620-6a-0-8421-f0-0-188-34]-9618+131.225.188.34-9618&alias=cmswn2026.fnal.gov&noUDP&sock=startd_1929_b647>
...
006 (32358581.130.000) 2023-06-22 15:20:39 Image size of job updated: 6
	6  -  MemoryUsage of job (MB)
	6952  -  ResidentSetSize of job (KB)
...
006 (32358581.130.000) 2023-06-22 15:21:40 Image size of job updated: 138
	138  -  MemoryUsage of job (MB)
	141784  -  ResidentSetSize of job (KB)
...
006 (32358581.130.000) 2023-06-22 15:22:21 Image size of job updated: 138
	138  -  MemoryUsage of job (MB)
	141816  -  ResidentSetSize of job (KB)
...
040 (32358581.130.000) 2023-06-22 15:22:21 Started transferring output files
	Seconds spent in queue: 115
...
040 (32358581.130.000) 2023-06-22 15:22:21 Finished transferring output files
...
005 (32358581.130.000) 2023-06-22 15:22:23 Job terminated.
	(1) Normal termination (return value 0)
		Usr 0 00:00:43, Sys 0 00:00:03  -  Run Remote Usage
		Usr 0 00:00:00, Sys 0 00:00:00  -  Run Local Usage
		Usr 0 00:00:43, Sys 0 00:00:03  -  Total Remote Usage
		Usr 0 00:00:00, Sys 0 00:00:00  -  Total Local Usage
	129849  -  Run Bytes Sent By Job
	224267  -  Run Bytes Received By Job
	129849  -  Total Bytes Sent By Job
	224267  -  Total Bytes Received By Job
	Partitionable Resources :    Usage  Request Allocated 
	   Cpus                 :     0.01        1         1 
	   Disk (KB)            :   892         225   1636992 
	   Memory (MB)          :   138        2048      2048 

	Job terminated of its own accord at 2023-06-22T20:22:21Z with exit-code 0.
...
