000 (32358581.040.000) 2023-06-22 15:12:16 Job submitted from host: <131.225.204.62:9618?addrs=131.225.204.62-9618+[2620-6a-0-8420-f0-0-204-62]-9618&alias=lpcschedd5.fnal.gov&noUDP&sock=schedd_2770_916d>
...
040 (32358581.040.000) 2023-06-22 15:19:29 Entered queue to transfer input files
	Transferring to host: <131.225.189.134:9618?addrs=[2620-6a-0-8421-f0-0-189-134]-9618+131.225.189.134-9618&alias=cmswn2104.fnal.gov&noUDP&sock=slot1_62_2122_e40f_57333>
...
040 (32358581.040.000) 2023-06-22 15:19:32 Started transferring input files
	Seconds spent in queue: 3
...
040 (32358581.040.000) 2023-06-22 15:19:32 Finished transferring input files
...
001 (32358581.040.000) 2023-06-22 15:19:32 Job executing on host: <131.225.189.134:9618?addrs=[2620-6a-0-8421-f0-0-189-134]-9618+131.225.189.134-9618&alias=cmswn2104.fnal.gov&noUDP&sock=startd_2019_71cd>
...
006 (32358581.040.000) 2023-06-22 15:20:42 Image size of job updated: 145
	145  -  MemoryUsage of job (MB)
	149040  -  ResidentSetSize of job (KB)
...
040 (32358581.040.000) 2023-06-22 15:22:09 Started transferring output files
	Seconds spent in queue: 160
...
040 (32358581.040.000) 2023-06-22 15:22:09 Finished transferring output files
...
005 (32358581.040.000) 2023-06-22 15:22:10 Job terminated.
	(1) Normal termination (return value 0)
		Usr 0 00:01:58, Sys 0 00:00:06  -  Run Remote Usage
		Usr 0 00:00:00, Sys 0 00:00:00  -  Run Local Usage
		Usr 0 00:01:58, Sys 0 00:00:06  -  Total Remote Usage
		Usr 0 00:00:00, Sys 0 00:00:00  -  Total Local Usage
	137423  -  Run Bytes Sent By Job
	224266  -  Run Bytes Received By Job
	137423  -  Total Bytes Sent By Job
	224266  -  Total Bytes Received By Job
	Partitionable Resources :    Usage  Request Allocated 
	   Cpus                 :     0.00        1         1 
	   Disk (KB)            :   903         225   3460026 
	   Memory (MB)          :   145        2048      2048 

	Job terminated of its own accord at 2023-06-22T20:22:09Z with exit-code 0.
...
