000 (32358581.443.000) 2023-06-22 15:12:17 Job submitted from host: <131.225.204.62:9618?addrs=131.225.204.62-9618+[2620-6a-0-8420-f0-0-204-62]-9618&alias=lpcschedd5.fnal.gov&noUDP&sock=schedd_2770_916d>
...
040 (32358581.443.000) 2023-06-22 15:23:14 Entered queue to transfer input files
	Transferring to host: <131.225.188.105:9618?addrs=[2620-6a-0-8421-f0-0-188-105]-9618+131.225.188.105-9618&alias=cmswn2046.fnal.gov&noUDP&sock=slot1_34_2112_d84f_36027>
...
040 (32358581.443.000) 2023-06-22 15:24:05 Started transferring input files
	Seconds spent in queue: 51
...
040 (32358581.443.000) 2023-06-22 15:24:05 Finished transferring input files
...
001 (32358581.443.000) 2023-06-22 15:24:05 Job executing on host: <131.225.188.105:9618?addrs=[2620-6a-0-8421-f0-0-188-105]-9618+131.225.188.105-9618&alias=cmswn2046.fnal.gov&noUDP&sock=startd_2017_129d>
...
006 (32358581.443.000) 2023-06-22 15:25:13 Image size of job updated: 141
	141  -  MemoryUsage of job (MB)
	145240  -  ResidentSetSize of job (KB)
...
006 (32358581.443.000) 2023-06-22 15:26:13 Image size of job updated: 142
	142  -  MemoryUsage of job (MB)
	145500  -  ResidentSetSize of job (KB)
...
006 (32358581.443.000) 2023-06-22 15:27:13 Image size of job updated: 142
	142  -  MemoryUsage of job (MB)
	145548  -  ResidentSetSize of job (KB)
...
040 (32358581.443.000) 2023-06-22 15:28:32 Started transferring output files
	Seconds spent in queue: 318
...
040 (32358581.443.000) 2023-06-22 15:28:32 Finished transferring output files
...
005 (32358581.443.000) 2023-06-22 15:28:35 Job terminated.
	(1) Normal termination (return value 0)
		Usr 0 00:02:06, Sys 0 00:00:06  -  Run Remote Usage
		Usr 0 00:00:00, Sys 0 00:00:00  -  Run Local Usage
		Usr 0 00:02:06, Sys 0 00:00:06  -  Total Remote Usage
		Usr 0 00:00:00, Sys 0 00:00:00  -  Total Local Usage
	135751  -  Run Bytes Sent By Job
	224267  -  Run Bytes Received By Job
	135751  -  Total Bytes Sent By Job
	224267  -  Total Bytes Received By Job
	Partitionable Resources :    Usage  Request Allocated 
	   Cpus                 :        0        1         1 
	   Disk (KB)            :      899      225   1647894 
	   Memory (MB)          :      142     2048      2048 

	Job terminated of its own accord at 2023-06-22T20:28:32Z with exit-code 0.
...
