000 (32358581.072.000) 2023-06-22 15:12:16 Job submitted from host: <131.225.204.62:9618?addrs=131.225.204.62-9618+[2620-6a-0-8420-f0-0-204-62]-9618&alias=lpcschedd5.fnal.gov&noUDP&sock=schedd_2770_916d>
...
040 (32358581.072.000) 2023-06-22 15:19:52 Started transferring input files
	Transferring to host: <131.225.188.25:9618?addrs=[2620-6a-0-8421-f0-0-188-25]-9618+131.225.188.25-9618&alias=cmswn2025.fnal.gov&noUDP&sock=slot1_34_2021_ba2b_52193>
...
040 (32358581.072.000) 2023-06-22 15:19:52 Finished transferring input files
...
001 (32358581.072.000) 2023-06-22 15:19:53 Job executing on host: <131.225.188.25:9618?addrs=[2620-6a-0-8421-f0-0-188-25]-9618+131.225.188.25-9618&alias=cmswn2025.fnal.gov&noUDP&sock=startd_1925_f7e6>
...
006 (32358581.072.000) 2023-06-22 15:21:01 Image size of job updated: 142
	142  -  MemoryUsage of job (MB)
	145508  -  ResidentSetSize of job (KB)
...
006 (32358581.072.000) 2023-06-22 15:24:04 Image size of job updated: 144
	144  -  MemoryUsage of job (MB)
	147460  -  ResidentSetSize of job (KB)
...
006 (32358581.072.000) 2023-06-22 15:25:05 Image size of job updated: 144
	144  -  MemoryUsage of job (MB)
	147536  -  ResidentSetSize of job (KB)
...
006 (32358581.072.000) 2023-06-22 15:26:06 Image size of job updated: 144
	144  -  MemoryUsage of job (MB)
	147612  -  ResidentSetSize of job (KB)
...
006 (32358581.072.000) 2023-06-22 15:27:06 Image size of job updated: 144
	144  -  MemoryUsage of job (MB)
	147692  -  ResidentSetSize of job (KB)
...
006 (32358581.072.000) 2023-06-22 15:28:06 Image size of job updated: 144
	144  -  MemoryUsage of job (MB)
	147728  -  ResidentSetSize of job (KB)
...
006 (32358581.072.000) 2023-06-22 15:29:06 Image size of job updated: 144
	144  -  MemoryUsage of job (MB)
	147740  -  ResidentSetSize of job (KB)
...
006 (32358581.072.000) 2023-06-22 15:30:07 Image size of job updated: 144
	144  -  MemoryUsage of job (MB)
	147744  -  ResidentSetSize of job (KB)
...
006 (32358581.072.000) 2023-06-22 15:31:08 Image size of job updated: 144
	144  -  MemoryUsage of job (MB)
	147756  -  ResidentSetSize of job (KB)
...
006 (32358581.072.000) 2023-06-22 15:32:10 Image size of job updated: 144
	144  -  MemoryUsage of job (MB)
	147772  -  ResidentSetSize of job (KB)
...
040 (32358581.072.000) 2023-06-22 15:37:01 Started transferring output files
...
040 (32358581.072.000) 2023-06-22 15:37:01 Finished transferring output files
...
005 (32358581.072.000) 2023-06-22 15:37:09 Job terminated.
	(1) Normal termination (return value 0)
		Usr 0 00:02:26, Sys 0 00:00:07  -  Run Remote Usage
		Usr 0 00:00:00, Sys 0 00:00:00  -  Run Local Usage
		Usr 0 00:02:26, Sys 0 00:00:07  -  Total Remote Usage
		Usr 0 00:00:00, Sys 0 00:00:00  -  Total Local Usage
	136233  -  Run Bytes Sent By Job
	224266  -  Run Bytes Received By Job
	136233  -  Total Bytes Sent By Job
	224266  -  Total Bytes Received By Job
	Partitionable Resources :    Usage  Request Allocated 
	   Cpus                 :     0.00        1         1 
	   Disk (KB)            :   903         225   1633296 
	   Memory (MB)          :   144        2048      2048 

	Job terminated of its own accord at 2023-06-22T20:37:01Z with exit-code 0.
...
