000 (32358581.142.000) 2023-06-22 15:12:16 Job submitted from host: <131.225.204.62:9618?addrs=131.225.204.62-9618+[2620-6a-0-8420-f0-0-204-62]-9618&alias=lpcschedd5.fnal.gov&noUDP&sock=schedd_2770_916d>
...
040 (32358581.142.000) 2023-06-22 15:20:28 Entered queue to transfer input files
	Transferring to host: <131.225.188.17:9618?addrs=[2620-6a-0-8421-f0-0-188-17]-9618+131.225.188.17-9618&alias=cmswn2020.fnal.gov&noUDP&sock=slot1_18_2025_8bab_40859>
...
040 (32358581.142.000) 2023-06-22 15:20:45 Started transferring input files
	Seconds spent in queue: 17
...
040 (32358581.142.000) 2023-06-22 15:20:45 Finished transferring input files
...
001 (32358581.142.000) 2023-06-22 15:20:45 Job executing on host: <131.225.188.17:9618?addrs=[2620-6a-0-8421-f0-0-188-17]-9618+131.225.188.17-9618&alias=cmswn2020.fnal.gov&noUDP&sock=startd_1921_3985>
...
006 (32358581.142.000) 2023-06-22 15:21:54 Image size of job updated: 143
	143  -  MemoryUsage of job (MB)
	146632  -  ResidentSetSize of job (KB)
...
006 (32358581.142.000) 2023-06-22 15:23:54 Image size of job updated: 144
	144  -  MemoryUsage of job (MB)
	147732  -  ResidentSetSize of job (KB)
...
006 (32358581.142.000) 2023-06-22 15:24:54 Image size of job updated: 144
	144  -  MemoryUsage of job (MB)
	147860  -  ResidentSetSize of job (KB)
...
006 (32358581.142.000) 2023-06-22 15:25:55 Image size of job updated: 144
	144  -  MemoryUsage of job (MB)
	147908  -  ResidentSetSize of job (KB)
...
006 (32358581.142.000) 2023-06-22 15:26:55 Image size of job updated: 144
	144  -  MemoryUsage of job (MB)
	147992  -  ResidentSetSize of job (KB)
...
006 (32358581.142.000) 2023-06-22 15:27:58 Image size of job updated: 144
	144  -  MemoryUsage of job (MB)
	148084  -  ResidentSetSize of job (KB)
...
006 (32358581.142.000) 2023-06-22 15:28:59 Image size of job updated: 144
	144  -  MemoryUsage of job (MB)
	148100  -  ResidentSetSize of job (KB)
...
006 (32358581.142.000) 2023-06-22 15:30:00 Image size of job updated: 144
	144  -  MemoryUsage of job (MB)
	148112  -  ResidentSetSize of job (KB)
...
006 (32358581.142.000) 2023-06-22 15:31:01 Image size of job updated: 144
	144  -  MemoryUsage of job (MB)
	148128  -  ResidentSetSize of job (KB)
...
006 (32358581.142.000) 2023-06-22 15:34:02 Image size of job updated: 144
	144  -  MemoryUsage of job (MB)
	148132  -  ResidentSetSize of job (KB)
...
040 (32358581.142.000) 2023-06-22 15:36:53 Started transferring output files
	Seconds spent in queue: 985
...
040 (32358581.142.000) 2023-06-22 15:36:53 Finished transferring output files
...
005 (32358581.142.000) 2023-06-22 15:36:55 Job terminated.
	(1) Normal termination (return value 0)
		Usr 0 00:02:14, Sys 0 00:00:07  -  Run Remote Usage
		Usr 0 00:00:00, Sys 0 00:00:00  -  Run Local Usage
		Usr 0 00:02:14, Sys 0 00:00:07  -  Total Remote Usage
		Usr 0 00:00:00, Sys 0 00:00:00  -  Total Local Usage
	133726  -  Run Bytes Sent By Job
	224267  -  Run Bytes Received By Job
	133726  -  Total Bytes Sent By Job
	224267  -  Total Bytes Received By Job
	Partitionable Resources :    Usage  Request Allocated 
	   Cpus                 :     0.00        1         1 
	   Disk (KB)            :   898         225   1632973 
	   Memory (MB)          :   144        2048      2048 

	Job terminated of its own accord at 2023-06-22T20:36:53Z with exit-code 0.
...
