000 (32358581.051.000) 2023-06-22 15:12:16 Job submitted from host: <131.225.204.62:9618?addrs=131.225.204.62-9618+[2620-6a-0-8420-f0-0-204-62]-9618&alias=lpcschedd5.fnal.gov&noUDP&sock=schedd_2770_916d>
...
040 (32358581.051.000) 2023-06-22 15:19:32 Started transferring input files
	Transferring to host: <131.225.188.106:9618?addrs=[2620-6a-0-8421-f0-0-188-106]-9618+131.225.188.106-9618&alias=cmswn2047.fnal.gov&noUDP&sock=slot1_14_2166_e491_48075>
...
040 (32358581.051.000) 2023-06-22 15:19:32 Finished transferring input files
...
001 (32358581.051.000) 2023-06-22 15:19:32 Job executing on host: <131.225.188.106:9618?addrs=[2620-6a-0-8421-f0-0-188-106]-9618+131.225.188.106-9618&alias=cmswn2047.fnal.gov&noUDP&sock=startd_1933_74a8>
...
006 (32358581.051.000) 2023-06-22 15:19:41 Image size of job updated: 14
	14  -  MemoryUsage of job (MB)
	14788  -  ResidentSetSize of job (KB)
...
006 (32358581.051.000) 2023-06-22 15:20:42 Image size of job updated: 143
	143  -  MemoryUsage of job (MB)
	147432  -  ResidentSetSize of job (KB)
...
006 (32358581.051.000) 2023-06-22 15:21:43 Image size of job updated: 144
	144  -  MemoryUsage of job (MB)
	147552  -  ResidentSetSize of job (KB)
...
006 (32358581.051.000) 2023-06-22 15:22:22 Image size of job updated: 144
	144  -  MemoryUsage of job (MB)
	147592  -  ResidentSetSize of job (KB)
...
040 (32358581.051.000) 2023-06-22 15:22:22 Started transferring output files
...
040 (32358581.051.000) 2023-06-22 15:22:22 Finished transferring output files
...
005 (32358581.051.000) 2023-06-22 15:22:23 Job terminated.
	(1) Normal termination (return value 0)
		Usr 0 00:02:09, Sys 0 00:00:07  -  Run Remote Usage
		Usr 0 00:00:00, Sys 0 00:00:00  -  Run Local Usage
		Usr 0 00:02:09, Sys 0 00:00:07  -  Total Remote Usage
		Usr 0 00:00:00, Sys 0 00:00:00  -  Total Local Usage
	135610  -  Run Bytes Sent By Job
	224266  -  Run Bytes Received By Job
	135610  -  Total Bytes Sent By Job
	224266  -  Total Bytes Received By Job
	Partitionable Resources :    Usage  Request Allocated 
	   Cpus                 :     0.00        1         1 
	   Disk (KB)            :   902         225   1637500 
	   Memory (MB)          :   144        2048      2048 

	Job terminated of its own accord at 2023-06-22T20:22:22Z with exit-code 0.
...
