000 (32358581.469.000) 2023-06-22 15:12:17 Job submitted from host: <131.225.204.62:9618?addrs=131.225.204.62-9618+[2620-6a-0-8420-f0-0-204-62]-9618&alias=lpcschedd5.fnal.gov&noUDP&sock=schedd_2770_916d>
...
040 (32358581.469.000) 2023-06-22 15:23:34 Entered queue to transfer input files
	Transferring to host: <131.225.188.161:9618?addrs=[2620-6a-0-8421-f0-0-188-161]-9618+131.225.188.161-9618&alias=cmswn2055.fnal.gov&noUDP&sock=slot1_19_2025_8bab_18453>
...
040 (32358581.469.000) 2023-06-22 15:24:25 Started transferring input files
	Seconds spent in queue: 51
...
040 (32358581.469.000) 2023-06-22 15:24:25 Finished transferring input files
...
001 (32358581.469.000) 2023-06-22 15:24:25 Job executing on host: <131.225.188.161:9618?addrs=[2620-6a-0-8421-f0-0-188-161]-9618+131.225.188.161-9618&alias=cmswn2055.fnal.gov&noUDP&sock=startd_1929_b647>
...
006 (32358581.469.000) 2023-06-22 15:25:35 Image size of job updated: 163
	163  -  MemoryUsage of job (MB)
	166992  -  ResidentSetSize of job (KB)
...
006 (32358581.469.000) 2023-06-22 15:26:36 Image size of job updated: 163
	163  -  MemoryUsage of job (MB)
	167136  -  ResidentSetSize of job (KB)
...
006 (32358581.469.000) 2023-06-22 15:28:37 Image size of job updated: 163
	163  -  MemoryUsage of job (MB)
	167140  -  ResidentSetSize of job (KB)
...
006 (32358581.469.000) 2023-06-22 15:29:38 Image size of job updated: 163
	163  -  MemoryUsage of job (MB)
	167148  -  ResidentSetSize of job (KB)
...
006 (32358581.469.000) 2023-06-22 15:29:57 Image size of job updated: 163
	163  -  MemoryUsage of job (MB)
	167260  -  ResidentSetSize of job (KB)
...
040 (32358581.469.000) 2023-06-22 15:29:57 Started transferring output files
	Seconds spent in queue: 383
...
040 (32358581.469.000) 2023-06-22 15:29:57 Finished transferring output files
...
005 (32358581.469.000) 2023-06-22 15:29:58 Job terminated.
	(1) Normal termination (return value 0)
		Usr 0 00:04:32, Sys 0 00:00:12  -  Run Remote Usage
		Usr 0 00:00:00, Sys 0 00:00:00  -  Run Local Usage
		Usr 0 00:04:32, Sys 0 00:00:12  -  Total Remote Usage
		Usr 0 00:00:00, Sys 0 00:00:00  -  Total Local Usage
	145807  -  Run Bytes Sent By Job
	224267  -  Run Bytes Received By Job
	145807  -  Total Bytes Sent By Job
	224267  -  Total Bytes Received By Job
	Partitionable Resources :    Usage  Request Allocated 
	   Cpus                 :     0.00        1         1 
	   Disk (KB)            :   911         225   1634090 
	   Memory (MB)          :   163        2048      2048 

	Job terminated of its own accord at 2023-06-22T20:29:57Z with exit-code 0.
...
