000 (32358581.445.000) 2023-06-22 15:12:17 Job submitted from host: <131.225.204.62:9618?addrs=131.225.204.62-9618+[2620-6a-0-8420-f0-0-204-62]-9618&alias=lpcschedd5.fnal.gov&noUDP&sock=schedd_2770_916d>
...
040 (32358581.445.000) 2023-06-22 15:23:19 Entered queue to transfer input files
	Transferring to host: <131.225.188.14:9618?addrs=[2620-6a-0-8421-f0-0-188-14]-9618+131.225.188.14-9618&alias=cmswn2019.fnal.gov&noUDP&sock=slot1_18_2024_d74b_53199>
...
040 (32358581.445.000) 2023-06-22 15:24:09 Started transferring input files
	Seconds spent in queue: 50
...
040 (32358581.445.000) 2023-06-22 15:24:10 Finished transferring input files
...
001 (32358581.445.000) 2023-06-22 15:24:10 Job executing on host: <131.225.188.14:9618?addrs=[2620-6a-0-8421-f0-0-188-14]-9618+131.225.188.14-9618&alias=cmswn2019.fnal.gov&noUDP&sock=startd_1918_2abc>
...
006 (32358581.445.000) 2023-06-22 15:25:20 Image size of job updated: 144
	144  -  MemoryUsage of job (MB)
	148364  -  ResidentSetSize of job (KB)
...
006 (32358581.445.000) 2023-06-22 15:26:21 Image size of job updated: 145
	145  -  MemoryUsage of job (MB)
	148632  -  ResidentSetSize of job (KB)
...
006 (32358581.445.000) 2023-06-22 15:27:21 Image size of job updated: 145
	145  -  MemoryUsage of job (MB)
	148680  -  ResidentSetSize of job (KB)
...
040 (32358581.445.000) 2023-06-22 15:29:24 Started transferring output files
	Seconds spent in queue: 365
...
040 (32358581.445.000) 2023-06-22 15:29:24 Finished transferring output files
...
005 (32358581.445.000) 2023-06-22 15:29:27 Job terminated.
	(1) Normal termination (return value 0)
		Usr 0 00:00:12, Sys 0 00:00:01  -  Run Remote Usage
		Usr 0 00:00:00, Sys 0 00:00:00  -  Run Local Usage
		Usr 0 00:00:12, Sys 0 00:00:01  -  Total Remote Usage
		Usr 0 00:00:00, Sys 0 00:00:00  -  Total Local Usage
	139354  -  Run Bytes Sent By Job
	224267  -  Run Bytes Received By Job
	139354  -  Total Bytes Sent By Job
	224267  -  Total Bytes Received By Job
	Partitionable Resources :    Usage  Request Allocated 
	   Cpus                 :        0        1         1 
	   Disk (KB)            :      906      225   1636260 
	   Memory (MB)          :      145     2048      2048 

	Job terminated of its own accord at 2023-06-22T20:29:23Z with exit-code 0.
...
