000 (32358581.039.000) 2023-06-22 15:12:16 Job submitted from host: <131.225.204.62:9618?addrs=131.225.204.62-9618+[2620-6a-0-8420-f0-0-204-62]-9618&alias=lpcschedd5.fnal.gov&noUDP&sock=schedd_2770_916d>
...
040 (32358581.039.000) 2023-06-22 15:19:28 Entered queue to transfer input files
	Transferring to host: <131.225.189.134:9618?addrs=[2620-6a-0-8421-f0-0-189-134]-9618+131.225.189.134-9618&alias=cmswn2104.fnal.gov&noUDP&sock=slot1_64_2122_e40f_57332>
...
040 (32358581.039.000) 2023-06-22 15:19:29 Started transferring input files
	Seconds spent in queue: 1
...
040 (32358581.039.000) 2023-06-22 15:19:29 Finished transferring input files
...
001 (32358581.039.000) 2023-06-22 15:19:29 Job executing on host: <131.225.189.134:9618?addrs=[2620-6a-0-8421-f0-0-189-134]-9618+131.225.189.134-9618&alias=cmswn2104.fnal.gov&noUDP&sock=startd_2019_71cd>
...
006 (32358581.039.000) 2023-06-22 15:20:39 Image size of job updated: 140
	140  -  MemoryUsage of job (MB)
	143740  -  ResidentSetSize of job (KB)
...
006 (32358581.039.000) 2023-06-22 15:22:41 Image size of job updated: 142
	142  -  MemoryUsage of job (MB)
	145972  -  ResidentSetSize of job (KB)
...
006 (32358581.039.000) 2023-06-22 15:23:42 Image size of job updated: 142
	142  -  MemoryUsage of job (MB)
	146076  -  ResidentSetSize of job (KB)
...
006 (32358581.039.000) 2023-06-22 15:24:43 Image size of job updated: 142
	142  -  MemoryUsage of job (MB)
	146136  -  ResidentSetSize of job (KB)
...
006 (32358581.039.000) 2023-06-22 15:25:43 Image size of job updated: 142
	142  -  MemoryUsage of job (MB)
	146220  -  ResidentSetSize of job (KB)
...
006 (32358581.039.000) 2023-06-22 15:26:45 Image size of job updated: 142
	142  -  MemoryUsage of job (MB)
	146236  -  ResidentSetSize of job (KB)
...
006 (32358581.039.000) 2023-06-22 15:27:45 Image size of job updated: 142
	142  -  MemoryUsage of job (MB)
	146240  -  ResidentSetSize of job (KB)
...
006 (32358581.039.000) 2023-06-22 15:28:47 Image size of job updated: 142
	142  -  MemoryUsage of job (MB)
	146248  -  ResidentSetSize of job (KB)
...
006 (32358581.039.000) 2023-06-22 15:31:47 Image size of job updated: 142
	142  -  MemoryUsage of job (MB)
	146280  -  ResidentSetSize of job (KB)
...
040 (32358581.039.000) 2023-06-22 15:34:14 Started transferring output files
	Seconds spent in queue: 886
...
040 (32358581.039.000) 2023-06-22 15:34:15 Finished transferring output files
...
005 (32358581.039.000) 2023-06-22 15:34:17 Job terminated.
	(1) Normal termination (return value 0)
		Usr 0 00:02:08, Sys 0 00:00:06  -  Run Remote Usage
		Usr 0 00:00:00, Sys 0 00:00:00  -  Run Local Usage
		Usr 0 00:02:08, Sys 0 00:00:06  -  Total Remote Usage
		Usr 0 00:00:00, Sys 0 00:00:00  -  Total Local Usage
	135876  -  Run Bytes Sent By Job
	224266  -  Run Bytes Received By Job
	135876  -  Total Bytes Sent By Job
	224266  -  Total Bytes Received By Job
	Partitionable Resources :    Usage  Request Allocated 
	   Cpus                 :        0        1         1 
	   Disk (KB)            :      902      225   3460026 
	   Memory (MB)          :      142     2048      2048 

	Job terminated of its own accord at 2023-06-22T20:34:14Z with exit-code 0.
...
