000 (32358581.303.000) 2023-06-22 15:12:17 Job submitted from host: <131.225.204.62:9618?addrs=131.225.204.62-9618+[2620-6a-0-8420-f0-0-204-62]-9618&alias=lpcschedd5.fnal.gov&noUDP&sock=schedd_2770_916d>
...
040 (32358581.303.000) 2023-06-22 15:21:33 Started transferring input files
	Transferring to host: <131.225.189.131:9618?addrs=[2620-6a-0-8421-f0-0-189-131]-9618+131.225.189.131-9618&alias=cmswn2103.fnal.gov&noUDP&sock=slot1_35_2109_bb2f_26906>
...
040 (32358581.303.000) 2023-06-22 15:21:33 Finished transferring input files
...
001 (32358581.303.000) 2023-06-22 15:21:33 Job executing on host: <131.225.189.131:9618?addrs=[2620-6a-0-8421-f0-0-189-131]-9618+131.225.189.131-9618&alias=cmswn2103.fnal.gov&noUDP&sock=startd_2019_71cd>
...
006 (32358581.303.000) 2023-06-22 15:22:43 Image size of job updated: 165
	165  -  MemoryUsage of job (MB)
	169260  -  ResidentSetSize of job (KB)
...
006 (32358581.303.000) 2023-06-22 15:25:44 Image size of job updated: 165
	165  -  MemoryUsage of job (MB)
	169672  -  ResidentSetSize of job (KB)
...
006 (32358581.303.000) 2023-06-22 15:26:44 Image size of job updated: 166
	166  -  MemoryUsage of job (MB)
	169992  -  ResidentSetSize of job (KB)
...
006 (32358581.303.000) 2023-06-22 15:27:44 Image size of job updated: 166
	166  -  MemoryUsage of job (MB)
	170032  -  ResidentSetSize of job (KB)
...
006 (32358581.303.000) 2023-06-22 15:28:45 Image size of job updated: 166
	166  -  MemoryUsage of job (MB)
	170084  -  ResidentSetSize of job (KB)
...
006 (32358581.303.000) 2023-06-22 15:29:45 Image size of job updated: 166
	166  -  MemoryUsage of job (MB)
	170128  -  ResidentSetSize of job (KB)
...
006 (32358581.303.000) 2023-06-22 15:30:46 Image size of job updated: 166
	166  -  MemoryUsage of job (MB)
	170168  -  ResidentSetSize of job (KB)
...
006 (32358581.303.000) 2023-06-22 15:31:47 Image size of job updated: 166
	166  -  MemoryUsage of job (MB)
	170212  -  ResidentSetSize of job (KB)
...
006 (32358581.303.000) 2023-06-22 15:32:47 Image size of job updated: 166
	166  -  MemoryUsage of job (MB)
	170244  -  ResidentSetSize of job (KB)
...
006 (32358581.303.000) 2023-06-22 15:33:48 Image size of job updated: 166
	166  -  MemoryUsage of job (MB)
	170252  -  ResidentSetSize of job (KB)
...
006 (32358581.303.000) 2023-06-22 15:34:49 Image size of job updated: 166
	166  -  MemoryUsage of job (MB)
	170256  -  ResidentSetSize of job (KB)
...
006 (32358581.303.000) 2023-06-22 15:39:53 Image size of job updated: 166
	166  -  MemoryUsage of job (MB)
	170260  -  ResidentSetSize of job (KB)
...
040 (32358581.303.000) 2023-06-22 15:52:27 Started transferring output files
...
040 (32358581.303.000) 2023-06-22 15:52:27 Finished transferring output files
...
005 (32358581.303.000) 2023-06-22 15:52:29 Job terminated.
	(1) Normal termination (return value 0)
		Usr 0 00:09:57, Sys 0 00:19:26  -  Run Remote Usage
		Usr 0 00:00:00, Sys 0 00:00:00  -  Run Local Usage
		Usr 0 00:09:57, Sys 0 00:19:26  -  Total Remote Usage
		Usr 0 00:00:00, Sys 0 00:00:00  -  Total Local Usage
	135281  -  Run Bytes Sent By Job
	224267  -  Run Bytes Received By Job
	135281  -  Total Bytes Sent By Job
	224267  -  Total Bytes Received By Job
	Partitionable Resources :    Usage  Request Allocated 
	   Cpus                 :     0.00        1         1 
	   Disk (KB)            :   902         225   3450022 
	   Memory (MB)          :   166        2048      2048 

	Job terminated of its own accord at 2023-06-22T20:52:27Z with exit-code 0.
...
