000 (32358581.281.000) 2023-06-22 15:12:16 Job submitted from host: <131.225.204.62:9618?addrs=131.225.204.62-9618+[2620-6a-0-8420-f0-0-204-62]-9618&alias=lpcschedd5.fnal.gov&noUDP&sock=schedd_2770_916d>
...
040 (32358581.281.000) 2023-06-22 15:21:16 Started transferring input files
	Transferring to host: <131.225.189.34:9618?addrs=[2620-6a-0-8421-f0-0-189-34]-9618+131.225.189.34-9618&alias=cmswn2087.fnal.gov&noUDP&sock=slot1_27_2044_eecc_21454>
...
040 (32358581.281.000) 2023-06-22 15:21:16 Finished transferring input files
...
001 (32358581.281.000) 2023-06-22 15:21:16 Job executing on host: <131.225.189.34:9618?addrs=[2620-6a-0-8421-f0-0-189-34]-9618+131.225.189.34-9618&alias=cmswn2087.fnal.gov&noUDP&sock=startd_1929_b647>
...
006 (32358581.281.000) 2023-06-22 15:21:25 Image size of job updated: 5
	5  -  MemoryUsage of job (MB)
	5120  -  ResidentSetSize of job (KB)
...
006 (32358581.281.000) 2023-06-22 15:22:27 Image size of job updated: 156
	156  -  MemoryUsage of job (MB)
	160428  -  ResidentSetSize of job (KB)
...
006 (32358581.281.000) 2023-06-22 15:25:28 Image size of job updated: 157
	157  -  MemoryUsage of job (MB)
	161136  -  ResidentSetSize of job (KB)
...
006 (32358581.281.000) 2023-06-22 15:26:28 Image size of job updated: 157
	157  -  MemoryUsage of job (MB)
	161160  -  ResidentSetSize of job (KB)
...
006 (32358581.281.000) 2023-06-22 15:27:29 Image size of job updated: 157
	157  -  MemoryUsage of job (MB)
	161204  -  ResidentSetSize of job (KB)
...
006 (32358581.281.000) 2023-06-22 15:28:30 Image size of job updated: 157
	157  -  MemoryUsage of job (MB)
	161248  -  ResidentSetSize of job (KB)
...
006 (32358581.281.000) 2023-06-22 15:29:31 Image size of job updated: 157
	157  -  MemoryUsage of job (MB)
	161276  -  ResidentSetSize of job (KB)
...
006 (32358581.281.000) 2023-06-22 15:30:31 Image size of job updated: 157
	157  -  MemoryUsage of job (MB)
	161312  -  ResidentSetSize of job (KB)
...
006 (32358581.281.000) 2023-06-22 15:31:31 Image size of job updated: 157
	157  -  MemoryUsage of job (MB)
	161340  -  ResidentSetSize of job (KB)
...
006 (32358581.281.000) 2023-06-22 15:32:33 Image size of job updated: 157
	157  -  MemoryUsage of job (MB)
	161384  -  ResidentSetSize of job (KB)
...
006 (32358581.281.000) 2023-06-22 15:33:33 Image size of job updated: 157
	157  -  MemoryUsage of job (MB)
	161408  -  ResidentSetSize of job (KB)
...
006 (32358581.281.000) 2023-06-22 15:34:34 Image size of job updated: 157
	157  -  MemoryUsage of job (MB)
	161420  -  ResidentSetSize of job (KB)
...
006 (32358581.281.000) 2023-06-22 15:43:40 Image size of job updated: 157
	157  -  MemoryUsage of job (MB)
	161428  -  ResidentSetSize of job (KB)
...
006 (32358581.281.000) 2023-06-22 15:50:44 Image size of job updated: 157
	157  -  MemoryUsage of job (MB)
	161436  -  ResidentSetSize of job (KB)
...
006 (32358581.281.000) 2023-06-22 16:11:56 Image size of job updated: 157
	157  -  MemoryUsage of job (MB)
	161456  -  ResidentSetSize of job (KB)
...
040 (32358581.281.000) 2023-06-22 16:12:18 Started transferring output files
...
040 (32358581.281.000) 2023-06-22 16:12:18 Finished transferring output files
...
005 (32358581.281.000) 2023-06-22 16:12:25 Job terminated.
	(1) Normal termination (return value 0)
		Usr 0 00:17:01, Sys 0 00:31:19  -  Run Remote Usage
		Usr 0 00:00:00, Sys 0 00:00:00  -  Run Local Usage
		Usr 0 00:17:01, Sys 0 00:31:19  -  Total Remote Usage
		Usr 0 00:00:00, Sys 0 00:00:00  -  Total Local Usage
	145225  -  Run Bytes Sent By Job
	224267  -  Run Bytes Received By Job
	145225  -  Total Bytes Sent By Job
	224267  -  Total Bytes Received By Job
	Partitionable Resources :    Usage  Request Allocated 
	   Cpus                 :        0        1         1 
	   Disk (KB)            :      909      225   1635237 
	   Memory (MB)          :      157     2048      2048 

	Job terminated of its own accord at 2023-06-22T21:12:18Z with exit-code 0.
...
