000 (32358581.298.000) 2023-06-22 15:12:16 Job submitted from host: <131.225.204.62:9618?addrs=131.225.204.62-9618+[2620-6a-0-8420-f0-0-204-62]-9618&alias=lpcschedd5.fnal.gov&noUDP&sock=schedd_2770_916d>
...
040 (32358581.298.000) 2023-06-22 15:21:30 Started transferring input files
	Transferring to host: <131.225.188.184:9618?addrs=[2620-6a-0-8421-f0-0-188-184]-9618+131.225.188.184-9618&alias=cmswn2061.fnal.gov&noUDP&sock=slot1_51_2109_bb2f_8663>
...
040 (32358581.298.000) 2023-06-22 15:21:30 Finished transferring input files
...
001 (32358581.298.000) 2023-06-22 15:21:30 Job executing on host: <131.225.188.184:9618?addrs=[2620-6a-0-8421-f0-0-188-184]-9618+131.225.188.184-9618&alias=cmswn2061.fnal.gov&noUDP&sock=startd_2020_2165>
...
006 (32358581.298.000) 2023-06-22 15:21:39 Image size of job updated: 37
	37  -  MemoryUsage of job (MB)
	38224  -  ResidentSetSize of job (KB)
...
006 (32358581.298.000) 2023-06-22 15:22:39 Image size of job updated: 149
	149  -  MemoryUsage of job (MB)
	153108  -  ResidentSetSize of job (KB)
...
006 (32358581.298.000) 2023-06-22 15:24:40 Image size of job updated: 149
	149  -  MemoryUsage of job (MB)
	153116  -  ResidentSetSize of job (KB)
...
040 (32358581.298.000) 2023-06-22 15:24:47 Started transferring output files
...
040 (32358581.298.000) 2023-06-22 15:24:47 Finished transferring output files
...
005 (32358581.298.000) 2023-06-22 15:24:49 Job terminated.
	(1) Normal termination (return value 0)
		Usr 0 00:01:48, Sys 0 00:00:05  -  Run Remote Usage
		Usr 0 00:00:00, Sys 0 00:00:00  -  Run Local Usage
		Usr 0 00:01:48, Sys 0 00:00:05  -  Total Remote Usage
		Usr 0 00:00:00, Sys 0 00:00:00  -  Total Local Usage
	141992  -  Run Bytes Sent By Job
	224267  -  Run Bytes Received By Job
	141992  -  Total Bytes Sent By Job
	224267  -  Total Bytes Received By Job
	Partitionable Resources :    Usage  Request Allocated 
	   Cpus                 :     0.00        1         1 
	   Disk (KB)            :   908         225   1643483 
	   Memory (MB)          :   149        2048      2048 

	Job terminated of its own accord at 2023-06-22T20:24:47Z with exit-code 0.
...
