000 (32358581.196.000) 2023-06-22 15:12:16 Job submitted from host: <131.225.204.62:9618?addrs=131.225.204.62-9618+[2620-6a-0-8420-f0-0-204-62]-9618&alias=lpcschedd5.fnal.gov&noUDP&sock=schedd_2770_916d>
...
040 (32358581.196.000) 2023-06-22 15:20:35 Started transferring input files
	Transferring to host: <131.225.188.17:9618?addrs=[2620-6a-0-8421-f0-0-188-17]-9618+131.225.188.17-9618&alias=cmswn2020.fnal.gov&noUDP&sock=slot1_43_2025_8bab_40864>
...
040 (32358581.196.000) 2023-06-22 15:20:35 Finished transferring input files
...
001 (32358581.196.000) 2023-06-22 15:20:35 Job executing on host: <131.225.188.17:9618?addrs=[2620-6a-0-8421-f0-0-188-17]-9618+131.225.188.17-9618&alias=cmswn2020.fnal.gov&noUDP&sock=startd_1921_3985>
...
006 (32358581.196.000) 2023-06-22 15:20:45 Image size of job updated: 6
	6  -  MemoryUsage of job (MB)
	6860  -  ResidentSetSize of job (KB)
...
006 (32358581.196.000) 2023-06-22 15:21:45 Image size of job updated: 146
	146  -  MemoryUsage of job (MB)
	150200  -  ResidentSetSize of job (KB)
...
006 (32358581.196.000) 2023-06-22 15:22:45 Image size of job updated: 146
	146  -  MemoryUsage of job (MB)
	150392  -  ResidentSetSize of job (KB)
...
006 (32358581.196.000) 2023-06-22 15:23:45 Image size of job updated: 146
	146  -  MemoryUsage of job (MB)
	150452  -  ResidentSetSize of job (KB)
...
040 (32358581.196.000) 2023-06-22 15:28:07 Started transferring output files
...
040 (32358581.196.000) 2023-06-22 15:28:07 Finished transferring output files
...
005 (32358581.196.000) 2023-06-22 15:28:08 Job terminated.
	(1) Normal termination (return value 0)
		Usr 0 00:02:43, Sys 0 00:00:08  -  Run Remote Usage
		Usr 0 00:00:00, Sys 0 00:00:00  -  Run Local Usage
		Usr 0 00:02:43, Sys 0 00:00:08  -  Total Remote Usage
		Usr 0 00:00:00, Sys 0 00:00:00  -  Total Local Usage
	138494  -  Run Bytes Sent By Job
	224267  -  Run Bytes Received By Job
	138494  -  Total Bytes Sent By Job
	224267  -  Total Bytes Received By Job
	Partitionable Resources :    Usage  Request Allocated 
	   Cpus                 :        0        1         1 
	   Disk (KB)            :      902      225   1632973 
	   Memory (MB)          :      146     2048      2048 

	Job terminated of its own accord at 2023-06-22T20:28:07Z with exit-code 0.
...
