000 (32358581.391.000) 2023-06-22 15:12:17 Job submitted from host: <131.225.204.62:9618?addrs=131.225.204.62-9618+[2620-6a-0-8420-f0-0-204-62]-9618&alias=lpcschedd5.fnal.gov&noUDP&sock=schedd_2770_916d>
...
040 (32358581.391.000) 2023-06-22 15:22:37 Started transferring input files
	Transferring to host: <131.225.189.158:9618?addrs=[2620-6a-0-8421-f0-0-189-158]-9618+131.225.189.158-9618&alias=cmswn2114.fnal.gov&noUDP&sock=slot1_7_2119_c6ef_60537>
...
040 (32358581.391.000) 2023-06-22 15:22:37 Finished transferring input files
...
001 (32358581.391.000) 2023-06-22 15:22:37 Job executing on host: <131.225.189.158:9618?addrs=[2620-6a-0-8421-f0-0-189-158]-9618+131.225.189.158-9618&alias=cmswn2114.fnal.gov&noUDP&sock=startd_2016_6304>
...
006 (32358581.391.000) 2023-06-22 15:23:47 Image size of job updated: 160
	160  -  MemoryUsage of job (MB)
	164516  -  ResidentSetSize of job (KB)
...
006 (32358581.391.000) 2023-06-22 15:24:48 Image size of job updated: 160
	160  -  MemoryUsage of job (MB)
	164636  -  ResidentSetSize of job (KB)
...
006 (32358581.391.000) 2023-06-22 15:26:48 Image size of job updated: 160
	160  -  MemoryUsage of job (MB)
	164640  -  ResidentSetSize of job (KB)
...
040 (32358581.391.000) 2023-06-22 15:28:25 Started transferring output files
...
040 (32358581.391.000) 2023-06-22 15:28:25 Finished transferring output files
...
005 (32358581.391.000) 2023-06-22 15:28:27 Job terminated.
	(1) Normal termination (return value 0)
		Usr 0 00:03:17, Sys 0 00:00:09  -  Run Remote Usage
		Usr 0 00:00:00, Sys 0 00:00:00  -  Run Local Usage
		Usr 0 00:03:17, Sys 0 00:00:09  -  Total Remote Usage
		Usr 0 00:00:00, Sys 0 00:00:00  -  Total Local Usage
	147109  -  Run Bytes Sent By Job
	224267  -  Run Bytes Received By Job
	147109  -  Total Bytes Sent By Job
	224267  -  Total Bytes Received By Job
	Partitionable Resources :    Usage  Request Allocated 
	   Cpus                 :     0.00        1         1 
	   Disk (KB)            :   913         225   3458608 
	   Memory (MB)          :   160        2048      2048 

	Job terminated of its own accord at 2023-06-22T20:28:25Z with exit-code 0.
...
