000 (32358581.254.000) 2023-06-22 15:12:16 Job submitted from host: <131.225.204.62:9618?addrs=131.225.204.62-9618+[2620-6a-0-8420-f0-0-204-62]-9618&alias=lpcschedd5.fnal.gov&noUDP&sock=schedd_2770_916d>
...
040 (32358581.254.000) 2023-06-22 15:20:48 Started transferring input files
	Transferring to host: <131.225.189.54:9618?addrs=[2620-6a-0-8421-f0-0-189-54]-9618+131.225.189.54-9618&alias=cmswn2098.fnal.gov&noUDP&sock=slot1_16_2116_a9cf_36932>
...
040 (32358581.254.000) 2023-06-22 15:20:48 Finished transferring input files
...
001 (32358581.254.000) 2023-06-22 15:20:48 Job executing on host: <131.225.189.54:9618?addrs=[2620-6a-0-8421-f0-0-189-54]-9618+131.225.189.54-9618&alias=cmswn2098.fnal.gov&noUDP&sock=startd_2019_71cd>
...
006 (32358581.254.000) 2023-06-22 15:21:58 Image size of job updated: 151
	151  -  MemoryUsage of job (MB)
	154844  -  ResidentSetSize of job (KB)
...
006 (32358581.254.000) 2023-06-22 15:24:58 Image size of job updated: 151
	151  -  MemoryUsage of job (MB)
	155552  -  ResidentSetSize of job (KB)
...
006 (32358581.254.000) 2023-06-22 15:25:59 Image size of job updated: 151
	151  -  MemoryUsage of job (MB)
	155608  -  ResidentSetSize of job (KB)
...
006 (32358581.254.000) 2023-06-22 15:26:59 Image size of job updated: 152
	152  -  MemoryUsage of job (MB)
	155668  -  ResidentSetSize of job (KB)
...
006 (32358581.254.000) 2023-06-22 15:27:59 Image size of job updated: 152
	152  -  MemoryUsage of job (MB)
	155728  -  ResidentSetSize of job (KB)
...
006 (32358581.254.000) 2023-06-22 15:28:59 Image size of job updated: 152
	152  -  MemoryUsage of job (MB)
	155764  -  ResidentSetSize of job (KB)
...
006 (32358581.254.000) 2023-06-22 15:29:59 Image size of job updated: 152
	152  -  MemoryUsage of job (MB)
	155800  -  ResidentSetSize of job (KB)
...
006 (32358581.254.000) 2023-06-22 15:31:00 Image size of job updated: 152
	152  -  MemoryUsage of job (MB)
	155828  -  ResidentSetSize of job (KB)
...
006 (32358581.254.000) 2023-06-22 15:32:00 Image size of job updated: 152
	152  -  MemoryUsage of job (MB)
	155836  -  ResidentSetSize of job (KB)
...
006 (32358581.254.000) 2023-06-22 15:34:02 Image size of job updated: 152
	152  -  MemoryUsage of job (MB)
	155848  -  ResidentSetSize of job (KB)
...
040 (32358581.254.000) 2023-06-22 16:02:14 Started transferring output files
...
040 (32358581.254.000) 2023-06-22 16:02:14 Finished transferring output files
...
005 (32358581.254.000) 2023-06-22 16:02:16 Job terminated.
	(1) Normal termination (return value 0)
		Usr 0 00:13:01, Sys 0 00:25:45  -  Run Remote Usage
		Usr 0 00:00:00, Sys 0 00:00:00  -  Run Local Usage
		Usr 0 00:13:01, Sys 0 00:25:45  -  Total Remote Usage
		Usr 0 00:00:00, Sys 0 00:00:00  -  Total Local Usage
	142199  -  Run Bytes Sent By Job
	224267  -  Run Bytes Received By Job
	142199  -  Total Bytes Sent By Job
	224267  -  Total Bytes Received By Job
	Partitionable Resources :    Usage  Request Allocated 
	   Cpus                 :     0.01        1         1 
	   Disk (KB)            :   909         225   1652839 
	   Memory (MB)          :   152        2048      2048 

	Job terminated of its own accord at 2023-06-22T21:02:14Z with exit-code 0.
...
