000 (32358581.308.000) 2023-06-22 15:12:17 Job submitted from host: <131.225.204.62:9618?addrs=131.225.204.62-9618+[2620-6a-0-8420-f0-0-204-62]-9618&alias=lpcschedd5.fnal.gov&noUDP&sock=schedd_2770_916d>
...
040 (32358581.308.000) 2023-06-22 15:21:43 Entered queue to transfer input files
	Transferring to host: <131.225.189.15:9618?addrs=[2620-6a-0-8421-f0-0-189-15]-9618+131.225.189.15-9618&alias=cmswn2079.fnal.gov&noUDP&sock=slot1_34_2024_d74b_36261>
...
040 (32358581.308.000) 2023-06-22 15:21:49 Started transferring input files
	Seconds spent in queue: 6
...
040 (32358581.308.000) 2023-06-22 15:21:49 Finished transferring input files
...
001 (32358581.308.000) 2023-06-22 15:21:49 Job executing on host: <131.225.189.15:9618?addrs=[2620-6a-0-8421-f0-0-189-15]-9618+131.225.189.15-9618&alias=cmswn2079.fnal.gov&noUDP&sock=startd_1926_a77e>
...
006 (32358581.308.000) 2023-06-22 15:21:58 Image size of job updated: 41
	41  -  MemoryUsage of job (MB)
	42504  -  ResidentSetSize of job (KB)
...
006 (32358581.308.000) 2023-06-22 15:22:59 Image size of job updated: 97
	97  -  MemoryUsage of job (MB)
	100248  -  ResidentSetSize of job (KB)
...
006 (32358581.308.000) 2023-06-22 15:27:02 Image size of job updated: 142
	142  -  MemoryUsage of job (MB)
	146372  -  ResidentSetSize of job (KB)
...
006 (32358581.308.000) 2023-06-22 15:29:02 Image size of job updated: 144
	144  -  MemoryUsage of job (MB)
	148012  -  ResidentSetSize of job (KB)
...
006 (32358581.308.000) 2023-06-22 15:30:03 Image size of job updated: 144
	144  -  MemoryUsage of job (MB)
	148136  -  ResidentSetSize of job (KB)
...
006 (32358581.308.000) 2023-06-22 15:31:04 Image size of job updated: 144
	144  -  MemoryUsage of job (MB)
	148224  -  ResidentSetSize of job (KB)
...
006 (32358581.308.000) 2023-06-22 15:32:04 Image size of job updated: 144
	144  -  MemoryUsage of job (MB)
	148280  -  ResidentSetSize of job (KB)
...
006 (32358581.308.000) 2023-06-22 15:33:05 Image size of job updated: 144
	144  -  MemoryUsage of job (MB)
	148316  -  ResidentSetSize of job (KB)
...
006 (32358581.308.000) 2023-06-22 15:34:05 Image size of job updated: 144
	144  -  MemoryUsage of job (MB)
	148348  -  ResidentSetSize of job (KB)
...
006 (32358581.308.000) 2023-06-22 15:37:05 Image size of job updated: 144
	144  -  MemoryUsage of job (MB)
	148360  -  ResidentSetSize of job (KB)
...
006 (32358581.308.000) 2023-06-22 15:47:11 Image size of job updated: 144
	144  -  MemoryUsage of job (MB)
	148380  -  ResidentSetSize of job (KB)
...
006 (32358581.308.000) 2023-06-22 15:49:11 Image size of job updated: 144
	144  -  MemoryUsage of job (MB)
	148400  -  ResidentSetSize of job (KB)
...
006 (32358581.308.000) 2023-06-22 15:50:11 Image size of job updated: 144
	144  -  MemoryUsage of job (MB)
	148404  -  ResidentSetSize of job (KB)
...
006 (32358581.308.000) 2023-06-22 15:52:12 Image size of job updated: 144
	144  -  MemoryUsage of job (MB)
	148420  -  ResidentSetSize of job (KB)
...
040 (32358581.308.000) 2023-06-22 15:55:05 Started transferring output files
	Seconds spent in queue: 2002
...
040 (32358581.308.000) 2023-06-22 15:55:05 Finished transferring output files
...
005 (32358581.308.000) 2023-06-22 15:55:06 Job terminated.
	(1) Normal termination (return value 0)
		Usr 0 00:02:45, Sys 0 00:00:09  -  Run Remote Usage
		Usr 0 00:00:00, Sys 0 00:00:00  -  Run Local Usage
		Usr 0 00:02:45, Sys 0 00:00:09  -  Total Remote Usage
		Usr 0 00:00:00, Sys 0 00:00:00  -  Total Local Usage
	140176  -  Run Bytes Sent By Job
	224267  -  Run Bytes Received By Job
	140176  -  Total Bytes Sent By Job
	224267  -  Total Bytes Received By Job
	Partitionable Resources :    Usage  Request Allocated 
	   Cpus                 :        0        1         1 
	   Disk (KB)            :      907      225   1645666 
	   Memory (MB)          :      144     2048      2048 

	Job terminated of its own accord at 2023-06-22T20:55:05Z with exit-code 0.
...
