000 (32358581.465.000) 2023-06-22 15:12:17 Job submitted from host: <131.225.204.62:9618?addrs=131.225.204.62-9618+[2620-6a-0-8420-f0-0-204-62]-9618&alias=lpcschedd5.fnal.gov&noUDP&sock=schedd_2770_916d>
...
040 (32358581.465.000) 2023-06-22 15:23:32 Entered queue to transfer input files
	Transferring to host: <131.225.188.227:9618?addrs=[2620-6a-0-8421-f0-0-188-227]-9618+131.225.188.227-9618&alias=cmswn2071.fnal.gov&noUDP&sock=slot1_49_2022_6e8b_58479>
...
040 (32358581.465.000) 2023-06-22 15:24:27 Started transferring input files
	Seconds spent in queue: 55
...
040 (32358581.465.000) 2023-06-22 15:24:27 Finished transferring input files
...
001 (32358581.465.000) 2023-06-22 15:24:28 Job executing on host: <131.225.188.227:9618?addrs=[2620-6a-0-8421-f0-0-188-227]-9618+131.225.188.227-9618&alias=cmswn2071.fnal.gov&noUDP&sock=startd_1930_65df>
...
006 (32358581.465.000) 2023-06-22 15:26:42 Image size of job updated: 132
	132  -  MemoryUsage of job (MB)
	135184  -  ResidentSetSize of job (KB)
...
006 (32358581.465.000) 2023-06-22 15:27:42 Image size of job updated: 148
	148  -  MemoryUsage of job (MB)
	152184  -  ResidentSetSize of job (KB)
...
006 (32358581.465.000) 2023-06-22 15:29:42 Image size of job updated: 148
	148  -  MemoryUsage of job (MB)
	152300  -  ResidentSetSize of job (KB)
...
006 (32358581.465.000) 2023-06-22 15:30:43 Image size of job updated: 148
	148  -  MemoryUsage of job (MB)
	152308  -  ResidentSetSize of job (KB)
...
040 (32358581.465.000) 2023-06-22 15:31:06 Started transferring output files
	Seconds spent in queue: 454
...
040 (32358581.465.000) 2023-06-22 15:31:06 Finished transferring output files
...
005 (32358581.465.000) 2023-06-22 15:31:07 Job terminated.
	(1) Normal termination (return value 0)
		Usr 0 00:02:18, Sys 0 00:00:07  -  Run Remote Usage
		Usr 0 00:00:00, Sys 0 00:00:00  -  Run Local Usage
		Usr 0 00:02:18, Sys 0 00:00:07  -  Total Remote Usage
		Usr 0 00:00:00, Sys 0 00:00:00  -  Total Local Usage
	138458  -  Run Bytes Sent By Job
	224267  -  Run Bytes Received By Job
	138458  -  Total Bytes Sent By Job
	224267  -  Total Bytes Received By Job
	Partitionable Resources :    Usage  Request Allocated 
	   Cpus                 :     0.00        1         1 
	   Disk (KB)            :   905         225   1621266 
	   Memory (MB)          :   148        2048      2048 

	Job terminated of its own accord at 2023-06-22T20:31:05Z with exit-code 0.
...
