000 (32358581.444.000) 2023-06-22 15:12:17 Job submitted from host: <131.225.204.62:9618?addrs=131.225.204.62-9618+[2620-6a-0-8420-f0-0-204-62]-9618&alias=lpcschedd5.fnal.gov&noUDP&sock=schedd_2770_916d>
...
040 (32358581.444.000) 2023-06-22 15:23:17 Entered queue to transfer input files
	Transferring to host: <131.225.188.179:9618?addrs=[2620-6a-0-8421-f0-0-188-179]-9618+131.225.188.179-9618&alias=cmswn2059.fnal.gov&noUDP&sock=slot1_4_2012_62cb_10090>
...
040 (32358581.444.000) 2023-06-22 15:24:08 Started transferring input files
	Seconds spent in queue: 51
...
040 (32358581.444.000) 2023-06-22 15:24:08 Finished transferring input files
...
001 (32358581.444.000) 2023-06-22 15:24:08 Job executing on host: <131.225.188.179:9618?addrs=[2620-6a-0-8421-f0-0-188-179]-9618+131.225.188.179-9618&alias=cmswn2059.fnal.gov&noUDP&sock=startd_1929_b647>
...
006 (32358581.444.000) 2023-06-22 15:25:19 Image size of job updated: 145
	145  -  MemoryUsage of job (MB)
	148700  -  ResidentSetSize of job (KB)
...
006 (32358581.444.000) 2023-06-22 15:26:19 Image size of job updated: 145
	145  -  MemoryUsage of job (MB)
	148724  -  ResidentSetSize of job (KB)
...
006 (32358581.444.000) 2023-06-22 15:27:15 Image size of job updated: 145
	145  -  MemoryUsage of job (MB)
	148732  -  ResidentSetSize of job (KB)
...
040 (32358581.444.000) 2023-06-22 15:27:16 Started transferring output files
	Seconds spent in queue: 239
...
040 (32358581.444.000) 2023-06-22 15:27:16 Finished transferring output files
...
005 (32358581.444.000) 2023-06-22 15:27:17 Job terminated.
	(1) Normal termination (return value 0)
		Usr 0 00:01:53, Sys 0 00:00:05  -  Run Remote Usage
		Usr 0 00:00:00, Sys 0 00:00:00  -  Run Local Usage
		Usr 0 00:01:53, Sys 0 00:00:05  -  Total Remote Usage
		Usr 0 00:00:00, Sys 0 00:00:00  -  Total Local Usage
	141231  -  Run Bytes Sent By Job
	224267  -  Run Bytes Received By Job
	141231  -  Total Bytes Sent By Job
	224267  -  Total Bytes Received By Job
	Partitionable Resources :    Usage  Request Allocated 
	   Cpus                 :     0.01        1         1 
	   Disk (KB)            :   906         225   1654204 
	   Memory (MB)          :   145        2048      2048 

	Job terminated of its own accord at 2023-06-22T20:27:15Z with exit-code 0.
...
