000 (32358581.304.000) 2023-06-22 15:12:17 Job submitted from host: <131.225.204.62:9618?addrs=131.225.204.62-9618+[2620-6a-0-8420-f0-0-204-62]-9618&alias=lpcschedd5.fnal.gov&noUDP&sock=schedd_2770_916d>
...
040 (32358581.304.000) 2023-06-22 15:21:35 Started transferring input files
	Transferring to host: <131.225.188.157:9618?addrs=[2620-6a-0-8421-f0-0-188-157]-9618+131.225.188.157-9618&alias=cmswn2053.fnal.gov&noUDP&sock=slot1_38_2017_e8ab_51990>
...
040 (32358581.304.000) 2023-06-22 15:21:35 Finished transferring input files
...
001 (32358581.304.000) 2023-06-22 15:21:35 Job executing on host: <131.225.188.157:9618?addrs=[2620-6a-0-8421-f0-0-188-157]-9618+131.225.188.157-9618&alias=cmswn2053.fnal.gov&noUDP&sock=startd_1921_3985>
...
006 (32358581.304.000) 2023-06-22 15:22:44 Image size of job updated: 133
	133  -  MemoryUsage of job (MB)
	136748  -  ResidentSetSize of job (KB)
...
040 (32358581.304.000) 2023-06-22 15:22:44 Started transferring output files
...
040 (32358581.304.000) 2023-06-22 15:22:44 Finished transferring output files
...
005 (32358581.304.000) 2023-06-22 15:22:47 Job terminated.
	(1) Normal termination (return value 0)
		Usr 0 00:00:00, Sys 0 00:00:00  -  Run Remote Usage
		Usr 0 00:00:00, Sys 0 00:00:00  -  Run Local Usage
		Usr 0 00:00:00, Sys 0 00:00:00  -  Total Remote Usage
		Usr 0 00:00:00, Sys 0 00:00:00  -  Total Local Usage
	119727  -  Run Bytes Sent By Job
	224267  -  Run Bytes Received By Job
	119727  -  Total Bytes Sent By Job
	224267  -  Total Bytes Received By Job
	Partitionable Resources :    Usage  Request Allocated 
	   Cpus                 :        0        1         1 
	   Disk (KB)            :      887      225   1639248 
	   Memory (MB)          :      133     2048      2048 

	Job terminated of its own accord at 2023-06-22T20:22:44Z with exit-code 0.
...
