000 (32358581.280.000) 2023-06-22 15:12:16 Job submitted from host: <131.225.204.62:9618?addrs=131.225.204.62-9618+[2620-6a-0-8420-f0-0-204-62]-9618&alias=lpcschedd5.fnal.gov&noUDP&sock=schedd_2770_916d>
...
040 (32358581.280.000) 2023-06-22 15:21:28 Started transferring input files
	Transferring to host: <131.225.188.14:9618?addrs=[2620-6a-0-8421-f0-0-188-14]-9618+131.225.188.14-9618&alias=cmswn2019.fnal.gov&noUDP&sock=slot1_19_2024_d74b_53193>
...
040 (32358581.280.000) 2023-06-22 15:21:28 Finished transferring input files
...
001 (32358581.280.000) 2023-06-22 15:21:29 Job executing on host: <131.225.188.14:9618?addrs=[2620-6a-0-8421-f0-0-188-14]-9618+131.225.188.14-9618&alias=cmswn2019.fnal.gov&noUDP&sock=startd_1918_2abc>
...
006 (32358581.280.000) 2023-06-22 15:23:38 Image size of job updated: 158
	158  -  MemoryUsage of job (MB)
	161896  -  ResidentSetSize of job (KB)
...
006 (32358581.280.000) 2023-06-22 15:24:39 Image size of job updated: 158
	158  -  MemoryUsage of job (MB)
	162080  -  ResidentSetSize of job (KB)
...
006 (32358581.280.000) 2023-06-22 15:25:40 Image size of job updated: 158
	158  -  MemoryUsage of job (MB)
	162200  -  ResidentSetSize of job (KB)
...
040 (32358581.280.000) 2023-06-22 15:28:03 Started transferring output files
...
040 (32358581.280.000) 2023-06-22 15:28:03 Finished transferring output files
...
005 (32358581.280.000) 2023-06-22 15:28:11 Job terminated.
	(1) Normal termination (return value 0)
		Usr 0 00:03:06, Sys 0 00:00:09  -  Run Remote Usage
		Usr 0 00:00:00, Sys 0 00:00:00  -  Run Local Usage
		Usr 0 00:03:06, Sys 0 00:00:09  -  Total Remote Usage
		Usr 0 00:00:00, Sys 0 00:00:00  -  Total Local Usage
	147256  -  Run Bytes Sent By Job
	224267  -  Run Bytes Received By Job
	147256  -  Total Bytes Sent By Job
	224267  -  Total Bytes Received By Job
	Partitionable Resources :    Usage  Request Allocated 
	   Cpus                 :        0        1         1 
	   Disk (KB)            :      914      225   1636260 
	   Memory (MB)          :      158     2048      2048 

	Job terminated of its own accord at 2023-06-22T20:28:03Z with exit-code 0.
...
