000 (32358581.107.000) 2023-06-22 15:12:16 Job submitted from host: <131.225.204.62:9618?addrs=131.225.204.62-9618+[2620-6a-0-8420-f0-0-204-62]-9618&alias=lpcschedd5.fnal.gov&noUDP&sock=schedd_2770_916d>
...
040 (32358581.107.000) 2023-06-22 15:20:21 Entered queue to transfer input files
	Transferring to host: <131.225.188.86:9618?addrs=[2620-6a-0-8421-f0-0-188-86]-9618+131.225.188.86-9618&alias=cmswn2042.fnal.gov&noUDP&sock=slot1_4_2091_0c6e_41014>
...
040 (32358581.107.000) 2023-06-22 15:21:09 Started transferring input files
	Seconds spent in queue: 48
...
040 (32358581.107.000) 2023-06-22 15:21:09 Finished transferring input files
...
001 (32358581.107.000) 2023-06-22 15:21:09 Job executing on host: <131.225.188.86:9618?addrs=[2620-6a-0-8421-f0-0-188-86]-9618+131.225.188.86-9618&alias=cmswn2042.fnal.gov&noUDP&sock=startd_2015_b36c>
...
006 (32358581.107.000) 2023-06-22 15:21:18 Image size of job updated: 43
	43  -  MemoryUsage of job (MB)
	44576  -  ResidentSetSize of job (KB)
...
006 (32358581.107.000) 2023-06-22 15:22:18 Image size of job updated: 140
	140  -  MemoryUsage of job (MB)
	144276  -  ResidentSetSize of job (KB)
...
006 (32358581.107.000) 2023-06-22 15:24:20 Image size of job updated: 143
	143  -  MemoryUsage of job (MB)
	146568  -  ResidentSetSize of job (KB)
...
006 (32358581.107.000) 2023-06-22 15:25:20 Image size of job updated: 143
	143  -  MemoryUsage of job (MB)
	146676  -  ResidentSetSize of job (KB)
...
006 (32358581.107.000) 2023-06-22 15:26:21 Image size of job updated: 143
	143  -  MemoryUsage of job (MB)
	146776  -  ResidentSetSize of job (KB)
...
006 (32358581.107.000) 2023-06-22 15:27:22 Image size of job updated: 143
	143  -  MemoryUsage of job (MB)
	146868  -  ResidentSetSize of job (KB)
...
006 (32358581.107.000) 2023-06-22 15:28:22 Image size of job updated: 143
	143  -  MemoryUsage of job (MB)
	146888  -  ResidentSetSize of job (KB)
...
040 (32358581.107.000) 2023-06-22 15:36:12 Started transferring output files
	Seconds spent in queue: 951
...
040 (32358581.107.000) 2023-06-22 15:36:12 Finished transferring output files
...
005 (32358581.107.000) 2023-06-22 15:36:13 Job terminated.
	(1) Normal termination (return value 0)
		Usr 0 00:02:29, Sys 0 00:00:09  -  Run Remote Usage
		Usr 0 00:00:00, Sys 0 00:00:00  -  Run Local Usage
		Usr 0 00:02:29, Sys 0 00:00:09  -  Total Remote Usage
		Usr 0 00:00:00, Sys 0 00:00:00  -  Total Local Usage
	136903  -  Run Bytes Sent By Job
	224267  -  Run Bytes Received By Job
	136903  -  Total Bytes Sent By Job
	224267  -  Total Bytes Received By Job
	Partitionable Resources :    Usage  Request Allocated 
	   Cpus                 :     0.00        1         1 
	   Disk (KB)            :   899         225   1634539 
	   Memory (MB)          :   143        2048      2048 

	Job terminated of its own accord at 2023-06-22T20:36:12Z with exit-code 0.
...
