000 (32358581.253.000) 2023-06-22 15:12:16 Job submitted from host: <131.225.204.62:9618?addrs=131.225.204.62-9618+[2620-6a-0-8420-f0-0-204-62]-9618&alias=lpcschedd5.fnal.gov&noUDP&sock=schedd_2770_916d>
...
040 (32358581.253.000) 2023-06-22 15:20:48 Started transferring input files
	Transferring to host: <131.225.189.162:9618?addrs=[2620-6a-0-8421-f0-0-189-162]-9618+131.225.189.162-9618&alias=cmswn2116.fnal.gov&noUDP&sock=slot1_28_2153_bbb1_49537>
...
040 (32358581.253.000) 2023-06-22 15:20:48 Finished transferring input files
...
001 (32358581.253.000) 2023-06-22 15:20:48 Job executing on host: <131.225.189.162:9618?addrs=[2620-6a-0-8421-f0-0-189-162]-9618+131.225.189.162-9618&alias=cmswn2116.fnal.gov&noUDP&sock=startd_2040_d94a>
...
006 (32358581.253.000) 2023-06-22 15:20:57 Image size of job updated: 7
	7  -  MemoryUsage of job (MB)
	8180  -  ResidentSetSize of job (KB)
...
006 (32358581.253.000) 2023-06-22 15:21:57 Image size of job updated: 173
	173  -  MemoryUsage of job (MB)
	177372  -  ResidentSetSize of job (KB)
...
006 (32358581.253.000) 2023-06-22 15:25:59 Image size of job updated: 173
	173  -  MemoryUsage of job (MB)
	177784  -  ResidentSetSize of job (KB)
...
006 (32358581.253.000) 2023-06-22 15:28:01 Image size of job updated: 173
	173  -  MemoryUsage of job (MB)
	177816  -  ResidentSetSize of job (KB)
...
006 (32358581.253.000) 2023-06-22 15:29:01 Image size of job updated: 173
	173  -  MemoryUsage of job (MB)
	178104  -  ResidentSetSize of job (KB)
...
006 (32358581.253.000) 2023-06-22 15:30:02 Image size of job updated: 173
	173  -  MemoryUsage of job (MB)
	178148  -  ResidentSetSize of job (KB)
...
006 (32358581.253.000) 2023-06-22 15:31:02 Image size of job updated: 174
	174  -  MemoryUsage of job (MB)
	178200  -  ResidentSetSize of job (KB)
...
006 (32358581.253.000) 2023-06-22 15:32:02 Image size of job updated: 174
	174  -  MemoryUsage of job (MB)
	178248  -  ResidentSetSize of job (KB)
...
006 (32358581.253.000) 2023-06-22 15:33:02 Image size of job updated: 174
	174  -  MemoryUsage of job (MB)
	178284  -  ResidentSetSize of job (KB)
...
006 (32358581.253.000) 2023-06-22 15:34:02 Image size of job updated: 174
	174  -  MemoryUsage of job (MB)
	178328  -  ResidentSetSize of job (KB)
...
006 (32358581.253.000) 2023-06-22 15:35:03 Image size of job updated: 174
	174  -  MemoryUsage of job (MB)
	178352  -  ResidentSetSize of job (KB)
...
006 (32358581.253.000) 2023-06-22 15:36:03 Image size of job updated: 174
	174  -  MemoryUsage of job (MB)
	178360  -  ResidentSetSize of job (KB)
...
006 (32358581.253.000) 2023-06-22 15:37:04 Image size of job updated: 174
	174  -  MemoryUsage of job (MB)
	178368  -  ResidentSetSize of job (KB)
...
006 (32358581.253.000) 2023-06-22 15:38:04 Image size of job updated: 174
	174  -  MemoryUsage of job (MB)
	178372  -  ResidentSetSize of job (KB)
...
040 (32358581.253.000) 2023-06-22 15:59:49 Started transferring output files
...
040 (32358581.253.000) 2023-06-22 15:59:49 Finished transferring output files
...
005 (32358581.253.000) 2023-06-22 15:59:50 Job terminated.
	(1) Normal termination (return value 0)
		Usr 0 00:12:42, Sys 0 00:24:33  -  Run Remote Usage
		Usr 0 00:00:00, Sys 0 00:00:00  -  Run Local Usage
		Usr 0 00:12:42, Sys 0 00:24:33  -  Total Remote Usage
		Usr 0 00:00:00, Sys 0 00:00:00  -  Total Local Usage
	138351  -  Run Bytes Sent By Job
	224267  -  Run Bytes Received By Job
	138351  -  Total Bytes Sent By Job
	224267  -  Total Bytes Received By Job
	Partitionable Resources :    Usage  Request Allocated 
	   Cpus                 :     0.00        1         1 
	   Disk (KB)            :   903         225   3464731 
	   Memory (MB)          :   174        2048      2048 

	Job terminated of its own accord at 2023-06-22T20:59:49Z with exit-code 0.
...
