000 (32358581.193.000) 2023-06-22 15:12:16 Job submitted from host: <131.225.204.62:9618?addrs=131.225.204.62-9618+[2620-6a-0-8420-f0-0-204-62]-9618&alias=lpcschedd5.fnal.gov&noUDP&sock=schedd_2770_916d>
...
040 (32358581.193.000) 2023-06-22 15:20:35 Started transferring input files
	Transferring to host: <131.225.188.241:9618?addrs=[2620-6a-0-8421-f0-0-188-241]-9618+131.225.188.241-9618&alias=cmswn2073.fnal.gov&noUDP&sock=slot1_25_2021_ba2b_39291>
...
040 (32358581.193.000) 2023-06-22 15:20:35 Finished transferring input files
...
001 (32358581.193.000) 2023-06-22 15:20:35 Job executing on host: <131.225.188.241:9618?addrs=[2620-6a-0-8421-f0-0-188-241]-9618+131.225.188.241-9618&alias=cmswn2073.fnal.gov&noUDP&sock=startd_1930_65df>
...
006 (32358581.193.000) 2023-06-22 15:21:46 Image size of job updated: 160
	160  -  MemoryUsage of job (MB)
	164808  -  ResidentSetSize of job (KB)
...
006 (32358581.193.000) 2023-06-22 15:22:46 Image size of job updated: 161
	161  -  MemoryUsage of job (MB)
	164896  -  ResidentSetSize of job (KB)
...
006 (32358581.193.000) 2023-06-22 15:25:47 Image size of job updated: 161
	161  -  MemoryUsage of job (MB)
	164900  -  ResidentSetSize of job (KB)
...
040 (32358581.193.000) 2023-06-22 15:26:50 Started transferring output files
...
040 (32358581.193.000) 2023-06-22 15:26:50 Finished transferring output files
...
005 (32358581.193.000) 2023-06-22 15:26:51 Job terminated.
	(1) Normal termination (return value 0)
		Usr 0 00:05:09, Sys 0 00:00:14  -  Run Remote Usage
		Usr 0 00:00:00, Sys 0 00:00:00  -  Run Local Usage
		Usr 0 00:05:09, Sys 0 00:00:14  -  Total Remote Usage
		Usr 0 00:00:00, Sys 0 00:00:00  -  Total Local Usage
	148310  -  Run Bytes Sent By Job
	224267  -  Run Bytes Received By Job
	148310  -  Total Bytes Sent By Job
	224267  -  Total Bytes Received By Job
	Partitionable Resources :    Usage  Request Allocated 
	   Cpus                 :        0        1         1 
	   Disk (KB)            :      910      225   1631690 
	   Memory (MB)          :      161     2048      2048 

	Job terminated of its own accord at 2023-06-22T20:26:50Z with exit-code 0.
...
