000 (32358581.004.000) 2023-06-22 15:12:16 Job submitted from host: <131.225.204.62:9618?addrs=131.225.204.62-9618+[2620-6a-0-8420-f0-0-204-62]-9618&alias=lpcschedd5.fnal.gov&noUDP&sock=schedd_2770_916d>
...
040 (32358581.004.000) 2023-06-22 15:18:30 Started transferring input files
	Transferring to host: <131.225.188.184:9618?addrs=[2620-6a-0-8421-f0-0-188-184]-9618+131.225.188.184-9618&alias=cmswn2061.fnal.gov&noUDP&sock=slot1_17_2109_bb2f_8654>
...
040 (32358581.004.000) 2023-06-22 15:18:31 Finished transferring input files
...
001 (32358581.004.000) 2023-06-22 15:18:31 Job executing on host: <131.225.188.184:9618?addrs=[2620-6a-0-8421-f0-0-188-184]-9618+131.225.188.184-9618&alias=cmswn2061.fnal.gov&noUDP&sock=startd_2020_2165>
...
006 (32358581.004.000) 2023-06-22 15:19:40 Image size of job updated: 141
	141  -  MemoryUsage of job (MB)
	145020  -  ResidentSetSize of job (KB)
...
006 (32358581.004.000) 2023-06-22 15:21:42 Image size of job updated: 143
	143  -  MemoryUsage of job (MB)
	146848  -  ResidentSetSize of job (KB)
...
006 (32358581.004.000) 2023-06-22 15:22:43 Image size of job updated: 143
	143  -  MemoryUsage of job (MB)
	147072  -  ResidentSetSize of job (KB)
...
006 (32358581.004.000) 2023-06-22 15:23:45 Image size of job updated: 143
	143  -  MemoryUsage of job (MB)
	147172  -  ResidentSetSize of job (KB)
...
006 (32358581.004.000) 2023-06-22 15:24:46 Image size of job updated: 143
	143  -  MemoryUsage of job (MB)
	147248  -  ResidentSetSize of job (KB)
...
006 (32358581.004.000) 2023-06-22 15:25:45 Image size of job updated: 143
	143  -  MemoryUsage of job (MB)
	147316  -  ResidentSetSize of job (KB)
...
006 (32358581.004.000) 2023-06-22 15:26:46 Image size of job updated: 143
	143  -  MemoryUsage of job (MB)
	147328  -  ResidentSetSize of job (KB)
...
006 (32358581.004.000) 2023-06-22 15:27:46 Image size of job updated: 143
	143  -  MemoryUsage of job (MB)
	147332  -  ResidentSetSize of job (KB)
...
006 (32358581.004.000) 2023-06-22 15:28:48 Image size of job updated: 143
	143  -  MemoryUsage of job (MB)
	147340  -  ResidentSetSize of job (KB)
...
040 (32358581.004.000) 2023-06-22 15:34:54 Started transferring output files
...
040 (32358581.004.000) 2023-06-22 15:34:54 Finished transferring output files
...
005 (32358581.004.000) 2023-06-22 15:35:01 Job terminated.
	(1) Normal termination (return value 0)
		Usr 0 00:02:25, Sys 0 00:00:07  -  Run Remote Usage
		Usr 0 00:00:00, Sys 0 00:00:00  -  Run Local Usage
		Usr 0 00:02:25, Sys 0 00:00:07  -  Total Remote Usage
		Usr 0 00:00:00, Sys 0 00:00:00  -  Total Local Usage
	136638  -  Run Bytes Sent By Job
	224265  -  Run Bytes Received By Job
	136638  -  Total Bytes Sent By Job
	224265  -  Total Bytes Received By Job
	Partitionable Resources :    Usage  Request Allocated 
	   Cpus                 :     0.01        1         1 
	   Disk (KB)            :   903         225   1643483 
	   Memory (MB)          :   143        2048      2048 

	Job terminated of its own accord at 2023-06-22T20:34:54Z with exit-code 0.
...
