000 (32358581.477.000) 2023-06-22 15:12:17 Job submitted from host: <131.225.204.62:9618?addrs=131.225.204.62-9618+[2620-6a-0-8420-f0-0-204-62]-9618&alias=lpcschedd5.fnal.gov&noUDP&sock=schedd_2770_916d>
...
040 (32358581.477.000) 2023-06-22 15:23:39 Entered queue to transfer input files
	Transferring to host: <131.225.188.106:9618?addrs=[2620-6a-0-8421-f0-0-188-106]-9618+131.225.188.106-9618&alias=cmswn2047.fnal.gov&noUDP&sock=slot1_43_2166_e491_48085>
...
040 (32358581.477.000) 2023-06-22 15:23:44 Started transferring input files
	Seconds spent in queue: 5
...
040 (32358581.477.000) 2023-06-22 15:23:44 Finished transferring input files
...
001 (32358581.477.000) 2023-06-22 15:23:44 Job executing on host: <131.225.188.106:9618?addrs=[2620-6a-0-8421-f0-0-188-106]-9618+131.225.188.106-9618&alias=cmswn2047.fnal.gov&noUDP&sock=startd_1933_74a8>
...
006 (32358581.477.000) 2023-06-22 15:23:53 Image size of job updated: 34
	34  -  MemoryUsage of job (MB)
	34964  -  ResidentSetSize of job (KB)
...
006 (32358581.477.000) 2023-06-22 15:24:54 Image size of job updated: 133
	133  -  MemoryUsage of job (MB)
	136772  -  ResidentSetSize of job (KB)
...
006 (32358581.477.000) 2023-06-22 15:25:55 Image size of job updated: 133
	133  -  MemoryUsage of job (MB)
	136776  -  ResidentSetSize of job (KB)
...
006 (32358581.477.000) 2023-06-22 15:26:56 Image size of job updated: 133
	133  -  MemoryUsage of job (MB)
	136780  -  ResidentSetSize of job (KB)
...
006 (32358581.477.000) 2023-06-22 15:29:58 Image size of job updated: 135
	135  -  MemoryUsage of job (MB)
	138260  -  ResidentSetSize of job (KB)
...
040 (32358581.477.000) 2023-06-22 15:30:39 Started transferring output files
	Seconds spent in queue: 420
...
040 (32358581.477.000) 2023-06-22 15:30:39 Finished transferring output files
...
005 (32358581.477.000) 2023-06-22 15:30:40 Job terminated.
	(1) Normal termination (return value 0)
		Usr 0 00:05:41, Sys 0 00:00:15  -  Run Remote Usage
		Usr 0 00:00:00, Sys 0 00:00:00  -  Run Local Usage
		Usr 0 00:05:41, Sys 0 00:00:15  -  Total Remote Usage
		Usr 0 00:00:00, Sys 0 00:00:00  -  Total Local Usage
	86749  -  Run Bytes Sent By Job
	224267  -  Run Bytes Received By Job
	86749  -  Total Bytes Sent By Job
	224267  -  Total Bytes Received By Job
	Partitionable Resources :    Usage  Request Allocated 
	   Cpus                 :        0        1         1 
	   Disk (KB)            :      854      225   1637500 
	   Memory (MB)          :      135     2048      2048 

	Job terminated of its own accord at 2023-06-22T20:30:39Z with exit-code 0.
...
