000 (32358581.309.000) 2023-06-22 15:12:17 Job submitted from host: <131.225.204.62:9618?addrs=131.225.204.62-9618+[2620-6a-0-8420-f0-0-204-62]-9618&alias=lpcschedd5.fnal.gov&noUDP&sock=schedd_2770_916d>
...
040 (32358581.309.000) 2023-06-22 15:21:43 Entered queue to transfer input files
	Transferring to host: <131.225.188.106:9618?addrs=[2620-6a-0-8421-f0-0-188-106]-9618+131.225.188.106-9618&alias=cmswn2047.fnal.gov&noUDP&sock=slot1_13_2166_e491_48081>
...
040 (32358581.309.000) 2023-06-22 15:21:51 Started transferring input files
	Seconds spent in queue: 8
...
040 (32358581.309.000) 2023-06-22 15:21:51 Finished transferring input files
...
001 (32358581.309.000) 2023-06-22 15:21:51 Job executing on host: <131.225.188.106:9618?addrs=[2620-6a-0-8421-f0-0-188-106]-9618+131.225.188.106-9618&alias=cmswn2047.fnal.gov&noUDP&sock=startd_1933_74a8>
...
006 (32358581.309.000) 2023-06-22 15:21:59 Image size of job updated: 6
	6  -  MemoryUsage of job (MB)
	7028  -  ResidentSetSize of job (KB)
...
006 (32358581.309.000) 2023-06-22 15:23:01 Image size of job updated: 140
	140  -  MemoryUsage of job (MB)
	143480  -  ResidentSetSize of job (KB)
...
006 (32358581.309.000) 2023-06-22 15:24:01 Image size of job updated: 140
	140  -  MemoryUsage of job (MB)
	143864  -  ResidentSetSize of job (KB)
...
006 (32358581.309.000) 2023-06-22 15:25:03 Image size of job updated: 142
	142  -  MemoryUsage of job (MB)
	146076  -  ResidentSetSize of job (KB)
...
006 (32358581.309.000) 2023-06-22 15:26:03 Image size of job updated: 142
	142  -  MemoryUsage of job (MB)
	146172  -  ResidentSetSize of job (KB)
...
006 (32358581.309.000) 2023-06-22 15:27:03 Image size of job updated: 142
	142  -  MemoryUsage of job (MB)
	146252  -  ResidentSetSize of job (KB)
...
006 (32358581.309.000) 2023-06-22 15:28:04 Image size of job updated: 142
	142  -  MemoryUsage of job (MB)
	146300  -  ResidentSetSize of job (KB)
...
006 (32358581.309.000) 2023-06-22 15:29:04 Image size of job updated: 142
	142  -  MemoryUsage of job (MB)
	146332  -  ResidentSetSize of job (KB)
...
006 (32358581.309.000) 2023-06-22 15:30:04 Image size of job updated: 142
	142  -  MemoryUsage of job (MB)
	146352  -  ResidentSetSize of job (KB)
...
006 (32358581.309.000) 2023-06-22 15:31:04 Image size of job updated: 142
	142  -  MemoryUsage of job (MB)
	146364  -  ResidentSetSize of job (KB)
...
006 (32358581.309.000) 2023-06-22 15:32:05 Image size of job updated: 142
	142  -  MemoryUsage of job (MB)
	146380  -  ResidentSetSize of job (KB)
...
006 (32358581.309.000) 2023-06-22 15:33:06 Image size of job updated: 142
	142  -  MemoryUsage of job (MB)
	146384  -  ResidentSetSize of job (KB)
...
006 (32358581.309.000) 2023-06-22 15:36:07 Image size of job updated: 142
	142  -  MemoryUsage of job (MB)
	146388  -  ResidentSetSize of job (KB)
...
040 (32358581.309.000) 2023-06-22 15:48:00 Started transferring output files
	Seconds spent in queue: 1577
...
040 (32358581.309.000) 2023-06-22 15:48:00 Finished transferring output files
...
005 (32358581.309.000) 2023-06-22 15:48:02 Job terminated.
	(1) Normal termination (return value 0)
		Usr 0 00:08:49, Sys 0 00:16:33  -  Run Remote Usage
		Usr 0 00:00:00, Sys 0 00:00:00  -  Run Local Usage
		Usr 0 00:08:49, Sys 0 00:16:33  -  Total Remote Usage
		Usr 0 00:00:00, Sys 0 00:00:00  -  Total Local Usage
	138446  -  Run Bytes Sent By Job
	224267  -  Run Bytes Received By Job
	138446  -  Total Bytes Sent By Job
	224267  -  Total Bytes Received By Job
	Partitionable Resources :    Usage  Request Allocated 
	   Cpus                 :     0.01        1         1 
	   Disk (KB)            :   905         225   1637500 
	   Memory (MB)          :   142        2048      2048 

	Job terminated of its own accord at 2023-06-22T20:48:00Z with exit-code 0.
...
