000 (32358581.047.000) 2023-06-22 15:12:16 Job submitted from host: <131.225.204.62:9618?addrs=131.225.204.62-9618+[2620-6a-0-8420-f0-0-204-62]-9618&alias=lpcschedd5.fnal.gov&noUDP&sock=schedd_2770_916d>
...
040 (32358581.047.000) 2023-06-22 15:19:30 Entered queue to transfer input files
	Transferring to host: <131.225.188.137:9618?addrs=[2620-6a-0-8421-f0-0-188-137]-9618+131.225.188.137-9618&alias=cmswn2050.fnal.gov&noUDP&sock=slot1_48_2118_128f_46107>
...
040 (32358581.047.000) 2023-06-22 15:19:32 Started transferring input files
	Seconds spent in queue: 2
...
040 (32358581.047.000) 2023-06-22 15:19:32 Finished transferring input files
...
001 (32358581.047.000) 2023-06-22 15:19:32 Job executing on host: <131.225.188.137:9618?addrs=[2620-6a-0-8421-f0-0-188-137]-9618+131.225.188.137-9618&alias=cmswn2050.fnal.gov&noUDP&sock=startd_1934_2440>
...
006 (32358581.047.000) 2023-06-22 15:19:41 Image size of job updated: 33
	33  -  MemoryUsage of job (MB)
	34332  -  ResidentSetSize of job (KB)
...
006 (32358581.047.000) 2023-06-22 15:20:41 Image size of job updated: 136
	136  -  MemoryUsage of job (MB)
	140156  -  ResidentSetSize of job (KB)
...
006 (32358581.047.000) 2023-06-22 15:21:42 Image size of job updated: 140
	140  -  MemoryUsage of job (MB)
	143552  -  ResidentSetSize of job (KB)
...
006 (32358581.047.000) 2023-06-22 15:22:43 Image size of job updated: 140
	140  -  MemoryUsage of job (MB)
	143664  -  ResidentSetSize of job (KB)
...
006 (32358581.047.000) 2023-06-22 15:23:43 Image size of job updated: 140
	140  -  MemoryUsage of job (MB)
	143748  -  ResidentSetSize of job (KB)
...
006 (32358581.047.000) 2023-06-22 15:24:44 Image size of job updated: 140
	140  -  MemoryUsage of job (MB)
	143840  -  ResidentSetSize of job (KB)
...
006 (32358581.047.000) 2023-06-22 15:25:45 Image size of job updated: 140
	140  -  MemoryUsage of job (MB)
	143880  -  ResidentSetSize of job (KB)
...
006 (32358581.047.000) 2023-06-22 15:27:46 Image size of job updated: 140
	140  -  MemoryUsage of job (MB)
	143884  -  ResidentSetSize of job (KB)
...
006 (32358581.047.000) 2023-06-22 15:30:27 Image size of job updated: 140
	140  -  MemoryUsage of job (MB)
	143896  -  ResidentSetSize of job (KB)
...
040 (32358581.047.000) 2023-06-22 15:30:27 Started transferring output files
	Seconds spent in queue: 657
...
040 (32358581.047.000) 2023-06-22 15:30:27 Finished transferring output files
...
005 (32358581.047.000) 2023-06-22 15:30:28 Job terminated.
	(1) Normal termination (return value 0)
		Usr 0 00:01:32, Sys 0 00:00:05  -  Run Remote Usage
		Usr 0 00:00:00, Sys 0 00:00:00  -  Run Local Usage
		Usr 0 00:01:32, Sys 0 00:00:05  -  Total Remote Usage
		Usr 0 00:00:00, Sys 0 00:00:00  -  Total Local Usage
	132224  -  Run Bytes Sent By Job
	224266  -  Run Bytes Received By Job
	132224  -  Total Bytes Sent By Job
	224266  -  Total Bytes Received By Job
	Partitionable Resources :    Usage  Request Allocated 
	   Cpus                 :     0.00        1         1 
	   Disk (KB)            :   898         225   1639724 
	   Memory (MB)          :   140        2048      2048 

	Job terminated of its own accord at 2023-06-22T20:30:27Z with exit-code 0.
...
