000 (32358581.378.000) 2023-06-22 15:12:17 Job submitted from host: <131.225.204.62:9618?addrs=131.225.204.62-9618+[2620-6a-0-8420-f0-0-204-62]-9618&alias=lpcschedd5.fnal.gov&noUDP&sock=schedd_2770_916d>
...
040 (32358581.378.000) 2023-06-22 15:22:29 Started transferring input files
	Transferring to host: <131.225.188.105:9618?addrs=[2620-6a-0-8421-f0-0-188-105]-9618+131.225.188.105-9618&alias=cmswn2046.fnal.gov&noUDP&sock=slot1_15_2112_d84f_36024>
...
040 (32358581.378.000) 2023-06-22 15:22:29 Finished transferring input files
...
001 (32358581.378.000) 2023-06-22 15:22:29 Job executing on host: <131.225.188.105:9618?addrs=[2620-6a-0-8421-f0-0-188-105]-9618+131.225.188.105-9618&alias=cmswn2046.fnal.gov&noUDP&sock=startd_2017_129d>
...
006 (32358581.378.000) 2023-06-22 15:23:39 Image size of job updated: 145
	145  -  MemoryUsage of job (MB)
	148900  -  ResidentSetSize of job (KB)
...
006 (32358581.378.000) 2023-06-22 15:24:39 Image size of job updated: 145
	145  -  MemoryUsage of job (MB)
	149016  -  ResidentSetSize of job (KB)
...
040 (32358581.378.000) 2023-06-22 15:25:47 Started transferring output files
...
040 (32358581.378.000) 2023-06-22 15:25:47 Finished transferring output files
...
005 (32358581.378.000) 2023-06-22 15:25:48 Job terminated.
	(1) Normal termination (return value 0)
		Usr 0 00:02:32, Sys 0 00:00:09  -  Run Remote Usage
		Usr 0 00:00:00, Sys 0 00:00:00  -  Run Local Usage
		Usr 0 00:02:32, Sys 0 00:00:09  -  Total Remote Usage
		Usr 0 00:00:00, Sys 0 00:00:00  -  Total Local Usage
	138599  -  Run Bytes Sent By Job
	224267  -  Run Bytes Received By Job
	138599  -  Total Bytes Sent By Job
	224267  -  Total Bytes Received By Job
	Partitionable Resources :    Usage  Request Allocated 
	   Cpus                 :        0        1         1 
	   Disk (KB)            :      902      225   1647894 
	   Memory (MB)          :      145     2048      2048 

	Job terminated of its own accord at 2023-06-22T20:25:47Z with exit-code 0.
...
