000 (32358581.181.000) 2023-06-22 15:12:16 Job submitted from host: <131.225.204.62:9618?addrs=131.225.204.62-9618+[2620-6a-0-8420-f0-0-204-62]-9618&alias=lpcschedd5.fnal.gov&noUDP&sock=schedd_2770_916d>
...
040 (32358581.181.000) 2023-06-22 15:20:35 Started transferring input files
	Transferring to host: <131.225.188.241:9618?addrs=[2620-6a-0-8421-f0-0-188-241]-9618+131.225.188.241-9618&alias=cmswn2073.fnal.gov&noUDP&sock=slot1_20_2021_ba2b_39290>
...
040 (32358581.181.000) 2023-06-22 15:20:35 Finished transferring input files
...
001 (32358581.181.000) 2023-06-22 15:20:35 Job executing on host: <131.225.188.241:9618?addrs=[2620-6a-0-8421-f0-0-188-241]-9618+131.225.188.241-9618&alias=cmswn2073.fnal.gov&noUDP&sock=startd_1930_65df>
...
006 (32358581.181.000) 2023-06-22 15:21:44 Image size of job updated: 162
	162  -  MemoryUsage of job (MB)
	166224  -  ResidentSetSize of job (KB)
...
006 (32358581.181.000) 2023-06-22 15:22:45 Image size of job updated: 162
	162  -  MemoryUsage of job (MB)
	166396  -  ResidentSetSize of job (KB)
...
006 (32358581.181.000) 2023-06-22 15:23:45 Image size of job updated: 162
	162  -  MemoryUsage of job (MB)
	166524  -  ResidentSetSize of job (KB)
...
040 (32358581.181.000) 2023-06-22 15:26:01 Started transferring output files
...
040 (32358581.181.000) 2023-06-22 15:26:01 Finished transferring output files
...
005 (32358581.181.000) 2023-06-22 15:26:02 Job terminated.
	(1) Normal termination (return value 0)
		Usr 0 00:04:15, Sys 0 00:00:12  -  Run Remote Usage
		Usr 0 00:00:00, Sys 0 00:00:00  -  Run Local Usage
		Usr 0 00:04:15, Sys 0 00:00:12  -  Total Remote Usage
		Usr 0 00:00:00, Sys 0 00:00:00  -  Total Local Usage
	144922  -  Run Bytes Sent By Job
	224267  -  Run Bytes Received By Job
	144922  -  Total Bytes Sent By Job
	224267  -  Total Bytes Received By Job
	Partitionable Resources :    Usage  Request Allocated 
	   Cpus                 :     0.00        1         1 
	   Disk (KB)            :   907         225   1631690 
	   Memory (MB)          :   162        2048      2048 

	Job terminated of its own accord at 2023-06-22T20:26:01Z with exit-code 0.
...
