000 (32358581.425.000) 2023-06-22 15:12:17 Job submitted from host: <131.225.204.62:9618?addrs=131.225.204.62-9618+[2620-6a-0-8420-f0-0-204-62]-9618&alias=lpcschedd5.fnal.gov&noUDP&sock=schedd_2770_916d>
...
040 (32358581.425.000) 2023-06-22 15:23:05 Entered queue to transfer input files
	Transferring to host: <131.225.188.84:9618?addrs=[2620-6a-0-8421-f0-0-188-84]-9618+131.225.188.84-9618&alias=cmswn2041.fnal.gov&noUDP&sock=slot1_3_2021_ba2b_81415>
...
040 (32358581.425.000) 2023-06-22 15:24:03 Started transferring input files
	Seconds spent in queue: 58
...
040 (32358581.425.000) 2023-06-22 15:24:03 Finished transferring input files
...
001 (32358581.425.000) 2023-06-22 15:24:03 Job executing on host: <131.225.188.84:9618?addrs=[2620-6a-0-8421-f0-0-188-84]-9618+131.225.188.84-9618&alias=cmswn2041.fnal.gov&noUDP&sock=startd_1927_5717>
...
006 (32358581.425.000) 2023-06-22 15:25:13 Image size of job updated: 146
	146  -  MemoryUsage of job (MB)
	149916  -  ResidentSetSize of job (KB)
...
006 (32358581.425.000) 2023-06-22 15:26:14 Image size of job updated: 146
	146  -  MemoryUsage of job (MB)
	150132  -  ResidentSetSize of job (KB)
...
040 (32358581.425.000) 2023-06-22 15:28:19 Started transferring output files
	Seconds spent in queue: 314
...
040 (32358581.425.000) 2023-06-22 15:28:19 Finished transferring output files
...
005 (32358581.425.000) 2023-06-22 15:28:20 Job terminated.
	(1) Normal termination (return value 0)
		Usr 0 00:02:07, Sys 0 00:00:07  -  Run Remote Usage
		Usr 0 00:00:00, Sys 0 00:00:00  -  Run Local Usage
		Usr 0 00:02:07, Sys 0 00:00:07  -  Total Remote Usage
		Usr 0 00:00:00, Sys 0 00:00:00  -  Total Local Usage
	141227  -  Run Bytes Sent By Job
	224267  -  Run Bytes Received By Job
	141227  -  Total Bytes Sent By Job
	224267  -  Total Bytes Received By Job
	Partitionable Resources :    Usage  Request Allocated 
	   Cpus                 :        0        1         1 
	   Disk (KB)            :      907      225   1645388 
	   Memory (MB)          :      146     2048      2048 

	Job terminated of its own accord at 2023-06-22T20:28:19Z with exit-code 0.
...
