000 (32358581.075.000) 2023-06-22 15:12:16 Job submitted from host: <131.225.204.62:9618?addrs=131.225.204.62-9618+[2620-6a-0-8420-f0-0-204-62]-9618&alias=lpcschedd5.fnal.gov&noUDP&sock=schedd_2770_916d>
...
040 (32358581.075.000) 2023-06-22 15:19:52 Started transferring input files
	Transferring to host: <131.225.189.131:9618?addrs=[2620-6a-0-8421-f0-0-189-131]-9618+131.225.189.131-9618&alias=cmswn2103.fnal.gov&noUDP&sock=slot1_64_2109_bb2f_26903>
...
040 (32358581.075.000) 2023-06-22 15:19:52 Finished transferring input files
...
001 (32358581.075.000) 2023-06-22 15:19:52 Job executing on host: <131.225.189.131:9618?addrs=[2620-6a-0-8421-f0-0-189-131]-9618+131.225.189.131-9618&alias=cmswn2103.fnal.gov&noUDP&sock=startd_2019_71cd>
...
006 (32358581.075.000) 2023-06-22 15:21:01 Image size of job updated: 143
	143  -  MemoryUsage of job (MB)
	146456  -  ResidentSetSize of job (KB)
...
006 (32358581.075.000) 2023-06-22 15:23:02 Image size of job updated: 144
	144  -  MemoryUsage of job (MB)
	148096  -  ResidentSetSize of job (KB)
...
006 (32358581.075.000) 2023-06-22 15:24:04 Image size of job updated: 144
	144  -  MemoryUsage of job (MB)
	148268  -  ResidentSetSize of job (KB)
...
006 (32358581.075.000) 2023-06-22 15:25:03 Image size of job updated: 144
	144  -  MemoryUsage of job (MB)
	148372  -  ResidentSetSize of job (KB)
...
006 (32358581.075.000) 2023-06-22 15:26:04 Image size of job updated: 144
	144  -  MemoryUsage of job (MB)
	148440  -  ResidentSetSize of job (KB)
...
006 (32358581.075.000) 2023-06-22 15:27:04 Image size of job updated: 144
	144  -  MemoryUsage of job (MB)
	148464  -  ResidentSetSize of job (KB)
...
006 (32358581.075.000) 2023-06-22 15:29:06 Image size of job updated: 144
	144  -  MemoryUsage of job (MB)
	148476  -  ResidentSetSize of job (KB)
...
006 (32358581.075.000) 2023-06-22 15:33:09 Image size of job updated: 145
	145  -  MemoryUsage of job (MB)
	148508  -  ResidentSetSize of job (KB)
...
006 (32358581.075.000) 2023-06-22 15:34:09 Image size of job updated: 145
	145  -  MemoryUsage of job (MB)
	148512  -  ResidentSetSize of job (KB)
...
040 (32358581.075.000) 2023-06-22 15:36:42 Started transferring output files
...
040 (32358581.075.000) 2023-06-22 15:36:42 Finished transferring output files
...
005 (32358581.075.000) 2023-06-22 15:36:50 Job terminated.
	(1) Normal termination (return value 0)
		Usr 0 00:02:41, Sys 0 00:00:08  -  Run Remote Usage
		Usr 0 00:00:00, Sys 0 00:00:00  -  Run Local Usage
		Usr 0 00:02:41, Sys 0 00:00:08  -  Total Remote Usage
		Usr 0 00:00:00, Sys 0 00:00:00  -  Total Local Usage
	138363  -  Run Bytes Sent By Job
	224266  -  Run Bytes Received By Job
	138363  -  Total Bytes Sent By Job
	224266  -  Total Bytes Received By Job
	Partitionable Resources :    Usage  Request Allocated 
	   Cpus                 :     0.00        1         1 
	   Disk (KB)            :   905         225   3450022 
	   Memory (MB)          :   145        2048      2048 

	Job terminated of its own accord at 2023-06-22T20:36:42Z with exit-code 0.
...
