000 (32358581.427.000) 2023-06-22 15:12:17 Job submitted from host: <131.225.204.62:9618?addrs=131.225.204.62-9618+[2620-6a-0-8420-f0-0-204-62]-9618&alias=lpcschedd5.fnal.gov&noUDP&sock=schedd_2770_916d>
...
040 (32358581.427.000) 2023-06-22 15:23:03 Entered queue to transfer input files
	Transferring to host: <131.225.189.154:9618?addrs=[2620-6a-0-8421-f0-0-189-154]-9618+131.225.189.154-9618&alias=cmswn2111.fnal.gov&noUDP&sock=slot1_8_2116_a9cf_36184>
...
040 (32358581.427.000) 2023-06-22 15:23:37 Started transferring input files
	Seconds spent in queue: 34
...
040 (32358581.427.000) 2023-06-22 15:23:37 Finished transferring input files
...
001 (32358581.427.000) 2023-06-22 15:23:37 Job executing on host: <131.225.189.154:9618?addrs=[2620-6a-0-8421-f0-0-189-154]-9618+131.225.189.154-9618&alias=cmswn2111.fnal.gov&noUDP&sock=startd_2023_302e>
...
006 (32358581.427.000) 2023-06-22 15:23:46 Image size of job updated: 35
	35  -  MemoryUsage of job (MB)
	36432  -  ResidentSetSize of job (KB)
...
006 (32358581.427.000) 2023-06-22 15:24:46 Image size of job updated: 146
	146  -  MemoryUsage of job (MB)
	149720  -  ResidentSetSize of job (KB)
...
006 (32358581.427.000) 2023-06-22 15:25:47 Image size of job updated: 146
	146  -  MemoryUsage of job (MB)
	149740  -  ResidentSetSize of job (KB)
...
006 (32358581.427.000) 2023-06-22 15:26:48 Image size of job updated: 146
	146  -  MemoryUsage of job (MB)
	149756  -  ResidentSetSize of job (KB)
...
040 (32358581.427.000) 2023-06-22 15:26:49 Started transferring output files
	Seconds spent in queue: 226
...
040 (32358581.427.000) 2023-06-22 15:26:49 Finished transferring output files
...
005 (32358581.427.000) 2023-06-22 15:26:50 Job terminated.
	(1) Normal termination (return value 0)
		Usr 0 00:02:36, Sys 0 00:00:07  -  Run Remote Usage
		Usr 0 00:00:00, Sys 0 00:00:00  -  Run Local Usage
		Usr 0 00:02:36, Sys 0 00:00:07  -  Total Remote Usage
		Usr 0 00:00:00, Sys 0 00:00:00  -  Total Local Usage
	141393  -  Run Bytes Sent By Job
	224267  -  Run Bytes Received By Job
	141393  -  Total Bytes Sent By Job
	224267  -  Total Bytes Received By Job
	Partitionable Resources :    Usage  Request Allocated 
	   Cpus                 :     0.00        1         1 
	   Disk (KB)            :   904         225   3463171 
	   Memory (MB)          :   146        2048      2048 

	Job terminated of its own accord at 2023-06-22T20:26:49Z with exit-code 0.
...
