000 (32358581.257.000) 2023-06-22 15:12:16 Job submitted from host: <131.225.204.62:9618?addrs=131.225.204.62-9618+[2620-6a-0-8420-f0-0-204-62]-9618&alias=lpcschedd5.fnal.gov&noUDP&sock=schedd_2770_916d>
...
040 (32358581.257.000) 2023-06-22 15:20:58 Entered queue to transfer input files
	Transferring to host: <131.225.188.84:9618?addrs=[2620-6a-0-8421-f0-0-188-84]-9618+131.225.188.84-9618&alias=cmswn2041.fnal.gov&noUDP&sock=slot1_22_2021_ba2b_81406>
...
040 (32358581.257.000) 2023-06-22 15:21:09 Started transferring input files
	Seconds spent in queue: 11
...
040 (32358581.257.000) 2023-06-22 15:21:09 Finished transferring input files
...
001 (32358581.257.000) 2023-06-22 15:21:09 Job executing on host: <131.225.188.84:9618?addrs=[2620-6a-0-8421-f0-0-188-84]-9618+131.225.188.84-9618&alias=cmswn2041.fnal.gov&noUDP&sock=startd_1927_5717>
...
006 (32358581.257.000) 2023-06-22 15:22:21 Image size of job updated: 159
	159  -  MemoryUsage of job (MB)
	162868  -  ResidentSetSize of job (KB)
...
006 (32358581.257.000) 2023-06-22 15:26:24 Image size of job updated: 159
	159  -  MemoryUsage of job (MB)
	163592  -  ResidentSetSize of job (KB)
...
006 (32358581.257.000) 2023-06-22 15:27:24 Image size of job updated: 159
	159  -  MemoryUsage of job (MB)
	163636  -  ResidentSetSize of job (KB)
...
006 (32358581.257.000) 2023-06-22 15:28:24 Image size of job updated: 159
	159  -  MemoryUsage of job (MB)
	163688  -  ResidentSetSize of job (KB)
...
006 (32358581.257.000) 2023-06-22 15:29:25 Image size of job updated: 159
	159  -  MemoryUsage of job (MB)
	163756  -  ResidentSetSize of job (KB)
...
006 (32358581.257.000) 2023-06-22 15:30:25 Image size of job updated: 159
	159  -  MemoryUsage of job (MB)
	163792  -  ResidentSetSize of job (KB)
...
006 (32358581.257.000) 2023-06-22 15:31:25 Image size of job updated: 159
	159  -  MemoryUsage of job (MB)
	163832  -  ResidentSetSize of job (KB)
...
006 (32358581.257.000) 2023-06-22 15:32:27 Image size of job updated: 160
	160  -  MemoryUsage of job (MB)
	163860  -  ResidentSetSize of job (KB)
...
006 (32358581.257.000) 2023-06-22 15:34:28 Image size of job updated: 160
	160  -  MemoryUsage of job (MB)
	163864  -  ResidentSetSize of job (KB)
...
006 (32358581.257.000) 2023-06-22 15:35:28 Image size of job updated: 160
	160  -  MemoryUsage of job (MB)
	163868  -  ResidentSetSize of job (KB)
...
006 (32358581.257.000) 2023-06-22 15:58:43 Image size of job updated: 160
	160  -  MemoryUsage of job (MB)
	163872  -  ResidentSetSize of job (KB)
...
006 (32358581.257.000) 2023-06-22 15:59:44 Image size of job updated: 160
	160  -  MemoryUsage of job (MB)
	163876  -  ResidentSetSize of job (KB)
...
006 (32358581.257.000) 2023-06-22 16:00:44 Image size of job updated: 160
	160  -  MemoryUsage of job (MB)
	163880  -  ResidentSetSize of job (KB)
...
040 (32358581.257.000) 2023-06-22 16:15:07 Started transferring output files
	Seconds spent in queue: 3249
...
040 (32358581.257.000) 2023-06-22 16:15:07 Finished transferring output files
...
005 (32358581.257.000) 2023-06-22 16:15:08 Job terminated.
	(1) Normal termination (return value 0)
		Usr 0 00:18:10, Sys 0 00:34:09  -  Run Remote Usage
		Usr 0 00:00:00, Sys 0 00:00:00  -  Run Local Usage
		Usr 0 00:18:10, Sys 0 00:34:09  -  Total Remote Usage
		Usr 0 00:00:00, Sys 0 00:00:00  -  Total Local Usage
	146595  -  Run Bytes Sent By Job
	224267  -  Run Bytes Received By Job
	146595  -  Total Bytes Sent By Job
	224267  -  Total Bytes Received By Job
	Partitionable Resources :    Usage  Request Allocated 
	   Cpus                 :     0.01        1         1 
	   Disk (KB)            :   913         225   1645388 
	   Memory (MB)          :   160        2048      2048 

	Job terminated of its own accord at 2023-06-22T21:15:07Z with exit-code 0.
...
