000 (32358581.276.000) 2023-06-22 15:12:16 Job submitted from host: <131.225.204.62:9618?addrs=131.225.204.62-9618+[2620-6a-0-8420-f0-0-204-62]-9618&alias=lpcschedd5.fnal.gov&noUDP&sock=schedd_2770_916d>
...
040 (32358581.276.000) 2023-06-22 15:21:07 Started transferring input files
	Transferring to host: <131.225.189.155:9618?addrs=[2620-6a-0-8421-f0-0-189-155]-9618+131.225.189.155-9618&alias=cmswn2112.fnal.gov&noUDP&sock=slot1_7_2121_2faf_53777>
...
040 (32358581.276.000) 2023-06-22 15:21:07 Finished transferring input files
...
001 (32358581.276.000) 2023-06-22 15:21:07 Job executing on host: <131.225.189.155:9618?addrs=[2620-6a-0-8421-f0-0-189-155]-9618+131.225.189.155-9618&alias=cmswn2112.fnal.gov&noUDP&sock=startd_2024_dfc6>
...
006 (32358581.276.000) 2023-06-22 15:21:15 Image size of job updated: 6
	6  -  MemoryUsage of job (MB)
	6856  -  ResidentSetSize of job (KB)
...
006 (32358581.276.000) 2023-06-22 15:22:15 Image size of job updated: 159
	159  -  MemoryUsage of job (MB)
	162916  -  ResidentSetSize of job (KB)
...
006 (32358581.276.000) 2023-06-22 15:25:17 Image size of job updated: 159
	159  -  MemoryUsage of job (MB)
	163480  -  ResidentSetSize of job (KB)
...
006 (32358581.276.000) 2023-06-22 15:26:18 Image size of job updated: 159
	159  -  MemoryUsage of job (MB)
	163672  -  ResidentSetSize of job (KB)
...
006 (32358581.276.000) 2023-06-22 15:27:18 Image size of job updated: 159
	159  -  MemoryUsage of job (MB)
	163732  -  ResidentSetSize of job (KB)
...
006 (32358581.276.000) 2023-06-22 15:28:18 Image size of job updated: 159
	159  -  MemoryUsage of job (MB)
	163796  -  ResidentSetSize of job (KB)
...
006 (32358581.276.000) 2023-06-22 15:29:19 Image size of job updated: 160
	160  -  MemoryUsage of job (MB)
	163856  -  ResidentSetSize of job (KB)
...
006 (32358581.276.000) 2023-06-22 15:30:19 Image size of job updated: 160
	160  -  MemoryUsage of job (MB)
	163908  -  ResidentSetSize of job (KB)
...
006 (32358581.276.000) 2023-06-22 15:33:20 Image size of job updated: 160
	160  -  MemoryUsage of job (MB)
	163912  -  ResidentSetSize of job (KB)
...
006 (32358581.276.000) 2023-06-22 15:36:22 Image size of job updated: 160
	160  -  MemoryUsage of job (MB)
	163916  -  ResidentSetSize of job (KB)
...
006 (32358581.276.000) 2023-06-22 16:03:40 Image size of job updated: 160
	160  -  MemoryUsage of job (MB)
	163924  -  ResidentSetSize of job (KB)
...
040 (32358581.276.000) 2023-06-22 16:16:10 Started transferring output files
...
040 (32358581.276.000) 2023-06-22 16:16:10 Finished transferring output files
...
005 (32358581.276.000) 2023-06-22 16:16:11 Job terminated.
	(1) Normal termination (return value 0)
		Usr 0 00:17:32, Sys 0 00:36:03  -  Run Remote Usage
		Usr 0 00:00:00, Sys 0 00:00:00  -  Run Local Usage
		Usr 0 00:17:32, Sys 0 00:36:03  -  Total Remote Usage
		Usr 0 00:00:00, Sys 0 00:00:00  -  Total Local Usage
	146060  -  Run Bytes Sent By Job
	224267  -  Run Bytes Received By Job
	146060  -  Total Bytes Sent By Job
	224267  -  Total Bytes Received By Job
	Partitionable Resources :    Usage  Request Allocated 
	   Cpus                 :     0.00        1         1 
	   Disk (KB)            :   909         225   3454594 
	   Memory (MB)          :   160        2048      2048 

	Job terminated of its own accord at 2023-06-22T21:16:10Z with exit-code 0.
...
