000 (32358581.475.000) 2023-06-22 15:12:17 Job submitted from host: <131.225.204.62:9618?addrs=131.225.204.62-9618+[2620-6a-0-8420-f0-0-204-62]-9618&alias=lpcschedd5.fnal.gov&noUDP&sock=schedd_2770_916d>
...
040 (32358581.475.000) 2023-06-22 15:23:38 Entered queue to transfer input files
	Transferring to host: <131.225.189.131:9618?addrs=[2620-6a-0-8421-f0-0-189-131]-9618+131.225.189.131-9618&alias=cmswn2103.fnal.gov&noUDP&sock=slot1_36_2109_bb2f_26910>
...
040 (32358581.475.000) 2023-06-22 15:24:09 Started transferring input files
	Seconds spent in queue: 31
...
040 (32358581.475.000) 2023-06-22 15:24:09 Finished transferring input files
...
001 (32358581.475.000) 2023-06-22 15:24:09 Job executing on host: <131.225.189.131:9618?addrs=[2620-6a-0-8421-f0-0-189-131]-9618+131.225.189.131-9618&alias=cmswn2103.fnal.gov&noUDP&sock=startd_2019_71cd>
...
006 (32358581.475.000) 2023-06-22 15:25:19 Image size of job updated: 130
	130  -  MemoryUsage of job (MB)
	133972  -  ResidentSetSize of job (KB)
...
006 (32358581.475.000) 2023-06-22 15:26:19 Image size of job updated: 131
	131  -  MemoryUsage of job (MB)
	134492  -  ResidentSetSize of job (KB)
...
040 (32358581.475.000) 2023-06-22 15:26:48 Started transferring output files
	Seconds spent in queue: 190
...
040 (32358581.475.000) 2023-06-22 15:26:48 Finished transferring output files
...
005 (32358581.475.000) 2023-06-22 15:26:49 Job terminated.
	(1) Normal termination (return value 0)
		Usr 0 00:02:14, Sys 0 00:00:06  -  Run Remote Usage
		Usr 0 00:00:00, Sys 0 00:00:00  -  Run Local Usage
		Usr 0 00:02:14, Sys 0 00:00:06  -  Total Remote Usage
		Usr 0 00:00:00, Sys 0 00:00:00  -  Total Local Usage
	86203  -  Run Bytes Sent By Job
	224267  -  Run Bytes Received By Job
	86203  -  Total Bytes Sent By Job
	224267  -  Total Bytes Received By Job
	Partitionable Resources :    Usage  Request Allocated 
	   Cpus                 :        0        1         1 
	   Disk (KB)            :      854      225   3450022 
	   Memory (MB)          :      131     2048      2048 

	Job terminated of its own accord at 2023-06-22T20:26:48Z with exit-code 0.
...
