000 (32358581.152.000) 2023-06-22 15:12:16 Job submitted from host: <131.225.204.62:9618?addrs=131.225.204.62-9618+[2620-6a-0-8420-f0-0-204-62]-9618&alias=lpcschedd5.fnal.gov&noUDP&sock=schedd_2770_916d>
...
040 (32358581.152.000) 2023-06-22 15:20:31 Entered queue to transfer input files
	Transferring to host: <131.225.189.34:9618?addrs=[2620-6a-0-8421-f0-0-189-34]-9618+131.225.189.34-9618&alias=cmswn2087.fnal.gov&noUDP&sock=slot1_28_2044_eecc_21448>
...
040 (32358581.152.000) 2023-06-22 15:20:45 Started transferring input files
	Seconds spent in queue: 14
...
040 (32358581.152.000) 2023-06-22 15:20:45 Finished transferring input files
...
001 (32358581.152.000) 2023-06-22 15:20:45 Job executing on host: <131.225.189.34:9618?addrs=[2620-6a-0-8421-f0-0-189-34]-9618+131.225.189.34-9618&alias=cmswn2087.fnal.gov&noUDP&sock=startd_1929_b647>
...
006 (32358581.152.000) 2023-06-22 15:21:54 Image size of job updated: 148
	148  -  MemoryUsage of job (MB)
	152552  -  ResidentSetSize of job (KB)
...
006 (32358581.152.000) 2023-06-22 15:22:55 Image size of job updated: 149
	149  -  MemoryUsage of job (MB)
	153440  -  ResidentSetSize of job (KB)
...
006 (32358581.152.000) 2023-06-22 15:23:56 Image size of job updated: 149
	149  -  MemoryUsage of job (MB)
	153548  -  ResidentSetSize of job (KB)
...
006 (32358581.152.000) 2023-06-22 15:24:56 Image size of job updated: 149
	149  -  MemoryUsage of job (MB)
	153556  -  ResidentSetSize of job (KB)
...
006 (32358581.152.000) 2023-06-22 15:28:58 Image size of job updated: 149
	149  -  MemoryUsage of job (MB)
	153564  -  ResidentSetSize of job (KB)
...
040 (32358581.152.000) 2023-06-22 15:29:36 Started transferring output files
	Seconds spent in queue: 545
...
040 (32358581.152.000) 2023-06-22 15:29:36 Finished transferring output files
...
005 (32358581.152.000) 2023-06-22 15:29:38 Job terminated.
	(1) Normal termination (return value 0)
		Usr 0 00:03:05, Sys 0 00:00:09  -  Run Remote Usage
		Usr 0 00:00:00, Sys 0 00:00:00  -  Run Local Usage
		Usr 0 00:03:05, Sys 0 00:00:09  -  Total Remote Usage
		Usr 0 00:00:00, Sys 0 00:00:00  -  Total Local Usage
	142109  -  Run Bytes Sent By Job
	224267  -  Run Bytes Received By Job
	142109  -  Total Bytes Sent By Job
	224267  -  Total Bytes Received By Job
	Partitionable Resources :    Usage  Request Allocated 
	   Cpus                 :        0        1         1 
	   Disk (KB)            :      904      225   1635237 
	   Memory (MB)          :      149     2048      2048 

	Job terminated of its own accord at 2023-06-22T20:29:36Z with exit-code 0.
...
