000 (32358581.348.000) 2023-06-22 15:12:17 Job submitted from host: <131.225.204.62:9618?addrs=131.225.204.62-9618+[2620-6a-0-8420-f0-0-204-62]-9618&alias=lpcschedd5.fnal.gov&noUDP&sock=schedd_2770_916d>
...
040 (32358581.348.000) 2023-06-22 15:22:11 Entered queue to transfer input files
	Transferring to host: <131.225.188.219:9618?addrs=[2620-6a-0-8421-f0-0-188-219]-9618+131.225.188.219-9618&alias=cmswn2070.fnal.gov&noUDP&sock=slot1_64_2110_6f8f_39837>
...
040 (32358581.348.000) 2023-06-22 15:22:45 Started transferring input files
	Seconds spent in queue: 34
...
040 (32358581.348.000) 2023-06-22 15:22:45 Finished transferring input files
...
001 (32358581.348.000) 2023-06-22 15:22:45 Job executing on host: <131.225.188.219:9618?addrs=[2620-6a-0-8421-f0-0-188-219]-9618+131.225.188.219-9618&alias=cmswn2070.fnal.gov&noUDP&sock=startd_2019_71cd>
...
006 (32358581.348.000) 2023-06-22 15:22:56 Image size of job updated: 15
	15  -  MemoryUsage of job (MB)
	16144  -  ResidentSetSize of job (KB)
...
006 (32358581.348.000) 2023-06-22 15:23:56 Image size of job updated: 91
	91  -  MemoryUsage of job (MB)
	94024  -  ResidentSetSize of job (KB)
...
006 (32358581.348.000) 2023-06-22 15:24:57 Image size of job updated: 162
	162  -  MemoryUsage of job (MB)
	166364  -  ResidentSetSize of job (KB)
...
006 (32358581.348.000) 2023-06-22 15:27:00 Image size of job updated: 162
	162  -  MemoryUsage of job (MB)
	166368  -  ResidentSetSize of job (KB)
...
006 (32358581.348.000) 2023-06-22 15:27:58 Image size of job updated: 162
	162  -  MemoryUsage of job (MB)
	166372  -  ResidentSetSize of job (KB)
...
040 (32358581.348.000) 2023-06-22 15:27:58 Started transferring output files
	Seconds spent in queue: 347
...
040 (32358581.348.000) 2023-06-22 15:27:58 Finished transferring output files
...
005 (32358581.348.000) 2023-06-22 15:28:01 Job terminated.
	(1) Normal termination (return value 0)
		Usr 0 00:03:29, Sys 0 00:00:09  -  Run Remote Usage
		Usr 0 00:00:00, Sys 0 00:00:00  -  Run Local Usage
		Usr 0 00:03:29, Sys 0 00:00:09  -  Total Remote Usage
		Usr 0 00:00:00, Sys 0 00:00:00  -  Total Local Usage
	145715  -  Run Bytes Sent By Job
	224267  -  Run Bytes Received By Job
	145715  -  Total Bytes Sent By Job
	224267  -  Total Bytes Received By Job
	Partitionable Resources :    Usage  Request Allocated 
	   Cpus                 :        0        1         1 
	   Disk (KB)            :      912      225   1646883 
	   Memory (MB)          :      162     2048      2048 

	Job terminated of its own accord at 2023-06-22T20:27:58Z with exit-code 0.
...
