000 (32358581.228.000) 2023-06-22 15:12:16 Job submitted from host: <131.225.204.62:9618?addrs=131.225.204.62-9618+[2620-6a-0-8420-f0-0-204-62]-9618&alias=lpcschedd5.fnal.gov&noUDP&sock=schedd_2770_916d>
...
040 (32358581.228.000) 2023-06-22 15:20:36 Started transferring input files
	Transferring to host: <131.225.189.167:9618?addrs=[2620-6a-0-8421-f0-0-189-167]-9618+131.225.189.167-9618&alias=cmswn2119.fnal.gov&noUDP&sock=slot1_40_2115_f56f_35880>
...
040 (32358581.228.000) 2023-06-22 15:20:36 Finished transferring input files
...
001 (32358581.228.000) 2023-06-22 15:20:36 Job executing on host: <131.225.189.167:9618?addrs=[2620-6a-0-8421-f0-0-189-167]-9618+131.225.189.167-9618&alias=cmswn2119.fnal.gov&noUDP&sock=startd_2013_543c>
...
006 (32358581.228.000) 2023-06-22 15:20:45 Image size of job updated: 43
	43  -  MemoryUsage of job (MB)
	44640  -  ResidentSetSize of job (KB)
...
006 (32358581.228.000) 2023-06-22 15:21:46 Image size of job updated: 144
	144  -  MemoryUsage of job (MB)
	147668  -  ResidentSetSize of job (KB)
...
006 (32358581.228.000) 2023-06-22 15:23:12 Image size of job updated: 144
	144  -  MemoryUsage of job (MB)
	147672  -  ResidentSetSize of job (KB)
...
040 (32358581.228.000) 2023-06-22 15:23:12 Started transferring output files
...
040 (32358581.228.000) 2023-06-22 15:23:12 Finished transferring output files
...
005 (32358581.228.000) 2023-06-22 15:23:14 Job terminated.
	(1) Normal termination (return value 0)
		Usr 0 00:01:48, Sys 0 00:00:05  -  Run Remote Usage
		Usr 0 00:00:00, Sys 0 00:00:00  -  Run Local Usage
		Usr 0 00:01:48, Sys 0 00:00:05  -  Total Remote Usage
		Usr 0 00:00:00, Sys 0 00:00:00  -  Total Local Usage
	137477  -  Run Bytes Sent By Job
	224267  -  Run Bytes Received By Job
	137477  -  Total Bytes Sent By Job
	224267  -  Total Bytes Received By Job
	Partitionable Resources :    Usage  Request Allocated 
	   Cpus                 :        0        1         1 
	   Disk (KB)            :      900      225   3466881 
	   Memory (MB)          :      144     2048      2048 

	Job terminated of its own accord at 2023-06-22T20:23:12Z with exit-code 0.
...
