000 (32358581.166.000) 2023-06-22 15:12:16 Job submitted from host: <131.225.204.62:9618?addrs=131.225.204.62-9618+[2620-6a-0-8420-f0-0-204-62]-9618&alias=lpcschedd5.fnal.gov&noUDP&sock=schedd_2770_916d>
...
040 (32358581.166.000) 2023-06-22 15:20:33 Entered queue to transfer input files
	Transferring to host: <131.225.189.32:9618?addrs=[2620-6a-0-8421-f0-0-189-32]-9618+131.225.189.32-9618&alias=cmswn2085.fnal.gov&noUDP&sock=slot1_21_2019_516b_42651>
...
040 (32358581.166.000) 2023-06-22 15:20:45 Started transferring input files
	Seconds spent in queue: 12
...
040 (32358581.166.000) 2023-06-22 15:20:45 Finished transferring input files
...
001 (32358581.166.000) 2023-06-22 15:20:45 Job executing on host: <131.225.189.32:9618?addrs=[2620-6a-0-8421-f0-0-189-32]-9618+131.225.189.32-9618&alias=cmswn2085.fnal.gov&noUDP&sock=startd_1925_f7e6>
...
006 (32358581.166.000) 2023-06-22 15:21:55 Image size of job updated: 160
	160  -  MemoryUsage of job (MB)
	164104  -  ResidentSetSize of job (KB)
...
006 (32358581.166.000) 2023-06-22 15:22:56 Image size of job updated: 160
	160  -  MemoryUsage of job (MB)
	164860  -  ResidentSetSize of job (KB)
...
006 (32358581.166.000) 2023-06-22 15:23:57 Image size of job updated: 161
	161  -  MemoryUsage of job (MB)
	165060  -  ResidentSetSize of job (KB)
...
006 (32358581.166.000) 2023-06-22 15:24:57 Image size of job updated: 161
	161  -  MemoryUsage of job (MB)
	165096  -  ResidentSetSize of job (KB)
...
006 (32358581.166.000) 2023-06-22 15:27:59 Image size of job updated: 161
	161  -  MemoryUsage of job (MB)
	165104  -  ResidentSetSize of job (KB)
...
006 (32358581.166.000) 2023-06-22 15:32:01 Image size of job updated: 161
	161  -  MemoryUsage of job (MB)
	165112  -  ResidentSetSize of job (KB)
...
006 (32358581.166.000) 2023-06-22 15:32:43 Image size of job updated: 161
	161  -  MemoryUsage of job (MB)
	165180  -  ResidentSetSize of job (KB)
...
040 (32358581.166.000) 2023-06-22 15:32:43 Started transferring output files
	Seconds spent in queue: 730
...
040 (32358581.166.000) 2023-06-22 15:32:44 Finished transferring output files
...
005 (32358581.166.000) 2023-06-22 15:32:45 Job terminated.
	(1) Normal termination (return value 0)
		Usr 0 00:04:27, Sys 0 00:00:12  -  Run Remote Usage
		Usr 0 00:00:00, Sys 0 00:00:00  -  Run Local Usage
		Usr 0 00:04:27, Sys 0 00:00:12  -  Total Remote Usage
		Usr 0 00:00:00, Sys 0 00:00:00  -  Total Local Usage
	145812  -  Run Bytes Sent By Job
	224267  -  Run Bytes Received By Job
	145812  -  Total Bytes Sent By Job
	224267  -  Total Bytes Received By Job
	Partitionable Resources :    Usage  Request Allocated 
	   Cpus                 :     0.00        1         1 
	   Disk (KB)            :   907         225   1635421 
	   Memory (MB)          :   161        2048      2048 

	Job terminated of its own accord at 2023-06-22T20:32:43Z with exit-code 0.
...
