000 (32358581.124.000) 2023-06-22 15:12:16 Job submitted from host: <131.225.204.62:9618?addrs=131.225.204.62-9618+[2620-6a-0-8420-f0-0-204-62]-9618&alias=lpcschedd5.fnal.gov&noUDP&sock=schedd_2770_916d>
...
040 (32358581.124.000) 2023-06-22 15:20:24 Entered queue to transfer input files
	Transferring to host: <131.225.188.179:9618?addrs=[2620-6a-0-8421-f0-0-188-179]-9618+131.225.188.179-9618&alias=cmswn2059.fnal.gov&noUDP&sock=slot1_51_2012_62cb_10078>
...
040 (32358581.124.000) 2023-06-22 15:20:48 Started transferring input files
	Seconds spent in queue: 24
...
040 (32358581.124.000) 2023-06-22 15:20:48 Finished transferring input files
...
001 (32358581.124.000) 2023-06-22 15:20:48 Job executing on host: <131.225.188.179:9618?addrs=[2620-6a-0-8421-f0-0-188-179]-9618+131.225.188.179-9618&alias=cmswn2059.fnal.gov&noUDP&sock=startd_1929_b647>
...
006 (32358581.124.000) 2023-06-22 15:20:57 Image size of job updated: 38
	38  -  MemoryUsage of job (MB)
	39028  -  ResidentSetSize of job (KB)
...
006 (32358581.124.000) 2023-06-22 15:21:57 Image size of job updated: 142
	142  -  MemoryUsage of job (MB)
	145816  -  ResidentSetSize of job (KB)
...
006 (32358581.124.000) 2023-06-22 15:23:57 Image size of job updated: 143
	143  -  MemoryUsage of job (MB)
	147324  -  ResidentSetSize of job (KB)
...
006 (32358581.124.000) 2023-06-22 15:24:58 Image size of job updated: 143
	143  -  MemoryUsage of job (MB)
	147388  -  ResidentSetSize of job (KB)
...
006 (32358581.124.000) 2023-06-22 15:25:58 Image size of job updated: 143
	143  -  MemoryUsage of job (MB)
	147448  -  ResidentSetSize of job (KB)
...
006 (32358581.124.000) 2023-06-22 15:26:58 Image size of job updated: 144
	144  -  MemoryUsage of job (MB)
	147580  -  ResidentSetSize of job (KB)
...
006 (32358581.124.000) 2023-06-22 15:27:58 Image size of job updated: 144
	144  -  MemoryUsage of job (MB)
	147592  -  ResidentSetSize of job (KB)
...
006 (32358581.124.000) 2023-06-22 15:28:59 Image size of job updated: 144
	144  -  MemoryUsage of job (MB)
	147620  -  ResidentSetSize of job (KB)
...
040 (32358581.124.000) 2023-06-22 15:36:13 Started transferring output files
	Seconds spent in queue: 949
...
040 (32358581.124.000) 2023-06-22 15:36:13 Finished transferring output files
...
005 (32358581.124.000) 2023-06-22 15:36:14 Job terminated.
	(1) Normal termination (return value 0)
		Usr 0 00:02:27, Sys 0 00:00:07  -  Run Remote Usage
		Usr 0 00:00:00, Sys 0 00:00:00  -  Run Local Usage
		Usr 0 00:02:27, Sys 0 00:00:07  -  Total Remote Usage
		Usr 0 00:00:00, Sys 0 00:00:00  -  Total Local Usage
	137662  -  Run Bytes Sent By Job
	224267  -  Run Bytes Received By Job
	137662  -  Total Bytes Sent By Job
	224267  -  Total Bytes Received By Job
	Partitionable Resources :    Usage  Request Allocated 
	   Cpus                 :     0.00        1         1 
	   Disk (KB)            :   903         225   1654204 
	   Memory (MB)          :   144        2048      2048 

	Job terminated of its own accord at 2023-06-22T20:36:13Z with exit-code 0.
...
