000 (32358581.108.000) 2023-06-22 15:12:16 Job submitted from host: <131.225.204.62:9618?addrs=131.225.204.62-9618+[2620-6a-0-8420-f0-0-204-62]-9618&alias=lpcschedd5.fnal.gov&noUDP&sock=schedd_2770_916d>
...
040 (32358581.108.000) 2023-06-22 15:20:21 Entered queue to transfer input files
	Transferring to host: <131.225.188.210:9618?addrs=[2620-6a-0-8421-f0-0-188-210]-9618+131.225.188.210-9618&alias=cmswn2067.fnal.gov&noUDP&sock=slot1_10_2009_45ab_41396>
...
040 (32358581.108.000) 2023-06-22 15:21:12 Started transferring input files
	Seconds spent in queue: 51
...
040 (32358581.108.000) 2023-06-22 15:21:12 Finished transferring input files
...
001 (32358581.108.000) 2023-06-22 15:21:12 Job executing on host: <131.225.188.210:9618?addrs=[2620-6a-0-8421-f0-0-188-210]-9618+131.225.188.210-9618&alias=cmswn2067.fnal.gov&noUDP&sock=startd_1928_06af>
...
006 (32358581.108.000) 2023-06-22 15:21:21 Image size of job updated: 8
	8  -  MemoryUsage of job (MB)
	8340  -  ResidentSetSize of job (KB)
...
006 (32358581.108.000) 2023-06-22 15:22:22 Image size of job updated: 145
	145  -  MemoryUsage of job (MB)
	149324  -  ResidentSetSize of job (KB)
...
006 (32358581.108.000) 2023-06-22 15:23:22 Image size of job updated: 145
	145  -  MemoryUsage of job (MB)
	149340  -  ResidentSetSize of job (KB)
...
040 (32358581.108.000) 2023-06-22 15:24:16 Started transferring output files
	Seconds spent in queue: 235
...
040 (32358581.108.000) 2023-06-22 15:24:16 Finished transferring output files
...
005 (32358581.108.000) 2023-06-22 15:24:17 Job terminated.
	(1) Normal termination (return value 0)
		Usr 0 00:02:24, Sys 0 00:00:06  -  Run Remote Usage
		Usr 0 00:00:00, Sys 0 00:00:00  -  Run Local Usage
		Usr 0 00:02:24, Sys 0 00:00:06  -  Total Remote Usage
		Usr 0 00:00:00, Sys 0 00:00:00  -  Total Local Usage
	136984  -  Run Bytes Sent By Job
	224267  -  Run Bytes Received By Job
	136984  -  Total Bytes Sent By Job
	224267  -  Total Bytes Received By Job
	Partitionable Resources :    Usage  Request Allocated 
	   Cpus                 :        0        1         1 
	   Disk (KB)            :      899      225   1642278 
	   Memory (MB)          :      145     2048      2048 

	Job terminated of its own accord at 2023-06-22T20:24:16Z with exit-code 0.
...
