000 (32358581.333.000) 2023-06-22 15:12:17 Job submitted from host: <131.225.204.62:9618?addrs=131.225.204.62-9618+[2620-6a-0-8420-f0-0-204-62]-9618&alias=lpcschedd5.fnal.gov&noUDP&sock=schedd_2770_916d>
...
040 (32358581.333.000) 2023-06-22 15:21:57 Started transferring input files
	Transferring to host: <131.225.188.21:9618?addrs=[2620-6a-0-8421-f0-0-188-21]-9618+131.225.188.21-9618&alias=cmswn2023.fnal.gov&noUDP&sock=slot1_8_2123_986f_43222>
...
040 (32358581.333.000) 2023-06-22 15:21:57 Finished transferring input files
...
001 (32358581.333.000) 2023-06-22 15:21:57 Job executing on host: <131.225.188.21:9618?addrs=[2620-6a-0-8421-f0-0-188-21]-9618+131.225.188.21-9618&alias=cmswn2023.fnal.gov&noUDP&sock=startd_2023_302e>
...
006 (32358581.333.000) 2023-06-22 15:22:06 Image size of job updated: 32
	32  -  MemoryUsage of job (MB)
	33436  -  ResidentSetSize of job (KB)
...
006 (32358581.333.000) 2023-06-22 15:23:06 Image size of job updated: 150
	150  -  MemoryUsage of job (MB)
	153640  -  ResidentSetSize of job (KB)
...
006 (32358581.333.000) 2023-06-22 15:25:07 Image size of job updated: 150
	150  -  MemoryUsage of job (MB)
	154132  -  ResidentSetSize of job (KB)
...
006 (32358581.333.000) 2023-06-22 15:26:00 Image size of job updated: 150
	150  -  MemoryUsage of job (MB)
	154228  -  ResidentSetSize of job (KB)
...
040 (32358581.333.000) 2023-06-22 15:26:00 Started transferring output files
...
040 (32358581.333.000) 2023-06-22 15:26:00 Finished transferring output files
...
005 (32358581.333.000) 2023-06-22 15:26:01 Job terminated.
	(1) Normal termination (return value 0)
		Usr 0 00:03:31, Sys 0 00:00:15  -  Run Remote Usage
		Usr 0 00:00:00, Sys 0 00:00:00  -  Run Local Usage
		Usr 0 00:03:31, Sys 0 00:00:15  -  Total Remote Usage
		Usr 0 00:00:00, Sys 0 00:00:00  -  Total Local Usage
	130622  -  Run Bytes Sent By Job
	224267  -  Run Bytes Received By Job
	130622  -  Total Bytes Sent By Job
	224267  -  Total Bytes Received By Job
	Partitionable Resources :    Usage  Request Allocated 
	   Cpus                 :        0        1         1 
	   Disk (KB)            :      894      225   1641560 
	   Memory (MB)          :      150     2048      2048 

	Job terminated of its own accord at 2023-06-22T20:26:00Z with exit-code 0.
...
