000 (32358581.169.000) 2023-06-22 15:12:16 Job submitted from host: <131.225.204.62:9618?addrs=131.225.204.62-9618+[2620-6a-0-8420-f0-0-204-62]-9618&alias=lpcschedd5.fnal.gov&noUDP&sock=schedd_2770_916d>
...
040 (32358581.169.000) 2023-06-22 15:20:34 Entered queue to transfer input files
	Transferring to host: <131.225.188.241:9618?addrs=[2620-6a-0-8421-f0-0-188-241]-9618+131.225.188.241-9618&alias=cmswn2073.fnal.gov&noUDP&sock=slot1_17_2021_ba2b_39289>
...
040 (32358581.169.000) 2023-06-22 15:20:45 Started transferring input files
	Seconds spent in queue: 11
...
040 (32358581.169.000) 2023-06-22 15:20:45 Finished transferring input files
...
001 (32358581.169.000) 2023-06-22 15:20:45 Job executing on host: <131.225.188.241:9618?addrs=[2620-6a-0-8421-f0-0-188-241]-9618+131.225.188.241-9618&alias=cmswn2073.fnal.gov&noUDP&sock=startd_1930_65df>
...
006 (32358581.169.000) 2023-06-22 15:21:54 Image size of job updated: 142
	142  -  MemoryUsage of job (MB)
	145868  -  ResidentSetSize of job (KB)
...
006 (32358581.169.000) 2023-06-22 15:22:56 Image size of job updated: 143
	143  -  MemoryUsage of job (MB)
	147164  -  ResidentSetSize of job (KB)
...
006 (32358581.169.000) 2023-06-22 15:23:56 Image size of job updated: 143
	143  -  MemoryUsage of job (MB)
	147268  -  ResidentSetSize of job (KB)
...
006 (32358581.169.000) 2023-06-22 15:24:56 Image size of job updated: 143
	143  -  MemoryUsage of job (MB)
	147332  -  ResidentSetSize of job (KB)
...
006 (32358581.169.000) 2023-06-22 15:27:16 Image size of job updated: 144
	144  -  MemoryUsage of job (MB)
	147636  -  ResidentSetSize of job (KB)
...
040 (32358581.169.000) 2023-06-22 15:27:17 Started transferring output files
	Seconds spent in queue: 403
...
040 (32358581.169.000) 2023-06-22 15:27:17 Finished transferring output files
...
005 (32358581.169.000) 2023-06-22 15:27:18 Job terminated.
	(1) Normal termination (return value 0)
		Usr 0 00:02:17, Sys 0 00:00:08  -  Run Remote Usage
		Usr 0 00:00:00, Sys 0 00:00:00  -  Run Local Usage
		Usr 0 00:02:17, Sys 0 00:00:08  -  Total Remote Usage
		Usr 0 00:00:00, Sys 0 00:00:00  -  Total Local Usage
	133692  -  Run Bytes Sent By Job
	224267  -  Run Bytes Received By Job
	133692  -  Total Bytes Sent By Job
	224267  -  Total Bytes Received By Job
	Partitionable Resources :    Usage  Request Allocated 
	   Cpus                 :     0.01        1         1 
	   Disk (KB)            :   896         225   1631690 
	   Memory (MB)          :   144        2048      2048 

	Job terminated of its own accord at 2023-06-22T20:27:16Z with exit-code 0.
...
