000 (32358581.070.000) 2023-06-22 15:12:16 Job submitted from host: <131.225.204.62:9618?addrs=131.225.204.62-9618+[2620-6a-0-8420-f0-0-204-62]-9618&alias=lpcschedd5.fnal.gov&noUDP&sock=schedd_2770_916d>
...
040 (32358581.070.000) 2023-06-22 15:19:51 Started transferring input files
	Transferring to host: <131.225.189.19:9618?addrs=[2620-6a-0-8421-f0-0-189-19]-9618+131.225.189.19-9618&alias=cmswn2082.fnal.gov&noUDP&sock=slot1_9_2103_80ef_37920>
...
040 (32358581.070.000) 2023-06-22 15:19:51 Finished transferring input files
...
001 (32358581.070.000) 2023-06-22 15:19:51 Job executing on host: <131.225.189.19:9618?addrs=[2620-6a-0-8421-f0-0-189-19]-9618+131.225.189.19-9618&alias=cmswn2082.fnal.gov&noUDP&sock=startd_2013_543c>
...
006 (32358581.070.000) 2023-06-22 15:20:00 Image size of job updated: 10
	10  -  MemoryUsage of job (MB)
	10928  -  ResidentSetSize of job (KB)
...
006 (32358581.070.000) 2023-06-22 15:21:00 Image size of job updated: 138
	138  -  MemoryUsage of job (MB)
	141704  -  ResidentSetSize of job (KB)
...
006 (32358581.070.000) 2023-06-22 15:22:00 Image size of job updated: 141
	141  -  MemoryUsage of job (MB)
	144400  -  ResidentSetSize of job (KB)
...
006 (32358581.070.000) 2023-06-22 15:23:01 Image size of job updated: 141
	141  -  MemoryUsage of job (MB)
	144568  -  ResidentSetSize of job (KB)
...
006 (32358581.070.000) 2023-06-22 15:24:02 Image size of job updated: 141
	141  -  MemoryUsage of job (MB)
	144672  -  ResidentSetSize of job (KB)
...
006 (32358581.070.000) 2023-06-22 15:25:07 Image size of job updated: 141
	141  -  MemoryUsage of job (MB)
	144732  -  ResidentSetSize of job (KB)
...
006 (32358581.070.000) 2023-06-22 15:27:09 Image size of job updated: 141
	141  -  MemoryUsage of job (MB)
	144816  -  ResidentSetSize of job (KB)
...
006 (32358581.070.000) 2023-06-22 15:29:11 Image size of job updated: 141
	141  -  MemoryUsage of job (MB)
	144820  -  ResidentSetSize of job (KB)
...
040 (32358581.070.000) 2023-06-22 15:31:33 Started transferring output files
...
040 (32358581.070.000) 2023-06-22 15:31:33 Finished transferring output files
...
005 (32358581.070.000) 2023-06-22 15:31:35 Job terminated.
	(1) Normal termination (return value 0)
		Usr 0 00:01:40, Sys 0 00:00:05  -  Run Remote Usage
		Usr 0 00:00:00, Sys 0 00:00:00  -  Run Local Usage
		Usr 0 00:01:40, Sys 0 00:00:05  -  Total Remote Usage
		Usr 0 00:00:00, Sys 0 00:00:00  -  Total Local Usage
	132568  -  Run Bytes Sent By Job
	224266  -  Run Bytes Received By Job
	132568  -  Total Bytes Sent By Job
	224266  -  Total Bytes Received By Job
	Partitionable Resources :    Usage  Request Allocated 
	   Cpus                 :     0.00        1         1 
	   Disk (KB)            :   899         225   1651055 
	   Memory (MB)          :   141        2048      2048 

	Job terminated of its own accord at 2023-06-22T20:31:33Z with exit-code 0.
...
