000 (32358581.285.000) 2023-06-22 15:12:16 Job submitted from host: <131.225.204.62:9618?addrs=131.225.204.62-9618+[2620-6a-0-8420-f0-0-204-62]-9618&alias=lpcschedd5.fnal.gov&noUDP&sock=schedd_2770_916d>
...
040 (32358581.285.000) 2023-06-22 15:21:25 Entered queue to transfer input files
	Transferring to host: <131.225.188.54:9618?addrs=[2620-6a-0-8421-f0-0-188-54]-9618+131.225.188.54-9618&alias=cmswn2034.fnal.gov&noUDP&sock=slot1_24_2117_5e2f_58825>
...
040 (32358581.285.000) 2023-06-22 15:21:30 Started transferring input files
	Seconds spent in queue: 5
...
040 (32358581.285.000) 2023-06-22 15:21:30 Finished transferring input files
...
001 (32358581.285.000) 2023-06-22 15:21:30 Job executing on host: <131.225.188.54:9618?addrs=[2620-6a-0-8421-f0-0-188-54]-9618+131.225.188.54-9618&alias=cmswn2034.fnal.gov&noUDP&sock=startd_2017_129d>
...
006 (32358581.285.000) 2023-06-22 15:23:45 Image size of job updated: 159
	159  -  MemoryUsage of job (MB)
	163780  -  ResidentSetSize of job (KB)
...
006 (32358581.285.000) 2023-06-22 15:24:48 Image size of job updated: 159
	159  -  MemoryUsage of job (MB)
	163792  -  ResidentSetSize of job (KB)
...
006 (32358581.285.000) 2023-06-22 15:26:48 Image size of job updated: 159
	159  -  MemoryUsage of job (MB)
	163796  -  ResidentSetSize of job (KB)
...
006 (32358581.285.000) 2023-06-22 15:27:36 Image size of job updated: 159
	159  -  MemoryUsage of job (MB)
	163812  -  ResidentSetSize of job (KB)
...
040 (32358581.285.000) 2023-06-22 15:27:36 Started transferring output files
	Seconds spent in queue: 371
...
040 (32358581.285.000) 2023-06-22 15:27:36 Finished transferring output files
...
005 (32358581.285.000) 2023-06-22 15:27:44 Job terminated.
	(1) Normal termination (return value 0)
		Usr 0 00:03:13, Sys 0 00:00:09  -  Run Remote Usage
		Usr 0 00:00:00, Sys 0 00:00:00  -  Run Local Usage
		Usr 0 00:03:13, Sys 0 00:00:09  -  Total Remote Usage
		Usr 0 00:00:00, Sys 0 00:00:00  -  Total Local Usage
	146426  -  Run Bytes Sent By Job
	224267  -  Run Bytes Received By Job
	146426  -  Total Bytes Sent By Job
	224267  -  Total Bytes Received By Job
	Partitionable Resources :    Usage  Request Allocated 
	   Cpus                 :        0        1         1 
	   Disk (KB)            :      912      225   1637987 
	   Memory (MB)          :      159     2048      2048 

	Job terminated of its own accord at 2023-06-22T20:27:36Z with exit-code 0.
...
