[FERMIHTC-APPTAINER]: INFO -- No Apptainer image specified
[FERMIHTC-APPTAINER]: INFO -- Running job on the host machine

[FERMIHTC-APPTAINER]: INFO -- Running ./condor_exec.exe
Starting job on  Mon Jun 5 16:00:45 UTC 2023
Running on: Linux shardulr-32231638-36-cmswn2042.fnal.gov 3.10.0-1160.90.1.el7.x86_64 #1 SMP Thu Apr 27 13:14:20 CDT 2023 x86_64 x86_64 x86_64 GNU/Linux
System software: Scientific Linux release 7.9 (Nitrogen)
Running ls -alrth:
total 148K
-rw-r--r--  1 shardulr fnalgrid 5.0K Jun  5 16:00 .job.ad
-rw-r--r--  1 shardulr fnalgrid  12K Jun  5 16:00 .machine.ad
-rwx------  1 shardulr fnalgrid   49 Jun  5 16:00 .chirp.config
-rw-------  1 shardulr fnalgrid  11K Jun  5 16:00 x509up
drwxr-xr-x  2 shardulr fnalgrid 4.0K Jun  5 16:00 samples
drwxr-xr-x  2 shardulr fnalgrid 4.0K Jun  5 16:00 framework
-rw-r--r--  1 shardulr fnalgrid  56K Jun  5 16:00 singleStopAnalyzer.py
-rwxr-xr-x  1 shardulr fnalgrid  681 Jun  5 16:00 condor_exec.exe
-rw-r--r--  1 shardulr fnalgrid  935 Jun  5 16:00 bJetMatcher.py
-rw-r--r--  1 shardulr fnalgrid    0 Jun  5 16:00 docker_stderror
drwxrwxrwt  2 shardulr fnalgrid 4.0K Jun  5 16:00 tmp
drwxrwxrwt  3 shardulr fnalgrid 4.0K Jun  5 16:00 var
-rw-r--r--  1 shardulr fnalgrid  12K Jun  5 16:00 .update.ad
drwxr-xr-x  3 root     root     4.0K Jun  5 16:00 ..
srwxr-xr-x  1 shardulr fnalgrid    0 Jun  5 16:00 .docker_sock
-rw-r--r--  1 shardulr fnalgrid  113 Jun  5 16:00 _condor_stderr
drwx------  7 shardulr fnalgrid 4.0K Jun  5 16:00 .
drwxr-xr-x 17 shardulr fnalgrid 4.0K Jun  5 16:00 CMSSW_10_6_19_patch2
-rw-r--r--  1 shardulr fnalgrid  452 Jun  5 16:00 _condor_stdout
/storage/local/data1/condor/execute/dir_50532/CMSSW_10_6_19_patch2 is the CMSSW we created on the local worker node
Running over file index 37 for sample TT2018
Pre-select 22860 entries out of 1320000 (1.73%)
Processed    10000/   22860 entries, 43.74% (elapsed time    72.8s, curr speed    0.137 kHz, avg speed    0.137 kHz), accepted      418/   10001 events ( 4.18%)
Processed    20000/   22860 entries, 87.49% (elapsed time   194.1s, curr speed    0.082 kHz, avg speed    0.103 kHz), accepted      846/   20001 events ( 4.23%)
Processed 22860 preselected entries from root://cmsxrootd.fnal.gov//store/mc/RunIISummer20UL18NanoAODv9/TTToHadronic_TuneCP5_13TeV-powheg-pythia8/NANOAODSIM/106X_upgrade2018_realistic_v16_L1v1-v1/270000/5622D198-C3B3-4645-83C1-69F1529BF51A.root (1320000 entries). Finally selected 962 entries
Total time 244.6 sec. to process 1320000 events. Rate = 5397.0 Hz.
Running pwd:
/storage/local/data1/condor/execute/dir_50532
Running ls -alrth:
total 156K
-rw-r--r--  1 shardulr fnalgrid 5.0K Jun  5 16:00 .job.ad
-rw-r--r--  1 shardulr fnalgrid  12K Jun  5 16:00 .machine.ad
-rwx------  1 shardulr fnalgrid   49 Jun  5 16:00 .chirp.config
-rw-------  1 shardulr fnalgrid  11K Jun  5 16:00 x509up
drwxr-xr-x  2 shardulr fnalgrid 4.0K Jun  5 16:00 samples
-rw-r--r--  1 shardulr fnalgrid  56K Jun  5 16:00 singleStopAnalyzer.py
-rwxr-xr-x  1 shardulr fnalgrid  681 Jun  5 16:00 condor_exec.exe
-rw-r--r--  1 shardulr fnalgrid  935 Jun  5 16:00 bJetMatcher.py
-rw-r--r--  1 shardulr fnalgrid    0 Jun  5 16:00 docker_stderror
drwxrwxrwt  2 shardulr fnalgrid 4.0K Jun  5 16:00 tmp
drwxrwxrwt  3 shardulr fnalgrid 4.0K Jun  5 16:00 var
drwxr-xr-x  3 root     root     4.0K Jun  5 16:00 ..
srwxr-xr-x  1 shardulr fnalgrid    0 Jun  5 16:00 .docker_sock
drwxr-xr-x 17 shardulr fnalgrid 4.0K Jun  5 16:00 CMSSW_10_6_19_patch2
drwxr-xr-x  2 shardulr fnalgrid 4.0K Jun  5 16:00 framework
-rw-r--r--  1 shardulr fnalgrid 1.7K Jun  5 16:00 bJetMatcher.pyc
drwxr-xr-x  3 shardulr fnalgrid 4.0K Jun  5 16:00 output
-rw-r--r--  1 shardulr fnalgrid  215 Jun  5 16:00 _condor_stderr
-rw-r--r--  1 shardulr fnalgrid  12K Jun  5 16:04 .update.ad
drwx------  8 shardulr fnalgrid 4.0K Jun  5 16:04 .
-rw-r--r--  1 shardulr fnalgrid 2.6K Jun  5 16:04 _condor_stdout
