[FERMIHTC-APPTAINER]: INFO -- No Apptainer image specified
[FERMIHTC-APPTAINER]: INFO -- Running job on the host machine

[FERMIHTC-APPTAINER]: INFO -- Running ./condor_exec.exe
Starting job on  Mon Jun 5 16:01:00 UTC 2023
Running on: Linux shardulr-32231638-50-cmswn2039.fnal.gov 3.10.0-1160.90.1.el7.x86_64 #1 SMP Thu Apr 27 13:14:20 CDT 2023 x86_64 x86_64 x86_64 GNU/Linux
System software: Scientific Linux release 7.9 (Nitrogen)
Running ls -alrth:
total 148K
-rw-r--r--  1 shardulr fnalgrid 5.0K Jun  5 16:00 .job.ad
-rw-r--r--  1 shardulr fnalgrid  12K Jun  5 16:00 .machine.ad
-rwx------  1 shardulr fnalgrid   49 Jun  5 16:00 .chirp.config
-rw-------  1 shardulr fnalgrid  11K Jun  5 16:00 x509up
drwxr-xr-x  2 shardulr fnalgrid 4.0K Jun  5 16:00 samples
drwxr-xr-x  2 shardulr fnalgrid 4.0K Jun  5 16:00 framework
-rw-r--r--  1 shardulr fnalgrid  56K Jun  5 16:00 singleStopAnalyzer.py
-rwxr-xr-x  1 shardulr fnalgrid  681 Jun  5 16:00 condor_exec.exe
-rw-r--r--  1 shardulr fnalgrid  935 Jun  5 16:00 bJetMatcher.py
-rw-r--r--  1 shardulr fnalgrid    0 Jun  5 16:00 docker_stderror
drwxrwxrwt  3 shardulr fnalgrid 4.0K Jun  5 16:00 var
drwxrwxrwt  2 shardulr fnalgrid 4.0K Jun  5 16:00 tmp
-rw-r--r--  1 shardulr fnalgrid  12K Jun  5 16:00 .update.ad
drwxr-xr-x  3 root     root     4.0K Jun  5 16:00 ..
srwxr-xr-x  1 shardulr fnalgrid    0 Jun  5 16:00 .docker_sock
-rw-r--r--  1 shardulr fnalgrid  113 Jun  5 16:01 _condor_stderr
drwx------  7 shardulr fnalgrid 4.0K Jun  5 16:01 .
drwxr-xr-x 17 shardulr fnalgrid 4.0K Jun  5 16:01 CMSSW_10_6_19_patch2
-rw-r--r--  1 shardulr fnalgrid  452 Jun  5 16:01 _condor_stdout
/storage/local/data1/condor/execute/dir_1158/CMSSW_10_6_19_patch2 is the CMSSW we created on the local worker node
Running over file index 51 for sample TT2018
Pre-select 22700 entries out of 1320000 (1.72%)
Processed    10000/   22700 entries, 44.05% (elapsed time    42.1s, curr speed    0.238 kHz, avg speed    0.238 kHz), accepted      397/   10001 events ( 3.97%)
Processed    20000/   22700 entries, 88.11% (elapsed time    84.5s, curr speed    0.236 kHz, avg speed    0.237 kHz), accepted      796/   20001 events ( 3.98%)
Processed 22700 preselected entries from root://cmsxrootd.fnal.gov//store/mc/RunIISummer20UL18NanoAODv9/TTToHadronic_TuneCP5_13TeV-powheg-pythia8/NANOAODSIM/106X_upgrade2018_realistic_v16_L1v1-v1/270000/CB7BE363-AF0C-294B-B5FD-58B2CBA47510.root (1320000 entries). Finally selected 904 entries
Total time 106.2 sec. to process 1320000 events. Rate = 12431.7 Hz.
Running pwd:
/storage/local/data1/condor/execute/dir_1158
Running ls -alrth:
total 156K
-rw-r--r--  1 shardulr fnalgrid 5.0K Jun  5 16:00 .job.ad
-rw-r--r--  1 shardulr fnalgrid  12K Jun  5 16:00 .machine.ad
-rwx------  1 shardulr fnalgrid   49 Jun  5 16:00 .chirp.config
-rw-------  1 shardulr fnalgrid  11K Jun  5 16:00 x509up
drwxr-xr-x  2 shardulr fnalgrid 4.0K Jun  5 16:00 samples
-rw-r--r--  1 shardulr fnalgrid  56K Jun  5 16:00 singleStopAnalyzer.py
-rwxr-xr-x  1 shardulr fnalgrid  681 Jun  5 16:00 condor_exec.exe
-rw-r--r--  1 shardulr fnalgrid  935 Jun  5 16:00 bJetMatcher.py
-rw-r--r--  1 shardulr fnalgrid    0 Jun  5 16:00 docker_stderror
drwxrwxrwt  3 shardulr fnalgrid 4.0K Jun  5 16:00 var
drwxrwxrwt  2 shardulr fnalgrid 4.0K Jun  5 16:00 tmp
drwxr-xr-x  3 root     root     4.0K Jun  5 16:00 ..
srwxr-xr-x  1 shardulr fnalgrid    0 Jun  5 16:00 .docker_sock
drwxr-xr-x 17 shardulr fnalgrid 4.0K Jun  5 16:01 CMSSW_10_6_19_patch2
drwxr-xr-x  2 shardulr fnalgrid 4.0K Jun  5 16:01 framework
-rw-r--r--  1 shardulr fnalgrid 1.7K Jun  5 16:01 bJetMatcher.pyc
drwxr-xr-x  3 shardulr fnalgrid 4.0K Jun  5 16:01 output
-rw-r--r--  1 shardulr fnalgrid  215 Jun  5 16:01 _condor_stderr
-rw-r--r--  1 shardulr fnalgrid  12K Jun  5 16:02 .update.ad
drwx------  8 shardulr fnalgrid 4.0K Jun  5 16:02 .
-rw-r--r--  1 shardulr fnalgrid 2.6K Jun  5 16:02 _condor_stdout
