[FERMIHTC-APPTAINER]: INFO -- No Apptainer image specified
[FERMIHTC-APPTAINER]: INFO -- Running job on the host machine

[FERMIHTC-APPTAINER]: INFO -- Running ./condor_exec.exe
Starting job on  Mon Jun 5 16:05:43 UTC 2023
Running on: Linux shardulr-32231638-184-cmswn2047.fnal.gov 3.10.0-1160.90.1.el7.x86_64 #1 SMP Thu Apr 27 13:14:20 CDT 2023 x86_64 x86_64 x86_64 GNU/Linux
System software: Scientific Linux release 7.9 (Nitrogen)
Running ls -alrth:
total 148K
-rw-r--r--  1 shardulr fnalgrid 5.0K Jun  5 16:05 .job.ad
-rw-r--r--  1 shardulr fnalgrid  12K Jun  5 16:05 .machine.ad
-rwx------  1 shardulr fnalgrid   49 Jun  5 16:05 .chirp.config
-rw-------  1 shardulr fnalgrid  11K Jun  5 16:05 x509up
drwxr-xr-x  2 shardulr fnalgrid 4.0K Jun  5 16:05 samples
drwxr-xr-x  2 shardulr fnalgrid 4.0K Jun  5 16:05 framework
-rw-r--r--  1 shardulr fnalgrid  56K Jun  5 16:05 singleStopAnalyzer.py
-rw-r--r--  1 shardulr fnalgrid  935 Jun  5 16:05 bJetMatcher.py
-rwxr-xr-x  1 shardulr fnalgrid  682 Jun  5 16:05 condor_exec.exe
-rw-r--r--  1 shardulr fnalgrid    0 Jun  5 16:05 docker_stderror
drwxrwxrwt  3 shardulr fnalgrid 4.0K Jun  5 16:05 var
drwxrwxrwt  2 shardulr fnalgrid 4.0K Jun  5 16:05 tmp
-rw-r--r--  1 shardulr fnalgrid  11K Jun  5 16:05 .update.ad
drwxr-xr-x  3 root     root     4.0K Jun  5 16:05 ..
srwxr-xr-x  1 shardulr fnalgrid    0 Jun  5 16:05 .docker_sock
-rw-r--r--  1 shardulr fnalgrid  113 Jun  5 16:05 _condor_stderr
drwx------  7 shardulr fnalgrid 4.0K Jun  5 16:05 .
drwxr-xr-x 17 shardulr fnalgrid 4.0K Jun  5 16:05 CMSSW_10_6_19_patch2
-rw-r--r--  1 shardulr fnalgrid  453 Jun  5 16:05 _condor_stdout
/storage/local/data1/condor/execute/dir_20302/CMSSW_10_6_19_patch2 is the CMSSW we created on the local worker node
Running over file index 185 for sample TT2018
Pre-select 12534 entries out of 726000 (1.73%)
Processed    10000/   12534 entries, 79.78% (elapsed time   321.2s, curr speed    0.031 kHz, avg speed    0.031 kHz), accepted      402/   10001 events ( 4.02%)
Processed 12534 preselected entries from root://cmsxrootd.fnal.gov//store/mc/RunIISummer20UL18NanoAODv9/TTToHadronic_TuneCP5_13TeV-powheg-pythia8/NANOAODSIM/106X_upgrade2018_realistic_v16_L1v1-v1/270000/E41FD753-74E1-DA43-B0C3-020EBB315153.root (726000 entries). Finally selected 513 entries
Total time 526.9 sec. to process 726000 events. Rate = 1377.9 Hz.
Running pwd:
/storage/local/data1/condor/execute/dir_20302
Running ls -alrth:
total 156K
-rw-r--r--  1 shardulr fnalgrid 5.0K Jun  5 16:05 .job.ad
-rw-r--r--  1 shardulr fnalgrid  12K Jun  5 16:05 .machine.ad
-rwx------  1 shardulr fnalgrid   49 Jun  5 16:05 .chirp.config
-rw-------  1 shardulr fnalgrid  11K Jun  5 16:05 x509up
drwxr-xr-x  2 shardulr fnalgrid 4.0K Jun  5 16:05 samples
-rw-r--r--  1 shardulr fnalgrid  56K Jun  5 16:05 singleStopAnalyzer.py
-rw-r--r--  1 shardulr fnalgrid  935 Jun  5 16:05 bJetMatcher.py
-rwxr-xr-x  1 shardulr fnalgrid  682 Jun  5 16:05 condor_exec.exe
-rw-r--r--  1 shardulr fnalgrid    0 Jun  5 16:05 docker_stderror
drwxrwxrwt  3 shardulr fnalgrid 4.0K Jun  5 16:05 var
drwxrwxrwt  2 shardulr fnalgrid 4.0K Jun  5 16:05 tmp
drwxr-xr-x  3 root     root     4.0K Jun  5 16:05 ..
srwxr-xr-x  1 shardulr fnalgrid    0 Jun  5 16:05 .docker_sock
drwxr-xr-x 17 shardulr fnalgrid 4.0K Jun  5 16:05 CMSSW_10_6_19_patch2
drwxr-xr-x  2 shardulr fnalgrid 4.0K Jun  5 16:05 framework
-rw-r--r--  1 shardulr fnalgrid 1.7K Jun  5 16:05 bJetMatcher.pyc
drwxr-xr-x  3 shardulr fnalgrid 4.0K Jun  5 16:05 output
-rw-r--r--  1 shardulr fnalgrid  164 Jun  5 16:05 _condor_stderr
-rw-r--r--  1 shardulr fnalgrid  11K Jun  5 16:14 .update.ad
drwx------  8 shardulr fnalgrid 4.0K Jun  5 16:14 .
-rw-r--r--  1 shardulr fnalgrid 2.4K Jun  5 16:14 _condor_stdout
