[FERMIHTC-APPTAINER]: INFO -- No Apptainer image specified
[FERMIHTC-APPTAINER]: INFO -- Running job on the host machine

[FERMIHTC-APPTAINER]: INFO -- Running ./condor_exec.exe
Starting job on  Mon Jun 5 15:58:51 UTC 2023
Running on: Linux shardulr-32231638-17-cmswn2102.fnal.gov 3.10.0-1160.90.1.el7.x86_64 #1 SMP Thu Apr 27 13:14:20 CDT 2023 x86_64 x86_64 x86_64 GNU/Linux
System software: Scientific Linux release 7.9 (Nitrogen)
Running ls -alrth:
total 148K
-rw-r--r--  1 shardulr fnalgrid 5.0K Jun  5 15:58 .job.ad
-rw-r--r--  1 shardulr fnalgrid  11K Jun  5 15:58 .machine.ad
-rwx------  1 shardulr fnalgrid   49 Jun  5 15:58 .chirp.config
-rw-------  1 shardulr fnalgrid  11K Jun  5 15:58 x509up
drwxr-xr-x  2 shardulr fnalgrid 4.0K Jun  5 15:58 samples
drwxr-xr-x  2 shardulr fnalgrid 4.0K Jun  5 15:58 framework
-rw-r--r--  1 shardulr fnalgrid  56K Jun  5 15:58 singleStopAnalyzer.py
-rwxr-xr-x  1 shardulr fnalgrid  681 Jun  5 15:58 condor_exec.exe
-rw-r--r--  1 shardulr fnalgrid  935 Jun  5 15:58 bJetMatcher.py
-rw-r--r--  1 shardulr fnalgrid    0 Jun  5 15:58 docker_stderror
drwxrwxrwt  3 shardulr fnalgrid 4.0K Jun  5 15:58 var
drwxrwxrwt  2 shardulr fnalgrid 4.0K Jun  5 15:58 tmp
-rw-r--r--  1 shardulr fnalgrid  11K Jun  5 15:58 .update.ad
drwxr-xr-x  3 root     root     4.0K Jun  5 15:58 ..
srwxr-xr-x  1 shardulr fnalgrid    0 Jun  5 15:58 .docker_sock
-rw-r--r--  1 shardulr fnalgrid  113 Jun  5 15:58 _condor_stderr
drwx------  7 shardulr fnalgrid 4.0K Jun  5 15:58 .
drwxr-xr-x 17 shardulr fnalgrid 4.0K Jun  5 15:58 CMSSW_10_6_19_patch2
-rw-r--r--  1 shardulr fnalgrid  452 Jun  5 15:58 _condor_stdout
/storage/local/data1/condor/execute/dir_59359/CMSSW_10_6_19_patch2 is the CMSSW we created on the local worker node
Running over file index 18 for sample TT2018
Pre-select 13685 entries out of 792000 (1.73%)
Processed    10000/   13685 entries, 73.07% (elapsed time    60.0s, curr speed    0.167 kHz, avg speed    0.167 kHz), accepted      418/   10001 events ( 4.18%)
Processed 13685 preselected entries from root://cmsxrootd.fnal.gov//store/mc/RunIISummer20UL18NanoAODv9/TTToHadronic_TuneCP5_13TeV-powheg-pythia8/NANOAODSIM/106X_upgrade2018_realistic_v16_L1v1-v1/280000/3FF50339-D70C-F444-8371-0B6A0E997ECA.root (792000 entries). Finally selected 572 entries
Total time 89.9 sec. to process 792000 events. Rate = 8814.3 Hz.
Running pwd:
/storage/local/data1/condor/execute/dir_59359
Running ls -alrth:
total 156K
-rw-r--r--  1 shardulr fnalgrid 5.0K Jun  5 15:58 .job.ad
-rw-r--r--  1 shardulr fnalgrid  11K Jun  5 15:58 .machine.ad
-rwx------  1 shardulr fnalgrid   49 Jun  5 15:58 .chirp.config
-rw-------  1 shardulr fnalgrid  11K Jun  5 15:58 x509up
drwxr-xr-x  2 shardulr fnalgrid 4.0K Jun  5 15:58 samples
-rw-r--r--  1 shardulr fnalgrid  56K Jun  5 15:58 singleStopAnalyzer.py
-rwxr-xr-x  1 shardulr fnalgrid  681 Jun  5 15:58 condor_exec.exe
-rw-r--r--  1 shardulr fnalgrid  935 Jun  5 15:58 bJetMatcher.py
-rw-r--r--  1 shardulr fnalgrid    0 Jun  5 15:58 docker_stderror
drwxrwxrwt  3 shardulr fnalgrid 4.0K Jun  5 15:58 var
drwxrwxrwt  2 shardulr fnalgrid 4.0K Jun  5 15:58 tmp
drwxr-xr-x  3 root     root     4.0K Jun  5 15:58 ..
srwxr-xr-x  1 shardulr fnalgrid    0 Jun  5 15:58 .docker_sock
drwxr-xr-x 17 shardulr fnalgrid 4.0K Jun  5 15:58 CMSSW_10_6_19_patch2
drwxr-xr-x  2 shardulr fnalgrid 4.0K Jun  5 15:59 framework
-rw-r--r--  1 shardulr fnalgrid 1.7K Jun  5 15:59 bJetMatcher.pyc
drwxr-xr-x  3 shardulr fnalgrid 4.0K Jun  5 15:59 output
-rw-r--r--  1 shardulr fnalgrid  215 Jun  5 15:59 _condor_stderr
-rw-r--r--  1 shardulr fnalgrid  11K Jun  5 15:59 .update.ad
drwx------  8 shardulr fnalgrid 4.0K Jun  5 15:59 .
-rw-r--r--  1 shardulr fnalgrid 2.4K Jun  5 16:00 _condor_stdout
