[FERMIHTC-APPTAINER]: INFO -- No Apptainer image specified
[FERMIHTC-APPTAINER]: INFO -- Running job on the host machine

[FERMIHTC-APPTAINER]: INFO -- Running ./condor_exec.exe
Starting job on  Mon Jun 5 16:04:10 UTC 2023
Running on: Linux shardulr-32231638-135-cmswn2102.fnal.gov 3.10.0-1160.90.1.el7.x86_64 #1 SMP Thu Apr 27 13:14:20 CDT 2023 x86_64 x86_64 x86_64 GNU/Linux
System software: Scientific Linux release 7.9 (Nitrogen)
Running ls -alrth:
total 148K
-rw-r--r--  1 shardulr fnalgrid 5.0K Jun  5 16:04 .job.ad
-rw-r--r--  1 shardulr fnalgrid  11K Jun  5 16:04 .machine.ad
-rwx------  1 shardulr fnalgrid   49 Jun  5 16:04 .chirp.config
-rw-------  1 shardulr fnalgrid  11K Jun  5 16:04 x509up
drwxr-xr-x  2 shardulr fnalgrid 4.0K Jun  5 16:04 samples
drwxr-xr-x  2 shardulr fnalgrid 4.0K Jun  5 16:04 framework
-rw-r--r--  1 shardulr fnalgrid  56K Jun  5 16:04 singleStopAnalyzer.py
-rwxr-xr-x  1 shardulr fnalgrid  682 Jun  5 16:04 condor_exec.exe
-rw-r--r--  1 shardulr fnalgrid  935 Jun  5 16:04 bJetMatcher.py
-rw-r--r--  1 shardulr fnalgrid    0 Jun  5 16:04 docker_stderror
drwxrwxrwt  3 shardulr fnalgrid 4.0K Jun  5 16:04 var
drwxrwxrwt  2 shardulr fnalgrid 4.0K Jun  5 16:04 tmp
-rw-r--r--  1 shardulr fnalgrid  11K Jun  5 16:04 .update.ad
drwxr-xr-x  3 root     root     4.0K Jun  5 16:04 ..
srwxr-xr-x  1 shardulr fnalgrid    0 Jun  5 16:04 .docker_sock
-rw-r--r--  1 shardulr fnalgrid  113 Jun  5 16:04 _condor_stderr
drwx------  7 shardulr fnalgrid 4.0K Jun  5 16:04 .
drwxr-xr-x 17 shardulr fnalgrid 4.0K Jun  5 16:04 CMSSW_10_6_19_patch2
-rw-r--r--  1 shardulr fnalgrid  453 Jun  5 16:04 _condor_stdout
/storage/local/data1/condor/execute/dir_61530/CMSSW_10_6_19_patch2 is the CMSSW we created on the local worker node
Running over file index 136 for sample TT2018
Pre-select 22908 entries out of 1320000 (1.74%)
Processed    10000/   22908 entries, 43.65% (elapsed time    56.0s, curr speed    0.179 kHz, avg speed    0.179 kHz), accepted      464/   10001 events ( 4.64%)
Processed    20000/   22908 entries, 87.31% (elapsed time   122.2s, curr speed    0.151 kHz, avg speed    0.164 kHz), accepted      881/   20001 events ( 4.40%)
Processed 22908 preselected entries from root://cmsxrootd.fnal.gov//store/mc/RunIISummer20UL18NanoAODv9/TTToHadronic_TuneCP5_13TeV-powheg-pythia8/NANOAODSIM/106X_upgrade2018_realistic_v16_L1v1-v1/270000/80BF0CB3-05BE-A14A-A9A6-F54A63190138.root (1320000 entries). Finally selected 986 entries
Total time 166.1 sec. to process 1320000 events. Rate = 7948.9 Hz.
Running pwd:
/storage/local/data1/condor/execute/dir_61530
Running ls -alrth:
total 156K
-rw-r--r--  1 shardulr fnalgrid 5.0K Jun  5 16:04 .job.ad
-rw-r--r--  1 shardulr fnalgrid  11K Jun  5 16:04 .machine.ad
-rwx------  1 shardulr fnalgrid   49 Jun  5 16:04 .chirp.config
-rw-------  1 shardulr fnalgrid  11K Jun  5 16:04 x509up
drwxr-xr-x  2 shardulr fnalgrid 4.0K Jun  5 16:04 samples
-rw-r--r--  1 shardulr fnalgrid  56K Jun  5 16:04 singleStopAnalyzer.py
-rwxr-xr-x  1 shardulr fnalgrid  682 Jun  5 16:04 condor_exec.exe
-rw-r--r--  1 shardulr fnalgrid  935 Jun  5 16:04 bJetMatcher.py
-rw-r--r--  1 shardulr fnalgrid    0 Jun  5 16:04 docker_stderror
drwxrwxrwt  3 shardulr fnalgrid 4.0K Jun  5 16:04 var
drwxrwxrwt  2 shardulr fnalgrid 4.0K Jun  5 16:04 tmp
drwxr-xr-x  3 root     root     4.0K Jun  5 16:04 ..
srwxr-xr-x  1 shardulr fnalgrid    0 Jun  5 16:04 .docker_sock
drwxr-xr-x 17 shardulr fnalgrid 4.0K Jun  5 16:04 CMSSW_10_6_19_patch2
drwxr-xr-x  2 shardulr fnalgrid 4.0K Jun  5 16:04 framework
-rw-r--r--  1 shardulr fnalgrid 1.7K Jun  5 16:04 bJetMatcher.pyc
drwxr-xr-x  3 shardulr fnalgrid 4.0K Jun  5 16:04 output
-rw-r--r--  1 shardulr fnalgrid  215 Jun  5 16:04 _condor_stderr
-rw-r--r--  1 shardulr fnalgrid  11K Jun  5 16:06 .update.ad
drwx------  8 shardulr fnalgrid 4.0K Jun  5 16:06 .
-rw-r--r--  1 shardulr fnalgrid 2.6K Jun  5 16:07 _condor_stdout
