[FERMIHTC-APPTAINER]: INFO -- No Apptainer image specified
[FERMIHTC-APPTAINER]: INFO -- Running job on the host machine

[FERMIHTC-APPTAINER]: INFO -- Running ./condor_exec.exe
Starting job on  Mon Jun 5 16:00:45 UTC 2023
Running on: Linux shardulr-32231638-45-cmswn2080.fnal.gov 3.10.0-1160.90.1.el7.x86_64 #1 SMP Thu Apr 27 13:14:20 CDT 2023 x86_64 x86_64 x86_64 GNU/Linux
System software: Scientific Linux release 7.9 (Nitrogen)
Running ls -alrth:
total 148K
-rw-r--r--  1 shardulr fnalgrid  11K Jun  5 16:00 .machine.ad
-rw-r--r--  1 shardulr fnalgrid 5.0K Jun  5 16:00 .job.ad
-rwx------  1 shardulr fnalgrid   49 Jun  5 16:00 .chirp.config
-rw-------  1 shardulr fnalgrid  11K Jun  5 16:00 x509up
drwxr-xr-x  2 shardulr fnalgrid 4.0K Jun  5 16:00 samples
drwxr-xr-x  2 shardulr fnalgrid 4.0K Jun  5 16:00 framework
-rw-r--r--  1 shardulr fnalgrid  56K Jun  5 16:00 singleStopAnalyzer.py
-rwxr-xr-x  1 shardulr fnalgrid  681 Jun  5 16:00 condor_exec.exe
-rw-r--r--  1 shardulr fnalgrid  935 Jun  5 16:00 bJetMatcher.py
-rw-r--r--  1 shardulr fnalgrid    0 Jun  5 16:00 docker_stderror
drwxrwxrwt  3 shardulr fnalgrid 4.0K Jun  5 16:00 var
drwxrwxrwt  2 shardulr fnalgrid 4.0K Jun  5 16:00 tmp
-rw-r--r--  1 shardulr fnalgrid  11K Jun  5 16:00 .update.ad
drwxr-xr-x  3 root     root     4.0K Jun  5 16:00 ..
srwxr-xr-x  1 shardulr fnalgrid    0 Jun  5 16:00 .docker_sock
-rw-r--r--  1 shardulr fnalgrid  113 Jun  5 16:00 _condor_stderr
drwx------  7 shardulr fnalgrid 4.0K Jun  5 16:00 .
drwxr-xr-x 17 shardulr fnalgrid 4.0K Jun  5 16:00 CMSSW_10_6_19_patch2
-rw-r--r--  1 shardulr fnalgrid  452 Jun  5 16:00 _condor_stdout
/storage/local/data1/condor/execute/dir_46799/CMSSW_10_6_19_patch2 is the CMSSW we created on the local worker node
Running over file index 46 for sample TT2018
Pre-select 23089 entries out of 1320000 (1.75%)
Processed    10000/   23089 entries, 43.31% (elapsed time   160.7s, curr speed    0.062 kHz, avg speed    0.062 kHz), accepted      390/   10001 events ( 3.90%)
Processed    20000/   23089 entries, 86.62% (elapsed time   322.5s, curr speed    0.062 kHz, avg speed    0.062 kHz), accepted      786/   20001 events ( 3.93%)
Processed 23089 preselected entries from root://cmsxrootd.fnal.gov//store/mc/RunIISummer20UL18NanoAODv9/TTToHadronic_TuneCP5_13TeV-powheg-pythia8/NANOAODSIM/106X_upgrade2018_realistic_v16_L1v1-v1/130000/D7C9911B-5DE8-CE46-8714-B23416C46F43.root (1320000 entries). Finally selected 924 entries
Total time 540.3 sec. to process 1320000 events. Rate = 2443.2 Hz.
Running pwd:
/storage/local/data1/condor/execute/dir_46799
Running ls -alrth:
total 156K
-rw-r--r--  1 shardulr fnalgrid  11K Jun  5 16:00 .machine.ad
-rw-r--r--  1 shardulr fnalgrid 5.0K Jun  5 16:00 .job.ad
-rwx------  1 shardulr fnalgrid   49 Jun  5 16:00 .chirp.config
-rw-------  1 shardulr fnalgrid  11K Jun  5 16:00 x509up
drwxr-xr-x  2 shardulr fnalgrid 4.0K Jun  5 16:00 samples
-rw-r--r--  1 shardulr fnalgrid  56K Jun  5 16:00 singleStopAnalyzer.py
-rwxr-xr-x  1 shardulr fnalgrid  681 Jun  5 16:00 condor_exec.exe
-rw-r--r--  1 shardulr fnalgrid  935 Jun  5 16:00 bJetMatcher.py
-rw-r--r--  1 shardulr fnalgrid    0 Jun  5 16:00 docker_stderror
drwxrwxrwt  3 shardulr fnalgrid 4.0K Jun  5 16:00 var
drwxrwxrwt  2 shardulr fnalgrid 4.0K Jun  5 16:00 tmp
drwxr-xr-x  3 root     root     4.0K Jun  5 16:00 ..
srwxr-xr-x  1 shardulr fnalgrid    0 Jun  5 16:00 .docker_sock
-rw-r--r--  1 shardulr fnalgrid  113 Jun  5 16:00 _condor_stderr
drwxr-xr-x 17 shardulr fnalgrid 4.0K Jun  5 16:00 CMSSW_10_6_19_patch2
drwxr-xr-x  2 shardulr fnalgrid 4.0K Jun  5 16:00 framework
-rw-r--r--  1 shardulr fnalgrid 1.7K Jun  5 16:00 bJetMatcher.pyc
drwxr-xr-x  3 shardulr fnalgrid 4.0K Jun  5 16:00 output
-rw-r--r--  1 shardulr fnalgrid  11K Jun  5 16:09 .update.ad
drwx------  8 shardulr fnalgrid 4.0K Jun  5 16:09 .
-rw-r--r--  1 shardulr fnalgrid 2.6K Jun  5 16:09 _condor_stdout
