[FERMIHTC-APPTAINER]: INFO -- No Apptainer image specified
[FERMIHTC-APPTAINER]: INFO -- Running job on the host machine

[FERMIHTC-APPTAINER]: INFO -- Running ./condor_exec.exe
Starting job on  Mon Jun 5 16:06:53 UTC 2023
Running on: Linux shardulr-32231638-218-cmswn2019.fnal.gov 3.10.0-1160.90.1.el7.x86_64 #1 SMP Thu Apr 27 13:14:20 CDT 2023 x86_64 x86_64 x86_64 GNU/Linux
System software: Scientific Linux release 7.9 (Nitrogen)
Running ls -alrth:
total 148K
-rw-r--r--  1 shardulr fnalgrid  11K Jun  5 16:06 .machine.ad
-rw-r--r--  1 shardulr fnalgrid 5.0K Jun  5 16:06 .job.ad
-rwx------  1 shardulr fnalgrid   49 Jun  5 16:06 .chirp.config
-rw-------  1 shardulr fnalgrid  11K Jun  5 16:06 x509up
drwxr-xr-x  2 shardulr fnalgrid 4.0K Jun  5 16:06 samples
-rw-r--r--  1 shardulr fnalgrid  56K Jun  5 16:06 singleStopAnalyzer.py
drwxr-xr-x  2 shardulr fnalgrid 4.0K Jun  5 16:06 framework
-rw-r--r--  1 shardulr fnalgrid  935 Jun  5 16:06 bJetMatcher.py
-rwxr-xr-x  1 shardulr fnalgrid  682 Jun  5 16:06 condor_exec.exe
-rw-r--r--  1 shardulr fnalgrid    0 Jun  5 16:06 docker_stderror
drwxrwxrwt  2 shardulr fnalgrid 4.0K Jun  5 16:06 tmp
drwxrwxrwt  3 shardulr fnalgrid 4.0K Jun  5 16:06 var
-rw-r--r--  1 shardulr fnalgrid  11K Jun  5 16:06 .update.ad
drwxr-xr-x  3 root     root     4.0K Jun  5 16:06 ..
srwxr-xr-x  1 shardulr fnalgrid    0 Jun  5 16:06 .docker_sock
-rw-r--r--  1 shardulr fnalgrid  113 Jun  5 16:06 _condor_stderr
drwx------  7 shardulr fnalgrid 4.0K Jun  5 16:06 .
drwxr-xr-x 17 shardulr fnalgrid 4.0K Jun  5 16:06 CMSSW_10_6_19_patch2
-rw-r--r--  1 shardulr fnalgrid  453 Jun  5 16:06 _condor_stdout
/storage/local/data1/condor/execute/dir_9213/CMSSW_10_6_19_patch2 is the CMSSW we created on the local worker node
Running over file index 219 for sample TT2018
Pre-select 16680 entries out of 964000 (1.73%)
Processed    10000/   16680 entries, 59.95% (elapsed time    53.8s, curr speed    0.186 kHz, avg speed    0.186 kHz), accepted      394/   10001 events ( 3.94%)
Processed 16680 preselected entries from root://cmsxrootd.fnal.gov//store/mc/RunIISummer20UL18NanoAODv9/TTToHadronic_TuneCP5_13TeV-powheg-pythia8/NANOAODSIM/106X_upgrade2018_realistic_v16_L1v1-v1/270000/C0187511-F2A4-C64F-A103-BE3C8684A4D5.root (964000 entries). Finally selected 684 entries
Total time 104.5 sec. to process 964000 events. Rate = 9222.3 Hz.
Running pwd:
/storage/local/data1/condor/execute/dir_9213
Running ls -alrth:
total 156K
-rw-r--r--  1 shardulr fnalgrid  11K Jun  5 16:06 .machine.ad
-rw-r--r--  1 shardulr fnalgrid 5.0K Jun  5 16:06 .job.ad
-rwx------  1 shardulr fnalgrid   49 Jun  5 16:06 .chirp.config
-rw-------  1 shardulr fnalgrid  11K Jun  5 16:06 x509up
drwxr-xr-x  2 shardulr fnalgrid 4.0K Jun  5 16:06 samples
-rw-r--r--  1 shardulr fnalgrid  56K Jun  5 16:06 singleStopAnalyzer.py
-rw-r--r--  1 shardulr fnalgrid  935 Jun  5 16:06 bJetMatcher.py
-rwxr-xr-x  1 shardulr fnalgrid  682 Jun  5 16:06 condor_exec.exe
-rw-r--r--  1 shardulr fnalgrid    0 Jun  5 16:06 docker_stderror
drwxrwxrwt  2 shardulr fnalgrid 4.0K Jun  5 16:06 tmp
drwxrwxrwt  3 shardulr fnalgrid 4.0K Jun  5 16:06 var
drwxr-xr-x  3 root     root     4.0K Jun  5 16:06 ..
srwxr-xr-x  1 shardulr fnalgrid    0 Jun  5 16:06 .docker_sock
drwxr-xr-x 17 shardulr fnalgrid 4.0K Jun  5 16:06 CMSSW_10_6_19_patch2
drwxr-xr-x  2 shardulr fnalgrid 4.0K Jun  5 16:06 framework
-rw-r--r--  1 shardulr fnalgrid 1.7K Jun  5 16:06 bJetMatcher.pyc
drwxr-xr-x  3 shardulr fnalgrid 4.0K Jun  5 16:06 output
-rw-r--r--  1 shardulr fnalgrid  215 Jun  5 16:06 _condor_stderr
-rw-r--r--  1 shardulr fnalgrid  11K Jun  5 16:08 .update.ad
drwx------  8 shardulr fnalgrid 4.0K Jun  5 16:08 .
-rw-r--r--  1 shardulr fnalgrid 2.4K Jun  5 16:08 _condor_stdout
