[FERMIHTC-APPTAINER]: INFO -- No Apptainer image specified
[FERMIHTC-APPTAINER]: INFO -- Running job on the host machine

[FERMIHTC-APPTAINER]: INFO -- Running ./condor_exec.exe
Starting job on  Mon Jun 5 16:08:27 UTC 2023
Running on: Linux shardulr-32231638-271-cmswn2047.fnal.gov 3.10.0-1160.90.1.el7.x86_64 #1 SMP Thu Apr 27 13:14:20 CDT 2023 x86_64 x86_64 x86_64 GNU/Linux
System software: Scientific Linux release 7.9 (Nitrogen)
Running ls -alrth:
total 148K
-rw-r--r--  1 shardulr fnalgrid 5.0K Jun  5 16:08 .job.ad
-rw-r--r--  1 shardulr fnalgrid  12K Jun  5 16:08 .machine.ad
-rwx------  1 shardulr fnalgrid   49 Jun  5 16:08 .chirp.config
-rw-------  1 shardulr fnalgrid  11K Jun  5 16:08 x509up
drwxr-xr-x  2 shardulr fnalgrid 4.0K Jun  5 16:08 samples
drwxr-xr-x  2 shardulr fnalgrid 4.0K Jun  5 16:08 framework
-rw-r--r--  1 shardulr fnalgrid  56K Jun  5 16:08 singleStopAnalyzer.py
-rwxr-xr-x  1 shardulr fnalgrid  682 Jun  5 16:08 condor_exec.exe
-rw-r--r--  1 shardulr fnalgrid  935 Jun  5 16:08 bJetMatcher.py
-rw-r--r--  1 shardulr fnalgrid    0 Jun  5 16:08 docker_stderror
drwxrwxrwt  3 shardulr fnalgrid 4.0K Jun  5 16:08 var
drwxrwxrwt  2 shardulr fnalgrid 4.0K Jun  5 16:08 tmp
-rw-r--r--  1 shardulr fnalgrid  11K Jun  5 16:08 .update.ad
drwxr-xr-x  3 root     root     4.0K Jun  5 16:08 ..
srwxr-xr-x  1 shardulr fnalgrid    0 Jun  5 16:08 .docker_sock
-rw-r--r--  1 shardulr fnalgrid  113 Jun  5 16:08 _condor_stderr
drwx------  7 shardulr fnalgrid 4.0K Jun  5 16:08 .
drwxr-xr-x 17 shardulr fnalgrid 4.0K Jun  5 16:08 CMSSW_10_6_19_patch2
-rw-r--r--  1 shardulr fnalgrid  453 Jun  5 16:08 _condor_stdout
/storage/local/data1/condor/execute/dir_23098/CMSSW_10_6_19_patch2 is the CMSSW we created on the local worker node
Running over file index 272 for sample TT2018
Pre-select 22752 entries out of 1320000 (1.72%)
Processed    10000/   22752 entries, 43.95% (elapsed time   131.0s, curr speed    0.076 kHz, avg speed    0.076 kHz), accepted      432/   10001 events ( 4.32%)
Processed    20000/   22752 entries, 87.90% (elapsed time   271.9s, curr speed    0.071 kHz, avg speed    0.074 kHz), accepted      873/   20001 events ( 4.36%)
Processed 22752 preselected entries from root://cmsxrootd.fnal.gov//store/mc/RunIISummer20UL18NanoAODv9/TTToHadronic_TuneCP5_13TeV-powheg-pythia8/NANOAODSIM/106X_upgrade2018_realistic_v16_L1v1-v1/270000/E6988611-0F7A-7149-BCA9-10FA600037D2.root (1320000 entries). Finally selected 983 entries
Total time 386.0 sec. to process 1320000 events. Rate = 3419.7 Hz.
Running pwd:
/storage/local/data1/condor/execute/dir_23098
Running ls -alrth:
total 156K
-rw-r--r--  1 shardulr fnalgrid 5.0K Jun  5 16:08 .job.ad
-rw-r--r--  1 shardulr fnalgrid  12K Jun  5 16:08 .machine.ad
-rwx------  1 shardulr fnalgrid   49 Jun  5 16:08 .chirp.config
-rw-------  1 shardulr fnalgrid  11K Jun  5 16:08 x509up
drwxr-xr-x  2 shardulr fnalgrid 4.0K Jun  5 16:08 samples
-rw-r--r--  1 shardulr fnalgrid  56K Jun  5 16:08 singleStopAnalyzer.py
-rwxr-xr-x  1 shardulr fnalgrid  682 Jun  5 16:08 condor_exec.exe
-rw-r--r--  1 shardulr fnalgrid  935 Jun  5 16:08 bJetMatcher.py
-rw-r--r--  1 shardulr fnalgrid    0 Jun  5 16:08 docker_stderror
drwxrwxrwt  3 shardulr fnalgrid 4.0K Jun  5 16:08 var
drwxrwxrwt  2 shardulr fnalgrid 4.0K Jun  5 16:08 tmp
drwxr-xr-x  3 root     root     4.0K Jun  5 16:08 ..
srwxr-xr-x  1 shardulr fnalgrid    0 Jun  5 16:08 .docker_sock
-rw-r--r--  1 shardulr fnalgrid  113 Jun  5 16:08 _condor_stderr
drwxr-xr-x 17 shardulr fnalgrid 4.0K Jun  5 16:08 CMSSW_10_6_19_patch2
drwxr-xr-x  2 shardulr fnalgrid 4.0K Jun  5 16:08 framework
-rw-r--r--  1 shardulr fnalgrid 1.7K Jun  5 16:08 bJetMatcher.pyc
drwxr-xr-x  3 shardulr fnalgrid 4.0K Jun  5 16:08 output
-rw-r--r--  1 shardulr fnalgrid  11K Jun  5 16:14 .update.ad
drwx------  8 shardulr fnalgrid 4.0K Jun  5 16:14 .
-rw-r--r--  1 shardulr fnalgrid 2.6K Jun  5 16:14 _condor_stdout
