[FERMIHTC-APPTAINER]: INFO -- No Apptainer image specified
[FERMIHTC-APPTAINER]: INFO -- Running job on the host machine

[FERMIHTC-APPTAINER]: INFO -- Running ./condor_exec.exe
Starting job on  Mon Jun 5 15:59:01 UTC 2023
Running on: Linux shardulr-32231638-18-cmswn2039.fnal.gov 3.10.0-1160.90.1.el7.x86_64 #1 SMP Thu Apr 27 13:14:20 CDT 2023 x86_64 x86_64 x86_64 GNU/Linux
System software: Scientific Linux release 7.9 (Nitrogen)
Running ls -alrth:
total 148K
-rw-r--r--  1 shardulr fnalgrid 5.0K Jun  5 15:58 .job.ad
-rw-r--r--  1 shardulr fnalgrid  12K Jun  5 15:58 .machine.ad
-rwx------  1 shardulr fnalgrid   49 Jun  5 15:58 .chirp.config
-rw-------  1 shardulr fnalgrid  11K Jun  5 15:58 x509up
drwxr-xr-x  2 shardulr fnalgrid 4.0K Jun  5 15:58 samples
-rw-r--r--  1 shardulr fnalgrid  56K Jun  5 15:58 singleStopAnalyzer.py
drwxr-xr-x  2 shardulr fnalgrid 4.0K Jun  5 15:58 framework
-rwxr-xr-x  1 shardulr fnalgrid  681 Jun  5 15:58 condor_exec.exe
-rw-r--r--  1 shardulr fnalgrid  935 Jun  5 15:58 bJetMatcher.py
-rw-r--r--  1 shardulr fnalgrid    0 Jun  5 15:58 docker_stderror
drwxrwxrwt  2 shardulr fnalgrid 4.0K Jun  5 15:58 tmp
drwxrwxrwt  3 shardulr fnalgrid 4.0K Jun  5 15:58 var
-rw-r--r--  1 shardulr fnalgrid  12K Jun  5 15:58 .update.ad
drwxr-xr-x  3 root     root     4.0K Jun  5 15:58 ..
srwxr-xr-x  1 shardulr fnalgrid    0 Jun  5 15:59 .docker_sock
-rw-r--r--  1 shardulr fnalgrid  113 Jun  5 15:59 _condor_stderr
drwx------  7 shardulr fnalgrid 4.0K Jun  5 15:59 .
drwxr-xr-x 17 shardulr fnalgrid 4.0K Jun  5 15:59 CMSSW_10_6_19_patch2
-rw-r--r--  1 shardulr fnalgrid  452 Jun  5 15:59 _condor_stdout
/storage/local/data1/condor/execute/dir_65415/CMSSW_10_6_19_patch2 is the CMSSW we created on the local worker node
Running over file index 19 for sample TT2018
Pre-select 22875 entries out of 1320000 (1.73%)
Processed    10000/   22875 entries, 43.72% (elapsed time    42.2s, curr speed    0.237 kHz, avg speed    0.237 kHz), accepted      422/   10001 events ( 4.22%)
Processed    20000/   22875 entries, 87.43% (elapsed time    83.3s, curr speed    0.244 kHz, avg speed    0.240 kHz), accepted      820/   20001 events ( 4.10%)
Processed 22875 preselected entries from root://cmsxrootd.fnal.gov//store/mc/RunIISummer20UL18NanoAODv9/TTToHadronic_TuneCP5_13TeV-powheg-pythia8/NANOAODSIM/106X_upgrade2018_realistic_v16_L1v1-v1/280000/59BD26FE-E755-5F44-82ED-EA9631969365.root (1320000 entries). Finally selected 946 entries
Total time 103.6 sec. to process 1320000 events. Rate = 12746.4 Hz.
Running pwd:
/storage/local/data1/condor/execute/dir_65415
Running ls -alrth:
total 156K
-rw-r--r--  1 shardulr fnalgrid 5.0K Jun  5 15:58 .job.ad
-rw-r--r--  1 shardulr fnalgrid  12K Jun  5 15:58 .machine.ad
-rwx------  1 shardulr fnalgrid   49 Jun  5 15:58 .chirp.config
-rw-------  1 shardulr fnalgrid  11K Jun  5 15:58 x509up
drwxr-xr-x  2 shardulr fnalgrid 4.0K Jun  5 15:58 samples
-rw-r--r--  1 shardulr fnalgrid  56K Jun  5 15:58 singleStopAnalyzer.py
-rwxr-xr-x  1 shardulr fnalgrid  681 Jun  5 15:58 condor_exec.exe
-rw-r--r--  1 shardulr fnalgrid  935 Jun  5 15:58 bJetMatcher.py
-rw-r--r--  1 shardulr fnalgrid    0 Jun  5 15:58 docker_stderror
drwxrwxrwt  2 shardulr fnalgrid 4.0K Jun  5 15:58 tmp
drwxrwxrwt  3 shardulr fnalgrid 4.0K Jun  5 15:58 var
drwxr-xr-x  3 root     root     4.0K Jun  5 15:58 ..
srwxr-xr-x  1 shardulr fnalgrid    0 Jun  5 15:59 .docker_sock
drwxr-xr-x 17 shardulr fnalgrid 4.0K Jun  5 15:59 CMSSW_10_6_19_patch2
drwxr-xr-x  2 shardulr fnalgrid 4.0K Jun  5 15:59 framework
-rw-r--r--  1 shardulr fnalgrid 1.7K Jun  5 15:59 bJetMatcher.pyc
drwxr-xr-x  3 shardulr fnalgrid 4.0K Jun  5 15:59 output
-rw-r--r--  1 shardulr fnalgrid  215 Jun  5 15:59 _condor_stderr
-rw-r--r--  1 shardulr fnalgrid  12K Jun  5 15:59 .update.ad
drwx------  8 shardulr fnalgrid 4.0K Jun  5 15:59 .
-rw-r--r--  1 shardulr fnalgrid 2.6K Jun  5 16:00 _condor_stdout
