[FERMIHTC-APPTAINER]: INFO -- No Apptainer image specified
[FERMIHTC-APPTAINER]: INFO -- Running job on the host machine

[FERMIHTC-APPTAINER]: INFO -- Running ./condor_exec.exe
Starting job on  Mon Jun 5 15:59:13 UTC 2023
Running on: Linux shardulr-32231638-19-cmswn2082.fnal.gov 3.10.0-1160.90.1.el7.x86_64 #1 SMP Thu Apr 27 13:14:20 CDT 2023 x86_64 x86_64 x86_64 GNU/Linux
System software: Scientific Linux release 7.9 (Nitrogen)
Running ls -alrth:
total 148K
-rw-r--r--  1 shardulr fnalgrid 5.1K Jun  5 15:59 .job.ad
-rw-r--r--  1 shardulr fnalgrid  11K Jun  5 15:59 .machine.ad
-rwx------  1 shardulr fnalgrid   49 Jun  5 15:59 .chirp.config
-rw-------  1 shardulr fnalgrid  11K Jun  5 15:59 x509up
drwxr-xr-x  2 shardulr fnalgrid 4.0K Jun  5 15:59 samples
-rw-r--r--  1 shardulr fnalgrid  56K Jun  5 15:59 singleStopAnalyzer.py
drwxr-xr-x  2 shardulr fnalgrid 4.0K Jun  5 15:59 framework
-rw-r--r--  1 shardulr fnalgrid  935 Jun  5 15:59 bJetMatcher.py
-rwxr-xr-x  1 shardulr fnalgrid  681 Jun  5 15:59 condor_exec.exe
-rw-r--r--  1 shardulr fnalgrid    0 Jun  5 15:59 docker_stderror
drwxrwxrwt  3 shardulr fnalgrid 4.0K Jun  5 15:59 var
drwxrwxrwt  2 shardulr fnalgrid 4.0K Jun  5 15:59 tmp
-rw-r--r--  1 shardulr fnalgrid  11K Jun  5 15:59 .update.ad
drwxr-xr-x  3 root     root     4.0K Jun  5 15:59 ..
srwxr-xr-x  1 shardulr fnalgrid    0 Jun  5 15:59 .docker_sock
-rw-r--r--  1 shardulr fnalgrid  113 Jun  5 15:59 _condor_stderr
drwx------  7 shardulr fnalgrid 4.0K Jun  5 15:59 .
drwxr-xr-x 17 shardulr fnalgrid 4.0K Jun  5 15:59 CMSSW_10_6_19_patch2
-rw-r--r--  1 shardulr fnalgrid  452 Jun  5 15:59 _condor_stdout
/storage/local/data1/condor/execute/dir_13436/CMSSW_10_6_19_patch2 is the CMSSW we created on the local worker node
Running over file index 20 for sample TT2018
Pre-select 22785 entries out of 1320000 (1.73%)
Processed    10000/   22785 entries, 43.89% (elapsed time    48.8s, curr speed    0.205 kHz, avg speed    0.205 kHz), accepted      413/   10001 events ( 4.13%)
Processed    20000/   22785 entries, 87.78% (elapsed time    96.3s, curr speed    0.210 kHz, avg speed    0.208 kHz), accepted      791/   20001 events ( 3.95%)
Processed 22785 preselected entries from root://cmsxrootd.fnal.gov//store/mc/RunIISummer20UL18NanoAODv9/TTToHadronic_TuneCP5_13TeV-powheg-pythia8/NANOAODSIM/106X_upgrade2018_realistic_v16_L1v1-v1/280000/E148714D-08F7-3843-BFA2-827990CDFBA6.root (1320000 entries). Finally selected 908 entries
Total time 125.1 sec. to process 1320000 events. Rate = 10555.0 Hz.
Running pwd:
/storage/local/data1/condor/execute/dir_13436
Running ls -alrth:
total 156K
-rw-r--r--  1 shardulr fnalgrid 5.1K Jun  5 15:59 .job.ad
-rw-r--r--  1 shardulr fnalgrid  11K Jun  5 15:59 .machine.ad
-rwx------  1 shardulr fnalgrid   49 Jun  5 15:59 .chirp.config
-rw-------  1 shardulr fnalgrid  11K Jun  5 15:59 x509up
drwxr-xr-x  2 shardulr fnalgrid 4.0K Jun  5 15:59 samples
-rw-r--r--  1 shardulr fnalgrid  56K Jun  5 15:59 singleStopAnalyzer.py
-rw-r--r--  1 shardulr fnalgrid  935 Jun  5 15:59 bJetMatcher.py
-rwxr-xr-x  1 shardulr fnalgrid  681 Jun  5 15:59 condor_exec.exe
-rw-r--r--  1 shardulr fnalgrid    0 Jun  5 15:59 docker_stderror
drwxrwxrwt  3 shardulr fnalgrid 4.0K Jun  5 15:59 var
drwxrwxrwt  2 shardulr fnalgrid 4.0K Jun  5 15:59 tmp
-rw-r--r--  1 shardulr fnalgrid  11K Jun  5 15:59 .update.ad
drwxr-xr-x  3 root     root     4.0K Jun  5 15:59 ..
srwxr-xr-x  1 shardulr fnalgrid    0 Jun  5 15:59 .docker_sock
drwxr-xr-x 17 shardulr fnalgrid 4.0K Jun  5 15:59 CMSSW_10_6_19_patch2
drwxr-xr-x  2 shardulr fnalgrid 4.0K Jun  5 15:59 framework
-rw-r--r--  1 shardulr fnalgrid 1.7K Jun  5 15:59 bJetMatcher.pyc
drwxr-xr-x  3 shardulr fnalgrid 4.0K Jun  5 15:59 output
drwx------  8 shardulr fnalgrid 4.0K Jun  5 15:59 .
-rw-r--r--  1 shardulr fnalgrid  215 Jun  5 15:59 _condor_stderr
-rw-r--r--  1 shardulr fnalgrid 2.6K Jun  5 16:01 _condor_stdout
