[FERMIHTC-APPTAINER]: INFO -- No Apptainer image specified
[FERMIHTC-APPTAINER]: INFO -- Running job on the host machine

[FERMIHTC-APPTAINER]: INFO -- Running ./condor_exec.exe
Starting job on  Mon Jun 5 16:07:14 UTC 2023
Running on: Linux shardulr-32231638-226-cmswn2090.fnal.gov 3.10.0-1160.90.1.el7.x86_64 #1 SMP Thu Apr 27 13:14:20 CDT 2023 x86_64 x86_64 x86_64 GNU/Linux
System software: Scientific Linux release 7.9 (Nitrogen)
Running ls -alrth:
total 148K
-rw-r--r--  1 shardulr fnalgrid  11K Jun  5 16:07 .machine.ad
-rw-r--r--  1 shardulr fnalgrid 5.0K Jun  5 16:07 .job.ad
-rwx------  1 shardulr fnalgrid   49 Jun  5 16:07 .chirp.config
-rw-------  1 shardulr fnalgrid  11K Jun  5 16:07 x509up
drwxr-xr-x  2 shardulr fnalgrid 4.0K Jun  5 16:07 samples
drwxr-xr-x  2 shardulr fnalgrid 4.0K Jun  5 16:07 framework
-rw-r--r--  1 shardulr fnalgrid  56K Jun  5 16:07 singleStopAnalyzer.py
-rwxr-xr-x  1 shardulr fnalgrid  682 Jun  5 16:07 condor_exec.exe
-rw-r--r--  1 shardulr fnalgrid  935 Jun  5 16:07 bJetMatcher.py
-rw-r--r--  1 shardulr fnalgrid    0 Jun  5 16:07 docker_stderror
drwxrwxrwt  2 shardulr fnalgrid 4.0K Jun  5 16:07 tmp
drwxrwxrwt  3 shardulr fnalgrid 4.0K Jun  5 16:07 var
-rw-r--r--  1 shardulr fnalgrid  11K Jun  5 16:07 .update.ad
drwxr-xr-x  3 root     root     4.0K Jun  5 16:07 ..
srwxr-xr-x  1 shardulr fnalgrid    0 Jun  5 16:07 .docker_sock
-rw-r--r--  1 shardulr fnalgrid  113 Jun  5 16:07 _condor_stderr
drwx------  7 shardulr fnalgrid 4.0K Jun  5 16:07 .
drwxr-xr-x 17 shardulr fnalgrid 4.0K Jun  5 16:07 CMSSW_10_6_19_patch2
-rw-r--r--  1 shardulr fnalgrid  453 Jun  5 16:07 _condor_stdout
/storage/local/data1/condor/execute/dir_55782/CMSSW_10_6_19_patch2 is the CMSSW we created on the local worker node
Running over file index 227 for sample TT2018
Pre-select 22925 entries out of 1320000 (1.74%)
Processed    10000/   22925 entries, 43.62% (elapsed time    64.3s, curr speed    0.156 kHz, avg speed    0.156 kHz), accepted      375/   10001 events ( 3.75%)
Processed    20000/   22925 entries, 87.24% (elapsed time   148.9s, curr speed    0.118 kHz, avg speed    0.134 kHz), accepted      829/   20001 events ( 4.14%)
Processed 22925 preselected entries from root://cmsxrootd.fnal.gov//store/mc/RunIISummer20UL18NanoAODv9/TTToHadronic_TuneCP5_13TeV-powheg-pythia8/NANOAODSIM/106X_upgrade2018_realistic_v16_L1v1-v1/270000/4B858AEA-4271-A844-AC49-A2F3D3F8FAAE.root (1320000 entries). Finally selected 945 entries
Total time 190.9 sec. to process 1320000 events. Rate = 6914.1 Hz.
Running pwd:
/storage/local/data1/condor/execute/dir_55782
Running ls -alrth:
total 156K
-rw-r--r--  1 shardulr fnalgrid  11K Jun  5 16:07 .machine.ad
-rw-r--r--  1 shardulr fnalgrid 5.0K Jun  5 16:07 .job.ad
-rwx------  1 shardulr fnalgrid   49 Jun  5 16:07 .chirp.config
-rw-------  1 shardulr fnalgrid  11K Jun  5 16:07 x509up
drwxr-xr-x  2 shardulr fnalgrid 4.0K Jun  5 16:07 samples
-rw-r--r--  1 shardulr fnalgrid  56K Jun  5 16:07 singleStopAnalyzer.py
-rwxr-xr-x  1 shardulr fnalgrid  682 Jun  5 16:07 condor_exec.exe
-rw-r--r--  1 shardulr fnalgrid  935 Jun  5 16:07 bJetMatcher.py
-rw-r--r--  1 shardulr fnalgrid    0 Jun  5 16:07 docker_stderror
drwxrwxrwt  2 shardulr fnalgrid 4.0K Jun  5 16:07 tmp
drwxrwxrwt  3 shardulr fnalgrid 4.0K Jun  5 16:07 var
drwxr-xr-x  3 root     root     4.0K Jun  5 16:07 ..
srwxr-xr-x  1 shardulr fnalgrid    0 Jun  5 16:07 .docker_sock
drwxr-xr-x 17 shardulr fnalgrid 4.0K Jun  5 16:07 CMSSW_10_6_19_patch2
drwxr-xr-x  2 shardulr fnalgrid 4.0K Jun  5 16:07 framework
-rw-r--r--  1 shardulr fnalgrid 1.7K Jun  5 16:07 bJetMatcher.pyc
drwxr-xr-x  3 shardulr fnalgrid 4.0K Jun  5 16:07 output
-rw-r--r--  1 shardulr fnalgrid  215 Jun  5 16:07 _condor_stderr
-rw-r--r--  1 shardulr fnalgrid  11K Jun  5 16:10 .update.ad
drwx------  8 shardulr fnalgrid 4.0K Jun  5 16:10 .
-rw-r--r--  1 shardulr fnalgrid 2.6K Jun  5 16:10 _condor_stdout
