[FERMIHTC-APPTAINER]: INFO -- No Apptainer image specified
[FERMIHTC-APPTAINER]: INFO -- Running job on the host machine

[FERMIHTC-APPTAINER]: INFO -- Running ./condor_exec.exe
Starting job on  Mon Jun 5 15:59:39 UTC 2023
Running on: Linux shardulr-32231638-24-cmswn2042.fnal.gov 3.10.0-1160.90.1.el7.x86_64 #1 SMP Thu Apr 27 13:14:20 CDT 2023 x86_64 x86_64 x86_64 GNU/Linux
System software: Scientific Linux release 7.9 (Nitrogen)
Running ls -alrth:
total 148K
-rw-r--r--  1 shardulr fnalgrid 5.0K Jun  5 15:59 .job.ad
-rw-r--r--  1 shardulr fnalgrid  12K Jun  5 15:59 .machine.ad
-rwx------  1 shardulr fnalgrid   49 Jun  5 15:59 .chirp.config
-rw-------  1 shardulr fnalgrid  11K Jun  5 15:59 x509up
drwxr-xr-x  2 shardulr fnalgrid 4.0K Jun  5 15:59 samples
-rw-r--r--  1 shardulr fnalgrid  56K Jun  5 15:59 singleStopAnalyzer.py
drwxr-xr-x  2 shardulr fnalgrid 4.0K Jun  5 15:59 framework
-rwxr-xr-x  1 shardulr fnalgrid  681 Jun  5 15:59 condor_exec.exe
-rw-r--r--  1 shardulr fnalgrid  935 Jun  5 15:59 bJetMatcher.py
-rw-r--r--  1 shardulr fnalgrid    0 Jun  5 15:59 docker_stderror
drwxrwxrwt  3 shardulr fnalgrid 4.0K Jun  5 15:59 var
drwxrwxrwt  2 shardulr fnalgrid 4.0K Jun  5 15:59 tmp
-rw-r--r--  1 shardulr fnalgrid  12K Jun  5 15:59 .update.ad
drwxr-xr-x  3 root     root     4.0K Jun  5 15:59 ..
srwxr-xr-x  1 shardulr fnalgrid    0 Jun  5 15:59 .docker_sock
-rw-r--r--  1 shardulr fnalgrid  113 Jun  5 15:59 _condor_stderr
drwx------  7 shardulr fnalgrid 4.0K Jun  5 15:59 .
drwxr-xr-x 17 shardulr fnalgrid 4.0K Jun  5 15:59 CMSSW_10_6_19_patch2
-rw-r--r--  1 shardulr fnalgrid  452 Jun  5 15:59 _condor_stdout
/storage/local/data1/condor/execute/dir_49449/CMSSW_10_6_19_patch2 is the CMSSW we created on the local worker node
Running over file index 25 for sample TT2018
Pre-select 13542 entries out of 792000 (1.71%)
Processed    10000/   13542 entries, 73.84% (elapsed time    76.3s, curr speed    0.131 kHz, avg speed    0.131 kHz), accepted      408/   10001 events ( 4.08%)
Processed 13542 preselected entries from root://cmsxrootd.fnal.gov//store/mc/RunIISummer20UL18NanoAODv9/TTToHadronic_TuneCP5_13TeV-powheg-pythia8/NANOAODSIM/106X_upgrade2018_realistic_v16_L1v1-v1/270000/ADF7B1A5-87CB-A440-BAFE-530C566E442C.root (792000 entries). Finally selected 542 entries
Total time 119.5 sec. to process 792000 events. Rate = 6626.4 Hz.
Running pwd:
/storage/local/data1/condor/execute/dir_49449
Running ls -alrth:
total 156K
-rw-r--r--  1 shardulr fnalgrid 5.0K Jun  5 15:59 .job.ad
-rw-r--r--  1 shardulr fnalgrid  12K Jun  5 15:59 .machine.ad
-rwx------  1 shardulr fnalgrid   49 Jun  5 15:59 .chirp.config
-rw-------  1 shardulr fnalgrid  11K Jun  5 15:59 x509up
drwxr-xr-x  2 shardulr fnalgrid 4.0K Jun  5 15:59 samples
-rw-r--r--  1 shardulr fnalgrid  56K Jun  5 15:59 singleStopAnalyzer.py
-rwxr-xr-x  1 shardulr fnalgrid  681 Jun  5 15:59 condor_exec.exe
-rw-r--r--  1 shardulr fnalgrid  935 Jun  5 15:59 bJetMatcher.py
-rw-r--r--  1 shardulr fnalgrid    0 Jun  5 15:59 docker_stderror
drwxrwxrwt  3 shardulr fnalgrid 4.0K Jun  5 15:59 var
drwxrwxrwt  2 shardulr fnalgrid 4.0K Jun  5 15:59 tmp
drwxr-xr-x  3 root     root     4.0K Jun  5 15:59 ..
srwxr-xr-x  1 shardulr fnalgrid    0 Jun  5 15:59 .docker_sock
drwxr-xr-x 17 shardulr fnalgrid 4.0K Jun  5 15:59 CMSSW_10_6_19_patch2
drwxr-xr-x  2 shardulr fnalgrid 4.0K Jun  5 15:59 framework
-rw-r--r--  1 shardulr fnalgrid 1.7K Jun  5 15:59 bJetMatcher.pyc
drwxr-xr-x  3 shardulr fnalgrid 4.0K Jun  5 15:59 output
-rw-r--r--  1 shardulr fnalgrid  215 Jun  5 15:59 _condor_stderr
-rw-r--r--  1 shardulr fnalgrid  12K Jun  5 16:01 .update.ad
drwx------  8 shardulr fnalgrid 4.0K Jun  5 16:01 .
-rw-r--r--  1 shardulr fnalgrid 2.4K Jun  5 16:01 _condor_stdout
