[FERMIHTC-APPTAINER]: INFO -- No Apptainer image specified
[FERMIHTC-APPTAINER]: INFO -- Running job on the host machine

[FERMIHTC-APPTAINER]: INFO -- Running ./condor_exec.exe
Starting job on  Mon Jun 5 16:02:40 UTC 2023
Running on: Linux shardulr-32231638-97-cmswn2061.fnal.gov 3.10.0-1160.90.1.el7.x86_64 #1 SMP Thu Apr 27 13:14:20 CDT 2023 x86_64 x86_64 x86_64 GNU/Linux
System software: Scientific Linux release 7.9 (Nitrogen)
Running ls -alrth:
total 148K
-rw-r--r--  1 shardulr fnalgrid 5.0K Jun  5 16:02 .job.ad
-rw-r--r--  1 shardulr fnalgrid  11K Jun  5 16:02 .machine.ad
-rwx------  1 shardulr fnalgrid   49 Jun  5 16:02 .chirp.config
-rw-------  1 shardulr fnalgrid  11K Jun  5 16:02 x509up
drwxr-xr-x  2 shardulr fnalgrid 4.0K Jun  5 16:02 samples
drwxr-xr-x  2 shardulr fnalgrid 4.0K Jun  5 16:02 framework
-rw-r--r--  1 shardulr fnalgrid  56K Jun  5 16:02 singleStopAnalyzer.py
-rw-r--r--  1 shardulr fnalgrid  935 Jun  5 16:02 bJetMatcher.py
-rwxr-xr-x  1 shardulr fnalgrid  681 Jun  5 16:02 condor_exec.exe
-rw-r--r--  1 shardulr fnalgrid    0 Jun  5 16:02 docker_stderror
drwxrwxrwt  2 shardulr fnalgrid 4.0K Jun  5 16:02 tmp
drwxrwxrwt  3 shardulr fnalgrid 4.0K Jun  5 16:02 var
-rw-r--r--  1 shardulr fnalgrid  11K Jun  5 16:02 .update.ad
drwxr-xr-x  3 root     root     4.0K Jun  5 16:02 ..
srwxr-xr-x  1 shardulr fnalgrid    0 Jun  5 16:02 .docker_sock
-rw-r--r--  1 shardulr fnalgrid  113 Jun  5 16:02 _condor_stderr
drwx------  7 shardulr fnalgrid 4.0K Jun  5 16:02 .
drwxr-xr-x 17 shardulr fnalgrid 4.0K Jun  5 16:02 CMSSW_10_6_19_patch2
-rw-r--r--  1 shardulr fnalgrid  452 Jun  5 16:02 _condor_stdout
/storage/local/data1/condor/execute/dir_32761/CMSSW_10_6_19_patch2 is the CMSSW we created on the local worker node
Running over file index 98 for sample TT2018
Pre-select 22632 entries out of 1320000 (1.71%)
Processed    10000/   22632 entries, 44.19% (elapsed time    94.6s, curr speed    0.106 kHz, avg speed    0.106 kHz), accepted      412/   10001 events ( 4.12%)
Processed    20000/   22632 entries, 88.37% (elapsed time   158.0s, curr speed    0.158 kHz, avg speed    0.127 kHz), accepted      830/   20001 events ( 4.15%)
Processed 22632 preselected entries from root://cmsxrootd.fnal.gov//store/mc/RunIISummer20UL18NanoAODv9/TTToHadronic_TuneCP5_13TeV-powheg-pythia8/NANOAODSIM/106X_upgrade2018_realistic_v16_L1v1-v1/270000/34C80B24-02B4-684B-BF94-59FAC0001D10.root (1320000 entries). Finally selected 952 entries
Total time 215.6 sec. to process 1320000 events. Rate = 6122.5 Hz.
Running pwd:
/storage/local/data1/condor/execute/dir_32761
Running ls -alrth:
total 156K
-rw-r--r--  1 shardulr fnalgrid 5.0K Jun  5 16:02 .job.ad
-rw-r--r--  1 shardulr fnalgrid  11K Jun  5 16:02 .machine.ad
-rwx------  1 shardulr fnalgrid   49 Jun  5 16:02 .chirp.config
-rw-------  1 shardulr fnalgrid  11K Jun  5 16:02 x509up
drwxr-xr-x  2 shardulr fnalgrid 4.0K Jun  5 16:02 samples
-rw-r--r--  1 shardulr fnalgrid  56K Jun  5 16:02 singleStopAnalyzer.py
-rw-r--r--  1 shardulr fnalgrid  935 Jun  5 16:02 bJetMatcher.py
-rwxr-xr-x  1 shardulr fnalgrid  681 Jun  5 16:02 condor_exec.exe
-rw-r--r--  1 shardulr fnalgrid    0 Jun  5 16:02 docker_stderror
drwxrwxrwt  2 shardulr fnalgrid 4.0K Jun  5 16:02 tmp
drwxrwxrwt  3 shardulr fnalgrid 4.0K Jun  5 16:02 var
drwxr-xr-x  3 root     root     4.0K Jun  5 16:02 ..
srwxr-xr-x  1 shardulr fnalgrid    0 Jun  5 16:02 .docker_sock
drwxr-xr-x 17 shardulr fnalgrid 4.0K Jun  5 16:02 CMSSW_10_6_19_patch2
drwxr-xr-x  2 shardulr fnalgrid 4.0K Jun  5 16:02 framework
-rw-r--r--  1 shardulr fnalgrid 1.7K Jun  5 16:02 bJetMatcher.pyc
drwxr-xr-x  3 shardulr fnalgrid 4.0K Jun  5 16:02 output
-rw-r--r--  1 shardulr fnalgrid  215 Jun  5 16:02 _condor_stderr
-rw-r--r--  1 shardulr fnalgrid  11K Jun  5 16:06 .update.ad
drwx------  8 shardulr fnalgrid 4.0K Jun  5 16:06 .
-rw-r--r--  1 shardulr fnalgrid 2.6K Jun  5 16:06 _condor_stdout
