[FERMIHTC-APPTAINER]: INFO -- No Apptainer image specified
[FERMIHTC-APPTAINER]: INFO -- Running job on the host machine

[FERMIHTC-APPTAINER]: INFO -- Running ./condor_exec.exe
Starting job on  Mon Jun 5 16:08:40 UTC 2023
Running on: Linux shardulr-32231638-282-cmswn2019.fnal.gov 3.10.0-1160.90.1.el7.x86_64 #1 SMP Thu Apr 27 13:14:20 CDT 2023 x86_64 x86_64 x86_64 GNU/Linux
System software: Scientific Linux release 7.9 (Nitrogen)
Running ls -alrth:
total 148K
-rw-r--r--  1 shardulr fnalgrid 5.0K Jun  5 16:08 .job.ad
-rw-r--r--  1 shardulr fnalgrid  11K Jun  5 16:08 .machine.ad
-rwx------  1 shardulr fnalgrid   49 Jun  5 16:08 .chirp.config
-rw-------  1 shardulr fnalgrid  11K Jun  5 16:08 x509up
drwxr-xr-x  2 shardulr fnalgrid 4.0K Jun  5 16:08 samples
-rw-r--r--  1 shardulr fnalgrid  56K Jun  5 16:08 singleStopAnalyzer.py
drwxr-xr-x  2 shardulr fnalgrid 4.0K Jun  5 16:08 framework
-rwxr-xr-x  1 shardulr fnalgrid  682 Jun  5 16:08 condor_exec.exe
-rw-r--r--  1 shardulr fnalgrid  935 Jun  5 16:08 bJetMatcher.py
-rw-r--r--  1 shardulr fnalgrid    0 Jun  5 16:08 docker_stderror
drwxrwxrwt  3 shardulr fnalgrid 4.0K Jun  5 16:08 var
drwxrwxrwt  2 shardulr fnalgrid 4.0K Jun  5 16:08 tmp
-rw-r--r--  1 shardulr fnalgrid  11K Jun  5 16:08 .update.ad
drwxr-xr-x  3 root     root     4.0K Jun  5 16:08 ..
srwxr-xr-x  1 shardulr fnalgrid    0 Jun  5 16:08 .docker_sock
-rw-r--r--  1 shardulr fnalgrid  113 Jun  5 16:08 _condor_stderr
drwx------  7 shardulr fnalgrid 4.0K Jun  5 16:08 .
drwxr-xr-x 17 shardulr fnalgrid 4.0K Jun  5 16:08 CMSSW_10_6_19_patch2
-rw-r--r--  1 shardulr fnalgrid  453 Jun  5 16:08 _condor_stdout
/storage/local/data1/condor/execute/dir_11061/CMSSW_10_6_19_patch2 is the CMSSW we created on the local worker node
Running over file index 283 for sample TT2018
Pre-select 11232 entries out of 652000 (1.72%)
Processed    10000/   11232 entries, 89.03% (elapsed time   215.9s, curr speed    0.046 kHz, avg speed    0.046 kHz), accepted      435/   10001 events ( 4.35%)
Processed 11232 preselected entries from root://cmsxrootd.fnal.gov//store/mc/RunIISummer20UL18NanoAODv9/TTToHadronic_TuneCP5_13TeV-powheg-pythia8/NANOAODSIM/106X_upgrade2018_realistic_v16_L1v1-v1/280000/ADB90524-537E-F942-B934-FAA0C66A4BE1.root (652000 entries). Finally selected 497 entries
Total time 274.8 sec. to process 652000 events. Rate = 2372.6 Hz.
Running pwd:
/storage/local/data1/condor/execute/dir_11061
Running ls -alrth:
total 156K
-rw-r--r--  1 shardulr fnalgrid 5.0K Jun  5 16:08 .job.ad
-rw-r--r--  1 shardulr fnalgrid  11K Jun  5 16:08 .machine.ad
-rwx------  1 shardulr fnalgrid   49 Jun  5 16:08 .chirp.config
-rw-------  1 shardulr fnalgrid  11K Jun  5 16:08 x509up
drwxr-xr-x  2 shardulr fnalgrid 4.0K Jun  5 16:08 samples
-rw-r--r--  1 shardulr fnalgrid  56K Jun  5 16:08 singleStopAnalyzer.py
-rwxr-xr-x  1 shardulr fnalgrid  682 Jun  5 16:08 condor_exec.exe
-rw-r--r--  1 shardulr fnalgrid  935 Jun  5 16:08 bJetMatcher.py
-rw-r--r--  1 shardulr fnalgrid    0 Jun  5 16:08 docker_stderror
drwxrwxrwt  3 shardulr fnalgrid 4.0K Jun  5 16:08 var
drwxrwxrwt  2 shardulr fnalgrid 4.0K Jun  5 16:08 tmp
drwxr-xr-x  3 root     root     4.0K Jun  5 16:08 ..
srwxr-xr-x  1 shardulr fnalgrid    0 Jun  5 16:08 .docker_sock
-rw-r--r--  1 shardulr fnalgrid  113 Jun  5 16:08 _condor_stderr
drwxr-xr-x 17 shardulr fnalgrid 4.0K Jun  5 16:08 CMSSW_10_6_19_patch2
drwxr-xr-x  2 shardulr fnalgrid 4.0K Jun  5 16:08 framework
-rw-r--r--  1 shardulr fnalgrid 1.7K Jun  5 16:08 bJetMatcher.pyc
drwxr-xr-x  3 shardulr fnalgrid 4.0K Jun  5 16:08 output
-rw-r--r--  1 shardulr fnalgrid  11K Jun  5 16:13 .update.ad
drwx------  8 shardulr fnalgrid 4.0K Jun  5 16:13 .
-rw-r--r--  1 shardulr fnalgrid 2.4K Jun  5 16:13 _condor_stdout
