[FERMIHTC-APPTAINER]: INFO -- No Apptainer image specified
[FERMIHTC-APPTAINER]: INFO -- Running job on the host machine

[FERMIHTC-APPTAINER]: INFO -- Running ./condor_exec.exe
Starting job on  Mon Jun 5 16:06:28 UTC 2023
Running on: Linux shardulr-32231638-206-cmswn2081.fnal.gov 3.10.0-1160.90.1.el7.x86_64 #1 SMP Thu Apr 27 13:14:20 CDT 2023 x86_64 x86_64 x86_64 GNU/Linux
System software: Scientific Linux release 7.9 (Nitrogen)
Running ls -alrth:
total 148K
-rw-r--r--  1 shardulr fnalgrid 9.7K Jun  5 16:06 .machine.ad
-rw-r--r--  1 shardulr fnalgrid 5.0K Jun  5 16:06 .job.ad
-rwx------  1 shardulr fnalgrid   49 Jun  5 16:06 .chirp.config
-rw-------  1 shardulr fnalgrid  11K Jun  5 16:06 x509up
drwxr-xr-x  2 shardulr fnalgrid 4.0K Jun  5 16:06 samples
drwxr-xr-x  2 shardulr fnalgrid 4.0K Jun  5 16:06 framework
-rw-r--r--  1 shardulr fnalgrid  56K Jun  5 16:06 singleStopAnalyzer.py
-rw-r--r--  1 shardulr fnalgrid  935 Jun  5 16:06 bJetMatcher.py
-rwxr-xr-x  1 shardulr fnalgrid  682 Jun  5 16:06 condor_exec.exe
-rw-r--r--  1 shardulr fnalgrid    0 Jun  5 16:06 docker_stderror
drwxrwxrwt  3 shardulr fnalgrid 4.0K Jun  5 16:06 var
drwxrwxrwt  2 shardulr fnalgrid 4.0K Jun  5 16:06 tmp
-rw-r--r--  1 shardulr fnalgrid 9.5K Jun  5 16:06 .update.ad
drwxr-xr-x  3 root     root     4.0K Jun  5 16:06 ..
srwxr-xr-x  1 shardulr fnalgrid    0 Jun  5 16:06 .docker_sock
-rw-r--r--  1 shardulr fnalgrid  113 Jun  5 16:06 _condor_stderr
drwx------  7 shardulr fnalgrid 4.0K Jun  5 16:06 .
drwxr-xr-x 17 shardulr fnalgrid 4.0K Jun  5 16:06 CMSSW_10_6_19_patch2
-rw-r--r--  1 shardulr fnalgrid  453 Jun  5 16:06 _condor_stdout
/storage/local/data1/condor/execute/dir_56928/CMSSW_10_6_19_patch2 is the CMSSW we created on the local worker node
Running over file index 207 for sample TT2018
Pre-select 22768 entries out of 1312000 (1.74%)
Processed    10000/   22768 entries, 43.92% (elapsed time   129.1s, curr speed    0.077 kHz, avg speed    0.077 kHz), accepted      410/   10001 events ( 4.10%)
Processed    20000/   22768 entries, 87.84% (elapsed time   269.3s, curr speed    0.071 kHz, avg speed    0.074 kHz), accepted      849/   20001 events ( 4.24%)
Processed 22768 preselected entries from root://cmsxrootd.fnal.gov//store/mc/RunIISummer20UL18NanoAODv9/TTToHadronic_TuneCP5_13TeV-powheg-pythia8/NANOAODSIM/106X_upgrade2018_realistic_v16_L1v1-v1/270000/7A3185F8-CD66-0941-A025-1E35370C37C0.root (1312000 entries). Finally selected 944 entries
Total time 384.0 sec. to process 1312000 events. Rate = 3417.0 Hz.
Running pwd:
/storage/local/data1/condor/execute/dir_56928
Running ls -alrth:
total 156K
-rw-r--r--  1 shardulr fnalgrid 9.7K Jun  5 16:06 .machine.ad
-rw-r--r--  1 shardulr fnalgrid 5.0K Jun  5 16:06 .job.ad
-rwx------  1 shardulr fnalgrid   49 Jun  5 16:06 .chirp.config
-rw-------  1 shardulr fnalgrid  11K Jun  5 16:06 x509up
drwxr-xr-x  2 shardulr fnalgrid 4.0K Jun  5 16:06 samples
-rw-r--r--  1 shardulr fnalgrid  56K Jun  5 16:06 singleStopAnalyzer.py
-rw-r--r--  1 shardulr fnalgrid  935 Jun  5 16:06 bJetMatcher.py
-rwxr-xr-x  1 shardulr fnalgrid  682 Jun  5 16:06 condor_exec.exe
-rw-r--r--  1 shardulr fnalgrid    0 Jun  5 16:06 docker_stderror
drwxrwxrwt  3 shardulr fnalgrid 4.0K Jun  5 16:06 var
drwxrwxrwt  2 shardulr fnalgrid 4.0K Jun  5 16:06 tmp
drwxr-xr-x  3 root     root     4.0K Jun  5 16:06 ..
srwxr-xr-x  1 shardulr fnalgrid    0 Jun  5 16:06 .docker_sock
-rw-r--r--  1 shardulr fnalgrid  113 Jun  5 16:06 _condor_stderr
drwxr-xr-x 17 shardulr fnalgrid 4.0K Jun  5 16:06 CMSSW_10_6_19_patch2
drwxr-xr-x  2 shardulr fnalgrid 4.0K Jun  5 16:06 framework
-rw-r--r--  1 shardulr fnalgrid 1.7K Jun  5 16:06 bJetMatcher.pyc
drwxr-xr-x  3 shardulr fnalgrid 4.0K Jun  5 16:06 output
-rw-r--r--  1 shardulr fnalgrid 9.7K Jun  5 16:12 .update.ad
drwx------  8 shardulr fnalgrid 4.0K Jun  5 16:12 .
-rw-r--r--  1 shardulr fnalgrid 2.6K Jun  5 16:13 _condor_stdout
