[FERMIHTC-APPTAINER]: INFO -- No Apptainer image specified
[FERMIHTC-APPTAINER]: INFO -- Running job on the host machine

[FERMIHTC-APPTAINER]: INFO -- Running ./condor_exec.exe
Starting job on  Mon Jun 5 16:10:00 UTC 2023
Running on: Linux shardulr-32231638-337-cmswn2041.fnal.gov 3.10.0-1160.90.1.el7.x86_64 #1 SMP Thu Apr 27 13:14:20 CDT 2023 x86_64 x86_64 x86_64 GNU/Linux
System software: Scientific Linux release 7.9 (Nitrogen)
Running ls -alrth:
total 148K
-rw-r--r--  1 shardulr fnalgrid  12K Jun  5 16:09 .machine.ad
-rw-r--r--  1 shardulr fnalgrid 5.0K Jun  5 16:09 .job.ad
-rwx------  1 shardulr fnalgrid   49 Jun  5 16:09 .chirp.config
-rw-------  1 shardulr fnalgrid  11K Jun  5 16:09 x509up
drwxr-xr-x  2 shardulr fnalgrid 4.0K Jun  5 16:09 samples
drwxr-xr-x  2 shardulr fnalgrid 4.0K Jun  5 16:09 framework
-rw-r--r--  1 shardulr fnalgrid  56K Jun  5 16:09 singleStopAnalyzer.py
-rwxr-xr-x  1 shardulr fnalgrid  682 Jun  5 16:09 condor_exec.exe
-rw-r--r--  1 shardulr fnalgrid  935 Jun  5 16:09 bJetMatcher.py
-rw-r--r--  1 shardulr fnalgrid    0 Jun  5 16:09 docker_stderror
drwxrwxrwt  2 shardulr fnalgrid 4.0K Jun  5 16:09 tmp
drwxrwxrwt  3 shardulr fnalgrid 4.0K Jun  5 16:09 var
-rw-r--r--  1 shardulr fnalgrid  11K Jun  5 16:09 .update.ad
drwxr-xr-x  3 root     root     4.0K Jun  5 16:09 ..
srwxr-xr-x  1 shardulr fnalgrid    0 Jun  5 16:09 .docker_sock
-rw-r--r--  1 shardulr fnalgrid  113 Jun  5 16:10 _condor_stderr
drwx------  7 shardulr fnalgrid 4.0K Jun  5 16:10 .
drwxr-xr-x 17 shardulr fnalgrid 4.0K Jun  5 16:10 CMSSW_10_6_19_patch2
-rw-r--r--  1 shardulr fnalgrid  453 Jun  5 16:10 _condor_stdout
/storage/local/data1/condor/execute/dir_16944/CMSSW_10_6_19_patch2 is the CMSSW we created on the local worker node
Running over file index 338 for sample TT2018
Pre-select 21344 entries out of 1254000 (1.70%)
Processed    10000/   21344 entries, 46.85% (elapsed time   127.2s, curr speed    0.079 kHz, avg speed    0.079 kHz), accepted      397/   10001 events ( 3.97%)
Processed    20000/   21344 entries, 93.70% (elapsed time   255.8s, curr speed    0.078 kHz, avg speed    0.078 kHz), accepted      789/   20001 events ( 3.94%)
Processed 21344 preselected entries from root://cmsxrootd.fnal.gov//store/mc/RunIISummer20UL18NanoAODv9/TTToHadronic_TuneCP5_13TeV-powheg-pythia8/NANOAODSIM/106X_upgrade2018_realistic_v16_L1v1-v1/270000/18D885EA-36C9-5A4C-A686-449C956DD035.root (1254000 entries). Finally selected 846 entries
Total time 343.4 sec. to process 1254000 events. Rate = 3651.4 Hz.
Running pwd:
/storage/local/data1/condor/execute/dir_16944
Running ls -alrth:
total 156K
-rw-r--r--  1 shardulr fnalgrid  12K Jun  5 16:09 .machine.ad
-rw-r--r--  1 shardulr fnalgrid 5.0K Jun  5 16:09 .job.ad
-rwx------  1 shardulr fnalgrid   49 Jun  5 16:09 .chirp.config
-rw-------  1 shardulr fnalgrid  11K Jun  5 16:09 x509up
drwxr-xr-x  2 shardulr fnalgrid 4.0K Jun  5 16:09 samples
-rw-r--r--  1 shardulr fnalgrid  56K Jun  5 16:09 singleStopAnalyzer.py
-rwxr-xr-x  1 shardulr fnalgrid  682 Jun  5 16:09 condor_exec.exe
-rw-r--r--  1 shardulr fnalgrid  935 Jun  5 16:09 bJetMatcher.py
-rw-r--r--  1 shardulr fnalgrid    0 Jun  5 16:09 docker_stderror
drwxrwxrwt  2 shardulr fnalgrid 4.0K Jun  5 16:09 tmp
drwxrwxrwt  3 shardulr fnalgrid 4.0K Jun  5 16:09 var
drwxr-xr-x  3 root     root     4.0K Jun  5 16:09 ..
srwxr-xr-x  1 shardulr fnalgrid    0 Jun  5 16:09 .docker_sock
-rw-r--r--  1 shardulr fnalgrid  113 Jun  5 16:10 _condor_stderr
drwxr-xr-x 17 shardulr fnalgrid 4.0K Jun  5 16:10 CMSSW_10_6_19_patch2
drwxr-xr-x  2 shardulr fnalgrid 4.0K Jun  5 16:10 framework
-rw-r--r--  1 shardulr fnalgrid 1.7K Jun  5 16:10 bJetMatcher.pyc
drwxr-xr-x  3 shardulr fnalgrid 4.0K Jun  5 16:10 output
-rw-r--r--  1 shardulr fnalgrid  12K Jun  5 16:14 .update.ad
drwx------  8 shardulr fnalgrid 4.0K Jun  5 16:14 .
-rw-r--r--  1 shardulr fnalgrid 2.6K Jun  5 16:15 _condor_stdout
