[FERMIHTC-APPTAINER]: INFO -- No Apptainer image specified
[FERMIHTC-APPTAINER]: INFO -- Running job on the host machine

[FERMIHTC-APPTAINER]: INFO -- Running ./condor_exec.exe
Starting job on  Mon Jun 5 16:09:03 UTC 2023
Running on: Linux shardulr-32231638-303-cmswn2104.fnal.gov 3.10.0-1160.90.1.el7.x86_64 #1 SMP Thu Apr 27 13:14:20 CDT 2023 x86_64 x86_64 x86_64 GNU/Linux
System software: Scientific Linux release 7.9 (Nitrogen)
Running ls -alrth:
total 148K
-rw-r--r--  1 shardulr fnalgrid 5.0K Jun  5 16:09 .job.ad
-rw-r--r--  1 shardulr fnalgrid  12K Jun  5 16:09 .machine.ad
-rwx------  1 shardulr fnalgrid   49 Jun  5 16:09 .chirp.config
-rw-------  1 shardulr fnalgrid  11K Jun  5 16:09 x509up
drwxr-xr-x  2 shardulr fnalgrid 4.0K Jun  5 16:09 samples
drwxr-xr-x  2 shardulr fnalgrid 4.0K Jun  5 16:09 framework
-rw-r--r--  1 shardulr fnalgrid  56K Jun  5 16:09 singleStopAnalyzer.py
-rwxr-xr-x  1 shardulr fnalgrid  682 Jun  5 16:09 condor_exec.exe
-rw-r--r--  1 shardulr fnalgrid  935 Jun  5 16:09 bJetMatcher.py
-rw-r--r--  1 shardulr fnalgrid    0 Jun  5 16:09 docker_stderror
drwxrwxrwt  3 shardulr fnalgrid 4.0K Jun  5 16:09 var
drwxrwxrwt  2 shardulr fnalgrid 4.0K Jun  5 16:09 tmp
-rw-r--r--  1 shardulr fnalgrid  11K Jun  5 16:09 .update.ad
drwxr-xr-x  3 root     root     4.0K Jun  5 16:09 ..
srwxr-xr-x  1 shardulr fnalgrid    0 Jun  5 16:09 .docker_sock
-rw-r--r--  1 shardulr fnalgrid  113 Jun  5 16:09 _condor_stderr
drwx------  7 shardulr fnalgrid 4.0K Jun  5 16:09 .
drwxr-xr-x 17 shardulr fnalgrid 4.0K Jun  5 16:09 CMSSW_10_6_19_patch2
-rw-r--r--  1 shardulr fnalgrid  453 Jun  5 16:09 _condor_stdout
/storage/local/data1/condor/execute/dir_20249/CMSSW_10_6_19_patch2 is the CMSSW we created on the local worker node
Running over file index 304 for sample TT2018
Pre-select 13856 entries out of 806000 (1.72%)
Processed    10000/   13856 entries, 72.17% (elapsed time   174.5s, curr speed    0.057 kHz, avg speed    0.057 kHz), accepted      419/   10001 events ( 4.19%)
Processed 13856 preselected entries from root://cmsxrootd.fnal.gov//store/mc/RunIISummer20UL18NanoAODv9/TTToHadronic_TuneCP5_13TeV-powheg-pythia8/NANOAODSIM/106X_upgrade2018_realistic_v16_L1v1-v1/270000/C0873D31-4668-5A43-B0F7-8603AAAE0914.root (806000 entries). Finally selected 603 entries
Total time 397.6 sec. to process 806000 events. Rate = 2027.1 Hz.
Running pwd:
/storage/local/data1/condor/execute/dir_20249
Running ls -alrth:
total 156K
-rw-r--r--  1 shardulr fnalgrid 5.0K Jun  5 16:09 .job.ad
-rw-r--r--  1 shardulr fnalgrid  12K Jun  5 16:09 .machine.ad
-rwx------  1 shardulr fnalgrid   49 Jun  5 16:09 .chirp.config
-rw-------  1 shardulr fnalgrid  11K Jun  5 16:09 x509up
drwxr-xr-x  2 shardulr fnalgrid 4.0K Jun  5 16:09 samples
-rw-r--r--  1 shardulr fnalgrid  56K Jun  5 16:09 singleStopAnalyzer.py
-rwxr-xr-x  1 shardulr fnalgrid  682 Jun  5 16:09 condor_exec.exe
-rw-r--r--  1 shardulr fnalgrid  935 Jun  5 16:09 bJetMatcher.py
-rw-r--r--  1 shardulr fnalgrid    0 Jun  5 16:09 docker_stderror
drwxrwxrwt  3 shardulr fnalgrid 4.0K Jun  5 16:09 var
drwxrwxrwt  2 shardulr fnalgrid 4.0K Jun  5 16:09 tmp
drwxr-xr-x  3 root     root     4.0K Jun  5 16:09 ..
srwxr-xr-x  1 shardulr fnalgrid    0 Jun  5 16:09 .docker_sock
-rw-r--r--  1 shardulr fnalgrid  113 Jun  5 16:09 _condor_stderr
drwxr-xr-x 17 shardulr fnalgrid 4.0K Jun  5 16:09 CMSSW_10_6_19_patch2
drwxr-xr-x  2 shardulr fnalgrid 4.0K Jun  5 16:09 framework
-rw-r--r--  1 shardulr fnalgrid 1.7K Jun  5 16:09 bJetMatcher.pyc
drwxr-xr-x  3 shardulr fnalgrid 4.0K Jun  5 16:09 output
-rw-r--r--  1 shardulr fnalgrid  11K Jun  5 16:15 .update.ad
drwx------  8 shardulr fnalgrid 4.0K Jun  5 16:15 .
-rw-r--r--  1 shardulr fnalgrid 2.4K Jun  5 16:15 _condor_stdout
