[FERMIHTC-APPTAINER]: INFO -- No Apptainer image specified
[FERMIHTC-APPTAINER]: INFO -- Running job on the host machine

[FERMIHTC-APPTAINER]: INFO -- Running ./condor_exec.exe
Starting job on  Mon Jun 5 16:08:26 UTC 2023
Running on: Linux shardulr-32231638-268-cmswn2095.fnal.gov 3.10.0-1160.90.1.el7.x86_64 #1 SMP Thu Apr 27 13:14:20 CDT 2023 x86_64 x86_64 x86_64 GNU/Linux
System software: Scientific Linux release 7.9 (Nitrogen)
Running ls -alrth:
total 148K
-rw-r--r--  1 shardulr fnalgrid 5.0K Jun  5 16:08 .job.ad
-rw-r--r--  1 shardulr fnalgrid  11K Jun  5 16:08 .machine.ad
-rwx------  1 shardulr fnalgrid   49 Jun  5 16:08 .chirp.config
-rw-------  1 shardulr fnalgrid  11K Jun  5 16:08 x509up
drwxr-xr-x  2 shardulr fnalgrid 4.0K Jun  5 16:08 samples
-rw-r--r--  1 shardulr fnalgrid  56K Jun  5 16:08 singleStopAnalyzer.py
drwxr-xr-x  2 shardulr fnalgrid 4.0K Jun  5 16:08 framework
-rw-r--r--  1 shardulr fnalgrid  935 Jun  5 16:08 bJetMatcher.py
-rwxr-xr-x  1 shardulr fnalgrid  682 Jun  5 16:08 condor_exec.exe
-rw-r--r--  1 shardulr fnalgrid    0 Jun  5 16:08 docker_stderror
drwxrwxrwt  3 shardulr fnalgrid 4.0K Jun  5 16:08 var
drwxrwxrwt  2 shardulr fnalgrid 4.0K Jun  5 16:08 tmp
-rw-r--r--  1 shardulr fnalgrid  11K Jun  5 16:08 .update.ad
drwxr-xr-x  3 root     root     4.0K Jun  5 16:08 ..
srwxr-xr-x  1 shardulr fnalgrid    0 Jun  5 16:08 .docker_sock
-rw-r--r--  1 shardulr fnalgrid  113 Jun  5 16:08 _condor_stderr
drwx------  7 shardulr fnalgrid 4.0K Jun  5 16:08 .
drwxr-xr-x 17 shardulr fnalgrid 4.0K Jun  5 16:08 CMSSW_10_6_19_patch2
-rw-r--r--  1 shardulr fnalgrid  453 Jun  5 16:08 _condor_stdout
/storage/local/data1/condor/execute/dir_64205/CMSSW_10_6_19_patch2 is the CMSSW we created on the local worker node
Running over file index 269 for sample TT2018
Pre-select 23093 entries out of 1320000 (1.75%)
Processed    10000/   23093 entries, 43.30% (elapsed time   133.2s, curr speed    0.075 kHz, avg speed    0.075 kHz), accepted      397/   10001 events ( 3.97%)
Processed    20000/   23093 entries, 86.61% (elapsed time   282.0s, curr speed    0.067 kHz, avg speed    0.071 kHz), accepted      798/   20001 events ( 3.99%)
Processed 23093 preselected entries from root://cmsxrootd.fnal.gov//store/mc/RunIISummer20UL18NanoAODv9/TTToHadronic_TuneCP5_13TeV-powheg-pythia8/NANOAODSIM/106X_upgrade2018_realistic_v16_L1v1-v1/270000/250244B9-822D-DE47-A2E8-FFD6C10C0A55.root (1320000 entries). Finally selected 923 entries
Total time 405.2 sec. to process 1320000 events. Rate = 3257.8 Hz.
Running pwd:
/storage/local/data1/condor/execute/dir_64205
Running ls -alrth:
total 156K
-rw-r--r--  1 shardulr fnalgrid 5.0K Jun  5 16:08 .job.ad
-rw-r--r--  1 shardulr fnalgrid  11K Jun  5 16:08 .machine.ad
-rwx------  1 shardulr fnalgrid   49 Jun  5 16:08 .chirp.config
-rw-------  1 shardulr fnalgrid  11K Jun  5 16:08 x509up
drwxr-xr-x  2 shardulr fnalgrid 4.0K Jun  5 16:08 samples
-rw-r--r--  1 shardulr fnalgrid  56K Jun  5 16:08 singleStopAnalyzer.py
-rw-r--r--  1 shardulr fnalgrid  935 Jun  5 16:08 bJetMatcher.py
-rwxr-xr-x  1 shardulr fnalgrid  682 Jun  5 16:08 condor_exec.exe
-rw-r--r--  1 shardulr fnalgrid    0 Jun  5 16:08 docker_stderror
drwxrwxrwt  3 shardulr fnalgrid 4.0K Jun  5 16:08 var
drwxrwxrwt  2 shardulr fnalgrid 4.0K Jun  5 16:08 tmp
drwxr-xr-x  3 root     root     4.0K Jun  5 16:08 ..
srwxr-xr-x  1 shardulr fnalgrid    0 Jun  5 16:08 .docker_sock
-rw-r--r--  1 shardulr fnalgrid  113 Jun  5 16:08 _condor_stderr
drwxr-xr-x 17 shardulr fnalgrid 4.0K Jun  5 16:08 CMSSW_10_6_19_patch2
drwxr-xr-x  2 shardulr fnalgrid 4.0K Jun  5 16:08 framework
-rw-r--r--  1 shardulr fnalgrid 1.7K Jun  5 16:08 bJetMatcher.pyc
drwxr-xr-x  3 shardulr fnalgrid 4.0K Jun  5 16:08 output
-rw-r--r--  1 shardulr fnalgrid  11K Jun  5 16:14 .update.ad
drwx------  8 shardulr fnalgrid 4.0K Jun  5 16:14 .
-rw-r--r--  1 shardulr fnalgrid 2.6K Jun  5 16:15 _condor_stdout
