[FERMIHTC-APPTAINER]: INFO -- No Apptainer image specified
[FERMIHTC-APPTAINER]: INFO -- Running job on the host machine

[FERMIHTC-APPTAINER]: INFO -- Running ./condor_exec.exe
Starting job on  Mon Jun 5 16:07:56 UTC 2023
Running on: Linux shardulr-32231638-253-cmswn2070.fnal.gov 3.10.0-1160.90.1.el7.x86_64 #1 SMP Thu Apr 27 13:14:20 CDT 2023 x86_64 x86_64 x86_64 GNU/Linux
System software: Scientific Linux release 7.9 (Nitrogen)
Running ls -alrth:
total 148K
-rw-r--r--  1 shardulr fnalgrid 5.0K Jun  5 16:07 .job.ad
-rw-r--r--  1 shardulr fnalgrid  12K Jun  5 16:07 .machine.ad
-rwx------  1 shardulr fnalgrid   49 Jun  5 16:07 .chirp.config
-rw-------  1 shardulr fnalgrid  11K Jun  5 16:07 x509up
drwxr-xr-x  2 shardulr fnalgrid 4.0K Jun  5 16:07 samples
drwxr-xr-x  2 shardulr fnalgrid 4.0K Jun  5 16:07 framework
-rw-r--r--  1 shardulr fnalgrid  56K Jun  5 16:07 singleStopAnalyzer.py
-rwxr-xr-x  1 shardulr fnalgrid  682 Jun  5 16:07 condor_exec.exe
-rw-r--r--  1 shardulr fnalgrid  935 Jun  5 16:07 bJetMatcher.py
-rw-r--r--  1 shardulr fnalgrid    0 Jun  5 16:07 docker_stderror
drwxrwxrwt  3 shardulr fnalgrid 4.0K Jun  5 16:07 var
drwxrwxrwt  2 shardulr fnalgrid 4.0K Jun  5 16:07 tmp
-rw-r--r--  1 shardulr fnalgrid  11K Jun  5 16:07 .update.ad
drwxr-xr-x  3 root     root     4.0K Jun  5 16:07 ..
srwxr-xr-x  1 shardulr fnalgrid    0 Jun  5 16:07 .docker_sock
-rw-r--r--  1 shardulr fnalgrid  113 Jun  5 16:07 _condor_stderr
drwx------  7 shardulr fnalgrid 4.0K Jun  5 16:07 .
drwxr-xr-x 17 shardulr fnalgrid 4.0K Jun  5 16:07 CMSSW_10_6_19_patch2
-rw-r--r--  1 shardulr fnalgrid  453 Jun  5 16:07 _condor_stdout
/storage/local/data1/condor/execute/dir_17186/CMSSW_10_6_19_patch2 is the CMSSW we created on the local worker node
Running over file index 254 for sample TT2018
Pre-select 17100 entries out of 990000 (1.73%)
Processed    10000/   17100 entries, 58.48% (elapsed time    44.8s, curr speed    0.223 kHz, avg speed    0.223 kHz), accepted      425/   10001 events ( 4.25%)
Processed 17100 preselected entries from root://cmsxrootd.fnal.gov//store/mc/RunIISummer20UL18NanoAODv9/TTToHadronic_TuneCP5_13TeV-powheg-pythia8/NANOAODSIM/106X_upgrade2018_realistic_v16_L1v1-v1/270000/F8E84B8D-DB29-134B-97C3-B6F8D9260B92.root (990000 entries). Finally selected 695 entries
Total time 85.7 sec. to process 990000 events. Rate = 11551.2 Hz.
Running pwd:
/storage/local/data1/condor/execute/dir_17186
Running ls -alrth:
total 156K
-rw-r--r--  1 shardulr fnalgrid 5.0K Jun  5 16:07 .job.ad
-rw-r--r--  1 shardulr fnalgrid  12K Jun  5 16:07 .machine.ad
-rwx------  1 shardulr fnalgrid   49 Jun  5 16:07 .chirp.config
-rw-------  1 shardulr fnalgrid  11K Jun  5 16:07 x509up
drwxr-xr-x  2 shardulr fnalgrid 4.0K Jun  5 16:07 samples
-rw-r--r--  1 shardulr fnalgrid  56K Jun  5 16:07 singleStopAnalyzer.py
-rwxr-xr-x  1 shardulr fnalgrid  682 Jun  5 16:07 condor_exec.exe
-rw-r--r--  1 shardulr fnalgrid  935 Jun  5 16:07 bJetMatcher.py
-rw-r--r--  1 shardulr fnalgrid    0 Jun  5 16:07 docker_stderror
drwxrwxrwt  3 shardulr fnalgrid 4.0K Jun  5 16:07 var
drwxrwxrwt  2 shardulr fnalgrid 4.0K Jun  5 16:07 tmp
drwxr-xr-x  3 root     root     4.0K Jun  5 16:07 ..
srwxr-xr-x  1 shardulr fnalgrid    0 Jun  5 16:07 .docker_sock
drwxr-xr-x 17 shardulr fnalgrid 4.0K Jun  5 16:07 CMSSW_10_6_19_patch2
drwxr-xr-x  2 shardulr fnalgrid 4.0K Jun  5 16:08 framework
-rw-r--r--  1 shardulr fnalgrid 1.7K Jun  5 16:08 bJetMatcher.pyc
drwxr-xr-x  3 shardulr fnalgrid 4.0K Jun  5 16:08 output
-rw-r--r--  1 shardulr fnalgrid  215 Jun  5 16:08 _condor_stderr
-rw-r--r--  1 shardulr fnalgrid  11K Jun  5 16:09 .update.ad
drwx------  8 shardulr fnalgrid 4.0K Jun  5 16:09 .
-rw-r--r--  1 shardulr fnalgrid 2.4K Jun  5 16:09 _condor_stdout
