[FERMIHTC-APPTAINER]: INFO -- No Apptainer image specified
[FERMIHTC-APPTAINER]: INFO -- Running job on the host machine

[FERMIHTC-APPTAINER]: INFO -- Running ./condor_exec.exe
Starting job on  Mon Jun 5 16:08:48 UTC 2023
Running on: Linux shardulr-32231638-287-cmswn2039.fnal.gov 3.10.0-1160.90.1.el7.x86_64 #1 SMP Thu Apr 27 13:14:20 CDT 2023 x86_64 x86_64 x86_64 GNU/Linux
System software: Scientific Linux release 7.9 (Nitrogen)
Running ls -alrth:
total 148K
-rw-r--r--  1 shardulr fnalgrid  12K Jun  5 16:08 .machine.ad
-rw-r--r--  1 shardulr fnalgrid 5.0K Jun  5 16:08 .job.ad
-rwx------  1 shardulr fnalgrid   49 Jun  5 16:08 .chirp.config
-rw-------  1 shardulr fnalgrid  11K Jun  5 16:08 x509up
drwxr-xr-x  2 shardulr fnalgrid 4.0K Jun  5 16:08 samples
-rw-r--r--  1 shardulr fnalgrid  56K Jun  5 16:08 singleStopAnalyzer.py
drwxr-xr-x  2 shardulr fnalgrid 4.0K Jun  5 16:08 framework
-rwxr-xr-x  1 shardulr fnalgrid  682 Jun  5 16:08 condor_exec.exe
-rw-r--r--  1 shardulr fnalgrid  935 Jun  5 16:08 bJetMatcher.py
-rw-r--r--  1 shardulr fnalgrid    0 Jun  5 16:08 docker_stderror
drwxrwxrwt  2 shardulr fnalgrid 4.0K Jun  5 16:08 tmp
drwxrwxrwt  3 shardulr fnalgrid 4.0K Jun  5 16:08 var
-rw-r--r--  1 shardulr fnalgrid  12K Jun  5 16:08 .update.ad
drwxr-xr-x  3 root     root     4.0K Jun  5 16:08 ..
srwxr-xr-x  1 shardulr fnalgrid    0 Jun  5 16:08 .docker_sock
-rw-r--r--  1 shardulr fnalgrid  113 Jun  5 16:08 _condor_stderr
drwx------  7 shardulr fnalgrid 4.0K Jun  5 16:08 .
drwxr-xr-x 17 shardulr fnalgrid 4.0K Jun  5 16:08 CMSSW_10_6_19_patch2
-rw-r--r--  1 shardulr fnalgrid  453 Jun  5 16:08 _condor_stdout
/storage/local/data1/condor/execute/dir_9452/CMSSW_10_6_19_patch2 is the CMSSW we created on the local worker node
Running over file index 288 for sample TT2018
Pre-select 15987 entries out of 924000 (1.73%)
Processed    10000/   15987 entries, 62.55% (elapsed time    41.4s, curr speed    0.242 kHz, avg speed    0.242 kHz), accepted      373/   10001 events ( 3.73%)
Processed 15987 preselected entries from root://cmsxrootd.fnal.gov//store/mc/RunIISummer20UL18NanoAODv9/TTToHadronic_TuneCP5_13TeV-powheg-pythia8/NANOAODSIM/106X_upgrade2018_realistic_v16_L1v1-v1/280000/4014BC5D-8490-0B40-95B9-CF3A5516E3BB.root (924000 entries). Finally selected 635 entries
Total time 73.5 sec. to process 924000 events. Rate = 12569.8 Hz.
Running pwd:
/storage/local/data1/condor/execute/dir_9452
Running ls -alrth:
total 156K
-rw-r--r--  1 shardulr fnalgrid  12K Jun  5 16:08 .machine.ad
-rw-r--r--  1 shardulr fnalgrid 5.0K Jun  5 16:08 .job.ad
-rwx------  1 shardulr fnalgrid   49 Jun  5 16:08 .chirp.config
-rw-------  1 shardulr fnalgrid  11K Jun  5 16:08 x509up
drwxr-xr-x  2 shardulr fnalgrid 4.0K Jun  5 16:08 samples
-rw-r--r--  1 shardulr fnalgrid  56K Jun  5 16:08 singleStopAnalyzer.py
-rwxr-xr-x  1 shardulr fnalgrid  682 Jun  5 16:08 condor_exec.exe
-rw-r--r--  1 shardulr fnalgrid  935 Jun  5 16:08 bJetMatcher.py
-rw-r--r--  1 shardulr fnalgrid    0 Jun  5 16:08 docker_stderror
drwxrwxrwt  2 shardulr fnalgrid 4.0K Jun  5 16:08 tmp
drwxrwxrwt  3 shardulr fnalgrid 4.0K Jun  5 16:08 var
drwxr-xr-x  3 root     root     4.0K Jun  5 16:08 ..
srwxr-xr-x  1 shardulr fnalgrid    0 Jun  5 16:08 .docker_sock
drwxr-xr-x 17 shardulr fnalgrid 4.0K Jun  5 16:08 CMSSW_10_6_19_patch2
drwxr-xr-x  2 shardulr fnalgrid 4.0K Jun  5 16:08 framework
-rw-r--r--  1 shardulr fnalgrid 1.7K Jun  5 16:08 bJetMatcher.pyc
drwxr-xr-x  3 shardulr fnalgrid 4.0K Jun  5 16:08 output
-rw-r--r--  1 shardulr fnalgrid  215 Jun  5 16:08 _condor_stderr
-rw-r--r--  1 shardulr fnalgrid  12K Jun  5 16:09 .update.ad
drwx------  8 shardulr fnalgrid 4.0K Jun  5 16:09 .
-rw-r--r--  1 shardulr fnalgrid 2.4K Jun  5 16:10 _condor_stdout
