[FERMIHTC-APPTAINER]: INFO -- No Apptainer image specified
[FERMIHTC-APPTAINER]: INFO -- Running job on the host machine

[FERMIHTC-APPTAINER]: INFO -- Running ./condor_exec.exe
Starting job on  Mon Jun 5 16:09:04 UTC 2023
Running on: Linux shardulr-32231638-301-cmswn2023.fnal.gov 3.10.0-1160.90.1.el7.x86_64 #1 SMP Thu Apr 27 13:14:20 CDT 2023 x86_64 x86_64 x86_64 GNU/Linux
System software: Scientific Linux release 7.9 (Nitrogen)
Running ls -alrth:
total 148K
-rw-r--r--  1 shardulr fnalgrid  11K Jun  5 16:09 .machine.ad
-rw-r--r--  1 shardulr fnalgrid 5.0K Jun  5 16:09 .job.ad
-rwx------  1 shardulr fnalgrid   49 Jun  5 16:09 .chirp.config
-rw-------  1 shardulr fnalgrid  11K Jun  5 16:09 x509up
drwxr-xr-x  2 shardulr fnalgrid 4.0K Jun  5 16:09 samples
drwxr-xr-x  2 shardulr fnalgrid 4.0K Jun  5 16:09 framework
-rw-r--r--  1 shardulr fnalgrid  56K Jun  5 16:09 singleStopAnalyzer.py
-rwxr-xr-x  1 shardulr fnalgrid  682 Jun  5 16:09 condor_exec.exe
-rw-r--r--  1 shardulr fnalgrid  935 Jun  5 16:09 bJetMatcher.py
-rw-r--r--  1 shardulr fnalgrid    0 Jun  5 16:09 docker_stderror
drwxrwxrwt  2 shardulr fnalgrid 4.0K Jun  5 16:09 tmp
drwxrwxrwt  3 shardulr fnalgrid 4.0K Jun  5 16:09 var
-rw-r--r--  1 shardulr fnalgrid  11K Jun  5 16:09 .update.ad
drwxr-xr-x  3 root     root     4.0K Jun  5 16:09 ..
srwxr-xr-x  1 shardulr fnalgrid    0 Jun  5 16:09 .docker_sock
-rw-r--r--  1 shardulr fnalgrid  113 Jun  5 16:09 _condor_stderr
drwx------  7 shardulr fnalgrid 4.0K Jun  5 16:09 .
drwxr-xr-x 17 shardulr fnalgrid 4.0K Jun  5 16:09 CMSSW_10_6_19_patch2
-rw-r--r--  1 shardulr fnalgrid  453 Jun  5 16:09 _condor_stdout
/storage/local/data1/condor/execute/dir_17977/CMSSW_10_6_19_patch2 is the CMSSW we created on the local worker node
Running over file index 302 for sample TT2018
Pre-select 12343 entries out of 726000 (1.70%)
Processed    10000/   12343 entries, 81.02% (elapsed time   224.4s, curr speed    0.045 kHz, avg speed    0.045 kHz), accepted      400/   10001 events ( 4.00%)
Processed 12343 preselected entries from root://cmsxrootd.fnal.gov//store/mc/RunIISummer20UL18NanoAODv9/TTToHadronic_TuneCP5_13TeV-powheg-pythia8/NANOAODSIM/106X_upgrade2018_realistic_v16_L1v1-v1/270000/7D5FC7C5-2C60-DD40-9070-7015C59E2C67.root (726000 entries). Finally selected 498 entries
Total time 440.7 sec. to process 726000 events. Rate = 1647.3 Hz.
Running pwd:
/storage/local/data1/condor/execute/dir_17977
Running ls -alrth:
total 156K
-rw-r--r--  1 shardulr fnalgrid  11K Jun  5 16:09 .machine.ad
-rw-r--r--  1 shardulr fnalgrid 5.0K Jun  5 16:09 .job.ad
-rwx------  1 shardulr fnalgrid   49 Jun  5 16:09 .chirp.config
-rw-------  1 shardulr fnalgrid  11K Jun  5 16:09 x509up
drwxr-xr-x  2 shardulr fnalgrid 4.0K Jun  5 16:09 samples
-rw-r--r--  1 shardulr fnalgrid  56K Jun  5 16:09 singleStopAnalyzer.py
-rwxr-xr-x  1 shardulr fnalgrid  682 Jun  5 16:09 condor_exec.exe
-rw-r--r--  1 shardulr fnalgrid  935 Jun  5 16:09 bJetMatcher.py
-rw-r--r--  1 shardulr fnalgrid    0 Jun  5 16:09 docker_stderror
drwxrwxrwt  2 shardulr fnalgrid 4.0K Jun  5 16:09 tmp
drwxrwxrwt  3 shardulr fnalgrid 4.0K Jun  5 16:09 var
drwxr-xr-x  3 root     root     4.0K Jun  5 16:09 ..
srwxr-xr-x  1 shardulr fnalgrid    0 Jun  5 16:09 .docker_sock
-rw-r--r--  1 shardulr fnalgrid  113 Jun  5 16:09 _condor_stderr
drwxr-xr-x 17 shardulr fnalgrid 4.0K Jun  5 16:09 CMSSW_10_6_19_patch2
drwxr-xr-x  2 shardulr fnalgrid 4.0K Jun  5 16:09 framework
-rw-r--r--  1 shardulr fnalgrid 1.7K Jun  5 16:09 bJetMatcher.pyc
drwxr-xr-x  3 shardulr fnalgrid 4.0K Jun  5 16:09 output
-rw-r--r--  1 shardulr fnalgrid  11K Jun  5 16:15 .update.ad
drwx------  8 shardulr fnalgrid 4.0K Jun  5 16:15 .
-rw-r--r--  1 shardulr fnalgrid 2.4K Jun  5 16:16 _condor_stdout
