[FERMIHTC-APPTAINER]: INFO -- No Apptainer image specified
[FERMIHTC-APPTAINER]: INFO -- Running job on the host machine

[FERMIHTC-APPTAINER]: INFO -- Running ./condor_exec.exe
Starting job on  Mon Jun 5 16:04:21 UTC 2023
Running on: Linux shardulr-32231638-141-cmswn2046.fnal.gov 3.10.0-1160.90.1.el7.x86_64 #1 SMP Thu Apr 27 13:14:20 CDT 2023 x86_64 x86_64 x86_64 GNU/Linux
System software: Scientific Linux release 7.9 (Nitrogen)
Running ls -alrth:
total 148K
-rw-r--r--  1 shardulr fnalgrid 5.0K Jun  5 16:04 .job.ad
-rw-r--r--  1 shardulr fnalgrid  11K Jun  5 16:04 .machine.ad
-rwx------  1 shardulr fnalgrid   49 Jun  5 16:04 .chirp.config
-rw-------  1 shardulr fnalgrid  11K Jun  5 16:04 x509up
drwxr-xr-x  2 shardulr fnalgrid 4.0K Jun  5 16:04 samples
-rw-r--r--  1 shardulr fnalgrid  56K Jun  5 16:04 singleStopAnalyzer.py
drwxr-xr-x  2 shardulr fnalgrid 4.0K Jun  5 16:04 framework
-rwxr-xr-x  1 shardulr fnalgrid  682 Jun  5 16:04 condor_exec.exe
-rw-r--r--  1 shardulr fnalgrid  935 Jun  5 16:04 bJetMatcher.py
-rw-r--r--  1 shardulr fnalgrid    0 Jun  5 16:04 docker_stderror
drwxrwxrwt  2 shardulr fnalgrid 4.0K Jun  5 16:04 tmp
drwxrwxrwt  3 shardulr fnalgrid 4.0K Jun  5 16:04 var
-rw-r--r--  1 shardulr fnalgrid  11K Jun  5 16:04 .update.ad
drwxr-xr-x  3 root     root     4.0K Jun  5 16:04 ..
srwxr-xr-x  1 shardulr fnalgrid    0 Jun  5 16:04 .docker_sock
-rw-r--r--  1 shardulr fnalgrid  113 Jun  5 16:04 _condor_stderr
drwx------  7 shardulr fnalgrid 4.0K Jun  5 16:04 .
drwxr-xr-x 17 shardulr fnalgrid 4.0K Jun  5 16:04 CMSSW_10_6_19_patch2
-rw-r--r--  1 shardulr fnalgrid  453 Jun  5 16:04 _condor_stdout
/storage/local/data1/condor/execute/dir_10828/CMSSW_10_6_19_patch2 is the CMSSW we created on the local worker node
Running over file index 142 for sample TT2018
Pre-select 12091 entries out of 690000 (1.75%)
Processed    10000/   12091 entries, 82.71% (elapsed time    49.2s, curr speed    0.203 kHz, avg speed    0.203 kHz), accepted      386/   10001 events ( 3.86%)
Processed 12091 preselected entries from root://cmsxrootd.fnal.gov//store/mc/RunIISummer20UL18NanoAODv9/TTToHadronic_TuneCP5_13TeV-powheg-pythia8/NANOAODSIM/106X_upgrade2018_realistic_v16_L1v1-v1/270000/1B6E5EEB-B1E1-D643-AF3F-09D4FE3F4306.root (690000 entries). Finally selected 477 entries
Total time 72.0 sec. to process 690000 events. Rate = 9589.7 Hz.
Running pwd:
/storage/local/data1/condor/execute/dir_10828
Running ls -alrth:
total 156K
-rw-r--r--  1 shardulr fnalgrid 5.0K Jun  5 16:04 .job.ad
-rw-r--r--  1 shardulr fnalgrid  11K Jun  5 16:04 .machine.ad
-rwx------  1 shardulr fnalgrid   49 Jun  5 16:04 .chirp.config
-rw-------  1 shardulr fnalgrid  11K Jun  5 16:04 x509up
drwxr-xr-x  2 shardulr fnalgrid 4.0K Jun  5 16:04 samples
-rw-r--r--  1 shardulr fnalgrid  56K Jun  5 16:04 singleStopAnalyzer.py
-rwxr-xr-x  1 shardulr fnalgrid  682 Jun  5 16:04 condor_exec.exe
-rw-r--r--  1 shardulr fnalgrid  935 Jun  5 16:04 bJetMatcher.py
-rw-r--r--  1 shardulr fnalgrid    0 Jun  5 16:04 docker_stderror
drwxrwxrwt  2 shardulr fnalgrid 4.0K Jun  5 16:04 tmp
drwxrwxrwt  3 shardulr fnalgrid 4.0K Jun  5 16:04 var
drwxr-xr-x  3 root     root     4.0K Jun  5 16:04 ..
srwxr-xr-x  1 shardulr fnalgrid    0 Jun  5 16:04 .docker_sock
drwxr-xr-x 17 shardulr fnalgrid 4.0K Jun  5 16:04 CMSSW_10_6_19_patch2
drwxr-xr-x  2 shardulr fnalgrid 4.0K Jun  5 16:04 framework
-rw-r--r--  1 shardulr fnalgrid 1.7K Jun  5 16:04 bJetMatcher.pyc
drwxr-xr-x  3 shardulr fnalgrid 4.0K Jun  5 16:04 output
-rw-r--r--  1 shardulr fnalgrid  215 Jun  5 16:04 _condor_stderr
-rw-r--r--  1 shardulr fnalgrid  11K Jun  5 16:04 .update.ad
drwx------  8 shardulr fnalgrid 4.0K Jun  5 16:04 .
-rw-r--r--  1 shardulr fnalgrid 2.4K Jun  5 16:05 _condor_stdout
