[FERMIHTC-APPTAINER]: INFO -- No Apptainer image specified
[FERMIHTC-APPTAINER]: INFO -- Running job on the host machine

[FERMIHTC-APPTAINER]: INFO -- Running ./condor_exec.exe
Starting job on  Mon Jun 5 16:07:02 UTC 2023
Running on: Linux shardulr-32231638-219-cmswn2111.fnal.gov 3.10.0-1160.90.1.el7.x86_64 #1 SMP Thu Apr 27 13:14:20 CDT 2023 x86_64 x86_64 x86_64 GNU/Linux
System software: Scientific Linux release 7.9 (Nitrogen)
Running ls -alrth:
total 148K
-rw-r--r--  1 shardulr fnalgrid  10K Jun  5 16:06 .machine.ad
-rw-r--r--  1 shardulr fnalgrid 5.0K Jun  5 16:06 .job.ad
-rwx------  1 shardulr fnalgrid   49 Jun  5 16:06 .chirp.config
-rw-------  1 shardulr fnalgrid  11K Jun  5 16:06 x509up
drwxr-xr-x  2 shardulr fnalgrid 4.0K Jun  5 16:06 samples
drwxr-xr-x  2 shardulr fnalgrid 4.0K Jun  5 16:06 framework
-rw-r--r--  1 shardulr fnalgrid  56K Jun  5 16:06 singleStopAnalyzer.py
-rwxr-xr-x  1 shardulr fnalgrid  682 Jun  5 16:06 condor_exec.exe
-rw-r--r--  1 shardulr fnalgrid  935 Jun  5 16:06 bJetMatcher.py
-rw-r--r--  1 shardulr fnalgrid    0 Jun  5 16:06 docker_stderror
drwxrwxrwt  3 shardulr fnalgrid 4.0K Jun  5 16:06 var
drwxrwxrwt  2 shardulr fnalgrid 4.0K Jun  5 16:06 tmp
-rw-r--r--  1 shardulr fnalgrid 9.7K Jun  5 16:06 .update.ad
drwxr-xr-x  3 root     root     4.0K Jun  5 16:07 ..
srwxr-xr-x  1 shardulr fnalgrid    0 Jun  5 16:07 .docker_sock
-rw-r--r--  1 shardulr fnalgrid  113 Jun  5 16:07 _condor_stderr
drwx------  7 shardulr fnalgrid 4.0K Jun  5 16:07 .
drwxr-xr-x 17 shardulr fnalgrid 4.0K Jun  5 16:07 CMSSW_10_6_19_patch2
-rw-r--r--  1 shardulr fnalgrid  453 Jun  5 16:07 _condor_stdout
/storage/local/data1/condor/execute/dir_46613/CMSSW_10_6_19_patch2 is the CMSSW we created on the local worker node
Running over file index 220 for sample TT2018
Pre-select 22695 entries out of 1320000 (1.72%)
Processed    10000/   22695 entries, 44.06% (elapsed time    38.4s, curr speed    0.261 kHz, avg speed    0.261 kHz), accepted      416/   10001 events ( 4.16%)
Processed    20000/   22695 entries, 88.13% (elapsed time    75.9s, curr speed    0.267 kHz, avg speed    0.264 kHz), accepted      822/   20001 events ( 4.11%)
Processed 22695 preselected entries from root://cmsxrootd.fnal.gov//store/mc/RunIISummer20UL18NanoAODv9/TTToHadronic_TuneCP5_13TeV-powheg-pythia8/NANOAODSIM/106X_upgrade2018_realistic_v16_L1v1-v1/270000/126D6C81-2140-BC47-824C-D7F575C35A1B.root (1320000 entries). Finally selected 923 entries
Total time 96.0 sec. to process 1320000 events. Rate = 13749.5 Hz.
Running pwd:
/storage/local/data1/condor/execute/dir_46613
Running ls -alrth:
total 156K
-rw-r--r--  1 shardulr fnalgrid  10K Jun  5 16:06 .machine.ad
-rw-r--r--  1 shardulr fnalgrid 5.0K Jun  5 16:06 .job.ad
-rwx------  1 shardulr fnalgrid   49 Jun  5 16:06 .chirp.config
-rw-------  1 shardulr fnalgrid  11K Jun  5 16:06 x509up
drwxr-xr-x  2 shardulr fnalgrid 4.0K Jun  5 16:06 samples
-rw-r--r--  1 shardulr fnalgrid  56K Jun  5 16:06 singleStopAnalyzer.py
-rwxr-xr-x  1 shardulr fnalgrid  682 Jun  5 16:06 condor_exec.exe
-rw-r--r--  1 shardulr fnalgrid  935 Jun  5 16:06 bJetMatcher.py
-rw-r--r--  1 shardulr fnalgrid    0 Jun  5 16:06 docker_stderror
drwxrwxrwt  3 shardulr fnalgrid 4.0K Jun  5 16:06 var
drwxrwxrwt  2 shardulr fnalgrid 4.0K Jun  5 16:06 tmp
-rw-r--r--  1 shardulr fnalgrid 9.7K Jun  5 16:06 .update.ad
drwxr-xr-x  3 root     root     4.0K Jun  5 16:07 ..
srwxr-xr-x  1 shardulr fnalgrid    0 Jun  5 16:07 .docker_sock
drwxr-xr-x 17 shardulr fnalgrid 4.0K Jun  5 16:07 CMSSW_10_6_19_patch2
drwxr-xr-x  2 shardulr fnalgrid 4.0K Jun  5 16:07 framework
-rw-r--r--  1 shardulr fnalgrid 1.7K Jun  5 16:07 bJetMatcher.pyc
drwxr-xr-x  3 shardulr fnalgrid 4.0K Jun  5 16:07 output
drwx------  8 shardulr fnalgrid 4.0K Jun  5 16:07 .
-rw-r--r--  1 shardulr fnalgrid  215 Jun  5 16:07 _condor_stderr
-rw-r--r--  1 shardulr fnalgrid 2.6K Jun  5 16:08 _condor_stdout
