[FERMIHTC-APPTAINER]: INFO -- No Apptainer image specified
[FERMIHTC-APPTAINER]: INFO -- Running job on the host machine

[FERMIHTC-APPTAINER]: INFO -- Running ./condor_exec.exe
Starting job on  Mon Jun 5 16:00:45 UTC 2023
Running on: Linux shardulr-32231638-43-cmswn2079.fnal.gov 3.10.0-1160.90.1.el7.x86_64 #1 SMP Thu Apr 27 13:14:20 CDT 2023 x86_64 x86_64 x86_64 GNU/Linux
System software: Scientific Linux release 7.9 (Nitrogen)
Running ls -alrth:
total 148K
-rw-r--r--  1 shardulr fnalgrid 5.0K Jun  5 16:00 .job.ad
-rw-r--r--  1 shardulr fnalgrid  11K Jun  5 16:00 .machine.ad
-rwx------  1 shardulr fnalgrid   49 Jun  5 16:00 .chirp.config
-rw-------  1 shardulr fnalgrid  11K Jun  5 16:00 x509up
drwxr-xr-x  2 shardulr fnalgrid 4.0K Jun  5 16:00 samples
drwxr-xr-x  2 shardulr fnalgrid 4.0K Jun  5 16:00 framework
-rw-r--r--  1 shardulr fnalgrid  56K Jun  5 16:00 singleStopAnalyzer.py
-rwxr-xr-x  1 shardulr fnalgrid  681 Jun  5 16:00 condor_exec.exe
-rw-r--r--  1 shardulr fnalgrid  935 Jun  5 16:00 bJetMatcher.py
-rw-r--r--  1 shardulr fnalgrid    0 Jun  5 16:00 docker_stderror
drwxrwxrwt  3 shardulr fnalgrid 4.0K Jun  5 16:00 var
drwxrwxrwt  2 shardulr fnalgrid 4.0K Jun  5 16:00 tmp
-rw-r--r--  1 shardulr fnalgrid  11K Jun  5 16:00 .update.ad
drwxr-xr-x  3 root     root     4.0K Jun  5 16:00 ..
srwxr-xr-x  1 shardulr fnalgrid    0 Jun  5 16:00 .docker_sock
-rw-r--r--  1 shardulr fnalgrid  113 Jun  5 16:00 _condor_stderr
drwx------  7 shardulr fnalgrid 4.0K Jun  5 16:00 .
drwxr-xr-x 17 shardulr fnalgrid 4.0K Jun  5 16:00 CMSSW_10_6_19_patch2
-rw-r--r--  1 shardulr fnalgrid  452 Jun  5 16:00 _condor_stdout
/storage/local/data1/condor/execute/dir_47352/CMSSW_10_6_19_patch2 is the CMSSW we created on the local worker node
Running over file index 44 for sample TT2018
Pre-select 12278 entries out of 712000 (1.72%)
Processed    10000/   12278 entries, 81.45% (elapsed time   218.7s, curr speed    0.046 kHz, avg speed    0.046 kHz), accepted      394/   10001 events ( 3.94%)
Processed 12278 preselected entries from root://cmsxrootd.fnal.gov//store/mc/RunIISummer20UL18NanoAODv9/TTToHadronic_TuneCP5_13TeV-powheg-pythia8/NANOAODSIM/106X_upgrade2018_realistic_v16_L1v1-v1/130000/AD475E6E-04EA-7E46-B801-F1B8CE705351.root (712000 entries). Finally selected 500 entries
Total time 301.7 sec. to process 712000 events. Rate = 2360.1 Hz.
Running pwd:
/storage/local/data1/condor/execute/dir_47352
Running ls -alrth:
total 156K
-rw-r--r--  1 shardulr fnalgrid 5.0K Jun  5 16:00 .job.ad
-rw-r--r--  1 shardulr fnalgrid  11K Jun  5 16:00 .machine.ad
-rwx------  1 shardulr fnalgrid   49 Jun  5 16:00 .chirp.config
-rw-------  1 shardulr fnalgrid  11K Jun  5 16:00 x509up
drwxr-xr-x  2 shardulr fnalgrid 4.0K Jun  5 16:00 samples
-rw-r--r--  1 shardulr fnalgrid  56K Jun  5 16:00 singleStopAnalyzer.py
-rwxr-xr-x  1 shardulr fnalgrid  681 Jun  5 16:00 condor_exec.exe
-rw-r--r--  1 shardulr fnalgrid  935 Jun  5 16:00 bJetMatcher.py
-rw-r--r--  1 shardulr fnalgrid    0 Jun  5 16:00 docker_stderror
drwxrwxrwt  3 shardulr fnalgrid 4.0K Jun  5 16:00 var
drwxrwxrwt  2 shardulr fnalgrid 4.0K Jun  5 16:00 tmp
drwxr-xr-x  3 root     root     4.0K Jun  5 16:00 ..
srwxr-xr-x  1 shardulr fnalgrid    0 Jun  5 16:00 .docker_sock
-rw-r--r--  1 shardulr fnalgrid  113 Jun  5 16:00 _condor_stderr
drwxr-xr-x 17 shardulr fnalgrid 4.0K Jun  5 16:00 CMSSW_10_6_19_patch2
drwxr-xr-x  2 shardulr fnalgrid 4.0K Jun  5 16:00 framework
-rw-r--r--  1 shardulr fnalgrid 1.7K Jun  5 16:00 bJetMatcher.pyc
drwxr-xr-x  3 shardulr fnalgrid 4.0K Jun  5 16:00 output
-rw-r--r--  1 shardulr fnalgrid  11K Jun  5 16:05 .update.ad
drwx------  8 shardulr fnalgrid 4.0K Jun  5 16:05 .
-rw-r--r--  1 shardulr fnalgrid 2.4K Jun  5 16:06 _condor_stdout
