[FERMIHTC-APPTAINER]: INFO -- No Apptainer image specified
[FERMIHTC-APPTAINER]: INFO -- Running job on the host machine

[FERMIHTC-APPTAINER]: INFO -- Running ./condor_exec.exe
Starting job on  Mon Jun 5 16:05:26 UTC 2023
Running on: Linux shardulr-32231638-172-cmswn2079.fnal.gov 3.10.0-1160.90.1.el7.x86_64 #1 SMP Thu Apr 27 13:14:20 CDT 2023 x86_64 x86_64 x86_64 GNU/Linux
System software: Scientific Linux release 7.9 (Nitrogen)
Running ls -alrth:
total 148K
-rw-r--r--  1 shardulr fnalgrid  11K Jun  5 16:05 .machine.ad
-rw-r--r--  1 shardulr fnalgrid 5.0K Jun  5 16:05 .job.ad
-rwx------  1 shardulr fnalgrid   49 Jun  5 16:05 .chirp.config
-rw-------  1 shardulr fnalgrid  11K Jun  5 16:05 x509up
drwxr-xr-x  2 shardulr fnalgrid 4.0K Jun  5 16:05 samples
drwxr-xr-x  2 shardulr fnalgrid 4.0K Jun  5 16:05 framework
-rw-r--r--  1 shardulr fnalgrid  56K Jun  5 16:05 singleStopAnalyzer.py
-rw-r--r--  1 shardulr fnalgrid  935 Jun  5 16:05 bJetMatcher.py
-rwxr-xr-x  1 shardulr fnalgrid  682 Jun  5 16:05 condor_exec.exe
-rw-r--r--  1 shardulr fnalgrid    0 Jun  5 16:05 docker_stderror
drwxrwxrwt  3 shardulr fnalgrid 4.0K Jun  5 16:05 var
drwxrwxrwt  2 shardulr fnalgrid 4.0K Jun  5 16:05 tmp
-rw-r--r--  1 shardulr fnalgrid  11K Jun  5 16:05 .update.ad
drwxr-xr-x  3 root     root     4.0K Jun  5 16:05 ..
srwxr-xr-x  1 shardulr fnalgrid    0 Jun  5 16:05 .docker_sock
-rw-r--r--  1 shardulr fnalgrid  113 Jun  5 16:05 _condor_stderr
drwx------  7 shardulr fnalgrid 4.0K Jun  5 16:05 .
drwxr-xr-x 17 shardulr fnalgrid 4.0K Jun  5 16:05 CMSSW_10_6_19_patch2
-rw-r--r--  1 shardulr fnalgrid  453 Jun  5 16:05 _condor_stdout
/storage/local/data1/condor/execute/dir_52734/CMSSW_10_6_19_patch2 is the CMSSW we created on the local worker node
Running over file index 173 for sample TT2018
Pre-select 22953 entries out of 1320000 (1.74%)
Processed    10000/   22953 entries, 43.57% (elapsed time   152.6s, curr speed    0.066 kHz, avg speed    0.066 kHz), accepted      389/   10001 events ( 3.89%)
Processed    20000/   22953 entries, 87.13% (elapsed time   304.8s, curr speed    0.066 kHz, avg speed    0.066 kHz), accepted      806/   20001 events ( 4.03%)
Processed 22953 preselected entries from root://cmsxrootd.fnal.gov//store/mc/RunIISummer20UL18NanoAODv9/TTToHadronic_TuneCP5_13TeV-powheg-pythia8/NANOAODSIM/106X_upgrade2018_realistic_v16_L1v1-v1/270000/519895C6-E7BF-1144-BC1F-740677310BFC.root (1320000 entries). Finally selected 940 entries
Total time 395.2 sec. to process 1320000 events. Rate = 3340.4 Hz.
Running pwd:
/storage/local/data1/condor/execute/dir_52734
Running ls -alrth:
total 156K
-rw-r--r--  1 shardulr fnalgrid  11K Jun  5 16:05 .machine.ad
-rw-r--r--  1 shardulr fnalgrid 5.0K Jun  5 16:05 .job.ad
-rwx------  1 shardulr fnalgrid   49 Jun  5 16:05 .chirp.config
-rw-------  1 shardulr fnalgrid  11K Jun  5 16:05 x509up
drwxr-xr-x  2 shardulr fnalgrid 4.0K Jun  5 16:05 samples
-rw-r--r--  1 shardulr fnalgrid  56K Jun  5 16:05 singleStopAnalyzer.py
-rw-r--r--  1 shardulr fnalgrid  935 Jun  5 16:05 bJetMatcher.py
-rwxr-xr-x  1 shardulr fnalgrid  682 Jun  5 16:05 condor_exec.exe
-rw-r--r--  1 shardulr fnalgrid    0 Jun  5 16:05 docker_stderror
drwxrwxrwt  3 shardulr fnalgrid 4.0K Jun  5 16:05 var
drwxrwxrwt  2 shardulr fnalgrid 4.0K Jun  5 16:05 tmp
drwxr-xr-x  3 root     root     4.0K Jun  5 16:05 ..
srwxr-xr-x  1 shardulr fnalgrid    0 Jun  5 16:05 .docker_sock
-rw-r--r--  1 shardulr fnalgrid  113 Jun  5 16:05 _condor_stderr
drwxr-xr-x 17 shardulr fnalgrid 4.0K Jun  5 16:05 CMSSW_10_6_19_patch2
drwxr-xr-x  2 shardulr fnalgrid 4.0K Jun  5 16:05 framework
-rw-r--r--  1 shardulr fnalgrid 1.7K Jun  5 16:05 bJetMatcher.pyc
drwxr-xr-x  3 shardulr fnalgrid 4.0K Jun  5 16:05 output
-rw-r--r--  1 shardulr fnalgrid  11K Jun  5 16:12 .update.ad
drwx------  8 shardulr fnalgrid 4.0K Jun  5 16:12 .
-rw-r--r--  1 shardulr fnalgrid 2.6K Jun  5 16:12 _condor_stdout
