[FERMIHTC-APPTAINER]: INFO -- No Apptainer image specified
[FERMIHTC-APPTAINER]: INFO -- Running job on the host machine

[FERMIHTC-APPTAINER]: INFO -- Running ./condor_exec.exe
Starting job on  Mon Jun 5 16:09:38 UTC 2023
Running on: Linux shardulr-32231638-330-cmswn2101.fnal.gov 3.10.0-1160.90.1.el7.x86_64 #1 SMP Thu Apr 27 13:14:20 CDT 2023 x86_64 x86_64 x86_64 GNU/Linux
System software: Scientific Linux release 7.9 (Nitrogen)
Running ls -alrth:
total 148K
-rw-r--r--  1 shardulr fnalgrid  11K Jun  5 16:09 .machine.ad
-rw-r--r--  1 shardulr fnalgrid 5.0K Jun  5 16:09 .job.ad
-rwx------  1 shardulr fnalgrid   49 Jun  5 16:09 .chirp.config
-rw-------  1 shardulr fnalgrid  11K Jun  5 16:09 x509up
drwxr-xr-x  2 shardulr fnalgrid 4.0K Jun  5 16:09 samples
drwxr-xr-x  2 shardulr fnalgrid 4.0K Jun  5 16:09 framework
-rw-r--r--  1 shardulr fnalgrid  56K Jun  5 16:09 singleStopAnalyzer.py
-rwxr-xr-x  1 shardulr fnalgrid  682 Jun  5 16:09 condor_exec.exe
-rw-r--r--  1 shardulr fnalgrid  935 Jun  5 16:09 bJetMatcher.py
-rw-r--r--  1 shardulr fnalgrid    0 Jun  5 16:09 docker_stderror
drwxrwxrwt  3 shardulr fnalgrid 4.0K Jun  5 16:09 var
drwxrwxrwt  2 shardulr fnalgrid 4.0K Jun  5 16:09 tmp
-rw-r--r--  1 shardulr fnalgrid  11K Jun  5 16:09 .update.ad
drwxr-xr-x  3 root     root     4.0K Jun  5 16:09 ..
srwxr-xr-x  1 shardulr fnalgrid    0 Jun  5 16:09 .docker_sock
-rw-r--r--  1 shardulr fnalgrid  113 Jun  5 16:09 _condor_stderr
drwx------  7 shardulr fnalgrid 4.0K Jun  5 16:09 .
drwxr-xr-x 17 shardulr fnalgrid 4.0K Jun  5 16:09 CMSSW_10_6_19_patch2
-rw-r--r--  1 shardulr fnalgrid  453 Jun  5 16:09 _condor_stdout
/storage/local/data1/condor/execute/dir_18363/CMSSW_10_6_19_patch2 is the CMSSW we created on the local worker node
Running over file index 331 for sample TT2018
Pre-select 14887 entries out of 858000 (1.74%)
Processed    10000/   14887 entries, 67.17% (elapsed time   128.4s, curr speed    0.078 kHz, avg speed    0.078 kHz), accepted      420/   10001 events ( 4.20%)
Processed 14887 preselected entries from root://cmsxrootd.fnal.gov//store/mc/RunIISummer20UL18NanoAODv9/TTToHadronic_TuneCP5_13TeV-powheg-pythia8/NANOAODSIM/106X_upgrade2018_realistic_v16_L1v1-v1/270000/F43C2AF4-8C6E-3C45-9FA2-51A8DF972BC2.root (858000 entries). Finally selected 647 entries
Total time 242.1 sec. to process 858000 events. Rate = 3543.4 Hz.
Running pwd:
/storage/local/data1/condor/execute/dir_18363
Running ls -alrth:
total 156K
-rw-r--r--  1 shardulr fnalgrid  11K Jun  5 16:09 .machine.ad
-rw-r--r--  1 shardulr fnalgrid 5.0K Jun  5 16:09 .job.ad
-rwx------  1 shardulr fnalgrid   49 Jun  5 16:09 .chirp.config
-rw-------  1 shardulr fnalgrid  11K Jun  5 16:09 x509up
drwxr-xr-x  2 shardulr fnalgrid 4.0K Jun  5 16:09 samples
-rw-r--r--  1 shardulr fnalgrid  56K Jun  5 16:09 singleStopAnalyzer.py
-rwxr-xr-x  1 shardulr fnalgrid  682 Jun  5 16:09 condor_exec.exe
-rw-r--r--  1 shardulr fnalgrid  935 Jun  5 16:09 bJetMatcher.py
-rw-r--r--  1 shardulr fnalgrid    0 Jun  5 16:09 docker_stderror
drwxrwxrwt  3 shardulr fnalgrid 4.0K Jun  5 16:09 var
drwxrwxrwt  2 shardulr fnalgrid 4.0K Jun  5 16:09 tmp
drwxr-xr-x  3 root     root     4.0K Jun  5 16:09 ..
srwxr-xr-x  1 shardulr fnalgrid    0 Jun  5 16:09 .docker_sock
-rw-r--r--  1 shardulr fnalgrid  113 Jun  5 16:09 _condor_stderr
drwxr-xr-x 17 shardulr fnalgrid 4.0K Jun  5 16:09 CMSSW_10_6_19_patch2
drwxr-xr-x  2 shardulr fnalgrid 4.0K Jun  5 16:09 framework
-rw-r--r--  1 shardulr fnalgrid 1.7K Jun  5 16:09 bJetMatcher.pyc
drwxr-xr-x  3 shardulr fnalgrid 4.0K Jun  5 16:09 output
-rw-r--r--  1 shardulr fnalgrid  11K Jun  5 16:13 .update.ad
drwx------  8 shardulr fnalgrid 4.0K Jun  5 16:13 .
-rw-r--r--  1 shardulr fnalgrid 2.4K Jun  5 16:13 _condor_stdout
