000 (32129155.071.000) 2023-05-16 09:43:09 Job submitted from host: <131.225.204.62:9618?addrs=131.225.204.62-9618+[2620-6a-0-8420-f0-0-204-62]-9618&alias=lpcschedd5.fnal.gov&noUDP&sock=schedd_3502_a8c0>
...
040 (32129155.071.000) 2023-05-16 09:45:59 Entered queue to transfer input files
	Transferring to host: <131.225.188.227:9618?addrs=[2620-6a-0-8421-f0-0-188-227]-9618+131.225.188.227-9618&alias=cmswn2071.fnal.gov&noUDP&sock=slot1_18_2022_6e8b_8590>
...
040 (32129155.071.000) 2023-05-16 09:46:00 Started transferring input files
	Seconds spent in queue: 1
...
040 (32129155.071.000) 2023-05-16 09:46:00 Finished transferring input files
...
001 (32129155.071.000) 2023-05-16 09:46:00 Job executing on host: <131.225.188.227:9618?addrs=[2620-6a-0-8421-f0-0-188-227]-9618+131.225.188.227-9618&alias=cmswn2071.fnal.gov&noUDP&sock=startd_1930_65df>
...
006 (32129155.071.000) 2023-05-16 09:46:59 Image size of job updated: 128
	128  -  MemoryUsage of job (MB)
	131788  -  ResidentSetSize of job (KB)
...
040 (32129155.071.000) 2023-05-16 09:46:59 Started transferring output files
	Seconds spent in queue: 60
...
040 (32129155.071.000) 2023-05-16 09:46:59 Finished transferring output files
...
005 (32129155.071.000) 2023-05-16 09:47:02 Job terminated.
	(1) Normal termination (return value 0)
		Usr 0 00:00:00, Sys 0 00:00:00  -  Run Remote Usage
		Usr 0 00:00:00, Sys 0 00:00:00  -  Run Local Usage
		Usr 0 00:00:00, Sys 0 00:00:00  -  Total Remote Usage
		Usr 0 00:00:00, Sys 0 00:00:00  -  Total Local Usage
	63342  -  Run Bytes Sent By Job
	173254  -  Run Bytes Received By Job
	63342  -  Total Bytes Sent By Job
	173254  -  Total Bytes Received By Job
	Partitionable Resources :    Usage  Request Allocated 
	   Cpus                 :     0.00        1         1 
	   Disk (KB)            :   774         175   1621266 
	   Memory (MB)          :   128        2048      2048 

	Job terminated of its own accord at 2023-05-16T14:46:59Z with exit-code 0.
...
