000 (32129155.087.000) 2023-05-16 09:43:09 Job submitted from host: <131.225.204.62:9618?addrs=131.225.204.62-9618+[2620-6a-0-8420-f0-0-204-62]-9618&alias=lpcschedd5.fnal.gov&noUDP&sock=schedd_3502_a8c0>
...
040 (32129155.087.000) 2023-05-16 09:46:18 Started transferring input files
	Transferring to host: <131.225.188.14:9618?addrs=[2620-6a-0-8421-f0-0-188-14]-9618+131.225.188.14-9618&alias=cmswn2019.fnal.gov&noUDP&sock=slot1_33_2024_d74b_4085>
...
040 (32129155.087.000) 2023-05-16 09:46:18 Finished transferring input files
...
001 (32129155.087.000) 2023-05-16 09:46:18 Job executing on host: <131.225.188.14:9618?addrs=[2620-6a-0-8421-f0-0-188-14]-9618+131.225.188.14-9618&alias=cmswn2019.fnal.gov&noUDP&sock=startd_1918_2abc>
...
006 (32129155.087.000) 2023-05-16 09:47:26 Image size of job updated: 154
	154  -  MemoryUsage of job (MB)
	158660  -  ResidentSetSize of job (KB)
...
006 (32129155.087.000) 2023-05-16 09:47:42 Image size of job updated: 155
	155  -  MemoryUsage of job (MB)
	159252  -  ResidentSetSize of job (KB)
...
040 (32129155.087.000) 2023-05-16 09:47:42 Started transferring output files
...
040 (32129155.087.000) 2023-05-16 09:47:42 Finished transferring output files
...
005 (32129155.087.000) 2023-05-16 09:47:44 Job terminated.
	(1) Normal termination (return value 0)
		Usr 0 00:00:07, Sys 0 00:00:01  -  Run Remote Usage
		Usr 0 00:00:00, Sys 0 00:00:00  -  Run Local Usage
		Usr 0 00:00:07, Sys 0 00:00:01  -  Total Remote Usage
		Usr 0 00:00:00, Sys 0 00:00:00  -  Total Local Usage
	67469  -  Run Bytes Sent By Job
	173254  -  Run Bytes Received By Job
	67469  -  Total Bytes Sent By Job
	173254  -  Total Bytes Received By Job
	Partitionable Resources :    Usage  Request Allocated 
	   Cpus                 :     0.00        1         1 
	   Disk (KB)            :   779         175   1636260 
	   Memory (MB)          :   155        2048      2048 

	Job terminated of its own accord at 2023-05-16T14:47:42Z with exit-code 0.
...
