000 (32129155.101.000) 2023-05-16 09:43:09 Job submitted from host: <131.225.204.62:9618?addrs=131.225.204.62-9618+[2620-6a-0-8420-f0-0-204-62]-9618&alias=lpcschedd5.fnal.gov&noUDP&sock=schedd_3502_a8c0>
...
040 (32129155.101.000) 2023-05-16 09:46:51 Started transferring input files
	Transferring to host: <131.225.189.154:9618?addrs=[2620-6a-0-8421-f0-0-189-154]-9618+131.225.189.154-9618&alias=cmswn2111.fnal.gov&noUDP&sock=slot1_9_2248_ab54_4975>
...
040 (32129155.101.000) 2023-05-16 09:46:51 Finished transferring input files
...
001 (32129155.101.000) 2023-05-16 09:46:51 Job executing on host: <131.225.189.154:9618?addrs=[2620-6a-0-8421-f0-0-189-154]-9618+131.225.189.154-9618&alias=cmswn2111.fnal.gov&noUDP&sock=startd_2059_e197>
...
006 (32129155.101.000) 2023-05-16 09:47:00 Image size of job updated: 7
	7  -  MemoryUsage of job (MB)
	7668  -  ResidentSetSize of job (KB)
...
006 (32129155.101.000) 2023-05-16 09:47:40 Image size of job updated: 140
	140  -  MemoryUsage of job (MB)
	144236  -  ResidentSetSize of job (KB)
...
040 (32129155.101.000) 2023-05-16 09:47:40 Started transferring output files
...
040 (32129155.101.000) 2023-05-16 09:47:40 Finished transferring output files
...
005 (32129155.101.000) 2023-05-16 09:47:42 Job terminated.
	(1) Normal termination (return value 0)
		Usr 0 00:00:22, Sys 0 00:00:02  -  Run Remote Usage
		Usr 0 00:00:00, Sys 0 00:00:00  -  Run Local Usage
		Usr 0 00:00:22, Sys 0 00:00:02  -  Total Remote Usage
		Usr 0 00:00:00, Sys 0 00:00:00  -  Total Local Usage
	75595  -  Run Bytes Sent By Job
	173255  -  Run Bytes Received By Job
	75595  -  Total Bytes Sent By Job
	173255  -  Total Bytes Received By Job
	Partitionable Resources :    Usage  Request Allocated 
	   Cpus                 :     0.25        1         1 
	   Disk (KB)            :   786         175   3465150 
	   Memory (MB)          :   140        2048      2048 

	Job terminated of its own accord at 2023-05-16T14:47:40Z with exit-code 0.
...
