000 (32129155.093.000) 2023-05-16 09:43:09 Job submitted from host: <131.225.204.62:9618?addrs=131.225.204.62-9618+[2620-6a-0-8420-f0-0-204-62]-9618&alias=lpcschedd5.fnal.gov&noUDP&sock=schedd_3502_a8c0>
...
040 (32129155.093.000) 2023-05-16 09:46:35 Started transferring input files
	Transferring to host: <131.225.188.172:9618?addrs=[2620-6a-0-8421-f0-0-188-172]-9618+131.225.188.172-9618&alias=cmswn2057.fnal.gov&noUDP&sock=slot1_20_2011_ae6b_45705>
...
040 (32129155.093.000) 2023-05-16 09:46:35 Finished transferring input files
...
001 (32129155.093.000) 2023-05-16 09:46:35 Job executing on host: <131.225.188.172:9618?addrs=[2620-6a-0-8421-f0-0-188-172]-9618+131.225.188.172-9618&alias=cmswn2057.fnal.gov&noUDP&sock=startd_1923_98b6>
...
006 (32129155.093.000) 2023-05-16 09:47:46 Image size of job updated: 88
	88  -  MemoryUsage of job (MB)
	90212  -  ResidentSetSize of job (KB)
...
006 (32129155.093.000) 2023-05-16 09:48:02 Image size of job updated: 129
	129  -  MemoryUsage of job (MB)
	133016  -  ResidentSetSize of job (KB)
...
040 (32129155.093.000) 2023-05-16 09:48:02 Started transferring output files
...
040 (32129155.093.000) 2023-05-16 09:48:02 Finished transferring output files
...
005 (32129155.093.000) 2023-05-16 09:48:05 Job terminated.
	(1) Normal termination (return value 0)
		Usr 0 00:00:02, Sys 0 00:00:01  -  Run Remote Usage
		Usr 0 00:00:00, Sys 0 00:00:00  -  Run Local Usage
		Usr 0 00:00:02, Sys 0 00:00:01  -  Total Remote Usage
		Usr 0 00:00:00, Sys 0 00:00:00  -  Total Local Usage
	69730  -  Run Bytes Sent By Job
	173254  -  Run Bytes Received By Job
	69730  -  Total Bytes Sent By Job
	173254  -  Total Bytes Received By Job
	Partitionable Resources :    Usage  Request Allocated 
	   Cpus                 :        0        1         1 
	   Disk (KB)            :      781      175   1634173 
	   Memory (MB)          :      129     2048      2048 

	Job terminated of its own accord at 2023-05-16T14:48:02Z with exit-code 0.
...
