000 (32129155.059.000) 2023-05-16 09:43:09 Job submitted from host: <131.225.204.62:9618?addrs=131.225.204.62-9618+[2620-6a-0-8420-f0-0-204-62]-9618&alias=lpcschedd5.fnal.gov&noUDP&sock=schedd_3502_a8c0>
...
040 (32129155.059.000) 2023-05-16 09:45:39 Entered queue to transfer input files
	Transferring to host: <131.225.188.14:9618?addrs=[2620-6a-0-8421-f0-0-188-14]-9618+131.225.188.14-9618&alias=cmswn2019.fnal.gov&noUDP&sock=slot1_29_2024_d74b_4080>
...
040 (32129155.059.000) 2023-05-16 09:46:00 Started transferring input files
	Seconds spent in queue: 21
...
040 (32129155.059.000) 2023-05-16 09:46:00 Finished transferring input files
...
001 (32129155.059.000) 2023-05-16 09:46:00 Job executing on host: <131.225.188.14:9618?addrs=[2620-6a-0-8421-f0-0-188-14]-9618+131.225.188.14-9618&alias=cmswn2019.fnal.gov&noUDP&sock=startd_1918_2abc>
...
006 (32129155.059.000) 2023-05-16 09:47:10 Image size of job updated: 130
	130  -  MemoryUsage of job (MB)
	133532  -  ResidentSetSize of job (KB)
...
040 (32129155.059.000) 2023-05-16 09:47:37 Started transferring output files
	Seconds spent in queue: 118
...
040 (32129155.059.000) 2023-05-16 09:47:37 Finished transferring output files
...
005 (32129155.059.000) 2023-05-16 09:47:39 Job terminated.
	(1) Normal termination (return value 0)
		Usr 0 00:00:40, Sys 0 00:00:03  -  Run Remote Usage
		Usr 0 00:00:00, Sys 0 00:00:00  -  Run Local Usage
		Usr 0 00:00:40, Sys 0 00:00:03  -  Total Remote Usage
		Usr 0 00:00:00, Sys 0 00:00:00  -  Total Local Usage
	86984  -  Run Bytes Sent By Job
	173254  -  Run Bytes Received By Job
	86984  -  Total Bytes Sent By Job
	173254  -  Total Bytes Received By Job
	Partitionable Resources :    Usage  Request Allocated 
	   Cpus                 :     0.00        1         1 
	   Disk (KB)            :   798         175   1636260 
	   Memory (MB)          :   130        2048      2048 

	Job terminated of its own accord at 2023-05-16T14:47:36Z with exit-code 0.
...
