000 (32129155.105.000) 2023-05-16 09:43:09 Job submitted from host: <131.225.204.62:9618?addrs=131.225.204.62-9618+[2620-6a-0-8420-f0-0-204-62]-9618&alias=lpcschedd5.fnal.gov&noUDP&sock=schedd_3502_a8c0>
...
040 (32129155.105.000) 2023-05-16 09:47:05 Started transferring input files
	Transferring to host: <131.225.188.91:9618?addrs=[2620-6a-0-8421-f0-0-188-91]-9618+131.225.188.91-9618&alias=cmswn2044.fnal.gov&noUDP&sock=slot1_15_2078_e38e_23105>
...
040 (32129155.105.000) 2023-05-16 09:47:05 Finished transferring input files
...
001 (32129155.105.000) 2023-05-16 09:47:05 Job executing on host: <131.225.188.91:9618?addrs=[2620-6a-0-8421-f0-0-188-91]-9618+131.225.188.91-9618&alias=cmswn2044.fnal.gov&noUDP&sock=startd_1974_940a>
...
006 (32129155.105.000) 2023-05-16 09:48:15 Image size of job updated: 141
	141  -  MemoryUsage of job (MB)
	144408  -  ResidentSetSize of job (KB)
...
006 (32129155.105.000) 2023-05-16 09:49:15 Image size of job updated: 141
	141  -  MemoryUsage of job (MB)
	144412  -  ResidentSetSize of job (KB)
...
006 (32129155.105.000) 2023-05-16 09:50:16 Image size of job updated: 141
	141  -  MemoryUsage of job (MB)
	144564  -  ResidentSetSize of job (KB)
...
040 (32129155.105.000) 2023-05-16 09:55:17 Started transferring output files
...
040 (32129155.105.000) 2023-05-16 09:55:17 Finished transferring output files
...
005 (32129155.105.000) 2023-05-16 09:55:21 Job terminated.
	(1) Normal termination (return value 0)
		Usr 0 00:04:39, Sys 0 00:00:15  -  Run Remote Usage
		Usr 0 00:00:00, Sys 0 00:00:00  -  Run Local Usage
		Usr 0 00:04:39, Sys 0 00:00:15  -  Total Remote Usage
		Usr 0 00:00:00, Sys 0 00:00:00  -  Total Local Usage
	93091  -  Run Bytes Sent By Job
	173255  -  Run Bytes Received By Job
	93091  -  Total Bytes Sent By Job
	173255  -  Total Bytes Received By Job
	Partitionable Resources :    Usage  Request Allocated 
	   Cpus                 :     0.00        1         1 
	   Disk (KB)            :   806         175   1625553 
	   Memory (MB)          :   141        2048      2048 

	Job terminated of its own accord at 2023-05-16T14:55:17Z with exit-code 0.
...
