000 (32129155.029.000) 2023-05-16 09:43:09 Job submitted from host: <131.225.204.62:9618?addrs=131.225.204.62-9618+[2620-6a-0-8420-f0-0-204-62]-9618&alias=lpcschedd5.fnal.gov&noUDP&sock=schedd_3502_a8c0>
...
040 (32129155.029.000) 2023-05-16 09:44:45 Started transferring input files
	Transferring to host: <131.225.188.137:9618?addrs=[2620-6a-0-8421-f0-0-188-137]-9618+131.225.188.137-9618&alias=cmswn2050.fnal.gov&noUDP&sock=slot1_13_2106_9e0f_77910>
...
040 (32129155.029.000) 2023-05-16 09:44:45 Finished transferring input files
...
001 (32129155.029.000) 2023-05-16 09:44:45 Job executing on host: <131.225.188.137:9618?addrs=[2620-6a-0-8421-f0-0-188-137]-9618+131.225.188.137-9618&alias=cmswn2050.fnal.gov&noUDP&sock=startd_1915_1bf4>
...
006 (32129155.029.000) 2023-05-16 09:45:54 Image size of job updated: 46
	46  -  MemoryUsage of job (MB)
	47892  -  ResidentSetSize of job (KB)
...
006 (32129155.029.000) 2023-05-16 09:46:16 Image size of job updated: 140
	140  -  MemoryUsage of job (MB)
	143380  -  ResidentSetSize of job (KB)
...
040 (32129155.029.000) 2023-05-16 09:46:16 Started transferring output files
...
040 (32129155.029.000) 2023-05-16 09:46:17 Finished transferring output files
...
005 (32129155.029.000) 2023-05-16 09:46:21 Job terminated.
	(1) Normal termination (return value 0)
		Usr 0 00:00:01, Sys 0 00:00:01  -  Run Remote Usage
		Usr 0 00:00:00, Sys 0 00:00:00  -  Run Local Usage
		Usr 0 00:00:01, Sys 0 00:00:01  -  Total Remote Usage
		Usr 0 00:00:00, Sys 0 00:00:00  -  Total Local Usage
	63395  -  Run Bytes Sent By Job
	173254  -  Run Bytes Received By Job
	63395  -  Total Bytes Sent By Job
	173254  -  Total Bytes Received By Job
	Partitionable Resources :    Usage  Request Allocated 
	   Cpus                 :     0.00        1         1 
	   Disk (KB)            :   776         175   1621026 
	   Memory (MB)          :   140        2048      2048 

	Job terminated of its own accord at 2023-05-16T14:46:16Z with exit-code 0.
...
