000 (32129155.015.000) 2023-05-16 09:43:09 Job submitted from host: <131.225.204.62:9618?addrs=131.225.204.62-9618+[2620-6a-0-8420-f0-0-204-62]-9618&alias=lpcschedd5.fnal.gov&noUDP&sock=schedd_3502_a8c0>
...
040 (32129155.015.000) 2023-05-16 09:44:26 Started transferring input files
	Transferring to host: <131.225.188.105:9618?addrs=[2620-6a-0-8421-f0-0-188-105]-9618+131.225.188.105-9618&alias=cmswn2046.fnal.gov&noUDP&sock=slot1_15_2105_e9af_48490>
...
040 (32129155.015.000) 2023-05-16 09:44:26 Finished transferring input files
...
001 (32129155.015.000) 2023-05-16 09:44:26 Job executing on host: <131.225.188.105:9618?addrs=[2620-6a-0-8421-f0-0-188-105]-9618+131.225.188.105-9618&alias=cmswn2046.fnal.gov&noUDP&sock=startd_1935_d3d8>
...
006 (32129155.015.000) 2023-05-16 09:46:35 Image size of job updated: 33
	33  -  MemoryUsage of job (MB)
	34396  -  ResidentSetSize of job (KB)
...
006 (32129155.015.000) 2023-05-16 09:47:16 Image size of job updated: 124
	124  -  MemoryUsage of job (MB)
	127056  -  ResidentSetSize of job (KB)
...
040 (32129155.015.000) 2023-05-16 09:47:16 Started transferring output files
...
040 (32129155.015.000) 2023-05-16 09:47:16 Finished transferring output files
...
005 (32129155.015.000) 2023-05-16 09:47:22 Job terminated.
	(1) Normal termination (return value 0)
		Usr 0 00:00:01, Sys 0 00:00:01  -  Run Remote Usage
		Usr 0 00:00:00, Sys 0 00:00:00  -  Run Local Usage
		Usr 0 00:00:01, Sys 0 00:00:01  -  Total Remote Usage
		Usr 0 00:00:00, Sys 0 00:00:00  -  Total Local Usage
	63342  -  Run Bytes Sent By Job
	173254  -  Run Bytes Received By Job
	63342  -  Total Bytes Sent By Job
	173254  -  Total Bytes Received By Job
	Partitionable Resources :    Usage  Request Allocated 
	   Cpus                 :     0.01        1         1 
	   Disk (KB)            :   778         175   1631565 
	   Memory (MB)          :   124        2048      2048 

	Job terminated of its own accord at 2023-05-16T14:47:16Z with exit-code 0.
...
