000 (32129155.082.000) 2023-05-16 09:43:09 Job submitted from host: <131.225.204.62:9618?addrs=131.225.204.62-9618+[2620-6a-0-8420-f0-0-204-62]-9618&alias=lpcschedd5.fnal.gov&noUDP&sock=schedd_3502_a8c0>
...
040 (32129155.082.000) 2023-05-16 09:46:16 Started transferring input files
	Transferring to host: <131.225.188.73:9618?addrs=[2620-6a-0-8421-f0-0-188-73]-9618+131.225.188.73-9618&alias=cmswn2038.fnal.gov&noUDP&sock=slot1_33_2055_aeed_6105>
...
040 (32129155.082.000) 2023-05-16 09:46:16 Finished transferring input files
...
001 (32129155.082.000) 2023-05-16 09:46:16 Job executing on host: <131.225.188.73:9618?addrs=[2620-6a-0-8421-f0-0-188-73]-9618+131.225.188.73-9618&alias=cmswn2038.fnal.gov&noUDP&sock=startd_1935_d3d8>
...
006 (32129155.082.000) 2023-05-16 09:47:27 Image size of job updated: 148
	148  -  MemoryUsage of job (MB)
	152472  -  ResidentSetSize of job (KB)
...
006 (32129155.082.000) 2023-05-16 09:47:43 Image size of job updated: 149
	149  -  MemoryUsage of job (MB)
	153004  -  ResidentSetSize of job (KB)
...
040 (32129155.082.000) 2023-05-16 09:47:43 Started transferring output files
...
040 (32129155.082.000) 2023-05-16 09:47:43 Finished transferring output files
...
005 (32129155.082.000) 2023-05-16 09:47:46 Job terminated.
	(1) Normal termination (return value 0)
		Usr 0 00:00:07, Sys 0 00:00:02  -  Run Remote Usage
		Usr 0 00:00:00, Sys 0 00:00:00  -  Run Local Usage
		Usr 0 00:00:07, Sys 0 00:00:02  -  Total Remote Usage
		Usr 0 00:00:00, Sys 0 00:00:00  -  Total Local Usage
	66458  -  Run Bytes Sent By Job
	173254  -  Run Bytes Received By Job
	66458  -  Total Bytes Sent By Job
	173254  -  Total Bytes Received By Job
	Partitionable Resources :    Usage  Request Allocated 
	   Cpus                 :     0.00        1         1 
	   Disk (KB)            :   780         175   1650825 
	   Memory (MB)          :   149        2048      2048 

	Job terminated of its own accord at 2023-05-16T14:47:43Z with exit-code 0.
...
