000 (32129155.052.000) 2023-05-16 09:43:09 Job submitted from host: <131.225.204.62:9618?addrs=131.225.204.62-9618+[2620-6a-0-8420-f0-0-204-62]-9618&alias=lpcschedd5.fnal.gov&noUDP&sock=schedd_3502_a8c0>
...
040 (32129155.052.000) 2023-05-16 09:45:36 Entered queue to transfer input files
	Transferring to host: <131.225.188.112:9618?addrs=[2620-6a-0-8421-f0-0-188-112]-9618+131.225.188.112-9618&alias=cmswn2048.fnal.gov&noUDP&sock=slot1_47_2019_516b_35128>
...
040 (32129155.052.000) 2023-05-16 09:46:00 Started transferring input files
	Seconds spent in queue: 24
...
040 (32129155.052.000) 2023-05-16 09:46:00 Finished transferring input files
...
001 (32129155.052.000) 2023-05-16 09:46:00 Job executing on host: <131.225.188.112:9618?addrs=[2620-6a-0-8421-f0-0-188-112]-9618+131.225.188.112-9618&alias=cmswn2048.fnal.gov&noUDP&sock=startd_1928_06af>
...
006 (32129155.052.000) 2023-05-16 09:48:11 Image size of job updated: 59
	59  -  MemoryUsage of job (MB)
	60692  -  ResidentSetSize of job (KB)
...
006 (32129155.052.000) 2023-05-16 09:49:12 Image size of job updated: 130
	130  -  MemoryUsage of job (MB)
	133524  -  ResidentSetSize of job (KB)
...
040 (32129155.052.000) 2023-05-16 09:49:37 Started transferring output files
	Seconds spent in queue: 241
...
040 (32129155.052.000) 2023-05-16 09:49:37 Finished transferring output files
...
005 (32129155.052.000) 2023-05-16 09:49:44 Job terminated.
	(1) Normal termination (return value 0)
		Usr 0 00:00:29, Sys 0 00:00:03  -  Run Remote Usage
		Usr 0 00:00:00, Sys 0 00:00:00  -  Run Local Usage
		Usr 0 00:00:29, Sys 0 00:00:03  -  Total Remote Usage
		Usr 0 00:00:00, Sys 0 00:00:00  -  Total Local Usage
	86198  -  Run Bytes Sent By Job
	173254  -  Run Bytes Received By Job
	86198  -  Total Bytes Sent By Job
	173254  -  Total Bytes Received By Job
	Partitionable Resources :    Usage  Request Allocated 
	   Cpus                 :     0.01        1         1 
	   Disk (KB)            :   799         175   1652905 
	   Memory (MB)          :   130        2048      2048 

	Job terminated of its own accord at 2023-05-16T14:49:37Z with exit-code 0.
...
