000 (32129155.028.000) 2023-05-16 09:43:09 Job submitted from host: <131.225.204.62:9618?addrs=131.225.204.62-9618+[2620-6a-0-8420-f0-0-204-62]-9618&alias=lpcschedd5.fnal.gov&noUDP&sock=schedd_3502_a8c0>
...
040 (32129155.028.000) 2023-05-16 09:44:45 Started transferring input files
	Transferring to host: <131.225.188.112:9618?addrs=[2620-6a-0-8421-f0-0-188-112]-9618+131.225.188.112-9618&alias=cmswn2048.fnal.gov&noUDP&sock=slot1_31_2019_516b_35125>
...
040 (32129155.028.000) 2023-05-16 09:44:45 Finished transferring input files
...
001 (32129155.028.000) 2023-05-16 09:44:45 Job executing on host: <131.225.188.112:9618?addrs=[2620-6a-0-8421-f0-0-188-112]-9618+131.225.188.112-9618&alias=cmswn2048.fnal.gov&noUDP&sock=startd_1928_06af>
...
006 (32129155.028.000) 2023-05-16 09:45:55 Image size of job updated: 60
	60  -  MemoryUsage of job (MB)
	61916  -  ResidentSetSize of job (KB)
...
006 (32129155.028.000) 2023-05-16 09:46:55 Image size of job updated: 153
	153  -  MemoryUsage of job (MB)
	156852  -  ResidentSetSize of job (KB)
...
040 (32129155.028.000) 2023-05-16 09:46:57 Started transferring output files
...
040 (32129155.028.000) 2023-05-16 09:46:58 Finished transferring output files
...
005 (32129155.028.000) 2023-05-16 09:47:08 Job terminated.
	(1) Normal termination (return value 0)
		Usr 0 00:00:01, Sys 0 00:00:02  -  Run Remote Usage
		Usr 0 00:00:00, Sys 0 00:00:00  -  Run Local Usage
		Usr 0 00:00:01, Sys 0 00:00:02  -  Total Remote Usage
		Usr 0 00:00:00, Sys 0 00:00:00  -  Total Local Usage
	63387  -  Run Bytes Sent By Job
	173254  -  Run Bytes Received By Job
	63387  -  Total Bytes Sent By Job
	173254  -  Total Bytes Received By Job
	Partitionable Resources :    Usage  Request Allocated 
	   Cpus                 :     0.01        1         1 
	   Disk (KB)            :   777         175   1652905 
	   Memory (MB)          :   153        2048      2048 

	Job terminated of its own accord at 2023-05-16T14:46:57Z with exit-code 0.
...
