000 (32129155.000.000) 2023-05-16 09:43:09 Job submitted from host: <131.225.204.62:9618?addrs=131.225.204.62-9618+[2620-6a-0-8420-f0-0-204-62]-9618&alias=lpcschedd5.fnal.gov&noUDP&sock=schedd_3502_a8c0>
...
040 (32129155.000.000) 2023-05-16 09:43:35 Started transferring input files
	Transferring to host: <131.225.189.32:9618?addrs=[2620-6a-0-8421-f0-0-189-32]-9618+131.225.189.32-9618&alias=cmswn2085.fnal.gov&noUDP&sock=slot1_12_2019_516b_43370>
...
040 (32129155.000.000) 2023-05-16 09:43:35 Finished transferring input files
...
001 (32129155.000.000) 2023-05-16 09:43:35 Job executing on host: <131.225.189.32:9618?addrs=[2620-6a-0-8421-f0-0-189-32]-9618+131.225.189.32-9618&alias=cmswn2085.fnal.gov&noUDP&sock=startd_1940_41d2>
...
006 (32129155.000.000) 2023-05-16 09:44:43 Image size of job updated: 141
	141  -  MemoryUsage of job (MB)
	145344  -  ResidentSetSize of job (KB)
...
006 (32129155.000.000) 2023-05-16 09:45:43 Image size of job updated: 143
	143  -  MemoryUsage of job (MB)
	146636  -  ResidentSetSize of job (KB)
...
006 (32129155.000.000) 2023-05-16 09:46:45 Image size of job updated: 143
	143  -  MemoryUsage of job (MB)
	146652  -  ResidentSetSize of job (KB)
...
006 (32129155.000.000) 2023-05-16 09:48:48 Image size of job updated: 143
	143  -  MemoryUsage of job (MB)
	146800  -  ResidentSetSize of job (KB)
...
006 (32129155.000.000) 2023-05-16 09:50:48 Image size of job updated: 143
	143  -  MemoryUsage of job (MB)
	146804  -  ResidentSetSize of job (KB)
...
006 (32129155.000.000) 2023-05-16 09:55:51 Image size of job updated: 143
	143  -  MemoryUsage of job (MB)
	146808  -  ResidentSetSize of job (KB)
...
040 (32129155.000.000) 2023-05-16 10:01:05 Started transferring output files
...
040 (32129155.000.000) 2023-05-16 10:01:05 Finished transferring output files
...
005 (32129155.000.000) 2023-05-16 10:01:09 Job terminated.
	(1) Normal termination (return value 0)
		Usr 0 00:14:06, Sys 0 00:00:49  -  Run Remote Usage
		Usr 0 00:00:00, Sys 0 00:00:00  -  Run Local Usage
		Usr 0 00:14:06, Sys 0 00:00:49  -  Total Remote Usage
		Usr 0 00:00:00, Sys 0 00:00:00  -  Total Local Usage
	105287  -  Run Bytes Sent By Job
	173253  -  Run Bytes Received By Job
	105287  -  Total Bytes Sent By Job
	173253  -  Total Bytes Received By Job
	Partitionable Resources :    Usage  Request Allocated 
	   Cpus                 :     0.00        1         1 
	   Disk (KB)            :   816         175   1628013 
	   Memory (MB)          :   143        2048      2048 

	Job terminated of its own accord at 2023-05-16T15:01:05Z with exit-code 0.
...
