000 (32129155.103.000) 2023-05-16 09:43:09 Job submitted from host: <131.225.204.62:9618?addrs=131.225.204.62-9618+[2620-6a-0-8420-f0-0-204-62]-9618&alias=lpcschedd5.fnal.gov&noUDP&sock=schedd_3502_a8c0>
...
040 (32129155.103.000) 2023-05-16 09:47:03 Entered queue to transfer input files
	Transferring to host: <131.225.188.199:9618?addrs=[2620-6a-0-8421-f0-0-188-199]-9618+131.225.188.199-9618&alias=cmswn2064.fnal.gov&noUDP&sock=slot1_18_2257_02b5_36737>
...
040 (32129155.103.000) 2023-05-16 09:47:05 Started transferring input files
	Seconds spent in queue: 2
...
001 (32129155.103.000) 2023-05-16 09:47:05 Job executing on host: <131.225.188.199:9618?addrs=[2620-6a-0-8421-f0-0-188-199]-9618+131.225.188.199-9618&alias=cmswn2064.fnal.gov&noUDP&sock=startd_1940_41d2>
...
040 (32129155.103.000) 2023-05-16 09:47:05 Finished transferring input files
...
006 (32129155.103.000) 2023-05-16 09:48:15 Image size of job updated: 130
	130  -  MemoryUsage of job (MB)
	133712  -  ResidentSetSize of job (KB)
...
040 (32129155.103.000) 2023-05-16 09:48:15 Started transferring output files
	Seconds spent in queue: 72
...
040 (32129155.103.000) 2023-05-16 09:48:15 Finished transferring output files
...
005 (32129155.103.000) 2023-05-16 09:48:18 Job terminated.
	(1) Normal termination (return value 0)
		Usr 0 00:00:00, Sys 0 00:00:00  -  Run Remote Usage
		Usr 0 00:00:00, Sys 0 00:00:00  -  Run Local Usage
		Usr 0 00:00:00, Sys 0 00:00:00  -  Total Remote Usage
		Usr 0 00:00:00, Sys 0 00:00:00  -  Total Local Usage
	71032  -  Run Bytes Sent By Job
	173255  -  Run Bytes Received By Job
	71032  -  Total Bytes Sent By Job
	173255  -  Total Bytes Received By Job
	Partitionable Resources :    Usage  Request Allocated 
	   Cpus                 :     0.04        1         1 
	   Disk (KB)            :   783         175   1644978 
	   Memory (MB)          :   130        2048      2048 

	Job terminated of its own accord at 2023-05-16T14:48:15Z with exit-code 0.
...
