000 (32129155.076.000) 2023-05-16 09:43:09 Job submitted from host: <131.225.204.62:9618?addrs=131.225.204.62-9618+[2620-6a-0-8420-f0-0-204-62]-9618&alias=lpcschedd5.fnal.gov&noUDP&sock=schedd_3502_a8c0>
...
040 (32129155.076.000) 2023-05-16 09:46:14 Entered queue to transfer input files
	Transferring to host: <131.225.188.54:9618?addrs=[2620-6a-0-8421-f0-0-188-54]-9618+131.225.188.54-9618&alias=cmswn2034.fnal.gov&noUDP&sock=slot1_30_2117_5e2f_10118>
...
040 (32129155.076.000) 2023-05-16 09:46:15 Started transferring input files
	Seconds spent in queue: 1
...
040 (32129155.076.000) 2023-05-16 09:46:15 Finished transferring input files
...
001 (32129155.076.000) 2023-05-16 09:46:15 Job executing on host: <131.225.188.54:9618?addrs=[2620-6a-0-8421-f0-0-188-54]-9618+131.225.188.54-9618&alias=cmswn2034.fnal.gov&noUDP&sock=startd_2017_129d>
...
006 (32129155.076.000) 2023-05-16 09:47:25 Image size of job updated: 154
	154  -  MemoryUsage of job (MB)
	157952  -  ResidentSetSize of job (KB)
...
006 (32129155.076.000) 2023-05-16 09:48:13 Image size of job updated: 154
	154  -  MemoryUsage of job (MB)
	158368  -  ResidentSetSize of job (KB)
...
040 (32129155.076.000) 2023-05-16 09:48:13 Started transferring output files
	Seconds spent in queue: 119
...
040 (32129155.076.000) 2023-05-16 09:48:13 Finished transferring output files
...
005 (32129155.076.000) 2023-05-16 09:48:17 Job terminated.
	(1) Normal termination (return value 0)
		Usr 0 00:00:05, Sys 0 00:00:01  -  Run Remote Usage
		Usr 0 00:00:00, Sys 0 00:00:00  -  Run Local Usage
		Usr 0 00:00:05, Sys 0 00:00:01  -  Total Remote Usage
		Usr 0 00:00:00, Sys 0 00:00:00  -  Total Local Usage
	63387  -  Run Bytes Sent By Job
	173254  -  Run Bytes Received By Job
	63387  -  Total Bytes Sent By Job
	173254  -  Total Bytes Received By Job
	Partitionable Resources :    Usage  Request Allocated 
	   Cpus                 :     0.00        1         1 
	   Disk (KB)            :   776         175   1637987 
	   Memory (MB)          :   154        2048      2048 

	Job terminated of its own accord at 2023-05-16T14:48:13Z with exit-code 0.
...
