000 (32129155.054.000) 2023-05-16 09:43:09 Job submitted from host: <131.225.204.62:9618?addrs=131.225.204.62-9618+[2620-6a-0-8420-f0-0-204-62]-9618&alias=lpcschedd5.fnal.gov&noUDP&sock=schedd_3502_a8c0>
...
040 (32129155.054.000) 2023-05-16 09:45:37 Entered queue to transfer input files
	Transferring to host: <131.225.188.112:9618?addrs=[2620-6a-0-8421-f0-0-188-112]-9618+131.225.188.112-9618&alias=cmswn2048.fnal.gov&noUDP&sock=slot1_48_2019_516b_35129>
...
040 (32129155.054.000) 2023-05-16 09:46:00 Started transferring input files
	Seconds spent in queue: 23
...
040 (32129155.054.000) 2023-05-16 09:46:00 Finished transferring input files
...
001 (32129155.054.000) 2023-05-16 09:46:00 Job executing on host: <131.225.188.112:9618?addrs=[2620-6a-0-8421-f0-0-188-112]-9618+131.225.188.112-9618&alias=cmswn2048.fnal.gov&noUDP&sock=startd_1928_06af>
...
006 (32129155.054.000) 2023-05-16 09:48:14 Image size of job updated: 56
	56  -  MemoryUsage of job (MB)
	58252  -  ResidentSetSize of job (KB)
...
006 (32129155.054.000) 2023-05-16 09:49:14 Image size of job updated: 138
	138  -  MemoryUsage of job (MB)
	141584  -  ResidentSetSize of job (KB)
...
006 (32129155.054.000) 2023-05-16 09:50:14 Image size of job updated: 152
	152  -  MemoryUsage of job (MB)
	156616  -  ResidentSetSize of job (KB)
...
006 (32129155.054.000) 2023-05-16 09:51:14 Image size of job updated: 152
	152  -  MemoryUsage of job (MB)
	156656  -  ResidentSetSize of job (KB)
...
006 (32129155.054.000) 2023-05-16 09:54:16 Image size of job updated: 152
	152  -  MemoryUsage of job (MB)
	156660  -  ResidentSetSize of job (KB)
...
006 (32129155.054.000) 2023-05-16 09:55:16 Image size of job updated: 153
	153  -  MemoryUsage of job (MB)
	156800  -  ResidentSetSize of job (KB)
...
006 (32129155.054.000) 2023-05-16 10:15:26 Image size of job updated: 153
	153  -  MemoryUsage of job (MB)
	156808  -  ResidentSetSize of job (KB)
...
040 (32129155.054.000) 2023-05-16 10:17:21 Started transferring output files
	Seconds spent in queue: 1904
...
040 (32129155.054.000) 2023-05-16 10:17:21 Finished transferring output files
...
005 (32129155.054.000) 2023-05-16 10:17:24 Job terminated.
	(1) Normal termination (return value 0)
		Usr 0 00:23:42, Sys 0 00:01:09  -  Run Remote Usage
		Usr 0 00:00:00, Sys 0 00:00:00  -  Run Local Usage
		Usr 0 00:23:42, Sys 0 00:01:09  -  Total Remote Usage
		Usr 0 00:00:00, Sys 0 00:00:00  -  Total Local Usage
	108908  -  Run Bytes Sent By Job
	173254  -  Run Bytes Received By Job
	108908  -  Total Bytes Sent By Job
	173254  -  Total Bytes Received By Job
	Partitionable Resources :    Usage  Request Allocated 
	   Cpus                 :     0.00        1         1 
	   Disk (KB)            :   821         175   1652905 
	   Memory (MB)          :   153        2048      2048 

	Job terminated of its own accord at 2023-05-16T15:17:20Z with exit-code 0.
...
