000 (32129155.049.000) 2023-05-16 09:43:09 Job submitted from host: <131.225.204.62:9618?addrs=131.225.204.62-9618+[2620-6a-0-8420-f0-0-204-62]-9618&alias=lpcschedd5.fnal.gov&noUDP&sock=schedd_3502_a8c0>
...
040 (32129155.049.000) 2023-05-16 09:45:38 Entered queue to transfer input files
	Transferring to host: <131.225.189.162:9618?addrs=[2620-6a-0-8421-f0-0-189-162]-9618+131.225.189.162-9618&alias=cmswn2116.fnal.gov&noUDP&sock=slot1_28_2153_bbb1_10738>
...
040 (32129155.049.000) 2023-05-16 09:46:00 Started transferring input files
	Seconds spent in queue: 22
...
040 (32129155.049.000) 2023-05-16 09:46:00 Finished transferring input files
...
001 (32129155.049.000) 2023-05-16 09:46:00 Job executing on host: <131.225.189.162:9618?addrs=[2620-6a-0-8421-f0-0-189-162]-9618+131.225.189.162-9618&alias=cmswn2116.fnal.gov&noUDP&sock=startd_2040_d94a>
...
006 (32129155.049.000) 2023-05-16 09:47:10 Image size of job updated: 131
	131  -  MemoryUsage of job (MB)
	134996  -  ResidentSetSize of job (KB)
...
006 (32129155.049.000) 2023-05-16 09:48:10 Image size of job updated: 131
	131  -  MemoryUsage of job (MB)
	135088  -  ResidentSetSize of job (KB)
...
006 (32129155.049.000) 2023-05-16 09:49:10 Image size of job updated: 131
	131  -  MemoryUsage of job (MB)
	135100  -  ResidentSetSize of job (KB)
...
040 (32129155.049.000) 2023-05-16 09:50:04 Started transferring output files
	Seconds spent in queue: 266
...
040 (32129155.049.000) 2023-05-16 09:50:04 Finished transferring output files
...
005 (32129155.049.000) 2023-05-16 09:50:08 Job terminated.
	(1) Normal termination (return value 0)
		Usr 0 00:02:09, Sys 0 00:00:08  -  Run Remote Usage
		Usr 0 00:00:00, Sys 0 00:00:00  -  Run Local Usage
		Usr 0 00:02:09, Sys 0 00:00:08  -  Total Remote Usage
		Usr 0 00:00:00, Sys 0 00:00:00  -  Total Local Usage
	93536  -  Run Bytes Sent By Job
	173254  -  Run Bytes Received By Job
	93536  -  Total Bytes Sent By Job
	173254  -  Total Bytes Received By Job
	Partitionable Resources :    Usage  Request Allocated 
	   Cpus                 :        0        1         1 
	   Disk (KB)            :      805      175   3464731 
	   Memory (MB)          :      131     2048      2048 

	Job terminated of its own accord at 2023-05-16T14:50:04Z with exit-code 0.
...
