000 (32129155.043.000) 2023-05-16 09:43:09 Job submitted from host: <131.225.204.62:9618?addrs=131.225.204.62-9618+[2620-6a-0-8420-f0-0-204-62]-9618&alias=lpcschedd5.fnal.gov&noUDP&sock=schedd_3502_a8c0>
...
040 (32129155.043.000) 2023-05-16 09:45:13 Entered queue to transfer input files
	Transferring to host: <131.225.188.161:9618?addrs=[2620-6a-0-8421-f0-0-188-161]-9618+131.225.188.161-9618&alias=cmswn2055.fnal.gov&noUDP&sock=slot1_28_2030_118c_47549>
...
040 (32129155.043.000) 2023-05-16 09:45:14 Started transferring input files
	Seconds spent in queue: 1
...
040 (32129155.043.000) 2023-05-16 09:45:14 Finished transferring input files
...
001 (32129155.043.000) 2023-05-16 09:45:14 Job executing on host: <131.225.188.161:9618?addrs=[2620-6a-0-8421-f0-0-188-161]-9618+131.225.188.161-9618&alias=cmswn2055.fnal.gov&noUDP&sock=startd_1937_3309>
...
006 (32129155.043.000) 2023-05-16 09:46:24 Image size of job updated: 135
	135  -  MemoryUsage of job (MB)
	138712  -  ResidentSetSize of job (KB)
...
006 (32129155.043.000) 2023-05-16 09:47:24 Image size of job updated: 135
	135  -  MemoryUsage of job (MB)
	138804  -  ResidentSetSize of job (KB)
...
006 (32129155.043.000) 2023-05-16 09:48:24 Image size of job updated: 135
	135  -  MemoryUsage of job (MB)
	138952  -  ResidentSetSize of job (KB)
...
040 (32129155.043.000) 2023-05-16 09:57:38 Started transferring output files
	Seconds spent in queue: 745
...
040 (32129155.043.000) 2023-05-16 09:57:38 Finished transferring output files
...
005 (32129155.043.000) 2023-05-16 09:57:49 Job terminated.
	(1) Normal termination (return value 0)
		Usr 0 00:07:35, Sys 0 00:02:33  -  Run Remote Usage
		Usr 0 00:00:00, Sys 0 00:00:00  -  Run Local Usage
		Usr 0 00:07:35, Sys 0 00:02:33  -  Total Remote Usage
		Usr 0 00:00:00, Sys 0 00:00:00  -  Total Local Usage
	99828  -  Run Bytes Sent By Job
	173254  -  Run Bytes Received By Job
	99828  -  Total Bytes Sent By Job
	173254  -  Total Bytes Received By Job
	Partitionable Resources :    Usage  Request Allocated 
	   Cpus                 :     0.00        1         1 
	   Disk (KB)            :   812         175   1651397 
	   Memory (MB)          :   135        2048      2048 

	Job terminated of its own accord at 2023-05-16T14:57:38Z with exit-code 0.
...
