000 (32129155.091.000) 2023-05-16 09:43:09 Job submitted from host: <131.225.204.62:9618?addrs=131.225.204.62-9618+[2620-6a-0-8420-f0-0-204-62]-9618&alias=lpcschedd5.fnal.gov&noUDP&sock=schedd_3502_a8c0>
...
040 (32129155.091.000) 2023-05-16 09:46:21 Started transferring input files
	Transferring to host: <131.225.188.137:9618?addrs=[2620-6a-0-8421-f0-0-188-137]-9618+131.225.188.137-9618&alias=cmswn2050.fnal.gov&noUDP&sock=slot1_13_2106_9e0f_77914>
...
040 (32129155.091.000) 2023-05-16 09:46:21 Finished transferring input files
...
001 (32129155.091.000) 2023-05-16 09:46:21 Job executing on host: <131.225.188.137:9618?addrs=[2620-6a-0-8421-f0-0-188-137]-9618+131.225.188.137-9618&alias=cmswn2050.fnal.gov&noUDP&sock=startd_1915_1bf4>
...
006 (32129155.091.000) 2023-05-16 09:47:32 Image size of job updated: 136
	136  -  MemoryUsage of job (MB)
	139684  -  ResidentSetSize of job (KB)
...
006 (32129155.091.000) 2023-05-16 09:48:33 Image size of job updated: 136
	136  -  MemoryUsage of job (MB)
	140248  -  ResidentSetSize of job (KB)
...
006 (32129155.091.000) 2023-05-16 09:49:18 Image size of job updated: 136
	136  -  MemoryUsage of job (MB)
	140272  -  ResidentSetSize of job (KB)
...
040 (32129155.091.000) 2023-05-16 09:49:19 Started transferring output files
...
040 (32129155.091.000) 2023-05-16 09:49:19 Finished transferring output files
...
005 (32129155.091.000) 2023-05-16 09:49:29 Job terminated.
	(1) Normal termination (return value 0)
		Usr 0 00:00:19, Sys 0 00:00:02  -  Run Remote Usage
		Usr 0 00:00:00, Sys 0 00:00:00  -  Run Local Usage
		Usr 0 00:00:19, Sys 0 00:00:02  -  Total Remote Usage
		Usr 0 00:00:00, Sys 0 00:00:00  -  Total Local Usage
	74475  -  Run Bytes Sent By Job
	173254  -  Run Bytes Received By Job
	74475  -  Total Bytes Sent By Job
	173254  -  Total Bytes Received By Job
	Partitionable Resources :    Usage  Request Allocated 
	   Cpus                 :     0.01        1         1 
	   Disk (KB)            :   787         175   1621026 
	   Memory (MB)          :   136        2048      2048 

	Job terminated of its own accord at 2023-05-16T14:49:18Z with exit-code 0.
...
