000 (2169568.050.000) 2023-06-27 13:09:10 Job submitted from host: <131.225.189.251:9618?addrs=131.225.189.251-9618+[2620-6a-0-8421--e8]-9618&alias=lpcschedd4.fnal.gov&noUDP&sock=schedd_2018_c235>
...
040 (2169568.050.000) 2023-06-27 13:18:52 Started transferring input files
	Transferring to host: <131.225.188.184:9618?addrs=[2620-6a-0-8421-f0-0-188-184]-9618+131.225.188.184-9618&alias=cmswn2061.fnal.gov&noUDP&sock=slot1_39_2225_76b4_2657>
...
040 (2169568.050.000) 2023-06-27 13:18:52 Finished transferring input files
...
001 (2169568.050.000) 2023-06-27 13:18:52 Job executing on host: <131.225.188.184:9618?addrs=[2620-6a-0-8421-f0-0-188-184]-9618+131.225.188.184-9618&alias=cmswn2061.fnal.gov&noUDP&sock=startd_2137_61fa>
...
006 (2169568.050.000) 2023-06-27 13:19:01 Image size of job updated: 41
	41  -  MemoryUsage of job (MB)
	42868  -  ResidentSetSize of job (KB)
...
006 (2169568.050.000) 2023-06-27 13:20:01 Image size of job updated: 150
	150  -  MemoryUsage of job (MB)
	154152  -  ResidentSetSize of job (KB)
...
006 (2169568.050.000) 2023-06-27 13:21:01 Image size of job updated: 150
	150  -  MemoryUsage of job (MB)
	154240  -  ResidentSetSize of job (KB)
...
006 (2169568.050.000) 2023-06-27 13:22:02 Image size of job updated: 150
	150  -  MemoryUsage of job (MB)
	154252  -  ResidentSetSize of job (KB)
...
006 (2169568.050.000) 2023-06-27 13:23:03 Image size of job updated: 150
	150  -  MemoryUsage of job (MB)
	154264  -  ResidentSetSize of job (KB)
...
006 (2169568.050.000) 2023-06-27 13:25:04 Image size of job updated: 150
	150  -  MemoryUsage of job (MB)
	154280  -  ResidentSetSize of job (KB)
...
040 (2169568.050.000) 2023-06-27 13:25:50 Started transferring output files
...
040 (2169568.050.000) 2023-06-27 13:25:50 Finished transferring output files
...
005 (2169568.050.000) 2023-06-27 13:25:51 Job terminated.
	(1) Normal termination (return value 0)
		Usr 0 00:05:11, Sys 0 00:00:13  -  Run Remote Usage
		Usr 0 00:00:00, Sys 0 00:00:00  -  Run Local Usage
		Usr 0 00:05:11, Sys 0 00:00:13  -  Total Remote Usage
		Usr 0 00:00:00, Sys 0 00:00:00  -  Total Local Usage
	151002  -  Run Bytes Sent By Job
	224544  -  Run Bytes Received By Job
	151002  -  Total Bytes Sent By Job
	224544  -  Total Bytes Received By Job
	Partitionable Resources :    Usage  Request Allocated 
	   Cpus                 :     0.00        1         1 
	   Disk (KB)            :   915         225   1627664 
	   Memory (MB)          :   150        2048      2048 

	Job terminated of its own accord at 2023-06-27T18:25:50Z with exit-code 0.
...
