000 (2169568.270.000) 2023-06-27 13:09:12 Job submitted from host: <131.225.189.251:9618?addrs=131.225.189.251-9618+[2620-6a-0-8421--e8]-9618&alias=lpcschedd4.fnal.gov&noUDP&sock=schedd_2018_c235>
...
040 (2169568.270.000) 2023-06-27 13:29:34 Started transferring input files
	Transferring to host: <131.225.188.106:9618?addrs=[2620-6a-0-8421-f0-0-188-106]-9618+131.225.188.106-9618&alias=cmswn2047.fnal.gov&noUDP&sock=slot1_45_2166_e491_52396>
...
040 (2169568.270.000) 2023-06-27 13:29:34 Finished transferring input files
...
001 (2169568.270.000) 2023-06-27 13:29:34 Job executing on host: <131.225.188.106:9618?addrs=[2620-6a-0-8421-f0-0-188-106]-9618+131.225.188.106-9618&alias=cmswn2047.fnal.gov&noUDP&sock=startd_1933_74a8>
...
006 (2169568.270.000) 2023-06-27 13:29:43 Image size of job updated: 15
	15  -  MemoryUsage of job (MB)
	15376  -  ResidentSetSize of job (KB)
...
006 (2169568.270.000) 2023-06-27 13:30:44 Image size of job updated: 162
	162  -  MemoryUsage of job (MB)
	166740  -  ResidentSetSize of job (KB)
...
006 (2169568.270.000) 2023-06-27 13:31:44 Image size of job updated: 162
	162  -  MemoryUsage of job (MB)
	166812  -  ResidentSetSize of job (KB)
...
006 (2169568.270.000) 2023-06-27 13:32:44 Image size of job updated: 162
	162  -  MemoryUsage of job (MB)
	166832  -  ResidentSetSize of job (KB)
...
006 (2169568.270.000) 2023-06-27 13:33:44 Image size of job updated: 162
	162  -  MemoryUsage of job (MB)
	166852  -  ResidentSetSize of job (KB)
...
006 (2169568.270.000) 2023-06-27 13:34:44 Image size of job updated: 162
	162  -  MemoryUsage of job (MB)
	166856  -  ResidentSetSize of job (KB)
...
006 (2169568.270.000) 2023-06-27 13:37:45 Image size of job updated: 162
	162  -  MemoryUsage of job (MB)
	166860  -  ResidentSetSize of job (KB)
...
006 (2169568.270.000) 2023-06-27 13:39:46 Image size of job updated: 162
	162  -  MemoryUsage of job (MB)
	166892  -  ResidentSetSize of job (KB)
...
006 (2169568.270.000) 2023-06-27 13:40:47 Image size of job updated: 163
	163  -  MemoryUsage of job (MB)
	166996  -  ResidentSetSize of job (KB)
...
040 (2169568.270.000) 2023-06-27 13:45:49 Started transferring output files
...
040 (2169568.270.000) 2023-06-27 13:45:49 Finished transferring output files
...
005 (2169568.270.000) 2023-06-27 13:45:50 Job terminated.
	(1) Normal termination (return value 0)
		Usr 0 00:13:48, Sys 0 00:00:36  -  Run Remote Usage
		Usr 0 00:00:00, Sys 0 00:00:00  -  Run Local Usage
		Usr 0 00:13:48, Sys 0 00:00:36  -  Total Remote Usage
		Usr 0 00:00:00, Sys 0 00:00:00  -  Total Local Usage
	165152  -  Run Bytes Sent By Job
	224545  -  Run Bytes Received By Job
	165152  -  Total Bytes Sent By Job
	224545  -  Total Bytes Received By Job
	Partitionable Resources :    Usage  Request Allocated 
	   Cpus                 :     0.00        1         1 
	   Disk (KB)            :   930         225   1637500 
	   Memory (MB)          :   163        2048      2048 

	Job terminated of its own accord at 2023-06-27T18:45:49Z with exit-code 0.
...
