000 (2169568.261.000) 2023-06-27 13:09:12 Job submitted from host: <131.225.189.251:9618?addrs=131.225.189.251-9618+[2620-6a-0-8421--e8]-9618&alias=lpcschedd4.fnal.gov&noUDP&sock=schedd_2018_c235>
...
040 (2169568.261.000) 2023-06-27 13:29:32 Started transferring input files
	Transferring to host: <131.225.188.54:9618?addrs=[2620-6a-0-8421-f0-0-188-54]-9618+131.225.188.54-9618&alias=cmswn2034.fnal.gov&noUDP&sock=slot1_51_2117_5e2f_64487>
...
040 (2169568.261.000) 2023-06-27 13:29:32 Finished transferring input files
...
001 (2169568.261.000) 2023-06-27 13:29:32 Job executing on host: <131.225.188.54:9618?addrs=[2620-6a-0-8421-f0-0-188-54]-9618+131.225.188.54-9618&alias=cmswn2034.fnal.gov&noUDP&sock=startd_2017_129d>
...
006 (2169568.261.000) 2023-06-27 13:29:41 Image size of job updated: 8
	8  -  MemoryUsage of job (MB)
	8484  -  ResidentSetSize of job (KB)
...
006 (2169568.261.000) 2023-06-27 13:30:41 Image size of job updated: 152
	152  -  MemoryUsage of job (MB)
	155752  -  ResidentSetSize of job (KB)
...
006 (2169568.261.000) 2023-06-27 13:31:42 Image size of job updated: 152
	152  -  MemoryUsage of job (MB)
	155776  -  ResidentSetSize of job (KB)
...
006 (2169568.261.000) 2023-06-27 13:32:42 Image size of job updated: 152
	152  -  MemoryUsage of job (MB)
	155780  -  ResidentSetSize of job (KB)
...
006 (2169568.261.000) 2023-06-27 13:33:42 Image size of job updated: 152
	152  -  MemoryUsage of job (MB)
	155888  -  ResidentSetSize of job (KB)
...
006 (2169568.261.000) 2023-06-27 13:34:42 Image size of job updated: 152
	152  -  MemoryUsage of job (MB)
	155924  -  ResidentSetSize of job (KB)
...
006 (2169568.261.000) 2023-06-27 13:35:42 Image size of job updated: 152
	152  -  MemoryUsage of job (MB)
	155928  -  ResidentSetSize of job (KB)
...
040 (2169568.261.000) 2023-06-27 13:37:28 Started transferring output files
...
040 (2169568.261.000) 2023-06-27 13:37:28 Finished transferring output files
...
005 (2169568.261.000) 2023-06-27 13:37:29 Job terminated.
	(1) Normal termination (return value 0)
		Usr 0 00:06:35, Sys 0 00:00:16  -  Run Remote Usage
		Usr 0 00:00:00, Sys 0 00:00:00  -  Run Local Usage
		Usr 0 00:06:35, Sys 0 00:00:16  -  Total Remote Usage
		Usr 0 00:00:00, Sys 0 00:00:00  -  Total Local Usage
	155193  -  Run Bytes Sent By Job
	224545  -  Run Bytes Received By Job
	155193  -  Total Bytes Sent By Job
	224545  -  Total Bytes Received By Job
	Partitionable Resources :    Usage  Request Allocated 
	   Cpus                 :     0.00        1         1 
	   Disk (KB)            :   920         225   1637987 
	   Memory (MB)          :   152        2048      2048 

	Job terminated of its own accord at 2023-06-27T18:37:28Z with exit-code 0.
...
