000 (2169568.359.000) 2023-06-27 13:09:12 Job submitted from host: <131.225.189.251:9618?addrs=131.225.189.251-9618+[2620-6a-0-8421--e8]-9618&alias=lpcschedd4.fnal.gov&noUDP&sock=schedd_2018_c235>
...
040 (2169568.359.000) 2023-06-27 13:29:53 Started transferring input files
	Transferring to host: <131.225.188.86:9618?addrs=[2620-6a-0-8421-f0-0-188-86]-9618+131.225.188.86-9618&alias=cmswn2042.fnal.gov&noUDP&sock=slot1_53_2091_0c6e_45886>
...
040 (2169568.359.000) 2023-06-27 13:29:53 Finished transferring input files
...
001 (2169568.359.000) 2023-06-27 13:29:53 Job executing on host: <131.225.188.86:9618?addrs=[2620-6a-0-8421-f0-0-188-86]-9618+131.225.188.86-9618&alias=cmswn2042.fnal.gov&noUDP&sock=startd_2015_b36c>
...
006 (2169568.359.000) 2023-06-27 13:30:02 Image size of job updated: 45
	45  -  MemoryUsage of job (MB)
	46128  -  ResidentSetSize of job (KB)
...
006 (2169568.359.000) 2023-06-27 13:31:03 Image size of job updated: 146
	146  -  MemoryUsage of job (MB)
	150284  -  ResidentSetSize of job (KB)
...
006 (2169568.359.000) 2023-06-27 13:32:04 Image size of job updated: 146
	146  -  MemoryUsage of job (MB)
	150356  -  ResidentSetSize of job (KB)
...
006 (2169568.359.000) 2023-06-27 13:33:04 Image size of job updated: 146
	146  -  MemoryUsage of job (MB)
	150376  -  ResidentSetSize of job (KB)
...
006 (2169568.359.000) 2023-06-27 13:34:04 Image size of job updated: 146
	146  -  MemoryUsage of job (MB)
	150404  -  ResidentSetSize of job (KB)
...
040 (2169568.359.000) 2023-06-27 13:36:28 Started transferring output files
...
040 (2169568.359.000) 2023-06-27 13:36:28 Finished transferring output files
...
005 (2169568.359.000) 2023-06-27 13:36:29 Job terminated.
	(1) Normal termination (return value 0)
		Usr 0 00:05:27, Sys 0 00:00:15  -  Run Remote Usage
		Usr 0 00:00:00, Sys 0 00:00:00  -  Run Local Usage
		Usr 0 00:05:27, Sys 0 00:00:15  -  Total Remote Usage
		Usr 0 00:00:00, Sys 0 00:00:00  -  Total Local Usage
	149972  -  Run Bytes Sent By Job
	224545  -  Run Bytes Received By Job
	149972  -  Total Bytes Sent By Job
	224545  -  Total Bytes Received By Job
	Partitionable Resources :    Usage  Request Allocated 
	   Cpus                 :     0.00        1         1 
	   Disk (KB)            :   915         225   1634539 
	   Memory (MB)          :   146        2048      2048 

	Job terminated of its own accord at 2023-06-27T18:36:28Z with exit-code 0.
...
