000 (2169568.212.000) 2023-06-27 13:09:11 Job submitted from host: <131.225.189.251:9618?addrs=131.225.189.251-9618+[2620-6a-0-8421--e8]-9618&alias=lpcschedd4.fnal.gov&noUDP&sock=schedd_2018_c235>
...
040 (2169568.212.000) 2023-06-27 13:30:09 Started transferring input files
	Transferring to host: <131.225.188.219:9618?addrs=[2620-6a-0-8421-f0-0-188-219]-9618+131.225.188.219-9618&alias=cmswn2070.fnal.gov&noUDP&sock=slot1_2_2110_6f8f_44886>
...
040 (2169568.212.000) 2023-06-27 13:30:09 Finished transferring input files
...
001 (2169568.212.000) 2023-06-27 13:30:09 Job executing on host: <131.225.188.219:9618?addrs=[2620-6a-0-8421-f0-0-188-219]-9618+131.225.188.219-9618&alias=cmswn2070.fnal.gov&noUDP&sock=startd_2019_71cd>
...
006 (2169568.212.000) 2023-06-27 13:30:18 Image size of job updated: 20
	20  -  MemoryUsage of job (MB)
	20884  -  ResidentSetSize of job (KB)
...
006 (2169568.212.000) 2023-06-27 13:31:18 Image size of job updated: 157
	157  -  MemoryUsage of job (MB)
	160864  -  ResidentSetSize of job (KB)
...
006 (2169568.212.000) 2023-06-27 13:32:18 Image size of job updated: 157
	157  -  MemoryUsage of job (MB)
	160884  -  ResidentSetSize of job (KB)
...
006 (2169568.212.000) 2023-06-27 13:33:18 Image size of job updated: 157
	157  -  MemoryUsage of job (MB)
	160892  -  ResidentSetSize of job (KB)
...
006 (2169568.212.000) 2023-06-27 13:34:19 Image size of job updated: 157
	157  -  MemoryUsage of job (MB)
	160936  -  ResidentSetSize of job (KB)
...
006 (2169568.212.000) 2023-06-27 13:37:22 Image size of job updated: 157
	157  -  MemoryUsage of job (MB)
	160976  -  ResidentSetSize of job (KB)
...
006 (2169568.212.000) 2023-06-27 13:39:23 Image size of job updated: 157
	157  -  MemoryUsage of job (MB)
	161024  -  ResidentSetSize of job (KB)
...
006 (2169568.212.000) 2023-06-27 13:40:23 Image size of job updated: 157
	157  -  MemoryUsage of job (MB)
	161080  -  ResidentSetSize of job (KB)
...
040 (2169568.212.000) 2023-06-27 13:41:21 Started transferring output files
...
040 (2169568.212.000) 2023-06-27 13:41:21 Finished transferring output files
...
005 (2169568.212.000) 2023-06-27 13:41:23 Job terminated.
	(1) Normal termination (return value 0)
		Usr 0 00:09:18, Sys 0 00:00:25  -  Run Remote Usage
		Usr 0 00:00:00, Sys 0 00:00:00  -  Run Local Usage
		Usr 0 00:09:18, Sys 0 00:00:25  -  Total Remote Usage
		Usr 0 00:00:00, Sys 0 00:00:00  -  Total Local Usage
	160408  -  Run Bytes Sent By Job
	224545  -  Run Bytes Received By Job
	160408  -  Total Bytes Sent By Job
	224545  -  Total Bytes Received By Job
	Partitionable Resources :    Usage  Request Allocated 
	   Cpus                 :     0.00        1         1 
	   Disk (KB)            :   926         225   1646883 
	   Memory (MB)          :   157        2048      2048 

	Job terminated of its own accord at 2023-06-27T18:41:21Z with exit-code 0.
...
