000 (2169568.195.000) 2023-06-27 13:09:11 Job submitted from host: <131.225.189.251:9618?addrs=131.225.189.251-9618+[2620-6a-0-8421--e8]-9618&alias=lpcschedd4.fnal.gov&noUDP&sock=schedd_2018_c235>
...
040 (2169568.195.000) 2023-06-27 13:29:22 Started transferring input files
	Transferring to host: <131.225.189.36:9618?addrs=[2620-6a-0-8421-f0-0-189-36]-9618+131.225.189.36-9618&alias=cmswn2089.fnal.gov&noUDP&sock=slot1_6_2130_8710_46321>
...
040 (2169568.195.000) 2023-06-27 13:29:22 Finished transferring input files
...
001 (2169568.195.000) 2023-06-27 13:29:22 Job executing on host: <131.225.189.36:9618?addrs=[2620-6a-0-8421-f0-0-189-36]-9618+131.225.189.36-9618&alias=cmswn2089.fnal.gov&noUDP&sock=startd_2027_ee8f>
...
006 (2169568.195.000) 2023-06-27 13:29:31 Image size of job updated: 10
	10  -  MemoryUsage of job (MB)
	10432  -  ResidentSetSize of job (KB)
...
006 (2169568.195.000) 2023-06-27 13:30:31 Image size of job updated: 152
	152  -  MemoryUsage of job (MB)
	156136  -  ResidentSetSize of job (KB)
...
006 (2169568.195.000) 2023-06-27 13:31:32 Image size of job updated: 152
	152  -  MemoryUsage of job (MB)
	156160  -  ResidentSetSize of job (KB)
...
006 (2169568.195.000) 2023-06-27 13:33:33 Image size of job updated: 152
	152  -  MemoryUsage of job (MB)
	156176  -  ResidentSetSize of job (KB)
...
006 (2169568.195.000) 2023-06-27 13:34:34 Image size of job updated: 152
	152  -  MemoryUsage of job (MB)
	156184  -  ResidentSetSize of job (KB)
...
006 (2169568.195.000) 2023-06-27 13:37:36 Image size of job updated: 152
	152  -  MemoryUsage of job (MB)
	156200  -  ResidentSetSize of job (KB)
...
040 (2169568.195.000) 2023-06-27 13:39:31 Started transferring output files
...
040 (2169568.195.000) 2023-06-27 13:39:31 Finished transferring output files
...
005 (2169568.195.000) 2023-06-27 13:39:32 Job terminated.
	(1) Normal termination (return value 0)
		Usr 0 00:08:51, Sys 0 00:00:22  -  Run Remote Usage
		Usr 0 00:00:00, Sys 0 00:00:00  -  Run Local Usage
		Usr 0 00:08:51, Sys 0 00:00:22  -  Total Remote Usage
		Usr 0 00:00:00, Sys 0 00:00:00  -  Total Local Usage
	154963  -  Run Bytes Sent By Job
	224545  -  Run Bytes Received By Job
	154963  -  Total Bytes Sent By Job
	224545  -  Total Bytes Received By Job
	Partitionable Resources :    Usage  Request Allocated 
	   Cpus                 :     0.00        1         1 
	   Disk (KB)            :   920         225   1630299 
	   Memory (MB)          :   152        2048      2048 

	Job terminated of its own accord at 2023-06-27T18:39:31Z with exit-code 0.
...
