000 (2169568.347.000) 2023-06-27 13:09:12 Job submitted from host: <131.225.189.251:9618?addrs=131.225.189.251-9618+[2620-6a-0-8421--e8]-9618&alias=lpcschedd4.fnal.gov&noUDP&sock=schedd_2018_c235>
...
040 (2169568.347.000) 2023-06-27 13:29:52 Started transferring input files
	Transferring to host: <131.225.188.210:9618?addrs=[2620-6a-0-8421-f0-0-188-210]-9618+131.225.188.210-9618&alias=cmswn2067.fnal.gov&noUDP&sock=slot1_50_2009_45ab_46594>
...
040 (2169568.347.000) 2023-06-27 13:29:52 Finished transferring input files
...
001 (2169568.347.000) 2023-06-27 13:29:52 Job executing on host: <131.225.188.210:9618?addrs=[2620-6a-0-8421-f0-0-188-210]-9618+131.225.188.210-9618&alias=cmswn2067.fnal.gov&noUDP&sock=startd_1928_06af>
...
006 (2169568.347.000) 2023-06-27 13:30:01 Image size of job updated: 46
	46  -  MemoryUsage of job (MB)
	48076  -  ResidentSetSize of job (KB)
...
006 (2169568.347.000) 2023-06-27 13:31:01 Image size of job updated: 152
	152  -  MemoryUsage of job (MB)
	155940  -  ResidentSetSize of job (KB)
...
006 (2169568.347.000) 2023-06-27 13:32:01 Image size of job updated: 152
	152  -  MemoryUsage of job (MB)
	155956  -  ResidentSetSize of job (KB)
...
006 (2169568.347.000) 2023-06-27 13:33:02 Image size of job updated: 152
	152  -  MemoryUsage of job (MB)
	156008  -  ResidentSetSize of job (KB)
...
006 (2169568.347.000) 2023-06-27 13:34:03 Image size of job updated: 152
	152  -  MemoryUsage of job (MB)
	156044  -  ResidentSetSize of job (KB)
...
006 (2169568.347.000) 2023-06-27 13:35:03 Image size of job updated: 152
	152  -  MemoryUsage of job (MB)
	156048  -  ResidentSetSize of job (KB)
...
040 (2169568.347.000) 2023-06-27 13:39:27 Started transferring output files
...
040 (2169568.347.000) 2023-06-27 13:39:27 Finished transferring output files
...
005 (2169568.347.000) 2023-06-27 13:39:28 Job terminated.
	(1) Normal termination (return value 0)
		Usr 0 00:08:28, Sys 0 00:00:21  -  Run Remote Usage
		Usr 0 00:00:00, Sys 0 00:00:00  -  Run Local Usage
		Usr 0 00:08:28, Sys 0 00:00:21  -  Total Remote Usage
		Usr 0 00:00:00, Sys 0 00:00:00  -  Total Local Usage
	156944  -  Run Bytes Sent By Job
	224545  -  Run Bytes Received By Job
	156944  -  Total Bytes Sent By Job
	224545  -  Total Bytes Received By Job
	Partitionable Resources :    Usage  Request Allocated 
	   Cpus                 :        0        1         1 
	   Disk (KB)            :      922      225   1642278 
	   Memory (MB)          :      152     2048      2048 

	Job terminated of its own accord at 2023-06-27T18:39:27Z with exit-code 0.
...
