000 (2169568.067.000) 2023-06-27 13:09:10 Job submitted from host: <131.225.189.251:9618?addrs=131.225.189.251-9618+[2620-6a-0-8421--e8]-9618&alias=lpcschedd4.fnal.gov&noUDP&sock=schedd_2018_c235>
...
040 (2169568.067.000) 2023-06-27 13:21:38 Started transferring input files
	Transferring to host: <131.225.189.128:9618?addrs=[2620-6a-0-8421-f0-0-189-128]-9618+131.225.189.128-9618&alias=cmswn2102.fnal.gov&noUDP&sock=slot1_41_2104_354f_50947>
...
040 (2169568.067.000) 2023-06-27 13:21:38 Finished transferring input files
...
001 (2169568.067.000) 2023-06-27 13:21:38 Job executing on host: <131.225.189.128:9618?addrs=[2620-6a-0-8421-f0-0-189-128]-9618+131.225.189.128-9618&alias=cmswn2102.fnal.gov&noUDP&sock=startd_2015_b36c>
...
006 (2169568.067.000) 2023-06-27 13:21:47 Image size of job updated: 14
	14  -  MemoryUsage of job (MB)
	14708  -  ResidentSetSize of job (KB)
...
006 (2169568.067.000) 2023-06-27 13:22:47 Image size of job updated: 146
	146  -  MemoryUsage of job (MB)
	150216  -  ResidentSetSize of job (KB)
...
006 (2169568.067.000) 2023-06-27 13:23:48 Image size of job updated: 146
	146  -  MemoryUsage of job (MB)
	150228  -  ResidentSetSize of job (KB)
...
006 (2169568.067.000) 2023-06-27 13:24:48 Image size of job updated: 146
	146  -  MemoryUsage of job (MB)
	150240  -  ResidentSetSize of job (KB)
...
006 (2169568.067.000) 2023-06-27 13:25:48 Image size of job updated: 146
	146  -  MemoryUsage of job (MB)
	150244  -  ResidentSetSize of job (KB)
...
006 (2169568.067.000) 2023-06-27 13:27:49 Image size of job updated: 146
	146  -  MemoryUsage of job (MB)
	150276  -  ResidentSetSize of job (KB)
...
040 (2169568.067.000) 2023-06-27 13:27:49 Started transferring output files
...
040 (2169568.067.000) 2023-06-27 13:27:49 Finished transferring output files
...
005 (2169568.067.000) 2023-06-27 13:27:50 Job terminated.
	(1) Normal termination (return value 0)
		Usr 0 00:04:38, Sys 0 00:00:11  -  Run Remote Usage
		Usr 0 00:00:00, Sys 0 00:00:00  -  Run Local Usage
		Usr 0 00:04:38, Sys 0 00:00:11  -  Total Remote Usage
		Usr 0 00:00:00, Sys 0 00:00:00  -  Total Local Usage
	150121  -  Run Bytes Sent By Job
	224544  -  Run Bytes Received By Job
	150121  -  Total Bytes Sent By Job
	224544  -  Total Bytes Received By Job
	Partitionable Resources :    Usage  Request Allocated 
	   Cpus                 :        0        1         1 
	   Disk (KB)            :      914      225   3466257 
	   Memory (MB)          :      146     2048      2048 

	Job terminated of its own accord at 2023-06-27T18:27:49Z with exit-code 0.
...
