000 (2169568.129.000) 2023-06-27 13:09:11 Job submitted from host: <131.225.189.251:9618?addrs=131.225.189.251-9618+[2620-6a-0-8421--e8]-9618&alias=lpcschedd4.fnal.gov&noUDP&sock=schedd_2018_c235>
...
040 (2169568.129.000) 2023-06-27 13:25:19 Started transferring input files
	Transferring to host: <131.225.189.32:9618?addrs=[2620-6a-0-8421-f0-0-189-32]-9618+131.225.189.32-9618&alias=cmswn2085.fnal.gov&noUDP&sock=slot1_46_2019_516b_47278>
...
040 (2169568.129.000) 2023-06-27 13:25:19 Finished transferring input files
...
001 (2169568.129.000) 2023-06-27 13:25:19 Job executing on host: <131.225.189.32:9618?addrs=[2620-6a-0-8421-f0-0-189-32]-9618+131.225.189.32-9618&alias=cmswn2085.fnal.gov&noUDP&sock=startd_1925_f7e6>
...
006 (2169568.129.000) 2023-06-27 13:25:27 Image size of job updated: 14
	14  -  MemoryUsage of job (MB)
	15276  -  ResidentSetSize of job (KB)
...
006 (2169568.129.000) 2023-06-27 13:26:27 Image size of job updated: 149
	149  -  MemoryUsage of job (MB)
	153044  -  ResidentSetSize of job (KB)
...
006 (2169568.129.000) 2023-06-27 13:27:28 Image size of job updated: 149
	149  -  MemoryUsage of job (MB)
	153132  -  ResidentSetSize of job (KB)
...
006 (2169568.129.000) 2023-06-27 13:28:29 Image size of job updated: 149
	149  -  MemoryUsage of job (MB)
	153140  -  ResidentSetSize of job (KB)
...
006 (2169568.129.000) 2023-06-27 13:30:30 Image size of job updated: 149
	149  -  MemoryUsage of job (MB)
	153144  -  ResidentSetSize of job (KB)
...
006 (2169568.129.000) 2023-06-27 13:32:12 Image size of job updated: 149
	149  -  MemoryUsage of job (MB)
	153152  -  ResidentSetSize of job (KB)
...
040 (2169568.129.000) 2023-06-27 13:32:12 Started transferring output files
...
040 (2169568.129.000) 2023-06-27 13:32:12 Finished transferring output files
...
005 (2169568.129.000) 2023-06-27 13:32:13 Job terminated.
	(1) Normal termination (return value 0)
		Usr 0 00:05:57, Sys 0 00:00:15  -  Run Remote Usage
		Usr 0 00:00:00, Sys 0 00:00:00  -  Run Local Usage
		Usr 0 00:05:57, Sys 0 00:00:15  -  Total Remote Usage
		Usr 0 00:00:00, Sys 0 00:00:00  -  Total Local Usage
	149264  -  Run Bytes Sent By Job
	224545  -  Run Bytes Received By Job
	149264  -  Total Bytes Sent By Job
	224545  -  Total Bytes Received By Job
	Partitionable Resources :    Usage  Request Allocated 
	   Cpus                 :     0.00        1         1 
	   Disk (KB)            :   915         225   1635421 
	   Memory (MB)          :   149        2048      2048 

	Job terminated of its own accord at 2023-06-27T18:32:12Z with exit-code 0.
...
