000 (2169568.364.000) 2023-06-27 13:09:12 Job submitted from host: <131.225.189.251:9618?addrs=131.225.189.251-9618+[2620-6a-0-8421--e8]-9618&alias=lpcschedd4.fnal.gov&noUDP&sock=schedd_2018_c235>
...
040 (2169568.364.000) 2023-06-27 13:29:55 Started transferring input files
	Transferring to host: <131.225.188.73:9618?addrs=[2620-6a-0-8421-f0-0-188-73]-9618+131.225.188.73-9618&alias=cmswn2038.fnal.gov&noUDP&sock=slot1_31_2055_aeed_55843>
...
040 (2169568.364.000) 2023-06-27 13:29:55 Finished transferring input files
...
001 (2169568.364.000) 2023-06-27 13:29:55 Job executing on host: <131.225.188.73:9618?addrs=[2620-6a-0-8421-f0-0-188-73]-9618+131.225.188.73-9618&alias=cmswn2038.fnal.gov&noUDP&sock=startd_1935_d3d8>
...
006 (2169568.364.000) 2023-06-27 13:30:04 Image size of job updated: 8
	8  -  MemoryUsage of job (MB)
	8484  -  ResidentSetSize of job (KB)
...
006 (2169568.364.000) 2023-06-27 13:31:04 Image size of job updated: 162
	162  -  MemoryUsage of job (MB)
	166900  -  ResidentSetSize of job (KB)
...
006 (2169568.364.000) 2023-06-27 13:32:04 Image size of job updated: 163
	163  -  MemoryUsage of job (MB)
	166916  -  ResidentSetSize of job (KB)
...
006 (2169568.364.000) 2023-06-27 13:33:05 Image size of job updated: 163
	163  -  MemoryUsage of job (MB)
	166924  -  ResidentSetSize of job (KB)
...
006 (2169568.364.000) 2023-06-27 13:34:06 Image size of job updated: 163
	163  -  MemoryUsage of job (MB)
	166928  -  ResidentSetSize of job (KB)
...
006 (2169568.364.000) 2023-06-27 13:35:06 Image size of job updated: 163
	163  -  MemoryUsage of job (MB)
	167052  -  ResidentSetSize of job (KB)
...
006 (2169568.364.000) 2023-06-27 13:36:07 Image size of job updated: 163
	163  -  MemoryUsage of job (MB)
	167056  -  ResidentSetSize of job (KB)
...
006 (2169568.364.000) 2023-06-27 13:39:08 Image size of job updated: 163
	163  -  MemoryUsage of job (MB)
	167060  -  ResidentSetSize of job (KB)
...
006 (2169568.364.000) 2023-06-27 13:41:09 Image size of job updated: 163
	163  -  MemoryUsage of job (MB)
	167064  -  ResidentSetSize of job (KB)
...
006 (2169568.364.000) 2023-06-27 13:44:12 Image size of job updated: 163
	163  -  MemoryUsage of job (MB)
	167068  -  ResidentSetSize of job (KB)
...
040 (2169568.364.000) 2023-06-27 13:45:03 Started transferring output files
...
040 (2169568.364.000) 2023-06-27 13:45:03 Finished transferring output files
...
005 (2169568.364.000) 2023-06-27 13:45:04 Job terminated.
	(1) Normal termination (return value 0)
		Usr 0 00:12:29, Sys 0 00:00:28  -  Run Remote Usage
		Usr 0 00:00:00, Sys 0 00:00:00  -  Run Local Usage
		Usr 0 00:12:29, Sys 0 00:00:28  -  Total Remote Usage
		Usr 0 00:00:00, Sys 0 00:00:00  -  Total Local Usage
	164595  -  Run Bytes Sent By Job
	224545  -  Run Bytes Received By Job
	164595  -  Total Bytes Sent By Job
	224545  -  Total Bytes Received By Job
	Partitionable Resources :    Usage  Request Allocated 
	   Cpus                 :     0.03        1         1 
	   Disk (KB)            :   929         225   1650825 
	   Memory (MB)          :   163        2048      2048 

	Job terminated of its own accord at 2023-06-27T18:45:02Z with exit-code 0.
...
