000 (2169568.244.000) 2023-06-27 13:09:12 Job submitted from host: <131.225.189.251:9618?addrs=131.225.189.251-9618+[2620-6a-0-8421--e8]-9618&alias=lpcschedd4.fnal.gov&noUDP&sock=schedd_2018_c235>
...
040 (2169568.244.000) 2023-06-27 13:29:29 Started transferring input files
	Transferring to host: <131.225.188.94:9618?addrs=[2620-6a-0-8421-f0-0-188-94]-9618+131.225.188.94-9618&alias=cmswn2045.fnal.gov&noUDP&sock=slot1_11_2109_bb2f_53082>
...
040 (2169568.244.000) 2023-06-27 13:29:29 Finished transferring input files
...
001 (2169568.244.000) 2023-06-27 13:29:29 Job executing on host: <131.225.188.94:9618?addrs=[2620-6a-0-8421-f0-0-188-94]-9618+131.225.188.94-9618&alias=cmswn2045.fnal.gov&noUDP&sock=startd_1924_484e>
...
006 (2169568.244.000) 2023-06-27 13:29:38 Image size of job updated: 26
	26  -  MemoryUsage of job (MB)
	27024  -  ResidentSetSize of job (KB)
...
006 (2169568.244.000) 2023-06-27 13:30:39 Image size of job updated: 146
	146  -  MemoryUsage of job (MB)
	150320  -  ResidentSetSize of job (KB)
...
006 (2169568.244.000) 2023-06-27 13:31:40 Image size of job updated: 146
	146  -  MemoryUsage of job (MB)
	150352  -  ResidentSetSize of job (KB)
...
006 (2169568.244.000) 2023-06-27 13:32:40 Image size of job updated: 146
	146  -  MemoryUsage of job (MB)
	150356  -  ResidentSetSize of job (KB)
...
006 (2169568.244.000) 2023-06-27 13:34:41 Image size of job updated: 146
	146  -  MemoryUsage of job (MB)
	150388  -  ResidentSetSize of job (KB)
...
006 (2169568.244.000) 2023-06-27 13:36:42 Image size of job updated: 146
	146  -  MemoryUsage of job (MB)
	150408  -  ResidentSetSize of job (KB)
...
040 (2169568.244.000) 2023-06-27 13:36:46 Started transferring output files
...
040 (2169568.244.000) 2023-06-27 13:36:47 Finished transferring output files
...
005 (2169568.244.000) 2023-06-27 13:36:47 Job terminated.
	(1) Normal termination (return value 0)
		Usr 0 00:05:59, Sys 0 00:00:14  -  Run Remote Usage
		Usr 0 00:00:00, Sys 0 00:00:00  -  Run Local Usage
		Usr 0 00:05:59, Sys 0 00:00:14  -  Total Remote Usage
		Usr 0 00:00:00, Sys 0 00:00:00  -  Total Local Usage
	147281  -  Run Bytes Sent By Job
	224545  -  Run Bytes Received By Job
	147281  -  Total Bytes Sent By Job
	224545  -  Total Bytes Received By Job
	Partitionable Resources :    Usage  Request Allocated 
	   Cpus                 :     0.00        1         1 
	   Disk (KB)            :   912         225   1643101 
	   Memory (MB)          :   146        2048      2048 

	Job terminated of its own accord at 2023-06-27T18:36:46Z with exit-code 0.
...
