000 (2169568.025.000) 2023-06-27 13:09:10 Job submitted from host: <131.225.189.251:9618?addrs=131.225.189.251-9618+[2620-6a-0-8421--e8]-9618&alias=lpcschedd4.fnal.gov&noUDP&sock=schedd_2018_c235>
...
040 (2169568.025.000) 2023-06-27 13:17:01 Started transferring input files
	Transferring to host: <131.225.188.184:9618?addrs=[2620-6a-0-8421-f0-0-188-184]-9618+131.225.188.184-9618&alias=cmswn2061.fnal.gov&noUDP&sock=slot1_39_2225_76b4_2655>
...
040 (2169568.025.000) 2023-06-27 13:17:01 Finished transferring input files
...
001 (2169568.025.000) 2023-06-27 13:17:01 Job executing on host: <131.225.188.184:9618?addrs=[2620-6a-0-8421-f0-0-188-184]-9618+131.225.188.184-9618&alias=cmswn2061.fnal.gov&noUDP&sock=startd_2137_61fa>
...
006 (2169568.025.000) 2023-06-27 13:17:10 Image size of job updated: 8
	8  -  MemoryUsage of job (MB)
	8576  -  ResidentSetSize of job (KB)
...
006 (2169568.025.000) 2023-06-27 13:18:10 Image size of job updated: 136
	136  -  MemoryUsage of job (MB)
	139360  -  ResidentSetSize of job (KB)
...
006 (2169568.025.000) 2023-06-27 13:18:50 Image size of job updated: 136
	136  -  MemoryUsage of job (MB)
	139372  -  ResidentSetSize of job (KB)
...
040 (2169568.025.000) 2023-06-27 13:18:50 Started transferring output files
...
040 (2169568.025.000) 2023-06-27 13:18:50 Finished transferring output files
...
005 (2169568.025.000) 2023-06-27 13:18:52 Job terminated.
	(1) Normal termination (return value 0)
		Usr 0 00:01:22, Sys 0 00:00:05  -  Run Remote Usage
		Usr 0 00:00:00, Sys 0 00:00:00  -  Run Local Usage
		Usr 0 00:01:22, Sys 0 00:00:05  -  Total Remote Usage
		Usr 0 00:00:00, Sys 0 00:00:00  -  Total Local Usage
	130703  -  Run Bytes Sent By Job
	224544  -  Run Bytes Received By Job
	130703  -  Total Bytes Sent By Job
	224544  -  Total Bytes Received By Job
	Partitionable Resources :    Usage  Request Allocated 
	   Cpus                 :     0.00        1         1 
	   Disk (KB)            :   894         225   1627664 
	   Memory (MB)          :   136        2048      2048 

	Job terminated of its own accord at 2023-06-27T18:18:50Z with exit-code 0.
...
