000 (2169568.241.000) 2023-06-27 13:09:12 Job submitted from host: <131.225.189.251:9618?addrs=131.225.189.251-9618+[2620-6a-0-8421--e8]-9618&alias=lpcschedd4.fnal.gov&noUDP&sock=schedd_2018_c235>
...
040 (2169568.241.000) 2023-06-27 13:29:35 Started transferring input files
	Transferring to host: <131.225.189.36:9618?addrs=[2620-6a-0-8421-f0-0-189-36]-9618+131.225.189.36-9618&alias=cmswn2089.fnal.gov&noUDP&sock=slot1_21_2130_8710_46322>
...
040 (2169568.241.000) 2023-06-27 13:29:35 Finished transferring input files
...
001 (2169568.241.000) 2023-06-27 13:29:35 Job executing on host: <131.225.189.36:9618?addrs=[2620-6a-0-8421-f0-0-189-36]-9618+131.225.189.36-9618&alias=cmswn2089.fnal.gov&noUDP&sock=startd_2027_ee8f>
...
006 (2169568.241.000) 2023-06-27 13:29:44 Image size of job updated: 8
	8  -  MemoryUsage of job (MB)
	8484  -  ResidentSetSize of job (KB)
...
006 (2169568.241.000) 2023-06-27 13:30:44 Image size of job updated: 139
	139  -  MemoryUsage of job (MB)
	142396  -  ResidentSetSize of job (KB)
...
006 (2169568.241.000) 2023-06-27 13:31:44 Image size of job updated: 139
	139  -  MemoryUsage of job (MB)
	142412  -  ResidentSetSize of job (KB)
...
006 (2169568.241.000) 2023-06-27 13:32:44 Image size of job updated: 139
	139  -  MemoryUsage of job (MB)
	142424  -  ResidentSetSize of job (KB)
...
006 (2169568.241.000) 2023-06-27 13:33:00 Image size of job updated: 139
	139  -  MemoryUsage of job (MB)
	142428  -  ResidentSetSize of job (KB)
...
040 (2169568.241.000) 2023-06-27 13:33:00 Started transferring output files
...
040 (2169568.241.000) 2023-06-27 13:33:00 Finished transferring output files
...
005 (2169568.241.000) 2023-06-27 13:33:01 Job terminated.
	(1) Normal termination (return value 0)
		Usr 0 00:03:02, Sys 0 00:00:08  -  Run Remote Usage
		Usr 0 00:00:00, Sys 0 00:00:00  -  Run Local Usage
		Usr 0 00:03:02, Sys 0 00:00:08  -  Total Remote Usage
		Usr 0 00:00:00, Sys 0 00:00:00  -  Total Local Usage
	139921  -  Run Bytes Sent By Job
	224545  -  Run Bytes Received By Job
	139921  -  Total Bytes Sent By Job
	224545  -  Total Bytes Received By Job
	Partitionable Resources :    Usage  Request Allocated 
	   Cpus                 :     0.00        1         1 
	   Disk (KB)            :   905         225   1630299 
	   Memory (MB)          :   139        2048      2048 

	Job terminated of its own accord at 2023-06-27T18:33:00Z with exit-code 0.
...
