000 (2169568.231.000) 2023-06-27 13:09:12 Job submitted from host: <131.225.189.251:9618?addrs=131.225.189.251-9618+[2620-6a-0-8421--e8]-9618&alias=lpcschedd4.fnal.gov&noUDP&sock=schedd_2018_c235>
...
040 (2169568.231.000) 2023-06-27 13:29:26 Started transferring input files
	Transferring to host: <131.225.188.91:9618?addrs=[2620-6a-0-8421-f0-0-188-91]-9618+131.225.188.91-9618&alias=cmswn2044.fnal.gov&noUDP&sock=slot1_17_2022_6e8b_44074>
...
040 (2169568.231.000) 2023-06-27 13:29:26 Finished transferring input files
...
001 (2169568.231.000) 2023-06-27 13:29:26 Job executing on host: <131.225.188.91:9618?addrs=[2620-6a-0-8421-f0-0-188-91]-9618+131.225.188.91-9618&alias=cmswn2044.fnal.gov&noUDP&sock=startd_1920_89ed>
...
006 (2169568.231.000) 2023-06-27 13:29:35 Image size of job updated: 8
	8  -  MemoryUsage of job (MB)
	8488  -  ResidentSetSize of job (KB)
...
006 (2169568.231.000) 2023-06-27 13:30:36 Image size of job updated: 151
	151  -  MemoryUsage of job (MB)
	155184  -  ResidentSetSize of job (KB)
...
006 (2169568.231.000) 2023-06-27 13:31:37 Image size of job updated: 151
	151  -  MemoryUsage of job (MB)
	155204  -  ResidentSetSize of job (KB)
...
006 (2169568.231.000) 2023-06-27 13:32:38 Image size of job updated: 151
	151  -  MemoryUsage of job (MB)
	155208  -  ResidentSetSize of job (KB)
...
006 (2169568.231.000) 2023-06-27 13:33:38 Image size of job updated: 151
	151  -  MemoryUsage of job (MB)
	155212  -  ResidentSetSize of job (KB)
...
006 (2169568.231.000) 2023-06-27 13:35:39 Image size of job updated: 151
	151  -  MemoryUsage of job (MB)
	155220  -  ResidentSetSize of job (KB)
...
040 (2169568.231.000) 2023-06-27 13:38:05 Started transferring output files
...
040 (2169568.231.000) 2023-06-27 13:38:05 Finished transferring output files
...
005 (2169568.231.000) 2023-06-27 13:38:06 Job terminated.
	(1) Normal termination (return value 0)
		Usr 0 00:07:36, Sys 0 00:00:19  -  Run Remote Usage
		Usr 0 00:00:00, Sys 0 00:00:00  -  Run Local Usage
		Usr 0 00:07:36, Sys 0 00:00:19  -  Total Remote Usage
		Usr 0 00:00:00, Sys 0 00:00:00  -  Total Local Usage
	155437  -  Run Bytes Sent By Job
	224545  -  Run Bytes Received By Job
	155437  -  Total Bytes Sent By Job
	224545  -  Total Bytes Received By Job
	Partitionable Resources :    Usage  Request Allocated 
	   Cpus                 :     0.00        1         1 
	   Disk (KB)            :   920         225   1637755 
	   Memory (MB)          :   151        2048      2048 

	Job terminated of its own accord at 2023-06-27T18:38:05Z with exit-code 0.
...
