000 (2169568.247.000) 2023-06-27 13:09:12 Job submitted from host: <131.225.189.251:9618?addrs=131.225.189.251-9618+[2620-6a-0-8421--e8]-9618&alias=lpcschedd4.fnal.gov&noUDP&sock=schedd_2018_c235>
...
040 (2169568.247.000) 2023-06-27 13:29:30 Started transferring input files
	Transferring to host: <131.225.188.149:9618?addrs=[2620-6a-0-8421-f0-0-188-149]-9618+131.225.188.149-9618&alias=cmswn2052.fnal.gov&noUDP&sock=slot1_62_2015_7feb_53311>
...
040 (2169568.247.000) 2023-06-27 13:29:30 Finished transferring input files
...
001 (2169568.247.000) 2023-06-27 13:29:30 Job executing on host: <131.225.188.149:9618?addrs=[2620-6a-0-8421-f0-0-188-149]-9618+131.225.188.149-9618&alias=cmswn2052.fnal.gov&noUDP&sock=startd_1925_f7e6>
...
006 (2169568.247.000) 2023-06-27 13:29:39 Image size of job updated: 37
	37  -  MemoryUsage of job (MB)
	38076  -  ResidentSetSize of job (KB)
...
006 (2169568.247.000) 2023-06-27 13:30:40 Image size of job updated: 136
	136  -  MemoryUsage of job (MB)
	139528  -  ResidentSetSize of job (KB)
...
006 (2169568.247.000) 2023-06-27 13:31:17 Image size of job updated: 136
	136  -  MemoryUsage of job (MB)
	139580  -  ResidentSetSize of job (KB)
...
040 (2169568.247.000) 2023-06-27 13:31:17 Started transferring output files
...
040 (2169568.247.000) 2023-06-27 13:31:17 Finished transferring output files
...
005 (2169568.247.000) 2023-06-27 13:31:18 Job terminated.
	(1) Normal termination (return value 0)
		Usr 0 00:01:23, Sys 0 00:00:04  -  Run Remote Usage
		Usr 0 00:00:00, Sys 0 00:00:00  -  Run Local Usage
		Usr 0 00:01:23, Sys 0 00:00:04  -  Total Remote Usage
		Usr 0 00:00:00, Sys 0 00:00:00  -  Total Local Usage
	129672  -  Run Bytes Sent By Job
	224545  -  Run Bytes Received By Job
	129672  -  Total Bytes Sent By Job
	224545  -  Total Bytes Received By Job
	Partitionable Resources :    Usage  Request Allocated 
	   Cpus                 :        0        1         1 
	   Disk (KB)            :      896      225   1636817 
	   Memory (MB)          :      136     2048      2048 

	Job terminated of its own accord at 2023-06-27T18:31:17Z with exit-code 0.
...
