000 (2169568.222.000) 2023-06-27 13:09:11 Job submitted from host: <131.225.189.251:9618?addrs=131.225.189.251-9618+[2620-6a-0-8421--e8]-9618&alias=lpcschedd4.fnal.gov&noUDP&sock=schedd_2018_c235>
...
040 (2169568.222.000) 2023-06-27 13:29:23 Started transferring input files
	Transferring to host: <131.225.188.17:9618?addrs=[2620-6a-0-8421-f0-0-188-17]-9618+131.225.188.17-9618&alias=cmswn2020.fnal.gov&noUDP&sock=slot1_10_2025_8bab_45974>
...
040 (2169568.222.000) 2023-06-27 13:29:23 Finished transferring input files
...
001 (2169568.222.000) 2023-06-27 13:29:23 Job executing on host: <131.225.188.17:9618?addrs=[2620-6a-0-8421-f0-0-188-17]-9618+131.225.188.17-9618&alias=cmswn2020.fnal.gov&noUDP&sock=startd_1921_3985>
...
006 (2169568.222.000) 2023-06-27 13:29:32 Image size of job updated: 32
	32  -  MemoryUsage of job (MB)
	33028  -  ResidentSetSize of job (KB)
...
006 (2169568.222.000) 2023-06-27 13:30:33 Image size of job updated: 138
	138  -  MemoryUsage of job (MB)
	141680  -  ResidentSetSize of job (KB)
...
006 (2169568.222.000) 2023-06-27 13:31:35 Image size of job updated: 138
	138  -  MemoryUsage of job (MB)
	141724  -  ResidentSetSize of job (KB)
...
006 (2169568.222.000) 2023-06-27 13:32:15 Image size of job updated: 138
	138  -  MemoryUsage of job (MB)
	141744  -  ResidentSetSize of job (KB)
...
040 (2169568.222.000) 2023-06-27 13:32:15 Started transferring output files
...
040 (2169568.222.000) 2023-06-27 13:32:15 Finished transferring output files
...
005 (2169568.222.000) 2023-06-27 13:32:18 Job terminated.
	(1) Normal termination (return value 0)
		Usr 0 00:02:16, Sys 0 00:00:07  -  Run Remote Usage
		Usr 0 00:00:00, Sys 0 00:00:00  -  Run Local Usage
		Usr 0 00:02:16, Sys 0 00:00:07  -  Total Remote Usage
		Usr 0 00:00:00, Sys 0 00:00:00  -  Total Local Usage
	137776  -  Run Bytes Sent By Job
	224545  -  Run Bytes Received By Job
	137776  -  Total Bytes Sent By Job
	224545  -  Total Bytes Received By Job
	Partitionable Resources :    Usage  Request Allocated 
	   Cpus                 :     0.01        1         1 
	   Disk (KB)            :   904         225   1632973 
	   Memory (MB)          :   138        2048      2048 

	Job terminated of its own accord at 2023-06-27T18:32:15Z with exit-code 0.
...
