000 (2169568.081.000) 2023-06-27 13:09:11 Job submitted from host: <131.225.189.251:9618?addrs=131.225.189.251-9618+[2620-6a-0-8421--e8]-9618&alias=lpcschedd4.fnal.gov&noUDP&sock=schedd_2018_c235>
...
040 (2169568.081.000) 2023-06-27 13:23:08 Started transferring input files
	Transferring to host: <131.225.189.158:9618?addrs=[2620-6a-0-8421-f0-0-189-158]-9618+131.225.189.158-9618&alias=cmswn2114.fnal.gov&noUDP&sock=slot1_47_2119_c6ef_65950>
...
040 (2169568.081.000) 2023-06-27 13:23:08 Finished transferring input files
...
001 (2169568.081.000) 2023-06-27 13:23:08 Job executing on host: <131.225.189.158:9618?addrs=[2620-6a-0-8421-f0-0-189-158]-9618+131.225.189.158-9618&alias=cmswn2114.fnal.gov&noUDP&sock=startd_2016_6304>
...
006 (2169568.081.000) 2023-06-27 13:23:17 Image size of job updated: 8
	8  -  MemoryUsage of job (MB)
	8480  -  ResidentSetSize of job (KB)
...
006 (2169568.081.000) 2023-06-27 13:24:17 Image size of job updated: 150
	150  -  MemoryUsage of job (MB)
	154224  -  ResidentSetSize of job (KB)
...
006 (2169568.081.000) 2023-06-27 13:25:18 Image size of job updated: 150
	150  -  MemoryUsage of job (MB)
	154252  -  ResidentSetSize of job (KB)
...
006 (2169568.081.000) 2023-06-27 13:27:19 Image size of job updated: 150
	150  -  MemoryUsage of job (MB)
	154308  -  ResidentSetSize of job (KB)
...
006 (2169568.081.000) 2023-06-27 13:28:20 Image size of job updated: 150
	150  -  MemoryUsage of job (MB)
	154424  -  ResidentSetSize of job (KB)
...
006 (2169568.081.000) 2023-06-27 13:29:21 Image size of job updated: 150
	150  -  MemoryUsage of job (MB)
	154436  -  ResidentSetSize of job (KB)
...
040 (2169568.081.000) 2023-06-27 13:31:56 Started transferring output files
...
040 (2169568.081.000) 2023-06-27 13:31:56 Finished transferring output files
...
005 (2169568.081.000) 2023-06-27 13:31:57 Job terminated.
	(1) Normal termination (return value 0)
		Usr 0 00:07:57, Sys 0 00:00:19  -  Run Remote Usage
		Usr 0 00:00:00, Sys 0 00:00:00  -  Run Local Usage
		Usr 0 00:07:57, Sys 0 00:00:19  -  Total Remote Usage
		Usr 0 00:00:00, Sys 0 00:00:00  -  Total Local Usage
	154190  -  Run Bytes Sent By Job
	224544  -  Run Bytes Received By Job
	154190  -  Total Bytes Sent By Job
	224544  -  Total Bytes Received By Job
	Partitionable Resources :    Usage  Request Allocated 
	   Cpus                 :     0.01        1         1 
	   Disk (KB)            :   918         225   3458608 
	   Memory (MB)          :   150        2048      2048 

	Job terminated of its own accord at 2023-06-27T18:31:55Z with exit-code 0.
...
