000 (2169568.051.000) 2023-06-27 13:09:10 Job submitted from host: <131.225.189.251:9618?addrs=131.225.189.251-9618+[2620-6a-0-8421--e8]-9618&alias=lpcschedd4.fnal.gov&noUDP&sock=schedd_2018_c235>
...
040 (2169568.051.000) 2023-06-27 13:18:56 Started transferring input files
	Transferring to host: <131.225.189.32:9618?addrs=[2620-6a-0-8421-f0-0-189-32]-9618+131.225.189.32-9618&alias=cmswn2085.fnal.gov&noUDP&sock=slot1_46_2019_516b_47276>
...
040 (2169568.051.000) 2023-06-27 13:18:56 Finished transferring input files
...
001 (2169568.051.000) 2023-06-27 13:18:56 Job executing on host: <131.225.189.32:9618?addrs=[2620-6a-0-8421-f0-0-189-32]-9618+131.225.189.32-9618&alias=cmswn2085.fnal.gov&noUDP&sock=startd_1925_f7e6>
...
006 (2169568.051.000) 2023-06-27 13:19:04 Image size of job updated: 25
	25  -  MemoryUsage of job (MB)
	26508  -  ResidentSetSize of job (KB)
...
006 (2169568.051.000) 2023-06-27 13:20:04 Image size of job updated: 148
	148  -  MemoryUsage of job (MB)
	151956  -  ResidentSetSize of job (KB)
...
006 (2169568.051.000) 2023-06-27 13:21:04 Image size of job updated: 148
	148  -  MemoryUsage of job (MB)
	151964  -  ResidentSetSize of job (KB)
...
006 (2169568.051.000) 2023-06-27 13:23:06 Image size of job updated: 148
	148  -  MemoryUsage of job (MB)
	152028  -  ResidentSetSize of job (KB)
...
006 (2169568.051.000) 2023-06-27 13:24:07 Image size of job updated: 148
	148  -  MemoryUsage of job (MB)
	152116  -  ResidentSetSize of job (KB)
...
040 (2169568.051.000) 2023-06-27 13:25:16 Started transferring output files
...
040 (2169568.051.000) 2023-06-27 13:25:16 Finished transferring output files
...
005 (2169568.051.000) 2023-06-27 13:25:17 Job terminated.
	(1) Normal termination (return value 0)
		Usr 0 00:05:35, Sys 0 00:00:15  -  Run Remote Usage
		Usr 0 00:00:00, Sys 0 00:00:00  -  Run Local Usage
		Usr 0 00:05:35, Sys 0 00:00:15  -  Total Remote Usage
		Usr 0 00:00:00, Sys 0 00:00:00  -  Total Local Usage
	150331  -  Run Bytes Sent By Job
	224544  -  Run Bytes Received By Job
	150331  -  Total Bytes Sent By Job
	224544  -  Total Bytes Received By Job
	Partitionable Resources :    Usage  Request Allocated 
	   Cpus                 :     0.00        1         1 
	   Disk (KB)            :   915         225   1635421 
	   Memory (MB)          :   148        2048      2048 

	Job terminated of its own accord at 2023-06-27T18:25:16Z with exit-code 0.
...
