000 (2169568.118.000) 2023-06-27 13:09:11 Job submitted from host: <131.225.189.251:9618?addrs=131.225.189.251-9618+[2620-6a-0-8421--e8]-9618&alias=lpcschedd4.fnal.gov&noUDP&sock=schedd_2018_c235>
...
040 (2169568.118.000) 2023-06-27 13:24:49 Started transferring input files
	Transferring to host: <131.225.188.64:9618?addrs=[2620-6a-0-8421-f0-0-188-64]-9618+131.225.188.64-9618&alias=cmswn2036.fnal.gov&noUDP&sock=slot1_9_2136_c150_54599>
...
040 (2169568.118.000) 2023-06-27 13:24:49 Finished transferring input files
...
001 (2169568.118.000) 2023-06-27 13:24:49 Job executing on host: <131.225.188.64:9618?addrs=[2620-6a-0-8421-f0-0-188-64]-9618+131.225.188.64-9618&alias=cmswn2036.fnal.gov&noUDP&sock=startd_1938_e2a1>
...
006 (2169568.118.000) 2023-06-27 13:24:58 Image size of job updated: 5
	5  -  MemoryUsage of job (MB)
	5420  -  ResidentSetSize of job (KB)
...
006 (2169568.118.000) 2023-06-27 13:25:59 Image size of job updated: 149
	149  -  MemoryUsage of job (MB)
	153388  -  ResidentSetSize of job (KB)
...
006 (2169568.118.000) 2023-06-27 13:27:00 Image size of job updated: 149
	149  -  MemoryUsage of job (MB)
	153484  -  ResidentSetSize of job (KB)
...
006 (2169568.118.000) 2023-06-27 13:31:03 Image size of job updated: 149
	149  -  MemoryUsage of job (MB)
	153492  -  ResidentSetSize of job (KB)
...
006 (2169568.118.000) 2023-06-27 13:32:04 Image size of job updated: 149
	149  -  MemoryUsage of job (MB)
	153496  -  ResidentSetSize of job (KB)
...
040 (2169568.118.000) 2023-06-27 13:32:32 Started transferring output files
...
040 (2169568.118.000) 2023-06-27 13:32:32 Finished transferring output files
...
005 (2169568.118.000) 2023-06-27 13:32:35 Job terminated.
	(1) Normal termination (return value 0)
		Usr 0 00:06:00, Sys 0 00:00:15  -  Run Remote Usage
		Usr 0 00:00:00, Sys 0 00:00:00  -  Run Local Usage
		Usr 0 00:06:00, Sys 0 00:00:15  -  Total Remote Usage
		Usr 0 00:00:00, Sys 0 00:00:00  -  Total Local Usage
	150527  -  Run Bytes Sent By Job
	224545  -  Run Bytes Received By Job
	150527  -  Total Bytes Sent By Job
	224545  -  Total Bytes Received By Job
	Partitionable Resources :    Usage  Request Allocated 
	   Cpus                 :     0.00        1         1 
	   Disk (KB)            :   916         225   1635851 
	   Memory (MB)          :   149        2048      2048 

	Job terminated of its own accord at 2023-06-27T18:32:32Z with exit-code 0.
...
