000 (2169568.251.000) 2023-06-27 13:09:12 Job submitted from host: <131.225.189.251:9618?addrs=131.225.189.251-9618+[2620-6a-0-8421--e8]-9618&alias=lpcschedd4.fnal.gov&noUDP&sock=schedd_2018_c235>
...
040 (2169568.251.000) 2023-06-27 13:29:31 Started transferring input files
	Transferring to host: <131.225.189.131:9618?addrs=[2620-6a-0-8421-f0-0-189-131]-9618+131.225.189.131-9618&alias=cmswn2103.fnal.gov&noUDP&sock=slot1_56_2109_bb2f_32651>
...
040 (2169568.251.000) 2023-06-27 13:29:31 Finished transferring input files
...
001 (2169568.251.000) 2023-06-27 13:29:31 Job executing on host: <131.225.189.131:9618?addrs=[2620-6a-0-8421-f0-0-189-131]-9618+131.225.189.131-9618&alias=cmswn2103.fnal.gov&noUDP&sock=startd_2019_71cd>
...
006 (2169568.251.000) 2023-06-27 13:29:40 Image size of job updated: 41
	41  -  MemoryUsage of job (MB)
	42420  -  ResidentSetSize of job (KB)
...
006 (2169568.251.000) 2023-06-27 13:30:41 Image size of job updated: 152
	152  -  MemoryUsage of job (MB)
	155720  -  ResidentSetSize of job (KB)
...
006 (2169568.251.000) 2023-06-27 13:31:41 Image size of job updated: 152
	152  -  MemoryUsage of job (MB)
	155804  -  ResidentSetSize of job (KB)
...
006 (2169568.251.000) 2023-06-27 13:33:43 Image size of job updated: 152
	152  -  MemoryUsage of job (MB)
	155812  -  ResidentSetSize of job (KB)
...
006 (2169568.251.000) 2023-06-27 13:36:44 Image size of job updated: 152
	152  -  MemoryUsage of job (MB)
	155816  -  ResidentSetSize of job (KB)
...
006 (2169568.251.000) 2023-06-27 13:37:45 Image size of job updated: 152
	152  -  MemoryUsage of job (MB)
	155820  -  ResidentSetSize of job (KB)
...
006 (2169568.251.000) 2023-06-27 13:38:45 Image size of job updated: 152
	152  -  MemoryUsage of job (MB)
	155824  -  ResidentSetSize of job (KB)
...
040 (2169568.251.000) 2023-06-27 13:39:20 Started transferring output files
...
040 (2169568.251.000) 2023-06-27 13:39:20 Finished transferring output files
...
005 (2169568.251.000) 2023-06-27 13:39:22 Job terminated.
	(1) Normal termination (return value 0)
		Usr 0 00:08:13, Sys 0 00:00:20  -  Run Remote Usage
		Usr 0 00:00:00, Sys 0 00:00:00  -  Run Local Usage
		Usr 0 00:08:13, Sys 0 00:00:20  -  Total Remote Usage
		Usr 0 00:00:00, Sys 0 00:00:00  -  Total Local Usage
	155327  -  Run Bytes Sent By Job
	224545  -  Run Bytes Received By Job
	155327  -  Total Bytes Sent By Job
	224545  -  Total Bytes Received By Job
	Partitionable Resources :    Usage  Request Allocated 
	   Cpus                 :     0.00        1         1 
	   Disk (KB)            :   920         225   3450022 
	   Memory (MB)          :   152        2048      2048 

	Job terminated of its own accord at 2023-06-27T18:39:20Z with exit-code 0.
...
