000 (2169568.350.000) 2023-06-27 13:09:12 Job submitted from host: <131.225.189.251:9618?addrs=131.225.189.251-9618+[2620-6a-0-8421--e8]-9618&alias=lpcschedd4.fnal.gov&noUDP&sock=schedd_2018_c235>
...
040 (2169568.350.000) 2023-06-27 13:29:52 Started transferring input files
	Transferring to host: <131.225.188.199:9618?addrs=[2620-6a-0-8421-f0-0-188-199]-9618+131.225.188.199-9618&alias=cmswn2064.fnal.gov&noUDP&sock=slot1_59_2008_914b_47214>
...
040 (2169568.350.000) 2023-06-27 13:29:52 Finished transferring input files
...
001 (2169568.350.000) 2023-06-27 13:29:52 Job executing on host: <131.225.188.199:9618?addrs=[2620-6a-0-8421-f0-0-188-199]-9618+131.225.188.199-9618&alias=cmswn2064.fnal.gov&noUDP&sock=startd_1919_da55>
...
006 (2169568.350.000) 2023-06-27 13:30:01 Image size of job updated: 8
	8  -  MemoryUsage of job (MB)
	8584  -  ResidentSetSize of job (KB)
...
006 (2169568.350.000) 2023-06-27 13:31:02 Image size of job updated: 151
	151  -  MemoryUsage of job (MB)
	154784  -  ResidentSetSize of job (KB)
...
006 (2169568.350.000) 2023-06-27 13:32:03 Image size of job updated: 151
	151  -  MemoryUsage of job (MB)
	154796  -  ResidentSetSize of job (KB)
...
006 (2169568.350.000) 2023-06-27 13:34:06 Image size of job updated: 151
	151  -  MemoryUsage of job (MB)
	154800  -  ResidentSetSize of job (KB)
...
006 (2169568.350.000) 2023-06-27 13:35:07 Image size of job updated: 151
	151  -  MemoryUsage of job (MB)
	154932  -  ResidentSetSize of job (KB)
...
006 (2169568.350.000) 2023-06-27 13:37:07 Image size of job updated: 151
	151  -  MemoryUsage of job (MB)
	154940  -  ResidentSetSize of job (KB)
...
006 (2169568.350.000) 2023-06-27 13:38:07 Image size of job updated: 151
	151  -  MemoryUsage of job (MB)
	154956  -  ResidentSetSize of job (KB)
...
040 (2169568.350.000) 2023-06-27 13:38:26 Started transferring output files
...
040 (2169568.350.000) 2023-06-27 13:38:26 Finished transferring output files
...
005 (2169568.350.000) 2023-06-27 13:38:27 Job terminated.
	(1) Normal termination (return value 0)
		Usr 0 00:07:43, Sys 0 00:00:18  -  Run Remote Usage
		Usr 0 00:00:00, Sys 0 00:00:00  -  Run Local Usage
		Usr 0 00:07:43, Sys 0 00:00:18  -  Total Remote Usage
		Usr 0 00:00:00, Sys 0 00:00:00  -  Total Local Usage
	154149  -  Run Bytes Sent By Job
	224545  -  Run Bytes Received By Job
	154149  -  Total Bytes Sent By Job
	224545  -  Total Bytes Received By Job
	Partitionable Resources :    Usage  Request Allocated 
	   Cpus                 :        0        1         1 
	   Disk (KB)            :      919      225   1646337 
	   Memory (MB)          :      151     2048      2048 

	Job terminated of its own accord at 2023-06-27T18:38:26Z with exit-code 0.
...
