000 (2169568.111.000) 2023-06-27 13:09:11 Job submitted from host: <131.225.189.251:9618?addrs=131.225.189.251-9618+[2620-6a-0-8421--e8]-9618&alias=lpcschedd4.fnal.gov&noUDP&sock=schedd_2018_c235>
...
040 (2169568.111.000) 2023-06-27 13:24:01 Started transferring input files
	Transferring to host: <131.225.189.167:9618?addrs=[2620-6a-0-8421-f0-0-189-167]-9618+131.225.189.167-9618&alias=cmswn2119.fnal.gov&noUDP&sock=slot1_23_2115_f56f_40603>
...
040 (2169568.111.000) 2023-06-27 13:24:01 Finished transferring input files
...
001 (2169568.111.000) 2023-06-27 13:24:01 Job executing on host: <131.225.189.167:9618?addrs=[2620-6a-0-8421-f0-0-189-167]-9618+131.225.189.167-9618&alias=cmswn2119.fnal.gov&noUDP&sock=startd_2013_543c>
...
006 (2169568.111.000) 2023-06-27 13:24:09 Image size of job updated: 33
	33  -  MemoryUsage of job (MB)
	33796  -  ResidentSetSize of job (KB)
...
006 (2169568.111.000) 2023-06-27 13:25:09 Image size of job updated: 150
	150  -  MemoryUsage of job (MB)
	153700  -  ResidentSetSize of job (KB)
...
006 (2169568.111.000) 2023-06-27 13:26:09 Image size of job updated: 150
	150  -  MemoryUsage of job (MB)
	153800  -  ResidentSetSize of job (KB)
...
006 (2169568.111.000) 2023-06-27 13:27:09 Image size of job updated: 150
	150  -  MemoryUsage of job (MB)
	153804  -  ResidentSetSize of job (KB)
...
006 (2169568.111.000) 2023-06-27 13:28:10 Image size of job updated: 150
	150  -  MemoryUsage of job (MB)
	153816  -  ResidentSetSize of job (KB)
...
006 (2169568.111.000) 2023-06-27 13:29:10 Image size of job updated: 150
	150  -  MemoryUsage of job (MB)
	153840  -  ResidentSetSize of job (KB)
...
006 (2169568.111.000) 2023-06-27 13:31:52 Image size of job updated: 150
	150  -  MemoryUsage of job (MB)
	153944  -  ResidentSetSize of job (KB)
...
040 (2169568.111.000) 2023-06-27 13:31:52 Started transferring output files
...
040 (2169568.111.000) 2023-06-27 13:31:52 Finished transferring output files
...
005 (2169568.111.000) 2023-06-27 13:31:54 Job terminated.
	(1) Normal termination (return value 0)
		Usr 0 00:05:40, Sys 0 00:00:14  -  Run Remote Usage
		Usr 0 00:00:00, Sys 0 00:00:00  -  Run Local Usage
		Usr 0 00:05:40, Sys 0 00:00:14  -  Total Remote Usage
		Usr 0 00:00:00, Sys 0 00:00:00  -  Total Local Usage
	151773  -  Run Bytes Sent By Job
	224545  -  Run Bytes Received By Job
	151773  -  Total Bytes Sent By Job
	224545  -  Total Bytes Received By Job
	Partitionable Resources :    Usage  Request Allocated 
	   Cpus                 :     0.00        1         1 
	   Disk (KB)            :   917         225   3466881 
	   Memory (MB)          :   150        2048      2048 

	Job terminated of its own accord at 2023-06-27T18:31:52Z with exit-code 0.
...
