000 (2169568.132.000) 2023-06-27 13:09:11 Job submitted from host: <131.225.189.251:9618?addrs=131.225.189.251-9618+[2620-6a-0-8421--e8]-9618&alias=lpcschedd4.fnal.gov&noUDP&sock=schedd_2018_c235>
...
040 (2169568.132.000) 2023-06-27 13:25:34 Started transferring input files
	Transferring to host: <131.225.188.25:9618?addrs=[2620-6a-0-8421-f0-0-188-25]-9618+131.225.188.25-9618&alias=cmswn2025.fnal.gov&noUDP&sock=slot1_20_2021_ba2b_56529>
...
040 (2169568.132.000) 2023-06-27 13:25:34 Finished transferring input files
...
001 (2169568.132.000) 2023-06-27 13:25:34 Job executing on host: <131.225.188.25:9618?addrs=[2620-6a-0-8421-f0-0-188-25]-9618+131.225.188.25-9618&alias=cmswn2025.fnal.gov&noUDP&sock=startd_1925_f7e6>
...
006 (2169568.132.000) 2023-06-27 13:25:43 Image size of job updated: 39
	39  -  MemoryUsage of job (MB)
	40180  -  ResidentSetSize of job (KB)
...
006 (2169568.132.000) 2023-06-27 13:26:43 Image size of job updated: 142
	142  -  MemoryUsage of job (MB)
	145488  -  ResidentSetSize of job (KB)
...
006 (2169568.132.000) 2023-06-27 13:27:44 Image size of job updated: 142
	142  -  MemoryUsage of job (MB)
	145492  -  ResidentSetSize of job (KB)
...
006 (2169568.132.000) 2023-06-27 13:28:46 Image size of job updated: 142
	142  -  MemoryUsage of job (MB)
	145544  -  ResidentSetSize of job (KB)
...
040 (2169568.132.000) 2023-06-27 13:29:18 Started transferring output files
...
040 (2169568.132.000) 2023-06-27 13:29:18 Finished transferring output files
...
005 (2169568.132.000) 2023-06-27 13:29:19 Job terminated.
	(1) Normal termination (return value 0)
		Usr 0 00:03:19, Sys 0 00:00:08  -  Run Remote Usage
		Usr 0 00:00:00, Sys 0 00:00:00  -  Run Local Usage
		Usr 0 00:03:19, Sys 0 00:00:08  -  Total Remote Usage
		Usr 0 00:00:00, Sys 0 00:00:00  -  Total Local Usage
	142312  -  Run Bytes Sent By Job
	224545  -  Run Bytes Received By Job
	142312  -  Total Bytes Sent By Job
	224545  -  Total Bytes Received By Job
	Partitionable Resources :    Usage  Request Allocated 
	   Cpus                 :     0.00        1         1 
	   Disk (KB)            :   906         225   1633296 
	   Memory (MB)          :   142        2048      2048 

	Job terminated of its own accord at 2023-06-27T18:29:18Z with exit-code 0.
...
