000 (2169568.399.000) 2023-06-27 13:09:13 Job submitted from host: <131.225.189.251:9618?addrs=131.225.189.251-9618+[2620-6a-0-8421--e8]-9618&alias=lpcschedd4.fnal.gov&noUDP&sock=schedd_2018_c235>
...
040 (2169568.399.000) 2023-06-27 13:30:04 Started transferring input files
	Transferring to host: <131.225.188.86:9618?addrs=[2620-6a-0-8421-f0-0-188-86]-9618+131.225.188.86-9618&alias=cmswn2042.fnal.gov&noUDP&sock=slot1_55_2091_0c6e_45888>
...
040 (2169568.399.000) 2023-06-27 13:30:04 Finished transferring input files
...
001 (2169568.399.000) 2023-06-27 13:30:04 Job executing on host: <131.225.188.86:9618?addrs=[2620-6a-0-8421-f0-0-188-86]-9618+131.225.188.86-9618&alias=cmswn2042.fnal.gov&noUDP&sock=startd_2015_b36c>
...
006 (2169568.399.000) 2023-06-27 13:30:13 Image size of job updated: 18
	18  -  MemoryUsage of job (MB)
	18916  -  ResidentSetSize of job (KB)
...
006 (2169568.399.000) 2023-06-27 13:31:14 Image size of job updated: 156
	156  -  MemoryUsage of job (MB)
	159948  -  ResidentSetSize of job (KB)
...
006 (2169568.399.000) 2023-06-27 13:32:15 Image size of job updated: 156
	156  -  MemoryUsage of job (MB)
	159980  -  ResidentSetSize of job (KB)
...
006 (2169568.399.000) 2023-06-27 13:33:15 Image size of job updated: 156
	156  -  MemoryUsage of job (MB)
	160012  -  ResidentSetSize of job (KB)
...
006 (2169568.399.000) 2023-06-27 13:35:15 Image size of job updated: 156
	156  -  MemoryUsage of job (MB)
	160016  -  ResidentSetSize of job (KB)
...
006 (2169568.399.000) 2023-06-27 13:36:15 Image size of job updated: 156
	156  -  MemoryUsage of job (MB)
	160020  -  ResidentSetSize of job (KB)
...
006 (2169568.399.000) 2023-06-27 13:37:16 Image size of job updated: 156
	156  -  MemoryUsage of job (MB)
	160056  -  ResidentSetSize of job (KB)
...
006 (2169568.399.000) 2023-06-27 13:38:17 Image size of job updated: 156
	156  -  MemoryUsage of job (MB)
	160144  -  ResidentSetSize of job (KB)
...
040 (2169568.399.000) 2023-06-27 13:41:21 Started transferring output files
...
040 (2169568.399.000) 2023-06-27 13:41:21 Finished transferring output files
...
005 (2169568.399.000) 2023-06-27 13:41:22 Job terminated.
	(1) Normal termination (return value 0)
		Usr 0 00:09:56, Sys 0 00:00:27  -  Run Remote Usage
		Usr 0 00:00:00, Sys 0 00:00:00  -  Run Local Usage
		Usr 0 00:09:56, Sys 0 00:00:27  -  Total Remote Usage
		Usr 0 00:00:00, Sys 0 00:00:00  -  Total Local Usage
	159415  -  Run Bytes Sent By Job
	224545  -  Run Bytes Received By Job
	159415  -  Total Bytes Sent By Job
	224545  -  Total Bytes Received By Job
	Partitionable Resources :    Usage  Request Allocated 
	   Cpus                 :     0.00        1         1 
	   Disk (KB)            :   924         225   1634539 
	   Memory (MB)          :   156        2048      2048 

	Job terminated of its own accord at 2023-06-27T18:41:21Z with exit-code 0.
...
