000 (2169568.165.000) 2023-06-27 13:09:11 Job submitted from host: <131.225.189.251:9618?addrs=131.225.189.251-9618+[2620-6a-0-8421--e8]-9618&alias=lpcschedd4.fnal.gov&noUDP&sock=schedd_2018_c235>
...
040 (2169568.165.000) 2023-06-27 13:27:47 Started transferring input files
	Transferring to host: <131.225.188.241:9618?addrs=[2620-6a-0-8421-f0-0-188-241]-9618+131.225.188.241-9618&alias=cmswn2073.fnal.gov&noUDP&sock=slot1_2_2021_ba2b_43903>
...
040 (2169568.165.000) 2023-06-27 13:27:47 Finished transferring input files
...
001 (2169568.165.000) 2023-06-27 13:27:47 Job executing on host: <131.225.188.241:9618?addrs=[2620-6a-0-8421-f0-0-188-241]-9618+131.225.188.241-9618&alias=cmswn2073.fnal.gov&noUDP&sock=startd_1930_65df>
...
006 (2169568.165.000) 2023-06-27 13:27:55 Image size of job updated: 14
	14  -  MemoryUsage of job (MB)
	14344  -  ResidentSetSize of job (KB)
...
006 (2169568.165.000) 2023-06-27 13:28:56 Image size of job updated: 160
	160  -  MemoryUsage of job (MB)
	164728  -  ResidentSetSize of job (KB)
...
006 (2169568.165.000) 2023-06-27 13:29:56 Image size of job updated: 163
	163  -  MemoryUsage of job (MB)
	167076  -  ResidentSetSize of job (KB)
...
006 (2169568.165.000) 2023-06-27 13:30:56 Image size of job updated: 163
	163  -  MemoryUsage of job (MB)
	167296  -  ResidentSetSize of job (KB)
...
006 (2169568.165.000) 2023-06-27 13:31:57 Image size of job updated: 163
	163  -  MemoryUsage of job (MB)
	167316  -  ResidentSetSize of job (KB)
...
006 (2169568.165.000) 2023-06-27 13:32:58 Image size of job updated: 163
	163  -  MemoryUsage of job (MB)
	167324  -  ResidentSetSize of job (KB)
...
006 (2169568.165.000) 2023-06-27 13:35:59 Image size of job updated: 163
	163  -  MemoryUsage of job (MB)
	167440  -  ResidentSetSize of job (KB)
...
006 (2169568.165.000) 2023-06-27 13:37:00 Image size of job updated: 163
	163  -  MemoryUsage of job (MB)
	167452  -  ResidentSetSize of job (KB)
...
040 (2169568.165.000) 2023-06-27 13:48:22 Started transferring output files
...
040 (2169568.165.000) 2023-06-27 13:48:22 Finished transferring output files
...
005 (2169568.165.000) 2023-06-27 13:48:23 Job terminated.
	(1) Normal termination (return value 0)
		Usr 0 00:12:08, Sys 0 00:00:37  -  Run Remote Usage
		Usr 0 00:00:00, Sys 0 00:00:00  -  Run Local Usage
		Usr 0 00:12:08, Sys 0 00:00:37  -  Total Remote Usage
		Usr 0 00:00:00, Sys 0 00:00:00  -  Total Local Usage
	165715  -  Run Bytes Sent By Job
	224545  -  Run Bytes Received By Job
	165715  -  Total Bytes Sent By Job
	224545  -  Total Bytes Received By Job
	Partitionable Resources :    Usage  Request Allocated 
	   Cpus                 :     0.00        1         1 
	   Disk (KB)            :   930         225   1631690 
	   Memory (MB)          :   163        2048      2048 

	Job terminated of its own accord at 2023-06-27T18:48:22Z with exit-code 0.
...
