000 (2169568.022.000) 2023-06-27 13:09:10 Job submitted from host: <131.225.189.251:9618?addrs=131.225.189.251-9618+[2620-6a-0-8421--e8]-9618&alias=lpcschedd4.fnal.gov&noUDP&sock=schedd_2018_c235>
...
040 (2169568.022.000) 2023-06-27 13:17:01 Started transferring input files
	Transferring to host: <131.225.188.91:9618?addrs=[2620-6a-0-8421-f0-0-188-91]-9618+131.225.188.91-9618&alias=cmswn2044.fnal.gov&noUDP&sock=slot1_51_2022_6e8b_44060>
...
040 (2169568.022.000) 2023-06-27 13:17:01 Finished transferring input files
...
001 (2169568.022.000) 2023-06-27 13:17:01 Job executing on host: <131.225.188.91:9618?addrs=[2620-6a-0-8421-f0-0-188-91]-9618+131.225.188.91-9618&alias=cmswn2044.fnal.gov&noUDP&sock=startd_1920_89ed>
...
006 (2169568.022.000) 2023-06-27 13:17:10 Image size of job updated: 43
	43  -  MemoryUsage of job (MB)
	44048  -  ResidentSetSize of job (KB)
...
006 (2169568.022.000) 2023-06-27 13:18:10 Image size of job updated: 149
	149  -  MemoryUsage of job (MB)
	153016  -  ResidentSetSize of job (KB)
...
006 (2169568.022.000) 2023-06-27 13:19:11 Image size of job updated: 149
	149  -  MemoryUsage of job (MB)
	153024  -  ResidentSetSize of job (KB)
...
006 (2169568.022.000) 2023-06-27 13:20:11 Image size of job updated: 149
	149  -  MemoryUsage of job (MB)
	153032  -  ResidentSetSize of job (KB)
...
006 (2169568.022.000) 2023-06-27 13:21:11 Image size of job updated: 149
	149  -  MemoryUsage of job (MB)
	153040  -  ResidentSetSize of job (KB)
...
040 (2169568.022.000) 2023-06-27 13:23:26 Started transferring output files
...
040 (2169568.022.000) 2023-06-27 13:23:26 Finished transferring output files
...
005 (2169568.022.000) 2023-06-27 13:23:27 Job terminated.
	(1) Normal termination (return value 0)
		Usr 0 00:05:39, Sys 0 00:00:15  -  Run Remote Usage
		Usr 0 00:00:00, Sys 0 00:00:00  -  Run Local Usage
		Usr 0 00:05:39, Sys 0 00:00:15  -  Total Remote Usage
		Usr 0 00:00:00, Sys 0 00:00:00  -  Total Local Usage
	152905  -  Run Bytes Sent By Job
	224544  -  Run Bytes Received By Job
	152905  -  Total Bytes Sent By Job
	224544  -  Total Bytes Received By Job
	Partitionable Resources :    Usage  Request Allocated 
	   Cpus                 :     0.00        1         1 
	   Disk (KB)            :   917         225   1637755 
	   Memory (MB)          :   149        2048      2048 

	Job terminated of its own accord at 2023-06-27T18:23:26Z with exit-code 0.
...
