000 (2169568.024.000) 2023-06-27 13:09:10 Job submitted from host: <131.225.189.251:9618?addrs=131.225.189.251-9618+[2620-6a-0-8421--e8]-9618&alias=lpcschedd4.fnal.gov&noUDP&sock=schedd_2018_c235>
...
040 (2169568.024.000) 2023-06-27 13:17:01 Started transferring input files
	Transferring to host: <131.225.188.54:9618?addrs=[2620-6a-0-8421-f0-0-188-54]-9618+131.225.188.54-9618&alias=cmswn2034.fnal.gov&noUDP&sock=slot1_49_2117_5e2f_64457>
...
040 (2169568.024.000) 2023-06-27 13:17:01 Finished transferring input files
...
001 (2169568.024.000) 2023-06-27 13:17:01 Job executing on host: <131.225.188.54:9618?addrs=[2620-6a-0-8421-f0-0-188-54]-9618+131.225.188.54-9618&alias=cmswn2034.fnal.gov&noUDP&sock=startd_2017_129d>
...
006 (2169568.024.000) 2023-06-27 13:17:10 Image size of job updated: 40
	40  -  MemoryUsage of job (MB)
	41312  -  ResidentSetSize of job (KB)
...
006 (2169568.024.000) 2023-06-27 13:18:10 Image size of job updated: 150
	150  -  MemoryUsage of job (MB)
	153728  -  ResidentSetSize of job (KB)
...
006 (2169568.024.000) 2023-06-27 13:19:11 Image size of job updated: 150
	150  -  MemoryUsage of job (MB)
	153740  -  ResidentSetSize of job (KB)
...
006 (2169568.024.000) 2023-06-27 13:20:11 Image size of job updated: 150
	150  -  MemoryUsage of job (MB)
	153776  -  ResidentSetSize of job (KB)
...
006 (2169568.024.000) 2023-06-27 13:21:12 Image size of job updated: 150
	150  -  MemoryUsage of job (MB)
	153784  -  ResidentSetSize of job (KB)
...
040 (2169568.024.000) 2023-06-27 13:24:00 Started transferring output files
...
040 (2169568.024.000) 2023-06-27 13:24:00 Finished transferring output files
...
005 (2169568.024.000) 2023-06-27 13:24:01 Job terminated.
	(1) Normal termination (return value 0)
		Usr 0 00:05:43, Sys 0 00:00:14  -  Run Remote Usage
		Usr 0 00:00:00, Sys 0 00:00:00  -  Run Local Usage
		Usr 0 00:05:43, Sys 0 00:00:14  -  Total Remote Usage
		Usr 0 00:00:00, Sys 0 00:00:00  -  Total Local Usage
	151059  -  Run Bytes Sent By Job
	224544  -  Run Bytes Received By Job
	151059  -  Total Bytes Sent By Job
	224544  -  Total Bytes Received By Job
	Partitionable Resources :    Usage  Request Allocated 
	   Cpus                 :     0.00        1         1 
	   Disk (KB)            :   915         225   1637987 
	   Memory (MB)          :   150        2048      2048 

	Job terminated of its own accord at 2023-06-27T18:24:00Z with exit-code 0.
...
