000 (2169568.339.000) 2023-06-27 13:09:12 Job submitted from host: <131.225.189.251:9618?addrs=131.225.189.251-9618+[2620-6a-0-8421--e8]-9618&alias=lpcschedd4.fnal.gov&noUDP&sock=schedd_2018_c235>
...
040 (2169568.339.000) 2023-06-27 13:29:49 Started transferring input files
	Transferring to host: <131.225.188.86:9618?addrs=[2620-6a-0-8421-f0-0-188-86]-9618+131.225.188.86-9618&alias=cmswn2042.fnal.gov&noUDP&sock=slot1_52_2091_0c6e_45885>
...
040 (2169568.339.000) 2023-06-27 13:29:49 Finished transferring input files
...
001 (2169568.339.000) 2023-06-27 13:29:49 Job executing on host: <131.225.188.86:9618?addrs=[2620-6a-0-8421-f0-0-188-86]-9618+131.225.188.86-9618&alias=cmswn2042.fnal.gov&noUDP&sock=startd_2015_b36c>
...
006 (2169568.339.000) 2023-06-27 13:29:58 Image size of job updated: 43
	43  -  MemoryUsage of job (MB)
	44060  -  ResidentSetSize of job (KB)
...
006 (2169568.339.000) 2023-06-27 13:30:58 Image size of job updated: 150
	150  -  MemoryUsage of job (MB)
	153892  -  ResidentSetSize of job (KB)
...
006 (2169568.339.000) 2023-06-27 13:31:58 Image size of job updated: 150
	150  -  MemoryUsage of job (MB)
	153912  -  ResidentSetSize of job (KB)
...
006 (2169568.339.000) 2023-06-27 13:34:00 Image size of job updated: 150
	150  -  MemoryUsage of job (MB)
	153920  -  ResidentSetSize of job (KB)
...
006 (2169568.339.000) 2023-06-27 13:35:01 Image size of job updated: 150
	150  -  MemoryUsage of job (MB)
	153928  -  ResidentSetSize of job (KB)
...
006 (2169568.339.000) 2023-06-27 13:37:01 Image size of job updated: 150
	150  -  MemoryUsage of job (MB)
	153940  -  ResidentSetSize of job (KB)
...
006 (2169568.339.000) 2023-06-27 13:38:02 Image size of job updated: 150
	150  -  MemoryUsage of job (MB)
	154048  -  ResidentSetSize of job (KB)
...
040 (2169568.339.000) 2023-06-27 13:38:57 Started transferring output files
...
040 (2169568.339.000) 2023-06-27 13:38:57 Finished transferring output files
...
005 (2169568.339.000) 2023-06-27 13:38:58 Job terminated.
	(1) Normal termination (return value 0)
		Usr 0 00:07:43, Sys 0 00:00:20  -  Run Remote Usage
		Usr 0 00:00:00, Sys 0 00:00:00  -  Run Local Usage
		Usr 0 00:07:43, Sys 0 00:00:20  -  Total Remote Usage
		Usr 0 00:00:00, Sys 0 00:00:00  -  Total Local Usage
	153840  -  Run Bytes Sent By Job
	224545  -  Run Bytes Received By Job
	153840  -  Total Bytes Sent By Job
	224545  -  Total Bytes Received By Job
	Partitionable Resources :    Usage  Request Allocated 
	   Cpus                 :     0.00        1         1 
	   Disk (KB)            :   918         225   1634539 
	   Memory (MB)          :   150        2048      2048 

	Job terminated of its own accord at 2023-06-27T18:38:57Z with exit-code 0.
...
