000 (2169568.388.000) 2023-06-27 13:09:13 Job submitted from host: <131.225.189.251:9618?addrs=131.225.189.251-9618+[2620-6a-0-8421--e8]-9618&alias=lpcschedd4.fnal.gov&noUDP&sock=schedd_2018_c235>
...
040 (2169568.388.000) 2023-06-27 13:30:00 Started transferring input files
	Transferring to host: <131.225.188.22:9618?addrs=[2620-6a-0-8421-f0-0-188-22]-9618+131.225.188.22-9618&alias=cmswn2024.fnal.gov&noUDP&sock=slot1_47_2152_0751_60437>
...
040 (2169568.388.000) 2023-06-27 13:30:00 Finished transferring input files
...
001 (2169568.388.000) 2023-06-27 13:30:00 Job executing on host: <131.225.188.22:9618?addrs=[2620-6a-0-8421-f0-0-188-22]-9618+131.225.188.22-9618&alias=cmswn2024.fnal.gov&noUDP&sock=startd_1924_484e>
...
006 (2169568.388.000) 2023-06-27 13:31:10 Image size of job updated: 192
	192  -  MemoryUsage of job (MB)
	196984  -  ResidentSetSize of job (KB)
...
006 (2169568.388.000) 2023-06-27 13:32:11 Image size of job updated: 192
	192  -  MemoryUsage of job (MB)
	197524  -  ResidentSetSize of job (KB)
...
006 (2169568.388.000) 2023-06-27 13:33:12 Image size of job updated: 192
	192  -  MemoryUsage of job (MB)
	197532  -  ResidentSetSize of job (KB)
...
006 (2169568.388.000) 2023-06-27 13:35:13 Image size of job updated: 193
	193  -  MemoryUsage of job (MB)
	197648  -  ResidentSetSize of job (KB)
...
040 (2169568.388.000) 2023-06-27 13:41:39 Started transferring output files
...
040 (2169568.388.000) 2023-06-27 13:41:39 Finished transferring output files
...
005 (2169568.388.000) 2023-06-27 13:41:40 Job terminated.
	(1) Normal termination (return value 0)
		Usr 0 00:09:48, Sys 0 00:00:25  -  Run Remote Usage
		Usr 0 00:00:00, Sys 0 00:00:00  -  Run Local Usage
		Usr 0 00:09:48, Sys 0 00:00:25  -  Total Remote Usage
		Usr 0 00:00:00, Sys 0 00:00:00  -  Total Local Usage
	160064  -  Run Bytes Sent By Job
	224545  -  Run Bytes Received By Job
	160064  -  Total Bytes Sent By Job
	224545  -  Total Bytes Received By Job
	Partitionable Resources :    Usage  Request Allocated 
	   Cpus                 :     0.00        1         1 
	   Disk (KB)            :   925         225   1629912 
	   Memory (MB)          :   193        2048      2048 

	Job terminated of its own accord at 2023-06-27T18:41:39Z with exit-code 0.
...
