000 (2169568.327.000) 2023-06-27 13:09:12 Job submitted from host: <131.225.189.251:9618?addrs=131.225.189.251-9618+[2620-6a-0-8421--e8]-9618&alias=lpcschedd4.fnal.gov&noUDP&sock=schedd_2018_c235>
...
040 (2169568.327.000) 2023-06-27 13:29:45 Started transferring input files
	Transferring to host: <131.225.188.73:9618?addrs=[2620-6a-0-8421-f0-0-188-73]-9618+131.225.188.73-9618&alias=cmswn2038.fnal.gov&noUDP&sock=slot1_13_2055_aeed_55841>
...
040 (2169568.327.000) 2023-06-27 13:29:45 Finished transferring input files
...
001 (2169568.327.000) 2023-06-27 13:29:45 Job executing on host: <131.225.188.73:9618?addrs=[2620-6a-0-8421-f0-0-188-73]-9618+131.225.188.73-9618&alias=cmswn2038.fnal.gov&noUDP&sock=startd_1935_d3d8>
...
006 (2169568.327.000) 2023-06-27 13:29:54 Image size of job updated: 8
	8  -  MemoryUsage of job (MB)
	8576  -  ResidentSetSize of job (KB)
...
006 (2169568.327.000) 2023-06-27 13:30:09 Image size of job updated: 129
	129  -  MemoryUsage of job (MB)
	132920  -  ResidentSetSize of job (KB)
...
040 (2169568.327.000) 2023-06-27 13:30:09 Started transferring output files
...
040 (2169568.327.000) 2023-06-27 13:30:09 Finished transferring output files
...
005 (2169568.327.000) 2023-06-27 13:30:12 Job terminated.
	(1) Normal termination (return value 0)
		Usr 0 00:00:10, Sys 0 00:00:01  -  Run Remote Usage
		Usr 0 00:00:00, Sys 0 00:00:00  -  Run Local Usage
		Usr 0 00:00:10, Sys 0 00:00:01  -  Total Remote Usage
		Usr 0 00:00:00, Sys 0 00:00:00  -  Total Local Usage
	85892  -  Run Bytes Sent By Job
	224545  -  Run Bytes Received By Job
	85892  -  Total Bytes Sent By Job
	224545  -  Total Bytes Received By Job
	Partitionable Resources :    Usage  Request Allocated 
	   Cpus                 :        0        1         1 
	   Disk (KB)            :      852      225   1650825 
	   Memory (MB)          :      129     2048      2048 

	Job terminated of its own accord at 2023-06-27T18:30:09Z with exit-code 0.
...
