000 (2169568.221.000) 2023-06-27 13:09:11 Job submitted from host: <131.225.189.251:9618?addrs=131.225.189.251-9618+[2620-6a-0-8421--e8]-9618&alias=lpcschedd4.fnal.gov&noUDP&sock=schedd_2018_c235>
...
040 (2169568.221.000) 2023-06-27 13:29:23 Started transferring input files
	Transferring to host: <131.225.189.32:9618?addrs=[2620-6a-0-8421-f0-0-189-32]-9618+131.225.189.32-9618&alias=cmswn2085.fnal.gov&noUDP&sock=slot1_9_2019_516b_47282>
...
040 (2169568.221.000) 2023-06-27 13:29:23 Finished transferring input files
...
001 (2169568.221.000) 2023-06-27 13:29:23 Job executing on host: <131.225.189.32:9618?addrs=[2620-6a-0-8421-f0-0-189-32]-9618+131.225.189.32-9618&alias=cmswn2085.fnal.gov&noUDP&sock=startd_1925_f7e6>
...
006 (2169568.221.000) 2023-06-27 13:29:32 Image size of job updated: 12
	12  -  MemoryUsage of job (MB)
	12600  -  ResidentSetSize of job (KB)
...
006 (2169568.221.000) 2023-06-27 13:30:33 Image size of job updated: 136
	136  -  MemoryUsage of job (MB)
	139828  -  ResidentSetSize of job (KB)
...
006 (2169568.221.000) 2023-06-27 13:31:18 Image size of job updated: 136
	136  -  MemoryUsage of job (MB)
	139832  -  ResidentSetSize of job (KB)
...
040 (2169568.221.000) 2023-06-27 13:31:18 Started transferring output files
...
040 (2169568.221.000) 2023-06-27 13:31:18 Finished transferring output files
...
005 (2169568.221.000) 2023-06-27 13:31:19 Job terminated.
	(1) Normal termination (return value 0)
		Usr 0 00:00:54, Sys 0 00:00:03  -  Run Remote Usage
		Usr 0 00:00:00, Sys 0 00:00:00  -  Run Local Usage
		Usr 0 00:00:54, Sys 0 00:00:03  -  Total Remote Usage
		Usr 0 00:00:00, Sys 0 00:00:00  -  Total Local Usage
	130516  -  Run Bytes Sent By Job
	224545  -  Run Bytes Received By Job
	130516  -  Total Bytes Sent By Job
	224545  -  Total Bytes Received By Job
	Partitionable Resources :    Usage  Request Allocated 
	   Cpus                 :     0.00        1         1 
	   Disk (KB)            :   897         225   1635421 
	   Memory (MB)          :   136        2048      2048 

	Job terminated of its own accord at 2023-06-27T18:31:18Z with exit-code 0.
...
