000 (2169568.384.000) 2023-06-27 13:09:13 Job submitted from host: <131.225.189.251:9618?addrs=131.225.189.251-9618+[2620-6a-0-8421--e8]-9618&alias=lpcschedd4.fnal.gov&noUDP&sock=schedd_2018_c235>
...
040 (2169568.384.000) 2023-06-27 13:29:59 Started transferring input files
	Transferring to host: <131.225.188.76:9618?addrs=[2620-6a-0-8421-f0-0-188-76]-9618+131.225.188.76-9618&alias=cmswn2039.fnal.gov&noUDP&sock=slot1_54_2124_4ccf_59486>
...
040 (2169568.384.000) 2023-06-27 13:29:59 Finished transferring input files
...
001 (2169568.384.000) 2023-06-27 13:29:59 Job executing on host: <131.225.188.76:9618?addrs=[2620-6a-0-8421-f0-0-188-76]-9618+131.225.188.76-9618&alias=cmswn2039.fnal.gov&noUDP&sock=startd_2006_8712>
...
006 (2169568.384.000) 2023-06-27 13:31:09 Image size of job updated: 156
	156  -  MemoryUsage of job (MB)
	160572  -  ResidentSetSize of job (KB)
...
006 (2169568.384.000) 2023-06-27 13:32:09 Image size of job updated: 156
	156  -  MemoryUsage of job (MB)
	160764  -  ResidentSetSize of job (KB)
...
006 (2169568.384.000) 2023-06-27 13:33:09 Image size of job updated: 157
	157  -  MemoryUsage of job (MB)
	160784  -  ResidentSetSize of job (KB)
...
006 (2169568.384.000) 2023-06-27 13:34:10 Image size of job updated: 157
	157  -  MemoryUsage of job (MB)
	160828  -  ResidentSetSize of job (KB)
...
006 (2169568.384.000) 2023-06-27 13:35:11 Image size of job updated: 157
	157  -  MemoryUsage of job (MB)
	160852  -  ResidentSetSize of job (KB)
...
006 (2169568.384.000) 2023-06-27 13:38:14 Image size of job updated: 157
	157  -  MemoryUsage of job (MB)
	160888  -  ResidentSetSize of job (KB)
...
006 (2169568.384.000) 2023-06-27 13:39:15 Image size of job updated: 157
	157  -  MemoryUsage of job (MB)
	160952  -  ResidentSetSize of job (KB)
...
006 (2169568.384.000) 2023-06-27 13:40:17 Image size of job updated: 157
	157  -  MemoryUsage of job (MB)
	160968  -  ResidentSetSize of job (KB)
...
040 (2169568.384.000) 2023-06-27 13:42:44 Started transferring output files
...
040 (2169568.384.000) 2023-06-27 13:42:44 Finished transferring output files
...
005 (2169568.384.000) 2023-06-27 13:42:45 Job terminated.
	(1) Normal termination (return value 0)
		Usr 0 00:11:03, Sys 0 00:00:25  -  Run Remote Usage
		Usr 0 00:00:00, Sys 0 00:00:00  -  Run Local Usage
		Usr 0 00:11:03, Sys 0 00:00:25  -  Total Remote Usage
		Usr 0 00:00:00, Sys 0 00:00:00  -  Total Local Usage
	161427  -  Run Bytes Sent By Job
	224545  -  Run Bytes Received By Job
	161427  -  Total Bytes Sent By Job
	224545  -  Total Bytes Received By Job
	Partitionable Resources :    Usage  Request Allocated 
	   Cpus                 :        0        1         1 
	   Disk (KB)            :      927      225   1642076 
	   Memory (MB)          :      157     2048      2048 

	Job terminated of its own accord at 2023-06-27T18:42:44Z with exit-code 0.
...
