000 (2169568.098.000) 2023-06-27 13:09:11 Job submitted from host: <131.225.189.251:9618?addrs=131.225.189.251-9618+[2620-6a-0-8421--e8]-9618&alias=lpcschedd4.fnal.gov&noUDP&sock=schedd_2018_c235>
...
040 (2169568.098.000) 2023-06-27 13:23:32 Started transferring input files
	Transferring to host: <131.225.188.84:9618?addrs=[2620-6a-0-8421-f0-0-188-84]-9618+131.225.188.84-9618&alias=cmswn2041.fnal.gov&noUDP&sock=slot1_36_2073_5dad_4354>
...
040 (2169568.098.000) 2023-06-27 13:23:32 Finished transferring input files
...
001 (2169568.098.000) 2023-06-27 13:23:32 Job executing on host: <131.225.188.84:9618?addrs=[2620-6a-0-8421-f0-0-188-84]-9618+131.225.188.84-9618&alias=cmswn2041.fnal.gov&noUDP&sock=startd_1988_2e5d>
...
006 (2169568.098.000) 2023-06-27 13:23:41 Image size of job updated: 15
	15  -  MemoryUsage of job (MB)
	15584  -  ResidentSetSize of job (KB)
...
006 (2169568.098.000) 2023-06-27 13:24:41 Image size of job updated: 142
	142  -  MemoryUsage of job (MB)
	146408  -  ResidentSetSize of job (KB)
...
006 (2169568.098.000) 2023-06-27 13:25:42 Image size of job updated: 142
	142  -  MemoryUsage of job (MB)
	146416  -  ResidentSetSize of job (KB)
...
006 (2169568.098.000) 2023-06-27 13:26:42 Image size of job updated: 143
	143  -  MemoryUsage of job (MB)
	146508  -  ResidentSetSize of job (KB)
...
006 (2169568.098.000) 2023-06-27 13:27:42 Image size of job updated: 143
	143  -  MemoryUsage of job (MB)
	146584  -  ResidentSetSize of job (KB)
...
006 (2169568.098.000) 2023-06-27 13:28:02 Image size of job updated: 143
	143  -  MemoryUsage of job (MB)
	146624  -  ResidentSetSize of job (KB)
...
040 (2169568.098.000) 2023-06-27 13:28:03 Started transferring output files
...
040 (2169568.098.000) 2023-06-27 13:28:03 Finished transferring output files
...
005 (2169568.098.000) 2023-06-27 13:28:04 Job terminated.
	(1) Normal termination (return value 0)
		Usr 0 00:03:59, Sys 0 00:00:11  -  Run Remote Usage
		Usr 0 00:00:00, Sys 0 00:00:00  -  Run Local Usage
		Usr 0 00:03:59, Sys 0 00:00:11  -  Total Remote Usage
		Usr 0 00:00:00, Sys 0 00:00:00  -  Total Local Usage
	144438  -  Run Bytes Sent By Job
	224544  -  Run Bytes Received By Job
	144438  -  Total Bytes Sent By Job
	224544  -  Total Bytes Received By Job
	Partitionable Resources :    Usage  Request Allocated 
	   Cpus                 :     0.00        1         1 
	   Disk (KB)            :   908         225   1622083 
	   Memory (MB)          :   143        2048      2048 

	Job terminated of its own accord at 2023-06-27T18:28:02Z with exit-code 0.
...
