000 (2169568.472.000) 2023-06-27 13:09:13 Job submitted from host: <131.225.189.251:9618?addrs=131.225.189.251-9618+[2620-6a-0-8421--e8]-9618&alias=lpcschedd4.fnal.gov&noUDP&sock=schedd_2018_c235>
...
040 (2169568.472.000) 2023-06-27 13:30:18 Started transferring input files
	Transferring to host: <131.225.188.73:9618?addrs=[2620-6a-0-8421-f0-0-188-73]-9618+131.225.188.73-9618&alias=cmswn2038.fnal.gov&noUDP&sock=slot1_41_2055_aeed_55854>
...
040 (2169568.472.000) 2023-06-27 13:30:18 Finished transferring input files
...
001 (2169568.472.000) 2023-06-27 13:30:18 Job executing on host: <131.225.188.73:9618?addrs=[2620-6a-0-8421-f0-0-188-73]-9618+131.225.188.73-9618&alias=cmswn2038.fnal.gov&noUDP&sock=startd_1935_d3d8>
...
006 (2169568.472.000) 2023-06-27 13:31:28 Image size of job updated: 136
	136  -  MemoryUsage of job (MB)
	139792  -  ResidentSetSize of job (KB)
...
006 (2169568.472.000) 2023-06-27 13:32:29 Image size of job updated: 136
	136  -  MemoryUsage of job (MB)
	139804  -  ResidentSetSize of job (KB)
...
006 (2169568.472.000) 2023-06-27 13:34:31 Image size of job updated: 136
	136  -  MemoryUsage of job (MB)
	140188  -  ResidentSetSize of job (KB)
...
006 (2169568.472.000) 2023-06-27 13:35:31 Image size of job updated: 137
	137  -  MemoryUsage of job (MB)
	140632  -  ResidentSetSize of job (KB)
...
006 (2169568.472.000) 2023-06-27 13:36:31 Image size of job updated: 137
	137  -  MemoryUsage of job (MB)
	140692  -  ResidentSetSize of job (KB)
...
040 (2169568.472.000) 2023-06-27 13:37:20 Started transferring output files
...
040 (2169568.472.000) 2023-06-27 13:37:20 Finished transferring output files
...
005 (2169568.472.000) 2023-06-27 13:37:21 Job terminated.
	(1) Normal termination (return value 0)
		Usr 0 00:05:28, Sys 0 00:00:13  -  Run Remote Usage
		Usr 0 00:00:00, Sys 0 00:00:00  -  Run Local Usage
		Usr 0 00:05:28, Sys 0 00:00:13  -  Total Remote Usage
		Usr 0 00:00:00, Sys 0 00:00:00  -  Total Local Usage
	87530  -  Run Bytes Sent By Job
	224545  -  Run Bytes Received By Job
	87530  -  Total Bytes Sent By Job
	224545  -  Total Bytes Received By Job
	Partitionable Resources :    Usage  Request Allocated 
	   Cpus                 :     0.00        1         1 
	   Disk (KB)            :   854         225   1650825 
	   Memory (MB)          :   137        2048      2048 

	Job terminated of its own accord at 2023-06-27T18:37:20Z with exit-code 0.
...
