000 (2169568.218.000) 2023-06-27 13:09:11 Job submitted from host: <131.225.189.251:9618?addrs=131.225.189.251-9618+[2620-6a-0-8421--e8]-9618&alias=lpcschedd4.fnal.gov&noUDP&sock=schedd_2018_c235>
...
040 (2169568.218.000) 2023-06-27 13:29:24 Started transferring input files
	Transferring to host: <131.225.189.47:9618?addrs=[2620-6a-0-8421-f0-0-189-47]-9618+131.225.189.47-9618&alias=cmswn2096.fnal.gov&noUDP&sock=slot1_3_2090_580e_13793>
...
040 (2169568.218.000) 2023-06-27 13:29:24 Finished transferring input files
...
001 (2169568.218.000) 2023-06-27 13:29:24 Job executing on host: <131.225.189.47:9618?addrs=[2620-6a-0-8421-f0-0-189-47]-9618+131.225.189.47-9618&alias=cmswn2096.fnal.gov&noUDP&sock=startd_2003_7849>
...
006 (2169568.218.000) 2023-06-27 13:29:33 Image size of job updated: 19
	19  -  MemoryUsage of job (MB)
	19628  -  ResidentSetSize of job (KB)
...
006 (2169568.218.000) 2023-06-27 13:29:51 Image size of job updated: 132
	132  -  MemoryUsage of job (MB)
	136120  -  ResidentSetSize of job (KB)
...
040 (2169568.218.000) 2023-06-27 13:29:51 Started transferring output files
...
040 (2169568.218.000) 2023-06-27 13:29:52 Finished transferring output files
...
005 (2169568.218.000) 2023-06-27 13:29:53 Job terminated.
	(1) Normal termination (return value 0)
		Usr 0 00:00:06, Sys 0 00:00:02  -  Run Remote Usage
		Usr 0 00:00:00, Sys 0 00:00:00  -  Run Local Usage
		Usr 0 00:00:06, Sys 0 00:00:02  -  Total Remote Usage
		Usr 0 00:00:00, Sys 0 00:00:00  -  Total Local Usage
	101517  -  Run Bytes Sent By Job
	224545  -  Run Bytes Received By Job
	101517  -  Total Bytes Sent By Job
	224545  -  Total Bytes Received By Job
	Partitionable Resources :    Usage  Request Allocated 
	   Cpus                 :     0.01        1         1 
	   Disk (KB)            :   866         225   1635897 
	   Memory (MB)          :   132        2048      2048 

	Job terminated of its own accord at 2023-06-27T18:29:51Z with exit-code 0.
...
