000 (2169568.474.000) 2023-06-27 13:09:13 Job submitted from host: <131.225.189.251:9618?addrs=131.225.189.251-9618+[2620-6a-0-8421--e8]-9618&alias=lpcschedd4.fnal.gov&noUDP&sock=schedd_2018_c235>
...
040 (2169568.474.000) 2023-06-27 13:30:20 Started transferring input files
	Transferring to host: <131.225.188.219:9618?addrs=[2620-6a-0-8421-f0-0-188-219]-9618+131.225.188.219-9618&alias=cmswn2070.fnal.gov&noUDP&sock=slot1_53_2110_6f8f_44892>
...
040 (2169568.474.000) 2023-06-27 13:30:20 Finished transferring input files
...
001 (2169568.474.000) 2023-06-27 13:30:20 Job executing on host: <131.225.188.219:9618?addrs=[2620-6a-0-8421-f0-0-188-219]-9618+131.225.188.219-9618&alias=cmswn2070.fnal.gov&noUDP&sock=startd_2019_71cd>
...
006 (2169568.474.000) 2023-06-27 13:31:10 Image size of job updated: 130
	130  -  MemoryUsage of job (MB)
	133640  -  ResidentSetSize of job (KB)
...
040 (2169568.474.000) 2023-06-27 13:31:10 Started transferring output files
...
040 (2169568.474.000) 2023-06-27 13:31:10 Finished transferring output files
...
005 (2169568.474.000) 2023-06-27 13:31:12 Job terminated.
	(1) Normal termination (return value 0)
		Usr 0 00:00:00, Sys 0 00:00:00  -  Run Remote Usage
		Usr 0 00:00:00, Sys 0 00:00:00  -  Run Local Usage
		Usr 0 00:00:00, Sys 0 00:00:00  -  Total Remote Usage
		Usr 0 00:00:00, Sys 0 00:00:00  -  Total Local Usage
	85892  -  Run Bytes Sent By Job
	224545  -  Run Bytes Received By Job
	85892  -  Total Bytes Sent By Job
	224545  -  Total Bytes Received By Job
	Partitionable Resources :    Usage  Request Allocated 
	   Cpus                 :        0        1         1 
	   Disk (KB)            :      853      225   1646883 
	   Memory (MB)          :      130     2048      2048 

	Job terminated of its own accord at 2023-06-27T18:31:10Z with exit-code 0.
...
