000 (2169568.463.000) 2023-06-27 13:09:13 Job submitted from host: <131.225.189.251:9618?addrs=131.225.189.251-9618+[2620-6a-0-8421--e8]-9618&alias=lpcschedd4.fnal.gov&noUDP&sock=schedd_2018_c235>
...
040 (2169568.463.000) 2023-06-27 13:30:17 Started transferring input files
	Transferring to host: <131.225.188.184:9618?addrs=[2620-6a-0-8421-f0-0-188-184]-9618+131.225.188.184-9618&alias=cmswn2061.fnal.gov&noUDP&sock=slot1_51_2225_76b4_2677>
...
040 (2169568.463.000) 2023-06-27 13:30:18 Finished transferring input files
...
001 (2169568.463.000) 2023-06-27 13:30:18 Job executing on host: <131.225.188.184:9618?addrs=[2620-6a-0-8421-f0-0-188-184]-9618+131.225.188.184-9618&alias=cmswn2061.fnal.gov&noUDP&sock=startd_2137_61fa>
...
006 (2169568.463.000) 2023-06-27 13:31:28 Image size of job updated: 161
	161  -  MemoryUsage of job (MB)
	165264  -  ResidentSetSize of job (KB)
...
006 (2169568.463.000) 2023-06-27 13:32:28 Image size of job updated: 161
	161  -  MemoryUsage of job (MB)
	165360  -  ResidentSetSize of job (KB)
...
006 (2169568.463.000) 2023-06-27 13:34:29 Image size of job updated: 161
	161  -  MemoryUsage of job (MB)
	165380  -  ResidentSetSize of job (KB)
...
006 (2169568.463.000) 2023-06-27 13:35:29 Image size of job updated: 161
	161  -  MemoryUsage of job (MB)
	165384  -  ResidentSetSize of job (KB)
...
006 (2169568.463.000) 2023-06-27 13:38:31 Image size of job updated: 161
	161  -  MemoryUsage of job (MB)
	165388  -  ResidentSetSize of job (KB)
...
006 (2169568.463.000) 2023-06-27 13:39:31 Image size of job updated: 161
	161  -  MemoryUsage of job (MB)
	165408  -  ResidentSetSize of job (KB)
...
006 (2169568.463.000) 2023-06-27 13:40:32 Image size of job updated: 161
	161  -  MemoryUsage of job (MB)
	165512  -  ResidentSetSize of job (KB)
...
006 (2169568.463.000) 2023-06-27 13:42:33 Image size of job updated: 161
	161  -  MemoryUsage of job (MB)
	165564  -  ResidentSetSize of job (KB)
...
040 (2169568.463.000) 2023-06-27 13:42:58 Started transferring output files
...
040 (2169568.463.000) 2023-06-27 13:42:58 Finished transferring output files
...
005 (2169568.463.000) 2023-06-27 13:42:59 Job terminated.
	(1) Normal termination (return value 0)
		Usr 0 00:10:38, Sys 0 00:00:26  -  Run Remote Usage
		Usr 0 00:00:00, Sys 0 00:00:00  -  Run Local Usage
		Usr 0 00:10:38, Sys 0 00:00:26  -  Total Remote Usage
		Usr 0 00:00:00, Sys 0 00:00:00  -  Total Local Usage
	163289  -  Run Bytes Sent By Job
	224545  -  Run Bytes Received By Job
	163289  -  Total Bytes Sent By Job
	224545  -  Total Bytes Received By Job
	Partitionable Resources :    Usage  Request Allocated 
	   Cpus                 :        0        1         1 
	   Disk (KB)            :      929      225   1627664 
	   Memory (MB)          :      161     2048      2048 

	Job terminated of its own accord at 2023-06-27T18:42:58Z with exit-code 0.
...
