000 (2169568.321.000) 2023-06-27 13:09:12 Job submitted from host: <131.225.189.251:9618?addrs=131.225.189.251-9618+[2620-6a-0-8421--e8]-9618&alias=lpcschedd4.fnal.gov&noUDP&sock=schedd_2018_c235>
...
040 (2169568.321.000) 2023-06-27 13:29:47 Started transferring input files
	Transferring to host: <131.225.188.34:9618?addrs=[2620-6a-0-8421-f0-0-188-34]-9618+131.225.188.34-9618&alias=cmswn2026.fnal.gov&noUDP&sock=slot1_45_2019_516b_50686>
...
040 (2169568.321.000) 2023-06-27 13:29:47 Finished transferring input files
...
001 (2169568.321.000) 2023-06-27 13:29:47 Job executing on host: <131.225.188.34:9618?addrs=[2620-6a-0-8421-f0-0-188-34]-9618+131.225.188.34-9618&alias=cmswn2026.fnal.gov&noUDP&sock=startd_1929_b647>
...
006 (2169568.321.000) 2023-06-27 13:29:56 Image size of job updated: 12
	12  -  MemoryUsage of job (MB)
	12996  -  ResidentSetSize of job (KB)
...
006 (2169568.321.000) 2023-06-27 13:30:57 Image size of job updated: 154
	154  -  MemoryUsage of job (MB)
	157764  -  ResidentSetSize of job (KB)
...
006 (2169568.321.000) 2023-06-27 13:31:59 Image size of job updated: 154
	154  -  MemoryUsage of job (MB)
	157824  -  ResidentSetSize of job (KB)
...
006 (2169568.321.000) 2023-06-27 13:32:59 Image size of job updated: 154
	154  -  MemoryUsage of job (MB)
	157828  -  ResidentSetSize of job (KB)
...
006 (2169568.321.000) 2023-06-27 13:33:59 Image size of job updated: 154
	154  -  MemoryUsage of job (MB)
	157832  -  ResidentSetSize of job (KB)
...
006 (2169568.321.000) 2023-06-27 13:36:00 Image size of job updated: 154
	154  -  MemoryUsage of job (MB)
	157892  -  ResidentSetSize of job (KB)
...
006 (2169568.321.000) 2023-06-27 13:37:00 Image size of job updated: 154
	154  -  MemoryUsage of job (MB)
	157944  -  ResidentSetSize of job (KB)
...
006 (2169568.321.000) 2023-06-27 13:38:00 Image size of job updated: 154
	154  -  MemoryUsage of job (MB)
	157948  -  ResidentSetSize of job (KB)
...
006 (2169568.321.000) 2023-06-27 13:39:01 Image size of job updated: 154
	154  -  MemoryUsage of job (MB)
	157952  -  ResidentSetSize of job (KB)
...
040 (2169568.321.000) 2023-06-27 13:40:45 Started transferring output files
...
040 (2169568.321.000) 2023-06-27 13:40:45 Finished transferring output files
...
005 (2169568.321.000) 2023-06-27 13:40:46 Job terminated.
	(1) Normal termination (return value 0)
		Usr 0 00:09:52, Sys 0 00:00:24  -  Run Remote Usage
		Usr 0 00:00:00, Sys 0 00:00:00  -  Run Local Usage
		Usr 0 00:09:52, Sys 0 00:00:24  -  Total Remote Usage
		Usr 0 00:00:00, Sys 0 00:00:00  -  Total Local Usage
	161001  -  Run Bytes Sent By Job
	224545  -  Run Bytes Received By Job
	161001  -  Total Bytes Sent By Job
	224545  -  Total Bytes Received By Job
	Partitionable Resources :    Usage  Request Allocated 
	   Cpus                 :     0.00        1         1 
	   Disk (KB)            :   926         225   1636992 
	   Memory (MB)          :   154        2048      2048 

	Job terminated of its own accord at 2023-06-27T18:40:45Z with exit-code 0.
...
