000 (2169568.040.000) 2023-06-27 13:09:10 Job submitted from host: <131.225.189.251:9618?addrs=131.225.189.251-9618+[2620-6a-0-8421--e8]-9618&alias=lpcschedd4.fnal.gov&noUDP&sock=schedd_2018_c235>
...
040 (2169568.040.000) 2023-06-27 13:18:28 Started transferring input files
	Transferring to host: <131.225.188.112:9618?addrs=[2620-6a-0-8421-f0-0-188-112]-9618+131.225.188.112-9618&alias=cmswn2048.fnal.gov&noUDP&sock=slot1_8_2016_344b_14222>
...
040 (2169568.040.000) 2023-06-27 13:18:28 Finished transferring input files
...
001 (2169568.040.000) 2023-06-27 13:18:28 Job executing on host: <131.225.188.112:9618?addrs=[2620-6a-0-8421-f0-0-188-112]-9618+131.225.188.112-9618&alias=cmswn2048.fnal.gov&noUDP&sock=startd_1934_2440>
...
006 (2169568.040.000) 2023-06-27 13:18:38 Image size of job updated: 44
	44  -  MemoryUsage of job (MB)
	45648  -  ResidentSetSize of job (KB)
...
006 (2169568.040.000) 2023-06-27 13:19:37 Image size of job updated: 150
	150  -  MemoryUsage of job (MB)
	153824  -  ResidentSetSize of job (KB)
...
006 (2169568.040.000) 2023-06-27 13:20:38 Image size of job updated: 150
	150  -  MemoryUsage of job (MB)
	153884  -  ResidentSetSize of job (KB)
...
006 (2169568.040.000) 2023-06-27 13:21:39 Image size of job updated: 150
	150  -  MemoryUsage of job (MB)
	153896  -  ResidentSetSize of job (KB)
...
006 (2169568.040.000) 2023-06-27 13:22:40 Image size of job updated: 150
	150  -  MemoryUsage of job (MB)
	153908  -  ResidentSetSize of job (KB)
...
006 (2169568.040.000) 2023-06-27 13:23:40 Image size of job updated: 150
	150  -  MemoryUsage of job (MB)
	154008  -  ResidentSetSize of job (KB)
...
006 (2169568.040.000) 2023-06-27 13:24:41 Image size of job updated: 150
	150  -  MemoryUsage of job (MB)
	154012  -  ResidentSetSize of job (KB)
...
006 (2169568.040.000) 2023-06-27 13:25:41 Image size of job updated: 150
	150  -  MemoryUsage of job (MB)
	154024  -  ResidentSetSize of job (KB)
...
040 (2169568.040.000) 2023-06-27 13:26:08 Started transferring output files
...
040 (2169568.040.000) 2023-06-27 13:26:08 Finished transferring output files
...
005 (2169568.040.000) 2023-06-27 13:26:09 Job terminated.
	(1) Normal termination (return value 0)
		Usr 0 00:06:31, Sys 0 00:00:15  -  Run Remote Usage
		Usr 0 00:00:00, Sys 0 00:00:00  -  Run Local Usage
		Usr 0 00:06:31, Sys 0 00:00:15  -  Total Remote Usage
		Usr 0 00:00:00, Sys 0 00:00:00  -  Total Local Usage
	152477  -  Run Bytes Sent By Job
	224544  -  Run Bytes Received By Job
	152477  -  Total Bytes Sent By Job
	224544  -  Total Bytes Received By Job
	Partitionable Resources :    Usage  Request Allocated 
	   Cpus                 :     0.00        1         1 
	   Disk (KB)            :   916         225   1629786 
	   Memory (MB)          :   150        2048      2048 

	Job terminated of its own accord at 2023-06-27T18:26:08Z with exit-code 0.
...
