000 (2169568.176.000) 2023-06-27 13:09:11 Job submitted from host: <131.225.189.251:9618?addrs=131.225.189.251-9618+[2620-6a-0-8421--e8]-9618&alias=lpcschedd4.fnal.gov&noUDP&sock=schedd_2018_c235>
...
040 (2169568.176.000) 2023-06-27 13:28:51 Started transferring input files
	Transferring to host: <131.225.189.15:9618?addrs=[2620-6a-0-8421-f0-0-189-15]-9618+131.225.189.15-9618&alias=cmswn2079.fnal.gov&noUDP&sock=slot1_37_2024_d74b_41555>
...
040 (2169568.176.000) 2023-06-27 13:28:51 Finished transferring input files
...
001 (2169568.176.000) 2023-06-27 13:28:51 Job executing on host: <131.225.189.15:9618?addrs=[2620-6a-0-8421-f0-0-189-15]-9618+131.225.189.15-9618&alias=cmswn2079.fnal.gov&noUDP&sock=startd_1926_a77e>
...
006 (2169568.176.000) 2023-06-27 13:29:00 Image size of job updated: 20
	20  -  MemoryUsage of job (MB)
	20676  -  ResidentSetSize of job (KB)
...
006 (2169568.176.000) 2023-06-27 13:30:00 Image size of job updated: 144
	144  -  MemoryUsage of job (MB)
	148068  -  ResidentSetSize of job (KB)
...
006 (2169568.176.000) 2023-06-27 13:31:00 Image size of job updated: 144
	144  -  MemoryUsage of job (MB)
	148168  -  ResidentSetSize of job (KB)
...
006 (2169568.176.000) 2023-06-27 13:32:01 Image size of job updated: 144
	144  -  MemoryUsage of job (MB)
	148172  -  ResidentSetSize of job (KB)
...
006 (2169568.176.000) 2023-06-27 13:33:01 Image size of job updated: 144
	144  -  MemoryUsage of job (MB)
	148176  -  ResidentSetSize of job (KB)
...
006 (2169568.176.000) 2023-06-27 13:34:02 Image size of job updated: 144
	144  -  MemoryUsage of job (MB)
	148204  -  ResidentSetSize of job (KB)
...
006 (2169568.176.000) 2023-06-27 13:35:02 Image size of job updated: 144
	144  -  MemoryUsage of job (MB)
	148232  -  ResidentSetSize of job (KB)
...
040 (2169568.176.000) 2023-06-27 13:35:47 Started transferring output files
...
040 (2169568.176.000) 2023-06-27 13:35:47 Finished transferring output files
...
005 (2169568.176.000) 2023-06-27 13:35:49 Job terminated.
	(1) Normal termination (return value 0)
		Usr 0 00:05:12, Sys 0 00:00:13  -  Run Remote Usage
		Usr 0 00:00:00, Sys 0 00:00:00  -  Run Local Usage
		Usr 0 00:05:12, Sys 0 00:00:13  -  Total Remote Usage
		Usr 0 00:00:00, Sys 0 00:00:00  -  Total Local Usage
	149301  -  Run Bytes Sent By Job
	224545  -  Run Bytes Received By Job
	149301  -  Total Bytes Sent By Job
	224545  -  Total Bytes Received By Job
	Partitionable Resources :    Usage  Request Allocated 
	   Cpus                 :     0.00        1         1 
	   Disk (KB)            :   913         225   1645666 
	   Memory (MB)          :   144        2048      2048 

	Job terminated of its own accord at 2023-06-27T18:35:47Z with exit-code 0.
...
