000 (2169568.329.000) 2023-06-27 13:09:12 Job submitted from host: <131.225.189.251:9618?addrs=131.225.189.251-9618+[2620-6a-0-8421--e8]-9618&alias=lpcschedd4.fnal.gov&noUDP&sock=schedd_2018_c235>
...
040 (2169568.329.000) 2023-06-27 13:29:45 Started transferring input files
	Transferring to host: <131.225.189.54:9618?addrs=[2620-6a-0-8421-f0-0-189-54]-9618+131.225.189.54-9618&alias=cmswn2098.fnal.gov&noUDP&sock=slot1_55_2116_a9cf_41656>
...
040 (2169568.329.000) 2023-06-27 13:29:45 Finished transferring input files
...
001 (2169568.329.000) 2023-06-27 13:29:45 Job executing on host: <131.225.189.54:9618?addrs=[2620-6a-0-8421-f0-0-189-54]-9618+131.225.189.54-9618&alias=cmswn2098.fnal.gov&noUDP&sock=startd_2019_71cd>
...
006 (2169568.329.000) 2023-06-27 13:30:55 Image size of job updated: 148
	148  -  MemoryUsage of job (MB)
	152268  -  ResidentSetSize of job (KB)
...
006 (2169568.329.000) 2023-06-27 13:31:55 Image size of job updated: 148
	148  -  MemoryUsage of job (MB)
	152388  -  ResidentSetSize of job (KB)
...
006 (2169568.329.000) 2023-06-27 13:32:56 Image size of job updated: 148
	148  -  MemoryUsage of job (MB)
	152396  -  ResidentSetSize of job (KB)
...
006 (2169568.329.000) 2023-06-27 13:33:56 Image size of job updated: 148
	148  -  MemoryUsage of job (MB)
	152404  -  ResidentSetSize of job (KB)
...
006 (2169568.329.000) 2023-06-27 13:36:57 Image size of job updated: 148
	148  -  MemoryUsage of job (MB)
	152408  -  ResidentSetSize of job (KB)
...
040 (2169568.329.000) 2023-06-27 13:38:46 Started transferring output files
...
040 (2169568.329.000) 2023-06-27 13:38:46 Finished transferring output files
...
005 (2169568.329.000) 2023-06-27 13:38:47 Job terminated.
	(1) Normal termination (return value 0)
		Usr 0 00:06:45, Sys 0 00:00:19  -  Run Remote Usage
		Usr 0 00:00:00, Sys 0 00:00:00  -  Run Local Usage
		Usr 0 00:06:45, Sys 0 00:00:19  -  Total Remote Usage
		Usr 0 00:00:00, Sys 0 00:00:00  -  Total Local Usage
	156635  -  Run Bytes Sent By Job
	224545  -  Run Bytes Received By Job
	156635  -  Total Bytes Sent By Job
	224545  -  Total Bytes Received By Job
	Partitionable Resources :    Usage  Request Allocated 
	   Cpus                 :        0        1         1 
	   Disk (KB)            :      922      225   1652839 
	   Memory (MB)          :      148     2048      2048 

	Job terminated of its own accord at 2023-06-27T18:38:46Z with exit-code 0.
...
