000 (2169568.161.000) 2023-06-27 13:09:11 Job submitted from host: <131.225.189.251:9618?addrs=131.225.189.251-9618+[2620-6a-0-8421--e8]-9618&alias=lpcschedd4.fnal.gov&noUDP&sock=schedd_2018_c235>
...
040 (2169568.161.000) 2023-06-27 13:27:39 Started transferring input files
	Transferring to host: <131.225.189.16:9618?addrs=[2620-6a-0-8421-f0-0-189-16]-9618+131.225.189.16-9618&alias=cmswn2080.fnal.gov&noUDP&sock=slot1_25_2028_a8cc_51449>
...
040 (2169568.161.000) 2023-06-27 13:27:39 Finished transferring input files
...
001 (2169568.161.000) 2023-06-27 13:27:39 Job executing on host: <131.225.189.16:9618?addrs=[2620-6a-0-8421-f0-0-189-16]-9618+131.225.189.16-9618&alias=cmswn2080.fnal.gov&noUDP&sock=startd_1932_c510>
...
006 (2169568.161.000) 2023-06-27 13:27:48 Image size of job updated: 10
	10  -  MemoryUsage of job (MB)
	11244  -  ResidentSetSize of job (KB)
...
006 (2169568.161.000) 2023-06-27 13:28:48 Image size of job updated: 162
	162  -  MemoryUsage of job (MB)
	166496  -  ResidentSetSize of job (KB)
...
006 (2169568.161.000) 2023-06-27 13:29:48 Image size of job updated: 162
	162  -  MemoryUsage of job (MB)
	166516  -  ResidentSetSize of job (KB)
...
006 (2169568.161.000) 2023-06-27 13:31:48 Image size of job updated: 162
	162  -  MemoryUsage of job (MB)
	166540  -  ResidentSetSize of job (KB)
...
006 (2169568.161.000) 2023-06-27 13:32:50 Image size of job updated: 162
	162  -  MemoryUsage of job (MB)
	166636  -  ResidentSetSize of job (KB)
...
040 (2169568.161.000) 2023-06-27 13:41:17 Started transferring output files
...
040 (2169568.161.000) 2023-06-27 13:41:17 Finished transferring output files
...
005 (2169568.161.000) 2023-06-27 13:41:20 Job terminated.
	(1) Normal termination (return value 0)
		Usr 0 00:12:24, Sys 0 00:00:30  -  Run Remote Usage
		Usr 0 00:00:00, Sys 0 00:00:00  -  Run Local Usage
		Usr 0 00:12:24, Sys 0 00:00:30  -  Total Remote Usage
		Usr 0 00:00:00, Sys 0 00:00:00  -  Total Local Usage
	162687  -  Run Bytes Sent By Job
	224545  -  Run Bytes Received By Job
	162687  -  Total Bytes Sent By Job
	224545  -  Total Bytes Received By Job
	Partitionable Resources :    Usage  Request Allocated 
	   Cpus                 :     0.00        1         1 
	   Disk (KB)            :   927         225   1631756 
	   Memory (MB)          :   162        2048      2048 

	Job terminated of its own accord at 2023-06-27T18:41:17Z with exit-code 0.
...
