000 (2169568.408.000) 2023-06-27 13:09:13 Job submitted from host: <131.225.189.251:9618?addrs=131.225.189.251-9618+[2620-6a-0-8421--e8]-9618&alias=lpcschedd4.fnal.gov&noUDP&sock=schedd_2018_c235>
...
040 (2169568.408.000) 2023-06-27 13:30:05 Started transferring input files
	Transferring to host: <131.225.188.105:9618?addrs=[2620-6a-0-8421-f0-0-188-105]-9618+131.225.188.105-9618&alias=cmswn2046.fnal.gov&noUDP&sock=slot1_50_2112_d84f_41455>
...
040 (2169568.408.000) 2023-06-27 13:30:05 Finished transferring input files
...
001 (2169568.408.000) 2023-06-27 13:30:05 Job executing on host: <131.225.188.105:9618?addrs=[2620-6a-0-8421-f0-0-188-105]-9618+131.225.188.105-9618&alias=cmswn2046.fnal.gov&noUDP&sock=startd_2017_129d>
...
006 (2169568.408.000) 2023-06-27 13:30:14 Image size of job updated: 37
	37  -  MemoryUsage of job (MB)
	38632  -  ResidentSetSize of job (KB)
...
006 (2169568.408.000) 2023-06-27 13:31:14 Image size of job updated: 152
	152  -  MemoryUsage of job (MB)
	156224  -  ResidentSetSize of job (KB)
...
006 (2169568.408.000) 2023-06-27 13:32:14 Image size of job updated: 152
	152  -  MemoryUsage of job (MB)
	156228  -  ResidentSetSize of job (KB)
...
006 (2169568.408.000) 2023-06-27 13:33:15 Image size of job updated: 152
	152  -  MemoryUsage of job (MB)
	156268  -  ResidentSetSize of job (KB)
...
006 (2169568.408.000) 2023-06-27 13:34:15 Image size of job updated: 152
	152  -  MemoryUsage of job (MB)
	156328  -  ResidentSetSize of job (KB)
...
006 (2169568.408.000) 2023-06-27 13:37:18 Image size of job updated: 152
	152  -  MemoryUsage of job (MB)
	156332  -  ResidentSetSize of job (KB)
...
040 (2169568.408.000) 2023-06-27 13:38:33 Started transferring output files
...
040 (2169568.408.000) 2023-06-27 13:38:33 Finished transferring output files
...
005 (2169568.408.000) 2023-06-27 13:38:35 Job terminated.
	(1) Normal termination (return value 0)
		Usr 0 00:07:29, Sys 0 00:00:18  -  Run Remote Usage
		Usr 0 00:00:00, Sys 0 00:00:00  -  Run Local Usage
		Usr 0 00:07:29, Sys 0 00:00:18  -  Total Remote Usage
		Usr 0 00:00:00, Sys 0 00:00:00  -  Total Local Usage
	154531  -  Run Bytes Sent By Job
	224545  -  Run Bytes Received By Job
	154531  -  Total Bytes Sent By Job
	224545  -  Total Bytes Received By Job
	Partitionable Resources :    Usage  Request Allocated 
	   Cpus                 :     0.01        1         1 
	   Disk (KB)            :   920         225   1647894 
	   Memory (MB)          :   152        2048      2048 

	Job terminated of its own accord at 2023-06-27T18:38:32Z with exit-code 0.
...
