000 (2169568.145.000) 2023-06-27 13:09:11 Job submitted from host: <131.225.189.251:9618?addrs=131.225.189.251-9618+[2620-6a-0-8421--e8]-9618&alias=lpcschedd4.fnal.gov&noUDP&sock=schedd_2018_c235>
...
040 (2169568.145.000) 2023-06-27 13:26:32 Started transferring input files
	Transferring to host: <131.225.188.179:9618?addrs=[2620-6a-0-8421-f0-0-188-179]-9618+131.225.188.179-9618&alias=cmswn2059.fnal.gov&noUDP&sock=slot1_6_2012_62cb_14990>
...
040 (2169568.145.000) 2023-06-27 13:26:32 Finished transferring input files
...
001 (2169568.145.000) 2023-06-27 13:26:32 Job executing on host: <131.225.188.179:9618?addrs=[2620-6a-0-8421-f0-0-188-179]-9618+131.225.188.179-9618&alias=cmswn2059.fnal.gov&noUDP&sock=startd_1929_b647>
...
006 (2169568.145.000) 2023-06-27 13:26:41 Image size of job updated: 8
	8  -  MemoryUsage of job (MB)
	8488  -  ResidentSetSize of job (KB)
...
006 (2169568.145.000) 2023-06-27 13:27:42 Image size of job updated: 138
	138  -  MemoryUsage of job (MB)
	142076  -  ResidentSetSize of job (KB)
...
006 (2169568.145.000) 2023-06-27 13:28:43 Image size of job updated: 138
	138  -  MemoryUsage of job (MB)
	142232  -  ResidentSetSize of job (KB)
...
006 (2169568.145.000) 2023-06-27 13:29:43 Image size of job updated: 138
	138  -  MemoryUsage of job (MB)
	142324  -  ResidentSetSize of job (KB)
...
040 (2169568.145.000) 2023-06-27 13:30:43 Started transferring output files
...
040 (2169568.145.000) 2023-06-27 13:30:43 Finished transferring output files
...
005 (2169568.145.000) 2023-06-27 13:30:44 Job terminated.
	(1) Normal termination (return value 0)
		Usr 0 00:02:10, Sys 0 00:00:08  -  Run Remote Usage
		Usr 0 00:00:00, Sys 0 00:00:00  -  Run Local Usage
		Usr 0 00:02:10, Sys 0 00:00:08  -  Total Remote Usage
		Usr 0 00:00:00, Sys 0 00:00:00  -  Total Local Usage
	135153  -  Run Bytes Sent By Job
	224545  -  Run Bytes Received By Job
	135153  -  Total Bytes Sent By Job
	224545  -  Total Bytes Received By Job
	Partitionable Resources :    Usage  Request Allocated 
	   Cpus                 :     0.00        1         1 
	   Disk (KB)            :   900         225   1654204 
	   Memory (MB)          :   138        2048      2048 

	Job terminated of its own accord at 2023-06-27T18:30:43Z with exit-code 0.
...
