000 (2169568.239.000) 2023-06-27 13:09:12 Job submitted from host: <131.225.189.251:9618?addrs=131.225.189.251-9618+[2620-6a-0-8421--e8]-9618&alias=lpcschedd4.fnal.gov&noUDP&sock=schedd_2018_c235>
...
040 (2169568.239.000) 2023-06-27 13:29:29 Started transferring input files
	Transferring to host: <131.225.189.154:9618?addrs=[2620-6a-0-8421-f0-0-189-154]-9618+131.225.189.154-9618&alias=cmswn2111.fnal.gov&noUDP&sock=slot1_62_2116_a9cf_39745>
...
040 (2169568.239.000) 2023-06-27 13:29:29 Finished transferring input files
...
001 (2169568.239.000) 2023-06-27 13:29:29 Job executing on host: <131.225.189.154:9618?addrs=[2620-6a-0-8421-f0-0-189-154]-9618+131.225.189.154-9618&alias=cmswn2111.fnal.gov&noUDP&sock=startd_2023_302e>
...
006 (2169568.239.000) 2023-06-27 13:29:38 Image size of job updated: 45
	45  -  MemoryUsage of job (MB)
	46212  -  ResidentSetSize of job (KB)
...
006 (2169568.239.000) 2023-06-27 13:30:40 Image size of job updated: 135
	135  -  MemoryUsage of job (MB)
	138688  -  ResidentSetSize of job (KB)
...
006 (2169568.239.000) 2023-06-27 13:31:10 Image size of job updated: 135
	135  -  MemoryUsage of job (MB)
	138700  -  ResidentSetSize of job (KB)
...
040 (2169568.239.000) 2023-06-27 13:31:11 Started transferring output files
...
040 (2169568.239.000) 2023-06-27 13:31:11 Finished transferring output files
...
005 (2169568.239.000) 2023-06-27 13:31:14 Job terminated.
	(1) Normal termination (return value 0)
		Usr 0 00:00:55, Sys 0 00:00:03  -  Run Remote Usage
		Usr 0 00:00:00, Sys 0 00:00:00  -  Run Local Usage
		Usr 0 00:00:55, Sys 0 00:00:03  -  Total Remote Usage
		Usr 0 00:00:00, Sys 0 00:00:00  -  Total Local Usage
	130608  -  Run Bytes Sent By Job
	224545  -  Run Bytes Received By Job
	130608  -  Total Bytes Sent By Job
	224545  -  Total Bytes Received By Job
	Partitionable Resources :    Usage  Request Allocated 
	   Cpus                 :        0        1         1 
	   Disk (KB)            :      897      225   3463171 
	   Memory (MB)          :      135     2048      2048 

	Job terminated of its own accord at 2023-06-27T18:31:10Z with exit-code 0.
...
