000 (2169568.361.000) 2023-06-27 13:09:12 Job submitted from host: <131.225.189.251:9618?addrs=131.225.189.251-9618+[2620-6a-0-8421--e8]-9618&alias=lpcschedd4.fnal.gov&noUDP&sock=schedd_2018_c235>
...
040 (2169568.361.000) 2023-06-27 13:29:53 Started transferring input files
	Transferring to host: <131.225.188.105:9618?addrs=[2620-6a-0-8421-f0-0-188-105]-9618+131.225.188.105-9618&alias=cmswn2046.fnal.gov&noUDP&sock=slot1_42_2112_d84f_41450>
...
040 (2169568.361.000) 2023-06-27 13:29:53 Finished transferring input files
...
001 (2169568.361.000) 2023-06-27 13:29:53 Job executing on host: <131.225.188.105:9618?addrs=[2620-6a-0-8421-f0-0-188-105]-9618+131.225.188.105-9618&alias=cmswn2046.fnal.gov&noUDP&sock=startd_2017_129d>
...
006 (2169568.361.000) 2023-06-27 13:30:02 Image size of job updated: 10
	10  -  MemoryUsage of job (MB)
	10584  -  ResidentSetSize of job (KB)
...
006 (2169568.361.000) 2023-06-27 13:31:02 Image size of job updated: 152
	152  -  MemoryUsage of job (MB)
	156656  -  ResidentSetSize of job (KB)
...
006 (2169568.361.000) 2023-06-27 13:32:03 Image size of job updated: 152
	152  -  MemoryUsage of job (MB)
	156664  -  ResidentSetSize of job (KB)
...
006 (2169568.361.000) 2023-06-27 13:33:04 Image size of job updated: 153
	153  -  MemoryUsage of job (MB)
	156672  -  ResidentSetSize of job (KB)
...
006 (2169568.361.000) 2023-06-27 13:34:04 Image size of job updated: 153
	153  -  MemoryUsage of job (MB)
	156704  -  ResidentSetSize of job (KB)
...
006 (2169568.361.000) 2023-06-27 13:36:04 Image size of job updated: 153
	153  -  MemoryUsage of job (MB)
	156708  -  ResidentSetSize of job (KB)
...
040 (2169568.361.000) 2023-06-27 13:38:26 Started transferring output files
...
040 (2169568.361.000) 2023-06-27 13:38:26 Finished transferring output files
...
005 (2169568.361.000) 2023-06-27 13:38:27 Job terminated.
	(1) Normal termination (return value 0)
		Usr 0 00:07:27, Sys 0 00:00:18  -  Run Remote Usage
		Usr 0 00:00:00, Sys 0 00:00:00  -  Run Local Usage
		Usr 0 00:07:27, Sys 0 00:00:18  -  Total Remote Usage
		Usr 0 00:00:00, Sys 0 00:00:00  -  Total Local Usage
	156075  -  Run Bytes Sent By Job
	224545  -  Run Bytes Received By Job
	156075  -  Total Bytes Sent By Job
	224545  -  Total Bytes Received By Job
	Partitionable Resources :    Usage  Request Allocated 
	   Cpus                 :     0.00        1         1 
	   Disk (KB)            :   922         225   1647894 
	   Memory (MB)          :   153        2048      2048 

	Job terminated of its own accord at 2023-06-27T18:38:25Z with exit-code 0.
...
