000 (2169568.208.000) 2023-06-27 13:09:11 Job submitted from host: <131.225.189.251:9618?addrs=131.225.189.251-9618+[2620-6a-0-8421--e8]-9618&alias=lpcschedd4.fnal.gov&noUDP&sock=schedd_2018_c235>
...
040 (2169568.208.000) 2023-06-27 13:29:21 Started transferring input files
	Transferring to host: <131.225.188.86:9618?addrs=[2620-6a-0-8421-f0-0-188-86]-9618+131.225.188.86-9618&alias=cmswn2042.fnal.gov&noUDP&sock=slot1_3_2091_0c6e_45880>
...
040 (2169568.208.000) 2023-06-27 13:29:21 Finished transferring input files
...
001 (2169568.208.000) 2023-06-27 13:29:21 Job executing on host: <131.225.188.86:9618?addrs=[2620-6a-0-8421-f0-0-188-86]-9618+131.225.188.86-9618&alias=cmswn2042.fnal.gov&noUDP&sock=startd_2015_b36c>
...
006 (2169568.208.000) 2023-06-27 13:29:30 Image size of job updated: 5
	5  -  MemoryUsage of job (MB)
	5428  -  ResidentSetSize of job (KB)
...
006 (2169568.208.000) 2023-06-27 13:30:30 Image size of job updated: 151
	151  -  MemoryUsage of job (MB)
	155572  -  ResidentSetSize of job (KB)
...
006 (2169568.208.000) 2023-06-27 13:31:30 Image size of job updated: 151
	151  -  MemoryUsage of job (MB)
	155600  -  ResidentSetSize of job (KB)
...
006 (2169568.208.000) 2023-06-27 13:32:31 Image size of job updated: 151
	151  -  MemoryUsage of job (MB)
	155616  -  ResidentSetSize of job (KB)
...
006 (2169568.208.000) 2023-06-27 13:33:32 Image size of job updated: 151
	151  -  MemoryUsage of job (MB)
	155640  -  ResidentSetSize of job (KB)
...
006 (2169568.208.000) 2023-06-27 13:34:34 Image size of job updated: 152
	152  -  MemoryUsage of job (MB)
	155748  -  ResidentSetSize of job (KB)
...
040 (2169568.208.000) 2023-06-27 13:38:04 Started transferring output files
...
040 (2169568.208.000) 2023-06-27 13:38:04 Finished transferring output files
...
005 (2169568.208.000) 2023-06-27 13:38:06 Job terminated.
	(1) Normal termination (return value 0)
		Usr 0 00:07:17, Sys 0 00:00:20  -  Run Remote Usage
		Usr 0 00:00:00, Sys 0 00:00:00  -  Run Local Usage
		Usr 0 00:07:17, Sys 0 00:00:20  -  Total Remote Usage
		Usr 0 00:00:00, Sys 0 00:00:00  -  Total Local Usage
	154210  -  Run Bytes Sent By Job
	224545  -  Run Bytes Received By Job
	154210  -  Total Bytes Sent By Job
	224545  -  Total Bytes Received By Job
	Partitionable Resources :    Usage  Request Allocated 
	   Cpus                 :     0.00        1         1 
	   Disk (KB)            :   919         225   1634539 
	   Memory (MB)          :   152        2048      2048 

	Job terminated of its own accord at 2023-06-27T18:38:03Z with exit-code 0.
...
