000 (2169568.439.000) 2023-06-27 13:09:13 Job submitted from host: <131.225.189.251:9618?addrs=131.225.189.251-9618+[2620-6a-0-8421--e8]-9618&alias=lpcschedd4.fnal.gov&noUDP&sock=schedd_2018_c235>
...
040 (2169568.439.000) 2023-06-27 13:30:11 Started transferring input files
	Transferring to host: <131.225.188.76:9618?addrs=[2620-6a-0-8421-f0-0-188-76]-9618+131.225.188.76-9618&alias=cmswn2039.fnal.gov&noUDP&sock=slot1_58_2124_4ccf_59490>
...
040 (2169568.439.000) 2023-06-27 13:30:11 Finished transferring input files
...
001 (2169568.439.000) 2023-06-27 13:30:11 Job executing on host: <131.225.188.76:9618?addrs=[2620-6a-0-8421-f0-0-188-76]-9618+131.225.188.76-9618&alias=cmswn2039.fnal.gov&noUDP&sock=startd_2006_8712>
...
006 (2169568.439.000) 2023-06-27 13:31:21 Image size of job updated: 156
	156  -  MemoryUsage of job (MB)
	160292  -  ResidentSetSize of job (KB)
...
006 (2169568.439.000) 2023-06-27 13:32:22 Image size of job updated: 156
	156  -  MemoryUsage of job (MB)
	160408  -  ResidentSetSize of job (KB)
...
006 (2169568.439.000) 2023-06-27 13:33:23 Image size of job updated: 156
	156  -  MemoryUsage of job (MB)
	160412  -  ResidentSetSize of job (KB)
...
006 (2169568.439.000) 2023-06-27 13:34:23 Image size of job updated: 156
	156  -  MemoryUsage of job (MB)
	160432  -  ResidentSetSize of job (KB)
...
006 (2169568.439.000) 2023-06-27 13:35:23 Image size of job updated: 156
	156  -  MemoryUsage of job (MB)
	160444  -  ResidentSetSize of job (KB)
...
006 (2169568.439.000) 2023-06-27 13:36:23 Image size of job updated: 156
	156  -  MemoryUsage of job (MB)
	160448  -  ResidentSetSize of job (KB)
...
006 (2169568.439.000) 2023-06-27 13:37:25 Image size of job updated: 156
	156  -  MemoryUsage of job (MB)
	160548  -  ResidentSetSize of job (KB)
...
006 (2169568.439.000) 2023-06-27 13:39:27 Image size of job updated: 156
	156  -  MemoryUsage of job (MB)
	160552  -  ResidentSetSize of job (KB)
...
040 (2169568.439.000) 2023-06-27 13:41:46 Started transferring output files
...
040 (2169568.439.000) 2023-06-27 13:41:46 Finished transferring output files
...
005 (2169568.439.000) 2023-06-27 13:41:47 Job terminated.
	(1) Normal termination (return value 0)
		Usr 0 00:10:00, Sys 0 00:00:23  -  Run Remote Usage
		Usr 0 00:00:00, Sys 0 00:00:00  -  Run Local Usage
		Usr 0 00:10:00, Sys 0 00:00:23  -  Total Remote Usage
		Usr 0 00:00:00, Sys 0 00:00:00  -  Total Local Usage
	160949  -  Run Bytes Sent By Job
	224545  -  Run Bytes Received By Job
	160949  -  Total Bytes Sent By Job
	224545  -  Total Bytes Received By Job
	Partitionable Resources :    Usage  Request Allocated 
	   Cpus                 :        0        1         1 
	   Disk (KB)            :      926      225   1642076 
	   Memory (MB)          :      156     2048      2048 

	Job terminated of its own accord at 2023-06-27T18:41:46Z with exit-code 0.
...
