000 (2169568.266.000) 2023-06-27 13:09:12 Job submitted from host: <131.225.189.251:9618?addrs=131.225.189.251-9618+[2620-6a-0-8421--e8]-9618&alias=lpcschedd4.fnal.gov&noUDP&sock=schedd_2018_c235>
...
040 (2169568.266.000) 2023-06-27 13:29:35 Started transferring input files
	Transferring to host: <131.225.188.64:9618?addrs=[2620-6a-0-8421-f0-0-188-64]-9618+131.225.188.64-9618&alias=cmswn2036.fnal.gov&noUDP&sock=slot1_43_2136_c150_54604>
...
040 (2169568.266.000) 2023-06-27 13:29:35 Finished transferring input files
...
001 (2169568.266.000) 2023-06-27 13:29:35 Job executing on host: <131.225.188.64:9618?addrs=[2620-6a-0-8421-f0-0-188-64]-9618+131.225.188.64-9618&alias=cmswn2036.fnal.gov&noUDP&sock=startd_1938_e2a1>
...
006 (2169568.266.000) 2023-06-27 13:29:44 Image size of job updated: 14
	14  -  MemoryUsage of job (MB)
	14948  -  ResidentSetSize of job (KB)
...
006 (2169568.266.000) 2023-06-27 13:30:44 Image size of job updated: 150
	150  -  MemoryUsage of job (MB)
	153844  -  ResidentSetSize of job (KB)
...
006 (2169568.266.000) 2023-06-27 13:31:46 Image size of job updated: 150
	150  -  MemoryUsage of job (MB)
	153868  -  ResidentSetSize of job (KB)
...
006 (2169568.266.000) 2023-06-27 13:32:46 Image size of job updated: 150
	150  -  MemoryUsage of job (MB)
	153896  -  ResidentSetSize of job (KB)
...
006 (2169568.266.000) 2023-06-27 13:33:47 Image size of job updated: 150
	150  -  MemoryUsage of job (MB)
	153916  -  ResidentSetSize of job (KB)
...
006 (2169568.266.000) 2023-06-27 13:36:48 Image size of job updated: 150
	150  -  MemoryUsage of job (MB)
	153936  -  ResidentSetSize of job (KB)
...
006 (2169568.266.000) 2023-06-27 13:38:48 Image size of job updated: 150
	150  -  MemoryUsage of job (MB)
	153952  -  ResidentSetSize of job (KB)
...
040 (2169568.266.000) 2023-06-27 13:38:57 Started transferring output files
...
040 (2169568.266.000) 2023-06-27 13:38:57 Finished transferring output files
...
005 (2169568.266.000) 2023-06-27 13:38:59 Job terminated.
	(1) Normal termination (return value 0)
		Usr 0 00:08:28, Sys 0 00:00:21  -  Run Remote Usage
		Usr 0 00:00:00, Sys 0 00:00:00  -  Run Local Usage
		Usr 0 00:08:28, Sys 0 00:00:21  -  Total Remote Usage
		Usr 0 00:00:00, Sys 0 00:00:00  -  Total Local Usage
	156910  -  Run Bytes Sent By Job
	224545  -  Run Bytes Received By Job
	156910  -  Total Bytes Sent By Job
	224545  -  Total Bytes Received By Job
	Partitionable Resources :    Usage  Request Allocated 
	   Cpus                 :        0        1         1 
	   Disk (KB)            :      922      225   1635851 
	   Memory (MB)          :      150     2048      2048 

	Job terminated of its own accord at 2023-06-27T18:38:57Z with exit-code 0.
...
