000 (2169568.151.000) 2023-06-27 13:09:11 Job submitted from host: <131.225.189.251:9618?addrs=131.225.189.251-9618+[2620-6a-0-8421--e8]-9618&alias=lpcschedd4.fnal.gov&noUDP&sock=schedd_2018_c235>
...
040 (2169568.151.000) 2023-06-27 13:26:56 Started transferring input files
	Transferring to host: <131.225.188.105:9618?addrs=[2620-6a-0-8421-f0-0-188-105]-9618+131.225.188.105-9618&alias=cmswn2046.fnal.gov&noUDP&sock=slot1_34_2112_d84f_41441>
...
040 (2169568.151.000) 2023-06-27 13:26:56 Finished transferring input files
...
001 (2169568.151.000) 2023-06-27 13:26:56 Job executing on host: <131.225.188.105:9618?addrs=[2620-6a-0-8421-f0-0-188-105]-9618+131.225.188.105-9618&alias=cmswn2046.fnal.gov&noUDP&sock=startd_2017_129d>
...
006 (2169568.151.000) 2023-06-27 13:27:04 Image size of job updated: 27
	27  -  MemoryUsage of job (MB)
	28068  -  ResidentSetSize of job (KB)
...
006 (2169568.151.000) 2023-06-27 13:28:04 Image size of job updated: 161
	161  -  MemoryUsage of job (MB)
	165756  -  ResidentSetSize of job (KB)
...
006 (2169568.151.000) 2023-06-27 13:29:04 Image size of job updated: 161
	161  -  MemoryUsage of job (MB)
	165768  -  ResidentSetSize of job (KB)
...
006 (2169568.151.000) 2023-06-27 13:31:05 Image size of job updated: 161
	161  -  MemoryUsage of job (MB)
	165772  -  ResidentSetSize of job (KB)
...
006 (2169568.151.000) 2023-06-27 13:33:06 Image size of job updated: 161
	161  -  MemoryUsage of job (MB)
	165776  -  ResidentSetSize of job (KB)
...
006 (2169568.151.000) 2023-06-27 13:34:07 Image size of job updated: 162
	162  -  MemoryUsage of job (MB)
	165900  -  ResidentSetSize of job (KB)
...
006 (2169568.151.000) 2023-06-27 13:35:09 Image size of job updated: 162
	162  -  MemoryUsage of job (MB)
	165904  -  ResidentSetSize of job (KB)
...
006 (2169568.151.000) 2023-06-27 13:39:13 Image size of job updated: 162
	162  -  MemoryUsage of job (MB)
	165920  -  ResidentSetSize of job (KB)
...
040 (2169568.151.000) 2023-06-27 13:40:12 Started transferring output files
...
040 (2169568.151.000) 2023-06-27 13:40:12 Finished transferring output files
...
005 (2169568.151.000) 2023-06-27 13:40:13 Job terminated.
	(1) Normal termination (return value 0)
		Usr 0 00:12:00, Sys 0 00:00:29  -  Run Remote Usage
		Usr 0 00:00:00, Sys 0 00:00:00  -  Run Local Usage
		Usr 0 00:12:00, Sys 0 00:00:29  -  Total Remote Usage
		Usr 0 00:00:00, Sys 0 00:00:00  -  Total Local Usage
	163547  -  Run Bytes Sent By Job
	224545  -  Run Bytes Received By Job
	163547  -  Total Bytes Sent By Job
	224545  -  Total Bytes Received By Job
	Partitionable Resources :    Usage  Request Allocated 
	   Cpus                 :     0.00        1         1 
	   Disk (KB)            :   928         225   1647894 
	   Memory (MB)          :   162        2048      2048 

	Job terminated of its own accord at 2023-06-27T18:40:12Z with exit-code 0.
...
