000 (2169568.026.000) 2023-06-27 13:09:10 Job submitted from host: <131.225.189.251:9618?addrs=131.225.189.251-9618+[2620-6a-0-8421--e8]-9618&alias=lpcschedd4.fnal.gov&noUDP&sock=schedd_2018_c235>
...
040 (2169568.026.000) 2023-06-27 13:17:17 Started transferring input files
	Transferring to host: <131.225.189.172:9618?addrs=[2620-6a-0-8421-f0-0-189-172]-9618+131.225.189.172-9618&alias=cmswn2122.fnal.gov&noUDP&sock=slot1_9_2081_00ae_13255>
...
040 (2169568.026.000) 2023-06-27 13:17:17 Finished transferring input files
...
001 (2169568.026.000) 2023-06-27 13:17:17 Job executing on host: <131.225.189.172:9618?addrs=[2620-6a-0-8421-f0-0-189-172]-9618+131.225.189.172-9618&alias=cmswn2122.fnal.gov&noUDP&sock=startd_1910_adfa>
...
006 (2169568.026.000) 2023-06-27 13:17:26 Image size of job updated: 5
	5  -  MemoryUsage of job (MB)
	5336  -  ResidentSetSize of job (KB)
...
006 (2169568.026.000) 2023-06-27 13:18:27 Image size of job updated: 141
	141  -  MemoryUsage of job (MB)
	145232  -  ResidentSetSize of job (KB)
...
006 (2169568.026.000) 2023-06-27 13:19:27 Image size of job updated: 141
	141  -  MemoryUsage of job (MB)
	145284  -  ResidentSetSize of job (KB)
...
006 (2169568.026.000) 2023-06-27 13:20:27 Image size of job updated: 141
	141  -  MemoryUsage of job (MB)
	145340  -  ResidentSetSize of job (KB)
...
006 (2169568.026.000) 2023-06-27 13:21:27 Image size of job updated: 141
	141  -  MemoryUsage of job (MB)
	145344  -  ResidentSetSize of job (KB)
...
040 (2169568.026.000) 2023-06-27 13:21:28 Started transferring output files
...
040 (2169568.026.000) 2023-06-27 13:21:28 Finished transferring output files
...
005 (2169568.026.000) 2023-06-27 13:21:30 Job terminated.
	(1) Normal termination (return value 0)
		Usr 0 00:03:36, Sys 0 00:00:09  -  Run Remote Usage
		Usr 0 00:00:00, Sys 0 00:00:00  -  Run Local Usage
		Usr 0 00:03:36, Sys 0 00:00:09  -  Total Remote Usage
		Usr 0 00:00:00, Sys 0 00:00:00  -  Total Local Usage
	141936  -  Run Bytes Sent By Job
	224544  -  Run Bytes Received By Job
	141936  -  Total Bytes Sent By Job
	224544  -  Total Bytes Received By Job
	Partitionable Resources :    Usage  Request Allocated 
	   Cpus                 :     0.00        1         1 
	   Disk (KB)            :   907         225   3469276 
	   Memory (MB)          :   141        2048      2048 

	Job terminated of its own accord at 2023-06-27T18:21:28Z with exit-code 0.
...
