000 (2169568.340.000) 2023-06-27 13:09:12 Job submitted from host: <131.225.189.251:9618?addrs=131.225.189.251-9618+[2620-6a-0-8421--e8]-9618&alias=lpcschedd4.fnal.gov&noUDP&sock=schedd_2018_c235>
...
040 (2169568.340.000) 2023-06-27 13:29:56 Started transferring input files
	Transferring to host: <131.225.188.184:9618?addrs=[2620-6a-0-8421-f0-0-188-184]-9618+131.225.188.184-9618&alias=cmswn2061.fnal.gov&noUDP&sock=slot1_6_2225_76b4_2668>
...
040 (2169568.340.000) 2023-06-27 13:29:56 Finished transferring input files
...
001 (2169568.340.000) 2023-06-27 13:29:56 Job executing on host: <131.225.188.184:9618?addrs=[2620-6a-0-8421-f0-0-188-184]-9618+131.225.188.184-9618&alias=cmswn2061.fnal.gov&noUDP&sock=startd_2137_61fa>
...
006 (2169568.340.000) 2023-06-27 13:31:06 Image size of job updated: 150
	150  -  MemoryUsage of job (MB)
	153680  -  ResidentSetSize of job (KB)
...
006 (2169568.340.000) 2023-06-27 13:32:06 Image size of job updated: 150
	150  -  MemoryUsage of job (MB)
	153696  -  ResidentSetSize of job (KB)
...
006 (2169568.340.000) 2023-06-27 13:33:06 Image size of job updated: 150
	150  -  MemoryUsage of job (MB)
	153760  -  ResidentSetSize of job (KB)
...
006 (2169568.340.000) 2023-06-27 13:34:06 Image size of job updated: 150
	150  -  MemoryUsage of job (MB)
	153772  -  ResidentSetSize of job (KB)
...
006 (2169568.340.000) 2023-06-27 13:37:08 Image size of job updated: 150
	150  -  MemoryUsage of job (MB)
	153872  -  ResidentSetSize of job (KB)
...
040 (2169568.340.000) 2023-06-27 13:37:46 Started transferring output files
...
040 (2169568.340.000) 2023-06-27 13:37:46 Finished transferring output files
...
005 (2169568.340.000) 2023-06-27 13:37:48 Job terminated.
	(1) Normal termination (return value 0)
		Usr 0 00:06:17, Sys 0 00:00:17  -  Run Remote Usage
		Usr 0 00:00:00, Sys 0 00:00:00  -  Run Local Usage
		Usr 0 00:06:17, Sys 0 00:00:17  -  Total Remote Usage
		Usr 0 00:00:00, Sys 0 00:00:00  -  Total Local Usage
	153195  -  Run Bytes Sent By Job
	224545  -  Run Bytes Received By Job
	153195  -  Total Bytes Sent By Job
	224545  -  Total Bytes Received By Job
	Partitionable Resources :    Usage  Request Allocated 
	   Cpus                 :     0.00        1         1 
	   Disk (KB)            :   919         225   1627664 
	   Memory (MB)          :   150        2048      2048 

	Job terminated of its own accord at 2023-06-27T18:37:42Z with exit-code 0.
...
