000 (2169568.470.000) 2023-06-27 13:09:13 Job submitted from host: <131.225.189.251:9618?addrs=131.225.189.251-9618+[2620-6a-0-8421--e8]-9618&alias=lpcschedd4.fnal.gov&noUDP&sock=schedd_2018_c235>
...
040 (2169568.470.000) 2023-06-27 13:30:20 Started transferring input files
	Transferring to host: <131.225.188.184:9618?addrs=[2620-6a-0-8421-f0-0-188-184]-9618+131.225.188.184-9618&alias=cmswn2061.fnal.gov&noUDP&sock=slot1_53_2225_76b4_2680>
...
040 (2169568.470.000) 2023-06-27 13:30:20 Finished transferring input files
...
001 (2169568.470.000) 2023-06-27 13:30:20 Job executing on host: <131.225.188.184:9618?addrs=[2620-6a-0-8421-f0-0-188-184]-9618+131.225.188.184-9618&alias=cmswn2061.fnal.gov&noUDP&sock=startd_2137_61fa>
...
006 (2169568.470.000) 2023-06-27 13:31:29 Image size of job updated: 147
	147  -  MemoryUsage of job (MB)
	151100  -  ResidentSetSize of job (KB)
...
006 (2169568.470.000) 2023-06-27 13:32:29 Image size of job updated: 147
	147  -  MemoryUsage of job (MB)
	151184  -  ResidentSetSize of job (KB)
...
006 (2169568.470.000) 2023-06-27 13:33:29 Image size of job updated: 147
	147  -  MemoryUsage of job (MB)
	151204  -  ResidentSetSize of job (KB)
...
006 (2169568.470.000) 2023-06-27 13:34:30 Image size of job updated: 147
	147  -  MemoryUsage of job (MB)
	151216  -  ResidentSetSize of job (KB)
...
006 (2169568.470.000) 2023-06-27 13:35:30 Image size of job updated: 147
	147  -  MemoryUsage of job (MB)
	151224  -  ResidentSetSize of job (KB)
...
040 (2169568.470.000) 2023-06-27 13:39:10 Started transferring output files
...
040 (2169568.470.000) 2023-06-27 13:39:10 Finished transferring output files
...
005 (2169568.470.000) 2023-06-27 13:39:12 Job terminated.
	(1) Normal termination (return value 0)
		Usr 0 00:07:33, Sys 0 00:00:18  -  Run Remote Usage
		Usr 0 00:00:00, Sys 0 00:00:00  -  Run Local Usage
		Usr 0 00:07:33, Sys 0 00:00:18  -  Total Remote Usage
		Usr 0 00:00:00, Sys 0 00:00:00  -  Total Local Usage
	155465  -  Run Bytes Sent By Job
	224545  -  Run Bytes Received By Job
	155465  -  Total Bytes Sent By Job
	224545  -  Total Bytes Received By Job
	Partitionable Resources :    Usage  Request Allocated 
	   Cpus                 :        0        1         1 
	   Disk (KB)            :      921      225   1627664 
	   Memory (MB)          :      147     2048      2048 

	Job terminated of its own accord at 2023-06-27T18:39:10Z with exit-code 0.
...
