000 (2169568.088.000) 2023-06-27 13:09:11 Job submitted from host: <131.225.189.251:9618?addrs=131.225.189.251-9618+[2620-6a-0-8421--e8]-9618&alias=lpcschedd4.fnal.gov&noUDP&sock=schedd_2018_c235>
...
040 (2169568.088.000) 2023-06-27 13:23:09 Started transferring input files
	Transferring to host: <131.225.188.112:9618?addrs=[2620-6a-0-8421-f0-0-188-112]-9618+131.225.188.112-9618&alias=cmswn2048.fnal.gov&noUDP&sock=slot1_44_2016_344b_14255>
...
040 (2169568.088.000) 2023-06-27 13:23:09 Finished transferring input files
...
001 (2169568.088.000) 2023-06-27 13:23:09 Job executing on host: <131.225.188.112:9618?addrs=[2620-6a-0-8421-f0-0-188-112]-9618+131.225.188.112-9618&alias=cmswn2048.fnal.gov&noUDP&sock=startd_1934_2440>
...
006 (2169568.088.000) 2023-06-27 13:23:18 Image size of job updated: 10
	10  -  MemoryUsage of job (MB)
	10940  -  ResidentSetSize of job (KB)
...
006 (2169568.088.000) 2023-06-27 13:24:19 Image size of job updated: 163
	163  -  MemoryUsage of job (MB)
	166976  -  ResidentSetSize of job (KB)
...
006 (2169568.088.000) 2023-06-27 13:25:20 Image size of job updated: 163
	163  -  MemoryUsage of job (MB)
	167032  -  ResidentSetSize of job (KB)
...
006 (2169568.088.000) 2023-06-27 13:26:20 Image size of job updated: 163
	163  -  MemoryUsage of job (MB)
	167036  -  ResidentSetSize of job (KB)
...
006 (2169568.088.000) 2023-06-27 13:29:21 Image size of job updated: 163
	163  -  MemoryUsage of job (MB)
	167040  -  ResidentSetSize of job (KB)
...
006 (2169568.088.000) 2023-06-27 13:36:24 Image size of job updated: 163
	163  -  MemoryUsage of job (MB)
	167152  -  ResidentSetSize of job (KB)
...
040 (2169568.088.000) 2023-06-27 13:36:43 Started transferring output files
...
040 (2169568.088.000) 2023-06-27 13:36:43 Finished transferring output files
...
005 (2169568.088.000) 2023-06-27 13:36:44 Job terminated.
	(1) Normal termination (return value 0)
		Usr 0 00:11:56, Sys 0 00:00:28  -  Run Remote Usage
		Usr 0 00:00:00, Sys 0 00:00:00  -  Run Local Usage
		Usr 0 00:11:56, Sys 0 00:00:28  -  Total Remote Usage
		Usr 0 00:00:00, Sys 0 00:00:00  -  Total Local Usage
	163992  -  Run Bytes Sent By Job
	224544  -  Run Bytes Received By Job
	163992  -  Total Bytes Sent By Job
	224544  -  Total Bytes Received By Job
	Partitionable Resources :    Usage  Request Allocated 
	   Cpus                 :     0.00        1         1 
	   Disk (KB)            :   928         225   1629786 
	   Memory (MB)          :   163        2048      2048 

	Job terminated of its own accord at 2023-06-27T18:36:43Z with exit-code 0.
...
