000 (2169568.276.000) 2023-06-27 13:09:12 Job submitted from host: <131.225.189.251:9618?addrs=131.225.189.251-9618+[2620-6a-0-8421--e8]-9618&alias=lpcschedd4.fnal.gov&noUDP&sock=schedd_2018_c235>
...
040 (2169568.276.000) 2023-06-27 13:29:36 Started transferring input files
	Transferring to host: <131.225.189.131:9618?addrs=[2620-6a-0-8421-f0-0-189-131]-9618+131.225.189.131-9618&alias=cmswn2103.fnal.gov&noUDP&sock=slot1_57_2109_bb2f_32652>
...
040 (2169568.276.000) 2023-06-27 13:29:36 Finished transferring input files
...
001 (2169568.276.000) 2023-06-27 13:29:36 Job executing on host: <131.225.189.131:9618?addrs=[2620-6a-0-8421-f0-0-189-131]-9618+131.225.189.131-9618&alias=cmswn2103.fnal.gov&noUDP&sock=startd_2019_71cd>
...
006 (2169568.276.000) 2023-06-27 13:29:45 Image size of job updated: 20
	20  -  MemoryUsage of job (MB)
	21308  -  ResidentSetSize of job (KB)
...
006 (2169568.276.000) 2023-06-27 13:30:46 Image size of job updated: 162
	162  -  MemoryUsage of job (MB)
	166488  -  ResidentSetSize of job (KB)
...
006 (2169568.276.000) 2023-06-27 13:31:47 Image size of job updated: 162
	162  -  MemoryUsage of job (MB)
	166512  -  ResidentSetSize of job (KB)
...
006 (2169568.276.000) 2023-06-27 13:32:47 Image size of job updated: 162
	162  -  MemoryUsage of job (MB)
	166544  -  ResidentSetSize of job (KB)
...
006 (2169568.276.000) 2023-06-27 13:33:47 Image size of job updated: 162
	162  -  MemoryUsage of job (MB)
	166548  -  ResidentSetSize of job (KB)
...
006 (2169568.276.000) 2023-06-27 13:36:49 Image size of job updated: 162
	162  -  MemoryUsage of job (MB)
	166592  -  ResidentSetSize of job (KB)
...
006 (2169568.276.000) 2023-06-27 13:37:49 Image size of job updated: 162
	162  -  MemoryUsage of job (MB)
	166704  -  ResidentSetSize of job (KB)
...
040 (2169568.276.000) 2023-06-27 13:44:47 Started transferring output files
...
040 (2169568.276.000) 2023-06-27 13:44:47 Finished transferring output files
...
005 (2169568.276.000) 2023-06-27 13:44:49 Job terminated.
	(1) Normal termination (return value 0)
		Usr 0 00:11:55, Sys 0 00:00:28  -  Run Remote Usage
		Usr 0 00:00:00, Sys 0 00:00:00  -  Run Local Usage
		Usr 0 00:11:55, Sys 0 00:00:28  -  Total Remote Usage
		Usr 0 00:00:00, Sys 0 00:00:00  -  Total Local Usage
	163953  -  Run Bytes Sent By Job
	224545  -  Run Bytes Received By Job
	163953  -  Total Bytes Sent By Job
	224545  -  Total Bytes Received By Job
	Partitionable Resources :    Usage  Request Allocated 
	   Cpus                 :     0.00        1         1 
	   Disk (KB)            :   928         225   3450022 
	   Memory (MB)          :   162        2048      2048 

	Job terminated of its own accord at 2023-06-27T18:44:47Z with exit-code 0.
...
