000 (2169568.004.000) 2023-06-27 13:09:10 Job submitted from host: <131.225.189.251:9618?addrs=131.225.189.251-9618+[2620-6a-0-8421--e8]-9618&alias=lpcschedd4.fnal.gov&noUDP&sock=schedd_2018_c235>
...
040 (2169568.004.000) 2023-06-27 13:10:25 Started transferring input files
	Transferring to host: <131.225.189.167:9618?addrs=[2620-6a-0-8421-f0-0-189-167]-9618+131.225.189.167-9618&alias=cmswn2119.fnal.gov&noUDP&sock=slot1_23_2115_f56f_40578>
...
040 (2169568.004.000) 2023-06-27 13:10:25 Finished transferring input files
...
001 (2169568.004.000) 2023-06-27 13:10:25 Job executing on host: <131.225.189.167:9618?addrs=[2620-6a-0-8421-f0-0-189-167]-9618+131.225.189.167-9618&alias=cmswn2119.fnal.gov&noUDP&sock=startd_2013_543c>
...
006 (2169568.004.000) 2023-06-27 13:10:34 Image size of job updated: 32
	32  -  MemoryUsage of job (MB)
	33628  -  ResidentSetSize of job (KB)
...
006 (2169568.004.000) 2023-06-27 13:11:34 Image size of job updated: 148
	148  -  MemoryUsage of job (MB)
	152488  -  ResidentSetSize of job (KB)
...
006 (2169568.004.000) 2023-06-27 13:12:34 Image size of job updated: 148
	148  -  MemoryUsage of job (MB)
	152528  -  ResidentSetSize of job (KB)
...
006 (2169568.004.000) 2023-06-27 13:13:35 Image size of job updated: 148
	148  -  MemoryUsage of job (MB)
	152532  -  ResidentSetSize of job (KB)
...
006 (2169568.004.000) 2023-06-27 13:15:35 Image size of job updated: 148
	148  -  MemoryUsage of job (MB)
	152536  -  ResidentSetSize of job (KB)
...
006 (2169568.004.000) 2023-06-27 13:16:36 Image size of job updated: 148
	148  -  MemoryUsage of job (MB)
	152568  -  ResidentSetSize of job (KB)
...
006 (2169568.004.000) 2023-06-27 13:18:39 Image size of job updated: 149
	149  -  MemoryUsage of job (MB)
	152684  -  ResidentSetSize of job (KB)
...
040 (2169568.004.000) 2023-06-27 13:18:42 Started transferring output files
...
040 (2169568.004.000) 2023-06-27 13:18:42 Finished transferring output files
...
005 (2169568.004.000) 2023-06-27 13:18:44 Job terminated.
	(1) Normal termination (return value 0)
		Usr 0 00:06:50, Sys 0 00:00:16  -  Run Remote Usage
		Usr 0 00:00:00, Sys 0 00:00:00  -  Run Local Usage
		Usr 0 00:06:50, Sys 0 00:00:16  -  Total Remote Usage
		Usr 0 00:00:00, Sys 0 00:00:00  -  Total Local Usage
	151884  -  Run Bytes Sent By Job
	224543  -  Run Bytes Received By Job
	151884  -  Total Bytes Sent By Job
	224543  -  Total Bytes Received By Job
	Partitionable Resources :    Usage  Request Allocated 
	   Cpus                 :        0        1         1 
	   Disk (KB)            :      916      225   3466881 
	   Memory (MB)          :      149     2048      2048 

	Job terminated of its own accord at 2023-06-27T18:18:42Z with exit-code 0.
...
