000 (2169568.076.000) 2023-06-27 13:09:10 Job submitted from host: <131.225.189.251:9618?addrs=131.225.189.251-9618+[2620-6a-0-8421--e8]-9618&alias=lpcschedd4.fnal.gov&noUDP&sock=schedd_2018_c235>
...
040 (2169568.076.000) 2023-06-27 13:22:56 Started transferring input files
	Transferring to host: <131.225.188.86:9618?addrs=[2620-6a-0-8421-f0-0-188-86]-9618+131.225.188.86-9618&alias=cmswn2042.fnal.gov&noUDP&sock=slot1_37_2091_0c6e_45877>
...
040 (2169568.076.000) 2023-06-27 13:22:56 Finished transferring input files
...
001 (2169568.076.000) 2023-06-27 13:22:56 Job executing on host: <131.225.188.86:9618?addrs=[2620-6a-0-8421-f0-0-188-86]-9618+131.225.188.86-9618&alias=cmswn2042.fnal.gov&noUDP&sock=startd_2015_b36c>
...
006 (2169568.076.000) 2023-06-27 13:23:05 Image size of job updated: 41
	41  -  MemoryUsage of job (MB)
	42916  -  ResidentSetSize of job (KB)
...
006 (2169568.076.000) 2023-06-27 13:24:05 Image size of job updated: 149
	149  -  MemoryUsage of job (MB)
	153568  -  ResidentSetSize of job (KB)
...
006 (2169568.076.000) 2023-06-27 13:25:06 Image size of job updated: 149
	149  -  MemoryUsage of job (MB)
	153584  -  ResidentSetSize of job (KB)
...
006 (2169568.076.000) 2023-06-27 13:26:06 Image size of job updated: 150
	150  -  MemoryUsage of job (MB)
	153608  -  ResidentSetSize of job (KB)
...
006 (2169568.076.000) 2023-06-27 13:27:06 Image size of job updated: 150
	150  -  MemoryUsage of job (MB)
	153616  -  ResidentSetSize of job (KB)
...
006 (2169568.076.000) 2023-06-27 13:31:35 Image size of job updated: 150
	150  -  MemoryUsage of job (MB)
	153620  -  ResidentSetSize of job (KB)
...
040 (2169568.076.000) 2023-06-27 13:31:36 Started transferring output files
...
040 (2169568.076.000) 2023-06-27 13:31:36 Finished transferring output files
...
005 (2169568.076.000) 2023-06-27 13:31:37 Job terminated.
	(1) Normal termination (return value 0)
		Usr 0 00:07:32, Sys 0 00:00:19  -  Run Remote Usage
		Usr 0 00:00:00, Sys 0 00:00:00  -  Run Local Usage
		Usr 0 00:07:32, Sys 0 00:00:19  -  Total Remote Usage
		Usr 0 00:00:00, Sys 0 00:00:00  -  Total Local Usage
	153572  -  Run Bytes Sent By Job
	224544  -  Run Bytes Received By Job
	153572  -  Total Bytes Sent By Job
	224544  -  Total Bytes Received By Job
	Partitionable Resources :    Usage  Request Allocated 
	   Cpus                 :        0        1         1 
	   Disk (KB)            :      918      225   1634539 
	   Memory (MB)          :      150     2048      2048 

	Job terminated of its own accord at 2023-06-27T18:31:35Z with exit-code 0.
...
