000 (2169568.087.000) 2023-06-27 13:09:11 Job submitted from host: <131.225.189.251:9618?addrs=131.225.189.251-9618+[2620-6a-0-8421--e8]-9618&alias=lpcschedd4.fnal.gov&noUDP&sock=schedd_2018_c235>
...
040 (2169568.087.000) 2023-06-27 13:23:09 Started transferring input files
	Transferring to host: <131.225.188.112:9618?addrs=[2620-6a-0-8421-f0-0-188-112]-9618+131.225.188.112-9618&alias=cmswn2048.fnal.gov&noUDP&sock=slot1_36_2016_344b_14254>
...
040 (2169568.087.000) 2023-06-27 13:23:09 Finished transferring input files
...
001 (2169568.087.000) 2023-06-27 13:23:09 Job executing on host: <131.225.188.112:9618?addrs=[2620-6a-0-8421-f0-0-188-112]-9618+131.225.188.112-9618&alias=cmswn2048.fnal.gov&noUDP&sock=startd_1934_2440>
...
006 (2169568.087.000) 2023-06-27 13:23:18 Image size of job updated: 45
	45  -  MemoryUsage of job (MB)
	46216  -  ResidentSetSize of job (KB)
...
006 (2169568.087.000) 2023-06-27 13:24:19 Image size of job updated: 151
	151  -  MemoryUsage of job (MB)
	155272  -  ResidentSetSize of job (KB)
...
006 (2169568.087.000) 2023-06-27 13:25:19 Image size of job updated: 151
	151  -  MemoryUsage of job (MB)
	155276  -  ResidentSetSize of job (KB)
...
006 (2169568.087.000) 2023-06-27 13:26:20 Image size of job updated: 151
	151  -  MemoryUsage of job (MB)
	155292  -  ResidentSetSize of job (KB)
...
006 (2169568.087.000) 2023-06-27 13:27:21 Image size of job updated: 151
	151  -  MemoryUsage of job (MB)
	155296  -  ResidentSetSize of job (KB)
...
006 (2169568.087.000) 2023-06-27 13:28:21 Image size of job updated: 151
	151  -  MemoryUsage of job (MB)
	155312  -  ResidentSetSize of job (KB)
...
006 (2169568.087.000) 2023-06-27 13:29:22 Image size of job updated: 151
	151  -  MemoryUsage of job (MB)
	155372  -  ResidentSetSize of job (KB)
...
006 (2169568.087.000) 2023-06-27 13:30:23 Image size of job updated: 151
	151  -  MemoryUsage of job (MB)
	155416  -  ResidentSetSize of job (KB)
...
006 (2169568.087.000) 2023-06-27 13:31:56 Image size of job updated: 151
	151  -  MemoryUsage of job (MB)
	155420  -  ResidentSetSize of job (KB)
...
040 (2169568.087.000) 2023-06-27 13:31:56 Started transferring output files
...
040 (2169568.087.000) 2023-06-27 13:31:56 Finished transferring output files
...
005 (2169568.087.000) 2023-06-27 13:31:58 Job terminated.
	(1) Normal termination (return value 0)
		Usr 0 00:08:04, Sys 0 00:00:20  -  Run Remote Usage
		Usr 0 00:00:00, Sys 0 00:00:00  -  Run Local Usage
		Usr 0 00:08:04, Sys 0 00:00:20  -  Total Remote Usage
		Usr 0 00:00:00, Sys 0 00:00:00  -  Total Local Usage
	158019  -  Run Bytes Sent By Job
	224544  -  Run Bytes Received By Job
	158019  -  Total Bytes Sent By Job
	224544  -  Total Bytes Received By Job
	Partitionable Resources :    Usage  Request Allocated 
	   Cpus                 :     0.00        1         1 
	   Disk (KB)            :   922         225   1629786 
	   Memory (MB)          :   151        2048      2048 

	Job terminated of its own accord at 2023-06-27T18:31:56Z with exit-code 0.
...
