000 (2169568.417.000) 2023-06-27 13:09:13 Job submitted from host: <131.225.189.251:9618?addrs=131.225.189.251-9618+[2620-6a-0-8421--e8]-9618&alias=lpcschedd4.fnal.gov&noUDP&sock=schedd_2018_c235>
...
040 (2169568.417.000) 2023-06-27 13:30:07 Started transferring input files
	Transferring to host: <131.225.188.184:9618?addrs=[2620-6a-0-8421-f0-0-188-184]-9618+131.225.188.184-9618&alias=cmswn2061.fnal.gov&noUDP&sock=slot1_14_2225_76b4_2672>
...
040 (2169568.417.000) 2023-06-27 13:30:07 Finished transferring input files
...
001 (2169568.417.000) 2023-06-27 13:30:07 Job executing on host: <131.225.188.184:9618?addrs=[2620-6a-0-8421-f0-0-188-184]-9618+131.225.188.184-9618&alias=cmswn2061.fnal.gov&noUDP&sock=startd_2137_61fa>
...
006 (2169568.417.000) 2023-06-27 13:30:20 Image size of job updated: 75
	75  -  MemoryUsage of job (MB)
	77604  -  ResidentSetSize of job (KB)
...
006 (2169568.417.000) 2023-06-27 13:31:21 Image size of job updated: 164
	164  -  MemoryUsage of job (MB)
	168160  -  ResidentSetSize of job (KB)
...
006 (2169568.417.000) 2023-06-27 13:32:21 Image size of job updated: 164
	164  -  MemoryUsage of job (MB)
	168188  -  ResidentSetSize of job (KB)
...
006 (2169568.417.000) 2023-06-27 13:33:21 Image size of job updated: 164
	164  -  MemoryUsage of job (MB)
	168228  -  ResidentSetSize of job (KB)
...
006 (2169568.417.000) 2023-06-27 13:35:23 Image size of job updated: 164
	164  -  MemoryUsage of job (MB)
	168336  -  ResidentSetSize of job (KB)
...
006 (2169568.417.000) 2023-06-27 13:43:30 Image size of job updated: 164
	164  -  MemoryUsage of job (MB)
	168348  -  ResidentSetSize of job (KB)
...
006 (2169568.417.000) 2023-06-27 13:44:30 Image size of job updated: 164
	164  -  MemoryUsage of job (MB)
	168368  -  ResidentSetSize of job (KB)
...
040 (2169568.417.000) 2023-06-27 13:44:48 Started transferring output files
...
040 (2169568.417.000) 2023-06-27 13:44:48 Finished transferring output files
...
005 (2169568.417.000) 2023-06-27 13:44:50 Job terminated.
	(1) Normal termination (return value 0)
		Usr 0 00:12:38, Sys 0 00:00:30  -  Run Remote Usage
		Usr 0 00:00:00, Sys 0 00:00:00  -  Run Local Usage
		Usr 0 00:12:38, Sys 0 00:00:30  -  Total Remote Usage
		Usr 0 00:00:00, Sys 0 00:00:00  -  Total Local Usage
	165074  -  Run Bytes Sent By Job
	224545  -  Run Bytes Received By Job
	165074  -  Total Bytes Sent By Job
	224545  -  Total Bytes Received By Job
	Partitionable Resources :    Usage  Request Allocated 
	   Cpus                 :        0        1         1 
	   Disk (KB)            :      930      225   1627664 
	   Memory (MB)          :      164     2048      2048 

	Job terminated of its own accord at 2023-06-27T18:44:48Z with exit-code 0.
...
