000 (2169568.437.000) 2023-06-27 13:09:13 Job submitted from host: <131.225.189.251:9618?addrs=131.225.189.251-9618+[2620-6a-0-8421--e8]-9618&alias=lpcschedd4.fnal.gov&noUDP&sock=schedd_2018_c235>
...
040 (2169568.437.000) 2023-06-27 13:30:10 Started transferring input files
	Transferring to host: <131.225.188.112:9618?addrs=[2620-6a-0-8421-f0-0-188-112]-9618+131.225.188.112-9618&alias=cmswn2048.fnal.gov&noUDP&sock=slot1_54_2016_344b_14268>
...
040 (2169568.437.000) 2023-06-27 13:30:10 Finished transferring input files
...
001 (2169568.437.000) 2023-06-27 13:30:10 Job executing on host: <131.225.188.112:9618?addrs=[2620-6a-0-8421-f0-0-188-112]-9618+131.225.188.112-9618&alias=cmswn2048.fnal.gov&noUDP&sock=startd_1934_2440>
...
006 (2169568.437.000) 2023-06-27 13:30:23 Image size of job updated: 8
	8  -  MemoryUsage of job (MB)
	8584  -  ResidentSetSize of job (KB)
...
006 (2169568.437.000) 2023-06-27 13:31:23 Image size of job updated: 152
	152  -  MemoryUsage of job (MB)
	155896  -  ResidentSetSize of job (KB)
...
006 (2169568.437.000) 2023-06-27 13:32:23 Image size of job updated: 152
	152  -  MemoryUsage of job (MB)
	155916  -  ResidentSetSize of job (KB)
...
006 (2169568.437.000) 2023-06-27 13:33:24 Image size of job updated: 152
	152  -  MemoryUsage of job (MB)
	155936  -  ResidentSetSize of job (KB)
...
006 (2169568.437.000) 2023-06-27 13:34:24 Image size of job updated: 152
	152  -  MemoryUsage of job (MB)
	155948  -  ResidentSetSize of job (KB)
...
006 (2169568.437.000) 2023-06-27 13:37:26 Image size of job updated: 152
	152  -  MemoryUsage of job (MB)
	156064  -  ResidentSetSize of job (KB)
...
006 (2169568.437.000) 2023-06-27 13:38:27 Image size of job updated: 152
	152  -  MemoryUsage of job (MB)
	156100  -  ResidentSetSize of job (KB)
...
040 (2169568.437.000) 2023-06-27 13:39:27 Started transferring output files
...
040 (2169568.437.000) 2023-06-27 13:39:27 Finished transferring output files
...
005 (2169568.437.000) 2023-06-27 13:39:29 Job terminated.
	(1) Normal termination (return value 0)
		Usr 0 00:08:10, Sys 0 00:00:20  -  Run Remote Usage
		Usr 0 00:00:00, Sys 0 00:00:00  -  Run Local Usage
		Usr 0 00:08:10, Sys 0 00:00:20  -  Total Remote Usage
		Usr 0 00:00:00, Sys 0 00:00:00  -  Total Local Usage
	157330  -  Run Bytes Sent By Job
	224545  -  Run Bytes Received By Job
	157330  -  Total Bytes Sent By Job
	224545  -  Total Bytes Received By Job
	Partitionable Resources :    Usage  Request Allocated 
	   Cpus                 :     0.00        1         1 
	   Disk (KB)            :   922         225   1629786 
	   Memory (MB)          :   152        2048      2048 

	Job terminated of its own accord at 2023-06-27T18:39:27Z with exit-code 0.
...
