000 (2169568.083.000) 2023-06-27 13:09:11 Job submitted from host: <131.225.189.251:9618?addrs=131.225.189.251-9618+[2620-6a-0-8421--e8]-9618&alias=lpcschedd4.fnal.gov&noUDP&sock=schedd_2018_c235>
...
040 (2169568.083.000) 2023-06-27 13:23:08 Started transferring input files
	Transferring to host: <131.225.188.94:9618?addrs=[2620-6a-0-8421-f0-0-188-94]-9618+131.225.188.94-9618&alias=cmswn2045.fnal.gov&noUDP&sock=slot1_38_2109_bb2f_53080>
...
040 (2169568.083.000) 2023-06-27 13:23:08 Finished transferring input files
...
001 (2169568.083.000) 2023-06-27 13:23:08 Job executing on host: <131.225.188.94:9618?addrs=[2620-6a-0-8421-f0-0-188-94]-9618+131.225.188.94-9618&alias=cmswn2045.fnal.gov&noUDP&sock=startd_1924_484e>
...
006 (2169568.083.000) 2023-06-27 13:23:17 Image size of job updated: 9
	9  -  MemoryUsage of job (MB)
	9736  -  ResidentSetSize of job (KB)
...
006 (2169568.083.000) 2023-06-27 13:24:18 Image size of job updated: 151
	151  -  MemoryUsage of job (MB)
	155644  -  ResidentSetSize of job (KB)
...
006 (2169568.083.000) 2023-06-27 13:25:19 Image size of job updated: 152
	152  -  MemoryUsage of job (MB)
	155728  -  ResidentSetSize of job (KB)
...
006 (2169568.083.000) 2023-06-27 13:26:20 Image size of job updated: 152
	152  -  MemoryUsage of job (MB)
	155732  -  ResidentSetSize of job (KB)
...
006 (2169568.083.000) 2023-06-27 13:27:20 Image size of job updated: 152
	152  -  MemoryUsage of job (MB)
	155740  -  ResidentSetSize of job (KB)
...
006 (2169568.083.000) 2023-06-27 13:28:21 Image size of job updated: 152
	152  -  MemoryUsage of job (MB)
	155748  -  ResidentSetSize of job (KB)
...
006 (2169568.083.000) 2023-06-27 13:33:15 Image size of job updated: 152
	152  -  MemoryUsage of job (MB)
	155752  -  ResidentSetSize of job (KB)
...
040 (2169568.083.000) 2023-06-27 13:33:15 Started transferring output files
...
040 (2169568.083.000) 2023-06-27 13:33:15 Finished transferring output files
...
005 (2169568.083.000) 2023-06-27 13:33:16 Job terminated.
	(1) Normal termination (return value 0)
		Usr 0 00:08:28, Sys 0 00:00:19  -  Run Remote Usage
		Usr 0 00:00:00, Sys 0 00:00:00  -  Run Local Usage
		Usr 0 00:08:28, Sys 0 00:00:19  -  Total Remote Usage
		Usr 0 00:00:00, Sys 0 00:00:00  -  Total Local Usage
	156144  -  Run Bytes Sent By Job
	224544  -  Run Bytes Received By Job
	156144  -  Total Bytes Sent By Job
	224544  -  Total Bytes Received By Job
	Partitionable Resources :    Usage  Request Allocated 
	   Cpus                 :     0.00        1         1 
	   Disk (KB)            :   921         225   1643101 
	   Memory (MB)          :   152        2048      2048 

	Job terminated of its own accord at 2023-06-27T18:33:15Z with exit-code 0.
...
