000 (2169568.133.000) 2023-06-27 13:09:11 Job submitted from host: <131.225.189.251:9618?addrs=131.225.189.251-9618+[2620-6a-0-8421--e8]-9618&alias=lpcschedd4.fnal.gov&noUDP&sock=schedd_2018_c235>
...
040 (2169568.133.000) 2023-06-27 13:25:47 Started transferring input files
	Transferring to host: <131.225.188.227:9618?addrs=[2620-6a-0-8421-f0-0-188-227]-9618+131.225.188.227-9618&alias=cmswn2071.fnal.gov&noUDP&sock=slot1_20_2022_6e8b_64109>
...
040 (2169568.133.000) 2023-06-27 13:25:47 Finished transferring input files
...
001 (2169568.133.000) 2023-06-27 13:25:47 Job executing on host: <131.225.188.227:9618?addrs=[2620-6a-0-8421-f0-0-188-227]-9618+131.225.188.227-9618&alias=cmswn2071.fnal.gov&noUDP&sock=startd_1930_65df>
...
006 (2169568.133.000) 2023-06-27 13:25:56 Image size of job updated: 15
	15  -  MemoryUsage of job (MB)
	15612  -  ResidentSetSize of job (KB)
...
006 (2169568.133.000) 2023-06-27 13:26:57 Image size of job updated: 147
	147  -  MemoryUsage of job (MB)
	150996  -  ResidentSetSize of job (KB)
...
006 (2169568.133.000) 2023-06-27 13:27:59 Image size of job updated: 147
	147  -  MemoryUsage of job (MB)
	151076  -  ResidentSetSize of job (KB)
...
006 (2169568.133.000) 2023-06-27 13:28:59 Image size of job updated: 147
	147  -  MemoryUsage of job (MB)
	151084  -  ResidentSetSize of job (KB)
...
006 (2169568.133.000) 2023-06-27 13:29:59 Image size of job updated: 147
	147  -  MemoryUsage of job (MB)
	151112  -  ResidentSetSize of job (KB)
...
006 (2169568.133.000) 2023-06-27 13:31:00 Image size of job updated: 147
	147  -  MemoryUsage of job (MB)
	151124  -  ResidentSetSize of job (KB)
...
006 (2169568.133.000) 2023-06-27 13:32:00 Image size of job updated: 147
	147  -  MemoryUsage of job (MB)
	151144  -  ResidentSetSize of job (KB)
...
040 (2169568.133.000) 2023-06-27 13:32:54 Started transferring output files
...
040 (2169568.133.000) 2023-06-27 13:32:54 Finished transferring output files
...
005 (2169568.133.000) 2023-06-27 13:32:56 Job terminated.
	(1) Normal termination (return value 0)
		Usr 0 00:05:54, Sys 0 00:00:16  -  Run Remote Usage
		Usr 0 00:00:00, Sys 0 00:00:00  -  Run Local Usage
		Usr 0 00:05:54, Sys 0 00:00:16  -  Total Remote Usage
		Usr 0 00:00:00, Sys 0 00:00:00  -  Total Local Usage
	149264  -  Run Bytes Sent By Job
	224545  -  Run Bytes Received By Job
	149264  -  Total Bytes Sent By Job
	224545  -  Total Bytes Received By Job
	Partitionable Resources :    Usage  Request Allocated 
	   Cpus                 :     0.00        1         1 
	   Disk (KB)            :   914         225   1621266 
	   Memory (MB)          :   147        2048      2048 

	Job terminated of its own accord at 2023-06-27T18:32:54Z with exit-code 0.
...
