000 (2169568.407.000) 2023-06-27 13:09:13 Job submitted from host: <131.225.189.251:9618?addrs=131.225.189.251-9618+[2620-6a-0-8421--e8]-9618&alias=lpcschedd4.fnal.gov&noUDP&sock=schedd_2018_c235>
...
040 (2169568.407.000) 2023-06-27 13:30:05 Started transferring input files
	Transferring to host: <131.225.188.25:9618?addrs=[2620-6a-0-8421-f0-0-188-25]-9618+131.225.188.25-9618&alias=cmswn2025.fnal.gov&noUDP&sock=slot1_50_2021_ba2b_56540>
...
040 (2169568.407.000) 2023-06-27 13:30:05 Finished transferring input files
...
001 (2169568.407.000) 2023-06-27 13:30:05 Job executing on host: <131.225.188.25:9618?addrs=[2620-6a-0-8421-f0-0-188-25]-9618+131.225.188.25-9618&alias=cmswn2025.fnal.gov&noUDP&sock=startd_1925_f7e6>
...
006 (2169568.407.000) 2023-06-27 13:31:15 Image size of job updated: 156
	156  -  MemoryUsage of job (MB)
	159772  -  ResidentSetSize of job (KB)
...
006 (2169568.407.000) 2023-06-27 13:32:15 Image size of job updated: 156
	156  -  MemoryUsage of job (MB)
	159928  -  ResidentSetSize of job (KB)
...
006 (2169568.407.000) 2023-06-27 13:33:15 Image size of job updated: 156
	156  -  MemoryUsage of job (MB)
	159932  -  ResidentSetSize of job (KB)
...
006 (2169568.407.000) 2023-06-27 13:35:16 Image size of job updated: 156
	156  -  MemoryUsage of job (MB)
	159960  -  ResidentSetSize of job (KB)
...
006 (2169568.407.000) 2023-06-27 13:36:16 Image size of job updated: 156
	156  -  MemoryUsage of job (MB)
	160060  -  ResidentSetSize of job (KB)
...
006 (2169568.407.000) 2023-06-27 13:37:16 Image size of job updated: 156
	156  -  MemoryUsage of job (MB)
	160068  -  ResidentSetSize of job (KB)
...
006 (2169568.407.000) 2023-06-27 13:38:16 Image size of job updated: 156
	156  -  MemoryUsage of job (MB)
	160096  -  ResidentSetSize of job (KB)
...
040 (2169568.407.000) 2023-06-27 13:43:35 Started transferring output files
...
040 (2169568.407.000) 2023-06-27 13:43:35 Finished transferring output files
...
005 (2169568.407.000) 2023-06-27 13:43:37 Job terminated.
	(1) Normal termination (return value 0)
		Usr 0 00:11:16, Sys 0 00:00:26  -  Run Remote Usage
		Usr 0 00:00:00, Sys 0 00:00:00  -  Run Local Usage
		Usr 0 00:11:16, Sys 0 00:00:26  -  Total Remote Usage
		Usr 0 00:00:00, Sys 0 00:00:00  -  Total Local Usage
	162005  -  Run Bytes Sent By Job
	224545  -  Run Bytes Received By Job
	162005  -  Total Bytes Sent By Job
	224545  -  Total Bytes Received By Job
	Partitionable Resources :    Usage  Request Allocated 
	   Cpus                 :     0.01        1         1 
	   Disk (KB)            :   928         225   1633296 
	   Memory (MB)          :   156        2048      2048 

	Job terminated of its own accord at 2023-06-27T18:43:35Z with exit-code 0.
...
