000 (2169568.101.000) 2023-06-27 13:09:11 Job submitted from host: <131.225.189.251:9618?addrs=131.225.189.251-9618+[2620-6a-0-8421--e8]-9618&alias=lpcschedd4.fnal.gov&noUDP&sock=schedd_2018_c235>
...
040 (2169568.101.000) 2023-06-27 13:23:32 Started transferring input files
	Transferring to host: <131.225.188.105:9618?addrs=[2620-6a-0-8421-f0-0-188-105]-9618+131.225.188.105-9618&alias=cmswn2046.fnal.gov&noUDP&sock=slot1_21_2112_d84f_41440>
...
040 (2169568.101.000) 2023-06-27 13:23:32 Finished transferring input files
...
001 (2169568.101.000) 2023-06-27 13:23:32 Job executing on host: <131.225.188.105:9618?addrs=[2620-6a-0-8421-f0-0-188-105]-9618+131.225.188.105-9618&alias=cmswn2046.fnal.gov&noUDP&sock=startd_2017_129d>
...
006 (2169568.101.000) 2023-06-27 13:23:41 Image size of job updated: 38
	38  -  MemoryUsage of job (MB)
	39576  -  ResidentSetSize of job (KB)
...
006 (2169568.101.000) 2023-06-27 13:24:41 Image size of job updated: 150
	150  -  MemoryUsage of job (MB)
	154076  -  ResidentSetSize of job (KB)
...
006 (2169568.101.000) 2023-06-27 13:25:41 Image size of job updated: 150
	150  -  MemoryUsage of job (MB)
	154096  -  ResidentSetSize of job (KB)
...
006 (2169568.101.000) 2023-06-27 13:27:42 Image size of job updated: 150
	150  -  MemoryUsage of job (MB)
	154100  -  ResidentSetSize of job (KB)
...
006 (2169568.101.000) 2023-06-27 13:28:42 Image size of job updated: 150
	150  -  MemoryUsage of job (MB)
	154216  -  ResidentSetSize of job (KB)
...
006 (2169568.101.000) 2023-06-27 13:29:43 Image size of job updated: 150
	150  -  MemoryUsage of job (MB)
	154248  -  ResidentSetSize of job (KB)
...
006 (2169568.101.000) 2023-06-27 13:30:44 Image size of job updated: 150
	150  -  MemoryUsage of job (MB)
	154252  -  ResidentSetSize of job (KB)
...
006 (2169568.101.000) 2023-06-27 13:32:35 Image size of job updated: 150
	150  -  MemoryUsage of job (MB)
	154352  -  ResidentSetSize of job (KB)
...
040 (2169568.101.000) 2023-06-27 13:32:35 Started transferring output files
...
040 (2169568.101.000) 2023-06-27 13:32:35 Finished transferring output files
...
005 (2169568.101.000) 2023-06-27 13:32:37 Job terminated.
	(1) Normal termination (return value 0)
		Usr 0 00:06:51, Sys 0 00:00:17  -  Run Remote Usage
		Usr 0 00:00:00, Sys 0 00:00:00  -  Run Local Usage
		Usr 0 00:06:51, Sys 0 00:00:17  -  Total Remote Usage
		Usr 0 00:00:00, Sys 0 00:00:00  -  Total Local Usage
	155401  -  Run Bytes Sent By Job
	224545  -  Run Bytes Received By Job
	155401  -  Total Bytes Sent By Job
	224545  -  Total Bytes Received By Job
	Partitionable Resources :    Usage  Request Allocated 
	   Cpus                 :     0.00        1         1 
	   Disk (KB)            :   920         225   1647894 
	   Memory (MB)          :   150        2048      2048 

	Job terminated of its own accord at 2023-06-27T18:32:35Z with exit-code 0.
...
