000 (2169568.142.000) 2023-06-27 13:09:11 Job submitted from host: <131.225.189.251:9618?addrs=131.225.189.251-9618+[2620-6a-0-8421--e8]-9618&alias=lpcschedd4.fnal.gov&noUDP&sock=schedd_2018_c235>
...
040 (2169568.142.000) 2023-06-27 13:26:19 Started transferring input files
	Transferring to host: <131.225.188.149:9618?addrs=[2620-6a-0-8421-f0-0-188-149]-9618+131.225.188.149-9618&alias=cmswn2052.fnal.gov&noUDP&sock=slot1_57_2015_7feb_53307>
...
040 (2169568.142.000) 2023-06-27 13:26:19 Finished transferring input files
...
001 (2169568.142.000) 2023-06-27 13:26:19 Job executing on host: <131.225.188.149:9618?addrs=[2620-6a-0-8421-f0-0-188-149]-9618+131.225.188.149-9618&alias=cmswn2052.fnal.gov&noUDP&sock=startd_1925_f7e6>
...
006 (2169568.142.000) 2023-06-27 13:26:28 Image size of job updated: 8
	8  -  MemoryUsage of job (MB)
	8584  -  ResidentSetSize of job (KB)
...
006 (2169568.142.000) 2023-06-27 13:27:28 Image size of job updated: 149
	149  -  MemoryUsage of job (MB)
	152744  -  ResidentSetSize of job (KB)
...
006 (2169568.142.000) 2023-06-27 13:31:30 Image size of job updated: 149
	149  -  MemoryUsage of job (MB)
	152868  -  ResidentSetSize of job (KB)
...
006 (2169568.142.000) 2023-06-27 13:32:26 Image size of job updated: 149
	149  -  MemoryUsage of job (MB)
	152880  -  ResidentSetSize of job (KB)
...
040 (2169568.142.000) 2023-06-27 13:32:26 Started transferring output files
...
040 (2169568.142.000) 2023-06-27 13:32:26 Finished transferring output files
...
005 (2169568.142.000) 2023-06-27 13:32:28 Job terminated.
	(1) Normal termination (return value 0)
		Usr 0 00:05:26, Sys 0 00:00:14  -  Run Remote Usage
		Usr 0 00:00:00, Sys 0 00:00:00  -  Run Local Usage
		Usr 0 00:05:26, Sys 0 00:00:14  -  Total Remote Usage
		Usr 0 00:00:00, Sys 0 00:00:00  -  Total Local Usage
	148356  -  Run Bytes Sent By Job
	224545  -  Run Bytes Received By Job
	148356  -  Total Bytes Sent By Job
	224545  -  Total Bytes Received By Job
	Partitionable Resources :    Usage  Request Allocated 
	   Cpus                 :        0        1         1 
	   Disk (KB)            :      914      225   1636817 
	   Memory (MB)          :      149     2048      2048 

	Job terminated of its own accord at 2023-06-27T18:32:26Z with exit-code 0.
...
