000 (2169568.223.000) 2023-06-27 13:09:11 Job submitted from host: <131.225.189.251:9618?addrs=131.225.189.251-9618+[2620-6a-0-8421--e8]-9618&alias=lpcschedd4.fnal.gov&noUDP&sock=schedd_2018_c235>
...
040 (2169568.223.000) 2023-06-27 13:29:24 Started transferring input files
	Transferring to host: <131.225.189.131:9618?addrs=[2620-6a-0-8421-f0-0-189-131]-9618+131.225.189.131-9618&alias=cmswn2103.fnal.gov&noUDP&sock=slot1_31_2109_bb2f_32650>
...
040 (2169568.223.000) 2023-06-27 13:29:24 Finished transferring input files
...
001 (2169568.223.000) 2023-06-27 13:29:24 Job executing on host: <131.225.189.131:9618?addrs=[2620-6a-0-8421-f0-0-189-131]-9618+131.225.189.131-9618&alias=cmswn2103.fnal.gov&noUDP&sock=startd_2019_71cd>
...
006 (2169568.223.000) 2023-06-27 13:29:33 Image size of job updated: 8
	8  -  MemoryUsage of job (MB)
	8484  -  ResidentSetSize of job (KB)
...
006 (2169568.223.000) 2023-06-27 13:30:34 Image size of job updated: 141
	141  -  MemoryUsage of job (MB)
	145164  -  ResidentSetSize of job (KB)
...
006 (2169568.223.000) 2023-06-27 13:31:34 Image size of job updated: 141
	141  -  MemoryUsage of job (MB)
	145192  -  ResidentSetSize of job (KB)
...
006 (2169568.223.000) 2023-06-27 13:32:35 Image size of job updated: 141
	141  -  MemoryUsage of job (MB)
	145216  -  ResidentSetSize of job (KB)
...
006 (2169568.223.000) 2023-06-27 13:33:36 Image size of job updated: 141
	141  -  MemoryUsage of job (MB)
	145224  -  ResidentSetSize of job (KB)
...
040 (2169568.223.000) 2023-06-27 13:33:42 Started transferring output files
...
040 (2169568.223.000) 2023-06-27 13:33:42 Finished transferring output files
...
005 (2169568.223.000) 2023-06-27 13:33:43 Job terminated.
	(1) Normal termination (return value 0)
		Usr 0 00:03:49, Sys 0 00:00:10  -  Run Remote Usage
		Usr 0 00:00:00, Sys 0 00:00:00  -  Run Local Usage
		Usr 0 00:03:49, Sys 0 00:00:10  -  Total Remote Usage
		Usr 0 00:00:00, Sys 0 00:00:00  -  Total Local Usage
	145689  -  Run Bytes Sent By Job
	224545  -  Run Bytes Received By Job
	145689  -  Total Bytes Sent By Job
	224545  -  Total Bytes Received By Job
	Partitionable Resources :    Usage  Request Allocated 
	   Cpus                 :        0        1         1 
	   Disk (KB)            :      910      225   3450022 
	   Memory (MB)          :      141     2048      2048 

	Job terminated of its own accord at 2023-06-27T18:33:42Z with exit-code 0.
...
