000 (2169568.331.000) 2023-06-27 13:09:12 Job submitted from host: <131.225.189.251:9618?addrs=131.225.189.251-9618+[2620-6a-0-8421--e8]-9618&alias=lpcschedd4.fnal.gov&noUDP&sock=schedd_2018_c235>
...
040 (2169568.331.000) 2023-06-27 13:29:46 Started transferring input files
	Transferring to host: <131.225.188.137:9618?addrs=[2620-6a-0-8421-f0-0-188-137]-9618+131.225.188.137-9618&alias=cmswn2050.fnal.gov&noUDP&sock=slot1_20_2128_1e50_2017>
...
040 (2169568.331.000) 2023-06-27 13:29:46 Finished transferring input files
...
001 (2169568.331.000) 2023-06-27 13:29:46 Job executing on host: <131.225.188.137:9618?addrs=[2620-6a-0-8421-f0-0-188-137]-9618+131.225.188.137-9618&alias=cmswn2050.fnal.gov&noUDP&sock=startd_1943_509a>
...
006 (2169568.331.000) 2023-06-27 13:29:55 Image size of job updated: 10
	10  -  MemoryUsage of job (MB)
	11236  -  ResidentSetSize of job (KB)
...
006 (2169568.331.000) 2023-06-27 13:30:33 Image size of job updated: 134
	134  -  MemoryUsage of job (MB)
	137936  -  ResidentSetSize of job (KB)
...
040 (2169568.331.000) 2023-06-27 13:30:33 Started transferring output files
...
040 (2169568.331.000) 2023-06-27 13:30:33 Finished transferring output files
...
005 (2169568.331.000) 2023-06-27 13:30:35 Job terminated.
	(1) Normal termination (return value 0)
		Usr 0 00:00:01, Sys 0 00:00:00  -  Run Remote Usage
		Usr 0 00:00:00, Sys 0 00:00:00  -  Run Local Usage
		Usr 0 00:00:01, Sys 0 00:00:00  -  Total Remote Usage
		Usr 0 00:00:00, Sys 0 00:00:00  -  Total Local Usage
	113918  -  Run Bytes Sent By Job
	224545  -  Run Bytes Received By Job
	113918  -  Total Bytes Sent By Job
	224545  -  Total Bytes Received By Job
	Partitionable Resources :    Usage  Request Allocated 
	   Cpus                 :        0        1         1 
	   Disk (KB)            :      880      225   1634154 
	   Memory (MB)          :      134     2048      2048 

	Job terminated of its own accord at 2023-06-27T18:30:33Z with exit-code 0.
...
