000 (2169568.305.000) 2023-06-27 13:09:12 Job submitted from host: <131.225.189.251:9618?addrs=131.225.189.251-9618+[2620-6a-0-8421--e8]-9618&alias=lpcschedd4.fnal.gov&noUDP&sock=schedd_2018_c235>
...
040 (2169568.305.000) 2023-06-27 13:29:42 Started transferring input files
	Transferring to host: <131.225.188.137:9618?addrs=[2620-6a-0-8421-f0-0-188-137]-9618+131.225.188.137-9618&alias=cmswn2050.fnal.gov&noUDP&sock=slot1_18_2128_1e50_2016>
...
040 (2169568.305.000) 2023-06-27 13:29:42 Finished transferring input files
...
001 (2169568.305.000) 2023-06-27 13:29:42 Job executing on host: <131.225.188.137:9618?addrs=[2620-6a-0-8421-f0-0-188-137]-9618+131.225.188.137-9618&alias=cmswn2050.fnal.gov&noUDP&sock=startd_1943_509a>
...
006 (2169568.305.000) 2023-06-27 13:29:51 Image size of job updated: 23
	23  -  MemoryUsage of job (MB)
	24208  -  ResidentSetSize of job (KB)
...
006 (2169568.305.000) 2023-06-27 13:30:51 Image size of job updated: 148
	148  -  MemoryUsage of job (MB)
	152412  -  ResidentSetSize of job (KB)
...
006 (2169568.305.000) 2023-06-27 13:31:52 Image size of job updated: 148
	148  -  MemoryUsage of job (MB)
	152508  -  ResidentSetSize of job (KB)
...
006 (2169568.305.000) 2023-06-27 13:32:52 Image size of job updated: 148
	148  -  MemoryUsage of job (MB)
	152516  -  ResidentSetSize of job (KB)
...
006 (2169568.305.000) 2023-06-27 13:33:16 Image size of job updated: 148
	148  -  MemoryUsage of job (MB)
	152524  -  ResidentSetSize of job (KB)
...
040 (2169568.305.000) 2023-06-27 13:33:16 Started transferring output files
...
040 (2169568.305.000) 2023-06-27 13:33:16 Finished transferring output files
...
005 (2169568.305.000) 2023-06-27 13:33:17 Job terminated.
	(1) Normal termination (return value 0)
		Usr 0 00:03:03, Sys 0 00:00:08  -  Run Remote Usage
		Usr 0 00:00:00, Sys 0 00:00:00  -  Run Local Usage
		Usr 0 00:03:03, Sys 0 00:00:08  -  Total Remote Usage
		Usr 0 00:00:00, Sys 0 00:00:00  -  Total Local Usage
	139941  -  Run Bytes Sent By Job
	224545  -  Run Bytes Received By Job
	139941  -  Total Bytes Sent By Job
	224545  -  Total Bytes Received By Job
	Partitionable Resources :    Usage  Request Allocated 
	   Cpus                 :        0        1         1 
	   Disk (KB)            :      906      225   1634154 
	   Memory (MB)          :      148     2048      2048 

	Job terminated of its own accord at 2023-06-27T18:33:16Z with exit-code 0.
...
