000 (2169568.009.000) 2023-06-27 13:09:10 Job submitted from host: <131.225.189.251:9618?addrs=131.225.189.251-9618+[2620-6a-0-8421--e8]-9618&alias=lpcschedd4.fnal.gov&noUDP&sock=schedd_2018_c235>
...
040 (2169568.009.000) 2023-06-27 13:10:49 Started transferring input files
	Transferring to host: <131.225.188.76:9618?addrs=[2620-6a-0-8421-f0-0-188-76]-9618+131.225.188.76-9618&alias=cmswn2039.fnal.gov&noUDP&sock=slot1_15_2124_4ccf_59469>
...
040 (2169568.009.000) 2023-06-27 13:10:49 Finished transferring input files
...
001 (2169568.009.000) 2023-06-27 13:10:49 Job executing on host: <131.225.188.76:9618?addrs=[2620-6a-0-8421-f0-0-188-76]-9618+131.225.188.76-9618&alias=cmswn2039.fnal.gov&noUDP&sock=startd_2006_8712>
...
006 (2169568.009.000) 2023-06-27 13:10:58 Image size of job updated: 8
	8  -  MemoryUsage of job (MB)
	8480  -  ResidentSetSize of job (KB)
...
006 (2169568.009.000) 2023-06-27 13:11:58 Image size of job updated: 166
	166  -  MemoryUsage of job (MB)
	170640  -  ResidentSetSize of job (KB)
...
006 (2169568.009.000) 2023-06-27 13:12:58 Image size of job updated: 166
	166  -  MemoryUsage of job (MB)
	170748  -  ResidentSetSize of job (KB)
...
006 (2169568.009.000) 2023-06-27 13:16:00 Image size of job updated: 166
	166  -  MemoryUsage of job (MB)
	170756  -  ResidentSetSize of job (KB)
...
006 (2169568.009.000) 2023-06-27 13:20:03 Image size of job updated: 166
	166  -  MemoryUsage of job (MB)
	170880  -  ResidentSetSize of job (KB)
...
040 (2169568.009.000) 2023-06-27 13:24:54 Started transferring output files
...
040 (2169568.009.000) 2023-06-27 13:24:54 Finished transferring output files
...
005 (2169568.009.000) 2023-06-27 13:24:54 Job terminated.
	(1) Normal termination (return value 0)
		Usr 0 00:10:57, Sys 0 00:00:27  -  Run Remote Usage
		Usr 0 00:00:00, Sys 0 00:00:00  -  Run Local Usage
		Usr 0 00:10:57, Sys 0 00:00:27  -  Total Remote Usage
		Usr 0 00:00:00, Sys 0 00:00:00  -  Total Local Usage
	161838  -  Run Bytes Sent By Job
	224544  -  Run Bytes Received By Job
	161838  -  Total Bytes Sent By Job
	224544  -  Total Bytes Received By Job
	Partitionable Resources :    Usage  Request Allocated 
	   Cpus                 :     0.00        1         1 
	   Disk (KB)            :   925         225   1642076 
	   Memory (MB)          :   166        2048      2048 

	Job terminated of its own accord at 2023-06-27T18:24:53Z with exit-code 0.
...
