000 (2169568.074.000) 2023-06-27 13:09:10 Job submitted from host: <131.225.189.251:9618?addrs=131.225.189.251-9618+[2620-6a-0-8421--e8]-9618&alias=lpcschedd4.fnal.gov&noUDP&sock=schedd_2018_c235>
...
040 (2169568.074.000) 2023-06-27 13:22:24 Started transferring input files
	Transferring to host: <131.225.189.172:9618?addrs=[2620-6a-0-8421-f0-0-189-172]-9618+131.225.189.172-9618&alias=cmswn2122.fnal.gov&noUDP&sock=slot1_26_2081_00ae_13257>
...
040 (2169568.074.000) 2023-06-27 13:22:24 Finished transferring input files
...
001 (2169568.074.000) 2023-06-27 13:22:24 Job executing on host: <131.225.189.172:9618?addrs=[2620-6a-0-8421-f0-0-189-172]-9618+131.225.189.172-9618&alias=cmswn2122.fnal.gov&noUDP&sock=startd_1910_adfa>
...
006 (2169568.074.000) 2023-06-27 13:22:33 Image size of job updated: 33
	33  -  MemoryUsage of job (MB)
	34132  -  ResidentSetSize of job (KB)
...
006 (2169568.074.000) 2023-06-27 13:23:33 Image size of job updated: 146
	146  -  MemoryUsage of job (MB)
	149624  -  ResidentSetSize of job (KB)
...
006 (2169568.074.000) 2023-06-27 13:24:34 Image size of job updated: 146
	146  -  MemoryUsage of job (MB)
	149632  -  ResidentSetSize of job (KB)
...
006 (2169568.074.000) 2023-06-27 13:26:34 Image size of job updated: 146
	146  -  MemoryUsage of job (MB)
	149668  -  ResidentSetSize of job (KB)
...
006 (2169568.074.000) 2023-06-27 13:28:53 Image size of job updated: 146
	146  -  MemoryUsage of job (MB)
	149708  -  ResidentSetSize of job (KB)
...
040 (2169568.074.000) 2023-06-27 13:28:53 Started transferring output files
...
040 (2169568.074.000) 2023-06-27 13:28:53 Finished transferring output files
...
005 (2169568.074.000) 2023-06-27 13:28:56 Job terminated.
	(1) Normal termination (return value 0)
		Usr 0 00:05:29, Sys 0 00:00:14  -  Run Remote Usage
		Usr 0 00:00:00, Sys 0 00:00:00  -  Run Local Usage
		Usr 0 00:05:29, Sys 0 00:00:14  -  Total Remote Usage
		Usr 0 00:00:00, Sys 0 00:00:00  -  Total Local Usage
	151106  -  Run Bytes Sent By Job
	224544  -  Run Bytes Received By Job
	151106  -  Total Bytes Sent By Job
	224544  -  Total Bytes Received By Job
	Partitionable Resources :    Usage  Request Allocated 
	   Cpus                 :     0.00        1         1 
	   Disk (KB)            :   916         225   3469276 
	   Memory (MB)          :   146        2048      2048 

	Job terminated of its own accord at 2023-06-27T18:28:53Z with exit-code 0.
...
