000 (2169568.250.000) 2023-06-27 13:09:12 Job submitted from host: <131.225.189.251:9618?addrs=131.225.189.251-9618+[2620-6a-0-8421--e8]-9618&alias=lpcschedd4.fnal.gov&noUDP&sock=schedd_2018_c235>
...
040 (2169568.250.000) 2023-06-27 13:29:30 Started transferring input files
	Transferring to host: <131.225.188.22:9618?addrs=[2620-6a-0-8421-f0-0-188-22]-9618+131.225.188.22-9618&alias=cmswn2024.fnal.gov&noUDP&sock=slot1_5_2152_0751_60428>
...
040 (2169568.250.000) 2023-06-27 13:29:30 Finished transferring input files
...
001 (2169568.250.000) 2023-06-27 13:29:30 Job executing on host: <131.225.188.22:9618?addrs=[2620-6a-0-8421-f0-0-188-22]-9618+131.225.188.22-9618&alias=cmswn2024.fnal.gov&noUDP&sock=startd_1924_484e>
...
006 (2169568.250.000) 2023-06-27 13:29:40 Image size of job updated: 9
	9  -  MemoryUsage of job (MB)
	10140  -  ResidentSetSize of job (KB)
...
006 (2169568.250.000) 2023-06-27 13:30:40 Image size of job updated: 172
	172  -  MemoryUsage of job (MB)
	176860  -  ResidentSetSize of job (KB)
...
006 (2169568.250.000) 2023-06-27 13:31:41 Image size of job updated: 172
	172  -  MemoryUsage of job (MB)
	177012  -  ResidentSetSize of job (KB)
...
006 (2169568.250.000) 2023-06-27 13:32:41 Image size of job updated: 172
	172  -  MemoryUsage of job (MB)
	177016  -  ResidentSetSize of job (KB)
...
006 (2169568.250.000) 2023-06-27 13:33:41 Image size of job updated: 172
	172  -  MemoryUsage of job (MB)
	177028  -  ResidentSetSize of job (KB)
...
040 (2169568.250.000) 2023-06-27 13:36:48 Started transferring output files
...
040 (2169568.250.000) 2023-06-27 13:36:48 Finished transferring output files
...
005 (2169568.250.000) 2023-06-27 13:36:49 Job terminated.
	(1) Normal termination (return value 0)
		Usr 0 00:06:33, Sys 0 00:00:18  -  Run Remote Usage
		Usr 0 00:00:00, Sys 0 00:00:00  -  Run Local Usage
		Usr 0 00:06:33, Sys 0 00:00:18  -  Total Remote Usage
		Usr 0 00:00:00, Sys 0 00:00:00  -  Total Local Usage
	153592  -  Run Bytes Sent By Job
	224545  -  Run Bytes Received By Job
	153592  -  Total Bytes Sent By Job
	224545  -  Total Bytes Received By Job
	Partitionable Resources :    Usage  Request Allocated 
	   Cpus                 :     0.00        1         1 
	   Disk (KB)            :   918         225   1629912 
	   Memory (MB)          :   172        2048      2048 

	Job terminated of its own accord at 2023-06-27T18:36:48Z with exit-code 0.
...
