000 (2169568.449.000) 2023-06-27 13:09:13 Job submitted from host: <131.225.189.251:9618?addrs=131.225.189.251-9618+[2620-6a-0-8421--e8]-9618&alias=lpcschedd4.fnal.gov&noUDP&sock=schedd_2018_c235>
...
040 (2169568.449.000) 2023-06-27 13:30:12 Started transferring input files
	Transferring to host: <131.225.188.105:9618?addrs=[2620-6a-0-8421-f0-0-188-105]-9618+131.225.188.105-9618&alias=cmswn2046.fnal.gov&noUDP&sock=slot1_53_2112_d84f_41459>
...
040 (2169568.449.000) 2023-06-27 13:30:12 Finished transferring input files
...
001 (2169568.449.000) 2023-06-27 13:30:12 Job executing on host: <131.225.188.105:9618?addrs=[2620-6a-0-8421-f0-0-188-105]-9618+131.225.188.105-9618&alias=cmswn2046.fnal.gov&noUDP&sock=startd_2017_129d>
...
006 (2169568.449.000) 2023-06-27 13:30:21 Image size of job updated: 12
	12  -  MemoryUsage of job (MB)
	12824  -  ResidentSetSize of job (KB)
...
006 (2169568.449.000) 2023-06-27 13:31:22 Image size of job updated: 157
	157  -  MemoryUsage of job (MB)
	161756  -  ResidentSetSize of job (KB)
...
006 (2169568.449.000) 2023-06-27 13:32:22 Image size of job updated: 157
	157  -  MemoryUsage of job (MB)
	161776  -  ResidentSetSize of job (KB)
...
006 (2169568.449.000) 2023-06-27 13:34:23 Image size of job updated: 157
	157  -  MemoryUsage of job (MB)
	161788  -  ResidentSetSize of job (KB)
...
006 (2169568.449.000) 2023-06-27 13:36:24 Image size of job updated: 158
	158  -  MemoryUsage of job (MB)
	161792  -  ResidentSetSize of job (KB)
...
006 (2169568.449.000) 2023-06-27 13:37:24 Image size of job updated: 158
	158  -  MemoryUsage of job (MB)
	161808  -  ResidentSetSize of job (KB)
...
006 (2169568.449.000) 2023-06-27 13:39:25 Image size of job updated: 158
	158  -  MemoryUsage of job (MB)
	161832  -  ResidentSetSize of job (KB)
...
006 (2169568.449.000) 2023-06-27 13:40:25 Image size of job updated: 158
	158  -  MemoryUsage of job (MB)
	161932  -  ResidentSetSize of job (KB)
...
006 (2169568.449.000) 2023-06-27 13:41:25 Image size of job updated: 158
	158  -  MemoryUsage of job (MB)
	162000  -  ResidentSetSize of job (KB)
...
040 (2169568.449.000) 2023-06-27 13:42:18 Started transferring output files
...
040 (2169568.449.000) 2023-06-27 13:42:18 Finished transferring output files
...
005 (2169568.449.000) 2023-06-27 13:42:20 Job terminated.
	(1) Normal termination (return value 0)
		Usr 0 00:09:42, Sys 0 00:00:24  -  Run Remote Usage
		Usr 0 00:00:00, Sys 0 00:00:00  -  Run Local Usage
		Usr 0 00:09:42, Sys 0 00:00:24  -  Total Remote Usage
		Usr 0 00:00:00, Sys 0 00:00:00  -  Total Local Usage
	161716  -  Run Bytes Sent By Job
	224545  -  Run Bytes Received By Job
	161716  -  Total Bytes Sent By Job
	224545  -  Total Bytes Received By Job
	Partitionable Resources :    Usage  Request Allocated 
	   Cpus                 :        0        1         1 
	   Disk (KB)            :      927      225   1647894 
	   Memory (MB)          :      158     2048      2048 

	Job terminated of its own accord at 2023-06-27T18:42:18Z with exit-code 0.
...
