000 (2169568.346.000) 2023-06-27 13:09:12 Job submitted from host: <131.225.189.251:9618?addrs=131.225.189.251-9618+[2620-6a-0-8421--e8]-9618&alias=lpcschedd4.fnal.gov&noUDP&sock=schedd_2018_c235>
...
040 (2169568.346.000) 2023-06-27 13:29:51 Started transferring input files
	Transferring to host: <131.225.189.87:9618?addrs=[2620-6a-0-8421-f0-0-189-87]-9618+131.225.189.87-9618&alias=cmswn2101.fnal.gov&noUDP&sock=slot1_42_2108_06cf_35032>
...
040 (2169568.346.000) 2023-06-27 13:29:51 Finished transferring input files
...
001 (2169568.346.000) 2023-06-27 13:29:51 Job executing on host: <131.225.189.87:9618?addrs=[2620-6a-0-8421-f0-0-189-87]-9618+131.225.189.87-9618&alias=cmswn2101.fnal.gov&noUDP&sock=startd_2019_71cd>
...
006 (2169568.346.000) 2023-06-27 13:30:00 Image size of job updated: 5
	5  -  MemoryUsage of job (MB)
	5420  -  ResidentSetSize of job (KB)
...
006 (2169568.346.000) 2023-06-27 13:31:01 Image size of job updated: 156
	156  -  MemoryUsage of job (MB)
	159988  -  ResidentSetSize of job (KB)
...
006 (2169568.346.000) 2023-06-27 13:32:01 Image size of job updated: 156
	156  -  MemoryUsage of job (MB)
	160020  -  ResidentSetSize of job (KB)
...
006 (2169568.346.000) 2023-06-27 13:33:02 Image size of job updated: 156
	156  -  MemoryUsage of job (MB)
	160024  -  ResidentSetSize of job (KB)
...
006 (2169568.346.000) 2023-06-27 13:36:04 Image size of job updated: 156
	156  -  MemoryUsage of job (MB)
	160028  -  ResidentSetSize of job (KB)
...
006 (2169568.346.000) 2023-06-27 13:37:04 Image size of job updated: 156
	156  -  MemoryUsage of job (MB)
	160088  -  ResidentSetSize of job (KB)
...
006 (2169568.346.000) 2023-06-27 13:38:04 Image size of job updated: 156
	156  -  MemoryUsage of job (MB)
	160148  -  ResidentSetSize of job (KB)
...
006 (2169568.346.000) 2023-06-27 13:39:05 Image size of job updated: 156
	156  -  MemoryUsage of job (MB)
	160160  -  ResidentSetSize of job (KB)
...
006 (2169568.346.000) 2023-06-27 13:40:05 Image size of job updated: 156
	156  -  MemoryUsage of job (MB)
	160164  -  ResidentSetSize of job (KB)
...
040 (2169568.346.000) 2023-06-27 13:40:33 Started transferring output files
...
040 (2169568.346.000) 2023-06-27 13:40:33 Finished transferring output files
...
005 (2169568.346.000) 2023-06-27 13:40:36 Job terminated.
	(1) Normal termination (return value 0)
		Usr 0 00:08:58, Sys 0 00:00:21  -  Run Remote Usage
		Usr 0 00:00:00, Sys 0 00:00:00  -  Run Local Usage
		Usr 0 00:08:58, Sys 0 00:00:21  -  Total Remote Usage
		Usr 0 00:00:00, Sys 0 00:00:00  -  Total Local Usage
	159042  -  Run Bytes Sent By Job
	224545  -  Run Bytes Received By Job
	159042  -  Total Bytes Sent By Job
	224545  -  Total Bytes Received By Job
	Partitionable Resources :    Usage  Request Allocated 
	   Cpus                 :        0        1         1 
	   Disk (KB)            :      922      225   3476116 
	   Memory (MB)          :      156     2048      2048 

	Job terminated of its own accord at 2023-06-27T18:40:32Z with exit-code 0.
...
