000 (2169568.457.000) 2023-06-27 13:09:13 Job submitted from host: <131.225.189.251:9618?addrs=131.225.189.251-9618+[2620-6a-0-8421--e8]-9618&alias=lpcschedd4.fnal.gov&noUDP&sock=schedd_2018_c235>
...
040 (2169568.457.000) 2023-06-27 13:30:15 Started transferring input files
	Transferring to host: <131.225.188.76:9618?addrs=[2620-6a-0-8421-f0-0-188-76]-9618+131.225.188.76-9618&alias=cmswn2039.fnal.gov&noUDP&sock=slot1_60_2124_4ccf_59492>
...
001 (2169568.457.000) 2023-06-27 13:30:15 Job executing on host: <131.225.188.76:9618?addrs=[2620-6a-0-8421-f0-0-188-76]-9618+131.225.188.76-9618&alias=cmswn2039.fnal.gov&noUDP&sock=startd_2006_8712>
...
040 (2169568.457.000) 2023-06-27 13:30:15 Finished transferring input files
...
006 (2169568.457.000) 2023-06-27 13:31:25 Image size of job updated: 150
	150  -  MemoryUsage of job (MB)
	154564  -  ResidentSetSize of job (KB)
...
006 (2169568.457.000) 2023-06-27 13:32:27 Image size of job updated: 151
	151  -  MemoryUsage of job (MB)
	154708  -  ResidentSetSize of job (KB)
...
006 (2169568.457.000) 2023-06-27 13:34:30 Image size of job updated: 151
	151  -  MemoryUsage of job (MB)
	154712  -  ResidentSetSize of job (KB)
...
006 (2169568.457.000) 2023-06-27 13:35:31 Image size of job updated: 151
	151  -  MemoryUsage of job (MB)
	154716  -  ResidentSetSize of job (KB)
...
006 (2169568.457.000) 2023-06-27 13:36:32 Image size of job updated: 151
	151  -  MemoryUsage of job (MB)
	154720  -  ResidentSetSize of job (KB)
...
006 (2169568.457.000) 2023-06-27 13:37:34 Image size of job updated: 151
	151  -  MemoryUsage of job (MB)
	154728  -  ResidentSetSize of job (KB)
...
040 (2169568.457.000) 2023-06-27 13:40:35 Started transferring output files
...
040 (2169568.457.000) 2023-06-27 13:40:35 Finished transferring output files
...
005 (2169568.457.000) 2023-06-27 13:40:36 Job terminated.
	(1) Normal termination (return value 0)
		Usr 0 00:08:31, Sys 0 00:00:20  -  Run Remote Usage
		Usr 0 00:00:00, Sys 0 00:00:00  -  Run Local Usage
		Usr 0 00:08:31, Sys 0 00:00:20  -  Total Remote Usage
		Usr 0 00:00:00, Sys 0 00:00:00  -  Total Local Usage
	156220  -  Run Bytes Sent By Job
	224545  -  Run Bytes Received By Job
	156220  -  Total Bytes Sent By Job
	224545  -  Total Bytes Received By Job
	Partitionable Resources :    Usage  Request Allocated 
	   Cpus                 :        0        1         1 
	   Disk (KB)            :      922      225   1642076 
	   Memory (MB)          :      151     2048      2048 

	Job terminated of its own accord at 2023-06-27T18:40:34Z with exit-code 0.
...
