000 (2169568.262.000) 2023-06-27 13:09:12 Job submitted from host: <131.225.189.251:9618?addrs=131.225.189.251-9618+[2620-6a-0-8421--e8]-9618&alias=lpcschedd4.fnal.gov&noUDP&sock=schedd_2018_c235>
...
040 (2169568.262.000) 2023-06-27 13:29:38 Started transferring input files
	Transferring to host: <131.225.188.76:9618?addrs=[2620-6a-0-8421-f0-0-188-76]-9618+131.225.188.76-9618&alias=cmswn2039.fnal.gov&noUDP&sock=slot1_7_2124_4ccf_59480>
...
001 (2169568.262.000) 2023-06-27 13:29:38 Job executing on host: <131.225.188.76:9618?addrs=[2620-6a-0-8421-f0-0-188-76]-9618+131.225.188.76-9618&alias=cmswn2039.fnal.gov&noUDP&sock=startd_2006_8712>
...
040 (2169568.262.000) 2023-06-27 13:29:38 Finished transferring input files
...
006 (2169568.262.000) 2023-06-27 13:29:47 Image size of job updated: 8
	8  -  MemoryUsage of job (MB)
	8484  -  ResidentSetSize of job (KB)
...
006 (2169568.262.000) 2023-06-27 13:30:49 Image size of job updated: 149
	149  -  MemoryUsage of job (MB)
	153136  -  ResidentSetSize of job (KB)
...
006 (2169568.262.000) 2023-06-27 13:31:49 Image size of job updated: 149
	149  -  MemoryUsage of job (MB)
	153196  -  ResidentSetSize of job (KB)
...
006 (2169568.262.000) 2023-06-27 13:32:49 Image size of job updated: 149
	149  -  MemoryUsage of job (MB)
	153276  -  ResidentSetSize of job (KB)
...
006 (2169568.262.000) 2023-06-27 13:33:50 Image size of job updated: 149
	149  -  MemoryUsage of job (MB)
	153284  -  ResidentSetSize of job (KB)
...
006 (2169568.262.000) 2023-06-27 13:36:54 Image size of job updated: 149
	149  -  MemoryUsage of job (MB)
	153288  -  ResidentSetSize of job (KB)
...
006 (2169568.262.000) 2023-06-27 13:37:55 Image size of job updated: 149
	149  -  MemoryUsage of job (MB)
	153292  -  ResidentSetSize of job (KB)
...
040 (2169568.262.000) 2023-06-27 13:37:57 Started transferring output files
...
040 (2169568.262.000) 2023-06-27 13:37:57 Finished transferring output files
...
005 (2169568.262.000) 2023-06-27 13:37:59 Job terminated.
	(1) Normal termination (return value 0)
		Usr 0 00:07:32, Sys 0 00:00:20  -  Run Remote Usage
		Usr 0 00:00:00, Sys 0 00:00:00  -  Run Local Usage
		Usr 0 00:07:32, Sys 0 00:00:20  -  Total Remote Usage
		Usr 0 00:00:00, Sys 0 00:00:00  -  Total Local Usage
	154135  -  Run Bytes Sent By Job
	224545  -  Run Bytes Received By Job
	154135  -  Total Bytes Sent By Job
	224545  -  Total Bytes Received By Job
	Partitionable Resources :    Usage  Request Allocated 
	   Cpus                 :        0        1         1 
	   Disk (KB)            :      919      225   1642076 
	   Memory (MB)          :      149     2048      2048 

	Job terminated of its own accord at 2023-06-27T18:37:57Z with exit-code 0.
...
