000 (2169568.477.000) 2023-06-27 13:09:13 Job submitted from host: <131.225.189.251:9618?addrs=131.225.189.251-9618+[2620-6a-0-8421--e8]-9618&alias=lpcschedd4.fnal.gov&noUDP&sock=schedd_2018_c235>
...
040 (2169568.477.000) 2023-06-27 13:30:20 Started transferring input files
	Transferring to host: <131.225.188.219:9618?addrs=[2620-6a-0-8421-f0-0-188-219]-9618+131.225.188.219-9618&alias=cmswn2070.fnal.gov&noUDP&sock=slot1_55_2110_6f8f_44894>
...
040 (2169568.477.000) 2023-06-27 13:30:20 Finished transferring input files
...
001 (2169568.477.000) 2023-06-27 13:30:21 Job executing on host: <131.225.188.219:9618?addrs=[2620-6a-0-8421-f0-0-188-219]-9618+131.225.188.219-9618&alias=cmswn2070.fnal.gov&noUDP&sock=startd_2019_71cd>
...
006 (2169568.477.000) 2023-06-27 13:31:30 Image size of job updated: 135
	135  -  MemoryUsage of job (MB)
	138388  -  ResidentSetSize of job (KB)
...
006 (2169568.477.000) 2023-06-27 13:32:31 Image size of job updated: 135
	135  -  MemoryUsage of job (MB)
	138396  -  ResidentSetSize of job (KB)
...
006 (2169568.477.000) 2023-06-27 13:33:32 Image size of job updated: 136
	136  -  MemoryUsage of job (MB)
	139884  -  ResidentSetSize of job (KB)
...
006 (2169568.477.000) 2023-06-27 13:34:32 Image size of job updated: 137
	137  -  MemoryUsage of job (MB)
	141056  -  ResidentSetSize of job (KB)
...
040 (2169568.477.000) 2023-06-27 13:36:32 Started transferring output files
...
040 (2169568.477.000) 2023-06-27 13:36:32 Finished transferring output files
...
005 (2169568.477.000) 2023-06-27 13:36:33 Job terminated.
	(1) Normal termination (return value 0)
		Usr 0 00:05:20, Sys 0 00:00:14  -  Run Remote Usage
		Usr 0 00:00:00, Sys 0 00:00:00  -  Run Local Usage
		Usr 0 00:05:20, Sys 0 00:00:14  -  Total Remote Usage
		Usr 0 00:00:00, Sys 0 00:00:00  -  Total Local Usage
	90571  -  Run Bytes Sent By Job
	224545  -  Run Bytes Received By Job
	90571  -  Total Bytes Sent By Job
	224545  -  Total Bytes Received By Job
	Partitionable Resources :    Usage  Request Allocated 
	   Cpus                 :     0.00        1         1 
	   Disk (KB)            :   858         225   1646883 
	   Memory (MB)          :   137        2048      2048 

	Job terminated of its own accord at 2023-06-27T18:36:32Z with exit-code 0.
...
