000 (2169568.237.000) 2023-06-27 13:09:12 Job submitted from host: <131.225.189.251:9618?addrs=131.225.189.251-9618+[2620-6a-0-8421--e8]-9618&alias=lpcschedd4.fnal.gov&noUDP&sock=schedd_2018_c235>
...
040 (2169568.237.000) 2023-06-27 13:29:27 Started transferring input files
	Transferring to host: <131.225.189.87:9618?addrs=[2620-6a-0-8421-f0-0-189-87]-9618+131.225.189.87-9618&alias=cmswn2101.fnal.gov&noUDP&sock=slot1_5_2108_06cf_35028>
...
040 (2169568.237.000) 2023-06-27 13:29:27 Finished transferring input files
...
001 (2169568.237.000) 2023-06-27 13:29:27 Job executing on host: <131.225.189.87:9618?addrs=[2620-6a-0-8421-f0-0-189-87]-9618+131.225.189.87-9618&alias=cmswn2101.fnal.gov&noUDP&sock=startd_2019_71cd>
...
006 (2169568.237.000) 2023-06-27 13:29:36 Image size of job updated: 12
	12  -  MemoryUsage of job (MB)
	12448  -  ResidentSetSize of job (KB)
...
006 (2169568.237.000) 2023-06-27 13:30:36 Image size of job updated: 148
	148  -  MemoryUsage of job (MB)
	151660  -  ResidentSetSize of job (KB)
...
006 (2169568.237.000) 2023-06-27 13:31:36 Image size of job updated: 148
	148  -  MemoryUsage of job (MB)
	151668  -  ResidentSetSize of job (KB)
...
006 (2169568.237.000) 2023-06-27 13:32:38 Image size of job updated: 148
	148  -  MemoryUsage of job (MB)
	151676  -  ResidentSetSize of job (KB)
...
006 (2169568.237.000) 2023-06-27 13:33:38 Image size of job updated: 148
	148  -  MemoryUsage of job (MB)
	151696  -  ResidentSetSize of job (KB)
...
006 (2169568.237.000) 2023-06-27 13:35:40 Image size of job updated: 148
	148  -  MemoryUsage of job (MB)
	151700  -  ResidentSetSize of job (KB)
...
006 (2169568.237.000) 2023-06-27 13:36:13 Image size of job updated: 148
	148  -  MemoryUsage of job (MB)
	151704  -  ResidentSetSize of job (KB)
...
040 (2169568.237.000) 2023-06-27 13:36:13 Started transferring output files
...
040 (2169568.237.000) 2023-06-27 13:36:13 Finished transferring output files
...
005 (2169568.237.000) 2023-06-27 13:36:14 Job terminated.
	(1) Normal termination (return value 0)
		Usr 0 00:05:27, Sys 0 00:00:14  -  Run Remote Usage
		Usr 0 00:00:00, Sys 0 00:00:00  -  Run Local Usage
		Usr 0 00:05:27, Sys 0 00:00:14  -  Total Remote Usage
		Usr 0 00:00:00, Sys 0 00:00:00  -  Total Local Usage
	151189  -  Run Bytes Sent By Job
	224545  -  Run Bytes Received By Job
	151189  -  Total Bytes Sent By Job
	224545  -  Total Bytes Received By Job
	Partitionable Resources :    Usage  Request Allocated 
	   Cpus                 :     0.00        1         1 
	   Disk (KB)            :   914         225   3476116 
	   Memory (MB)          :   148        2048      2048 

	Job terminated of its own accord at 2023-06-27T18:36:13Z with exit-code 0.
...
