000 (2169568.427.000) 2023-06-27 13:09:13 Job submitted from host: <131.225.189.251:9618?addrs=131.225.189.251-9618+[2620-6a-0-8421--e8]-9618&alias=lpcschedd4.fnal.gov&noUDP&sock=schedd_2018_c235>
...
040 (2169568.427.000) 2023-06-27 13:30:07 Started transferring input files
	Transferring to host: <131.225.189.62:9618?addrs=[2620-6a-0-8421-f0-0-189-62]-9618+131.225.189.62-9618&alias=cmswn2077.fnal.gov&noUDP&sock=slot1_53_2107_526f_47407>
...
040 (2169568.427.000) 2023-06-27 13:30:07 Finished transferring input files
...
001 (2169568.427.000) 2023-06-27 13:30:07 Job executing on host: <131.225.189.62:9618?addrs=[2620-6a-0-8421-f0-0-189-62]-9618+131.225.189.62-9618&alias=cmswn2077.fnal.gov&noUDP&sock=startd_2017_129d>
...
006 (2169568.427.000) 2023-06-27 13:31:20 Image size of job updated: 151
	151  -  MemoryUsage of job (MB)
	155476  -  ResidentSetSize of job (KB)
...
006 (2169568.427.000) 2023-06-27 13:32:22 Image size of job updated: 151
	151  -  MemoryUsage of job (MB)
	155484  -  ResidentSetSize of job (KB)
...
006 (2169568.427.000) 2023-06-27 13:33:24 Image size of job updated: 151
	151  -  MemoryUsage of job (MB)
	155488  -  ResidentSetSize of job (KB)
...
006 (2169568.427.000) 2023-06-27 13:34:24 Image size of job updated: 151
	151  -  MemoryUsage of job (MB)
	155512  -  ResidentSetSize of job (KB)
...
006 (2169568.427.000) 2023-06-27 13:35:25 Image size of job updated: 151
	151  -  MemoryUsage of job (MB)
	155516  -  ResidentSetSize of job (KB)
...
006 (2169568.427.000) 2023-06-27 13:36:25 Image size of job updated: 151
	151  -  MemoryUsage of job (MB)
	155532  -  ResidentSetSize of job (KB)
...
006 (2169568.427.000) 2023-06-27 13:37:26 Image size of job updated: 151
	151  -  MemoryUsage of job (MB)
	155536  -  ResidentSetSize of job (KB)
...
006 (2169568.427.000) 2023-06-27 13:38:27 Image size of job updated: 151
	151  -  MemoryUsage of job (MB)
	155540  -  ResidentSetSize of job (KB)
...
006 (2169568.427.000) 2023-06-27 13:40:28 Image size of job updated: 151
	151  -  MemoryUsage of job (MB)
	155544  -  ResidentSetSize of job (KB)
...
040 (2169568.427.000) 2023-06-27 13:40:35 Started transferring output files
...
040 (2169568.427.000) 2023-06-27 13:40:35 Finished transferring output files
...
005 (2169568.427.000) 2023-06-27 13:40:38 Job terminated.
	(1) Normal termination (return value 0)
		Usr 0 00:08:31, Sys 0 00:00:22  -  Run Remote Usage
		Usr 0 00:00:00, Sys 0 00:00:00  -  Run Local Usage
		Usr 0 00:08:31, Sys 0 00:00:22  -  Total Remote Usage
		Usr 0 00:00:00, Sys 0 00:00:00  -  Total Local Usage
	157593  -  Run Bytes Sent By Job
	224545  -  Run Bytes Received By Job
	157593  -  Total Bytes Sent By Job
	224545  -  Total Bytes Received By Job
	Partitionable Resources :    Usage  Request Allocated 
	   Cpus                 :        0        1         1 
	   Disk (KB)            :      923      225   1621207 
	   Memory (MB)          :      151     2048      2048 

	Job terminated of its own accord at 2023-06-27T18:40:35Z with exit-code 0.
...
