000 (2169568.220.000) 2023-06-27 13:09:11 Job submitted from host: <131.225.189.251:9618?addrs=131.225.189.251-9618+[2620-6a-0-8421--e8]-9618&alias=lpcschedd4.fnal.gov&noUDP&sock=schedd_2018_c235>
...
040 (2169568.220.000) 2023-06-27 13:29:23 Started transferring input files
	Transferring to host: <131.225.188.149:9618?addrs=[2620-6a-0-8421-f0-0-188-149]-9618+131.225.188.149-9618&alias=cmswn2052.fnal.gov&noUDP&sock=slot1_61_2015_7feb_53310>
...
040 (2169568.220.000) 2023-06-27 13:29:23 Finished transferring input files
...
001 (2169568.220.000) 2023-06-27 13:29:23 Job executing on host: <131.225.188.149:9618?addrs=[2620-6a-0-8421-f0-0-188-149]-9618+131.225.188.149-9618&alias=cmswn2052.fnal.gov&noUDP&sock=startd_1925_f7e6>
...
006 (2169568.220.000) 2023-06-27 13:29:32 Image size of job updated: 45
	45  -  MemoryUsage of job (MB)
	46896  -  ResidentSetSize of job (KB)
...
006 (2169568.220.000) 2023-06-27 13:30:32 Image size of job updated: 149
	149  -  MemoryUsage of job (MB)
	153568  -  ResidentSetSize of job (KB)
...
006 (2169568.220.000) 2023-06-27 13:31:33 Image size of job updated: 150
	150  -  MemoryUsage of job (MB)
	153612  -  ResidentSetSize of job (KB)
...
006 (2169568.220.000) 2023-06-27 13:34:36 Image size of job updated: 150
	150  -  MemoryUsage of job (MB)
	153648  -  ResidentSetSize of job (KB)
...
006 (2169568.220.000) 2023-06-27 13:37:38 Image size of job updated: 150
	150  -  MemoryUsage of job (MB)
	153752  -  ResidentSetSize of job (KB)
...
040 (2169568.220.000) 2023-06-27 13:38:09 Started transferring output files
...
040 (2169568.220.000) 2023-06-27 13:38:09 Finished transferring output files
...
005 (2169568.220.000) 2023-06-27 13:38:11 Job terminated.
	(1) Normal termination (return value 0)
		Usr 0 00:06:45, Sys 0 00:00:17  -  Run Remote Usage
		Usr 0 00:00:00, Sys 0 00:00:00  -  Run Local Usage
		Usr 0 00:06:45, Sys 0 00:00:17  -  Total Remote Usage
		Usr 0 00:00:00, Sys 0 00:00:00  -  Total Local Usage
	153774  -  Run Bytes Sent By Job
	224545  -  Run Bytes Received By Job
	153774  -  Total Bytes Sent By Job
	224545  -  Total Bytes Received By Job
	Partitionable Resources :    Usage  Request Allocated 
	   Cpus                 :     0.00        1         1 
	   Disk (KB)            :   919         225   1636817 
	   Memory (MB)          :   150        2048      2048 

	Job terminated of its own accord at 2023-06-27T18:38:09Z with exit-code 0.
...
