000 (2169568.107.000) 2023-06-27 13:09:11 Job submitted from host: <131.225.189.251:9618?addrs=131.225.189.251-9618+[2620-6a-0-8421--e8]-9618&alias=lpcschedd4.fnal.gov&noUDP&sock=schedd_2018_c235>
...
040 (2169568.107.000) 2023-06-27 13:23:55 Started transferring input files
	Transferring to host: <131.225.189.17:9618?addrs=[2620-6a-0-8421-f0-0-189-17]-9618+131.225.189.17-9618&alias=cmswn2081.fnal.gov&noUDP&sock=slot1_14_2107_526f_14741>
...
040 (2169568.107.000) 2023-06-27 13:23:55 Finished transferring input files
...
001 (2169568.107.000) 2023-06-27 13:23:55 Job executing on host: <131.225.189.17:9618?addrs=[2620-6a-0-8421-f0-0-189-17]-9618+131.225.189.17-9618&alias=cmswn2081.fnal.gov&noUDP&sock=startd_1925_f7e6>
...
006 (2169568.107.000) 2023-06-27 13:24:04 Image size of job updated: 18
	18  -  MemoryUsage of job (MB)
	18668  -  ResidentSetSize of job (KB)
...
006 (2169568.107.000) 2023-06-27 13:25:04 Image size of job updated: 148
	148  -  MemoryUsage of job (MB)
	151828  -  ResidentSetSize of job (KB)
...
006 (2169568.107.000) 2023-06-27 13:26:04 Image size of job updated: 148
	148  -  MemoryUsage of job (MB)
	151876  -  ResidentSetSize of job (KB)
...
006 (2169568.107.000) 2023-06-27 13:27:04 Image size of job updated: 148
	148  -  MemoryUsage of job (MB)
	151908  -  ResidentSetSize of job (KB)
...
006 (2169568.107.000) 2023-06-27 13:28:04 Image size of job updated: 148
	148  -  MemoryUsage of job (MB)
	151912  -  ResidentSetSize of job (KB)
...
006 (2169568.107.000) 2023-06-27 13:29:04 Image size of job updated: 148
	148  -  MemoryUsage of job (MB)
	151916  -  ResidentSetSize of job (KB)
...
006 (2169568.107.000) 2023-06-27 13:31:05 Image size of job updated: 148
	148  -  MemoryUsage of job (MB)
	152124  -  ResidentSetSize of job (KB)
...
040 (2169568.107.000) 2023-06-27 13:31:05 Started transferring output files
...
040 (2169568.107.000) 2023-06-27 13:31:05 Finished transferring output files
...
005 (2169568.107.000) 2023-06-27 13:31:07 Job terminated.
	(1) Normal termination (return value 0)
		Usr 0 00:06:29, Sys 0 00:00:17  -  Run Remote Usage
		Usr 0 00:00:00, Sys 0 00:00:00  -  Run Local Usage
		Usr 0 00:06:29, Sys 0 00:00:17  -  Total Remote Usage
		Usr 0 00:00:00, Sys 0 00:00:00  -  Total Local Usage
	151928  -  Run Bytes Sent By Job
	224545  -  Run Bytes Received By Job
	151928  -  Total Bytes Sent By Job
	224545  -  Total Bytes Received By Job
	Partitionable Resources :    Usage  Request Allocated 
	   Cpus                 :     0.00        1         1 
	   Disk (KB)            :   916         225   1629577 
	   Memory (MB)          :   148        2048      2048 

	Job terminated of its own accord at 2023-06-27T18:31:05Z with exit-code 0.
...
