000 (2169568.035.000) 2023-06-27 13:09:10 Job submitted from host: <131.225.189.251:9618?addrs=131.225.189.251-9618+[2620-6a-0-8421--e8]-9618&alias=lpcschedd4.fnal.gov&noUDP&sock=schedd_2018_c235>
...
040 (2169568.035.000) 2023-06-27 13:18:09 Started transferring input files
	Transferring to host: <131.225.188.241:9618?addrs=[2620-6a-0-8421-f0-0-188-241]-9618+131.225.188.241-9618&alias=cmswn2073.fnal.gov&noUDP&sock=slot1_26_2021_ba2b_43890>
...
040 (2169568.035.000) 2023-06-27 13:18:09 Finished transferring input files
...
001 (2169568.035.000) 2023-06-27 13:18:09 Job executing on host: <131.225.188.241:9618?addrs=[2620-6a-0-8421-f0-0-188-241]-9618+131.225.188.241-9618&alias=cmswn2073.fnal.gov&noUDP&sock=startd_1930_65df>
...
006 (2169568.035.000) 2023-06-27 13:18:18 Image size of job updated: 10
	10  -  MemoryUsage of job (MB)
	11212  -  ResidentSetSize of job (KB)
...
006 (2169568.035.000) 2023-06-27 13:19:18 Image size of job updated: 145
	145  -  MemoryUsage of job (MB)
	149424  -  ResidentSetSize of job (KB)
...
006 (2169568.035.000) 2023-06-27 13:21:20 Image size of job updated: 145
	145  -  MemoryUsage of job (MB)
	149436  -  ResidentSetSize of job (KB)
...
006 (2169568.035.000) 2023-06-27 13:22:20 Image size of job updated: 145
	145  -  MemoryUsage of job (MB)
	149440  -  ResidentSetSize of job (KB)
...
006 (2169568.035.000) 2023-06-27 13:23:21 Image size of job updated: 145
	145  -  MemoryUsage of job (MB)
	149448  -  ResidentSetSize of job (KB)
...
040 (2169568.035.000) 2023-06-27 13:24:29 Started transferring output files
...
040 (2169568.035.000) 2023-06-27 13:24:29 Finished transferring output files
...
005 (2169568.035.000) 2023-06-27 13:24:31 Job terminated.
	(1) Normal termination (return value 0)
		Usr 0 00:05:34, Sys 0 00:00:14  -  Run Remote Usage
		Usr 0 00:00:00, Sys 0 00:00:00  -  Run Local Usage
		Usr 0 00:05:34, Sys 0 00:00:14  -  Total Remote Usage
		Usr 0 00:00:00, Sys 0 00:00:00  -  Total Local Usage
	150338  -  Run Bytes Sent By Job
	224544  -  Run Bytes Received By Job
	150338  -  Total Bytes Sent By Job
	224544  -  Total Bytes Received By Job
	Partitionable Resources :    Usage  Request Allocated 
	   Cpus                 :     0.00        1         1 
	   Disk (KB)            :   914         225   1631690 
	   Memory (MB)          :   145        2048      2048 

	Job terminated of its own accord at 2023-06-27T18:24:29Z with exit-code 0.
...
