000 (2169568.204.000) 2023-06-27 13:09:11 Job submitted from host: <131.225.189.251:9618?addrs=131.225.189.251-9618+[2620-6a-0-8421--e8]-9618&alias=lpcschedd4.fnal.gov&noUDP&sock=schedd_2018_c235>
...
040 (2169568.204.000) 2023-06-27 13:29:20 Started transferring input files
	Transferring to host: <131.225.188.241:9618?addrs=[2620-6a-0-8421-f0-0-188-241]-9618+131.225.188.241-9618&alias=cmswn2073.fnal.gov&noUDP&sock=slot1_5_2021_ba2b_43904>
...
040 (2169568.204.000) 2023-06-27 13:29:20 Finished transferring input files
...
001 (2169568.204.000) 2023-06-27 13:29:20 Job executing on host: <131.225.188.241:9618?addrs=[2620-6a-0-8421-f0-0-188-241]-9618+131.225.188.241-9618&alias=cmswn2073.fnal.gov&noUDP&sock=startd_1930_65df>
...
006 (2169568.204.000) 2023-06-27 13:29:29 Image size of job updated: 8
	8  -  MemoryUsage of job (MB)
	8492  -  ResidentSetSize of job (KB)
...
006 (2169568.204.000) 2023-06-27 13:30:29 Image size of job updated: 163
	163  -  MemoryUsage of job (MB)
	167740  -  ResidentSetSize of job (KB)
...
006 (2169568.204.000) 2023-06-27 13:31:29 Image size of job updated: 163
	163  -  MemoryUsage of job (MB)
	167796  -  ResidentSetSize of job (KB)
...
006 (2169568.204.000) 2023-06-27 13:32:29 Image size of job updated: 163
	163  -  MemoryUsage of job (MB)
	167800  -  ResidentSetSize of job (KB)
...
006 (2169568.204.000) 2023-06-27 13:33:30 Image size of job updated: 163
	163  -  MemoryUsage of job (MB)
	167808  -  ResidentSetSize of job (KB)
...
006 (2169568.204.000) 2023-06-27 13:34:31 Image size of job updated: 163
	163  -  MemoryUsage of job (MB)
	167908  -  ResidentSetSize of job (KB)
...
006 (2169568.204.000) 2023-06-27 13:36:32 Image size of job updated: 163
	163  -  MemoryUsage of job (MB)
	167916  -  ResidentSetSize of job (KB)
...
040 (2169568.204.000) 2023-06-27 13:44:35 Started transferring output files
...
040 (2169568.204.000) 2023-06-27 13:44:36 Finished transferring output files
...
005 (2169568.204.000) 2023-06-27 13:44:38 Job terminated.
	(1) Normal termination (return value 0)
		Usr 0 00:13:44, Sys 0 00:00:38  -  Run Remote Usage
		Usr 0 00:00:00, Sys 0 00:00:00  -  Run Local Usage
		Usr 0 00:13:44, Sys 0 00:00:38  -  Total Remote Usage
		Usr 0 00:00:00, Sys 0 00:00:00  -  Total Local Usage
	164590  -  Run Bytes Sent By Job
	224545  -  Run Bytes Received By Job
	164590  -  Total Bytes Sent By Job
	224545  -  Total Bytes Received By Job
	Partitionable Resources :    Usage  Request Allocated 
	   Cpus                 :     0.00        1         1 
	   Disk (KB)            :   930         225   1631690 
	   Memory (MB)          :   163        2048      2048 

	Job terminated of its own accord at 2023-06-27T18:44:35Z with exit-code 0.
...
