000 (2169568.030.000) 2023-06-27 13:09:10 Job submitted from host: <131.225.189.251:9618?addrs=131.225.189.251-9618+[2620-6a-0-8421--e8]-9618&alias=lpcschedd4.fnal.gov&noUDP&sock=schedd_2018_c235>
...
040 (2169568.030.000) 2023-06-27 13:18:04 Started transferring input files
	Transferring to host: <131.225.189.134:9618?addrs=[2620-6a-0-8421-f0-0-189-134]-9618+131.225.189.134-9618&alias=cmswn2104.fnal.gov&noUDP&sock=slot1_10_2122_e40f_63082>
...
040 (2169568.030.000) 2023-06-27 13:18:04 Finished transferring input files
...
001 (2169568.030.000) 2023-06-27 13:18:04 Job executing on host: <131.225.189.134:9618?addrs=[2620-6a-0-8421-f0-0-189-134]-9618+131.225.189.134-9618&alias=cmswn2104.fnal.gov&noUDP&sock=startd_2019_71cd>
...
006 (2169568.030.000) 2023-06-27 13:18:13 Image size of job updated: 11
	11  -  MemoryUsage of job (MB)
	12140  -  ResidentSetSize of job (KB)
...
006 (2169568.030.000) 2023-06-27 13:19:13 Image size of job updated: 151
	151  -  MemoryUsage of job (MB)
	154672  -  ResidentSetSize of job (KB)
...
006 (2169568.030.000) 2023-06-27 13:20:14 Image size of job updated: 151
	151  -  MemoryUsage of job (MB)
	154688  -  ResidentSetSize of job (KB)
...
006 (2169568.030.000) 2023-06-27 13:21:15 Image size of job updated: 151
	151  -  MemoryUsage of job (MB)
	154700  -  ResidentSetSize of job (KB)
...
006 (2169568.030.000) 2023-06-27 13:22:16 Image size of job updated: 151
	151  -  MemoryUsage of job (MB)
	154704  -  ResidentSetSize of job (KB)
...
006 (2169568.030.000) 2023-06-27 13:24:19 Image size of job updated: 151
	151  -  MemoryUsage of job (MB)
	154720  -  ResidentSetSize of job (KB)
...
006 (2169568.030.000) 2023-06-27 13:25:19 Image size of job updated: 151
	151  -  MemoryUsage of job (MB)
	154772  -  ResidentSetSize of job (KB)
...
006 (2169568.030.000) 2023-06-27 13:25:55 Image size of job updated: 151
	151  -  MemoryUsage of job (MB)
	154868  -  ResidentSetSize of job (KB)
...
040 (2169568.030.000) 2023-06-27 13:25:55 Started transferring output files
...
040 (2169568.030.000) 2023-06-27 13:25:55 Finished transferring output files
...
005 (2169568.030.000) 2023-06-27 13:25:56 Job terminated.
	(1) Normal termination (return value 0)
		Usr 0 00:06:36, Sys 0 00:00:17  -  Run Remote Usage
		Usr 0 00:00:00, Sys 0 00:00:00  -  Run Local Usage
		Usr 0 00:06:36, Sys 0 00:00:17  -  Total Remote Usage
		Usr 0 00:00:00, Sys 0 00:00:00  -  Total Local Usage
	152023  -  Run Bytes Sent By Job
	224544  -  Run Bytes Received By Job
	152023  -  Total Bytes Sent By Job
	224544  -  Total Bytes Received By Job
	Partitionable Resources :    Usage  Request Allocated 
	   Cpus                 :     0.00        1         1 
	   Disk (KB)            :   917         225   3460026 
	   Memory (MB)          :   151        2048      2048 

	Job terminated of its own accord at 2023-06-27T18:25:55Z with exit-code 0.
...
