000 (2169568.280.000) 2023-06-27 13:09:12 Job submitted from host: <131.225.189.251:9618?addrs=131.225.189.251-9618+[2620-6a-0-8421--e8]-9618&alias=lpcschedd4.fnal.gov&noUDP&sock=schedd_2018_c235>
...
040 (2169568.280.000) 2023-06-27 13:29:38 Started transferring input files
	Transferring to host: <131.225.189.167:9618?addrs=[2620-6a-0-8421-f0-0-189-167]-9618+131.225.189.167-9618&alias=cmswn2119.fnal.gov&noUDP&sock=slot1_55_2115_f56f_40610>
...
040 (2169568.280.000) 2023-06-27 13:29:38 Finished transferring input files
...
001 (2169568.280.000) 2023-06-27 13:29:38 Job executing on host: <131.225.189.167:9618?addrs=[2620-6a-0-8421-f0-0-189-167]-9618+131.225.189.167-9618&alias=cmswn2119.fnal.gov&noUDP&sock=startd_2013_543c>
...
006 (2169568.280.000) 2023-06-27 13:29:47 Image size of job updated: 17
	17  -  MemoryUsage of job (MB)
	17440  -  ResidentSetSize of job (KB)
...
006 (2169568.280.000) 2023-06-27 13:30:47 Image size of job updated: 161
	161  -  MemoryUsage of job (MB)
	165396  -  ResidentSetSize of job (KB)
...
006 (2169568.280.000) 2023-06-27 13:31:48 Image size of job updated: 161
	161  -  MemoryUsage of job (MB)
	165432  -  ResidentSetSize of job (KB)
...
006 (2169568.280.000) 2023-06-27 13:32:49 Image size of job updated: 161
	161  -  MemoryUsage of job (MB)
	165436  -  ResidentSetSize of job (KB)
...
006 (2169568.280.000) 2023-06-27 13:35:51 Image size of job updated: 161
	161  -  MemoryUsage of job (MB)
	165452  -  ResidentSetSize of job (KB)
...
006 (2169568.280.000) 2023-06-27 13:37:52 Image size of job updated: 161
	161  -  MemoryUsage of job (MB)
	165496  -  ResidentSetSize of job (KB)
...
006 (2169568.280.000) 2023-06-27 13:40:54 Image size of job updated: 161
	161  -  MemoryUsage of job (MB)
	165556  -  ResidentSetSize of job (KB)
...
006 (2169568.280.000) 2023-06-27 13:41:55 Image size of job updated: 161
	161  -  MemoryUsage of job (MB)
	165636  -  ResidentSetSize of job (KB)
...
040 (2169568.280.000) 2023-06-27 13:43:09 Started transferring output files
...
040 (2169568.280.000) 2023-06-27 13:43:10 Finished transferring output files
...
005 (2169568.280.000) 2023-06-27 13:43:11 Job terminated.
	(1) Normal termination (return value 0)
		Usr 0 00:12:22, Sys 0 00:00:29  -  Run Remote Usage
		Usr 0 00:00:00, Sys 0 00:00:00  -  Run Local Usage
		Usr 0 00:12:22, Sys 0 00:00:29  -  Total Remote Usage
		Usr 0 00:00:00, Sys 0 00:00:00  -  Total Local Usage
	165211  -  Run Bytes Sent By Job
	224545  -  Run Bytes Received By Job
	165211  -  Total Bytes Sent By Job
	224545  -  Total Bytes Received By Job
	Partitionable Resources :    Usage  Request Allocated 
	   Cpus                 :        0        1         1 
	   Disk (KB)            :      930      225   3466881 
	   Memory (MB)          :      161     2048      2048 

	Job terminated of its own accord at 2023-06-27T18:43:09Z with exit-code 0.
...
