000 (2169568.381.000) 2023-06-27 13:09:13 Job submitted from host: <131.225.189.251:9618?addrs=131.225.189.251-9618+[2620-6a-0-8421--e8]-9618&alias=lpcschedd4.fnal.gov&noUDP&sock=schedd_2018_c235>
...
040 (2169568.381.000) 2023-06-27 13:29:59 Started transferring input files
	Transferring to host: <131.225.189.47:9618?addrs=[2620-6a-0-8421-f0-0-189-47]-9618+131.225.189.47-9618&alias=cmswn2096.fnal.gov&noUDP&sock=slot1_34_2090_580e_13802>
...
040 (2169568.381.000) 2023-06-27 13:29:59 Finished transferring input files
...
001 (2169568.381.000) 2023-06-27 13:29:59 Job executing on host: <131.225.189.47:9618?addrs=[2620-6a-0-8421-f0-0-189-47]-9618+131.225.189.47-9618&alias=cmswn2096.fnal.gov&noUDP&sock=startd_2003_7849>
...
006 (2169568.381.000) 2023-06-27 13:31:13 Image size of job updated: 156
	156  -  MemoryUsage of job (MB)
	160396  -  ResidentSetSize of job (KB)
...
006 (2169568.381.000) 2023-06-27 13:32:13 Image size of job updated: 156
	156  -  MemoryUsage of job (MB)
	160628  -  ResidentSetSize of job (KB)
...
006 (2169568.381.000) 2023-06-27 13:34:14 Image size of job updated: 156
	156  -  MemoryUsage of job (MB)
	160640  -  ResidentSetSize of job (KB)
...
006 (2169568.381.000) 2023-06-27 13:35:14 Image size of job updated: 156
	156  -  MemoryUsage of job (MB)
	160648  -  ResidentSetSize of job (KB)
...
006 (2169568.381.000) 2023-06-27 13:37:16 Image size of job updated: 156
	156  -  MemoryUsage of job (MB)
	160652  -  ResidentSetSize of job (KB)
...
006 (2169568.381.000) 2023-06-27 13:38:17 Image size of job updated: 156
	156  -  MemoryUsage of job (MB)
	160756  -  ResidentSetSize of job (KB)
...
006 (2169568.381.000) 2023-06-27 13:40:19 Image size of job updated: 157
	157  -  MemoryUsage of job (MB)
	160808  -  ResidentSetSize of job (KB)
...
040 (2169568.381.000) 2023-06-27 13:44:03 Started transferring output files
...
040 (2169568.381.000) 2023-06-27 13:44:03 Finished transferring output files
...
005 (2169568.381.000) 2023-06-27 13:44:04 Job terminated.
	(1) Normal termination (return value 0)
		Usr 0 00:11:22, Sys 0 00:00:27  -  Run Remote Usage
		Usr 0 00:00:00, Sys 0 00:00:00  -  Run Local Usage
		Usr 0 00:11:22, Sys 0 00:00:27  -  Total Remote Usage
		Usr 0 00:00:00, Sys 0 00:00:00  -  Total Local Usage
	163347  -  Run Bytes Sent By Job
	224545  -  Run Bytes Received By Job
	163347  -  Total Bytes Sent By Job
	224545  -  Total Bytes Received By Job
	Partitionable Resources :    Usage  Request Allocated 
	   Cpus                 :     0.00        1         1 
	   Disk (KB)            :   928         225   1635897 
	   Memory (MB)          :   157        2048      2048 

	Job terminated of its own accord at 2023-06-27T18:44:03Z with exit-code 0.
...
