000 (2169568.175.000) 2023-06-27 13:09:11 Job submitted from host: <131.225.189.251:9618?addrs=131.225.189.251-9618+[2620-6a-0-8421--e8]-9618&alias=lpcschedd4.fnal.gov&noUDP&sock=schedd_2018_c235>
...
040 (2169568.175.000) 2023-06-27 13:28:51 Started transferring input files
	Transferring to host: <131.225.188.76:9618?addrs=[2620-6a-0-8421-f0-0-188-76]-9618+131.225.188.76-9618&alias=cmswn2039.fnal.gov&noUDP&sock=slot1_42_2124_4ccf_59477>
...
040 (2169568.175.000) 2023-06-27 13:28:51 Finished transferring input files
...
001 (2169568.175.000) 2023-06-27 13:28:51 Job executing on host: <131.225.188.76:9618?addrs=[2620-6a-0-8421-f0-0-188-76]-9618+131.225.188.76-9618&alias=cmswn2039.fnal.gov&noUDP&sock=startd_2006_8712>
...
006 (2169568.175.000) 2023-06-27 13:29:00 Image size of job updated: 8
	8  -  MemoryUsage of job (MB)
	8580  -  ResidentSetSize of job (KB)
...
006 (2169568.175.000) 2023-06-27 13:30:00 Image size of job updated: 144
	144  -  MemoryUsage of job (MB)
	148076  -  ResidentSetSize of job (KB)
...
006 (2169568.175.000) 2023-06-27 13:31:01 Image size of job updated: 144
	144  -  MemoryUsage of job (MB)
	148300  -  ResidentSetSize of job (KB)
...
006 (2169568.175.000) 2023-06-27 13:32:01 Image size of job updated: 144
	144  -  MemoryUsage of job (MB)
	148332  -  ResidentSetSize of job (KB)
...
006 (2169568.175.000) 2023-06-27 13:33:02 Image size of job updated: 144
	144  -  MemoryUsage of job (MB)
	148440  -  ResidentSetSize of job (KB)
...
006 (2169568.175.000) 2023-06-27 13:34:02 Image size of job updated: 144
	144  -  MemoryUsage of job (MB)
	148448  -  ResidentSetSize of job (KB)
...
006 (2169568.175.000) 2023-06-27 13:35:03 Image size of job updated: 144
	144  -  MemoryUsage of job (MB)
	148460  -  ResidentSetSize of job (KB)
...
006 (2169568.175.000) 2023-06-27 13:37:57 Image size of job updated: 145
	145  -  MemoryUsage of job (MB)
	148536  -  ResidentSetSize of job (KB)
...
040 (2169568.175.000) 2023-06-27 13:37:57 Started transferring output files
...
040 (2169568.175.000) 2023-06-27 13:37:57 Finished transferring output files
...
005 (2169568.175.000) 2023-06-27 13:38:00 Job terminated.
	(1) Normal termination (return value 0)
		Usr 0 00:05:36, Sys 0 00:00:15  -  Run Remote Usage
		Usr 0 00:00:00, Sys 0 00:00:00  -  Run Local Usage
		Usr 0 00:05:36, Sys 0 00:00:15  -  Total Remote Usage
		Usr 0 00:00:00, Sys 0 00:00:00  -  Total Local Usage
	149911  -  Run Bytes Sent By Job
	224545  -  Run Bytes Received By Job
	149911  -  Total Bytes Sent By Job
	224545  -  Total Bytes Received By Job
	Partitionable Resources :    Usage  Request Allocated 
	   Cpus                 :     0.00        1         1 
	   Disk (KB)            :   915         225   1642076 
	   Memory (MB)          :   145        2048      2048 

	Job terminated of its own accord at 2023-06-27T18:37:57Z with exit-code 0.
...
