000 (2169568.382.000) 2023-06-27 13:09:13 Job submitted from host: <131.225.189.251:9618?addrs=131.225.189.251-9618+[2620-6a-0-8421--e8]-9618&alias=lpcschedd4.fnal.gov&noUDP&sock=schedd_2018_c235>
...
040 (2169568.382.000) 2023-06-27 13:29:59 Started transferring input files
	Transferring to host: <131.225.189.128:9618?addrs=[2620-6a-0-8421-f0-0-189-128]-9618+131.225.189.128-9618&alias=cmswn2102.fnal.gov&noUDP&sock=slot1_57_2104_354f_50963>
...
040 (2169568.382.000) 2023-06-27 13:29:59 Finished transferring input files
...
001 (2169568.382.000) 2023-06-27 13:29:59 Job executing on host: <131.225.189.128:9618?addrs=[2620-6a-0-8421-f0-0-189-128]-9618+131.225.189.128-9618&alias=cmswn2102.fnal.gov&noUDP&sock=startd_2015_b36c>
...
006 (2169568.382.000) 2023-06-27 13:31:09 Image size of job updated: 150
	150  -  MemoryUsage of job (MB)
	153900  -  ResidentSetSize of job (KB)
...
006 (2169568.382.000) 2023-06-27 13:32:09 Image size of job updated: 150
	150  -  MemoryUsage of job (MB)
	154008  -  ResidentSetSize of job (KB)
...
006 (2169568.382.000) 2023-06-27 13:34:11 Image size of job updated: 150
	150  -  MemoryUsage of job (MB)
	154028  -  ResidentSetSize of job (KB)
...
006 (2169568.382.000) 2023-06-27 13:36:13 Image size of job updated: 150
	150  -  MemoryUsage of job (MB)
	154032  -  ResidentSetSize of job (KB)
...
006 (2169568.382.000) 2023-06-27 13:39:19 Image size of job updated: 150
	150  -  MemoryUsage of job (MB)
	154132  -  ResidentSetSize of job (KB)
...
040 (2169568.382.000) 2023-06-27 13:39:36 Started transferring output files
...
040 (2169568.382.000) 2023-06-27 13:39:36 Finished transferring output files
...
005 (2169568.382.000) 2023-06-27 13:39:37 Job terminated.
	(1) Normal termination (return value 0)
		Usr 0 00:07:12, Sys 0 00:00:17  -  Run Remote Usage
		Usr 0 00:00:00, Sys 0 00:00:00  -  Run Local Usage
		Usr 0 00:07:12, Sys 0 00:00:17  -  Total Remote Usage
		Usr 0 00:00:00, Sys 0 00:00:00  -  Total Local Usage
	155302  -  Run Bytes Sent By Job
	224545  -  Run Bytes Received By Job
	155302  -  Total Bytes Sent By Job
	224545  -  Total Bytes Received By Job
	Partitionable Resources :    Usage  Request Allocated 
	   Cpus                 :        0        1         1 
	   Disk (KB)            :      921      225   3466257 
	   Memory (MB)          :      150     2048      2048 

	Job terminated of its own accord at 2023-06-27T18:39:36Z with exit-code 0.
...
