000 (2169568.123.000) 2023-06-27 13:09:11 Job submitted from host: <131.225.189.251:9618?addrs=131.225.189.251-9618+[2620-6a-0-8421--e8]-9618&alias=lpcschedd4.fnal.gov&noUDP&sock=schedd_2018_c235>
...
040 (2169568.123.000) 2023-06-27 13:24:59 Started transferring input files
	Transferring to host: <131.225.189.158:9618?addrs=[2620-6a-0-8421-f0-0-189-158]-9618+131.225.189.158-9618&alias=cmswn2114.fnal.gov&noUDP&sock=slot1_22_2119_c6ef_65951>
...
040 (2169568.123.000) 2023-06-27 13:24:59 Finished transferring input files
...
001 (2169568.123.000) 2023-06-27 13:24:59 Job executing on host: <131.225.189.158:9618?addrs=[2620-6a-0-8421-f0-0-189-158]-9618+131.225.189.158-9618&alias=cmswn2114.fnal.gov&noUDP&sock=startd_2016_6304>
...
006 (2169568.123.000) 2023-06-27 13:25:08 Image size of job updated: 27
	27  -  MemoryUsage of job (MB)
	28252  -  ResidentSetSize of job (KB)
...
006 (2169568.123.000) 2023-06-27 13:26:09 Image size of job updated: 149
	149  -  MemoryUsage of job (MB)
	153420  -  ResidentSetSize of job (KB)
...
006 (2169568.123.000) 2023-06-27 13:27:11 Image size of job updated: 149
	149  -  MemoryUsage of job (MB)
	153436  -  ResidentSetSize of job (KB)
...
006 (2169568.123.000) 2023-06-27 13:28:12 Image size of job updated: 149
	149  -  MemoryUsage of job (MB)
	153448  -  ResidentSetSize of job (KB)
...
006 (2169568.123.000) 2023-06-27 13:29:12 Image size of job updated: 149
	149  -  MemoryUsage of job (MB)
	153456  -  ResidentSetSize of job (KB)
...
040 (2169568.123.000) 2023-06-27 13:32:10 Started transferring output files
...
040 (2169568.123.000) 2023-06-27 13:32:10 Finished transferring output files
...
005 (2169568.123.000) 2023-06-27 13:32:11 Job terminated.
	(1) Normal termination (return value 0)
		Usr 0 00:06:20, Sys 0 00:00:16  -  Run Remote Usage
		Usr 0 00:00:00, Sys 0 00:00:00  -  Run Local Usage
		Usr 0 00:06:20, Sys 0 00:00:16  -  Total Remote Usage
		Usr 0 00:00:00, Sys 0 00:00:00  -  Total Local Usage
	150584  -  Run Bytes Sent By Job
	224545  -  Run Bytes Received By Job
	150584  -  Total Bytes Sent By Job
	224545  -  Total Bytes Received By Job
	Partitionable Resources :    Usage  Request Allocated 
	   Cpus                 :     0.00        1         1 
	   Disk (KB)            :   915         225   3458608 
	   Memory (MB)          :   149        2048      2048 

	Job terminated of its own accord at 2023-06-27T18:32:10Z with exit-code 0.
...
