000 (2169568.429.000) 2023-06-27 13:09:13 Job submitted from host: <131.225.189.251:9618?addrs=131.225.189.251-9618+[2620-6a-0-8421--e8]-9618&alias=lpcschedd4.fnal.gov&noUDP&sock=schedd_2018_c235>
...
040 (2169568.429.000) 2023-06-27 13:30:09 Started transferring input files
	Transferring to host: <131.225.188.86:9618?addrs=[2620-6a-0-8421-f0-0-188-86]-9618+131.225.188.86-9618&alias=cmswn2042.fnal.gov&noUDP&sock=slot1_57_2091_0c6e_45890>
...
040 (2169568.429.000) 2023-06-27 13:30:09 Finished transferring input files
...
001 (2169568.429.000) 2023-06-27 13:30:10 Job executing on host: <131.225.188.86:9618?addrs=[2620-6a-0-8421-f0-0-188-86]-9618+131.225.188.86-9618&alias=cmswn2042.fnal.gov&noUDP&sock=startd_2015_b36c>
...
006 (2169568.429.000) 2023-06-27 13:30:19 Image size of job updated: 18
	18  -  MemoryUsage of job (MB)
	18936  -  ResidentSetSize of job (KB)
...
006 (2169568.429.000) 2023-06-27 13:31:19 Image size of job updated: 146
	146  -  MemoryUsage of job (MB)
	149964  -  ResidentSetSize of job (KB)
...
006 (2169568.429.000) 2023-06-27 13:32:20 Image size of job updated: 146
	146  -  MemoryUsage of job (MB)
	149972  -  ResidentSetSize of job (KB)
...
006 (2169568.429.000) 2023-06-27 13:33:20 Image size of job updated: 146
	146  -  MemoryUsage of job (MB)
	149980  -  ResidentSetSize of job (KB)
...
006 (2169568.429.000) 2023-06-27 13:36:22 Image size of job updated: 146
	146  -  MemoryUsage of job (MB)
	149992  -  ResidentSetSize of job (KB)
...
040 (2169568.429.000) 2023-06-27 13:36:29 Started transferring output files
...
040 (2169568.429.000) 2023-06-27 13:36:29 Finished transferring output files
...
005 (2169568.429.000) 2023-06-27 13:36:31 Job terminated.
	(1) Normal termination (return value 0)
		Usr 0 00:05:38, Sys 0 00:00:16  -  Run Remote Usage
		Usr 0 00:00:00, Sys 0 00:00:00  -  Run Local Usage
		Usr 0 00:05:38, Sys 0 00:00:16  -  Total Remote Usage
		Usr 0 00:00:00, Sys 0 00:00:00  -  Total Local Usage
	149488  -  Run Bytes Sent By Job
	224545  -  Run Bytes Received By Job
	149488  -  Total Bytes Sent By Job
	224545  -  Total Bytes Received By Job
	Partitionable Resources :    Usage  Request Allocated 
	   Cpus                 :     0.00        1         1 
	   Disk (KB)            :   914         225   1634539 
	   Memory (MB)          :   146        2048      2048 

	Job terminated of its own accord at 2023-06-27T18:36:29Z with exit-code 0.
...
