000 (2169568.172.000) 2023-06-27 13:09:11 Job submitted from host: <131.225.189.251:9618?addrs=131.225.189.251-9618+[2620-6a-0-8421--e8]-9618&alias=lpcschedd4.fnal.gov&noUDP&sock=schedd_2018_c235>
...
040 (2169568.172.000) 2023-06-27 13:28:20 Started transferring input files
	Transferring to host: <131.225.188.17:9618?addrs=[2620-6a-0-8421-f0-0-188-17]-9618+131.225.188.17-9618&alias=cmswn2020.fnal.gov&noUDP&sock=slot1_7_2025_8bab_45972>
...
040 (2169568.172.000) 2023-06-27 13:28:20 Finished transferring input files
...
001 (2169568.172.000) 2023-06-27 13:28:20 Job executing on host: <131.225.188.17:9618?addrs=[2620-6a-0-8421-f0-0-188-17]-9618+131.225.188.17-9618&alias=cmswn2020.fnal.gov&noUDP&sock=startd_1921_3985>
...
006 (2169568.172.000) 2023-06-27 13:28:29 Image size of job updated: 8
	8  -  MemoryUsage of job (MB)
	8588  -  ResidentSetSize of job (KB)
...
006 (2169568.172.000) 2023-06-27 13:29:30 Image size of job updated: 149
	149  -  MemoryUsage of job (MB)
	153332  -  ResidentSetSize of job (KB)
...
006 (2169568.172.000) 2023-06-27 13:30:31 Image size of job updated: 150
	150  -  MemoryUsage of job (MB)
	154204  -  ResidentSetSize of job (KB)
...
006 (2169568.172.000) 2023-06-27 13:31:32 Image size of job updated: 150
	150  -  MemoryUsage of job (MB)
	154240  -  ResidentSetSize of job (KB)
...
006 (2169568.172.000) 2023-06-27 13:34:34 Image size of job updated: 150
	150  -  MemoryUsage of job (MB)
	154244  -  ResidentSetSize of job (KB)
...
006 (2169568.172.000) 2023-06-27 13:35:34 Image size of job updated: 150
	150  -  MemoryUsage of job (MB)
	154256  -  ResidentSetSize of job (KB)
...
006 (2169568.172.000) 2023-06-27 13:36:35 Image size of job updated: 150
	150  -  MemoryUsage of job (MB)
	154364  -  ResidentSetSize of job (KB)
...
006 (2169568.172.000) 2023-06-27 13:37:35 Image size of job updated: 150
	150  -  MemoryUsage of job (MB)
	154368  -  ResidentSetSize of job (KB)
...
040 (2169568.172.000) 2023-06-27 13:42:08 Started transferring output files
...
040 (2169568.172.000) 2023-06-27 13:42:08 Finished transferring output files
...
005 (2169568.172.000) 2023-06-27 13:42:10 Job terminated.
	(1) Normal termination (return value 0)
		Usr 0 00:09:35, Sys 0 00:00:22  -  Run Remote Usage
		Usr 0 00:00:00, Sys 0 00:00:00  -  Run Local Usage
		Usr 0 00:09:35, Sys 0 00:00:22  -  Total Remote Usage
		Usr 0 00:00:00, Sys 0 00:00:00  -  Total Local Usage
	155666  -  Run Bytes Sent By Job
	224545  -  Run Bytes Received By Job
	155666  -  Total Bytes Sent By Job
	224545  -  Total Bytes Received By Job
	Partitionable Resources :    Usage  Request Allocated 
	   Cpus                 :        0        1         1 
	   Disk (KB)            :      921      225   1632973 
	   Memory (MB)          :      150     2048      2048 

	Job terminated of its own accord at 2023-06-27T18:42:08Z with exit-code 0.
...
