000 (2169568.464.000) 2023-06-27 13:09:13 Job submitted from host: <131.225.189.251:9618?addrs=131.225.189.251-9618+[2620-6a-0-8421--e8]-9618&alias=lpcschedd4.fnal.gov&noUDP&sock=schedd_2018_c235>
...
040 (2169568.464.000) 2023-06-27 13:30:17 Started transferring input files
	Transferring to host: <131.225.188.137:9618?addrs=[2620-6a-0-8421-f0-0-188-137]-9618+131.225.188.137-9618&alias=cmswn2050.fnal.gov&noUDP&sock=slot1_61_2128_1e50_2028>
...
040 (2169568.464.000) 2023-06-27 13:30:17 Finished transferring input files
...
001 (2169568.464.000) 2023-06-27 13:30:17 Job executing on host: <131.225.188.137:9618?addrs=[2620-6a-0-8421-f0-0-188-137]-9618+131.225.188.137-9618&alias=cmswn2050.fnal.gov&noUDP&sock=startd_1943_509a>
...
006 (2169568.464.000) 2023-06-27 13:31:27 Image size of job updated: 164
	164  -  MemoryUsage of job (MB)
	168760  -  ResidentSetSize of job (KB)
...
006 (2169568.464.000) 2023-06-27 13:32:28 Image size of job updated: 164
	164  -  MemoryUsage of job (MB)
	168880  -  ResidentSetSize of job (KB)
...
006 (2169568.464.000) 2023-06-27 13:34:29 Image size of job updated: 164
	164  -  MemoryUsage of job (MB)
	168888  -  ResidentSetSize of job (KB)
...
006 (2169568.464.000) 2023-06-27 13:35:30 Image size of job updated: 164
	164  -  MemoryUsage of job (MB)
	168912  -  ResidentSetSize of job (KB)
...
006 (2169568.464.000) 2023-06-27 13:38:32 Image size of job updated: 165
	165  -  MemoryUsage of job (MB)
	169016  -  ResidentSetSize of job (KB)
...
006 (2169568.464.000) 2023-06-27 13:40:35 Image size of job updated: 165
	165  -  MemoryUsage of job (MB)
	169036  -  ResidentSetSize of job (KB)
...
006 (2169568.464.000) 2023-06-27 13:45:02 Image size of job updated: 165
	165  -  MemoryUsage of job (MB)
	169068  -  ResidentSetSize of job (KB)
...
040 (2169568.464.000) 2023-06-27 13:45:03 Started transferring output files
...
040 (2169568.464.000) 2023-06-27 13:45:03 Finished transferring output files
...
005 (2169568.464.000) 2023-06-27 13:45:05 Job terminated.
	(1) Normal termination (return value 0)
		Usr 0 00:12:19, Sys 0 00:00:29  -  Run Remote Usage
		Usr 0 00:00:00, Sys 0 00:00:00  -  Run Local Usage
		Usr 0 00:12:19, Sys 0 00:00:29  -  Total Remote Usage
		Usr 0 00:00:00, Sys 0 00:00:00  -  Total Local Usage
	164239  -  Run Bytes Sent By Job
	224545  -  Run Bytes Received By Job
	164239  -  Total Bytes Sent By Job
	224545  -  Total Bytes Received By Job
	Partitionable Resources :    Usage  Request Allocated 
	   Cpus                 :        0        1         1 
	   Disk (KB)            :      929      225   1634154 
	   Memory (MB)          :      165     2048      2048 

	Job terminated of its own accord at 2023-06-27T18:45:02Z with exit-code 0.
...
