000 (2169568.391.000) 2023-06-27 13:09:13 Job submitted from host: <131.225.189.251:9618?addrs=131.225.189.251-9618+[2620-6a-0-8421--e8]-9618&alias=lpcschedd4.fnal.gov&noUDP&sock=schedd_2018_c235>
...
040 (2169568.391.000) 2023-06-27 13:30:03 Started transferring input files
	Transferring to host: <131.225.189.62:9618?addrs=[2620-6a-0-8421-f0-0-189-62]-9618+131.225.189.62-9618&alias=cmswn2077.fnal.gov&noUDP&sock=slot1_51_2107_526f_47405>
...
001 (2169568.391.000) 2023-06-27 13:30:03 Job executing on host: <131.225.189.62:9618?addrs=[2620-6a-0-8421-f0-0-189-62]-9618+131.225.189.62-9618&alias=cmswn2077.fnal.gov&noUDP&sock=startd_2017_129d>
...
040 (2169568.391.000) 2023-06-27 13:30:03 Finished transferring input files
...
006 (2169568.391.000) 2023-06-27 13:30:12 Image size of job updated: 13
	13  -  MemoryUsage of job (MB)
	14000  -  ResidentSetSize of job (KB)
...
006 (2169568.391.000) 2023-06-27 13:31:13 Image size of job updated: 163
	163  -  MemoryUsage of job (MB)
	167152  -  ResidentSetSize of job (KB)
...
006 (2169568.391.000) 2023-06-27 13:32:14 Image size of job updated: 163
	163  -  MemoryUsage of job (MB)
	167260  -  ResidentSetSize of job (KB)
...
006 (2169568.391.000) 2023-06-27 13:33:16 Image size of job updated: 163
	163  -  MemoryUsage of job (MB)
	167284  -  ResidentSetSize of job (KB)
...
006 (2169568.391.000) 2023-06-27 13:34:18 Image size of job updated: 163
	163  -  MemoryUsage of job (MB)
	167296  -  ResidentSetSize of job (KB)
...
006 (2169568.391.000) 2023-06-27 13:36:21 Image size of job updated: 163
	163  -  MemoryUsage of job (MB)
	167300  -  ResidentSetSize of job (KB)
...
006 (2169568.391.000) 2023-06-27 13:37:22 Image size of job updated: 163
	163  -  MemoryUsage of job (MB)
	167304  -  ResidentSetSize of job (KB)
...
006 (2169568.391.000) 2023-06-27 13:39:25 Image size of job updated: 163
	163  -  MemoryUsage of job (MB)
	167324  -  ResidentSetSize of job (KB)
...
006 (2169568.391.000) 2023-06-27 13:40:26 Image size of job updated: 163
	163  -  MemoryUsage of job (MB)
	167388  -  ResidentSetSize of job (KB)
...
006 (2169568.391.000) 2023-06-27 13:41:28 Image size of job updated: 163
	163  -  MemoryUsage of job (MB)
	167428  -  ResidentSetSize of job (KB)
...
006 (2169568.391.000) 2023-06-27 13:45:05 Image size of job updated: 163
	163  -  MemoryUsage of job (MB)
	167444  -  ResidentSetSize of job (KB)
...
040 (2169568.391.000) 2023-06-27 13:45:05 Started transferring output files
...
040 (2169568.391.000) 2023-06-27 13:45:05 Finished transferring output files
...
005 (2169568.391.000) 2023-06-27 13:45:06 Job terminated.
	(1) Normal termination (return value 0)
		Usr 0 00:12:30, Sys 0 00:00:32  -  Run Remote Usage
		Usr 0 00:00:00, Sys 0 00:00:00  -  Run Local Usage
		Usr 0 00:12:30, Sys 0 00:00:32  -  Total Remote Usage
		Usr 0 00:00:00, Sys 0 00:00:00  -  Total Local Usage
	165207  -  Run Bytes Sent By Job
	224545  -  Run Bytes Received By Job
	165207  -  Total Bytes Sent By Job
	224545  -  Total Bytes Received By Job
	Partitionable Resources :    Usage  Request Allocated 
	   Cpus                 :     0.00        1         1 
	   Disk (KB)            :   930         225   1621207 
	   Memory (MB)          :   163        2048      2048 

	Job terminated of its own accord at 2023-06-27T18:45:05Z with exit-code 0.
...
