000 (2169568.102.000) 2023-06-27 13:09:11 Job submitted from host: <131.225.189.251:9618?addrs=131.225.189.251-9618+[2620-6a-0-8421--e8]-9618&alias=lpcschedd4.fnal.gov&noUDP&sock=schedd_2018_c235>
...
040 (2169568.102.000) 2023-06-27 13:23:32 Started transferring input files
	Transferring to host: <131.225.188.17:9618?addrs=[2620-6a-0-8421-f0-0-188-17]-9618+131.225.188.17-9618&alias=cmswn2020.fnal.gov&noUDP&sock=slot1_53_2025_8bab_45969>
...
040 (2169568.102.000) 2023-06-27 13:23:32 Finished transferring input files
...
001 (2169568.102.000) 2023-06-27 13:23:32 Job executing on host: <131.225.188.17:9618?addrs=[2620-6a-0-8421-f0-0-188-17]-9618+131.225.188.17-9618&alias=cmswn2020.fnal.gov&noUDP&sock=startd_1921_3985>
...
006 (2169568.102.000) 2023-06-27 13:23:41 Image size of job updated: 32
	32  -  MemoryUsage of job (MB)
	33340  -  ResidentSetSize of job (KB)
...
006 (2169568.102.000) 2023-06-27 13:24:41 Image size of job updated: 148
	148  -  MemoryUsage of job (MB)
	152516  -  ResidentSetSize of job (KB)
...
006 (2169568.102.000) 2023-06-27 13:25:42 Image size of job updated: 148
	148  -  MemoryUsage of job (MB)
	152560  -  ResidentSetSize of job (KB)
...
006 (2169568.102.000) 2023-06-27 13:27:43 Image size of job updated: 148
	148  -  MemoryUsage of job (MB)
	152568  -  ResidentSetSize of job (KB)
...
040 (2169568.102.000) 2023-06-27 13:30:21 Started transferring output files
...
040 (2169568.102.000) 2023-06-27 13:30:21 Finished transferring output files
...
005 (2169568.102.000) 2023-06-27 13:30:24 Job terminated.
	(1) Normal termination (return value 0)
		Usr 0 00:05:30, Sys 0 00:00:14  -  Run Remote Usage
		Usr 0 00:00:00, Sys 0 00:00:00  -  Run Local Usage
		Usr 0 00:05:30, Sys 0 00:00:14  -  Total Remote Usage
		Usr 0 00:00:00, Sys 0 00:00:00  -  Total Local Usage
	149580  -  Run Bytes Sent By Job
	224545  -  Run Bytes Received By Job
	149580  -  Total Bytes Sent By Job
	224545  -  Total Bytes Received By Job
	Partitionable Resources :    Usage  Request Allocated 
	   Cpus                 :        0        1         1 
	   Disk (KB)            :      915      225   1632973 
	   Memory (MB)          :      148     2048      2048 

	Job terminated of its own accord at 2023-06-27T18:30:21Z with exit-code 0.
...
