000 (2169568.061.000) 2023-06-27 13:09:10 Job submitted from host: <131.225.189.251:9618?addrs=131.225.189.251-9618+[2620-6a-0-8421--e8]-9618&alias=lpcschedd4.fnal.gov&noUDP&sock=schedd_2018_c235>
...
040 (2169568.061.000) 2023-06-27 13:20:51 Started transferring input files
	Transferring to host: <131.225.189.155:9618?addrs=[2620-6a-0-8421-f0-0-189-155]-9618+131.225.189.155-9618&alias=cmswn2112.fnal.gov&noUDP&sock=slot1_33_2121_2faf_58693>
...
040 (2169568.061.000) 2023-06-27 13:20:51 Finished transferring input files
...
001 (2169568.061.000) 2023-06-27 13:20:51 Job executing on host: <131.225.189.155:9618?addrs=[2620-6a-0-8421-f0-0-189-155]-9618+131.225.189.155-9618&alias=cmswn2112.fnal.gov&noUDP&sock=startd_2024_dfc6>
...
006 (2169568.061.000) 2023-06-27 13:21:00 Image size of job updated: 20
	20  -  MemoryUsage of job (MB)
	20708  -  ResidentSetSize of job (KB)
...
006 (2169568.061.000) 2023-06-27 13:22:00 Image size of job updated: 141
	141  -  MemoryUsage of job (MB)
	145020  -  ResidentSetSize of job (KB)
...
006 (2169568.061.000) 2023-06-27 13:23:01 Image size of job updated: 141
	141  -  MemoryUsage of job (MB)
	145040  -  ResidentSetSize of job (KB)
...
006 (2169568.061.000) 2023-06-27 13:24:01 Image size of job updated: 141
	141  -  MemoryUsage of job (MB)
	145044  -  ResidentSetSize of job (KB)
...
006 (2169568.061.000) 2023-06-27 13:24:44 Image size of job updated: 141
	141  -  MemoryUsage of job (MB)
	145052  -  ResidentSetSize of job (KB)
...
040 (2169568.061.000) 2023-06-27 13:24:44 Started transferring output files
...
040 (2169568.061.000) 2023-06-27 13:24:44 Finished transferring output files
...
005 (2169568.061.000) 2023-06-27 13:24:46 Job terminated.
	(1) Normal termination (return value 0)
		Usr 0 00:03:17, Sys 0 00:00:11  -  Run Remote Usage
		Usr 0 00:00:00, Sys 0 00:00:00  -  Run Local Usage
		Usr 0 00:03:17, Sys 0 00:00:11  -  Total Remote Usage
		Usr 0 00:00:00, Sys 0 00:00:00  -  Total Local Usage
	141837  -  Run Bytes Sent By Job
	224544  -  Run Bytes Received By Job
	141837  -  Total Bytes Sent By Job
	224544  -  Total Bytes Received By Job
	Partitionable Resources :    Usage  Request Allocated 
	   Cpus                 :        0        1         1 
	   Disk (KB)            :      907      225   3454594 
	   Memory (MB)          :      141     2048      2048 

	Job terminated of its own accord at 2023-06-27T18:24:44Z with exit-code 0.
...
