000 (2169568.360.000) 2023-06-27 13:09:12 Job submitted from host: <131.225.189.251:9618?addrs=131.225.189.251-9618+[2620-6a-0-8421--e8]-9618&alias=lpcschedd4.fnal.gov&noUDP&sock=schedd_2018_c235>
...
040 (2169568.360.000) 2023-06-27 13:29:55 Started transferring input files
	Transferring to host: <131.225.188.25:9618?addrs=[2620-6a-0-8421-f0-0-188-25]-9618+131.225.188.25-9618&alias=cmswn2025.fnal.gov&noUDP&sock=slot1_14_2021_ba2b_56535>
...
040 (2169568.360.000) 2023-06-27 13:29:55 Finished transferring input files
...
001 (2169568.360.000) 2023-06-27 13:29:55 Job executing on host: <131.225.188.25:9618?addrs=[2620-6a-0-8421-f0-0-188-25]-9618+131.225.188.25-9618&alias=cmswn2025.fnal.gov&noUDP&sock=startd_1925_f7e6>
...
006 (2169568.360.000) 2023-06-27 13:30:04 Image size of job updated: 14
	14  -  MemoryUsage of job (MB)
	14456  -  ResidentSetSize of job (KB)
...
006 (2169568.360.000) 2023-06-27 13:31:04 Image size of job updated: 148
	148  -  MemoryUsage of job (MB)
	152092  -  ResidentSetSize of job (KB)
...
006 (2169568.360.000) 2023-06-27 13:32:04 Image size of job updated: 148
	148  -  MemoryUsage of job (MB)
	152112  -  ResidentSetSize of job (KB)
...
006 (2169568.360.000) 2023-06-27 13:35:05 Image size of job updated: 148
	148  -  MemoryUsage of job (MB)
	152116  -  ResidentSetSize of job (KB)
...
006 (2169568.360.000) 2023-06-27 13:37:06 Image size of job updated: 148
	148  -  MemoryUsage of job (MB)
	152120  -  ResidentSetSize of job (KB)
...
040 (2169568.360.000) 2023-06-27 13:37:09 Started transferring output files
...
040 (2169568.360.000) 2023-06-27 13:37:09 Finished transferring output files
...
005 (2169568.360.000) 2023-06-27 13:37:10 Job terminated.
	(1) Normal termination (return value 0)
		Usr 0 00:05:49, Sys 0 00:00:14  -  Run Remote Usage
		Usr 0 00:00:00, Sys 0 00:00:00  -  Run Local Usage
		Usr 0 00:05:49, Sys 0 00:00:14  -  Total Remote Usage
		Usr 0 00:00:00, Sys 0 00:00:00  -  Total Local Usage
	150695  -  Run Bytes Sent By Job
	224545  -  Run Bytes Received By Job
	150695  -  Total Bytes Sent By Job
	224545  -  Total Bytes Received By Job
	Partitionable Resources :    Usage  Request Allocated 
	   Cpus                 :     0.00        1         1 
	   Disk (KB)            :   917         225   1633296 
	   Memory (MB)          :   148        2048      2048 

	Job terminated of its own accord at 2023-06-27T18:37:09Z with exit-code 0.
...
