000 (2169568.349.000) 2023-06-27 13:09:12 Job submitted from host: <131.225.189.251:9618?addrs=131.225.189.251-9618+[2620-6a-0-8421--e8]-9618&alias=lpcschedd4.fnal.gov&noUDP&sock=schedd_2018_c235>
...
040 (2169568.349.000) 2023-06-27 13:29:51 Started transferring input files
	Transferring to host: <131.225.189.47:9618?addrs=[2620-6a-0-8421-f0-0-189-47]-9618+131.225.189.47-9618&alias=cmswn2096.fnal.gov&noUDP&sock=slot1_17_2090_580e_13800>
...
040 (2169568.349.000) 2023-06-27 13:29:51 Finished transferring input files
...
001 (2169568.349.000) 2023-06-27 13:29:51 Job executing on host: <131.225.189.47:9618?addrs=[2620-6a-0-8421-f0-0-189-47]-9618+131.225.189.47-9618&alias=cmswn2096.fnal.gov&noUDP&sock=startd_2003_7849>
...
006 (2169568.349.000) 2023-06-27 13:31:01 Image size of job updated: 162
	162  -  MemoryUsage of job (MB)
	166656  -  ResidentSetSize of job (KB)
...
006 (2169568.349.000) 2023-06-27 13:32:02 Image size of job updated: 162
	162  -  MemoryUsage of job (MB)
	166712  -  ResidentSetSize of job (KB)
...
006 (2169568.349.000) 2023-06-27 13:33:02 Image size of job updated: 162
	162  -  MemoryUsage of job (MB)
	166728  -  ResidentSetSize of job (KB)
...
006 (2169568.349.000) 2023-06-27 13:34:03 Image size of job updated: 162
	162  -  MemoryUsage of job (MB)
	166752  -  ResidentSetSize of job (KB)
...
006 (2169568.349.000) 2023-06-27 13:37:05 Image size of job updated: 162
	162  -  MemoryUsage of job (MB)
	166756  -  ResidentSetSize of job (KB)
...
006 (2169568.349.000) 2023-06-27 13:39:05 Image size of job updated: 162
	162  -  MemoryUsage of job (MB)
	166820  -  ResidentSetSize of job (KB)
...
006 (2169568.349.000) 2023-06-27 13:40:06 Image size of job updated: 162
	162  -  MemoryUsage of job (MB)
	166864  -  ResidentSetSize of job (KB)
...
040 (2169568.349.000) 2023-06-27 13:41:55 Started transferring output files
...
040 (2169568.349.000) 2023-06-27 13:41:55 Finished transferring output files
...
005 (2169568.349.000) 2023-06-27 13:41:56 Job terminated.
	(1) Normal termination (return value 0)
		Usr 0 00:10:38, Sys 0 00:00:25  -  Run Remote Usage
		Usr 0 00:00:00, Sys 0 00:00:00  -  Run Local Usage
		Usr 0 00:10:38, Sys 0 00:00:25  -  Total Remote Usage
		Usr 0 00:00:00, Sys 0 00:00:00  -  Total Local Usage
	161315  -  Run Bytes Sent By Job
	224545  -  Run Bytes Received By Job
	161315  -  Total Bytes Sent By Job
	224545  -  Total Bytes Received By Job
	Partitionable Resources :    Usage  Request Allocated 
	   Cpus                 :        0        1         1 
	   Disk (KB)            :      926      225   1635897 
	   Memory (MB)          :      162     2048      2048 

	Job terminated of its own accord at 2023-06-27T18:41:54Z with exit-code 0.
...
