000 (2169568.281.000) 2023-06-27 13:09:12 Job submitted from host: <131.225.189.251:9618?addrs=131.225.189.251-9618+[2620-6a-0-8421--e8]-9618&alias=lpcschedd4.fnal.gov&noUDP&sock=schedd_2018_c235>
...
040 (2169568.281.000) 2023-06-27 13:29:38 Started transferring input files
	Transferring to host: <131.225.188.210:9618?addrs=[2620-6a-0-8421-f0-0-188-210]-9618+131.225.188.210-9618&alias=cmswn2067.fnal.gov&noUDP&sock=slot1_48_2009_45ab_46591>
...
040 (2169568.281.000) 2023-06-27 13:29:38 Finished transferring input files
...
001 (2169568.281.000) 2023-06-27 13:29:38 Job executing on host: <131.225.188.210:9618?addrs=[2620-6a-0-8421-f0-0-188-210]-9618+131.225.188.210-9618&alias=cmswn2067.fnal.gov&noUDP&sock=startd_1928_06af>
...
006 (2169568.281.000) 2023-06-27 13:29:47 Image size of job updated: 14
	14  -  MemoryUsage of job (MB)
	14636  -  ResidentSetSize of job (KB)
...
006 (2169568.281.000) 2023-06-27 13:30:48 Image size of job updated: 160
	160  -  MemoryUsage of job (MB)
	163856  -  ResidentSetSize of job (KB)
...
006 (2169568.281.000) 2023-06-27 13:31:49 Image size of job updated: 160
	160  -  MemoryUsage of job (MB)
	163872  -  ResidentSetSize of job (KB)
...
006 (2169568.281.000) 2023-06-27 13:32:50 Image size of job updated: 160
	160  -  MemoryUsage of job (MB)
	163892  -  ResidentSetSize of job (KB)
...
006 (2169568.281.000) 2023-06-27 13:33:50 Image size of job updated: 160
	160  -  MemoryUsage of job (MB)
	163916  -  ResidentSetSize of job (KB)
...
006 (2169568.281.000) 2023-06-27 13:36:52 Image size of job updated: 160
	160  -  MemoryUsage of job (MB)
	164020  -  ResidentSetSize of job (KB)
...
006 (2169568.281.000) 2023-06-27 13:38:54 Image size of job updated: 160
	160  -  MemoryUsage of job (MB)
	164024  -  ResidentSetSize of job (KB)
...
006 (2169568.281.000) 2023-06-27 13:42:56 Image size of job updated: 160
	160  -  MemoryUsage of job (MB)
	164040  -  ResidentSetSize of job (KB)
...
040 (2169568.281.000) 2023-06-27 13:43:23 Started transferring output files
...
040 (2169568.281.000) 2023-06-27 13:43:23 Finished transferring output files
...
005 (2169568.281.000) 2023-06-27 13:43:25 Job terminated.
	(1) Normal termination (return value 0)
		Usr 0 00:11:49, Sys 0 00:00:28  -  Run Remote Usage
		Usr 0 00:00:00, Sys 0 00:00:00  -  Run Local Usage
		Usr 0 00:11:49, Sys 0 00:00:28  -  Total Remote Usage
		Usr 0 00:00:00, Sys 0 00:00:00  -  Total Local Usage
	162760  -  Run Bytes Sent By Job
	224545  -  Run Bytes Received By Job
	162760  -  Total Bytes Sent By Job
	224545  -  Total Bytes Received By Job
	Partitionable Resources :    Usage  Request Allocated 
	   Cpus                 :     0.01        1         1 
	   Disk (KB)            :   928         225   1642278 
	   Memory (MB)          :   160        2048      2048 

	Job terminated of its own accord at 2023-06-27T18:43:23Z with exit-code 0.
...
