000 (2169568.045.000) 2023-06-27 13:09:10 Job submitted from host: <131.225.189.251:9618?addrs=131.225.189.251-9618+[2620-6a-0-8421--e8]-9618&alias=lpcschedd4.fnal.gov&noUDP&sock=schedd_2018_c235>
...
040 (2169568.045.000) 2023-06-27 13:18:33 Started transferring input files
	Transferring to host: <131.225.188.210:9618?addrs=[2620-6a-0-8421-f0-0-188-210]-9618+131.225.188.210-9618&alias=cmswn2067.fnal.gov&noUDP&sock=slot1_21_2009_45ab_46584>
...
040 (2169568.045.000) 2023-06-27 13:18:33 Finished transferring input files
...
001 (2169568.045.000) 2023-06-27 13:18:33 Job executing on host: <131.225.188.210:9618?addrs=[2620-6a-0-8421-f0-0-188-210]-9618+131.225.188.210-9618&alias=cmswn2067.fnal.gov&noUDP&sock=startd_1928_06af>
...
006 (2169568.045.000) 2023-06-27 13:18:42 Image size of job updated: 33
	33  -  MemoryUsage of job (MB)
	33936  -  ResidentSetSize of job (KB)
...
006 (2169568.045.000) 2023-06-27 13:19:43 Image size of job updated: 138
	138  -  MemoryUsage of job (MB)
	141952  -  ResidentSetSize of job (KB)
...
006 (2169568.045.000) 2023-06-27 13:20:43 Image size of job updated: 138
	138  -  MemoryUsage of job (MB)
	142012  -  ResidentSetSize of job (KB)
...
006 (2169568.045.000) 2023-06-27 13:21:37 Image size of job updated: 138
	138  -  MemoryUsage of job (MB)
	142028  -  ResidentSetSize of job (KB)
...
040 (2169568.045.000) 2023-06-27 13:21:37 Started transferring output files
...
040 (2169568.045.000) 2023-06-27 13:21:37 Finished transferring output files
...
005 (2169568.045.000) 2023-06-27 13:21:38 Job terminated.
	(1) Normal termination (return value 0)
		Usr 0 00:02:36, Sys 0 00:00:08  -  Run Remote Usage
		Usr 0 00:00:00, Sys 0 00:00:00  -  Run Local Usage
		Usr 0 00:02:36, Sys 0 00:00:08  -  Total Remote Usage
		Usr 0 00:00:00, Sys 0 00:00:00  -  Total Local Usage
	137139  -  Run Bytes Sent By Job
	224544  -  Run Bytes Received By Job
	137139  -  Total Bytes Sent By Job
	224544  -  Total Bytes Received By Job
	Partitionable Resources :    Usage  Request Allocated 
	   Cpus                 :     0.01        1         1 
	   Disk (KB)            :   902         225   1642278 
	   Memory (MB)          :   138        2048      2048 

	Job terminated of its own accord at 2023-06-27T18:21:37Z with exit-code 0.
...
