000 (2169568.143.000) 2023-06-27 13:09:11 Job submitted from host: <131.225.189.251:9618?addrs=131.225.189.251-9618+[2620-6a-0-8421--e8]-9618&alias=lpcschedd4.fnal.gov&noUDP&sock=schedd_2018_c235>
...
040 (2169568.143.000) 2023-06-27 13:26:21 Started transferring input files
	Transferring to host: <131.225.188.199:9618?addrs=[2620-6a-0-8421-f0-0-188-199]-9618+131.225.188.199-9618&alias=cmswn2064.fnal.gov&noUDP&sock=slot1_47_2008_914b_47207>
...
040 (2169568.143.000) 2023-06-27 13:26:21 Finished transferring input files
...
001 (2169568.143.000) 2023-06-27 13:26:21 Job executing on host: <131.225.188.199:9618?addrs=[2620-6a-0-8421-f0-0-188-199]-9618+131.225.188.199-9618&alias=cmswn2064.fnal.gov&noUDP&sock=startd_1919_da55>
...
006 (2169568.143.000) 2023-06-27 13:26:30 Image size of job updated: 8
	8  -  MemoryUsage of job (MB)
	8588  -  ResidentSetSize of job (KB)
...
006 (2169568.143.000) 2023-06-27 13:27:30 Image size of job updated: 147
	147  -  MemoryUsage of job (MB)
	150528  -  ResidentSetSize of job (KB)
...
006 (2169568.143.000) 2023-06-27 13:28:30 Image size of job updated: 147
	147  -  MemoryUsage of job (MB)
	150576  -  ResidentSetSize of job (KB)
...
006 (2169568.143.000) 2023-06-27 13:30:31 Image size of job updated: 147
	147  -  MemoryUsage of job (MB)
	150592  -  ResidentSetSize of job (KB)
...
040 (2169568.143.000) 2023-06-27 13:31:36 Started transferring output files
...
040 (2169568.143.000) 2023-06-27 13:31:36 Finished transferring output files
...
005 (2169568.143.000) 2023-06-27 13:31:37 Job terminated.
	(1) Normal termination (return value 0)
		Usr 0 00:04:44, Sys 0 00:00:12  -  Run Remote Usage
		Usr 0 00:00:00, Sys 0 00:00:00  -  Run Local Usage
		Usr 0 00:04:44, Sys 0 00:00:12  -  Total Remote Usage
		Usr 0 00:00:00, Sys 0 00:00:00  -  Total Local Usage
	144282  -  Run Bytes Sent By Job
	224545  -  Run Bytes Received By Job
	144282  -  Total Bytes Sent By Job
	224545  -  Total Bytes Received By Job
	Partitionable Resources :    Usage  Request Allocated 
	   Cpus                 :        0        1         1 
	   Disk (KB)            :      910      225   1646337 
	   Memory (MB)          :      147     2048      2048 

	Job terminated of its own accord at 2023-06-27T18:31:36Z with exit-code 0.
...
