000 (2169568.260.000) 2023-06-27 13:09:12 Job submitted from host: <131.225.189.251:9618?addrs=131.225.189.251-9618+[2620-6a-0-8421--e8]-9618&alias=lpcschedd4.fnal.gov&noUDP&sock=schedd_2018_c235>
...
040 (2169568.260.000) 2023-06-27 13:29:32 Started transferring input files
	Transferring to host: <131.225.188.241:9618?addrs=[2620-6a-0-8421-f0-0-188-241]-9618+131.225.188.241-9618&alias=cmswn2073.fnal.gov&noUDP&sock=slot1_7_2021_ba2b_43906>
...
040 (2169568.260.000) 2023-06-27 13:29:32 Finished transferring input files
...
001 (2169568.260.000) 2023-06-27 13:29:32 Job executing on host: <131.225.188.241:9618?addrs=[2620-6a-0-8421-f0-0-188-241]-9618+131.225.188.241-9618&alias=cmswn2073.fnal.gov&noUDP&sock=startd_1930_65df>
...
006 (2169568.260.000) 2023-06-27 13:29:41 Image size of job updated: 43
	43  -  MemoryUsage of job (MB)
	44052  -  ResidentSetSize of job (KB)
...
006 (2169568.260.000) 2023-06-27 13:30:41 Image size of job updated: 160
	160  -  MemoryUsage of job (MB)
	164416  -  ResidentSetSize of job (KB)
...
006 (2169568.260.000) 2023-06-27 13:31:42 Image size of job updated: 160
	160  -  MemoryUsage of job (MB)
	164424  -  ResidentSetSize of job (KB)
...
006 (2169568.260.000) 2023-06-27 13:32:43 Image size of job updated: 160
	160  -  MemoryUsage of job (MB)
	164432  -  ResidentSetSize of job (KB)
...
006 (2169568.260.000) 2023-06-27 13:33:44 Image size of job updated: 160
	160  -  MemoryUsage of job (MB)
	164452  -  ResidentSetSize of job (KB)
...
006 (2169568.260.000) 2023-06-27 13:34:44 Image size of job updated: 160
	160  -  MemoryUsage of job (MB)
	164456  -  ResidentSetSize of job (KB)
...
006 (2169568.260.000) 2023-06-27 13:39:46 Image size of job updated: 160
	160  -  MemoryUsage of job (MB)
	164564  -  ResidentSetSize of job (KB)
...
006 (2169568.260.000) 2023-06-27 13:42:42 Image size of job updated: 160
	160  -  MemoryUsage of job (MB)
	164588  -  ResidentSetSize of job (KB)
...
040 (2169568.260.000) 2023-06-27 13:42:43 Started transferring output files
...
040 (2169568.260.000) 2023-06-27 13:42:43 Finished transferring output files
...
005 (2169568.260.000) 2023-06-27 13:42:44 Job terminated.
	(1) Normal termination (return value 0)
		Usr 0 00:11:28, Sys 0 00:00:32  -  Run Remote Usage
		Usr 0 00:00:00, Sys 0 00:00:00  -  Run Local Usage
		Usr 0 00:11:28, Sys 0 00:00:32  -  Total Remote Usage
		Usr 0 00:00:00, Sys 0 00:00:00  -  Total Local Usage
	163712  -  Run Bytes Sent By Job
	224545  -  Run Bytes Received By Job
	163712  -  Total Bytes Sent By Job
	224545  -  Total Bytes Received By Job
	Partitionable Resources :    Usage  Request Allocated 
	   Cpus                 :        0        1         1 
	   Disk (KB)            :      929      225   1631690 
	   Memory (MB)          :      160     2048      2048 

	Job terminated of its own accord at 2023-06-27T18:42:42Z with exit-code 0.
...
