000 (2169568.130.000) 2023-06-27 13:09:11 Job submitted from host: <131.225.189.251:9618?addrs=131.225.189.251-9618+[2620-6a-0-8421--e8]-9618&alias=lpcschedd4.fnal.gov&noUDP&sock=schedd_2018_c235>
...
040 (2169568.130.000) 2023-06-27 13:25:22 Started transferring input files
	Transferring to host: <131.225.188.210:9618?addrs=[2620-6a-0-8421-f0-0-188-210]-9618+131.225.188.210-9618&alias=cmswn2067.fnal.gov&noUDP&sock=slot1_25_2009_45ab_46587>
...
040 (2169568.130.000) 2023-06-27 13:25:22 Finished transferring input files
...
001 (2169568.130.000) 2023-06-27 13:25:22 Job executing on host: <131.225.188.210:9618?addrs=[2620-6a-0-8421-f0-0-188-210]-9618+131.225.188.210-9618&alias=cmswn2067.fnal.gov&noUDP&sock=startd_1928_06af>
...
006 (2169568.130.000) 2023-06-27 13:25:31 Image size of job updated: 17
	17  -  MemoryUsage of job (MB)
	18204  -  ResidentSetSize of job (KB)
...
006 (2169568.130.000) 2023-06-27 13:26:32 Image size of job updated: 141
	141  -  MemoryUsage of job (MB)
	145200  -  ResidentSetSize of job (KB)
...
006 (2169568.130.000) 2023-06-27 13:27:32 Image size of job updated: 141
	141  -  MemoryUsage of job (MB)
	145264  -  ResidentSetSize of job (KB)
...
006 (2169568.130.000) 2023-06-27 13:29:32 Image size of job updated: 141
	141  -  MemoryUsage of job (MB)
	145304  -  ResidentSetSize of job (KB)
...
040 (2169568.130.000) 2023-06-27 13:29:32 Started transferring output files
...
040 (2169568.130.000) 2023-06-27 13:29:32 Finished transferring output files
...
005 (2169568.130.000) 2023-06-27 13:29:34 Job terminated.
	(1) Normal termination (return value 0)
		Usr 0 00:02:40, Sys 0 00:00:08  -  Run Remote Usage
		Usr 0 00:00:00, Sys 0 00:00:00  -  Run Local Usage
		Usr 0 00:02:40, Sys 0 00:00:08  -  Total Remote Usage
		Usr 0 00:00:00, Sys 0 00:00:00  -  Total Local Usage
	142858  -  Run Bytes Sent By Job
	224545  -  Run Bytes Received By Job
	142858  -  Total Bytes Sent By Job
	224545  -  Total Bytes Received By Job
	Partitionable Resources :    Usage  Request Allocated 
	   Cpus                 :     0.01        1         1 
	   Disk (KB)            :   908         225   1642278 
	   Memory (MB)          :   141        2048      2048 

	Job terminated of its own accord at 2023-06-27T18:29:32Z with exit-code 0.
...
