000 (2169568.065.000) 2023-06-27 13:09:10 Job submitted from host: <131.225.189.251:9618?addrs=131.225.189.251-9618+[2620-6a-0-8421--e8]-9618&alias=lpcschedd4.fnal.gov&noUDP&sock=schedd_2018_c235>
...
040 (2169568.065.000) 2023-06-27 13:21:31 Started transferring input files
	Transferring to host: <131.225.189.172:9618?addrs=[2620-6a-0-8421-f0-0-189-172]-9618+131.225.189.172-9618&alias=cmswn2122.fnal.gov&noUDP&sock=slot1_9_2081_00ae_13256>
...
040 (2169568.065.000) 2023-06-27 13:21:31 Finished transferring input files
...
001 (2169568.065.000) 2023-06-27 13:21:31 Job executing on host: <131.225.189.172:9618?addrs=[2620-6a-0-8421-f0-0-189-172]-9618+131.225.189.172-9618&alias=cmswn2122.fnal.gov&noUDP&sock=startd_1910_adfa>
...
006 (2169568.065.000) 2023-06-27 13:21:39 Image size of job updated: 8
	8  -  MemoryUsage of job (MB)
	8580  -  ResidentSetSize of job (KB)
...
006 (2169568.065.000) 2023-06-27 13:22:40 Image size of job updated: 145
	145  -  MemoryUsage of job (MB)
	148816  -  ResidentSetSize of job (KB)
...
006 (2169568.065.000) 2023-06-27 13:24:41 Image size of job updated: 145
	145  -  MemoryUsage of job (MB)
	148820  -  ResidentSetSize of job (KB)
...
006 (2169568.065.000) 2023-06-27 13:25:41 Image size of job updated: 145
	145  -  MemoryUsage of job (MB)
	148840  -  ResidentSetSize of job (KB)
...
006 (2169568.065.000) 2023-06-27 13:26:42 Image size of job updated: 145
	145  -  MemoryUsage of job (MB)
	148844  -  ResidentSetSize of job (KB)
...
040 (2169568.065.000) 2023-06-27 13:26:53 Started transferring output files
...
040 (2169568.065.000) 2023-06-27 13:26:53 Finished transferring output files
...
005 (2169568.065.000) 2023-06-27 13:26:56 Job terminated.
	(1) Normal termination (return value 0)
		Usr 0 00:04:47, Sys 0 00:00:13  -  Run Remote Usage
		Usr 0 00:00:00, Sys 0 00:00:00  -  Run Local Usage
		Usr 0 00:04:47, Sys 0 00:00:13  -  Total Remote Usage
		Usr 0 00:00:00, Sys 0 00:00:00  -  Total Local Usage
	146971  -  Run Bytes Sent By Job
	224544  -  Run Bytes Received By Job
	146971  -  Total Bytes Sent By Job
	224544  -  Total Bytes Received By Job
	Partitionable Resources :    Usage  Request Allocated 
	   Cpus                 :        0        1         1 
	   Disk (KB)            :      912      225   3469276 
	   Memory (MB)          :      145     2048      2048 

	Job terminated of its own accord at 2023-06-27T18:26:53Z with exit-code 0.
...
