000 (2169568.269.000) 2023-06-27 13:09:12 Job submitted from host: <131.225.189.251:9618?addrs=131.225.189.251-9618+[2620-6a-0-8421--e8]-9618&alias=lpcschedd4.fnal.gov&noUDP&sock=schedd_2018_c235>
...
040 (2169568.269.000) 2023-06-27 13:29:34 Started transferring input files
	Transferring to host: <131.225.188.34:9618?addrs=[2620-6a-0-8421-f0-0-188-34]-9618+131.225.188.34-9618&alias=cmswn2026.fnal.gov&noUDP&sock=slot1_43_2019_516b_50684>
...
040 (2169568.269.000) 2023-06-27 13:29:34 Finished transferring input files
...
001 (2169568.269.000) 2023-06-27 13:29:34 Job executing on host: <131.225.188.34:9618?addrs=[2620-6a-0-8421-f0-0-188-34]-9618+131.225.188.34-9618&alias=cmswn2026.fnal.gov&noUDP&sock=startd_1929_b647>
...
006 (2169568.269.000) 2023-06-27 13:29:43 Image size of job updated: 21
	21  -  MemoryUsage of job (MB)
	22176  -  ResidentSetSize of job (KB)
...
006 (2169568.269.000) 2023-06-27 13:30:44 Image size of job updated: 160
	160  -  MemoryUsage of job (MB)
	164104  -  ResidentSetSize of job (KB)
...
006 (2169568.269.000) 2023-06-27 13:31:45 Image size of job updated: 160
	160  -  MemoryUsage of job (MB)
	164132  -  ResidentSetSize of job (KB)
...
006 (2169568.269.000) 2023-06-27 13:33:46 Image size of job updated: 160
	160  -  MemoryUsage of job (MB)
	164160  -  ResidentSetSize of job (KB)
...
006 (2169568.269.000) 2023-06-27 13:34:47 Image size of job updated: 160
	160  -  MemoryUsage of job (MB)
	164164  -  ResidentSetSize of job (KB)
...
006 (2169568.269.000) 2023-06-27 13:35:48 Image size of job updated: 160
	160  -  MemoryUsage of job (MB)
	164172  -  ResidentSetSize of job (KB)
...
006 (2169568.269.000) 2023-06-27 13:36:48 Image size of job updated: 160
	160  -  MemoryUsage of job (MB)
	164296  -  ResidentSetSize of job (KB)
...
006 (2169568.269.000) 2023-06-27 13:42:51 Image size of job updated: 160
	160  -  MemoryUsage of job (MB)
	164300  -  ResidentSetSize of job (KB)
...
040 (2169568.269.000) 2023-06-27 13:42:53 Started transferring output files
...
040 (2169568.269.000) 2023-06-27 13:42:53 Finished transferring output files
...
005 (2169568.269.000) 2023-06-27 13:42:55 Job terminated.
	(1) Normal termination (return value 0)
		Usr 0 00:11:04, Sys 0 00:00:28  -  Run Remote Usage
		Usr 0 00:00:00, Sys 0 00:00:00  -  Run Local Usage
		Usr 0 00:11:04, Sys 0 00:00:28  -  Total Remote Usage
		Usr 0 00:00:00, Sys 0 00:00:00  -  Total Local Usage
	164541  -  Run Bytes Sent By Job
	224545  -  Run Bytes Received By Job
	164541  -  Total Bytes Sent By Job
	224545  -  Total Bytes Received By Job
	Partitionable Resources :    Usage  Request Allocated 
	   Cpus                 :        0        1         1 
	   Disk (KB)            :      929      225   1636992 
	   Memory (MB)          :      160     2048      2048 

	Job terminated of its own accord at 2023-06-27T18:42:53Z with exit-code 0.
...
