000 (2169568.091.000) 2023-06-27 13:09:11 Job submitted from host: <131.225.189.251:9618?addrs=131.225.189.251-9618+[2620-6a-0-8421--e8]-9618&alias=lpcschedd4.fnal.gov&noUDP&sock=schedd_2018_c235>
...
040 (2169568.091.000) 2023-06-27 13:23:31 Started transferring input files
	Transferring to host: <131.225.188.17:9618?addrs=[2620-6a-0-8421-f0-0-188-17]-9618+131.225.188.17-9618&alias=cmswn2020.fnal.gov&noUDP&sock=slot1_19_2025_8bab_45968>
...
040 (2169568.091.000) 2023-06-27 13:23:31 Finished transferring input files
...
001 (2169568.091.000) 2023-06-27 13:23:31 Job executing on host: <131.225.188.17:9618?addrs=[2620-6a-0-8421-f0-0-188-17]-9618+131.225.188.17-9618&alias=cmswn2020.fnal.gov&noUDP&sock=startd_1921_3985>
...
006 (2169568.091.000) 2023-06-27 13:23:40 Image size of job updated: 37
	37  -  MemoryUsage of job (MB)
	38780  -  ResidentSetSize of job (KB)
...
006 (2169568.091.000) 2023-06-27 13:24:40 Image size of job updated: 152
	152  -  MemoryUsage of job (MB)
	156224  -  ResidentSetSize of job (KB)
...
006 (2169568.091.000) 2023-06-27 13:25:41 Image size of job updated: 152
	152  -  MemoryUsage of job (MB)
	156236  -  ResidentSetSize of job (KB)
...
006 (2169568.091.000) 2023-06-27 13:26:42 Image size of job updated: 152
	152  -  MemoryUsage of job (MB)
	156252  -  ResidentSetSize of job (KB)
...
006 (2169568.091.000) 2023-06-27 13:27:42 Image size of job updated: 152
	152  -  MemoryUsage of job (MB)
	156272  -  ResidentSetSize of job (KB)
...
006 (2169568.091.000) 2023-06-27 13:28:42 Image size of job updated: 152
	152  -  MemoryUsage of job (MB)
	156280  -  ResidentSetSize of job (KB)
...
006 (2169568.091.000) 2023-06-27 13:31:42 Image size of job updated: 152
	152  -  MemoryUsage of job (MB)
	156408  -  ResidentSetSize of job (KB)
...
006 (2169568.091.000) 2023-06-27 13:32:43 Image size of job updated: 152
	152  -  MemoryUsage of job (MB)
	156428  -  ResidentSetSize of job (KB)
...
040 (2169568.091.000) 2023-06-27 13:32:46 Started transferring output files
...
040 (2169568.091.000) 2023-06-27 13:32:46 Finished transferring output files
...
005 (2169568.091.000) 2023-06-27 13:32:47 Job terminated.
	(1) Normal termination (return value 0)
		Usr 0 00:08:17, Sys 0 00:00:19  -  Run Remote Usage
		Usr 0 00:00:00, Sys 0 00:00:00  -  Run Local Usage
		Usr 0 00:08:17, Sys 0 00:00:19  -  Total Remote Usage
		Usr 0 00:00:00, Sys 0 00:00:00  -  Total Local Usage
	153531  -  Run Bytes Sent By Job
	224544  -  Run Bytes Received By Job
	153531  -  Total Bytes Sent By Job
	224544  -  Total Bytes Received By Job
	Partitionable Resources :    Usage  Request Allocated 
	   Cpus                 :        0        1         1 
	   Disk (KB)            :      919      225   1632973 
	   Memory (MB)          :      152     2048      2048 

	Job terminated of its own accord at 2023-06-27T18:32:46Z with exit-code 0.
...
