000 (2169568.253.000) 2023-06-27 13:09:12 Job submitted from host: <131.225.189.251:9618?addrs=131.225.189.251-9618+[2620-6a-0-8421--e8]-9618&alias=lpcschedd4.fnal.gov&noUDP&sock=schedd_2018_c235>
...
040 (2169568.253.000) 2023-06-27 13:29:29 Started transferring input files
	Transferring to host: <131.225.189.47:9618?addrs=[2620-6a-0-8421-f0-0-189-47]-9618+131.225.189.47-9618&alias=cmswn2096.fnal.gov&noUDP&sock=slot1_4_2090_580e_13794>
...
040 (2169568.253.000) 2023-06-27 13:29:29 Finished transferring input files
...
001 (2169568.253.000) 2023-06-27 13:29:29 Job executing on host: <131.225.189.47:9618?addrs=[2620-6a-0-8421-f0-0-189-47]-9618+131.225.189.47-9618&alias=cmswn2096.fnal.gov&noUDP&sock=startd_2003_7849>
...
006 (2169568.253.000) 2023-06-27 13:29:37 Image size of job updated: 20
	20  -  MemoryUsage of job (MB)
	20580  -  ResidentSetSize of job (KB)
...
006 (2169568.253.000) 2023-06-27 13:30:37 Image size of job updated: 174
	174  -  MemoryUsage of job (MB)
	178700  -  ResidentSetSize of job (KB)
...
006 (2169568.253.000) 2023-06-27 13:31:38 Image size of job updated: 174
	174  -  MemoryUsage of job (MB)
	179104  -  ResidentSetSize of job (KB)
...
006 (2169568.253.000) 2023-06-27 13:32:38 Image size of job updated: 175
	175  -  MemoryUsage of job (MB)
	179300  -  ResidentSetSize of job (KB)
...
006 (2169568.253.000) 2023-06-27 13:35:40 Image size of job updated: 175
	175  -  MemoryUsage of job (MB)
	179304  -  ResidentSetSize of job (KB)
...
006 (2169568.253.000) 2023-06-27 13:39:42 Image size of job updated: 175
	175  -  MemoryUsage of job (MB)
	179420  -  ResidentSetSize of job (KB)
...
040 (2169568.253.000) 2023-06-27 13:39:56 Started transferring output files
...
040 (2169568.253.000) 2023-06-27 13:39:56 Finished transferring output files
...
005 (2169568.253.000) 2023-06-27 13:39:57 Job terminated.
	(1) Normal termination (return value 0)
		Usr 0 00:09:03, Sys 0 00:00:24  -  Run Remote Usage
		Usr 0 00:00:00, Sys 0 00:00:00  -  Run Local Usage
		Usr 0 00:09:03, Sys 0 00:00:24  -  Total Remote Usage
		Usr 0 00:00:00, Sys 0 00:00:00  -  Total Local Usage
	153552  -  Run Bytes Sent By Job
	224545  -  Run Bytes Received By Job
	153552  -  Total Bytes Sent By Job
	224545  -  Total Bytes Received By Job
	Partitionable Resources :    Usage  Request Allocated 
	   Cpus                 :        0        1         1 
	   Disk (KB)            :      917      225   1635897 
	   Memory (MB)          :      175     2048      2048 

	Job terminated of its own accord at 2023-06-27T18:39:56Z with exit-code 0.
...
