000 (2169568.419.000) 2023-06-27 13:09:13 Job submitted from host: <131.225.189.251:9618?addrs=131.225.189.251-9618+[2620-6a-0-8421--e8]-9618&alias=lpcschedd4.fnal.gov&noUDP&sock=schedd_2018_c235>
...
040 (2169568.419.000) 2023-06-27 13:30:08 Started transferring input files
	Transferring to host: <131.225.188.25:9618?addrs=[2620-6a-0-8421-f0-0-188-25]-9618+131.225.188.25-9618&alias=cmswn2025.fnal.gov&noUDP&sock=slot1_51_2021_ba2b_56542>
...
001 (2169568.419.000) 2023-06-27 13:30:08 Job executing on host: <131.225.188.25:9618?addrs=[2620-6a-0-8421-f0-0-188-25]-9618+131.225.188.25-9618&alias=cmswn2025.fnal.gov&noUDP&sock=startd_1925_f7e6>
...
040 (2169568.419.000) 2023-06-27 13:30:08 Finished transferring input files
...
006 (2169568.419.000) 2023-06-27 13:31:17 Image size of job updated: 155
	155  -  MemoryUsage of job (MB)
	159112  -  ResidentSetSize of job (KB)
...
006 (2169568.419.000) 2023-06-27 13:32:17 Image size of job updated: 155
	155  -  MemoryUsage of job (MB)
	159148  -  ResidentSetSize of job (KB)
...
006 (2169568.419.000) 2023-06-27 13:33:17 Image size of job updated: 155
	155  -  MemoryUsage of job (MB)
	159164  -  ResidentSetSize of job (KB)
...
006 (2169568.419.000) 2023-06-27 13:34:17 Image size of job updated: 155
	155  -  MemoryUsage of job (MB)
	159180  -  ResidentSetSize of job (KB)
...
006 (2169568.419.000) 2023-06-27 13:36:19 Image size of job updated: 155
	155  -  MemoryUsage of job (MB)
	159184  -  ResidentSetSize of job (KB)
...
006 (2169568.419.000) 2023-06-27 13:37:20 Image size of job updated: 155
	155  -  MemoryUsage of job (MB)
	159196  -  ResidentSetSize of job (KB)
...
006 (2169568.419.000) 2023-06-27 13:40:22 Image size of job updated: 155
	155  -  MemoryUsage of job (MB)
	159304  -  ResidentSetSize of job (KB)
...
040 (2169568.419.000) 2023-06-27 13:40:35 Started transferring output files
...
040 (2169568.419.000) 2023-06-27 13:40:35 Finished transferring output files
...
005 (2169568.419.000) 2023-06-27 13:40:36 Job terminated.
	(1) Normal termination (return value 0)
		Usr 0 00:09:11, Sys 0 00:00:22  -  Run Remote Usage
		Usr 0 00:00:00, Sys 0 00:00:00  -  Run Local Usage
		Usr 0 00:09:11, Sys 0 00:00:22  -  Total Remote Usage
		Usr 0 00:00:00, Sys 0 00:00:00  -  Total Local Usage
	158205  -  Run Bytes Sent By Job
	224545  -  Run Bytes Received By Job
	158205  -  Total Bytes Sent By Job
	224545  -  Total Bytes Received By Job
	Partitionable Resources :    Usage  Request Allocated 
	   Cpus                 :        0        1         1 
	   Disk (KB)            :      924      225   1633296 
	   Memory (MB)          :      155     2048      2048 

	Job terminated of its own accord at 2023-06-27T18:40:35Z with exit-code 0.
...
