000 (2169568.374.000) 2023-06-27 13:09:13 Job submitted from host: <131.225.189.251:9618?addrs=131.225.189.251-9618+[2620-6a-0-8421--e8]-9618&alias=lpcschedd4.fnal.gov&noUDP&sock=schedd_2018_c235>
...
040 (2169568.374.000) 2023-06-27 13:29:57 Started transferring input files
	Transferring to host: <131.225.189.62:9618?addrs=[2620-6a-0-8421-f0-0-189-62]-9618+131.225.189.62-9618&alias=cmswn2077.fnal.gov&noUDP&sock=slot1_50_2107_526f_47404>
...
040 (2169568.374.000) 2023-06-27 13:29:57 Finished transferring input files
...
001 (2169568.374.000) 2023-06-27 13:29:57 Job executing on host: <131.225.189.62:9618?addrs=[2620-6a-0-8421-f0-0-189-62]-9618+131.225.189.62-9618&alias=cmswn2077.fnal.gov&noUDP&sock=startd_2017_129d>
...
006 (2169568.374.000) 2023-06-27 13:30:06 Image size of job updated: 38
	38  -  MemoryUsage of job (MB)
	39236  -  ResidentSetSize of job (KB)
...
006 (2169568.374.000) 2023-06-27 13:31:06 Image size of job updated: 159
	159  -  MemoryUsage of job (MB)
	163572  -  ResidentSetSize of job (KB)
...
006 (2169568.374.000) 2023-06-27 13:32:07 Image size of job updated: 159
	159  -  MemoryUsage of job (MB)
	163592  -  ResidentSetSize of job (KB)
...
006 (2169568.374.000) 2023-06-27 13:34:11 Image size of job updated: 159
	159  -  MemoryUsage of job (MB)
	163596  -  ResidentSetSize of job (KB)
...
006 (2169568.374.000) 2023-06-27 13:35:13 Image size of job updated: 159
	159  -  MemoryUsage of job (MB)
	163704  -  ResidentSetSize of job (KB)
...
040 (2169568.374.000) 2023-06-27 13:43:59 Started transferring output files
...
040 (2169568.374.000) 2023-06-27 13:43:59 Finished transferring output files
...
005 (2169568.374.000) 2023-06-27 13:44:00 Job terminated.
	(1) Normal termination (return value 0)
		Usr 0 00:11:43, Sys 0 00:00:30  -  Run Remote Usage
		Usr 0 00:00:00, Sys 0 00:00:00  -  Run Local Usage
		Usr 0 00:11:43, Sys 0 00:00:30  -  Total Remote Usage
		Usr 0 00:00:00, Sys 0 00:00:00  -  Total Local Usage
	163117  -  Run Bytes Sent By Job
	224545  -  Run Bytes Received By Job
	163117  -  Total Bytes Sent By Job
	224545  -  Total Bytes Received By Job
	Partitionable Resources :    Usage  Request Allocated 
	   Cpus                 :        0        1         1 
	   Disk (KB)            :      928      225   1621207 
	   Memory (MB)          :      159     2048      2048 

	Job terminated of its own accord at 2023-06-27T18:43:59Z with exit-code 0.
...
