000 (2169568.062.000) 2023-06-27 13:09:10 Job submitted from host: <131.225.189.251:9618?addrs=131.225.189.251-9618+[2620-6a-0-8421--e8]-9618&alias=lpcschedd4.fnal.gov&noUDP&sock=schedd_2018_c235>
...
040 (2169568.062.000) 2023-06-27 13:20:51 Started transferring input files
	Transferring to host: <131.225.188.25:9618?addrs=[2620-6a-0-8421-f0-0-188-25]-9618+131.225.188.25-9618&alias=cmswn2025.fnal.gov&noUDP&sock=slot1_20_2021_ba2b_56524>
...
040 (2169568.062.000) 2023-06-27 13:20:51 Finished transferring input files
...
001 (2169568.062.000) 2023-06-27 13:20:51 Job executing on host: <131.225.188.25:9618?addrs=[2620-6a-0-8421-f0-0-188-25]-9618+131.225.188.25-9618&alias=cmswn2025.fnal.gov&noUDP&sock=startd_1925_f7e6>
...
006 (2169568.062.000) 2023-06-27 13:21:00 Image size of job updated: 13
	13  -  MemoryUsage of job (MB)
	13772  -  ResidentSetSize of job (KB)
...
006 (2169568.062.000) 2023-06-27 13:22:00 Image size of job updated: 143
	143  -  MemoryUsage of job (MB)
	146648  -  ResidentSetSize of job (KB)
...
006 (2169568.062.000) 2023-06-27 13:23:00 Image size of job updated: 143
	143  -  MemoryUsage of job (MB)
	146692  -  ResidentSetSize of job (KB)
...
006 (2169568.062.000) 2023-06-27 13:24:00 Image size of job updated: 143
	143  -  MemoryUsage of job (MB)
	146696  -  ResidentSetSize of job (KB)
...
006 (2169568.062.000) 2023-06-27 13:25:01 Image size of job updated: 143
	143  -  MemoryUsage of job (MB)
	146708  -  ResidentSetSize of job (KB)
...
040 (2169568.062.000) 2023-06-27 13:25:32 Started transferring output files
...
040 (2169568.062.000) 2023-06-27 13:25:32 Finished transferring output files
...
005 (2169568.062.000) 2023-06-27 13:25:33 Job terminated.
	(1) Normal termination (return value 0)
		Usr 0 00:03:39, Sys 0 00:00:10  -  Run Remote Usage
		Usr 0 00:00:00, Sys 0 00:00:00  -  Run Local Usage
		Usr 0 00:03:39, Sys 0 00:00:10  -  Total Remote Usage
		Usr 0 00:00:00, Sys 0 00:00:00  -  Total Local Usage
	144852  -  Run Bytes Sent By Job
	224544  -  Run Bytes Received By Job
	144852  -  Total Bytes Sent By Job
	224544  -  Total Bytes Received By Job
	Partitionable Resources :    Usage  Request Allocated 
	   Cpus                 :        0        1         1 
	   Disk (KB)            :      909      225   1633296 
	   Memory (MB)          :      143     2048      2048 

	Job terminated of its own accord at 2023-06-27T18:25:32Z with exit-code 0.
...
