000 (2169568.246.000) 2023-06-27 13:09:12 Job submitted from host: <131.225.189.251:9618?addrs=131.225.189.251-9618+[2620-6a-0-8421--e8]-9618&alias=lpcschedd4.fnal.gov&noUDP&sock=schedd_2018_c235>
...
040 (2169568.246.000) 2023-06-27 13:29:30 Started transferring input files
	Transferring to host: <131.225.188.17:9618?addrs=[2620-6a-0-8421-f0-0-188-17]-9618+131.225.188.17-9618&alias=cmswn2020.fnal.gov&noUDP&sock=slot1_57_2025_8bab_45975>
...
040 (2169568.246.000) 2023-06-27 13:29:30 Finished transferring input files
...
001 (2169568.246.000) 2023-06-27 13:29:30 Job executing on host: <131.225.188.17:9618?addrs=[2620-6a-0-8421-f0-0-188-17]-9618+131.225.188.17-9618&alias=cmswn2020.fnal.gov&noUDP&sock=startd_1921_3985>
...
006 (2169568.246.000) 2023-06-27 13:29:39 Image size of job updated: 33
	33  -  MemoryUsage of job (MB)
	34420  -  ResidentSetSize of job (KB)
...
006 (2169568.246.000) 2023-06-27 13:30:40 Image size of job updated: 150
	150  -  MemoryUsage of job (MB)
	154432  -  ResidentSetSize of job (KB)
...
006 (2169568.246.000) 2023-06-27 13:31:41 Image size of job updated: 150
	150  -  MemoryUsage of job (MB)
	154448  -  ResidentSetSize of job (KB)
...
006 (2169568.246.000) 2023-06-27 13:32:42 Image size of job updated: 150
	150  -  MemoryUsage of job (MB)
	154452  -  ResidentSetSize of job (KB)
...
006 (2169568.246.000) 2023-06-27 13:33:43 Image size of job updated: 150
	150  -  MemoryUsage of job (MB)
	154472  -  ResidentSetSize of job (KB)
...
006 (2169568.246.000) 2023-06-27 13:34:43 Image size of job updated: 150
	150  -  MemoryUsage of job (MB)
	154588  -  ResidentSetSize of job (KB)
...
040 (2169568.246.000) 2023-06-27 13:36:39 Started transferring output files
...
040 (2169568.246.000) 2023-06-27 13:36:39 Finished transferring output files
...
005 (2169568.246.000) 2023-06-27 13:36:41 Job terminated.
	(1) Normal termination (return value 0)
		Usr 0 00:05:35, Sys 0 00:00:14  -  Run Remote Usage
		Usr 0 00:00:00, Sys 0 00:00:00  -  Run Local Usage
		Usr 0 00:05:35, Sys 0 00:00:14  -  Total Remote Usage
		Usr 0 00:00:00, Sys 0 00:00:00  -  Total Local Usage
	151186  -  Run Bytes Sent By Job
	224545  -  Run Bytes Received By Job
	151186  -  Total Bytes Sent By Job
	224545  -  Total Bytes Received By Job
	Partitionable Resources :    Usage  Request Allocated 
	   Cpus                 :        0        1         1 
	   Disk (KB)            :      917      225   1632973 
	   Memory (MB)          :      150     2048      2048 

	Job terminated of its own accord at 2023-06-27T18:36:39Z with exit-code 0.
...
