000 (2169568.458.000) 2023-06-27 13:09:13 Job submitted from host: <131.225.189.251:9618?addrs=131.225.189.251-9618+[2620-6a-0-8421--e8]-9618&alias=lpcschedd4.fnal.gov&noUDP&sock=schedd_2018_c235>
...
040 (2169568.458.000) 2023-06-27 13:30:17 Started transferring input files
	Transferring to host: <131.225.188.219:9618?addrs=[2620-6a-0-8421-f0-0-188-219]-9618+131.225.188.219-9618&alias=cmswn2070.fnal.gov&noUDP&sock=slot1_12_2110_6f8f_44888>
...
040 (2169568.458.000) 2023-06-27 13:30:17 Finished transferring input files
...
001 (2169568.458.000) 2023-06-27 13:30:17 Job executing on host: <131.225.188.219:9618?addrs=[2620-6a-0-8421-f0-0-188-219]-9618+131.225.188.219-9618&alias=cmswn2070.fnal.gov&noUDP&sock=startd_2019_71cd>
...
006 (2169568.458.000) 2023-06-27 13:31:27 Image size of job updated: 157
	157  -  MemoryUsage of job (MB)
	161516  -  ResidentSetSize of job (KB)
...
006 (2169568.458.000) 2023-06-27 13:32:27 Image size of job updated: 157
	157  -  MemoryUsage of job (MB)
	161556  -  ResidentSetSize of job (KB)
...
006 (2169568.458.000) 2023-06-27 13:33:27 Image size of job updated: 157
	157  -  MemoryUsage of job (MB)
	161584  -  ResidentSetSize of job (KB)
...
006 (2169568.458.000) 2023-06-27 13:34:28 Image size of job updated: 157
	157  -  MemoryUsage of job (MB)
	161588  -  ResidentSetSize of job (KB)
...
006 (2169568.458.000) 2023-06-27 13:37:30 Image size of job updated: 157
	157  -  MemoryUsage of job (MB)
	161712  -  ResidentSetSize of job (KB)
...
006 (2169568.458.000) 2023-06-27 13:41:32 Image size of job updated: 157
	157  -  MemoryUsage of job (MB)
	161728  -  ResidentSetSize of job (KB)
...
040 (2169568.458.000) 2023-06-27 13:41:53 Started transferring output files
...
040 (2169568.458.000) 2023-06-27 13:41:54 Finished transferring output files
...
005 (2169568.458.000) 2023-06-27 13:41:55 Job terminated.
	(1) Normal termination (return value 0)
		Usr 0 00:10:28, Sys 0 00:00:25  -  Run Remote Usage
		Usr 0 00:00:00, Sys 0 00:00:00  -  Run Local Usage
		Usr 0 00:10:28, Sys 0 00:00:25  -  Total Remote Usage
		Usr 0 00:00:00, Sys 0 00:00:00  -  Total Local Usage
	161113  -  Run Bytes Sent By Job
	224545  -  Run Bytes Received By Job
	161113  -  Total Bytes Sent By Job
	224545  -  Total Bytes Received By Job
	Partitionable Resources :    Usage  Request Allocated 
	   Cpus                 :     0.00        1         1 
	   Disk (KB)            :   926         225   1646883 
	   Memory (MB)          :   157        2048      2048 

	Job terminated of its own accord at 2023-06-27T18:41:53Z with exit-code 0.
...
