000 (2169568.403.000) 2023-06-27 13:09:13 Job submitted from host: <131.225.189.251:9618?addrs=131.225.189.251-9618+[2620-6a-0-8421--e8]-9618&alias=lpcschedd4.fnal.gov&noUDP&sock=schedd_2018_c235>
...
040 (2169568.403.000) 2023-06-27 13:30:04 Started transferring input files
	Transferring to host: <131.225.188.184:9618?addrs=[2620-6a-0-8421-f0-0-188-184]-9618+131.225.188.184-9618&alias=cmswn2061.fnal.gov&noUDP&sock=slot1_13_2225_76b4_2671>
...
040 (2169568.403.000) 2023-06-27 13:30:04 Finished transferring input files
...
001 (2169568.403.000) 2023-06-27 13:30:04 Job executing on host: <131.225.188.184:9618?addrs=[2620-6a-0-8421-f0-0-188-184]-9618+131.225.188.184-9618&alias=cmswn2061.fnal.gov&noUDP&sock=startd_2137_61fa>
...
006 (2169568.403.000) 2023-06-27 13:30:14 Image size of job updated: 26
	26  -  MemoryUsage of job (MB)
	27080  -  ResidentSetSize of job (KB)
...
006 (2169568.403.000) 2023-06-27 13:31:14 Image size of job updated: 162
	162  -  MemoryUsage of job (MB)
	166316  -  ResidentSetSize of job (KB)
...
006 (2169568.403.000) 2023-06-27 13:32:15 Image size of job updated: 162
	162  -  MemoryUsage of job (MB)
	166364  -  ResidentSetSize of job (KB)
...
006 (2169568.403.000) 2023-06-27 13:33:16 Image size of job updated: 162
	162  -  MemoryUsage of job (MB)
	166384  -  ResidentSetSize of job (KB)
...
006 (2169568.403.000) 2023-06-27 13:34:17 Image size of job updated: 162
	162  -  MemoryUsage of job (MB)
	166412  -  ResidentSetSize of job (KB)
...
006 (2169568.403.000) 2023-06-27 13:37:19 Image size of job updated: 162
	162  -  MemoryUsage of job (MB)
	166472  -  ResidentSetSize of job (KB)
...
006 (2169568.403.000) 2023-06-27 13:38:19 Image size of job updated: 162
	162  -  MemoryUsage of job (MB)
	166528  -  ResidentSetSize of job (KB)
...
006 (2169568.403.000) 2023-06-27 13:41:21 Image size of job updated: 162
	162  -  MemoryUsage of job (MB)
	166548  -  ResidentSetSize of job (KB)
...
040 (2169568.403.000) 2023-06-27 13:43:06 Started transferring output files
...
040 (2169568.403.000) 2023-06-27 13:43:06 Finished transferring output files
...
005 (2169568.403.000) 2023-06-27 13:43:08 Job terminated.
	(1) Normal termination (return value 0)
		Usr 0 00:10:53, Sys 0 00:00:27  -  Run Remote Usage
		Usr 0 00:00:00, Sys 0 00:00:00  -  Run Local Usage
		Usr 0 00:10:53, Sys 0 00:00:27  -  Total Remote Usage
		Usr 0 00:00:00, Sys 0 00:00:00  -  Total Local Usage
	163369  -  Run Bytes Sent By Job
	224545  -  Run Bytes Received By Job
	163369  -  Total Bytes Sent By Job
	224545  -  Total Bytes Received By Job
	Partitionable Resources :    Usage  Request Allocated 
	   Cpus                 :        0        1         1 
	   Disk (KB)            :      929      225   1627664 
	   Memory (MB)          :      162     2048      2048 

	Job terminated of its own accord at 2023-06-27T18:43:06Z with exit-code 0.
...
