000 (2169568.440.000) 2023-06-27 13:09:13 Job submitted from host: <131.225.189.251:9618?addrs=131.225.189.251-9618+[2620-6a-0-8421--e8]-9618&alias=lpcschedd4.fnal.gov&noUDP&sock=schedd_2018_c235>
...
040 (2169568.440.000) 2023-06-27 13:30:11 Started transferring input files
	Transferring to host: <131.225.189.87:9618?addrs=[2620-6a-0-8421-f0-0-189-87]-9618+131.225.189.87-9618&alias=cmswn2101.fnal.gov&noUDP&sock=slot1_48_2108_06cf_35037>
...
040 (2169568.440.000) 2023-06-27 13:30:11 Finished transferring input files
...
001 (2169568.440.000) 2023-06-27 13:30:11 Job executing on host: <131.225.189.87:9618?addrs=[2620-6a-0-8421-f0-0-189-87]-9618+131.225.189.87-9618&alias=cmswn2101.fnal.gov&noUDP&sock=startd_2019_71cd>
...
006 (2169568.440.000) 2023-06-27 13:31:21 Image size of job updated: 171
	171  -  MemoryUsage of job (MB)
	176032  -  ResidentSetSize of job (KB)
...
006 (2169568.440.000) 2023-06-27 13:32:21 Image size of job updated: 171
	171  -  MemoryUsage of job (MB)
	176068  -  ResidentSetSize of job (KB)
...
006 (2169568.440.000) 2023-06-27 13:33:22 Image size of job updated: 172
	172  -  MemoryUsage of job (MB)
	176628  -  ResidentSetSize of job (KB)
...
006 (2169568.440.000) 2023-06-27 13:34:23 Image size of job updated: 172
	172  -  MemoryUsage of job (MB)
	176636  -  ResidentSetSize of job (KB)
...
006 (2169568.440.000) 2023-06-27 13:35:23 Image size of job updated: 172
	172  -  MemoryUsage of job (MB)
	176644  -  ResidentSetSize of job (KB)
...
040 (2169568.440.000) 2023-06-27 13:37:54 Started transferring output files
...
040 (2169568.440.000) 2023-06-27 13:37:54 Finished transferring output files
...
005 (2169568.440.000) 2023-06-27 13:37:55 Job terminated.
	(1) Normal termination (return value 0)
		Usr 0 00:06:46, Sys 0 00:00:17  -  Run Remote Usage
		Usr 0 00:00:00, Sys 0 00:00:00  -  Run Local Usage
		Usr 0 00:06:46, Sys 0 00:00:17  -  Total Remote Usage
		Usr 0 00:00:00, Sys 0 00:00:00  -  Total Local Usage
	152577  -  Run Bytes Sent By Job
	224545  -  Run Bytes Received By Job
	152577  -  Total Bytes Sent By Job
	224545  -  Total Bytes Received By Job
	Partitionable Resources :    Usage  Request Allocated 
	   Cpus                 :        0        1         1 
	   Disk (KB)            :      916      225   3476116 
	   Memory (MB)          :      172     2048      2048 

	Job terminated of its own accord at 2023-06-27T18:37:54Z with exit-code 0.
...
