000 (2169568.310.000) 2023-06-27 13:09:12 Job submitted from host: <131.225.189.251:9618?addrs=131.225.189.251-9618+[2620-6a-0-8421--e8]-9618&alias=lpcschedd4.fnal.gov&noUDP&sock=schedd_2018_c235>
...
040 (2169568.310.000) 2023-06-27 13:29:44 Started transferring input files
	Transferring to host: <131.225.188.184:9618?addrs=[2620-6a-0-8421-f0-0-188-184]-9618+131.225.188.184-9618&alias=cmswn2061.fnal.gov&noUDP&sock=slot1_5_2225_76b4_2665>
...
040 (2169568.310.000) 2023-06-27 13:29:44 Finished transferring input files
...
001 (2169568.310.000) 2023-06-27 13:29:44 Job executing on host: <131.225.188.184:9618?addrs=[2620-6a-0-8421-f0-0-188-184]-9618+131.225.188.184-9618&alias=cmswn2061.fnal.gov&noUDP&sock=startd_2137_61fa>
...
006 (2169568.310.000) 2023-06-27 13:29:53 Image size of job updated: 43
	43  -  MemoryUsage of job (MB)
	44064  -  ResidentSetSize of job (KB)
...
006 (2169568.310.000) 2023-06-27 13:30:54 Image size of job updated: 148
	148  -  MemoryUsage of job (MB)
	152140  -  ResidentSetSize of job (KB)
...
006 (2169568.310.000) 2023-06-27 13:31:55 Image size of job updated: 148
	148  -  MemoryUsage of job (MB)
	152148  -  ResidentSetSize of job (KB)
...
006 (2169568.310.000) 2023-06-27 13:32:55 Image size of job updated: 148
	148  -  MemoryUsage of job (MB)
	152168  -  ResidentSetSize of job (KB)
...
006 (2169568.310.000) 2023-06-27 13:33:56 Image size of job updated: 148
	148  -  MemoryUsage of job (MB)
	152172  -  ResidentSetSize of job (KB)
...
006 (2169568.310.000) 2023-06-27 13:35:56 Image size of job updated: 148
	148  -  MemoryUsage of job (MB)
	152184  -  ResidentSetSize of job (KB)
...
006 (2169568.310.000) 2023-06-27 13:36:58 Image size of job updated: 148
	148  -  MemoryUsage of job (MB)
	152292  -  ResidentSetSize of job (KB)
...
006 (2169568.310.000) 2023-06-27 13:37:58 Image size of job updated: 148
	148  -  MemoryUsage of job (MB)
	152328  -  ResidentSetSize of job (KB)
...
040 (2169568.310.000) 2023-06-27 13:38:08 Started transferring output files
...
040 (2169568.310.000) 2023-06-27 13:38:08 Finished transferring output files
...
005 (2169568.310.000) 2023-06-27 13:38:10 Job terminated.
	(1) Normal termination (return value 0)
		Usr 0 00:06:52, Sys 0 00:00:19  -  Run Remote Usage
		Usr 0 00:00:00, Sys 0 00:00:00  -  Run Local Usage
		Usr 0 00:06:52, Sys 0 00:00:19  -  Total Remote Usage
		Usr 0 00:00:00, Sys 0 00:00:00  -  Total Local Usage
	155521  -  Run Bytes Sent By Job
	224545  -  Run Bytes Received By Job
	155521  -  Total Bytes Sent By Job
	224545  -  Total Bytes Received By Job
	Partitionable Resources :    Usage  Request Allocated 
	   Cpus                 :        0        1         1 
	   Disk (KB)            :      921      225   1627664 
	   Memory (MB)          :      148     2048      2048 

	Job terminated of its own accord at 2023-06-27T18:38:08Z with exit-code 0.
...
