000 (2169568.398.000) 2023-06-27 13:09:13 Job submitted from host: <131.225.189.251:9618?addrs=131.225.189.251-9618+[2620-6a-0-8421--e8]-9618&alias=lpcschedd4.fnal.gov&noUDP&sock=schedd_2018_c235>
...
040 (2169568.398.000) 2023-06-27 13:30:03 Started transferring input files
	Transferring to host: <131.225.188.76:9618?addrs=[2620-6a-0-8421-f0-0-188-76]-9618+131.225.188.76-9618&alias=cmswn2039.fnal.gov&noUDP&sock=slot1_55_2124_4ccf_59487>
...
001 (2169568.398.000) 2023-06-27 13:30:03 Job executing on host: <131.225.188.76:9618?addrs=[2620-6a-0-8421-f0-0-188-76]-9618+131.225.188.76-9618&alias=cmswn2039.fnal.gov&noUDP&sock=startd_2006_8712>
...
040 (2169568.398.000) 2023-06-27 13:30:03 Finished transferring input files
...
006 (2169568.398.000) 2023-06-27 13:31:14 Image size of job updated: 162
	162  -  MemoryUsage of job (MB)
	166436  -  ResidentSetSize of job (KB)
...
006 (2169568.398.000) 2023-06-27 13:32:14 Image size of job updated: 162
	162  -  MemoryUsage of job (MB)
	166536  -  ResidentSetSize of job (KB)
...
006 (2169568.398.000) 2023-06-27 13:33:14 Image size of job updated: 162
	162  -  MemoryUsage of job (MB)
	166544  -  ResidentSetSize of job (KB)
...
006 (2169568.398.000) 2023-06-27 13:34:15 Image size of job updated: 162
	162  -  MemoryUsage of job (MB)
	166576  -  ResidentSetSize of job (KB)
...
006 (2169568.398.000) 2023-06-27 13:35:15 Image size of job updated: 162
	162  -  MemoryUsage of job (MB)
	166584  -  ResidentSetSize of job (KB)
...
006 (2169568.398.000) 2023-06-27 13:37:15 Image size of job updated: 162
	162  -  MemoryUsage of job (MB)
	166688  -  ResidentSetSize of job (KB)
...
006 (2169568.398.000) 2023-06-27 13:39:17 Image size of job updated: 162
	162  -  MemoryUsage of job (MB)
	166708  -  ResidentSetSize of job (KB)
...
040 (2169568.398.000) 2023-06-27 13:44:12 Started transferring output files
...
040 (2169568.398.000) 2023-06-27 13:44:12 Finished transferring output files
...
005 (2169568.398.000) 2023-06-27 13:44:14 Job terminated.
	(1) Normal termination (return value 0)
		Usr 0 00:12:39, Sys 0 00:00:30  -  Run Remote Usage
		Usr 0 00:00:00, Sys 0 00:00:00  -  Run Local Usage
		Usr 0 00:12:39, Sys 0 00:00:30  -  Total Remote Usage
		Usr 0 00:00:00, Sys 0 00:00:00  -  Total Local Usage
	164579  -  Run Bytes Sent By Job
	224545  -  Run Bytes Received By Job
	164579  -  Total Bytes Sent By Job
	224545  -  Total Bytes Received By Job
	Partitionable Resources :    Usage  Request Allocated 
	   Cpus                 :        0        1         1 
	   Disk (KB)            :      930      225   1642076 
	   Memory (MB)          :      162     2048      2048 

	Job terminated of its own accord at 2023-06-27T18:44:12Z with exit-code 0.
...
