000 (2169568.184.000) 2023-06-27 13:09:11 Job submitted from host: <131.225.189.251:9618?addrs=131.225.189.251-9618+[2620-6a-0-8421--e8]-9618&alias=lpcschedd4.fnal.gov&noUDP&sock=schedd_2018_c235>
...
040 (2169568.184.000) 2023-06-27 13:29:18 Started transferring input files
	Transferring to host: <131.225.189.154:9618?addrs=[2620-6a-0-8421-f0-0-189-154]-9618+131.225.189.154-9618&alias=cmswn2111.fnal.gov&noUDP&sock=slot1_31_2116_a9cf_39743>
...
040 (2169568.184.000) 2023-06-27 13:29:18 Finished transferring input files
...
001 (2169568.184.000) 2023-06-27 13:29:18 Job executing on host: <131.225.189.154:9618?addrs=[2620-6a-0-8421-f0-0-189-154]-9618+131.225.189.154-9618&alias=cmswn2111.fnal.gov&noUDP&sock=startd_2023_302e>
...
006 (2169568.184.000) 2023-06-27 13:29:27 Image size of job updated: 8
	8  -  MemoryUsage of job (MB)
	8596  -  ResidentSetSize of job (KB)
...
006 (2169568.184.000) 2023-06-27 13:30:28 Image size of job updated: 163
	163  -  MemoryUsage of job (MB)
	167032  -  ResidentSetSize of job (KB)
...
006 (2169568.184.000) 2023-06-27 13:31:29 Image size of job updated: 163
	163  -  MemoryUsage of job (MB)
	167048  -  ResidentSetSize of job (KB)
...
006 (2169568.184.000) 2023-06-27 13:32:29 Image size of job updated: 163
	163  -  MemoryUsage of job (MB)
	167060  -  ResidentSetSize of job (KB)
...
006 (2169568.184.000) 2023-06-27 13:33:29 Image size of job updated: 163
	163  -  MemoryUsage of job (MB)
	167080  -  ResidentSetSize of job (KB)
...
006 (2169568.184.000) 2023-06-27 13:34:30 Image size of job updated: 163
	163  -  MemoryUsage of job (MB)
	167088  -  ResidentSetSize of job (KB)
...
006 (2169568.184.000) 2023-06-27 13:36:32 Image size of job updated: 163
	163  -  MemoryUsage of job (MB)
	167188  -  ResidentSetSize of job (KB)
...
006 (2169568.184.000) 2023-06-27 13:39:34 Image size of job updated: 163
	163  -  MemoryUsage of job (MB)
	167204  -  ResidentSetSize of job (KB)
...
006 (2169568.184.000) 2023-06-27 13:41:35 Image size of job updated: 163
	163  -  MemoryUsage of job (MB)
	167208  -  ResidentSetSize of job (KB)
...
006 (2169568.184.000) 2023-06-27 13:43:36 Image size of job updated: 163
	163  -  MemoryUsage of job (MB)
	167224  -  ResidentSetSize of job (KB)
...
040 (2169568.184.000) 2023-06-27 13:43:54 Started transferring output files
...
040 (2169568.184.000) 2023-06-27 13:43:54 Finished transferring output files
...
005 (2169568.184.000) 2023-06-27 13:43:56 Job terminated.
	(1) Normal termination (return value 0)
		Usr 0 00:11:55, Sys 0 00:00:32  -  Run Remote Usage
		Usr 0 00:00:00, Sys 0 00:00:00  -  Run Local Usage
		Usr 0 00:11:55, Sys 0 00:00:32  -  Total Remote Usage
		Usr 0 00:00:00, Sys 0 00:00:00  -  Total Local Usage
	165258  -  Run Bytes Sent By Job
	224545  -  Run Bytes Received By Job
	165258  -  Total Bytes Sent By Job
	224545  -  Total Bytes Received By Job
	Partitionable Resources :    Usage  Request Allocated 
	   Cpus                 :     0.00        1         1 
	   Disk (KB)            :   931         225   3463171 
	   Memory (MB)          :   163        2048      2048 

	Job terminated of its own accord at 2023-06-27T18:43:54Z with exit-code 0.
...
