000 (2169568.428.000) 2023-06-27 13:09:13 Job submitted from host: <131.225.189.251:9618?addrs=131.225.189.251-9618+[2620-6a-0-8421--e8]-9618&alias=lpcschedd4.fnal.gov&noUDP&sock=schedd_2018_c235>
...
040 (2169568.428.000) 2023-06-27 13:30:09 Started transferring input files
	Transferring to host: <131.225.188.241:9618?addrs=[2620-6a-0-8421-f0-0-188-241]-9618+131.225.188.241-9618&alias=cmswn2073.fnal.gov&noUDP&sock=slot1_58_2021_ba2b_43918>
...
040 (2169568.428.000) 2023-06-27 13:30:09 Finished transferring input files
...
001 (2169568.428.000) 2023-06-27 13:30:09 Job executing on host: <131.225.188.241:9618?addrs=[2620-6a-0-8421-f0-0-188-241]-9618+131.225.188.241-9618&alias=cmswn2073.fnal.gov&noUDP&sock=startd_1930_65df>
...
006 (2169568.428.000) 2023-06-27 13:30:18 Image size of job updated: 16
	16  -  MemoryUsage of job (MB)
	16492  -  ResidentSetSize of job (KB)
...
006 (2169568.428.000) 2023-06-27 13:31:18 Image size of job updated: 156
	156  -  MemoryUsage of job (MB)
	159760  -  ResidentSetSize of job (KB)
...
006 (2169568.428.000) 2023-06-27 13:32:18 Image size of job updated: 156
	156  -  MemoryUsage of job (MB)
	159796  -  ResidentSetSize of job (KB)
...
006 (2169568.428.000) 2023-06-27 13:33:19 Image size of job updated: 156
	156  -  MemoryUsage of job (MB)
	160148  -  ResidentSetSize of job (KB)
...
006 (2169568.428.000) 2023-06-27 13:35:20 Image size of job updated: 156
	156  -  MemoryUsage of job (MB)
	160280  -  ResidentSetSize of job (KB)
...
006 (2169568.428.000) 2023-06-27 13:38:22 Image size of job updated: 157
	157  -  MemoryUsage of job (MB)
	161752  -  ResidentSetSize of job (KB)
...
006 (2169568.428.000) 2023-06-27 13:39:22 Image size of job updated: 158
	158  -  MemoryUsage of job (MB)
	161872  -  ResidentSetSize of job (KB)
...
006 (2169568.428.000) 2023-06-27 13:41:24 Image size of job updated: 158
	158  -  MemoryUsage of job (MB)
	161892  -  ResidentSetSize of job (KB)
...
006 (2169568.428.000) 2023-06-27 13:42:21 Image size of job updated: 158
	158  -  MemoryUsage of job (MB)
	161916  -  ResidentSetSize of job (KB)
...
040 (2169568.428.000) 2023-06-27 13:42:21 Started transferring output files
...
040 (2169568.428.000) 2023-06-27 13:42:21 Finished transferring output files
...
005 (2169568.428.000) 2023-06-27 13:42:22 Job terminated.
	(1) Normal termination (return value 0)
		Usr 0 00:10:10, Sys 0 00:00:23  -  Run Remote Usage
		Usr 0 00:00:00, Sys 0 00:00:00  -  Run Local Usage
		Usr 0 00:10:10, Sys 0 00:00:23  -  Total Remote Usage
		Usr 0 00:00:00, Sys 0 00:00:00  -  Total Local Usage
	144741  -  Run Bytes Sent By Job
	224545  -  Run Bytes Received By Job
	144741  -  Total Bytes Sent By Job
	224545  -  Total Bytes Received By Job
	Partitionable Resources :    Usage  Request Allocated 
	   Cpus                 :        0        1         1 
	   Disk (KB)            :      911      225   1631690 
	   Memory (MB)          :      158     2048      2048 

	Job terminated of its own accord at 2023-06-27T18:42:21Z with exit-code 0.
...
