000 (2169568.425.000) 2023-06-27 13:09:13 Job submitted from host: <131.225.189.251:9618?addrs=131.225.189.251-9618+[2620-6a-0-8421--e8]-9618&alias=lpcschedd4.fnal.gov&noUDP&sock=schedd_2018_c235>
...
040 (2169568.425.000) 2023-06-27 13:30:08 Started transferring input files
	Transferring to host: <131.225.188.137:9618?addrs=[2620-6a-0-8421-f0-0-188-137]-9618+131.225.188.137-9618&alias=cmswn2050.fnal.gov&noUDP&sock=slot1_56_2128_1e50_2023>
...
040 (2169568.425.000) 2023-06-27 13:30:08 Finished transferring input files
...
001 (2169568.425.000) 2023-06-27 13:30:08 Job executing on host: <131.225.188.137:9618?addrs=[2620-6a-0-8421-f0-0-188-137]-9618+131.225.188.137-9618&alias=cmswn2050.fnal.gov&noUDP&sock=startd_1943_509a>
...
006 (2169568.425.000) 2023-06-27 13:31:21 Image size of job updated: 151
	151  -  MemoryUsage of job (MB)
	155544  -  ResidentSetSize of job (KB)
...
006 (2169568.425.000) 2023-06-27 13:32:22 Image size of job updated: 151
	151  -  MemoryUsage of job (MB)
	155588  -  ResidentSetSize of job (KB)
...
006 (2169568.425.000) 2023-06-27 13:33:23 Image size of job updated: 151
	151  -  MemoryUsage of job (MB)
	155596  -  ResidentSetSize of job (KB)
...
006 (2169568.425.000) 2023-06-27 13:34:23 Image size of job updated: 151
	151  -  MemoryUsage of job (MB)
	155600  -  ResidentSetSize of job (KB)
...
006 (2169568.425.000) 2023-06-27 13:35:24 Image size of job updated: 151
	151  -  MemoryUsage of job (MB)
	155612  -  ResidentSetSize of job (KB)
...
006 (2169568.425.000) 2023-06-27 13:37:24 Image size of job updated: 151
	151  -  MemoryUsage of job (MB)
	155620  -  ResidentSetSize of job (KB)
...
040 (2169568.425.000) 2023-06-27 13:40:42 Started transferring output files
...
040 (2169568.425.000) 2023-06-27 13:40:42 Finished transferring output files
...
005 (2169568.425.000) 2023-06-27 13:40:44 Job terminated.
	(1) Normal termination (return value 0)
		Usr 0 00:08:22, Sys 0 00:00:20  -  Run Remote Usage
		Usr 0 00:00:00, Sys 0 00:00:00  -  Run Local Usage
		Usr 0 00:08:22, Sys 0 00:00:20  -  Total Remote Usage
		Usr 0 00:00:00, Sys 0 00:00:00  -  Total Local Usage
	157133  -  Run Bytes Sent By Job
	224545  -  Run Bytes Received By Job
	157133  -  Total Bytes Sent By Job
	224545  -  Total Bytes Received By Job
	Partitionable Resources :    Usage  Request Allocated 
	   Cpus                 :        0        1         1 
	   Disk (KB)            :      922      225   1634154 
	   Memory (MB)          :      151     2048      2048 

	Job terminated of its own accord at 2023-06-27T18:40:41Z with exit-code 0.
...
