000 (2169568.160.000) 2023-06-27 13:09:11 Job submitted from host: <131.225.189.251:9618?addrs=131.225.189.251-9618+[2620-6a-0-8421--e8]-9618&alias=lpcschedd4.fnal.gov&noUDP&sock=schedd_2018_c235>
...
040 (2169568.160.000) 2023-06-27 13:27:39 Started transferring input files
	Transferring to host: <131.225.188.179:9618?addrs=[2620-6a-0-8421-f0-0-188-179]-9618+131.225.188.179-9618&alias=cmswn2059.fnal.gov&noUDP&sock=slot1_26_2012_62cb_14991>
...
040 (2169568.160.000) 2023-06-27 13:27:39 Finished transferring input files
...
001 (2169568.160.000) 2023-06-27 13:27:39 Job executing on host: <131.225.188.179:9618?addrs=[2620-6a-0-8421-f0-0-188-179]-9618+131.225.188.179-9618&alias=cmswn2059.fnal.gov&noUDP&sock=startd_1929_b647>
...
006 (2169568.160.000) 2023-06-27 13:27:48 Image size of job updated: 8
	8  -  MemoryUsage of job (MB)
	8588  -  ResidentSetSize of job (KB)
...
006 (2169568.160.000) 2023-06-27 13:28:48 Image size of job updated: 153
	153  -  MemoryUsage of job (MB)
	157092  -  ResidentSetSize of job (KB)
...
006 (2169568.160.000) 2023-06-27 13:29:48 Image size of job updated: 157
	157  -  MemoryUsage of job (MB)
	161000  -  ResidentSetSize of job (KB)
...
006 (2169568.160.000) 2023-06-27 13:30:48 Image size of job updated: 157
	157  -  MemoryUsage of job (MB)
	161064  -  ResidentSetSize of job (KB)
...
006 (2169568.160.000) 2023-06-27 13:31:48 Image size of job updated: 157
	157  -  MemoryUsage of job (MB)
	161084  -  ResidentSetSize of job (KB)
...
006 (2169568.160.000) 2023-06-27 13:33:50 Image size of job updated: 157
	157  -  MemoryUsage of job (MB)
	161092  -  ResidentSetSize of job (KB)
...
006 (2169568.160.000) 2023-06-27 13:35:51 Image size of job updated: 157
	157  -  MemoryUsage of job (MB)
	161120  -  ResidentSetSize of job (KB)
...
006 (2169568.160.000) 2023-06-27 13:38:53 Image size of job updated: 157
	157  -  MemoryUsage of job (MB)
	161264  -  ResidentSetSize of job (KB)
...
006 (2169568.160.000) 2023-06-27 13:42:56 Image size of job updated: 157
	157  -  MemoryUsage of job (MB)
	161268  -  ResidentSetSize of job (KB)
...
006 (2169568.160.000) 2023-06-27 13:43:56 Image size of job updated: 157
	157  -  MemoryUsage of job (MB)
	161276  -  ResidentSetSize of job (KB)
...
040 (2169568.160.000) 2023-06-27 13:45:15 Started transferring output files
...
040 (2169568.160.000) 2023-06-27 13:45:15 Finished transferring output files
...
005 (2169568.160.000) 2023-06-27 13:45:16 Job terminated.
	(1) Normal termination (return value 0)
		Usr 0 00:10:49, Sys 0 00:00:28  -  Run Remote Usage
		Usr 0 00:00:00, Sys 0 00:00:00  -  Run Local Usage
		Usr 0 00:10:49, Sys 0 00:00:28  -  Total Remote Usage
		Usr 0 00:00:00, Sys 0 00:00:00  -  Total Local Usage
	162206  -  Run Bytes Sent By Job
	224545  -  Run Bytes Received By Job
	162206  -  Total Bytes Sent By Job
	224545  -  Total Bytes Received By Job
	Partitionable Resources :    Usage  Request Allocated 
	   Cpus                 :        0        1         1 
	   Disk (KB)            :      927      225   1654204 
	   Memory (MB)          :      157     2048      2048 

	Job terminated of its own accord at 2023-06-27T18:45:15Z with exit-code 0.
...
