000 (2169568.046.000) 2023-06-27 13:09:10 Job submitted from host: <131.225.189.251:9618?addrs=131.225.189.251-9618+[2620-6a-0-8421--e8]-9618&alias=lpcschedd4.fnal.gov&noUDP&sock=schedd_2018_c235>
...
040 (2169568.046.000) 2023-06-27 13:18:33 Started transferring input files
	Transferring to host: <131.225.188.184:9618?addrs=[2620-6a-0-8421-f0-0-188-184]-9618+131.225.188.184-9618&alias=cmswn2061.fnal.gov&noUDP&sock=slot1_16_2225_76b4_2656>
...
040 (2169568.046.000) 2023-06-27 13:18:33 Finished transferring input files
...
001 (2169568.046.000) 2023-06-27 13:18:33 Job executing on host: <131.225.188.184:9618?addrs=[2620-6a-0-8421-f0-0-188-184]-9618+131.225.188.184-9618&alias=cmswn2061.fnal.gov&noUDP&sock=startd_2137_61fa>
...
006 (2169568.046.000) 2023-06-27 13:18:41 Image size of job updated: 5
	5  -  MemoryUsage of job (MB)
	5504  -  ResidentSetSize of job (KB)
...
006 (2169568.046.000) 2023-06-27 13:19:43 Image size of job updated: 146
	146  -  MemoryUsage of job (MB)
	149788  -  ResidentSetSize of job (KB)
...
006 (2169568.046.000) 2023-06-27 13:20:43 Image size of job updated: 146
	146  -  MemoryUsage of job (MB)
	149852  -  ResidentSetSize of job (KB)
...
006 (2169568.046.000) 2023-06-27 13:21:44 Image size of job updated: 146
	146  -  MemoryUsage of job (MB)
	149860  -  ResidentSetSize of job (KB)
...
006 (2169568.046.000) 2023-06-27 13:22:45 Image size of job updated: 146
	146  -  MemoryUsage of job (MB)
	149868  -  ResidentSetSize of job (KB)
...
006 (2169568.046.000) 2023-06-27 13:23:45 Image size of job updated: 146
	146  -  MemoryUsage of job (MB)
	149980  -  ResidentSetSize of job (KB)
...
040 (2169568.046.000) 2023-06-27 13:24:39 Started transferring output files
...
040 (2169568.046.000) 2023-06-27 13:24:39 Finished transferring output files
...
005 (2169568.046.000) 2023-06-27 13:24:41 Job terminated.
	(1) Normal termination (return value 0)
		Usr 0 00:04:41, Sys 0 00:00:13  -  Run Remote Usage
		Usr 0 00:00:00, Sys 0 00:00:00  -  Run Local Usage
		Usr 0 00:04:41, Sys 0 00:00:13  -  Total Remote Usage
		Usr 0 00:00:00, Sys 0 00:00:00  -  Total Local Usage
	148153  -  Run Bytes Sent By Job
	224544  -  Run Bytes Received By Job
	148153  -  Total Bytes Sent By Job
	224544  -  Total Bytes Received By Job
	Partitionable Resources :    Usage  Request Allocated 
	   Cpus                 :     0.00        1         1 
	   Disk (KB)            :   911         225   1627664 
	   Memory (MB)          :   146        2048      2048 

	Job terminated of its own accord at 2023-06-27T18:24:39Z with exit-code 0.
...
