000 (2169568.300.000) 2023-06-27 13:09:12 Job submitted from host: <131.225.189.251:9618?addrs=131.225.189.251-9618+[2620-6a-0-8421--e8]-9618&alias=lpcschedd4.fnal.gov&noUDP&sock=schedd_2018_c235>
...
040 (2169568.300.000) 2023-06-27 13:29:41 Started transferring input files
	Transferring to host: <131.225.188.64:9618?addrs=[2620-6a-0-8421-f0-0-188-64]-9618+131.225.188.64-9618&alias=cmswn2036.fnal.gov&noUDP&sock=slot1_45_2136_c150_54605>
...
040 (2169568.300.000) 2023-06-27 13:29:41 Finished transferring input files
...
001 (2169568.300.000) 2023-06-27 13:29:41 Job executing on host: <131.225.188.64:9618?addrs=[2620-6a-0-8421-f0-0-188-64]-9618+131.225.188.64-9618&alias=cmswn2036.fnal.gov&noUDP&sock=startd_1938_e2a1>
...
006 (2169568.300.000) 2023-06-27 13:29:50 Image size of job updated: 10
	10  -  MemoryUsage of job (MB)
	11108  -  ResidentSetSize of job (KB)
...
006 (2169568.300.000) 2023-06-27 13:30:51 Image size of job updated: 143
	143  -  MemoryUsage of job (MB)
	146692  -  ResidentSetSize of job (KB)
...
006 (2169568.300.000) 2023-06-27 13:31:51 Image size of job updated: 143
	143  -  MemoryUsage of job (MB)
	146700  -  ResidentSetSize of job (KB)
...
006 (2169568.300.000) 2023-06-27 13:32:52 Image size of job updated: 143
	143  -  MemoryUsage of job (MB)
	146748  -  ResidentSetSize of job (KB)
...
006 (2169568.300.000) 2023-06-27 13:33:52 Image size of job updated: 143
	143  -  MemoryUsage of job (MB)
	146756  -  ResidentSetSize of job (KB)
...
040 (2169568.300.000) 2023-06-27 13:34:52 Started transferring output files
...
040 (2169568.300.000) 2023-06-27 13:34:52 Finished transferring output files
...
005 (2169568.300.000) 2023-06-27 13:34:56 Job terminated.
	(1) Normal termination (return value 0)
		Usr 0 00:03:21, Sys 0 00:00:09  -  Run Remote Usage
		Usr 0 00:00:00, Sys 0 00:00:00  -  Run Local Usage
		Usr 0 00:03:21, Sys 0 00:00:09  -  Total Remote Usage
		Usr 0 00:00:00, Sys 0 00:00:00  -  Total Local Usage
	144861  -  Run Bytes Sent By Job
	224545  -  Run Bytes Received By Job
	144861  -  Total Bytes Sent By Job
	224545  -  Total Bytes Received By Job
	Partitionable Resources :    Usage  Request Allocated 
	   Cpus                 :     0.00        1         1 
	   Disk (KB)            :   911         225   1635851 
	   Memory (MB)          :   143        2048      2048 

	Job terminated of its own accord at 2023-06-27T18:34:52Z with exit-code 0.
...
