000 (2169568.037.000) 2023-06-27 13:09:10 Job submitted from host: <131.225.189.251:9618?addrs=131.225.189.251-9618+[2620-6a-0-8421--e8]-9618&alias=lpcschedd4.fnal.gov&noUDP&sock=schedd_2018_c235>
...
040 (2169568.037.000) 2023-06-27 13:18:11 Started transferring input files
	Transferring to host: <131.225.188.22:9618?addrs=[2620-6a-0-8421-f0-0-188-22]-9618+131.225.188.22-9618&alias=cmswn2024.fnal.gov&noUDP&sock=slot1_44_2152_0751_60424>
...
040 (2169568.037.000) 2023-06-27 13:18:11 Finished transferring input files
...
001 (2169568.037.000) 2023-06-27 13:18:11 Job executing on host: <131.225.188.22:9618?addrs=[2620-6a-0-8421-f0-0-188-22]-9618+131.225.188.22-9618&alias=cmswn2024.fnal.gov&noUDP&sock=startd_1924_484e>
...
006 (2169568.037.000) 2023-06-27 13:18:19 Image size of job updated: 24
	24  -  MemoryUsage of job (MB)
	25372  -  ResidentSetSize of job (KB)
...
006 (2169568.037.000) 2023-06-27 13:19:19 Image size of job updated: 144
	144  -  MemoryUsage of job (MB)
	148032  -  ResidentSetSize of job (KB)
...
006 (2169568.037.000) 2023-06-27 13:20:20 Image size of job updated: 144
	144  -  MemoryUsage of job (MB)
	148052  -  ResidentSetSize of job (KB)
...
006 (2169568.037.000) 2023-06-27 13:21:20 Image size of job updated: 144
	144  -  MemoryUsage of job (MB)
	148080  -  ResidentSetSize of job (KB)
...
006 (2169568.037.000) 2023-06-27 13:22:22 Image size of job updated: 144
	144  -  MemoryUsage of job (MB)
	148088  -  ResidentSetSize of job (KB)
...
040 (2169568.037.000) 2023-06-27 13:22:59 Started transferring output files
...
040 (2169568.037.000) 2023-06-27 13:22:59 Finished transferring output files
...
005 (2169568.037.000) 2023-06-27 13:23:00 Job terminated.
	(1) Normal termination (return value 0)
		Usr 0 00:03:28, Sys 0 00:00:10  -  Run Remote Usage
		Usr 0 00:00:00, Sys 0 00:00:00  -  Run Local Usage
		Usr 0 00:03:28, Sys 0 00:00:10  -  Total Remote Usage
		Usr 0 00:00:00, Sys 0 00:00:00  -  Total Local Usage
	145604  -  Run Bytes Sent By Job
	224544  -  Run Bytes Received By Job
	145604  -  Total Bytes Sent By Job
	224544  -  Total Bytes Received By Job
	Partitionable Resources :    Usage  Request Allocated 
	   Cpus                 :     0.00        1         1 
	   Disk (KB)            :   908         225   1629912 
	   Memory (MB)          :   144        2048      2048 

	Job terminated of its own accord at 2023-06-27T18:22:59Z with exit-code 0.
...
