000 (2169568.306.000) 2023-06-27 13:09:12 Job submitted from host: <131.225.189.251:9618?addrs=131.225.189.251-9618+[2620-6a-0-8421--e8]-9618&alias=lpcschedd4.fnal.gov&noUDP&sock=schedd_2018_c235>
...
040 (2169568.306.000) 2023-06-27 13:29:43 Started transferring input files
	Transferring to host: <131.225.188.76:9618?addrs=[2620-6a-0-8421-f0-0-188-76]-9618+131.225.188.76-9618&alias=cmswn2039.fnal.gov&noUDP&sock=slot1_12_2124_4ccf_59482>
...
040 (2169568.306.000) 2023-06-27 13:29:43 Finished transferring input files
...
001 (2169568.306.000) 2023-06-27 13:29:43 Job executing on host: <131.225.188.76:9618?addrs=[2620-6a-0-8421-f0-0-188-76]-9618+131.225.188.76-9618&alias=cmswn2039.fnal.gov&noUDP&sock=startd_2006_8712>
...
006 (2169568.306.000) 2023-06-27 13:29:52 Image size of job updated: 32
	32  -  MemoryUsage of job (MB)
	33520  -  ResidentSetSize of job (KB)
...
006 (2169568.306.000) 2023-06-27 13:30:52 Image size of job updated: 145
	145  -  MemoryUsage of job (MB)
	148688  -  ResidentSetSize of job (KB)
...
006 (2169568.306.000) 2023-06-27 13:32:53 Image size of job updated: 145
	145  -  MemoryUsage of job (MB)
	148696  -  ResidentSetSize of job (KB)
...
006 (2169568.306.000) 2023-06-27 13:33:53 Image size of job updated: 145
	145  -  MemoryUsage of job (MB)
	148764  -  ResidentSetSize of job (KB)
...
006 (2169568.306.000) 2023-06-27 13:36:55 Image size of job updated: 145
	145  -  MemoryUsage of job (MB)
	148872  -  ResidentSetSize of job (KB)
...
040 (2169568.306.000) 2023-06-27 13:37:30 Started transferring output files
...
040 (2169568.306.000) 2023-06-27 13:37:30 Finished transferring output files
...
005 (2169568.306.000) 2023-06-27 13:37:32 Job terminated.
	(1) Normal termination (return value 0)
		Usr 0 00:06:58, Sys 0 00:00:21  -  Run Remote Usage
		Usr 0 00:00:00, Sys 0 00:00:00  -  Run Local Usage
		Usr 0 00:06:58, Sys 0 00:00:21  -  Total Remote Usage
		Usr 0 00:00:00, Sys 0 00:00:00  -  Total Local Usage
	153476  -  Run Bytes Sent By Job
	224545  -  Run Bytes Received By Job
	153476  -  Total Bytes Sent By Job
	224545  -  Total Bytes Received By Job
	Partitionable Resources :    Usage  Request Allocated 
	   Cpus                 :     0.00        1         1 
	   Disk (KB)            :   919         225   1642076 
	   Memory (MB)          :   145        2048      2048 

	Job terminated of its own accord at 2023-06-27T18:37:30Z with exit-code 0.
...
