000 (2169568.236.000) 2023-06-27 13:09:12 Job submitted from host: <131.225.189.251:9618?addrs=131.225.189.251-9618+[2620-6a-0-8421--e8]-9618&alias=lpcschedd4.fnal.gov&noUDP&sock=schedd_2018_c235>
...
040 (2169568.236.000) 2023-06-27 13:29:27 Started transferring input files
	Transferring to host: <131.225.188.105:9618?addrs=[2620-6a-0-8421-f0-0-188-105]-9618+131.225.188.105-9618&alias=cmswn2046.fnal.gov&noUDP&sock=slot1_3_2112_d84f_41444>
...
040 (2169568.236.000) 2023-06-27 13:29:27 Finished transferring input files
...
001 (2169568.236.000) 2023-06-27 13:29:27 Job executing on host: <131.225.188.105:9618?addrs=[2620-6a-0-8421-f0-0-188-105]-9618+131.225.188.105-9618&alias=cmswn2046.fnal.gov&noUDP&sock=startd_2017_129d>
...
006 (2169568.236.000) 2023-06-27 13:29:36 Image size of job updated: 14
	14  -  MemoryUsage of job (MB)
	14648  -  ResidentSetSize of job (KB)
...
006 (2169568.236.000) 2023-06-27 13:30:36 Image size of job updated: 164
	164  -  MemoryUsage of job (MB)
	168608  -  ResidentSetSize of job (KB)
...
006 (2169568.236.000) 2023-06-27 13:31:37 Image size of job updated: 164
	164  -  MemoryUsage of job (MB)
	168648  -  ResidentSetSize of job (KB)
...
006 (2169568.236.000) 2023-06-27 13:32:37 Image size of job updated: 164
	164  -  MemoryUsage of job (MB)
	168652  -  ResidentSetSize of job (KB)
...
006 (2169568.236.000) 2023-06-27 13:33:38 Image size of job updated: 164
	164  -  MemoryUsage of job (MB)
	168656  -  ResidentSetSize of job (KB)
...
006 (2169568.236.000) 2023-06-27 13:34:39 Image size of job updated: 164
	164  -  MemoryUsage of job (MB)
	168660  -  ResidentSetSize of job (KB)
...
006 (2169568.236.000) 2023-06-27 13:35:40 Image size of job updated: 164
	164  -  MemoryUsage of job (MB)
	168672  -  ResidentSetSize of job (KB)
...
006 (2169568.236.000) 2023-06-27 13:36:42 Image size of job updated: 164
	164  -  MemoryUsage of job (MB)
	168780  -  ResidentSetSize of job (KB)
...
006 (2169568.236.000) 2023-06-27 13:39:43 Image size of job updated: 164
	164  -  MemoryUsage of job (MB)
	168784  -  ResidentSetSize of job (KB)
...
040 (2169568.236.000) 2023-06-27 13:44:24 Started transferring output files
...
040 (2169568.236.000) 2023-06-27 13:44:24 Finished transferring output files
...
005 (2169568.236.000) 2023-06-27 13:44:25 Job terminated.
	(1) Normal termination (return value 0)
		Usr 0 00:13:02, Sys 0 00:00:38  -  Run Remote Usage
		Usr 0 00:00:00, Sys 0 00:00:00  -  Run Local Usage
		Usr 0 00:13:02, Sys 0 00:00:38  -  Total Remote Usage
		Usr 0 00:00:00, Sys 0 00:00:00  -  Total Local Usage
	166120  -  Run Bytes Sent By Job
	224545  -  Run Bytes Received By Job
	166120  -  Total Bytes Sent By Job
	224545  -  Total Bytes Received By Job
	Partitionable Resources :    Usage  Request Allocated 
	   Cpus                 :        0        1         1 
	   Disk (KB)            :      931      225   1647894 
	   Memory (MB)          :      164     2048      2048 

	Job terminated of its own accord at 2023-06-27T18:44:24Z with exit-code 0.
...
