000 (2169568.264.000) 2023-06-27 13:09:12 Job submitted from host: <131.225.189.251:9618?addrs=131.225.189.251-9618+[2620-6a-0-8421--e8]-9618&alias=lpcschedd4.fnal.gov&noUDP&sock=schedd_2018_c235>
...
040 (2169568.264.000) 2023-06-27 13:29:34 Started transferring input files
	Transferring to host: <131.225.188.105:9618?addrs=[2620-6a-0-8421-f0-0-188-105]-9618+131.225.188.105-9618&alias=cmswn2046.fnal.gov&noUDP&sock=slot1_6_2112_d84f_41445>
...
040 (2169568.264.000) 2023-06-27 13:29:34 Finished transferring input files
...
001 (2169568.264.000) 2023-06-27 13:29:34 Job executing on host: <131.225.188.105:9618?addrs=[2620-6a-0-8421-f0-0-188-105]-9618+131.225.188.105-9618&alias=cmswn2046.fnal.gov&noUDP&sock=startd_2017_129d>
...
006 (2169568.264.000) 2023-06-27 13:29:43 Image size of job updated: 38
	38  -  MemoryUsage of job (MB)
	39596  -  ResidentSetSize of job (KB)
...
006 (2169568.264.000) 2023-06-27 13:30:44 Image size of job updated: 160
	160  -  MemoryUsage of job (MB)
	164440  -  ResidentSetSize of job (KB)
...
006 (2169568.264.000) 2023-06-27 13:31:44 Image size of job updated: 160
	160  -  MemoryUsage of job (MB)
	164492  -  ResidentSetSize of job (KB)
...
006 (2169568.264.000) 2023-06-27 13:33:46 Image size of job updated: 160
	160  -  MemoryUsage of job (MB)
	164520  -  ResidentSetSize of job (KB)
...
006 (2169568.264.000) 2023-06-27 13:36:49 Image size of job updated: 160
	160  -  MemoryUsage of job (MB)
	164628  -  ResidentSetSize of job (KB)
...
006 (2169568.264.000) 2023-06-27 13:37:49 Image size of job updated: 160
	160  -  MemoryUsage of job (MB)
	164640  -  ResidentSetSize of job (KB)
...
006 (2169568.264.000) 2023-06-27 13:38:49 Image size of job updated: 160
	160  -  MemoryUsage of job (MB)
	164656  -  ResidentSetSize of job (KB)
...
006 (2169568.264.000) 2023-06-27 13:39:50 Image size of job updated: 160
	160  -  MemoryUsage of job (MB)
	164692  -  ResidentSetSize of job (KB)
...
040 (2169568.264.000) 2023-06-27 13:42:06 Started transferring output files
...
040 (2169568.264.000) 2023-06-27 13:42:06 Finished transferring output files
...
005 (2169568.264.000) 2023-06-27 13:42:07 Job terminated.
	(1) Normal termination (return value 0)
		Usr 0 00:10:32, Sys 0 00:00:30  -  Run Remote Usage
		Usr 0 00:00:00, Sys 0 00:00:00  -  Run Local Usage
		Usr 0 00:10:32, Sys 0 00:00:30  -  Total Remote Usage
		Usr 0 00:00:00, Sys 0 00:00:00  -  Total Local Usage
	162835  -  Run Bytes Sent By Job
	224545  -  Run Bytes Received By Job
	162835  -  Total Bytes Sent By Job
	224545  -  Total Bytes Received By Job
	Partitionable Resources :    Usage  Request Allocated 
	   Cpus                 :        0        1         1 
	   Disk (KB)            :      928      225   1647894 
	   Memory (MB)          :      160     2048      2048 

	Job terminated of its own accord at 2023-06-27T18:42:06Z with exit-code 0.
...
