000 (32231638.307.000) 2023-06-05 10:45:09 Job submitted from host: <131.225.204.62:9618?addrs=131.225.204.62-9618+[2620-6a-0-8420-f0-0-204-62]-9618&alias=lpcschedd5.fnal.gov&noUDP&sock=schedd_3532_3c98>
...
040 (32231638.307.000) 2023-06-05 11:09:07 Started transferring input files
	Transferring to host: <131.225.188.91:9618?addrs=[2620-6a-0-8421-f0-0-188-91]-9618+131.225.188.91-9618&alias=cmswn2044.fnal.gov&noUDP&sock=slot1_46_2022_6e8b_20481>
...
040 (32231638.307.000) 2023-06-05 11:09:07 Finished transferring input files
...
001 (32231638.307.000) 2023-06-05 11:09:07 Job executing on host: <131.225.188.91:9618?addrs=[2620-6a-0-8421-f0-0-188-91]-9618+131.225.188.91-9618&alias=cmswn2044.fnal.gov&noUDP&sock=startd_1920_89ed>
...
006 (32231638.307.000) 2023-06-05 11:09:16 Image size of job updated: 6
	6  -  MemoryUsage of job (MB)
	7020  -  ResidentSetSize of job (KB)
...
006 (32231638.307.000) 2023-06-05 11:10:17 Image size of job updated: 144
	144  -  MemoryUsage of job (MB)
	147736  -  ResidentSetSize of job (KB)
...
006 (32231638.307.000) 2023-06-05 11:11:17 Image size of job updated: 144
	144  -  MemoryUsage of job (MB)
	147800  -  ResidentSetSize of job (KB)
...
006 (32231638.307.000) 2023-06-05 11:12:17 Image size of job updated: 144
	144  -  MemoryUsage of job (MB)
	147836  -  ResidentSetSize of job (KB)
...
006 (32231638.307.000) 2023-06-05 11:13:18 Image size of job updated: 144
	144  -  MemoryUsage of job (MB)
	147884  -  ResidentSetSize of job (KB)
...
040 (32231638.307.000) 2023-06-05 11:13:35 Started transferring output files
...
040 (32231638.307.000) 2023-06-05 11:13:35 Finished transferring output files
...
005 (32231638.307.000) 2023-06-05 11:13:37 Job terminated.
	(1) Normal termination (return value 0)
		Usr 0 00:00:51, Sys 0 00:00:05  -  Run Remote Usage
		Usr 0 00:00:00, Sys 0 00:00:00  -  Run Local Usage
		Usr 0 00:00:51, Sys 0 00:00:05  -  Total Remote Usage
		Usr 0 00:00:00, Sys 0 00:00:00  -  Total Local Usage
	118067  -  Run Bytes Sent By Job
	223772  -  Run Bytes Received By Job
	118067  -  Total Bytes Sent By Job
	223772  -  Total Bytes Received By Job
	Partitionable Resources :    Usage  Request Allocated 
	   Cpus                 :     0.00        1         1 
	   Disk (KB)            :   884         225   1637755 
	   Memory (MB)          :   144        2048      2048 

	Job terminated of its own accord at 2023-06-05T16:13:34Z with exit-code 0.
...
009 (1968573.307.000) 2023-06-05 18:30:13 Job was aborted.
	via condor_rm (by user shardulr)
...
