000 (32231638.118.000) 2023-06-05 10:45:08 Job submitted from host: <131.225.204.62:9618?addrs=131.225.204.62-9618+[2620-6a-0-8420-f0-0-204-62]-9618&alias=lpcschedd5.fnal.gov&noUDP&sock=schedd_3532_3c98>
...
040 (32231638.118.000) 2023-06-05 11:03:25 Started transferring input files
	Transferring to host: <131.225.188.210:9618?addrs=[2620-6a-0-8421-f0-0-188-210]-9618+131.225.188.210-9618&alias=cmswn2067.fnal.gov&noUDP&sock=slot1_7_2009_45ab_23565>
...
040 (32231638.118.000) 2023-06-05 11:03:25 Finished transferring input files
...
001 (32231638.118.000) 2023-06-05 11:03:25 Job executing on host: <131.225.188.210:9618?addrs=[2620-6a-0-8421-f0-0-188-210]-9618+131.225.188.210-9618&alias=cmswn2067.fnal.gov&noUDP&sock=startd_1928_06af>
...
006 (32231638.118.000) 2023-06-05 11:03:34 Image size of job updated: 6
	6  -  MemoryUsage of job (MB)
	6852  -  ResidentSetSize of job (KB)
...
006 (32231638.118.000) 2023-06-05 11:04:35 Image size of job updated: 141
	141  -  MemoryUsage of job (MB)
	144832  -  ResidentSetSize of job (KB)
...
006 (32231638.118.000) 2023-06-05 11:05:35 Image size of job updated: 141
	141  -  MemoryUsage of job (MB)
	145236  -  ResidentSetSize of job (KB)
...
006 (32231638.118.000) 2023-06-05 11:06:36 Image size of job updated: 141
	141  -  MemoryUsage of job (MB)
	145312  -  ResidentSetSize of job (KB)
...
006 (32231638.118.000) 2023-06-05 11:07:04 Image size of job updated: 141
	141  -  MemoryUsage of job (MB)
	145328  -  ResidentSetSize of job (KB)
...
040 (32231638.118.000) 2023-06-05 11:07:04 Started transferring output files
...
040 (32231638.118.000) 2023-06-05 11:07:04 Finished transferring output files
...
005 (32231638.118.000) 2023-06-05 11:07:05 Job terminated.
	(1) Normal termination (return value 0)
		Usr 0 00:00:50, Sys 0 00:00:04  -  Run Remote Usage
		Usr 0 00:00:00, Sys 0 00:00:00  -  Run Local Usage
		Usr 0 00:00:50, Sys 0 00:00:04  -  Total Remote Usage
		Usr 0 00:00:00, Sys 0 00:00:00  -  Total Local Usage
	115437  -  Run Bytes Sent By Job
	223772  -  Run Bytes Received By Job
	115437  -  Total Bytes Sent By Job
	223772  -  Total Bytes Received By Job
	Partitionable Resources :    Usage  Request Allocated 
	   Cpus                 :     0.00        1         1 
	   Disk (KB)            :   877         225   1642278 
	   Memory (MB)          :   141        2048      2048 

	Job terminated of its own accord at 2023-06-05T16:07:04Z with exit-code 0.
...
009 (1968573.118.000) 2023-06-05 18:30:11 Job was aborted.
	via condor_rm (by user shardulr)
...
