000 (32231638.280.000) 2023-06-05 10:45:09 Job submitted from host: <131.225.204.62:9618?addrs=131.225.204.62-9618+[2620-6a-0-8420-f0-0-204-62]-9618&alias=lpcschedd5.fnal.gov&noUDP&sock=schedd_3532_3c98>
...
040 (32231638.280.000) 2023-06-05 11:08:35 Started transferring input files
	Transferring to host: <131.225.188.21:9618?addrs=[2620-6a-0-8421-f0-0-188-21]-9618+131.225.188.21-9618&alias=cmswn2023.fnal.gov&noUDP&sock=slot1_14_2123_986f_25692>
...
040 (32231638.280.000) 2023-06-05 11:08:35 Finished transferring input files
...
001 (32231638.280.000) 2023-06-05 11:08:35 Job executing on host: <131.225.188.21:9618?addrs=[2620-6a-0-8421-f0-0-188-21]-9618+131.225.188.21-9618&alias=cmswn2023.fnal.gov&noUDP&sock=startd_2023_302e>
...
006 (32231638.280.000) 2023-06-05 11:08:44 Image size of job updated: 8
	8  -  MemoryUsage of job (MB)
	8212  -  ResidentSetSize of job (KB)
...
006 (32231638.280.000) 2023-06-05 11:09:45 Image size of job updated: 154
	154  -  MemoryUsage of job (MB)
	158368  -  ResidentSetSize of job (KB)
...
006 (32231638.280.000) 2023-06-05 11:10:45 Image size of job updated: 155
	155  -  MemoryUsage of job (MB)
	159120  -  ResidentSetSize of job (KB)
...
006 (32231638.280.000) 2023-06-05 11:11:45 Image size of job updated: 155
	155  -  MemoryUsage of job (MB)
	159148  -  ResidentSetSize of job (KB)
...
006 (32231638.280.000) 2023-06-05 11:12:46 Image size of job updated: 155
	155  -  MemoryUsage of job (MB)
	159180  -  ResidentSetSize of job (KB)
...
006 (32231638.280.000) 2023-06-05 11:13:46 Image size of job updated: 155
	155  -  MemoryUsage of job (MB)
	159204  -  ResidentSetSize of job (KB)
...
006 (32231638.280.000) 2023-06-05 11:14:47 Image size of job updated: 155
	155  -  MemoryUsage of job (MB)
	159228  -  ResidentSetSize of job (KB)
...
006 (32231638.280.000) 2023-06-05 11:15:47 Image size of job updated: 155
	155  -  MemoryUsage of job (MB)
	159252  -  ResidentSetSize of job (KB)
...
006 (32231638.280.000) 2023-06-05 11:16:48 Image size of job updated: 155
	155  -  MemoryUsage of job (MB)
	159268  -  ResidentSetSize of job (KB)
...
006 (32231638.280.000) 2023-06-05 11:17:27 Image size of job updated: 155
	155  -  MemoryUsage of job (MB)
	159284  -  ResidentSetSize of job (KB)
...
040 (32231638.280.000) 2023-06-05 11:17:27 Started transferring output files
...
040 (32231638.280.000) 2023-06-05 11:17:27 Finished transferring output files
...
005 (32231638.280.000) 2023-06-05 11:17:28 Job terminated.
	(1) Normal termination (return value 0)
		Usr 0 00:01:11, Sys 0 00:00:04  -  Run Remote Usage
		Usr 0 00:00:00, Sys 0 00:00:00  -  Run Local Usage
		Usr 0 00:01:11, Sys 0 00:00:04  -  Total Remote Usage
		Usr 0 00:00:00, Sys 0 00:00:00  -  Total Local Usage
	121067  -  Run Bytes Sent By Job
	223772  -  Run Bytes Received By Job
	121067  -  Total Bytes Sent By Job
	223772  -  Total Bytes Received By Job
	Partitionable Resources :    Usage  Request Allocated 
	   Cpus                 :     0.01        1         1 
	   Disk (KB)            :   883         225   1641560 
	   Memory (MB)          :   155        2048      2048 

	Job terminated of its own accord at 2023-06-05T16:17:27Z with exit-code 0.
...
009 (1968573.280.000) 2023-06-05 18:30:13 Job was aborted.
	via condor_rm (by user shardulr)
...
