000 (32231638.252.000) 2023-06-05 10:45:09 Job submitted from host: <131.225.204.62:9618?addrs=131.225.204.62-9618+[2620-6a-0-8420-f0-0-204-62]-9618&alias=lpcschedd5.fnal.gov&noUDP&sock=schedd_3532_3c98>
...
040 (32231638.252.000) 2023-06-05 11:07:50 Started transferring input files
	Transferring to host: <131.225.188.184:9618?addrs=[2620-6a-0-8421-f0-0-188-184]-9618+131.225.188.184-9618&alias=cmswn2061.fnal.gov&noUDP&sock=slot1_25_2430_e79c_3092>
...
040 (32231638.252.000) 2023-06-05 11:07:50 Finished transferring input files
...
001 (32231638.252.000) 2023-06-05 11:07:50 Job executing on host: <131.225.188.184:9618?addrs=[2620-6a-0-8421-f0-0-188-184]-9618+131.225.188.184-9618&alias=cmswn2061.fnal.gov&noUDP&sock=startd_2168_a56a>
...
006 (32231638.252.000) 2023-06-05 11:07:58 Image size of job updated: 36
	36  -  MemoryUsage of job (MB)
	37792  -  ResidentSetSize of job (KB)
...
006 (32231638.252.000) 2023-06-05 11:08:57 Image size of job updated: 142
	142  -  MemoryUsage of job (MB)
	145408  -  ResidentSetSize of job (KB)
...
040 (32231638.252.000) 2023-06-05 11:08:57 Started transferring output files
...
040 (32231638.252.000) 2023-06-05 11:08:57 Finished transferring output files
...
005 (32231638.252.000) 2023-06-05 11:08:58 Job terminated.
	(1) Normal termination (return value 0)
		Usr 0 00:00:40, Sys 0 00:00:03  -  Run Remote Usage
		Usr 0 00:00:00, Sys 0 00:00:00  -  Run Local Usage
		Usr 0 00:00:40, Sys 0 00:00:03  -  Total Remote Usage
		Usr 0 00:00:00, Sys 0 00:00:00  -  Total Local Usage
	116445  -  Run Bytes Sent By Job
	223772  -  Run Bytes Received By Job
	116445  -  Total Bytes Sent By Job
	223772  -  Total Bytes Received By Job
	Partitionable Resources :    Usage  Request Allocated 
	   Cpus                 :     0.00        1         1 
	   Disk (KB)            :   879         225   1620749 
	   Memory (MB)          :   142        2048      2048 

	Job terminated of its own accord at 2023-06-05T16:08:57Z with exit-code 0.
...
009 (1968573.252.000) 2023-06-05 18:30:13 Job was aborted.
	via condor_rm (by user shardulr)
...
