000 (32231638.238.000) 2023-06-05 10:45:09 Job submitted from host: <131.225.204.62:9618?addrs=131.225.204.62-9618+[2620-6a-0-8420-f0-0-204-62]-9618&alias=lpcschedd5.fnal.gov&noUDP&sock=schedd_3532_3c98>
...
040 (32231638.238.000) 2023-06-05 11:07:30 Started transferring input files
	Transferring to host: <131.225.188.219:9618?addrs=[2620-6a-0-8421-f0-0-188-219]-9618+131.225.188.219-9618&alias=cmswn2070.fnal.gov&noUDP&sock=slot1_35_2110_6f8f_21843>
...
040 (32231638.238.000) 2023-06-05 11:07:30 Finished transferring input files
...
001 (32231638.238.000) 2023-06-05 11:07:30 Job executing on host: <131.225.188.219:9618?addrs=[2620-6a-0-8421-f0-0-188-219]-9618+131.225.188.219-9618&alias=cmswn2070.fnal.gov&noUDP&sock=startd_2019_71cd>
...
006 (32231638.238.000) 2023-06-05 11:07:39 Image size of job updated: 8
	8  -  MemoryUsage of job (MB)
	8520  -  ResidentSetSize of job (KB)
...
006 (32231638.238.000) 2023-06-05 11:08:40 Image size of job updated: 138
	138  -  MemoryUsage of job (MB)
	141600  -  ResidentSetSize of job (KB)
...
006 (32231638.238.000) 2023-06-05 11:09:40 Image size of job updated: 138
	138  -  MemoryUsage of job (MB)
	141804  -  ResidentSetSize of job (KB)
...
006 (32231638.238.000) 2023-06-05 11:10:13 Image size of job updated: 138
	138  -  MemoryUsage of job (MB)
	141828  -  ResidentSetSize of job (KB)
...
040 (32231638.238.000) 2023-06-05 11:10:13 Started transferring output files
...
040 (32231638.238.000) 2023-06-05 11:10:13 Finished transferring output files
...
005 (32231638.238.000) 2023-06-05 11:10:14 Job terminated.
	(1) Normal termination (return value 0)
		Usr 0 00:00:38, Sys 0 00:00:03  -  Run Remote Usage
		Usr 0 00:00:00, Sys 0 00:00:00  -  Run Local Usage
		Usr 0 00:00:38, Sys 0 00:00:03  -  Total Remote Usage
		Usr 0 00:00:00, Sys 0 00:00:00  -  Total Local Usage
	114459  -  Run Bytes Sent By Job
	223772  -  Run Bytes Received By Job
	114459  -  Total Bytes Sent By Job
	223772  -  Total Bytes Received By Job
	Partitionable Resources :    Usage  Request Allocated 
	   Cpus                 :     0.00        1         1 
	   Disk (KB)            :   877         225   1646883 
	   Memory (MB)          :   138        2048      2048 

	Job terminated of its own accord at 2023-06-05T16:10:13Z with exit-code 0.
...
009 (1968573.238.000) 2023-06-05 18:30:13 Job was aborted.
	via condor_rm (by user shardulr)
...
