000 (32231638.069.000) 2023-06-05 10:45:08 Job submitted from host: <131.225.204.62:9618?addrs=131.225.204.62-9618+[2620-6a-0-8420-f0-0-204-62]-9618&alias=lpcschedd5.fnal.gov&noUDP&sock=schedd_3532_3c98>
...
040 (32231638.069.000) 2023-06-05 11:01:28 Started transferring input files
	Transferring to host: <131.225.189.46:9618?addrs=[2620-6a-0-8421-f0-0-189-46]-9618+131.225.189.46-9618&alias=cmswn2095.fnal.gov&noUDP&sock=slot1_22_2110_6f8f_23614>
...
040 (32231638.069.000) 2023-06-05 11:01:28 Finished transferring input files
...
001 (32231638.069.000) 2023-06-05 11:01:28 Job executing on host: <131.225.189.46:9618?addrs=[2620-6a-0-8421-f0-0-189-46]-9618+131.225.189.46-9618&alias=cmswn2095.fnal.gov&noUDP&sock=startd_2029_4dc0>
...
006 (32231638.069.000) 2023-06-05 11:01:37 Image size of job updated: 6
	6  -  MemoryUsage of job (MB)
	6952  -  ResidentSetSize of job (KB)
...
006 (32231638.069.000) 2023-06-05 11:02:38 Image size of job updated: 155
	155  -  MemoryUsage of job (MB)
	159576  -  ResidentSetSize of job (KB)
...
006 (32231638.069.000) 2023-06-05 11:03:39 Image size of job updated: 155
	155  -  MemoryUsage of job (MB)
	159672  -  ResidentSetSize of job (KB)
...
006 (32231638.069.000) 2023-06-05 11:04:23 Image size of job updated: 155
	155  -  MemoryUsage of job (MB)
	159740  -  ResidentSetSize of job (KB)
...
040 (32231638.069.000) 2023-06-05 11:04:23 Started transferring output files
...
040 (32231638.069.000) 2023-06-05 11:04:23 Finished transferring output files
...
005 (32231638.069.000) 2023-06-05 11:04:25 Job terminated.
	(1) Normal termination (return value 0)
		Usr 0 00:01:27, Sys 0 00:00:06  -  Run Remote Usage
		Usr 0 00:00:00, Sys 0 00:00:00  -  Run Local Usage
		Usr 0 00:01:27, Sys 0 00:00:06  -  Total Remote Usage
		Usr 0 00:00:00, Sys 0 00:00:00  -  Total Local Usage
	122476  -  Run Bytes Sent By Job
	223771  -  Run Bytes Received By Job
	122476  -  Total Bytes Sent By Job
	223771  -  Total Bytes Received By Job
	Partitionable Resources :    Usage  Request Allocated 
	   Cpus                 :        0        1         1 
	   Disk (KB)            :      884      225   1642112 
	   Memory (MB)          :      155     2048      2048 

	Job terminated of its own accord at 2023-06-05T16:04:23Z with exit-code 0.
...
