000 (32231638.014.000) 2023-06-05 10:45:08 Job submitted from host: <131.225.204.62:9618?addrs=131.225.204.62-9618+[2620-6a-0-8420-f0-0-204-62]-9618&alias=lpcschedd5.fnal.gov&noUDP&sock=schedd_3532_3c98>
...
040 (32231638.014.000) 2023-06-05 10:58:48 Started transferring input files
	Transferring to host: <131.225.189.37:9618?addrs=[2620-6a-0-8421-f0-0-189-37]-9618+131.225.189.37-9618&alias=cmswn2090.fnal.gov&noUDP&sock=slot1_1_2103_80ef_22020>
...
040 (32231638.014.000) 2023-06-05 10:58:48 Finished transferring input files
...
001 (32231638.014.000) 2023-06-05 10:58:48 Job executing on host: <131.225.189.37:9618?addrs=[2620-6a-0-8421-f0-0-189-37]-9618+131.225.189.37-9618&alias=cmswn2090.fnal.gov&noUDP&sock=startd_1944_0033>
...
006 (32231638.014.000) 2023-06-05 10:58:56 Image size of job updated: 50
	50  -  MemoryUsage of job (MB)
	51628  -  ResidentSetSize of job (KB)
...
006 (32231638.014.000) 2023-06-05 10:59:57 Image size of job updated: 96
	96  -  MemoryUsage of job (MB)
	98664  -  ResidentSetSize of job (KB)
...
006 (32231638.014.000) 2023-06-05 11:02:00 Image size of job updated: 155
	155  -  MemoryUsage of job (MB)
	159580  -  ResidentSetSize of job (KB)
...
006 (32231638.014.000) 2023-06-05 11:03:00 Image size of job updated: 155
	155  -  MemoryUsage of job (MB)
	159660  -  ResidentSetSize of job (KB)
...
006 (32231638.014.000) 2023-06-05 11:04:00 Image size of job updated: 155
	155  -  MemoryUsage of job (MB)
	159688  -  ResidentSetSize of job (KB)
...
006 (32231638.014.000) 2023-06-05 11:05:00 Image size of job updated: 155
	155  -  MemoryUsage of job (MB)
	159728  -  ResidentSetSize of job (KB)
...
006 (32231638.014.000) 2023-06-05 11:06:01 Image size of job updated: 156
	156  -  MemoryUsage of job (MB)
	159752  -  ResidentSetSize of job (KB)
...
006 (32231638.014.000) 2023-06-05 11:07:02 Image size of job updated: 156
	156  -  MemoryUsage of job (MB)
	159792  -  ResidentSetSize of job (KB)
...
006 (32231638.014.000) 2023-06-05 11:08:03 Image size of job updated: 156
	156  -  MemoryUsage of job (MB)
	159812  -  ResidentSetSize of job (KB)
...
006 (32231638.014.000) 2023-06-05 11:08:27 Image size of job updated: 156
	156  -  MemoryUsage of job (MB)
	159824  -  ResidentSetSize of job (KB)
...
040 (32231638.014.000) 2023-06-05 11:08:27 Started transferring output files
...
040 (32231638.014.000) 2023-06-05 11:08:28 Finished transferring output files
...
005 (32231638.014.000) 2023-06-05 11:08:28 Job terminated.
	(1) Normal termination (return value 0)
		Usr 0 00:01:43, Sys 0 00:00:09  -  Run Remote Usage
		Usr 0 00:00:00, Sys 0 00:00:00  -  Run Local Usage
		Usr 0 00:01:43, Sys 0 00:00:09  -  Total Remote Usage
		Usr 0 00:00:00, Sys 0 00:00:00  -  Total Local Usage
	120761  -  Run Bytes Sent By Job
	223771  -  Run Bytes Received By Job
	120761  -  Total Bytes Sent By Job
	223771  -  Total Bytes Received By Job
	Partitionable Resources :    Usage  Request Allocated 
	   Cpus                 :        0        1         1 
	   Disk (KB)            :      883      225   1632525 
	   Memory (MB)          :      156     2048      2048 

	Job terminated of its own accord at 2023-06-05T16:08:27Z with exit-code 0.
...
