000 (32231638.103.000) 2023-06-05 10:45:08 Job submitted from host: <131.225.204.62:9618?addrs=131.225.204.62-9618+[2620-6a-0-8420-f0-0-204-62]-9618&alias=lpcschedd5.fnal.gov&noUDP&sock=schedd_3532_3c98>
...
040 (32231638.103.000) 2023-06-05 11:02:55 Started transferring input files
	Transferring to host: <131.225.188.34:9618?addrs=[2620-6a-0-8421-f0-0-188-34]-9618+131.225.188.34-9618&alias=cmswn2026.fnal.gov&noUDP&sock=slot1_23_2019_516b_24902>
...
040 (32231638.103.000) 2023-06-05 11:02:56 Finished transferring input files
...
001 (32231638.103.000) 2023-06-05 11:02:56 Job executing on host: <131.225.188.34:9618?addrs=[2620-6a-0-8421-f0-0-188-34]-9618+131.225.188.34-9618&alias=cmswn2026.fnal.gov&noUDP&sock=startd_1929_b647>
...
006 (32231638.103.000) 2023-06-05 11:03:04 Image size of job updated: 35
	35  -  MemoryUsage of job (MB)
	36676  -  ResidentSetSize of job (KB)
...
006 (32231638.103.000) 2023-06-05 11:04:05 Image size of job updated: 155
	155  -  MemoryUsage of job (MB)
	159712  -  ResidentSetSize of job (KB)
...
006 (32231638.103.000) 2023-06-05 11:04:22 Image size of job updated: 155
	155  -  MemoryUsage of job (MB)
	159724  -  ResidentSetSize of job (KB)
...
040 (32231638.103.000) 2023-06-05 11:04:22 Started transferring output files
...
040 (32231638.103.000) 2023-06-05 11:04:22 Finished transferring output files
...
005 (32231638.103.000) 2023-06-05 11:04:23 Job terminated.
	(1) Normal termination (return value 0)
		Usr 0 00:00:59, Sys 0 00:00:03  -  Run Remote Usage
		Usr 0 00:00:00, Sys 0 00:00:00  -  Run Local Usage
		Usr 0 00:00:59, Sys 0 00:00:03  -  Total Remote Usage
		Usr 0 00:00:00, Sys 0 00:00:00  -  Total Local Usage
	121731  -  Run Bytes Sent By Job
	223772  -  Run Bytes Received By Job
	121731  -  Total Bytes Sent By Job
	223772  -  Total Bytes Received By Job
	Partitionable Resources :    Usage  Request Allocated 
	   Cpus                 :     0.00        1         1 
	   Disk (KB)            :   883         225   1636992 
	   Memory (MB)          :   155        2048      2048 

	Job terminated of its own accord at 2023-06-05T16:04:22Z with exit-code 0.
...
009 (1968573.103.000) 2023-06-05 18:30:11 Job was aborted.
	via condor_rm (by user shardulr)
...
