000 (32231638.207.000) 2023-06-05 10:45:08 Job submitted from host: <131.225.204.62:9618?addrs=131.225.204.62-9618+[2620-6a-0-8420-f0-0-204-62]-9618&alias=lpcschedd5.fnal.gov&noUDP&sock=schedd_3532_3c98>
...
040 (32231638.207.000) 2023-06-05 11:06:30 Started transferring input files
	Transferring to host: <131.225.188.76:9618?addrs=[2620-6a-0-8421-f0-0-188-76]-9618+131.225.188.76-9618&alias=cmswn2039.fnal.gov&noUDP&sock=slot1_24_2124_4ccf_35304>
...
040 (32231638.207.000) 2023-06-05 11:06:30 Finished transferring input files
...
001 (32231638.207.000) 2023-06-05 11:06:30 Job executing on host: <131.225.188.76:9618?addrs=[2620-6a-0-8421-f0-0-188-76]-9618+131.225.188.76-9618&alias=cmswn2039.fnal.gov&noUDP&sock=startd_2006_8712>
...
006 (32231638.207.000) 2023-06-05 11:06:39 Image size of job updated: 26
	26  -  MemoryUsage of job (MB)
	26868  -  ResidentSetSize of job (KB)
...
006 (32231638.207.000) 2023-06-05 11:07:40 Image size of job updated: 155
	155  -  MemoryUsage of job (MB)
	159156  -  ResidentSetSize of job (KB)
...
006 (32231638.207.000) 2023-06-05 11:08:40 Image size of job updated: 156
	156  -  MemoryUsage of job (MB)
	159916  -  ResidentSetSize of job (KB)
...
006 (32231638.207.000) 2023-06-05 11:09:40 Image size of job updated: 156
	156  -  MemoryUsage of job (MB)
	159960  -  ResidentSetSize of job (KB)
...
006 (32231638.207.000) 2023-06-05 11:10:40 Image size of job updated: 156
	156  -  MemoryUsage of job (MB)
	160000  -  ResidentSetSize of job (KB)
...
006 (32231638.207.000) 2023-06-05 11:11:41 Image size of job updated: 156
	156  -  MemoryUsage of job (MB)
	160040  -  ResidentSetSize of job (KB)
...
006 (32231638.207.000) 2023-06-05 11:12:42 Image size of job updated: 156
	156  -  MemoryUsage of job (MB)
	160076  -  ResidentSetSize of job (KB)
...
006 (32231638.207.000) 2023-06-05 11:13:19 Image size of job updated: 156
	156  -  MemoryUsage of job (MB)
	160108  -  ResidentSetSize of job (KB)
...
040 (32231638.207.000) 2023-06-05 11:13:19 Started transferring output files
...
040 (32231638.207.000) 2023-06-05 11:13:19 Finished transferring output files
...
005 (32231638.207.000) 2023-06-05 11:13:20 Job terminated.
	(1) Normal termination (return value 0)
		Usr 0 00:01:30, Sys 0 00:00:08  -  Run Remote Usage
		Usr 0 00:00:00, Sys 0 00:00:00  -  Run Local Usage
		Usr 0 00:01:30, Sys 0 00:00:08  -  Total Remote Usage
		Usr 0 00:00:00, Sys 0 00:00:00  -  Total Local Usage
	122106  -  Run Bytes Sent By Job
	223772  -  Run Bytes Received By Job
	122106  -  Total Bytes Sent By Job
	223772  -  Total Bytes Received By Job
	Partitionable Resources :    Usage  Request Allocated 
	   Cpus                 :        0        1         1 
	   Disk (KB)            :      885      225   1642076 
	   Memory (MB)          :      156     2048      2048 

	Job terminated of its own accord at 2023-06-05T16:13:19Z with exit-code 0.
...
009 (1968573.207.000) 2023-06-05 18:30:12 Job was aborted.
	via condor_rm (by user shardulr)
...
