000 (32231638.336.000) 2023-06-05 10:45:09 Job submitted from host: <131.225.204.62:9618?addrs=131.225.204.62-9618+[2620-6a-0-8420-f0-0-204-62]-9618&alias=lpcschedd5.fnal.gov&noUDP&sock=schedd_3532_3c98>
...
040 (1968573.336.000) 2023-06-05 10:45:22 Started transferring input files
	Transferring to host: <131.225.188.91:9618?addrs=[2620-6a-0-8421-f0-0-188-91]-9618+131.225.188.91-9618&alias=cmswn2044.fnal.gov&noUDP&sock=slot1_2_2022_6e8b_20445>
...
040 (1968573.336.000) 2023-06-05 10:45:22 Finished transferring input files
...
001 (1968573.336.000) 2023-06-05 10:45:22 Job executing on host: <131.225.188.91:9618?addrs=[2620-6a-0-8421-f0-0-188-91]-9618+131.225.188.91-9618&alias=cmswn2044.fnal.gov&noUDP&sock=startd_1920_89ed>
...
006 (1968573.336.000) 2023-06-05 10:45:31 Image size of job updated: 72
	72  -  MemoryUsage of job (MB)
	74288  -  ResidentSetSize of job (KB)
...
006 (1968573.336.000) 2023-06-05 10:46:32 Image size of job updated: 138
	138  -  MemoryUsage of job (MB)
	141908  -  ResidentSetSize of job (KB)
...
006 (1968573.336.000) 2023-06-05 10:47:32 Image size of job updated: 138
	138  -  MemoryUsage of job (MB)
	141940  -  ResidentSetSize of job (KB)
...
006 (1968573.336.000) 2023-06-05 10:48:17 Image size of job updated: 138
	138  -  MemoryUsage of job (MB)
	141968  -  ResidentSetSize of job (KB)
...
040 (1968573.336.000) 2023-06-05 10:48:17 Started transferring output files
...
040 (1968573.336.000) 2023-06-05 10:48:17 Finished transferring output files
...
005 (1968573.336.000) 2023-06-05 10:48:19 Job terminated.
	(1) Normal termination (return value 0)
		Usr 0 00:00:31, Sys 0 00:00:04  -  Run Remote Usage
		Usr 0 00:00:00, Sys 0 00:00:00  -  Run Local Usage
		Usr 0 00:00:31, Sys 0 00:00:04  -  Total Remote Usage
		Usr 0 00:00:00, Sys 0 00:00:00  -  Total Local Usage
	112726  -  Run Bytes Sent By Job
	223772  -  Run Bytes Received By Job
	112726  -  Total Bytes Sent By Job
	223772  -  Total Bytes Received By Job
	Partitionable Resources :    Usage  Request Allocated 
	   Cpus                 :     0.00        1         1 
	   Disk (KB)            :   878         225   1637755 
	   Memory (MB)          :   138        2048      2048 

	Job terminated of its own accord at 2023-06-05T15:48:17Z with exit-code 0.
...
040 (32231638.336.000) 2023-06-05 11:09:54 Started transferring input files
	Transferring to host: <131.225.189.167:9618?addrs=[2620-6a-0-8421-f0-0-189-167]-9618+131.225.189.167-9618&alias=cmswn2119.fnal.gov&noUDP&sock=slot1_16_2115_f56f_16249>
...
040 (32231638.336.000) 2023-06-05 11:09:54 Finished transferring input files
...
001 (32231638.336.000) 2023-06-05 11:09:54 Job executing on host: <131.225.189.167:9618?addrs=[2620-6a-0-8421-f0-0-189-167]-9618+131.225.189.167-9618&alias=cmswn2119.fnal.gov&noUDP&sock=startd_2013_543c>
...
006 (32231638.336.000) 2023-06-05 11:10:03 Image size of job updated: 14
	14  -  MemoryUsage of job (MB)
	14488  -  ResidentSetSize of job (KB)
...
006 (32231638.336.000) 2023-06-05 11:11:03 Image size of job updated: 138
	138  -  MemoryUsage of job (MB)
	141744  -  ResidentSetSize of job (KB)
...
006 (32231638.336.000) 2023-06-05 11:12:04 Image size of job updated: 138
	138  -  MemoryUsage of job (MB)
	141828  -  ResidentSetSize of job (KB)
...
006 (32231638.336.000) 2023-06-05 11:12:37 Image size of job updated: 138
	138  -  MemoryUsage of job (MB)
	141852  -  ResidentSetSize of job (KB)
...
040 (32231638.336.000) 2023-06-05 11:12:37 Started transferring output files
...
040 (32231638.336.000) 2023-06-05 11:12:37 Finished transferring output files
...
005 (32231638.336.000) 2023-06-05 11:12:38 Job terminated.
	(1) Normal termination (return value 0)
		Usr 0 00:00:41, Sys 0 00:00:03  -  Run Remote Usage
		Usr 0 00:00:00, Sys 0 00:00:00  -  Run Local Usage
		Usr 0 00:00:41, Sys 0 00:00:03  -  Total Remote Usage
		Usr 0 00:00:00, Sys 0 00:00:00  -  Total Local Usage
	112727  -  Run Bytes Sent By Job
	223772  -  Run Bytes Received By Job
	112727  -  Total Bytes Sent By Job
	223772  -  Total Bytes Received By Job
	Partitionable Resources :    Usage  Request Allocated 
	   Cpus                 :     0.08        1         1 
	   Disk (KB)            :   874         225   3466881 
	   Memory (MB)          :   138        2048      2048 

	Job terminated of its own accord at 2023-06-05T16:12:37Z with exit-code 0.
...
