000 (32231638.312.000) 2023-06-05 10:45:09 Job submitted from host: <131.225.204.62:9618?addrs=131.225.204.62-9618+[2620-6a-0-8420-f0-0-204-62]-9618&alias=lpcschedd5.fnal.gov&noUDP&sock=schedd_3532_3c98>
...
040 (32231638.312.000) 2023-06-05 11:09:08 Started transferring input files
	Transferring to host: <131.225.188.105:9618?addrs=[2620-6a-0-8421-f0-0-188-105]-9618+131.225.188.105-9618&alias=cmswn2046.fnal.gov&noUDP&sock=slot1_27_2112_d84f_17875>
...
040 (32231638.312.000) 2023-06-05 11:09:08 Finished transferring input files
...
001 (32231638.312.000) 2023-06-05 11:09:08 Job executing on host: <131.225.188.105:9618?addrs=[2620-6a-0-8421-f0-0-188-105]-9618+131.225.188.105-9618&alias=cmswn2046.fnal.gov&noUDP&sock=startd_2017_129d>
...
006 (32231638.312.000) 2023-06-05 11:09:17 Image size of job updated: 16
	16  -  MemoryUsage of job (MB)
	17140  -  ResidentSetSize of job (KB)
...
006 (32231638.312.000) 2023-06-05 11:10:18 Image size of job updated: 142
	142  -  MemoryUsage of job (MB)
	146084  -  ResidentSetSize of job (KB)
...
006 (32231638.312.000) 2023-06-05 11:11:18 Image size of job updated: 142
	142  -  MemoryUsage of job (MB)
	146272  -  ResidentSetSize of job (KB)
...
006 (32231638.312.000) 2023-06-05 11:12:19 Image size of job updated: 142
	142  -  MemoryUsage of job (MB)
	146308  -  ResidentSetSize of job (KB)
...
006 (32231638.312.000) 2023-06-05 11:13:20 Image size of job updated: 142
	142  -  MemoryUsage of job (MB)
	146340  -  ResidentSetSize of job (KB)
...
040 (32231638.312.000) 2023-06-05 11:13:30 Started transferring output files
...
040 (32231638.312.000) 2023-06-05 11:13:30 Finished transferring output files
...
005 (32231638.312.000) 2023-06-05 11:13:32 Job terminated.
	(1) Normal termination (return value 0)
		Usr 0 00:00:58, Sys 0 00:00:04  -  Run Remote Usage
		Usr 0 00:00:00, Sys 0 00:00:00  -  Run Local Usage
		Usr 0 00:00:58, Sys 0 00:00:04  -  Total Remote Usage
		Usr 0 00:00:00, Sys 0 00:00:00  -  Total Local Usage
	116695  -  Run Bytes Sent By Job
	223772  -  Run Bytes Received By Job
	116695  -  Total Bytes Sent By Job
	223772  -  Total Bytes Received By Job
	Partitionable Resources :    Usage  Request Allocated 
	   Cpus                 :        0        1         1 
	   Disk (KB)            :      878      225   1647894 
	   Memory (MB)          :      142     2048      2048 

	Job terminated of its own accord at 2023-06-05T16:13:30Z with exit-code 0.
...
009 (1968573.312.000) 2023-06-05 18:30:13 Job was aborted.
	via condor_rm (by user shardulr)
...
