000 (32231638.268.000) 2023-06-05 10:45:09 Job submitted from host: <131.225.204.62:9618?addrs=131.225.204.62-9618+[2620-6a-0-8420-f0-0-204-62]-9618&alias=lpcschedd5.fnal.gov&noUDP&sock=schedd_3532_3c98>
...
040 (32231638.268.000) 2023-06-05 11:08:22 Started transferring input files
	Transferring to host: <131.225.189.46:9618?addrs=[2620-6a-0-8421-f0-0-189-46]-9618+131.225.189.46-9618&alias=cmswn2095.fnal.gov&noUDP&sock=slot1_22_2110_6f8f_23620>
...
040 (32231638.268.000) 2023-06-05 11:08:22 Finished transferring input files
...
001 (32231638.268.000) 2023-06-05 11:08:22 Job executing on host: <131.225.189.46:9618?addrs=[2620-6a-0-8421-f0-0-189-46]-9618+131.225.189.46-9618&alias=cmswn2095.fnal.gov&noUDP&sock=startd_2029_4dc0>
...
006 (32231638.268.000) 2023-06-05 11:08:31 Image size of job updated: 6
	6  -  MemoryUsage of job (MB)
	6856  -  ResidentSetSize of job (KB)
...
006 (32231638.268.000) 2023-06-05 11:09:33 Image size of job updated: 155
	155  -  MemoryUsage of job (MB)
	159476  -  ResidentSetSize of job (KB)
...
006 (32231638.268.000) 2023-06-05 11:10:33 Image size of job updated: 156
	156  -  MemoryUsage of job (MB)
	160236  -  ResidentSetSize of job (KB)
...
006 (32231638.268.000) 2023-06-05 11:11:35 Image size of job updated: 156
	156  -  MemoryUsage of job (MB)
	160272  -  ResidentSetSize of job (KB)
...
006 (32231638.268.000) 2023-06-05 11:12:35 Image size of job updated: 156
	156  -  MemoryUsage of job (MB)
	160316  -  ResidentSetSize of job (KB)
...
006 (32231638.268.000) 2023-06-05 11:13:36 Image size of job updated: 156
	156  -  MemoryUsage of job (MB)
	160352  -  ResidentSetSize of job (KB)
...
006 (32231638.268.000) 2023-06-05 11:14:37 Image size of job updated: 156
	156  -  MemoryUsage of job (MB)
	160376  -  ResidentSetSize of job (KB)
...
006 (32231638.268.000) 2023-06-05 11:15:19 Image size of job updated: 156
	156  -  MemoryUsage of job (MB)
	160412  -  ResidentSetSize of job (KB)
...
040 (32231638.268.000) 2023-06-05 11:15:19 Started transferring output files
...
040 (32231638.268.000) 2023-06-05 11:15:19 Finished transferring output files
...
005 (32231638.268.000) 2023-06-05 11:15:21 Job terminated.
	(1) Normal termination (return value 0)
		Usr 0 00:01:19, Sys 0 00:00:06  -  Run Remote Usage
		Usr 0 00:00:00, Sys 0 00:00:00  -  Run Local Usage
		Usr 0 00:01:19, Sys 0 00:00:06  -  Total Remote Usage
		Usr 0 00:00:00, Sys 0 00:00:00  -  Total Local Usage
	121414  -  Run Bytes Sent By Job
	223772  -  Run Bytes Received By Job
	121414  -  Total Bytes Sent By Job
	223772  -  Total Bytes Received By Job
	Partitionable Resources :    Usage  Request Allocated 
	   Cpus                 :        0        1         1 
	   Disk (KB)            :      883      225   1642112 
	   Memory (MB)          :      156     2048      2048 

	Job terminated of its own accord at 2023-06-05T16:15:19Z with exit-code 0.
...
009 (1968573.268.000) 2023-06-05 18:30:13 Job was aborted.
	via condor_rm (by user shardulr)
...
