000 (32231638.314.000) 2023-06-05 10:45:09 Job submitted from host: <131.225.204.62:9618?addrs=131.225.204.62-9618+[2620-6a-0-8420-f0-0-204-62]-9618&alias=lpcschedd5.fnal.gov&noUDP&sock=schedd_3532_3c98>
...
040 (32231638.314.000) 2023-06-05 11:09:07 Started transferring input files
	Transferring to host: <131.225.188.105:9618?addrs=[2620-6a-0-8421-f0-0-188-105]-9618+131.225.188.105-9618&alias=cmswn2046.fnal.gov&noUDP&sock=slot1_26_2112_d84f_17874>
...
040 (32231638.314.000) 2023-06-05 11:09:07 Finished transferring input files
...
001 (32231638.314.000) 2023-06-05 11:09:07 Job executing on host: <131.225.188.105:9618?addrs=[2620-6a-0-8421-f0-0-188-105]-9618+131.225.188.105-9618&alias=cmswn2046.fnal.gov&noUDP&sock=startd_2017_129d>
...
006 (32231638.314.000) 2023-06-05 11:09:16 Image size of job updated: 13
	13  -  MemoryUsage of job (MB)
	13680  -  ResidentSetSize of job (KB)
...
006 (32231638.314.000) 2023-06-05 11:10:16 Image size of job updated: 154
	154  -  MemoryUsage of job (MB)
	158432  -  ResidentSetSize of job (KB)
...
006 (32231638.314.000) 2023-06-05 11:11:17 Image size of job updated: 155
	155  -  MemoryUsage of job (MB)
	159188  -  ResidentSetSize of job (KB)
...
006 (32231638.314.000) 2023-06-05 11:12:18 Image size of job updated: 155
	155  -  MemoryUsage of job (MB)
	159240  -  ResidentSetSize of job (KB)
...
006 (32231638.314.000) 2023-06-05 11:13:18 Image size of job updated: 155
	155  -  MemoryUsage of job (MB)
	159288  -  ResidentSetSize of job (KB)
...
006 (32231638.314.000) 2023-06-05 11:14:19 Image size of job updated: 155
	155  -  MemoryUsage of job (MB)
	159324  -  ResidentSetSize of job (KB)
...
006 (32231638.314.000) 2023-06-05 11:15:19 Image size of job updated: 155
	155  -  MemoryUsage of job (MB)
	159360  -  ResidentSetSize of job (KB)
...
006 (32231638.314.000) 2023-06-05 11:15:40 Image size of job updated: 155
	155  -  MemoryUsage of job (MB)
	159372  -  ResidentSetSize of job (KB)
...
040 (32231638.314.000) 2023-06-05 11:15:40 Started transferring output files
...
040 (32231638.314.000) 2023-06-05 11:15:40 Finished transferring output files
...
005 (32231638.314.000) 2023-06-05 11:15:41 Job terminated.
	(1) Normal termination (return value 0)
		Usr 0 00:01:17, Sys 0 00:00:05  -  Run Remote Usage
		Usr 0 00:00:00, Sys 0 00:00:00  -  Run Local Usage
		Usr 0 00:01:17, Sys 0 00:00:05  -  Total Remote Usage
		Usr 0 00:00:00, Sys 0 00:00:00  -  Total Local Usage
	121934  -  Run Bytes Sent By Job
	223772  -  Run Bytes Received By Job
	121934  -  Total Bytes Sent By Job
	223772  -  Total Bytes Received By Job
	Partitionable Resources :    Usage  Request Allocated 
	   Cpus                 :     0.00        1         1 
	   Disk (KB)            :   884         225   1647894 
	   Memory (MB)          :   155        2048      2048 

	Job terminated of its own accord at 2023-06-05T16:15:40Z with exit-code 0.
...
009 (1968573.314.000) 2023-06-05 18:30:13 Job was aborted.
	via condor_rm (by user shardulr)
...
