000 (32231638.057.000) 2023-06-05 10:45:08 Job submitted from host: <131.225.204.62:9618?addrs=131.225.204.62-9618+[2620-6a-0-8420-f0-0-204-62]-9618&alias=lpcschedd5.fnal.gov&noUDP&sock=schedd_3532_3c98>
...
040 (32231638.057.000) 2023-06-05 11:01:04 Started transferring input files
	Transferring to host: <131.225.189.16:9618?addrs=[2620-6a-0-8421-f0-0-189-16]-9618+131.225.189.16-9618&alias=cmswn2080.fnal.gov&noUDP&sock=slot1_34_2028_a8cc_28328>
...
040 (32231638.057.000) 2023-06-05 11:01:04 Finished transferring input files
...
001 (32231638.057.000) 2023-06-05 11:01:04 Job executing on host: <131.225.189.16:9618?addrs=[2620-6a-0-8421-f0-0-189-16]-9618+131.225.189.16-9618&alias=cmswn2080.fnal.gov&noUDP&sock=startd_1932_c510>
...
006 (32231638.057.000) 2023-06-05 11:01:14 Image size of job updated: 29
	29  -  MemoryUsage of job (MB)
	30236  -  ResidentSetSize of job (KB)
...
006 (32231638.057.000) 2023-06-05 11:02:14 Image size of job updated: 143
	143  -  MemoryUsage of job (MB)
	146484  -  ResidentSetSize of job (KB)
...
006 (32231638.057.000) 2023-06-05 11:02:22 Image size of job updated: 143
	143  -  MemoryUsage of job (MB)
	146496  -  ResidentSetSize of job (KB)
...
040 (32231638.057.000) 2023-06-05 11:02:23 Started transferring output files
...
040 (32231638.057.000) 2023-06-05 11:02:23 Finished transferring output files
...
005 (32231638.057.000) 2023-06-05 11:02:23 Job terminated.
	(1) Normal termination (return value 0)
		Usr 0 00:00:41, Sys 0 00:00:03  -  Run Remote Usage
		Usr 0 00:00:00, Sys 0 00:00:00  -  Run Local Usage
		Usr 0 00:00:41, Sys 0 00:00:03  -  Total Remote Usage
		Usr 0 00:00:00, Sys 0 00:00:00  -  Total Local Usage
	116578  -  Run Bytes Sent By Job
	223771  -  Run Bytes Received By Job
	116578  -  Total Bytes Sent By Job
	223771  -  Total Bytes Received By Job
	Partitionable Resources :    Usage  Request Allocated 
	   Cpus                 :        0        1         1 
	   Disk (KB)            :      878      225   1631756 
	   Memory (MB)          :      143     2048      2048 

	Job terminated of its own accord at 2023-06-05T16:02:22Z with exit-code 0.
...
009 (1968573.057.000) 2023-06-05 18:30:10 Job was aborted.
	via condor_rm (by user shardulr)

	Job terminated by itself at 2023-06-05T15:44:48Z (using method 0: OF_ITS_OWN_ACCORD).
...
