000 (32231638.270.000) 2023-06-05 10:45:09 Job submitted from host: <131.225.204.62:9618?addrs=131.225.204.62-9618+[2620-6a-0-8420-f0-0-204-62]-9618&alias=lpcschedd5.fnal.gov&noUDP&sock=schedd_3532_3c98>
...
040 (32231638.270.000) 2023-06-05 11:08:23 Started transferring input files
	Transferring to host: <131.225.188.25:9618?addrs=[2620-6a-0-8421-f0-0-188-25]-9618+131.225.188.25-9618&alias=cmswn2025.fnal.gov&noUDP&sock=slot1_2_2021_ba2b_32795>
...
040 (32231638.270.000) 2023-06-05 11:08:23 Finished transferring input files
...
001 (32231638.270.000) 2023-06-05 11:08:23 Job executing on host: <131.225.188.25:9618?addrs=[2620-6a-0-8421-f0-0-188-25]-9618+131.225.188.25-9618&alias=cmswn2025.fnal.gov&noUDP&sock=startd_1925_f7e6>
...
006 (32231638.270.000) 2023-06-05 11:08:32 Image size of job updated: 11
	11  -  MemoryUsage of job (MB)
	11460  -  ResidentSetSize of job (KB)
...
006 (32231638.270.000) 2023-06-05 11:09:33 Image size of job updated: 140
	140  -  MemoryUsage of job (MB)
	143856  -  ResidentSetSize of job (KB)
...
006 (32231638.270.000) 2023-06-05 11:10:34 Image size of job updated: 140
	140  -  MemoryUsage of job (MB)
	144064  -  ResidentSetSize of job (KB)
...
006 (32231638.270.000) 2023-06-05 11:11:35 Image size of job updated: 140
	140  -  MemoryUsage of job (MB)
	144108  -  ResidentSetSize of job (KB)
...
040 (32231638.270.000) 2023-06-05 11:11:39 Started transferring output files
...
040 (32231638.270.000) 2023-06-05 11:11:39 Finished transferring output files
...
005 (32231638.270.000) 2023-06-05 11:11:40 Job terminated.
	(1) Normal termination (return value 0)
		Usr 0 00:00:42, Sys 0 00:00:03  -  Run Remote Usage
		Usr 0 00:00:00, Sys 0 00:00:00  -  Run Local Usage
		Usr 0 00:00:42, Sys 0 00:00:03  -  Total Remote Usage
		Usr 0 00:00:00, Sys 0 00:00:00  -  Total Local Usage
	115650  -  Run Bytes Sent By Job
	223772  -  Run Bytes Received By Job
	115650  -  Total Bytes Sent By Job
	223772  -  Total Bytes Received By Job
	Partitionable Resources :    Usage  Request Allocated 
	   Cpus                 :     0.00        1         1 
	   Disk (KB)            :   877         225   1633296 
	   Memory (MB)          :   140        2048      2048 

	Job terminated of its own accord at 2023-06-05T16:11:38Z with exit-code 0.
...
009 (1968573.270.000) 2023-06-05 18:30:13 Job was aborted.
	via condor_rm (by user shardulr)
...
