000 (32231638.215.000) 2023-06-05 10:45:09 Job submitted from host: <131.225.204.62:9618?addrs=131.225.204.62-9618+[2620-6a-0-8420-f0-0-204-62]-9618&alias=lpcschedd5.fnal.gov&noUDP&sock=schedd_3532_3c98>
...
040 (32231638.215.000) 2023-06-05 11:06:49 Started transferring input files
	Transferring to host: <131.225.188.14:9618?addrs=[2620-6a-0-8421-f0-0-188-14]-9618+131.225.188.14-9618&alias=cmswn2019.fnal.gov&noUDP&sock=slot1_5_2024_d74b_31963>
...
040 (32231638.215.000) 2023-06-05 11:06:49 Finished transferring input files
...
001 (32231638.215.000) 2023-06-05 11:06:49 Job executing on host: <131.225.188.14:9618?addrs=[2620-6a-0-8421-f0-0-188-14]-9618+131.225.188.14-9618&alias=cmswn2019.fnal.gov&noUDP&sock=startd_1918_2abc>
...
006 (32231638.215.000) 2023-06-05 11:06:58 Image size of job updated: 36
	36  -  MemoryUsage of job (MB)
	37296  -  ResidentSetSize of job (KB)
...
006 (32231638.215.000) 2023-06-05 11:07:59 Image size of job updated: 154
	154  -  MemoryUsage of job (MB)
	157984  -  ResidentSetSize of job (KB)
...
006 (32231638.215.000) 2023-06-05 11:09:00 Image size of job updated: 155
	155  -  MemoryUsage of job (MB)
	158756  -  ResidentSetSize of job (KB)
...
006 (32231638.215.000) 2023-06-05 11:10:00 Image size of job updated: 155
	155  -  MemoryUsage of job (MB)
	158800  -  ResidentSetSize of job (KB)
...
006 (32231638.215.000) 2023-06-05 11:11:01 Image size of job updated: 155
	155  -  MemoryUsage of job (MB)
	158844  -  ResidentSetSize of job (KB)
...
006 (32231638.215.000) 2023-06-05 11:12:02 Image size of job updated: 155
	155  -  MemoryUsage of job (MB)
	158884  -  ResidentSetSize of job (KB)
...
006 (32231638.215.000) 2023-06-05 11:12:54 Image size of job updated: 155
	155  -  MemoryUsage of job (MB)
	158912  -  ResidentSetSize of job (KB)
...
040 (32231638.215.000) 2023-06-05 11:12:54 Started transferring output files
...
040 (32231638.215.000) 2023-06-05 11:12:54 Finished transferring output files
...
005 (32231638.215.000) 2023-06-05 11:12:55 Job terminated.
	(1) Normal termination (return value 0)
		Usr 0 00:01:05, Sys 0 00:00:05  -  Run Remote Usage
		Usr 0 00:00:00, Sys 0 00:00:00  -  Run Local Usage
		Usr 0 00:01:05, Sys 0 00:00:05  -  Total Remote Usage
		Usr 0 00:00:00, Sys 0 00:00:00  -  Total Local Usage
	120653  -  Run Bytes Sent By Job
	223772  -  Run Bytes Received By Job
	120653  -  Total Bytes Sent By Job
	223772  -  Total Bytes Received By Job
	Partitionable Resources :    Usage  Request Allocated 
	   Cpus                 :     0.00        1         1 
	   Disk (KB)            :   882         225   1636260 
	   Memory (MB)          :   155        2048      2048 

	Job terminated of its own accord at 2023-06-05T16:12:54Z with exit-code 0.
...
009 (1968573.215.000) 2023-06-05 18:30:12 Job was aborted.
	via condor_rm (by user shardulr)
...
