000 (32231638.094.000) 2023-06-05 10:45:08 Job submitted from host: <131.225.204.62:9618?addrs=131.225.204.62-9618+[2620-6a-0-8420-f0-0-204-62]-9618&alias=lpcschedd5.fnal.gov&noUDP&sock=schedd_3532_3c98>
...
040 (32231638.094.000) 2023-06-05 11:02:36 Started transferring input files
	Transferring to host: <131.225.189.41:9618?addrs=[2620-6a-0-8421-f0-0-189-41]-9618+131.225.189.41-9618&alias=cmswn2093.fnal.gov&noUDP&sock=slot1_12_2124_4ccf_32889>
...
040 (32231638.094.000) 2023-06-05 11:02:36 Finished transferring input files
...
001 (32231638.094.000) 2023-06-05 11:02:36 Job executing on host: <131.225.189.41:9618?addrs=[2620-6a-0-8421-f0-0-189-41]-9618+131.225.189.41-9618&alias=cmswn2093.fnal.gov&noUDP&sock=startd_2025_8f5f>
...
006 (32231638.094.000) 2023-06-05 11:02:45 Image size of job updated: 31
	31  -  MemoryUsage of job (MB)
	32056  -  ResidentSetSize of job (KB)
...
006 (32231638.094.000) 2023-06-05 11:03:45 Image size of job updated: 155
	155  -  MemoryUsage of job (MB)
	158796  -  ResidentSetSize of job (KB)
...
006 (32231638.094.000) 2023-06-05 11:04:46 Image size of job updated: 155
	155  -  MemoryUsage of job (MB)
	158888  -  ResidentSetSize of job (KB)
...
006 (32231638.094.000) 2023-06-05 11:05:31 Image size of job updated: 155
	155  -  MemoryUsage of job (MB)
	158952  -  ResidentSetSize of job (KB)
...
040 (32231638.094.000) 2023-06-05 11:05:31 Started transferring output files
...
040 (32231638.094.000) 2023-06-05 11:05:31 Finished transferring output files
...
005 (32231638.094.000) 2023-06-05 11:05:33 Job terminated.
	(1) Normal termination (return value 0)
		Usr 0 00:00:57, Sys 0 00:00:04  -  Run Remote Usage
		Usr 0 00:00:00, Sys 0 00:00:00  -  Run Local Usage
		Usr 0 00:00:57, Sys 0 00:00:04  -  Total Remote Usage
		Usr 0 00:00:00, Sys 0 00:00:00  -  Total Local Usage
	121618  -  Run Bytes Sent By Job
	223771  -  Run Bytes Received By Job
	121618  -  Total Bytes Sent By Job
	223771  -  Total Bytes Received By Job
	Partitionable Resources :    Usage  Request Allocated 
	   Cpus                 :     0.00        1         1 
	   Disk (KB)            :   884         225   1618696 
	   Memory (MB)          :   155        2048      2048 

	Job terminated of its own accord at 2023-06-05T16:05:31Z with exit-code 0.
...
009 (1968573.094.000) 2023-06-05 18:30:11 Job was aborted.
	via condor_rm (by user shardulr)
...
