000 (32231638.122.000) 2023-06-05 10:45:08 Job submitted from host: <131.225.204.62:9618?addrs=131.225.204.62-9618+[2620-6a-0-8420-f0-0-204-62]-9618&alias=lpcschedd5.fnal.gov&noUDP&sock=schedd_3532_3c98>
...
040 (32231638.122.000) 2023-06-05 11:03:43 Started transferring input files
	Transferring to host: <131.225.188.149:9618?addrs=[2620-6a-0-8421-f0-0-188-149]-9618+131.225.188.149-9618&alias=cmswn2052.fnal.gov&noUDP&sock=slot1_21_2015_7feb_30335>
...
040 (32231638.122.000) 2023-06-05 11:03:43 Finished transferring input files
...
001 (32231638.122.000) 2023-06-05 11:03:43 Job executing on host: <131.225.188.149:9618?addrs=[2620-6a-0-8421-f0-0-188-149]-9618+131.225.188.149-9618&alias=cmswn2052.fnal.gov&noUDP&sock=startd_1925_f7e6>
...
006 (32231638.122.000) 2023-06-05 11:03:52 Image size of job updated: 16
	16  -  MemoryUsage of job (MB)
	17136  -  ResidentSetSize of job (KB)
...
006 (32231638.122.000) 2023-06-05 11:04:53 Image size of job updated: 141
	141  -  MemoryUsage of job (MB)
	144720  -  ResidentSetSize of job (KB)
...
006 (32231638.122.000) 2023-06-05 11:05:53 Image size of job updated: 141
	141  -  MemoryUsage of job (MB)
	145124  -  ResidentSetSize of job (KB)
...
006 (32231638.122.000) 2023-06-05 11:06:54 Image size of job updated: 141
	141  -  MemoryUsage of job (MB)
	145152  -  ResidentSetSize of job (KB)
...
006 (32231638.122.000) 2023-06-05 11:07:55 Image size of job updated: 141
	141  -  MemoryUsage of job (MB)
	145204  -  ResidentSetSize of job (KB)
...
006 (32231638.122.000) 2023-06-05 11:08:50 Image size of job updated: 141
	141  -  MemoryUsage of job (MB)
	145224  -  ResidentSetSize of job (KB)
...
040 (32231638.122.000) 2023-06-05 11:08:50 Started transferring output files
...
040 (32231638.122.000) 2023-06-05 11:08:50 Finished transferring output files
...
005 (32231638.122.000) 2023-06-05 11:08:52 Job terminated.
	(1) Normal termination (return value 0)
		Usr 0 00:00:40, Sys 0 00:00:04  -  Run Remote Usage
		Usr 0 00:00:00, Sys 0 00:00:00  -  Run Local Usage
		Usr 0 00:00:40, Sys 0 00:00:04  -  Total Remote Usage
		Usr 0 00:00:00, Sys 0 00:00:00  -  Total Local Usage
	114751  -  Run Bytes Sent By Job
	223772  -  Run Bytes Received By Job
	114751  -  Total Bytes Sent By Job
	223772  -  Total Bytes Received By Job
	Partitionable Resources :    Usage  Request Allocated 
	   Cpus                 :        0        1         1 
	   Disk (KB)            :      877      225   1636817 
	   Memory (MB)          :      141     2048      2048 

	Job terminated of its own accord at 2023-06-05T16:08:50Z with exit-code 0.
...
009 (1968573.122.000) 2023-06-05 18:30:11 Job was aborted.
	via condor_rm (by user shardulr)
...
