000 (32231638.223.000) 2023-06-05 10:45:09 Job submitted from host: <131.225.204.62:9618?addrs=131.225.204.62-9618+[2620-6a-0-8420-f0-0-204-62]-9618&alias=lpcschedd5.fnal.gov&noUDP&sock=schedd_3532_3c98>
...
040 (32231638.223.000) 2023-06-05 11:07:05 Started transferring input files
	Transferring to host: <131.225.188.210:9618?addrs=[2620-6a-0-8421-f0-0-188-210]-9618+131.225.188.210-9618&alias=cmswn2067.fnal.gov&noUDP&sock=slot1_7_2009_45ab_23569>
...
040 (32231638.223.000) 2023-06-05 11:07:05 Finished transferring input files
...
001 (32231638.223.000) 2023-06-05 11:07:05 Job executing on host: <131.225.188.210:9618?addrs=[2620-6a-0-8421-f0-0-188-210]-9618+131.225.188.210-9618&alias=cmswn2067.fnal.gov&noUDP&sock=startd_1928_06af>
...
006 (32231638.223.000) 2023-06-05 11:07:14 Image size of job updated: 6
	6  -  MemoryUsage of job (MB)
	6952  -  ResidentSetSize of job (KB)
...
006 (32231638.223.000) 2023-06-05 11:08:15 Image size of job updated: 156
	156  -  MemoryUsage of job (MB)
	159792  -  ResidentSetSize of job (KB)
...
006 (32231638.223.000) 2023-06-05 11:09:15 Image size of job updated: 156
	156  -  MemoryUsage of job (MB)
	159908  -  ResidentSetSize of job (KB)
...
040 (32231638.223.000) 2023-06-05 11:09:16 Started transferring output files
...
040 (32231638.223.000) 2023-06-05 11:09:16 Finished transferring output files
...
005 (32231638.223.000) 2023-06-05 11:09:16 Job terminated.
	(1) Normal termination (return value 0)
		Usr 0 00:01:24, Sys 0 00:00:05  -  Run Remote Usage
		Usr 0 00:00:00, Sys 0 00:00:00  -  Run Local Usage
		Usr 0 00:01:24, Sys 0 00:00:05  -  Total Remote Usage
		Usr 0 00:00:00, Sys 0 00:00:00  -  Total Local Usage
	121262  -  Run Bytes Sent By Job
	223772  -  Run Bytes Received By Job
	121262  -  Total Bytes Sent By Job
	223772  -  Total Bytes Received By Job
	Partitionable Resources :    Usage  Request Allocated 
	   Cpus                 :     0.00        1         1 
	   Disk (KB)            :   883         225   1642278 
	   Memory (MB)          :   156        2048      2048 

	Job terminated of its own accord at 2023-06-05T16:09:16Z with exit-code 0.
...
009 (1968573.223.000) 2023-06-05 18:30:12 Job was aborted.
	via condor_rm (by user shardulr)
...
