000 (32231638.300.000) 2023-06-05 10:45:09 Job submitted from host: <131.225.204.62:9618?addrs=131.225.204.62-9618+[2620-6a-0-8420-f0-0-204-62]-9618&alias=lpcschedd5.fnal.gov&noUDP&sock=schedd_3532_3c98>
...
040 (32231638.300.000) 2023-06-05 11:08:58 Started transferring input files
	Transferring to host: <131.225.188.184:9618?addrs=[2620-6a-0-8421-f0-0-188-184]-9618+131.225.188.184-9618&alias=cmswn2061.fnal.gov&noUDP&sock=slot1_25_2430_e79c_3095>
...
040 (32231638.300.000) 2023-06-05 11:08:58 Finished transferring input files
...
001 (32231638.300.000) 2023-06-05 11:08:58 Job executing on host: <131.225.188.184:9618?addrs=[2620-6a-0-8421-f0-0-188-184]-9618+131.225.188.184-9618&alias=cmswn2061.fnal.gov&noUDP&sock=startd_2168_a56a>
...
006 (32231638.300.000) 2023-06-05 11:09:07 Image size of job updated: 35
	35  -  MemoryUsage of job (MB)
	36564  -  ResidentSetSize of job (KB)
...
006 (32231638.300.000) 2023-06-05 11:10:08 Image size of job updated: 96
	96  -  MemoryUsage of job (MB)
	98680  -  ResidentSetSize of job (KB)
...
006 (32231638.300.000) 2023-06-05 11:12:09 Image size of job updated: 143
	143  -  MemoryUsage of job (MB)
	147348  -  ResidentSetSize of job (KB)
...
006 (32231638.300.000) 2023-06-05 11:13:09 Image size of job updated: 143
	143  -  MemoryUsage of job (MB)
	147404  -  ResidentSetSize of job (KB)
...
006 (32231638.300.000) 2023-06-05 11:14:10 Image size of job updated: 143
	143  -  MemoryUsage of job (MB)
	147436  -  ResidentSetSize of job (KB)
...
006 (32231638.300.000) 2023-06-05 11:15:12 Image size of job updated: 144
	144  -  MemoryUsage of job (MB)
	147456  -  ResidentSetSize of job (KB)
...
006 (32231638.300.000) 2023-06-05 11:16:12 Image size of job updated: 144
	144  -  MemoryUsage of job (MB)
	147488  -  ResidentSetSize of job (KB)
...
006 (32231638.300.000) 2023-06-05 11:17:01 Image size of job updated: 144
	144  -  MemoryUsage of job (MB)
	147500  -  ResidentSetSize of job (KB)
...
040 (32231638.300.000) 2023-06-05 11:17:02 Started transferring output files
...
040 (32231638.300.000) 2023-06-05 11:17:02 Finished transferring output files
...
005 (32231638.300.000) 2023-06-05 11:17:02 Job terminated.
	(1) Normal termination (return value 0)
		Usr 0 00:00:45, Sys 0 00:00:03  -  Run Remote Usage
		Usr 0 00:00:00, Sys 0 00:00:00  -  Run Local Usage
		Usr 0 00:00:45, Sys 0 00:00:03  -  Total Remote Usage
		Usr 0 00:00:00, Sys 0 00:00:00  -  Total Local Usage
	116794  -  Run Bytes Sent By Job
	223772  -  Run Bytes Received By Job
	116794  -  Total Bytes Sent By Job
	223772  -  Total Bytes Received By Job
	Partitionable Resources :    Usage  Request Allocated 
	   Cpus                 :     0.00        1         1 
	   Disk (KB)            :   879         225   1620749 
	   Memory (MB)          :   144        2048      2048 

	Job terminated of its own accord at 2023-06-05T16:17:01Z with exit-code 0.
...
009 (1968573.300.000) 2023-06-05 18:30:13 Job was aborted.
	via condor_rm (by user shardulr)
...
