000 (32231638.200.000) 2023-06-05 10:45:08 Job submitted from host: <131.225.204.62:9618?addrs=131.225.204.62-9618+[2620-6a-0-8420-f0-0-204-62]-9618&alias=lpcschedd5.fnal.gov&noUDP&sock=schedd_3532_3c98>
...
040 (32231638.200.000) 2023-06-05 11:06:10 Started transferring input files
	Transferring to host: <131.225.188.21:9618?addrs=[2620-6a-0-8421-f0-0-188-21]-9618+131.225.188.21-9618&alias=cmswn2023.fnal.gov&noUDP&sock=slot1_8_2123_986f_25688>
...
040 (32231638.200.000) 2023-06-05 11:06:10 Finished transferring input files
...
001 (32231638.200.000) 2023-06-05 11:06:10 Job executing on host: <131.225.188.21:9618?addrs=[2620-6a-0-8421-f0-0-188-21]-9618+131.225.188.21-9618&alias=cmswn2023.fnal.gov&noUDP&sock=startd_2023_302e>
...
006 (32231638.200.000) 2023-06-05 11:06:19 Image size of job updated: 30
	30  -  MemoryUsage of job (MB)
	31124  -  ResidentSetSize of job (KB)
...
006 (32231638.200.000) 2023-06-05 11:07:20 Image size of job updated: 155
	155  -  MemoryUsage of job (MB)
	159404  -  ResidentSetSize of job (KB)
...
006 (32231638.200.000) 2023-06-05 11:08:20 Image size of job updated: 155
	155  -  MemoryUsage of job (MB)
	159496  -  ResidentSetSize of job (KB)
...
006 (32231638.200.000) 2023-06-05 11:09:03 Image size of job updated: 155
	155  -  MemoryUsage of job (MB)
	159560  -  ResidentSetSize of job (KB)
...
040 (32231638.200.000) 2023-06-05 11:09:03 Started transferring output files
...
040 (32231638.200.000) 2023-06-05 11:09:03 Finished transferring output files
...
005 (32231638.200.000) 2023-06-05 11:09:05 Job terminated.
	(1) Normal termination (return value 0)
		Usr 0 00:01:25, Sys 0 00:00:07  -  Run Remote Usage
		Usr 0 00:00:00, Sys 0 00:00:00  -  Run Local Usage
		Usr 0 00:01:25, Sys 0 00:00:07  -  Total Remote Usage
		Usr 0 00:00:00, Sys 0 00:00:00  -  Total Local Usage
	121666  -  Run Bytes Sent By Job
	223772  -  Run Bytes Received By Job
	121666  -  Total Bytes Sent By Job
	223772  -  Total Bytes Received By Job
	Partitionable Resources :    Usage  Request Allocated 
	   Cpus                 :        0        1         1 
	   Disk (KB)            :      884      225   1641560 
	   Memory (MB)          :      155     2048      2048 

	Job terminated of its own accord at 2023-06-05T16:09:03Z with exit-code 0.
...
009 (1968573.200.000) 2023-06-05 18:30:12 Job was aborted.
	via condor_rm (by user shardulr)
...
