000 (32231638.169.000) 2023-06-05 10:45:08 Job submitted from host: <131.225.204.62:9618?addrs=131.225.204.62-9618+[2620-6a-0-8420-f0-0-204-62]-9618&alias=lpcschedd5.fnal.gov&noUDP&sock=schedd_3532_3c98>
...
040 (32231638.169.000) 2023-06-05 11:05:16 Started transferring input files
	Transferring to host: <131.225.189.19:9618?addrs=[2620-6a-0-8421-f0-0-189-19]-9618+131.225.189.19-9618&alias=cmswn2082.fnal.gov&noUDP&sock=slot1_25_2103_80ef_19598>
...
040 (32231638.169.000) 2023-06-05 11:05:16 Finished transferring input files
...
001 (32231638.169.000) 2023-06-05 11:05:16 Job executing on host: <131.225.189.19:9618?addrs=[2620-6a-0-8421-f0-0-189-19]-9618+131.225.189.19-9618&alias=cmswn2082.fnal.gov&noUDP&sock=startd_2013_543c>
...
006 (32231638.169.000) 2023-06-05 11:05:25 Image size of job updated: 9
	9  -  MemoryUsage of job (MB)
	9548  -  ResidentSetSize of job (KB)
...
006 (32231638.169.000) 2023-06-05 11:06:25 Image size of job updated: 141
	141  -  MemoryUsage of job (MB)
	145080  -  ResidentSetSize of job (KB)
...
006 (32231638.169.000) 2023-06-05 11:07:25 Image size of job updated: 141
	141  -  MemoryUsage of job (MB)
	145312  -  ResidentSetSize of job (KB)
...
006 (32231638.169.000) 2023-06-05 11:08:25 Image size of job updated: 141
	141  -  MemoryUsage of job (MB)
	145384  -  ResidentSetSize of job (KB)
...
006 (32231638.169.000) 2023-06-05 11:08:54 Image size of job updated: 141
	141  -  MemoryUsage of job (MB)
	145404  -  ResidentSetSize of job (KB)
...
040 (32231638.169.000) 2023-06-05 11:08:55 Started transferring output files
...
040 (32231638.169.000) 2023-06-05 11:08:55 Finished transferring output files
...
005 (32231638.169.000) 2023-06-05 11:08:55 Job terminated.
	(1) Normal termination (return value 0)
		Usr 0 00:00:41, Sys 0 00:00:04  -  Run Remote Usage
		Usr 0 00:00:00, Sys 0 00:00:00  -  Run Local Usage
		Usr 0 00:00:41, Sys 0 00:00:04  -  Total Remote Usage
		Usr 0 00:00:00, Sys 0 00:00:00  -  Total Local Usage
	116843  -  Run Bytes Sent By Job
	223772  -  Run Bytes Received By Job
	116843  -  Total Bytes Sent By Job
	223772  -  Total Bytes Received By Job
	Partitionable Resources :    Usage  Request Allocated 
	   Cpus                 :     0.01        1         1 
	   Disk (KB)            :   879         225   1651055 
	   Memory (MB)          :   141        2048      2048 

	Job terminated of its own accord at 2023-06-05T16:08:54Z with exit-code 0.
...
009 (1968573.169.000) 2023-06-05 18:30:12 Job was aborted.
	via condor_rm (by user shardulr)
...
