000 (32231638.199.000) 2023-06-05 10:45:08 Job submitted from host: <131.225.204.62:9618?addrs=131.225.204.62-9618+[2620-6a-0-8420-f0-0-204-62]-9618&alias=lpcschedd5.fnal.gov&noUDP&sock=schedd_3532_3c98>
...
040 (32231638.199.000) 2023-06-05 11:06:11 Started transferring input files
	Transferring to host: <131.225.188.86:9618?addrs=[2620-6a-0-8421-f0-0-188-86]-9618+131.225.188.86-9618&alias=cmswn2042.fnal.gov&noUDP&sock=slot1_7_2091_0c6e_22264>
...
040 (32231638.199.000) 2023-06-05 11:06:11 Finished transferring input files
...
001 (32231638.199.000) 2023-06-05 11:06:11 Job executing on host: <131.225.188.86:9618?addrs=[2620-6a-0-8421-f0-0-188-86]-9618+131.225.188.86-9618&alias=cmswn2042.fnal.gov&noUDP&sock=startd_2015_b36c>
...
006 (32231638.199.000) 2023-06-05 11:06:19 Image size of job updated: 35
	35  -  MemoryUsage of job (MB)
	36816  -  ResidentSetSize of job (KB)
...
006 (32231638.199.000) 2023-06-05 11:07:19 Image size of job updated: 142
	142  -  MemoryUsage of job (MB)
	146224  -  ResidentSetSize of job (KB)
...
006 (32231638.199.000) 2023-06-05 11:08:20 Image size of job updated: 142
	142  -  MemoryUsage of job (MB)
	146388  -  ResidentSetSize of job (KB)
...
006 (32231638.199.000) 2023-06-05 11:09:20 Image size of job updated: 142
	142  -  MemoryUsage of job (MB)
	146428  -  ResidentSetSize of job (KB)
...
006 (32231638.199.000) 2023-06-05 11:10:20 Image size of job updated: 143
	143  -  MemoryUsage of job (MB)
	146492  -  ResidentSetSize of job (KB)
...
006 (32231638.199.000) 2023-06-05 11:10:32 Image size of job updated: 143
	143  -  MemoryUsage of job (MB)
	146496  -  ResidentSetSize of job (KB)
...
040 (32231638.199.000) 2023-06-05 11:10:32 Started transferring output files
...
040 (32231638.199.000) 2023-06-05 11:10:32 Finished transferring output files
...
005 (32231638.199.000) 2023-06-05 11:10:34 Job terminated.
	(1) Normal termination (return value 0)
		Usr 0 00:00:48, Sys 0 00:00:05  -  Run Remote Usage
		Usr 0 00:00:00, Sys 0 00:00:00  -  Run Local Usage
		Usr 0 00:00:48, Sys 0 00:00:05  -  Total Remote Usage
		Usr 0 00:00:00, Sys 0 00:00:00  -  Total Local Usage
	116652  -  Run Bytes Sent By Job
	223772  -  Run Bytes Received By Job
	116652  -  Total Bytes Sent By Job
	223772  -  Total Bytes Received By Job
	Partitionable Resources :    Usage  Request Allocated 
	   Cpus                 :        0        1         1 
	   Disk (KB)            :      880      225   1634539 
	   Memory (MB)          :      143     2048      2048 

	Job terminated of its own accord at 2023-06-05T16:10:32Z with exit-code 0.
...
009 (1968573.199.000) 2023-06-05 18:30:12 Job was aborted.
	via condor_rm (by user shardulr)
...
