000 (32231638.231.000) 2023-06-05 10:45:09 Job submitted from host: <131.225.204.62:9618?addrs=131.225.204.62-9618+[2620-6a-0-8420-f0-0-204-62]-9618&alias=lpcschedd5.fnal.gov&noUDP&sock=schedd_3532_3c98>
...
040 (32231638.231.000) 2023-06-05 11:07:13 Started transferring input files
	Transferring to host: <131.225.188.21:9618?addrs=[2620-6a-0-8421-f0-0-188-21]-9618+131.225.188.21-9618&alias=cmswn2023.fnal.gov&noUDP&sock=slot1_14_2123_986f_25689>
...
040 (32231638.231.000) 2023-06-05 11:07:13 Finished transferring input files
...
001 (32231638.231.000) 2023-06-05 11:07:13 Job executing on host: <131.225.188.21:9618?addrs=[2620-6a-0-8421-f0-0-188-21]-9618+131.225.188.21-9618&alias=cmswn2023.fnal.gov&noUDP&sock=startd_2023_302e>
...
006 (32231638.231.000) 2023-06-05 11:07:22 Image size of job updated: 14
	14  -  MemoryUsage of job (MB)
	14784  -  ResidentSetSize of job (KB)
...
006 (32231638.231.000) 2023-06-05 11:07:32 Image size of job updated: 126
	126  -  MemoryUsage of job (MB)
	129772  -  ResidentSetSize of job (KB)
...
040 (32231638.231.000) 2023-06-05 11:07:32 Started transferring output files
...
040 (32231638.231.000) 2023-06-05 11:07:32 Finished transferring output files
...
005 (32231638.231.000) 2023-06-05 11:07:33 Job terminated.
	(1) Normal termination (return value 0)
		Usr 0 00:00:01, Sys 0 00:00:01  -  Run Remote Usage
		Usr 0 00:00:00, Sys 0 00:00:00  -  Run Local Usage
		Usr 0 00:00:01, Sys 0 00:00:01  -  Total Remote Usage
		Usr 0 00:00:00, Sys 0 00:00:00  -  Total Local Usage
	100468  -  Run Bytes Sent By Job
	223772  -  Run Bytes Received By Job
	100468  -  Total Bytes Sent By Job
	223772  -  Total Bytes Received By Job
	Partitionable Resources :    Usage  Request Allocated 
	   Cpus                 :        0        1         1 
	   Disk (KB)            :      863      225   1641560 
	   Memory (MB)          :      126     2048      2048 

	Job terminated of its own accord at 2023-06-05T16:07:32Z with exit-code 0.
...
009 (1968573.231.000) 2023-06-05 18:30:12 Job was aborted.
	via condor_rm (by user shardulr)
...
