000 (32231638.054.000) 2023-06-05 10:45:08 Job submitted from host: <131.225.204.62:9618?addrs=131.225.204.62-9618+[2620-6a-0-8420-f0-0-204-62]-9618&alias=lpcschedd5.fnal.gov&noUDP&sock=schedd_3532_3c98>
...
040 (32231638.054.000) 2023-06-05 11:01:04 Started transferring input files
	Transferring to host: <131.225.188.105:9618?addrs=[2620-6a-0-8421-f0-0-188-105]-9618+131.225.188.105-9618&alias=cmswn2046.fnal.gov&noUDP&sock=slot1_26_2112_d84f_17865>
...
040 (32231638.054.000) 2023-06-05 11:01:04 Finished transferring input files
...
001 (32231638.054.000) 2023-06-05 11:01:04 Job executing on host: <131.225.188.105:9618?addrs=[2620-6a-0-8421-f0-0-188-105]-9618+131.225.188.105-9618&alias=cmswn2046.fnal.gov&noUDP&sock=startd_2017_129d>
...
006 (32231638.054.000) 2023-06-05 11:01:13 Image size of job updated: 13
	13  -  MemoryUsage of job (MB)
	13540  -  ResidentSetSize of job (KB)
...
006 (32231638.054.000) 2023-06-05 11:02:14 Image size of job updated: 141
	141  -  MemoryUsage of job (MB)
	145148  -  ResidentSetSize of job (KB)
...
006 (32231638.054.000) 2023-06-05 11:03:15 Image size of job updated: 142
	142  -  MemoryUsage of job (MB)
	145920  -  ResidentSetSize of job (KB)
...
006 (32231638.054.000) 2023-06-05 11:04:16 Image size of job updated: 142
	142  -  MemoryUsage of job (MB)
	146240  -  ResidentSetSize of job (KB)
...
006 (32231638.054.000) 2023-06-05 11:05:16 Image size of job updated: 142
	142  -  MemoryUsage of job (MB)
	146272  -  ResidentSetSize of job (KB)
...
006 (32231638.054.000) 2023-06-05 11:06:16 Image size of job updated: 142
	142  -  MemoryUsage of job (MB)
	146284  -  ResidentSetSize of job (KB)
...
006 (32231638.054.000) 2023-06-05 11:07:17 Image size of job updated: 142
	142  -  MemoryUsage of job (MB)
	146332  -  ResidentSetSize of job (KB)
...
006 (32231638.054.000) 2023-06-05 11:08:18 Image size of job updated: 142
	142  -  MemoryUsage of job (MB)
	146368  -  ResidentSetSize of job (KB)
...
006 (32231638.054.000) 2023-06-05 11:09:05 Image size of job updated: 142
	142  -  MemoryUsage of job (MB)
	146388  -  ResidentSetSize of job (KB)
...
040 (32231638.054.000) 2023-06-05 11:09:05 Started transferring output files
...
040 (32231638.054.000) 2023-06-05 11:09:05 Finished transferring output files
...
005 (32231638.054.000) 2023-06-05 11:09:07 Job terminated.
	(1) Normal termination (return value 0)
		Usr 0 00:00:44, Sys 0 00:00:04  -  Run Remote Usage
		Usr 0 00:00:00, Sys 0 00:00:00  -  Run Local Usage
		Usr 0 00:00:44, Sys 0 00:00:04  -  Total Remote Usage
		Usr 0 00:00:00, Sys 0 00:00:00  -  Total Local Usage
	117141  -  Run Bytes Sent By Job
	223771  -  Run Bytes Received By Job
	117141  -  Total Bytes Sent By Job
	223771  -  Total Bytes Received By Job
	Partitionable Resources :    Usage  Request Allocated 
	   Cpus                 :        0        1         1 
	   Disk (KB)            :      879      225   1647894 
	   Memory (MB)          :      142     2048      2048 

	Job terminated of its own accord at 2023-06-05T16:09:05Z with exit-code 0.
...
