000 (32231638.077.000) 2023-06-05 10:45:08 Job submitted from host: <131.225.204.62:9618?addrs=131.225.204.62-9618+[2620-6a-0-8420-f0-0-204-62]-9618&alias=lpcschedd5.fnal.gov&noUDP&sock=schedd_3532_3c98>
...
040 (32231638.077.000) 2023-06-05 11:01:50 Started transferring input files
	Transferring to host: <131.225.189.37:9618?addrs=[2620-6a-0-8421-f0-0-189-37]-9618+131.225.189.37-9618&alias=cmswn2090.fnal.gov&noUDP&sock=slot1_34_2103_80ef_22022>
...
040 (32231638.077.000) 2023-06-05 11:01:50 Finished transferring input files
...
001 (32231638.077.000) 2023-06-05 11:01:50 Job executing on host: <131.225.189.37:9618?addrs=[2620-6a-0-8421-f0-0-189-37]-9618+131.225.189.37-9618&alias=cmswn2090.fnal.gov&noUDP&sock=startd_1944_0033>
...
006 (32231638.077.000) 2023-06-05 11:01:59 Image size of job updated: 31
	31  -  MemoryUsage of job (MB)
	32216  -  ResidentSetSize of job (KB)
...
006 (32231638.077.000) 2023-06-05 11:03:00 Image size of job updated: 96
	96  -  MemoryUsage of job (MB)
	98668  -  ResidentSetSize of job (KB)
...
006 (32231638.077.000) 2023-06-05 11:05:00 Image size of job updated: 155
	155  -  MemoryUsage of job (MB)
	159024  -  ResidentSetSize of job (KB)
...
006 (32231638.077.000) 2023-06-05 11:06:00 Image size of job updated: 156
	156  -  MemoryUsage of job (MB)
	159796  -  ResidentSetSize of job (KB)
...
006 (32231638.077.000) 2023-06-05 11:07:01 Image size of job updated: 156
	156  -  MemoryUsage of job (MB)
	159832  -  ResidentSetSize of job (KB)
...
006 (32231638.077.000) 2023-06-05 11:08:03 Image size of job updated: 156
	156  -  MemoryUsage of job (MB)
	159868  -  ResidentSetSize of job (KB)
...
006 (32231638.077.000) 2023-06-05 11:09:03 Image size of job updated: 156
	156  -  MemoryUsage of job (MB)
	159896  -  ResidentSetSize of job (KB)
...
006 (32231638.077.000) 2023-06-05 11:10:04 Image size of job updated: 156
	156  -  MemoryUsage of job (MB)
	159924  -  ResidentSetSize of job (KB)
...
006 (32231638.077.000) 2023-06-05 11:11:04 Image size of job updated: 156
	156  -  MemoryUsage of job (MB)
	159956  -  ResidentSetSize of job (KB)
...
006 (32231638.077.000) 2023-06-05 11:11:31 Image size of job updated: 156
	156  -  MemoryUsage of job (MB)
	159976  -  ResidentSetSize of job (KB)
...
040 (32231638.077.000) 2023-06-05 11:11:31 Started transferring output files
...
040 (32231638.077.000) 2023-06-05 11:11:31 Finished transferring output files
...
005 (32231638.077.000) 2023-06-05 11:11:33 Job terminated.
	(1) Normal termination (return value 0)
		Usr 0 00:01:24, Sys 0 00:00:06  -  Run Remote Usage
		Usr 0 00:00:00, Sys 0 00:00:00  -  Run Local Usage
		Usr 0 00:01:24, Sys 0 00:00:06  -  Total Remote Usage
		Usr 0 00:00:00, Sys 0 00:00:00  -  Total Local Usage
	122352  -  Run Bytes Sent By Job
	223771  -  Run Bytes Received By Job
	122352  -  Total Bytes Sent By Job
	223771  -  Total Bytes Received By Job
	Partitionable Resources :    Usage  Request Allocated 
	   Cpus                 :     0.00        1         1 
	   Disk (KB)            :   885         225   1632525 
	   Memory (MB)          :   156        2048      2048 

	Job terminated of its own accord at 2023-06-05T16:11:31Z with exit-code 0.
...
