000 (32231638.154.000) 2023-06-05 10:45:08 Job submitted from host: <131.225.204.62:9618?addrs=131.225.204.62-9618+[2620-6a-0-8420-f0-0-204-62]-9618&alias=lpcschedd5.fnal.gov&noUDP&sock=schedd_3532_3c98>
...
040 (32231638.154.000) 2023-06-05 11:04:30 Started transferring input files
	Transferring to host: <131.225.188.149:9618?addrs=[2620-6a-0-8421-f0-0-188-149]-9618+131.225.188.149-9618&alias=cmswn2052.fnal.gov&noUDP&sock=slot1_35_2015_7feb_30336>
...
040 (32231638.154.000) 2023-06-05 11:04:30 Finished transferring input files
...
001 (32231638.154.000) 2023-06-05 11:04:30 Job executing on host: <131.225.188.149:9618?addrs=[2620-6a-0-8421-f0-0-188-149]-9618+131.225.188.149-9618&alias=cmswn2052.fnal.gov&noUDP&sock=startd_1925_f7e6>
...
006 (32231638.154.000) 2023-06-05 11:04:39 Image size of job updated: 6
	6  -  MemoryUsage of job (MB)
	6852  -  ResidentSetSize of job (KB)
...
006 (32231638.154.000) 2023-06-05 11:05:40 Image size of job updated: 155
	155  -  MemoryUsage of job (MB)
	159412  -  ResidentSetSize of job (KB)
...
006 (32231638.154.000) 2023-06-05 11:06:41 Image size of job updated: 155
	155  -  MemoryUsage of job (MB)
	159512  -  ResidentSetSize of job (KB)
...
006 (32231638.154.000) 2023-06-05 11:07:23 Image size of job updated: 155
	155  -  MemoryUsage of job (MB)
	159568  -  ResidentSetSize of job (KB)
...
040 (32231638.154.000) 2023-06-05 11:07:23 Started transferring output files
...
040 (32231638.154.000) 2023-06-05 11:07:23 Finished transferring output files
...
005 (32231638.154.000) 2023-06-05 11:07:24 Job terminated.
	(1) Normal termination (return value 0)
		Usr 0 00:01:27, Sys 0 00:00:05  -  Run Remote Usage
		Usr 0 00:00:00, Sys 0 00:00:00  -  Run Local Usage
		Usr 0 00:01:27, Sys 0 00:00:05  -  Total Remote Usage
		Usr 0 00:00:00, Sys 0 00:00:00  -  Total Local Usage
	120687  -  Run Bytes Sent By Job
	223772  -  Run Bytes Received By Job
	120687  -  Total Bytes Sent By Job
	223772  -  Total Bytes Received By Job
	Partitionable Resources :    Usage  Request Allocated 
	   Cpus                 :     0.00        1         1 
	   Disk (KB)            :   882         225   1636817 
	   Memory (MB)          :   155        2048      2048 

	Job terminated of its own accord at 2023-06-05T16:07:23Z with exit-code 0.
...
009 (1968573.154.000) 2023-06-05 18:30:12 Job was aborted.
	via condor_rm (by user shardulr)
...
