000 (32231638.152.000) 2023-06-05 10:45:08 Job submitted from host: <131.225.204.62:9618?addrs=131.225.204.62-9618+[2620-6a-0-8420-f0-0-204-62]-9618&alias=lpcschedd5.fnal.gov&noUDP&sock=schedd_3532_3c98>
...
040 (32231638.152.000) 2023-06-05 11:04:29 Started transferring input files
	Transferring to host: <131.225.188.219:9618?addrs=[2620-6a-0-8421-f0-0-188-219]-9618+131.225.188.219-9618&alias=cmswn2070.fnal.gov&noUDP&sock=slot1_35_2110_6f8f_21840>
...
040 (32231638.152.000) 2023-06-05 11:04:29 Finished transferring input files
...
001 (32231638.152.000) 2023-06-05 11:04:29 Job executing on host: <131.225.188.219:9618?addrs=[2620-6a-0-8421-f0-0-188-219]-9618+131.225.188.219-9618&alias=cmswn2070.fnal.gov&noUDP&sock=startd_2019_71cd>
...
006 (32231638.152.000) 2023-06-05 11:04:38 Image size of job updated: 36
	36  -  MemoryUsage of job (MB)
	37468  -  ResidentSetSize of job (KB)
...
006 (32231638.152.000) 2023-06-05 11:05:38 Image size of job updated: 152
	152  -  MemoryUsage of job (MB)
	156516  -  ResidentSetSize of job (KB)
...
006 (32231638.152.000) 2023-06-05 11:06:12 Image size of job updated: 152
	152  -  MemoryUsage of job (MB)
	156600  -  ResidentSetSize of job (KB)
...
040 (32231638.152.000) 2023-06-05 11:06:12 Started transferring output files
...
040 (32231638.152.000) 2023-06-05 11:06:12 Finished transferring output files
...
005 (32231638.152.000) 2023-06-05 11:06:13 Job terminated.
	(1) Normal termination (return value 0)
		Usr 0 00:00:34, Sys 0 00:00:02  -  Run Remote Usage
		Usr 0 00:00:00, Sys 0 00:00:00  -  Run Local Usage
		Usr 0 00:00:34, Sys 0 00:00:02  -  Total Remote Usage
		Usr 0 00:00:00, Sys 0 00:00:00  -  Total Local Usage
	120727  -  Run Bytes Sent By Job
	223772  -  Run Bytes Received By Job
	120727  -  Total Bytes Sent By Job
	223772  -  Total Bytes Received By Job
	Partitionable Resources :    Usage  Request Allocated 
	   Cpus                 :        0        1         1 
	   Disk (KB)            :      883      225   1646883 
	   Memory (MB)          :      152     2048      2048 

	Job terminated of its own accord at 2023-06-05T16:06:12Z with exit-code 0.
...
009 (1968573.152.000) 2023-06-05 18:30:12 Job was aborted.
	via condor_rm (by user shardulr)
...
