000 (32231638.106.000) 2023-06-05 10:45:08 Job submitted from host: <131.225.204.62:9618?addrs=131.225.204.62-9618+[2620-6a-0-8420-f0-0-204-62]-9618&alias=lpcschedd5.fnal.gov&noUDP&sock=schedd_3532_3c98>
...
040 (32231638.106.000) 2023-06-05 11:02:58 Started transferring input files
	Transferring to host: <131.225.188.106:9618?addrs=[2620-6a-0-8421-f0-0-188-106]-9618+131.225.188.106-9618&alias=cmswn2047.fnal.gov&noUDP&sock=slot1_35_2166_e491_25616>
...
040 (32231638.106.000) 2023-06-05 11:02:58 Finished transferring input files
...
001 (32231638.106.000) 2023-06-05 11:02:58 Job executing on host: <131.225.188.106:9618?addrs=[2620-6a-0-8421-f0-0-188-106]-9618+131.225.188.106-9618&alias=cmswn2047.fnal.gov&noUDP&sock=startd_1933_74a8>
...
006 (32231638.106.000) 2023-06-05 11:03:07 Image size of job updated: 16
	16  -  MemoryUsage of job (MB)
	17140  -  ResidentSetSize of job (KB)
...
006 (32231638.106.000) 2023-06-05 11:04:08 Image size of job updated: 143
	143  -  MemoryUsage of job (MB)
	147128  -  ResidentSetSize of job (KB)
...
006 (32231638.106.000) 2023-06-05 11:05:08 Image size of job updated: 143
	143  -  MemoryUsage of job (MB)
	147160  -  ResidentSetSize of job (KB)
...
006 (32231638.106.000) 2023-06-05 11:06:08 Image size of job updated: 143
	143  -  MemoryUsage of job (MB)
	147196  -  ResidentSetSize of job (KB)
...
006 (32231638.106.000) 2023-06-05 11:07:08 Image size of job updated: 143
	143  -  MemoryUsage of job (MB)
	147232  -  ResidentSetSize of job (KB)
...
006 (32231638.106.000) 2023-06-05 11:07:24 Image size of job updated: 143
	143  -  MemoryUsage of job (MB)
	147236  -  ResidentSetSize of job (KB)
...
040 (32231638.106.000) 2023-06-05 11:07:25 Started transferring output files
...
040 (32231638.106.000) 2023-06-05 11:07:25 Finished transferring output files
...
005 (32231638.106.000) 2023-06-05 11:07:25 Job terminated.
	(1) Normal termination (return value 0)
		Usr 0 00:00:58, Sys 0 00:00:05  -  Run Remote Usage
		Usr 0 00:00:00, Sys 0 00:00:00  -  Run Local Usage
		Usr 0 00:00:58, Sys 0 00:00:05  -  Total Remote Usage
		Usr 0 00:00:00, Sys 0 00:00:00  -  Total Local Usage
	117693  -  Run Bytes Sent By Job
	223772  -  Run Bytes Received By Job
	117693  -  Total Bytes Sent By Job
	223772  -  Total Bytes Received By Job
	Partitionable Resources :    Usage  Request Allocated 
	   Cpus                 :     0.00        1         1 
	   Disk (KB)            :   880         225   1637500 
	   Memory (MB)          :   143        2048      2048 

	Job terminated of its own accord at 2023-06-05T16:07:24Z with exit-code 0.
...
009 (1968573.106.000) 2023-06-05 18:30:11 Job was aborted.
	via condor_rm (by user shardulr)
...
