000 (32231638.236.000) 2023-06-05 10:45:09 Job submitted from host: <131.225.204.62:9618?addrs=131.225.204.62-9618+[2620-6a-0-8420-f0-0-204-62]-9618&alias=lpcschedd5.fnal.gov&noUDP&sock=schedd_3532_3c98>
...
040 (32231638.236.000) 2023-06-05 11:07:25 Started transferring input files
	Transferring to host: <131.225.188.149:9618?addrs=[2620-6a-0-8421-f0-0-188-149]-9618+131.225.188.149-9618&alias=cmswn2052.fnal.gov&noUDP&sock=slot1_35_2015_7feb_30339>
...
040 (32231638.236.000) 2023-06-05 11:07:25 Finished transferring input files
...
001 (32231638.236.000) 2023-06-05 11:07:25 Job executing on host: <131.225.188.149:9618?addrs=[2620-6a-0-8421-f0-0-188-149]-9618+131.225.188.149-9618&alias=cmswn2052.fnal.gov&noUDP&sock=startd_1925_f7e6>
...
006 (32231638.236.000) 2023-06-05 11:07:34 Image size of job updated: 21
	21  -  MemoryUsage of job (MB)
	21852  -  ResidentSetSize of job (KB)
...
006 (32231638.236.000) 2023-06-05 11:08:35 Image size of job updated: 155
	155  -  MemoryUsage of job (MB)
	159284  -  ResidentSetSize of job (KB)
...
006 (32231638.236.000) 2023-06-05 11:09:35 Image size of job updated: 156
	156  -  MemoryUsage of job (MB)
	160044  -  ResidentSetSize of job (KB)
...
006 (32231638.236.000) 2023-06-05 11:10:36 Image size of job updated: 156
	156  -  MemoryUsage of job (MB)
	160088  -  ResidentSetSize of job (KB)
...
006 (32231638.236.000) 2023-06-05 11:11:37 Image size of job updated: 156
	156  -  MemoryUsage of job (MB)
	160120  -  ResidentSetSize of job (KB)
...
006 (32231638.236.000) 2023-06-05 11:12:38 Image size of job updated: 156
	156  -  MemoryUsage of job (MB)
	160172  -  ResidentSetSize of job (KB)
...
006 (32231638.236.000) 2023-06-05 11:13:39 Image size of job updated: 156
	156  -  MemoryUsage of job (MB)
	160200  -  ResidentSetSize of job (KB)
...
006 (32231638.236.000) 2023-06-05 11:14:26 Image size of job updated: 156
	156  -  MemoryUsage of job (MB)
	160232  -  ResidentSetSize of job (KB)
...
040 (32231638.236.000) 2023-06-05 11:14:26 Started transferring output files
...
040 (32231638.236.000) 2023-06-05 11:14:26 Finished transferring output files
...
005 (32231638.236.000) 2023-06-05 11:14:27 Job terminated.
	(1) Normal termination (return value 0)
		Usr 0 00:01:27, Sys 0 00:00:07  -  Run Remote Usage
		Usr 0 00:00:00, Sys 0 00:00:00  -  Run Local Usage
		Usr 0 00:01:27, Sys 0 00:00:07  -  Total Remote Usage
		Usr 0 00:00:00, Sys 0 00:00:00  -  Total Local Usage
	121782  -  Run Bytes Sent By Job
	223772  -  Run Bytes Received By Job
	121782  -  Total Bytes Sent By Job
	223772  -  Total Bytes Received By Job
	Partitionable Resources :    Usage  Request Allocated 
	   Cpus                 :     0.00        1         1 
	   Disk (KB)            :   884         225   1636817 
	   Memory (MB)          :   156        2048      2048 

	Job terminated of its own accord at 2023-06-05T16:14:26Z with exit-code 0.
...
009 (1968573.236.000) 2023-06-05 18:30:13 Job was aborted.
	via condor_rm (by user shardulr)
...
