000 (32231638.050.000) 2023-06-05 10:45:08 Job submitted from host: <131.225.204.62:9618?addrs=131.225.204.62-9618+[2620-6a-0-8420-f0-0-204-62]-9618&alias=lpcschedd5.fnal.gov&noUDP&sock=schedd_3532_3c98>
...
040 (32231638.050.000) 2023-06-05 11:00:57 Started transferring input files
	Transferring to host: <131.225.188.76:9618?addrs=[2620-6a-0-8421-f0-0-188-76]-9618+131.225.188.76-9618&alias=cmswn2039.fnal.gov&noUDP&sock=slot1_24_2124_4ccf_35299>
...
040 (32231638.050.000) 2023-06-05 11:00:57 Finished transferring input files
...
001 (32231638.050.000) 2023-06-05 11:00:57 Job executing on host: <131.225.188.76:9618?addrs=[2620-6a-0-8421-f0-0-188-76]-9618+131.225.188.76-9618&alias=cmswn2039.fnal.gov&noUDP&sock=startd_2006_8712>
...
006 (32231638.050.000) 2023-06-05 11:01:07 Image size of job updated: 30
	30  -  MemoryUsage of job (MB)
	31288  -  ResidentSetSize of job (KB)
...
006 (32231638.050.000) 2023-06-05 11:02:07 Image size of job updated: 156
	156  -  MemoryUsage of job (MB)
	160108  -  ResidentSetSize of job (KB)
...
006 (32231638.050.000) 2023-06-05 11:02:58 Image size of job updated: 156
	156  -  MemoryUsage of job (MB)
	160204  -  ResidentSetSize of job (KB)
...
040 (32231638.050.000) 2023-06-05 11:02:58 Started transferring output files
...
040 (32231638.050.000) 2023-06-05 11:02:58 Finished transferring output files
...
005 (32231638.050.000) 2023-06-05 11:03:00 Job terminated.
	(1) Normal termination (return value 0)
		Usr 0 00:00:47, Sys 0 00:00:05  -  Run Remote Usage
		Usr 0 00:00:00, Sys 0 00:00:00  -  Run Local Usage
		Usr 0 00:00:47, Sys 0 00:00:05  -  Total Remote Usage
		Usr 0 00:00:00, Sys 0 00:00:00  -  Total Local Usage
	121337  -  Run Bytes Sent By Job
	223771  -  Run Bytes Received By Job
	121337  -  Total Bytes Sent By Job
	223771  -  Total Bytes Received By Job
	Partitionable Resources :    Usage  Request Allocated 
	   Cpus                 :     0.00        1         1 
	   Disk (KB)            :   884         225   1642076 
	   Memory (MB)          :   156        2048      2048 

	Job terminated of its own accord at 2023-06-05T16:02:58Z with exit-code 0.
...
009 (1968573.050.000) 2023-06-05 18:30:10 Job was aborted.
	via condor_rm (by user shardulr)

	Job terminated by itself at 2023-06-05T15:44:22Z (using method 0: OF_ITS_OWN_ACCORD).
...
