000 (32231638.159.000) 2023-06-05 10:45:08 Job submitted from host: <131.225.204.62:9618?addrs=131.225.204.62-9618+[2620-6a-0-8420-f0-0-204-62]-9618&alias=lpcschedd5.fnal.gov&noUDP&sock=schedd_3532_3c98>
...
040 (32231638.159.000) 2023-06-05 11:04:52 Started transferring input files
	Transferring to host: <131.225.188.157:9618?addrs=[2620-6a-0-8421-f0-0-188-157]-9618+131.225.188.157-9618&alias=cmswn2053.fnal.gov&noUDP&sock=slot1_31_2017_e8ab_31456>
...
040 (32231638.159.000) 2023-06-05 11:04:52 Finished transferring input files
...
001 (32231638.159.000) 2023-06-05 11:04:52 Job executing on host: <131.225.188.157:9618?addrs=[2620-6a-0-8421-f0-0-188-157]-9618+131.225.188.157-9618&alias=cmswn2053.fnal.gov&noUDP&sock=startd_1921_3985>
...
006 (32231638.159.000) 2023-06-05 11:05:01 Image size of job updated: 29
	29  -  MemoryUsage of job (MB)
	29896  -  ResidentSetSize of job (KB)
...
006 (32231638.159.000) 2023-06-05 11:06:01 Image size of job updated: 148
	148  -  MemoryUsage of job (MB)
	151748  -  ResidentSetSize of job (KB)
...
006 (32231638.159.000) 2023-06-05 11:07:02 Image size of job updated: 148
	148  -  MemoryUsage of job (MB)
	152524  -  ResidentSetSize of job (KB)
...
006 (32231638.159.000) 2023-06-05 11:08:02 Image size of job updated: 148
	148  -  MemoryUsage of job (MB)
	152564  -  ResidentSetSize of job (KB)
...
006 (32231638.159.000) 2023-06-05 11:09:02 Image size of job updated: 149
	149  -  MemoryUsage of job (MB)
	152608  -  ResidentSetSize of job (KB)
...
006 (32231638.159.000) 2023-06-05 11:10:03 Image size of job updated: 149
	149  -  MemoryUsage of job (MB)
	152644  -  ResidentSetSize of job (KB)
...
040 (32231638.159.000) 2023-06-05 11:10:07 Started transferring output files
...
040 (32231638.159.000) 2023-06-05 11:10:07 Finished transferring output files
...
005 (32231638.159.000) 2023-06-05 11:10:07 Job terminated.
	(1) Normal termination (return value 0)
		Usr 0 00:01:02, Sys 0 00:00:04  -  Run Remote Usage
		Usr 0 00:00:00, Sys 0 00:00:00  -  Run Local Usage
		Usr 0 00:01:02, Sys 0 00:00:04  -  Total Remote Usage
		Usr 0 00:00:00, Sys 0 00:00:00  -  Total Local Usage
	119688  -  Run Bytes Sent By Job
	223772  -  Run Bytes Received By Job
	119688  -  Total Bytes Sent By Job
	223772  -  Total Bytes Received By Job
	Partitionable Resources :    Usage  Request Allocated 
	   Cpus                 :        0        1         1 
	   Disk (KB)            :      883      225   1639248 
	   Memory (MB)          :      149     2048      2048 

	Job terminated of its own accord at 2023-06-05T16:10:07Z with exit-code 0.
...
009 (1968573.159.000) 2023-06-05 18:30:12 Job was aborted.
	via condor_rm (by user shardulr)
...
