000 (32231638.113.000) 2023-06-05 10:45:08 Job submitted from host: <131.225.204.62:9618?addrs=131.225.204.62-9618+[2620-6a-0-8420-f0-0-204-62]-9618&alias=lpcschedd5.fnal.gov&noUDP&sock=schedd_3532_3c98>
...
040 (32231638.113.000) 2023-06-05 11:03:21 Started transferring input files
	Transferring to host: <131.225.188.157:9618?addrs=[2620-6a-0-8421-f0-0-188-157]-9618+131.225.188.157-9618&alias=cmswn2053.fnal.gov&noUDP&sock=slot1_40_2017_e8ab_31453>
...
040 (32231638.113.000) 2023-06-05 11:03:21 Finished transferring input files
...
001 (32231638.113.000) 2023-06-05 11:03:21 Job executing on host: <131.225.188.157:9618?addrs=[2620-6a-0-8421-f0-0-188-157]-9618+131.225.188.157-9618&alias=cmswn2053.fnal.gov&noUDP&sock=startd_1921_3985>
...
006 (32231638.113.000) 2023-06-05 11:03:29 Image size of job updated: 31
	31  -  MemoryUsage of job (MB)
	32652  -  ResidentSetSize of job (KB)
...
006 (32231638.113.000) 2023-06-05 11:04:31 Image size of job updated: 96
	96  -  MemoryUsage of job (MB)
	98720  -  ResidentSetSize of job (KB)
...
006 (32231638.113.000) 2023-06-05 11:06:32 Image size of job updated: 96
	96  -  MemoryUsage of job (MB)
	99076  -  ResidentSetSize of job (KB)
...
006 (32231638.113.000) 2023-06-05 11:08:33 Image size of job updated: 140
	140  -  MemoryUsage of job (MB)
	144332  -  ResidentSetSize of job (KB)
...
006 (32231638.113.000) 2023-06-05 11:09:34 Image size of job updated: 141
	141  -  MemoryUsage of job (MB)
	144872  -  ResidentSetSize of job (KB)
...
006 (32231638.113.000) 2023-06-05 11:10:34 Image size of job updated: 141
	141  -  MemoryUsage of job (MB)
	144952  -  ResidentSetSize of job (KB)
...
006 (32231638.113.000) 2023-06-05 11:11:35 Image size of job updated: 141
	141  -  MemoryUsage of job (MB)
	144984  -  ResidentSetSize of job (KB)
...
040 (32231638.113.000) 2023-06-05 11:11:50 Started transferring output files
...
040 (32231638.113.000) 2023-06-05 11:11:50 Finished transferring output files
...
005 (32231638.113.000) 2023-06-05 11:11:52 Job terminated.
	(1) Normal termination (return value 0)
		Usr 0 00:00:45, Sys 0 00:00:04  -  Run Remote Usage
		Usr 0 00:00:00, Sys 0 00:00:00  -  Run Local Usage
		Usr 0 00:00:45, Sys 0 00:00:04  -  Total Remote Usage
		Usr 0 00:00:00, Sys 0 00:00:00  -  Total Local Usage
	115784  -  Run Bytes Sent By Job
	223772  -  Run Bytes Received By Job
	115784  -  Total Bytes Sent By Job
	223772  -  Total Bytes Received By Job
	Partitionable Resources :    Usage  Request Allocated 
	   Cpus                 :     0.00        1         1 
	   Disk (KB)            :   879         225   1639248 
	   Memory (MB)          :   141        2048      2048 

	Job terminated of its own accord at 2023-06-05T16:11:50Z with exit-code 0.
...
009 (1968573.113.000) 2023-06-05 18:30:11 Job was aborted.
	via condor_rm (by user shardulr)
...
