000 (32231638.259.000) 2023-06-05 10:45:09 Job submitted from host: <131.225.204.62:9618?addrs=131.225.204.62-9618+[2620-6a-0-8420-f0-0-204-62]-9618&alias=lpcschedd5.fnal.gov&noUDP&sock=schedd_3532_3c98>
...
040 (32231638.259.000) 2023-06-05 11:07:57 Started transferring input files
	Transferring to host: <131.225.189.167:9618?addrs=[2620-6a-0-8421-f0-0-189-167]-9618+131.225.189.167-9618&alias=cmswn2119.fnal.gov&noUDP&sock=slot1_29_2115_f56f_16246>
...
040 (32231638.259.000) 2023-06-05 11:07:57 Finished transferring input files
...
001 (32231638.259.000) 2023-06-05 11:07:57 Job executing on host: <131.225.189.167:9618?addrs=[2620-6a-0-8421-f0-0-189-167]-9618+131.225.189.167-9618&alias=cmswn2119.fnal.gov&noUDP&sock=startd_2013_543c>
...
006 (32231638.259.000) 2023-06-05 11:08:06 Image size of job updated: 6
	6  -  MemoryUsage of job (MB)
	6956  -  ResidentSetSize of job (KB)
...
006 (32231638.259.000) 2023-06-05 11:09:06 Image size of job updated: 155
	155  -  MemoryUsage of job (MB)
	158984  -  ResidentSetSize of job (KB)
...
006 (32231638.259.000) 2023-06-05 11:10:07 Image size of job updated: 156
	156  -  MemoryUsage of job (MB)
	159748  -  ResidentSetSize of job (KB)
...
006 (32231638.259.000) 2023-06-05 11:11:08 Image size of job updated: 156
	156  -  MemoryUsage of job (MB)
	159756  -  ResidentSetSize of job (KB)
...
006 (32231638.259.000) 2023-06-05 11:12:08 Image size of job updated: 156
	156  -  MemoryUsage of job (MB)
	159792  -  ResidentSetSize of job (KB)
...
006 (32231638.259.000) 2023-06-05 11:13:09 Image size of job updated: 156
	156  -  MemoryUsage of job (MB)
	159816  -  ResidentSetSize of job (KB)
...
006 (32231638.259.000) 2023-06-05 11:14:09 Image size of job updated: 156
	156  -  MemoryUsage of job (MB)
	159836  -  ResidentSetSize of job (KB)
...
006 (32231638.259.000) 2023-06-05 11:15:10 Image size of job updated: 156
	156  -  MemoryUsage of job (MB)
	159876  -  ResidentSetSize of job (KB)
...
006 (32231638.259.000) 2023-06-05 11:16:11 Image size of job updated: 156
	156  -  MemoryUsage of job (MB)
	159884  -  ResidentSetSize of job (KB)
...
040 (32231638.259.000) 2023-06-05 11:16:19 Started transferring output files
...
040 (32231638.259.000) 2023-06-05 11:16:19 Finished transferring output files
...
005 (32231638.259.000) 2023-06-05 11:16:20 Job terminated.
	(1) Normal termination (return value 0)
		Usr 0 00:01:17, Sys 0 00:00:05  -  Run Remote Usage
		Usr 0 00:00:00, Sys 0 00:00:00  -  Run Local Usage
		Usr 0 00:01:17, Sys 0 00:00:05  -  Total Remote Usage
		Usr 0 00:00:00, Sys 0 00:00:00  -  Total Local Usage
	121301  -  Run Bytes Sent By Job
	223772  -  Run Bytes Received By Job
	121301  -  Total Bytes Sent By Job
	223772  -  Total Bytes Received By Job
	Partitionable Resources :    Usage  Request Allocated 
	   Cpus                 :     0.00        1         1 
	   Disk (KB)            :   883         225   3466881 
	   Memory (MB)          :   156        2048      2048 

	Job terminated of its own accord at 2023-06-05T16:16:19Z with exit-code 0.
...
009 (1968573.259.000) 2023-06-05 18:30:13 Job was aborted.
	via condor_rm (by user shardulr)
...
