000 (32231638.097.000) 2023-06-05 10:45:08 Job submitted from host: <131.225.204.62:9618?addrs=131.225.204.62-9618+[2620-6a-0-8420-f0-0-204-62]-9618&alias=lpcschedd5.fnal.gov&noUDP&sock=schedd_3532_3c98>
...
040 (32231638.097.000) 2023-06-05 11:02:36 Started transferring input files
	Transferring to host: <131.225.188.184:9618?addrs=[2620-6a-0-8421-f0-0-188-184]-9618+131.225.188.184-9618&alias=cmswn2061.fnal.gov&noUDP&sock=slot1_5_2430_e79c_3080>
...
040 (32231638.097.000) 2023-06-05 11:02:36 Finished transferring input files
...
001 (32231638.097.000) 2023-06-05 11:02:36 Job executing on host: <131.225.188.184:9618?addrs=[2620-6a-0-8421-f0-0-188-184]-9618+131.225.188.184-9618&alias=cmswn2061.fnal.gov&noUDP&sock=startd_2168_a56a>
...
006 (32231638.097.000) 2023-06-05 11:02:45 Image size of job updated: 19
	19  -  MemoryUsage of job (MB)
	20372  -  ResidentSetSize of job (KB)
...
006 (32231638.097.000) 2023-06-05 11:03:45 Image size of job updated: 155
	155  -  MemoryUsage of job (MB)
	159680  -  ResidentSetSize of job (KB)
...
006 (32231638.097.000) 2023-06-05 11:04:45 Image size of job updated: 156
	156  -  MemoryUsage of job (MB)
	159744  -  ResidentSetSize of job (KB)
...
006 (32231638.097.000) 2023-06-05 11:05:45 Image size of job updated: 156
	156  -  MemoryUsage of job (MB)
	159812  -  ResidentSetSize of job (KB)
...
006 (32231638.097.000) 2023-06-05 11:06:23 Image size of job updated: 156
	156  -  MemoryUsage of job (MB)
	159876  -  ResidentSetSize of job (KB)
...
040 (32231638.097.000) 2023-06-05 11:06:23 Started transferring output files
...
040 (32231638.097.000) 2023-06-05 11:06:23 Finished transferring output files
...
005 (32231638.097.000) 2023-06-05 11:06:24 Job terminated.
	(1) Normal termination (return value 0)
		Usr 0 00:01:26, Sys 0 00:00:09  -  Run Remote Usage
		Usr 0 00:00:00, Sys 0 00:00:00  -  Run Local Usage
		Usr 0 00:01:26, Sys 0 00:00:09  -  Total Remote Usage
		Usr 0 00:00:00, Sys 0 00:00:00  -  Total Local Usage
	121582  -  Run Bytes Sent By Job
	223771  -  Run Bytes Received By Job
	121582  -  Total Bytes Sent By Job
	223771  -  Total Bytes Received By Job
	Partitionable Resources :    Usage  Request Allocated 
	   Cpus                 :        0        1         1 
	   Disk (KB)            :      883      225   1620749 
	   Memory (MB)          :      156     2048      2048 

	Job terminated of its own accord at 2023-06-05T16:06:23Z with exit-code 0.
...
009 (1968573.097.000) 2023-06-05 18:30:11 Job was aborted.
	via condor_rm (by user shardulr)
...
