000 (32231638.296.000) 2023-06-05 10:45:09 Job submitted from host: <131.225.204.62:9618?addrs=131.225.204.62-9618+[2620-6a-0-8420-f0-0-204-62]-9618&alias=lpcschedd5.fnal.gov&noUDP&sock=schedd_3532_3c98>
...
040 (32231638.296.000) 2023-06-05 11:08:57 Started transferring input files
	Transferring to host: <131.225.189.19:9618?addrs=[2620-6a-0-8421-f0-0-189-19]-9618+131.225.189.19-9618&alias=cmswn2082.fnal.gov&noUDP&sock=slot1_25_2103_80ef_19602>
...
040 (32231638.296.000) 2023-06-05 11:08:57 Finished transferring input files
...
001 (32231638.296.000) 2023-06-05 11:08:57 Job executing on host: <131.225.189.19:9618?addrs=[2620-6a-0-8421-f0-0-189-19]-9618+131.225.189.19-9618&alias=cmswn2082.fnal.gov&noUDP&sock=startd_2013_543c>
...
006 (32231638.296.000) 2023-06-05 11:09:05 Image size of job updated: 14
	14  -  MemoryUsage of job (MB)
	14560  -  ResidentSetSize of job (KB)
...
006 (32231638.296.000) 2023-06-05 11:10:05 Image size of job updated: 141
	141  -  MemoryUsage of job (MB)
	144736  -  ResidentSetSize of job (KB)
...
006 (32231638.296.000) 2023-06-05 11:11:06 Image size of job updated: 141
	141  -  MemoryUsage of job (MB)
	145348  -  ResidentSetSize of job (KB)
...
006 (32231638.296.000) 2023-06-05 11:12:07 Image size of job updated: 141
	141  -  MemoryUsage of job (MB)
	145388  -  ResidentSetSize of job (KB)
...
006 (32231638.296.000) 2023-06-05 11:12:29 Image size of job updated: 141
	141  -  MemoryUsage of job (MB)
	145396  -  ResidentSetSize of job (KB)
...
040 (32231638.296.000) 2023-06-05 11:12:30 Started transferring output files
...
040 (32231638.296.000) 2023-06-05 11:12:30 Finished transferring output files
...
005 (32231638.296.000) 2023-06-05 11:12:31 Job terminated.
	(1) Normal termination (return value 0)
		Usr 0 00:00:41, Sys 0 00:00:03  -  Run Remote Usage
		Usr 0 00:00:00, Sys 0 00:00:00  -  Run Local Usage
		Usr 0 00:00:41, Sys 0 00:00:03  -  Total Remote Usage
		Usr 0 00:00:00, Sys 0 00:00:00  -  Total Local Usage
	115044  -  Run Bytes Sent By Job
	223772  -  Run Bytes Received By Job
	115044  -  Total Bytes Sent By Job
	223772  -  Total Bytes Received By Job
	Partitionable Resources :    Usage  Request Allocated 
	   Cpus                 :     0.00        1         1 
	   Disk (KB)            :   878         225   1651055 
	   Memory (MB)          :   141        2048      2048 

	Job terminated of its own accord at 2023-06-05T16:12:29Z with exit-code 0.
...
009 (1968573.296.000) 2023-06-05 18:30:13 Job was aborted.
	via condor_rm (by user shardulr)
...
