000 (32231638.019.000) 2023-06-05 10:45:08 Job submitted from host: <131.225.204.62:9618?addrs=131.225.204.62-9618+[2620-6a-0-8420-f0-0-204-62]-9618&alias=lpcschedd5.fnal.gov&noUDP&sock=schedd_3532_3c98>
...
040 (32231638.019.000) 2023-06-05 10:59:10 Started transferring input files
	Transferring to host: <131.225.189.19:9618?addrs=[2620-6a-0-8421-f0-0-189-19]-9618+131.225.189.19-9618&alias=cmswn2082.fnal.gov&noUDP&sock=slot1_33_2103_80ef_19593>
...
040 (32231638.019.000) 2023-06-05 10:59:10 Finished transferring input files
...
001 (32231638.019.000) 2023-06-05 10:59:10 Job executing on host: <131.225.189.19:9618?addrs=[2620-6a-0-8421-f0-0-189-19]-9618+131.225.189.19-9618&alias=cmswn2082.fnal.gov&noUDP&sock=startd_2013_543c>
...
006 (32231638.019.000) 2023-06-05 10:59:18 Image size of job updated: 6
	6  -  MemoryUsage of job (MB)
	6844  -  ResidentSetSize of job (KB)
...
006 (32231638.019.000) 2023-06-05 11:00:19 Image size of job updated: 156
	156  -  MemoryUsage of job (MB)
	160012  -  ResidentSetSize of job (KB)
...
006 (32231638.019.000) 2023-06-05 11:01:19 Image size of job updated: 156
	156  -  MemoryUsage of job (MB)
	160112  -  ResidentSetSize of job (KB)
...
040 (32231638.019.000) 2023-06-05 11:01:31 Started transferring output files
...
040 (32231638.019.000) 2023-06-05 11:01:31 Finished transferring output files
...
005 (32231638.019.000) 2023-06-05 11:01:32 Job terminated.
	(1) Normal termination (return value 0)
		Usr 0 00:01:14, Sys 0 00:00:07  -  Run Remote Usage
		Usr 0 00:00:00, Sys 0 00:00:00  -  Run Local Usage
		Usr 0 00:01:14, Sys 0 00:00:07  -  Total Remote Usage
		Usr 0 00:00:00, Sys 0 00:00:00  -  Total Local Usage
	121757  -  Run Bytes Sent By Job
	223771  -  Run Bytes Received By Job
	121757  -  Total Bytes Sent By Job
	223771  -  Total Bytes Received By Job
	Partitionable Resources :    Usage  Request Allocated 
	   Cpus                 :        0        1         1 
	   Disk (KB)            :      884      225   1651055 
	   Memory (MB)          :      156     2048      2048 

	Job terminated of its own accord at 2023-06-05T16:01:31Z with exit-code 0.
...
