000 (32231638.308.000) 2023-06-05 10:45:09 Job submitted from host: <131.225.204.62:9618?addrs=131.225.204.62-9618+[2620-6a-0-8420-f0-0-204-62]-9618&alias=lpcschedd5.fnal.gov&noUDP&sock=schedd_3532_3c98>
...
040 (32231638.308.000) 2023-06-05 11:09:07 Started transferring input files
	Transferring to host: <131.225.189.19:9618?addrs=[2620-6a-0-8421-f0-0-189-19]-9618+131.225.189.19-9618&alias=cmswn2082.fnal.gov&noUDP&sock=slot1_12_2103_80ef_19603>
...
040 (32231638.308.000) 2023-06-05 11:09:07 Finished transferring input files
...
001 (32231638.308.000) 2023-06-05 11:09:07 Job executing on host: <131.225.189.19:9618?addrs=[2620-6a-0-8421-f0-0-189-19]-9618+131.225.189.19-9618&alias=cmswn2082.fnal.gov&noUDP&sock=startd_2013_543c>
...
006 (32231638.308.000) 2023-06-05 11:09:15 Image size of job updated: 6
	6  -  MemoryUsage of job (MB)
	6852  -  ResidentSetSize of job (KB)
...
006 (32231638.308.000) 2023-06-05 11:10:16 Image size of job updated: 149
	149  -  MemoryUsage of job (MB)
	153032  -  ResidentSetSize of job (KB)
...
006 (32231638.308.000) 2023-06-05 11:11:16 Image size of job updated: 149
	149  -  MemoryUsage of job (MB)
	153072  -  ResidentSetSize of job (KB)
...
006 (32231638.308.000) 2023-06-05 11:12:17 Image size of job updated: 149
	149  -  MemoryUsage of job (MB)
	153104  -  ResidentSetSize of job (KB)
...
006 (32231638.308.000) 2023-06-05 11:13:17 Image size of job updated: 149
	149  -  MemoryUsage of job (MB)
	153140  -  ResidentSetSize of job (KB)
...
006 (32231638.308.000) 2023-06-05 11:14:18 Image size of job updated: 149
	149  -  MemoryUsage of job (MB)
	153176  -  ResidentSetSize of job (KB)
...
006 (32231638.308.000) 2023-06-05 11:14:48 Image size of job updated: 149
	149  -  MemoryUsage of job (MB)
	153188  -  ResidentSetSize of job (KB)
...
040 (32231638.308.000) 2023-06-05 11:14:48 Started transferring output files
...
040 (32231638.308.000) 2023-06-05 11:14:48 Finished transferring output files
...
005 (32231638.308.000) 2023-06-05 11:14:56 Job terminated.
	(1) Normal termination (return value 0)
		Usr 0 00:01:01, Sys 0 00:00:04  -  Run Remote Usage
		Usr 0 00:00:00, Sys 0 00:00:00  -  Run Local Usage
		Usr 0 00:01:01, Sys 0 00:00:04  -  Total Remote Usage
		Usr 0 00:00:00, Sys 0 00:00:00  -  Total Local Usage
	119794  -  Run Bytes Sent By Job
	223772  -  Run Bytes Received By Job
	119794  -  Total Bytes Sent By Job
	223772  -  Total Bytes Received By Job
	Partitionable Resources :    Usage  Request Allocated 
	   Cpus                 :     0.00        1         1 
	   Disk (KB)            :   882         225   1651055 
	   Memory (MB)          :   149        2048      2048 

	Job terminated of its own accord at 2023-06-05T16:14:48Z with exit-code 0.
...
009 (1968573.308.000) 2023-06-05 18:30:13 Job was aborted.
	via condor_rm (by user shardulr)
...
