000 (32231638.228.000) 2023-06-05 10:45:09 Job submitted from host: <131.225.204.62:9618?addrs=131.225.204.62-9618+[2620-6a-0-8420-f0-0-204-62]-9618&alias=lpcschedd5.fnal.gov&noUDP&sock=schedd_3532_3c98>
...
040 (32231638.228.000) 2023-06-05 11:07:11 Started transferring input files
	Transferring to host: <131.225.189.17:9618?addrs=[2620-6a-0-8421-f0-0-189-17]-9618+131.225.189.17-9618&alias=cmswn2081.fnal.gov&noUDP&sock=slot1_24_2156_d8d1_19757>
...
040 (32231638.228.000) 2023-06-05 11:07:11 Finished transferring input files
...
001 (32231638.228.000) 2023-06-05 11:07:11 Job executing on host: <131.225.189.17:9618?addrs=[2620-6a-0-8421-f0-0-189-17]-9618+131.225.189.17-9618&alias=cmswn2081.fnal.gov&noUDP&sock=startd_1932_c510>
...
006 (32231638.228.000) 2023-06-05 11:07:20 Image size of job updated: 13
	13  -  MemoryUsage of job (MB)
	14196  -  ResidentSetSize of job (KB)
...
006 (32231638.228.000) 2023-06-05 11:08:21 Image size of job updated: 155
	155  -  MemoryUsage of job (MB)
	159504  -  ResidentSetSize of job (KB)
...
006 (32231638.228.000) 2023-06-05 11:09:22 Image size of job updated: 155
	155  -  MemoryUsage of job (MB)
	159520  -  ResidentSetSize of job (KB)
...
006 (32231638.228.000) 2023-06-05 11:10:23 Image size of job updated: 155
	155  -  MemoryUsage of job (MB)
	159568  -  ResidentSetSize of job (KB)
...
006 (32231638.228.000) 2023-06-05 11:11:24 Image size of job updated: 155
	155  -  MemoryUsage of job (MB)
	159616  -  ResidentSetSize of job (KB)
...
006 (32231638.228.000) 2023-06-05 11:12:24 Image size of job updated: 155
	155  -  MemoryUsage of job (MB)
	159664  -  ResidentSetSize of job (KB)
...
006 (32231638.228.000) 2023-06-05 11:13:21 Image size of job updated: 155
	155  -  MemoryUsage of job (MB)
	159696  -  ResidentSetSize of job (KB)
...
040 (32231638.228.000) 2023-06-05 11:13:21 Started transferring output files
...
040 (32231638.228.000) 2023-06-05 11:13:21 Finished transferring output files
...
005 (32231638.228.000) 2023-06-05 11:13:22 Job terminated.
	(1) Normal termination (return value 0)
		Usr 0 00:01:07, Sys 0 00:00:04  -  Run Remote Usage
		Usr 0 00:00:00, Sys 0 00:00:00  -  Run Local Usage
		Usr 0 00:01:07, Sys 0 00:00:04  -  Total Remote Usage
		Usr 0 00:00:00, Sys 0 00:00:00  -  Total Local Usage
	121594  -  Run Bytes Sent By Job
	223772  -  Run Bytes Received By Job
	121594  -  Total Bytes Sent By Job
	223772  -  Total Bytes Received By Job
	Partitionable Resources :    Usage  Request Allocated 
	   Cpus                 :        0        1         1 
	   Disk (KB)            :      881      225   1636098 
	   Memory (MB)          :      155     2048      2048 

	Job terminated of its own accord at 2023-06-05T16:13:21Z with exit-code 0.
...
009 (1968573.228.000) 2023-06-05 18:30:12 Job was aborted.
	via condor_rm (by user shardulr)
...
