000 (32231638.021.000) 2023-06-05 10:45:08 Job submitted from host: <131.225.204.62:9618?addrs=131.225.204.62-9618+[2620-6a-0-8420-f0-0-204-62]-9618&alias=lpcschedd5.fnal.gov&noUDP&sock=schedd_3532_3c98>
...
040 (32231638.021.000) 2023-06-05 10:59:24 Started transferring input files
	Transferring to host: <131.225.188.84:9618?addrs=[2620-6a-0-8421-f0-0-188-84]-9618+131.225.188.84-9618&alias=cmswn2041.fnal.gov&noUDP&sock=slot1_32_2021_ba2b_61082>
...
040 (32231638.021.000) 2023-06-05 10:59:24 Finished transferring input files
...
001 (32231638.021.000) 2023-06-05 10:59:24 Job executing on host: <131.225.188.84:9618?addrs=[2620-6a-0-8421-f0-0-188-84]-9618+131.225.188.84-9618&alias=cmswn2041.fnal.gov&noUDP&sock=startd_1927_5717>
...
006 (32231638.021.000) 2023-06-05 10:59:32 Image size of job updated: 60
	60  -  MemoryUsage of job (MB)
	61728  -  ResidentSetSize of job (KB)
...
006 (32231638.021.000) 2023-06-05 11:00:32 Image size of job updated: 155
	155  -  MemoryUsage of job (MB)
	159704  -  ResidentSetSize of job (KB)
...
006 (32231638.021.000) 2023-06-05 11:01:32 Image size of job updated: 156
	156  -  MemoryUsage of job (MB)
	159824  -  ResidentSetSize of job (KB)
...
006 (32231638.021.000) 2023-06-05 11:01:47 Image size of job updated: 156
	156  -  MemoryUsage of job (MB)
	159868  -  ResidentSetSize of job (KB)
...
040 (32231638.021.000) 2023-06-05 11:01:48 Started transferring output files
...
040 (32231638.021.000) 2023-06-05 11:01:48 Finished transferring output files
...
005 (32231638.021.000) 2023-06-05 11:01:48 Job terminated.
	(1) Normal termination (return value 0)
		Usr 0 00:01:07, Sys 0 00:00:03  -  Run Remote Usage
		Usr 0 00:00:00, Sys 0 00:00:00  -  Run Local Usage
		Usr 0 00:01:07, Sys 0 00:00:03  -  Total Remote Usage
		Usr 0 00:00:00, Sys 0 00:00:00  -  Total Local Usage
	122304  -  Run Bytes Sent By Job
	223771  -  Run Bytes Received By Job
	122304  -  Total Bytes Sent By Job
	223771  -  Total Bytes Received By Job
	Partitionable Resources :    Usage  Request Allocated 
	   Cpus                 :     0.01        1         1 
	   Disk (KB)            :   885         225   1645388 
	   Memory (MB)          :   156        2048      2048 

	Job terminated of its own accord at 2023-06-05T16:01:47Z with exit-code 0.
...
