000 (32231638.070.000) 2023-06-05 10:45:08 Job submitted from host: <131.225.204.62:9618?addrs=131.225.204.62-9618+[2620-6a-0-8420-f0-0-204-62]-9618&alias=lpcschedd5.fnal.gov&noUDP&sock=schedd_3532_3c98>
...
040 (32231638.070.000) 2023-06-05 11:01:28 Started transferring input files
	Transferring to host: <131.225.189.155:9618?addrs=[2620-6a-0-8421-f0-0-189-155]-9618+131.225.189.155-9618&alias=cmswn2112.fnal.gov&noUDP&sock=slot1_25_2121_2faf_32747>
...
040 (32231638.070.000) 2023-06-05 11:01:28 Finished transferring input files
...
001 (32231638.070.000) 2023-06-05 11:01:28 Job executing on host: <131.225.189.155:9618?addrs=[2620-6a-0-8421-f0-0-189-155]-9618+131.225.189.155-9618&alias=cmswn2112.fnal.gov&noUDP&sock=startd_2024_dfc6>
...
006 (32231638.070.000) 2023-06-05 11:01:37 Image size of job updated: 6
	6  -  MemoryUsage of job (MB)
	7008  -  ResidentSetSize of job (KB)
...
006 (32231638.070.000) 2023-06-05 11:02:39 Image size of job updated: 96
	96  -  MemoryUsage of job (MB)
	98732  -  ResidentSetSize of job (KB)
...
006 (32231638.070.000) 2023-06-05 11:04:39 Image size of job updated: 156
	156  -  MemoryUsage of job (MB)
	160060  -  ResidentSetSize of job (KB)
...
006 (32231638.070.000) 2023-06-05 11:05:39 Image size of job updated: 156
	156  -  MemoryUsage of job (MB)
	160140  -  ResidentSetSize of job (KB)
...
006 (32231638.070.000) 2023-06-05 11:06:40 Image size of job updated: 156
	156  -  MemoryUsage of job (MB)
	160168  -  ResidentSetSize of job (KB)
...
006 (32231638.070.000) 2023-06-05 11:07:40 Image size of job updated: 156
	156  -  MemoryUsage of job (MB)
	160196  -  ResidentSetSize of job (KB)
...
006 (32231638.070.000) 2023-06-05 11:08:40 Image size of job updated: 156
	156  -  MemoryUsage of job (MB)
	160232  -  ResidentSetSize of job (KB)
...
006 (32231638.070.000) 2023-06-05 11:09:41 Image size of job updated: 156
	156  -  MemoryUsage of job (MB)
	160264  -  ResidentSetSize of job (KB)
...
006 (32231638.070.000) 2023-06-05 11:10:42 Image size of job updated: 156
	156  -  MemoryUsage of job (MB)
	160288  -  ResidentSetSize of job (KB)
...
040 (32231638.070.000) 2023-06-05 11:10:44 Started transferring output files
...
040 (32231638.070.000) 2023-06-05 11:10:44 Finished transferring output files
...
005 (32231638.070.000) 2023-06-05 11:10:46 Job terminated.
	(1) Normal termination (return value 0)
		Usr 0 00:01:13, Sys 0 00:00:06  -  Run Remote Usage
		Usr 0 00:00:00, Sys 0 00:00:00  -  Run Local Usage
		Usr 0 00:01:13, Sys 0 00:00:06  -  Total Remote Usage
		Usr 0 00:00:00, Sys 0 00:00:00  -  Total Local Usage
	121492  -  Run Bytes Sent By Job
	223771  -  Run Bytes Received By Job
	121492  -  Total Bytes Sent By Job
	223771  -  Total Bytes Received By Job
	Partitionable Resources :    Usage  Request Allocated 
	   Cpus                 :     0.00        1         1 
	   Disk (KB)            :   885         225   3454594 
	   Memory (MB)          :   156        2048      2048 

	Job terminated of its own accord at 2023-06-05T16:10:44Z with exit-code 0.
...
