000 (32231638.059.000) 2023-06-05 10:45:08 Job submitted from host: <131.225.204.62:9618?addrs=131.225.204.62-9618+[2620-6a-0-8420-f0-0-204-62]-9618&alias=lpcschedd5.fnal.gov&noUDP&sock=schedd_3532_3c98>
...
040 (32231638.059.000) 2023-06-05 11:01:04 Started transferring input files
	Transferring to host: <131.225.188.157:9618?addrs=[2620-6a-0-8421-f0-0-188-157]-9618+131.225.188.157-9618&alias=cmswn2053.fnal.gov&noUDP&sock=slot1_40_2017_e8ab_31449>
...
040 (32231638.059.000) 2023-06-05 11:01:04 Finished transferring input files
...
001 (32231638.059.000) 2023-06-05 11:01:04 Job executing on host: <131.225.188.157:9618?addrs=[2620-6a-0-8421-f0-0-188-157]-9618+131.225.188.157-9618&alias=cmswn2053.fnal.gov&noUDP&sock=startd_1921_3985>
...
006 (32231638.059.000) 2023-06-05 11:01:13 Image size of job updated: 6
	6  -  MemoryUsage of job (MB)
	6956  -  ResidentSetSize of job (KB)
...
006 (32231638.059.000) 2023-06-05 11:02:13 Image size of job updated: 141
	141  -  MemoryUsage of job (MB)
	144816  -  ResidentSetSize of job (KB)
...
006 (32231638.059.000) 2023-06-05 11:03:14 Image size of job updated: 142
	142  -  MemoryUsage of job (MB)
	145472  -  ResidentSetSize of job (KB)
...
040 (32231638.059.000) 2023-06-05 11:03:17 Started transferring output files
...
040 (32231638.059.000) 2023-06-05 11:03:17 Finished transferring output files
...
005 (32231638.059.000) 2023-06-05 11:03:19 Job terminated.
	(1) Normal termination (return value 0)
		Usr 0 00:00:48, Sys 0 00:00:04  -  Run Remote Usage
		Usr 0 00:00:00, Sys 0 00:00:00  -  Run Local Usage
		Usr 0 00:00:48, Sys 0 00:00:04  -  Total Remote Usage
		Usr 0 00:00:00, Sys 0 00:00:00  -  Total Local Usage
	115598  -  Run Bytes Sent By Job
	223771  -  Run Bytes Received By Job
	115598  -  Total Bytes Sent By Job
	223771  -  Total Bytes Received By Job
	Partitionable Resources :    Usage  Request Allocated 
	   Cpus                 :     0.00        1         1 
	   Disk (KB)            :   879         225   1639248 
	   Memory (MB)          :   142        2048      2048 

	Job terminated of its own accord at 2023-06-05T16:03:17Z with exit-code 0.
...
009 (1968573.059.000) 2023-06-05 18:30:10 Job was aborted.
	via condor_rm (by user shardulr)

	Job terminated by itself at 2023-06-05T15:44:47Z (using method 0: OF_ITS_OWN_ACCORD).
...
