000 (32231638.216.000) 2023-06-05 10:45:09 Job submitted from host: <131.225.204.62:9618?addrs=131.225.204.62-9618+[2620-6a-0-8420-f0-0-204-62]-9618&alias=lpcschedd5.fnal.gov&noUDP&sock=schedd_3532_3c98>
...
040 (32231638.216.000) 2023-06-05 11:06:49 Started transferring input files
	Transferring to host: <131.225.188.25:9618?addrs=[2620-6a-0-8421-f0-0-188-25]-9618+131.225.188.25-9618&alias=cmswn2025.fnal.gov&noUDP&sock=slot1_2_2021_ba2b_32791>
...
040 (32231638.216.000) 2023-06-05 11:06:49 Finished transferring input files
...
001 (32231638.216.000) 2023-06-05 11:06:49 Job executing on host: <131.225.188.25:9618?addrs=[2620-6a-0-8421-f0-0-188-25]-9618+131.225.188.25-9618&alias=cmswn2025.fnal.gov&noUDP&sock=startd_1925_f7e6>
...
006 (32231638.216.000) 2023-06-05 11:06:58 Image size of job updated: 11
	11  -  MemoryUsage of job (MB)
	11312  -  ResidentSetSize of job (KB)
...
006 (32231638.216.000) 2023-06-05 11:07:58 Image size of job updated: 143
	143  -  MemoryUsage of job (MB)
	147356  -  ResidentSetSize of job (KB)
...
006 (32231638.216.000) 2023-06-05 11:08:21 Image size of job updated: 143
	143  -  MemoryUsage of job (MB)
	147400  -  ResidentSetSize of job (KB)
...
040 (32231638.216.000) 2023-06-05 11:08:21 Started transferring output files
...
040 (32231638.216.000) 2023-06-05 11:08:21 Finished transferring output files
...
005 (32231638.216.000) 2023-06-05 11:08:22 Job terminated.
	(1) Normal termination (return value 0)
		Usr 0 00:00:52, Sys 0 00:00:04  -  Run Remote Usage
		Usr 0 00:00:00, Sys 0 00:00:00  -  Run Local Usage
		Usr 0 00:00:52, Sys 0 00:00:04  -  Total Remote Usage
		Usr 0 00:00:00, Sys 0 00:00:00  -  Total Local Usage
	116940  -  Run Bytes Sent By Job
	223772  -  Run Bytes Received By Job
	116940  -  Total Bytes Sent By Job
	223772  -  Total Bytes Received By Job
	Partitionable Resources :    Usage  Request Allocated 
	   Cpus                 :     0.00        1         1 
	   Disk (KB)            :   878         225   1633296 
	   Memory (MB)          :   143        2048      2048 

	Job terminated of its own accord at 2023-06-05T16:08:21Z with exit-code 0.
...
009 (1968573.216.000) 2023-06-05 18:30:12 Job was aborted.
	via condor_rm (by user shardulr)
...
