000 (32231638.065.000) 2023-06-05 10:45:08 Job submitted from host: <131.225.204.62:9618?addrs=131.225.204.62-9618+[2620-6a-0-8420-f0-0-204-62]-9618&alias=lpcschedd5.fnal.gov&noUDP&sock=schedd_3532_3c98>
...
040 (32231638.065.000) 2023-06-05 11:01:26 Started transferring input files
	Transferring to host: <131.225.188.210:9618?addrs=[2620-6a-0-8421-f0-0-188-210]-9618+131.225.188.210-9618&alias=cmswn2067.fnal.gov&noUDP&sock=slot1_7_2009_45ab_23562>
...
040 (32231638.065.000) 2023-06-05 11:01:26 Finished transferring input files
...
001 (32231638.065.000) 2023-06-05 11:01:26 Job executing on host: <131.225.188.210:9618?addrs=[2620-6a-0-8421-f0-0-188-210]-9618+131.225.188.210-9618&alias=cmswn2067.fnal.gov&noUDP&sock=startd_1928_06af>
...
006 (32231638.065.000) 2023-06-05 11:01:35 Image size of job updated: 33
	33  -  MemoryUsage of job (MB)
	34728  -  ResidentSetSize of job (KB)
...
006 (32231638.065.000) 2023-06-05 11:02:36 Image size of job updated: 156
	156  -  MemoryUsage of job (MB)
	159800  -  ResidentSetSize of job (KB)
...
006 (32231638.065.000) 2023-06-05 11:03:24 Image size of job updated: 156
	156  -  MemoryUsage of job (MB)
	159900  -  ResidentSetSize of job (KB)
...
040 (32231638.065.000) 2023-06-05 11:03:24 Started transferring output files
...
040 (32231638.065.000) 2023-06-05 11:03:24 Finished transferring output files
...
005 (32231638.065.000) 2023-06-05 11:03:25 Job terminated.
	(1) Normal termination (return value 0)
		Usr 0 00:01:24, Sys 0 00:00:05  -  Run Remote Usage
		Usr 0 00:00:00, Sys 0 00:00:00  -  Run Local Usage
		Usr 0 00:01:24, Sys 0 00:00:05  -  Total Remote Usage
		Usr 0 00:00:00, Sys 0 00:00:00  -  Total Local Usage
	121060  -  Run Bytes Sent By Job
	223771  -  Run Bytes Received By Job
	121060  -  Total Bytes Sent By Job
	223771  -  Total Bytes Received By Job
	Partitionable Resources :    Usage  Request Allocated 
	   Cpus                 :     0.00        1         1 
	   Disk (KB)            :   882         225   1642278 
	   Memory (MB)          :   156        2048      2048 

	Job terminated of its own accord at 2023-06-05T16:03:24Z with exit-code 0.
...
