000 (32231638.162.000) 2023-06-05 10:45:08 Job submitted from host: <131.225.204.62:9618?addrs=131.225.204.62-9618+[2620-6a-0-8420-f0-0-204-62]-9618&alias=lpcschedd5.fnal.gov&noUDP&sock=schedd_3532_3c98>
...
040 (32231638.162.000) 2023-06-05 11:04:54 Started transferring input files
	Transferring to host: <131.225.188.105:9618?addrs=[2620-6a-0-8421-f0-0-188-105]-9618+131.225.188.105-9618&alias=cmswn2046.fnal.gov&noUDP&sock=slot1_18_2112_d84f_17869>
...
040 (32231638.162.000) 2023-06-05 11:04:54 Finished transferring input files
...
001 (32231638.162.000) 2023-06-05 11:04:54 Job executing on host: <131.225.188.105:9618?addrs=[2620-6a-0-8421-f0-0-188-105]-9618+131.225.188.105-9618&alias=cmswn2046.fnal.gov&noUDP&sock=startd_2017_129d>
...
006 (32231638.162.000) 2023-06-05 11:05:03 Image size of job updated: 36
	36  -  MemoryUsage of job (MB)
	37244  -  ResidentSetSize of job (KB)
...
006 (32231638.162.000) 2023-06-05 11:06:04 Image size of job updated: 141
	141  -  MemoryUsage of job (MB)
	145268  -  ResidentSetSize of job (KB)
...
006 (32231638.162.000) 2023-06-05 11:07:05 Image size of job updated: 141
	141  -  MemoryUsage of job (MB)
	145324  -  ResidentSetSize of job (KB)
...
006 (32231638.162.000) 2023-06-05 11:08:05 Image size of job updated: 141
	141  -  MemoryUsage of job (MB)
	145364  -  ResidentSetSize of job (KB)
...
006 (32231638.162.000) 2023-06-05 11:08:31 Image size of job updated: 142
	142  -  MemoryUsage of job (MB)
	145412  -  ResidentSetSize of job (KB)
...
040 (32231638.162.000) 2023-06-05 11:08:31 Started transferring output files
...
040 (32231638.162.000) 2023-06-05 11:08:31 Finished transferring output files
...
005 (32231638.162.000) 2023-06-05 11:08:33 Job terminated.
	(1) Normal termination (return value 0)
		Usr 0 00:00:43, Sys 0 00:00:03  -  Run Remote Usage
		Usr 0 00:00:00, Sys 0 00:00:00  -  Run Local Usage
		Usr 0 00:00:43, Sys 0 00:00:03  -  Total Remote Usage
		Usr 0 00:00:00, Sys 0 00:00:00  -  Total Local Usage
	115426  -  Run Bytes Sent By Job
	223772  -  Run Bytes Received By Job
	115426  -  Total Bytes Sent By Job
	223772  -  Total Bytes Received By Job
	Partitionable Resources :    Usage  Request Allocated 
	   Cpus                 :     0.00        1         1 
	   Disk (KB)            :   877         225   1647894 
	   Memory (MB)          :   142        2048      2048 

	Job terminated of its own accord at 2023-06-05T16:08:31Z with exit-code 0.
...
009 (1968573.162.000) 2023-06-05 18:30:12 Job was aborted.
	via condor_rm (by user shardulr)
...
