000 (32231638.287.000) 2023-06-05 10:45:09 Job submitted from host: <131.225.204.62:9618?addrs=131.225.204.62-9618+[2620-6a-0-8420-f0-0-204-62]-9618&alias=lpcschedd5.fnal.gov&noUDP&sock=schedd_3532_3c98>
...
040 (32231638.287.000) 2023-06-05 11:08:44 Started transferring input files
	Transferring to host: <131.225.188.76:9618?addrs=[2620-6a-0-8421-f0-0-188-76]-9618+131.225.188.76-9618&alias=cmswn2039.fnal.gov&noUDP&sock=slot1_28_2124_4ccf_35308>
...
040 (32231638.287.000) 2023-06-05 11:08:44 Finished transferring input files
...
001 (32231638.287.000) 2023-06-05 11:08:44 Job executing on host: <131.225.188.76:9618?addrs=[2620-6a-0-8421-f0-0-188-76]-9618+131.225.188.76-9618&alias=cmswn2039.fnal.gov&noUDP&sock=startd_2006_8712>
...
006 (32231638.287.000) 2023-06-05 11:08:53 Image size of job updated: 29
	29  -  MemoryUsage of job (MB)
	30492  -  ResidentSetSize of job (KB)
...
006 (32231638.287.000) 2023-06-05 11:09:55 Image size of job updated: 145
	145  -  MemoryUsage of job (MB)
	149300  -  ResidentSetSize of job (KB)
...
006 (32231638.287.000) 2023-06-05 11:10:08 Image size of job updated: 145
	145  -  MemoryUsage of job (MB)
	149316  -  ResidentSetSize of job (KB)
...
040 (32231638.287.000) 2023-06-05 11:10:08 Started transferring output files
...
040 (32231638.287.000) 2023-06-05 11:10:08 Finished transferring output files
...
005 (32231638.287.000) 2023-06-05 11:10:10 Job terminated.
	(1) Normal termination (return value 0)
		Usr 0 00:00:49, Sys 0 00:00:03  -  Run Remote Usage
		Usr 0 00:00:00, Sys 0 00:00:00  -  Run Local Usage
		Usr 0 00:00:49, Sys 0 00:00:03  -  Total Remote Usage
		Usr 0 00:00:00, Sys 0 00:00:00  -  Total Local Usage
	117479  -  Run Bytes Sent By Job
	223772  -  Run Bytes Received By Job
	117479  -  Total Bytes Sent By Job
	223772  -  Total Bytes Received By Job
	Partitionable Resources :    Usage  Request Allocated 
	   Cpus                 :     0.00        1         1 
	   Disk (KB)            :   880         225   1642076 
	   Memory (MB)          :   145        2048      2048 

	Job terminated of its own accord at 2023-06-05T16:10:08Z with exit-code 0.
...
009 (1968573.287.000) 2023-06-05 18:30:13 Job was aborted.
	via condor_rm (by user shardulr)
...
