000 (32231638.048.000) 2023-06-05 10:45:08 Job submitted from host: <131.225.204.62:9618?addrs=131.225.204.62-9618+[2620-6a-0-8420-f0-0-204-62]-9618&alias=lpcschedd5.fnal.gov&noUDP&sock=schedd_3532_3c98>
...
040 (32231638.048.000) 2023-06-05 11:00:43 Started transferring input files
	Transferring to host: <131.225.189.158:9618?addrs=[2620-6a-0-8421-f0-0-189-158]-9618+131.225.189.158-9618&alias=cmswn2114.fnal.gov&noUDP&sock=slot1_33_2119_c6ef_40233>
...
040 (32231638.048.000) 2023-06-05 11:00:43 Finished transferring input files
...
001 (32231638.048.000) 2023-06-05 11:00:43 Job executing on host: <131.225.189.158:9618?addrs=[2620-6a-0-8421-f0-0-189-158]-9618+131.225.189.158-9618&alias=cmswn2114.fnal.gov&noUDP&sock=startd_2016_6304>
...
006 (32231638.048.000) 2023-06-05 11:00:52 Image size of job updated: 8
	8  -  MemoryUsage of job (MB)
	8452  -  ResidentSetSize of job (KB)
...
006 (32231638.048.000) 2023-06-05 11:01:54 Image size of job updated: 142
	142  -  MemoryUsage of job (MB)
	146428  -  ResidentSetSize of job (KB)
...
006 (32231638.048.000) 2023-06-05 11:02:04 Image size of job updated: 143
	143  -  MemoryUsage of job (MB)
	146436  -  ResidentSetSize of job (KB)
...
040 (32231638.048.000) 2023-06-05 11:02:05 Started transferring output files
...
040 (32231638.048.000) 2023-06-05 11:02:05 Finished transferring output files
...
005 (32231638.048.000) 2023-06-05 11:02:05 Job terminated.
	(1) Normal termination (return value 0)
		Usr 0 00:00:50, Sys 0 00:00:03  -  Run Remote Usage
		Usr 0 00:00:00, Sys 0 00:00:00  -  Run Local Usage
		Usr 0 00:00:50, Sys 0 00:00:03  -  Total Remote Usage
		Usr 0 00:00:00, Sys 0 00:00:00  -  Total Local Usage
	117213  -  Run Bytes Sent By Job
	223771  -  Run Bytes Received By Job
	117213  -  Total Bytes Sent By Job
	223771  -  Total Bytes Received By Job
	Partitionable Resources :    Usage  Request Allocated 
	   Cpus                 :     0.00        1         1 
	   Disk (KB)            :   879         225   3458608 
	   Memory (MB)          :   143        2048      2048 

	Job terminated of its own accord at 2023-06-05T16:02:04Z with exit-code 0.
...
