000 (32231638.151.000) 2023-06-05 10:45:08 Job submitted from host: <131.225.204.62:9618?addrs=131.225.204.62-9618+[2620-6a-0-8420-f0-0-204-62]-9618&alias=lpcschedd5.fnal.gov&noUDP&sock=schedd_3532_3c98>
...
040 (32231638.151.000) 2023-06-05 11:04:29 Started transferring input files
	Transferring to host: <131.225.188.86:9618?addrs=[2620-6a-0-8421-f0-0-188-86]-9618+131.225.188.86-9618&alias=cmswn2042.fnal.gov&noUDP&sock=slot1_14_2091_0c6e_22261>
...
001 (32231638.151.000) 2023-06-05 11:04:29 Job executing on host: <131.225.188.86:9618?addrs=[2620-6a-0-8421-f0-0-188-86]-9618+131.225.188.86-9618&alias=cmswn2042.fnal.gov&noUDP&sock=startd_2015_b36c>
...
040 (32231638.151.000) 2023-06-05 11:04:29 Finished transferring input files
...
006 (32231638.151.000) 2023-06-05 11:04:38 Image size of job updated: 6
	6  -  MemoryUsage of job (MB)
	6956  -  ResidentSetSize of job (KB)
...
006 (32231638.151.000) 2023-06-05 11:05:38 Image size of job updated: 142
	142  -  MemoryUsage of job (MB)
	146412  -  ResidentSetSize of job (KB)
...
006 (32231638.151.000) 2023-06-05 11:05:51 Image size of job updated: 143
	143  -  MemoryUsage of job (MB)
	146448  -  ResidentSetSize of job (KB)
...
040 (32231638.151.000) 2023-06-05 11:05:51 Started transferring output files
...
040 (32231638.151.000) 2023-06-05 11:05:51 Finished transferring output files
...
005 (32231638.151.000) 2023-06-05 11:05:52 Job terminated.
	(1) Normal termination (return value 0)
		Usr 0 00:00:36, Sys 0 00:00:03  -  Run Remote Usage
		Usr 0 00:00:00, Sys 0 00:00:00  -  Run Local Usage
		Usr 0 00:00:36, Sys 0 00:00:03  -  Total Remote Usage
		Usr 0 00:00:00, Sys 0 00:00:00  -  Total Local Usage
	117260  -  Run Bytes Sent By Job
	223772  -  Run Bytes Received By Job
	117260  -  Total Bytes Sent By Job
	223772  -  Total Bytes Received By Job
	Partitionable Resources :    Usage  Request Allocated 
	   Cpus                 :     0.00        1         1 
	   Disk (KB)            :   880         225   1634539 
	   Memory (MB)          :   143        2048      2048 

	Job terminated of its own accord at 2023-06-05T16:05:51Z with exit-code 0.
...
009 (1968573.151.000) 2023-06-05 18:30:11 Job was aborted.
	via condor_rm (by user shardulr)
...
