000 (32231638.278.000) 2023-06-05 10:45:09 Job submitted from host: <131.225.204.62:9618?addrs=131.225.204.62-9618+[2620-6a-0-8420-f0-0-204-62]-9618&alias=lpcschedd5.fnal.gov&noUDP&sock=schedd_3532_3c98>
...
040 (32231638.278.000) 2023-06-05 11:08:34 Started transferring input files
	Transferring to host: <131.225.188.105:9618?addrs=[2620-6a-0-8421-f0-0-188-105]-9618+131.225.188.105-9618&alias=cmswn2046.fnal.gov&noUDP&sock=slot1_18_2112_d84f_17871>
...
040 (32231638.278.000) 2023-06-05 11:08:34 Finished transferring input files
...
001 (32231638.278.000) 2023-06-05 11:08:34 Job executing on host: <131.225.188.105:9618?addrs=[2620-6a-0-8421-f0-0-188-105]-9618+131.225.188.105-9618&alias=cmswn2046.fnal.gov&noUDP&sock=startd_2017_129d>
...
006 (32231638.278.000) 2023-06-05 11:08:43 Image size of job updated: 72
	72  -  MemoryUsage of job (MB)
	73828  -  ResidentSetSize of job (KB)
...
006 (32231638.278.000) 2023-06-05 11:09:43 Image size of job updated: 154
	154  -  MemoryUsage of job (MB)
	158500  -  ResidentSetSize of job (KB)
...
006 (32231638.278.000) 2023-06-05 11:10:44 Image size of job updated: 155
	155  -  MemoryUsage of job (MB)
	159252  -  ResidentSetSize of job (KB)
...
006 (32231638.278.000) 2023-06-05 11:11:45 Image size of job updated: 155
	155  -  MemoryUsage of job (MB)
	159268  -  ResidentSetSize of job (KB)
...
006 (32231638.278.000) 2023-06-05 11:12:45 Image size of job updated: 155
	155  -  MemoryUsage of job (MB)
	159292  -  ResidentSetSize of job (KB)
...
006 (32231638.278.000) 2023-06-05 11:13:46 Image size of job updated: 155
	155  -  MemoryUsage of job (MB)
	159316  -  ResidentSetSize of job (KB)
...
006 (32231638.278.000) 2023-06-05 11:14:46 Image size of job updated: 155
	155  -  MemoryUsage of job (MB)
	159348  -  ResidentSetSize of job (KB)
...
006 (32231638.278.000) 2023-06-05 11:15:47 Image size of job updated: 155
	155  -  MemoryUsage of job (MB)
	159364  -  ResidentSetSize of job (KB)
...
006 (32231638.278.000) 2023-06-05 11:16:48 Image size of job updated: 155
	155  -  MemoryUsage of job (MB)
	159396  -  ResidentSetSize of job (KB)
...
006 (32231638.278.000) 2023-06-05 11:17:48 Image size of job updated: 155
	155  -  MemoryUsage of job (MB)
	159416  -  ResidentSetSize of job (KB)
...
006 (32231638.278.000) 2023-06-05 11:18:42 Image size of job updated: 155
	155  -  MemoryUsage of job (MB)
	159436  -  ResidentSetSize of job (KB)
...
040 (32231638.278.000) 2023-06-05 11:18:42 Started transferring output files
...
040 (32231638.278.000) 2023-06-05 11:18:42 Finished transferring output files
...
005 (32231638.278.000) 2023-06-05 11:18:44 Job terminated.
	(1) Normal termination (return value 0)
		Usr 0 00:01:26, Sys 0 00:00:05  -  Run Remote Usage
		Usr 0 00:00:00, Sys 0 00:00:00  -  Run Local Usage
		Usr 0 00:01:26, Sys 0 00:00:05  -  Total Remote Usage
		Usr 0 00:00:00, Sys 0 00:00:00  -  Total Local Usage
	121707  -  Run Bytes Sent By Job
	223772  -  Run Bytes Received By Job
	121707  -  Total Bytes Sent By Job
	223772  -  Total Bytes Received By Job
	Partitionable Resources :    Usage  Request Allocated 
	   Cpus                 :     0.00        1         1 
	   Disk (KB)            :   883         225   1647894 
	   Memory (MB)          :   155        2048      2048 

	Job terminated of its own accord at 2023-06-05T16:18:42Z with exit-code 0.
...
009 (1968573.278.000) 2023-06-05 18:30:13 Job was aborted.
	via condor_rm (by user shardulr)
...
