000 (32231638.084.000) 2023-06-05 10:45:08 Job submitted from host: <131.225.204.62:9618?addrs=131.225.204.62-9618+[2620-6a-0-8420-f0-0-204-62]-9618&alias=lpcschedd5.fnal.gov&noUDP&sock=schedd_3532_3c98>
...
040 (32231638.084.000) 2023-06-05 11:01:52 Started transferring input files
	Transferring to host: <131.225.188.184:9618?addrs=[2620-6a-0-8421-f0-0-188-184]-9618+131.225.188.184-9618&alias=cmswn2061.fnal.gov&noUDP&sock=slot1_21_2430_e79c_3079>
...
040 (32231638.084.000) 2023-06-05 11:01:52 Finished transferring input files
...
001 (32231638.084.000) 2023-06-05 11:01:52 Job executing on host: <131.225.188.184:9618?addrs=[2620-6a-0-8421-f0-0-188-184]-9618+131.225.188.184-9618&alias=cmswn2061.fnal.gov&noUDP&sock=startd_2168_a56a>
...
006 (32231638.084.000) 2023-06-05 11:02:01 Image size of job updated: 27
	27  -  MemoryUsage of job (MB)
	27928  -  ResidentSetSize of job (KB)
...
006 (32231638.084.000) 2023-06-05 11:03:02 Image size of job updated: 96
	96  -  MemoryUsage of job (MB)
	98660  -  ResidentSetSize of job (KB)
...
006 (32231638.084.000) 2023-06-05 11:05:04 Image size of job updated: 142
	142  -  MemoryUsage of job (MB)
	145976  -  ResidentSetSize of job (KB)
...
006 (32231638.084.000) 2023-06-05 11:06:04 Image size of job updated: 142
	142  -  MemoryUsage of job (MB)
	146144  -  ResidentSetSize of job (KB)
...
006 (32231638.084.000) 2023-06-05 11:07:05 Image size of job updated: 142
	142  -  MemoryUsage of job (MB)
	146204  -  ResidentSetSize of job (KB)
...
006 (32231638.084.000) 2023-06-05 11:08:06 Image size of job updated: 142
	142  -  MemoryUsage of job (MB)
	146240  -  ResidentSetSize of job (KB)
...
006 (32231638.084.000) 2023-06-05 11:08:22 Image size of job updated: 142
	142  -  MemoryUsage of job (MB)
	146252  -  ResidentSetSize of job (KB)
...
040 (32231638.084.000) 2023-06-05 11:08:22 Started transferring output files
...
040 (32231638.084.000) 2023-06-05 11:08:22 Finished transferring output files
...
005 (32231638.084.000) 2023-06-05 11:08:23 Job terminated.
	(1) Normal termination (return value 0)
		Usr 0 00:00:54, Sys 0 00:00:05  -  Run Remote Usage
		Usr 0 00:00:00, Sys 0 00:00:00  -  Run Local Usage
		Usr 0 00:00:54, Sys 0 00:00:05  -  Total Remote Usage
		Usr 0 00:00:00, Sys 0 00:00:00  -  Total Local Usage
	117348  -  Run Bytes Sent By Job
	223771  -  Run Bytes Received By Job
	117348  -  Total Bytes Sent By Job
	223771  -  Total Bytes Received By Job
	Partitionable Resources :    Usage  Request Allocated 
	   Cpus                 :     0.00        1         1 
	   Disk (KB)            :   880         225   1620749 
	   Memory (MB)          :   142        2048      2048 

	Job terminated of its own accord at 2023-06-05T16:08:22Z with exit-code 0.
...
009 (1968573.084.000) 2023-06-05 18:30:10 Job was aborted.
	via condor_rm (by user shardulr)
...
