000 (32231638.190.000) 2023-06-05 10:45:08 Job submitted from host: <131.225.204.62:9618?addrs=131.225.204.62-9618+[2620-6a-0-8420-f0-0-204-62]-9618&alias=lpcschedd5.fnal.gov&noUDP&sock=schedd_3532_3c98>
...
040 (32231638.190.000) 2023-06-05 11:05:53 Started transferring input files
	Transferring to host: <131.225.188.86:9618?addrs=[2620-6a-0-8421-f0-0-188-86]-9618+131.225.188.86-9618&alias=cmswn2042.fnal.gov&noUDP&sock=slot1_14_2091_0c6e_22263>
...
040 (32231638.190.000) 2023-06-05 11:05:53 Finished transferring input files
...
001 (32231638.190.000) 2023-06-05 11:05:53 Job executing on host: <131.225.188.86:9618?addrs=[2620-6a-0-8421-f0-0-188-86]-9618+131.225.188.86-9618&alias=cmswn2042.fnal.gov&noUDP&sock=startd_2015_b36c>
...
006 (32231638.190.000) 2023-06-05 11:06:02 Image size of job updated: 14
	14  -  MemoryUsage of job (MB)
	14356  -  ResidentSetSize of job (KB)
...
006 (32231638.190.000) 2023-06-05 11:07:03 Image size of job updated: 151
	151  -  MemoryUsage of job (MB)
	154736  -  ResidentSetSize of job (KB)
...
006 (32231638.190.000) 2023-06-05 11:07:40 Image size of job updated: 151
	151  -  MemoryUsage of job (MB)
	154804  -  ResidentSetSize of job (KB)
...
040 (32231638.190.000) 2023-06-05 11:07:40 Started transferring output files
...
040 (32231638.190.000) 2023-06-05 11:07:40 Finished transferring output files
...
005 (32231638.190.000) 2023-06-05 11:07:41 Job terminated.
	(1) Normal termination (return value 0)
		Usr 0 00:01:05, Sys 0 00:00:04  -  Run Remote Usage
		Usr 0 00:00:00, Sys 0 00:00:00  -  Run Local Usage
		Usr 0 00:01:05, Sys 0 00:00:04  -  Total Remote Usage
		Usr 0 00:00:00, Sys 0 00:00:00  -  Total Local Usage
	120619  -  Run Bytes Sent By Job
	223772  -  Run Bytes Received By Job
	120619  -  Total Bytes Sent By Job
	223772  -  Total Bytes Received By Job
	Partitionable Resources :    Usage  Request Allocated 
	   Cpus                 :     0.00        1         1 
	   Disk (KB)            :   884         225   1634539 
	   Memory (MB)          :   151        2048      2048 

	Job terminated of its own accord at 2023-06-05T16:07:40Z with exit-code 0.
...
009 (1968573.190.000) 2023-06-05 18:30:12 Job was aborted.
	via condor_rm (by user shardulr)
...
