000 (32231638.266.000) 2023-06-05 10:45:09 Job submitted from host: <131.225.204.62:9618?addrs=131.225.204.62-9618+[2620-6a-0-8420-f0-0-204-62]-9618&alias=lpcschedd5.fnal.gov&noUDP&sock=schedd_3532_3c98>
...
040 (32231638.266.000) 2023-06-05 11:08:19 Started transferring input files
	Transferring to host: <131.225.188.86:9618?addrs=[2620-6a-0-8421-f0-0-188-86]-9618+131.225.188.86-9618&alias=cmswn2042.fnal.gov&noUDP&sock=slot1_38_2091_0c6e_22266>
...
040 (32231638.266.000) 2023-06-05 11:08:19 Finished transferring input files
...
001 (32231638.266.000) 2023-06-05 11:08:19 Job executing on host: <131.225.188.86:9618?addrs=[2620-6a-0-8421-f0-0-188-86]-9618+131.225.188.86-9618&alias=cmswn2042.fnal.gov&noUDP&sock=startd_2015_b36c>
...
006 (32231638.266.000) 2023-06-05 11:08:28 Image size of job updated: 6
	6  -  MemoryUsage of job (MB)
	6904  -  ResidentSetSize of job (KB)
...
006 (32231638.266.000) 2023-06-05 11:09:28 Image size of job updated: 155
	155  -  MemoryUsage of job (MB)
	158784  -  ResidentSetSize of job (KB)
...
006 (32231638.266.000) 2023-06-05 11:10:29 Image size of job updated: 155
	155  -  MemoryUsage of job (MB)
	159548  -  ResidentSetSize of job (KB)
...
006 (32231638.266.000) 2023-06-05 11:11:29 Image size of job updated: 155
	155  -  MemoryUsage of job (MB)
	159580  -  ResidentSetSize of job (KB)
...
006 (32231638.266.000) 2023-06-05 11:12:30 Image size of job updated: 155
	155  -  MemoryUsage of job (MB)
	159628  -  ResidentSetSize of job (KB)
...
006 (32231638.266.000) 2023-06-05 11:13:30 Image size of job updated: 155
	155  -  MemoryUsage of job (MB)
	159656  -  ResidentSetSize of job (KB)
...
006 (32231638.266.000) 2023-06-05 11:14:31 Image size of job updated: 155
	155  -  MemoryUsage of job (MB)
	159700  -  ResidentSetSize of job (KB)
...
006 (32231638.266.000) 2023-06-05 11:15:16 Image size of job updated: 155
	155  -  MemoryUsage of job (MB)
	159716  -  ResidentSetSize of job (KB)
...
040 (32231638.266.000) 2023-06-05 11:15:16 Started transferring output files
...
040 (32231638.266.000) 2023-06-05 11:15:16 Finished transferring output files
...
005 (32231638.266.000) 2023-06-05 11:15:17 Job terminated.
	(1) Normal termination (return value 0)
		Usr 0 00:01:24, Sys 0 00:00:06  -  Run Remote Usage
		Usr 0 00:00:00, Sys 0 00:00:00  -  Run Local Usage
		Usr 0 00:01:24, Sys 0 00:00:06  -  Total Remote Usage
		Usr 0 00:00:00, Sys 0 00:00:00  -  Total Local Usage
	121213  -  Run Bytes Sent By Job
	223772  -  Run Bytes Received By Job
	121213  -  Total Bytes Sent By Job
	223772  -  Total Bytes Received By Job
	Partitionable Resources :    Usage  Request Allocated 
	   Cpus                 :     0.00        1         1 
	   Disk (KB)            :   884         225   1634539 
	   Memory (MB)          :   155        2048      2048 

	Job terminated of its own accord at 2023-06-05T16:15:16Z with exit-code 0.
...
009 (1968573.266.000) 2023-06-05 18:30:13 Job was aborted.
	via condor_rm (by user shardulr)
...
