000 (32231638.208.000) 2023-06-05 10:45:08 Job submitted from host: <131.225.204.62:9618?addrs=131.225.204.62-9618+[2620-6a-0-8420-f0-0-204-62]-9618&alias=lpcschedd5.fnal.gov&noUDP&sock=schedd_3532_3c98>
...
040 (32231638.208.000) 2023-06-05 11:06:35 Started transferring input files
	Transferring to host: <131.225.188.25:9618?addrs=[2620-6a-0-8421-f0-0-188-25]-9618+131.225.188.25-9618&alias=cmswn2025.fnal.gov&noUDP&sock=slot1_4_2021_ba2b_32790>
...
040 (32231638.208.000) 2023-06-05 11:06:35 Finished transferring input files
...
001 (32231638.208.000) 2023-06-05 11:06:35 Job executing on host: <131.225.188.25:9618?addrs=[2620-6a-0-8421-f0-0-188-25]-9618+131.225.188.25-9618&alias=cmswn2025.fnal.gov&noUDP&sock=startd_1925_f7e6>
...
006 (32231638.208.000) 2023-06-05 11:06:43 Image size of job updated: 13
	13  -  MemoryUsage of job (MB)
	14084  -  ResidentSetSize of job (KB)
...
006 (32231638.208.000) 2023-06-05 11:07:44 Image size of job updated: 145
	145  -  MemoryUsage of job (MB)
	148832  -  ResidentSetSize of job (KB)
...
006 (32231638.208.000) 2023-06-05 11:08:44 Image size of job updated: 145
	145  -  MemoryUsage of job (MB)
	148896  -  ResidentSetSize of job (KB)
...
006 (32231638.208.000) 2023-06-05 11:09:45 Image size of job updated: 145
	145  -  MemoryUsage of job (MB)
	148936  -  ResidentSetSize of job (KB)
...
006 (32231638.208.000) 2023-06-05 11:10:45 Image size of job updated: 145
	145  -  MemoryUsage of job (MB)
	148984  -  ResidentSetSize of job (KB)
...
006 (32231638.208.000) 2023-06-05 11:11:09 Image size of job updated: 145
	145  -  MemoryUsage of job (MB)
	148992  -  ResidentSetSize of job (KB)
...
040 (32231638.208.000) 2023-06-05 11:11:09 Started transferring output files
...
040 (32231638.208.000) 2023-06-05 11:11:09 Finished transferring output files
...
005 (32231638.208.000) 2023-06-05 11:11:12 Job terminated.
	(1) Normal termination (return value 0)
		Usr 0 00:00:52, Sys 0 00:00:04  -  Run Remote Usage
		Usr 0 00:00:00, Sys 0 00:00:00  -  Run Local Usage
		Usr 0 00:00:52, Sys 0 00:00:04  -  Total Remote Usage
		Usr 0 00:00:00, Sys 0 00:00:00  -  Total Local Usage
	117611  -  Run Bytes Sent By Job
	223772  -  Run Bytes Received By Job
	117611  -  Total Bytes Sent By Job
	223772  -  Total Bytes Received By Job
	Partitionable Resources :    Usage  Request Allocated 
	   Cpus                 :     0.01        1         1 
	   Disk (KB)            :   879         225   1633296 
	   Memory (MB)          :   145        2048      2048 

	Job terminated of its own accord at 2023-06-05T16:11:09Z with exit-code 0.
...
009 (1968573.208.000) 2023-06-05 18:30:12 Job was aborted.
	via condor_rm (by user shardulr)
...
