000 (32231638.328.000) 2023-06-05 10:45:09 Job submitted from host: <131.225.204.62:9618?addrs=131.225.204.62-9618+[2620-6a-0-8420-f0-0-204-62]-9618&alias=lpcschedd5.fnal.gov&noUDP&sock=schedd_3532_3c98>
...
040 (32231638.328.000) 2023-06-05 11:09:30 Started transferring input files
	Transferring to host: <131.225.188.34:9618?addrs=[2620-6a-0-8421-f0-0-188-34]-9618+131.225.188.34-9618&alias=cmswn2026.fnal.gov&noUDP&sock=slot1_26_2019_516b_24907>
...
040 (32231638.328.000) 2023-06-05 11:09:30 Finished transferring input files
...
001 (32231638.328.000) 2023-06-05 11:09:30 Job executing on host: <131.225.188.34:9618?addrs=[2620-6a-0-8421-f0-0-188-34]-9618+131.225.188.34-9618&alias=cmswn2026.fnal.gov&noUDP&sock=startd_1929_b647>
...
006 (32231638.328.000) 2023-06-05 11:09:39 Image size of job updated: 13
	13  -  MemoryUsage of job (MB)
	13448  -  ResidentSetSize of job (KB)
...
006 (32231638.328.000) 2023-06-05 11:10:40 Image size of job updated: 141
	141  -  MemoryUsage of job (MB)
	144792  -  ResidentSetSize of job (KB)
...
006 (32231638.328.000) 2023-06-05 11:11:40 Image size of job updated: 141
	141  -  MemoryUsage of job (MB)
	145240  -  ResidentSetSize of job (KB)
...
006 (32231638.328.000) 2023-06-05 11:12:41 Image size of job updated: 141
	141  -  MemoryUsage of job (MB)
	145328  -  ResidentSetSize of job (KB)
...
006 (32231638.328.000) 2023-06-05 11:13:07 Image size of job updated: 141
	141  -  MemoryUsage of job (MB)
	145344  -  ResidentSetSize of job (KB)
...
040 (32231638.328.000) 2023-06-05 11:13:07 Started transferring output files
...
040 (32231638.328.000) 2023-06-05 11:13:07 Finished transferring output files
...
005 (32231638.328.000) 2023-06-05 11:13:08 Job terminated.
	(1) Normal termination (return value 0)
		Usr 0 00:00:46, Sys 0 00:00:03  -  Run Remote Usage
		Usr 0 00:00:00, Sys 0 00:00:00  -  Run Local Usage
		Usr 0 00:00:46, Sys 0 00:00:03  -  Total Remote Usage
		Usr 0 00:00:00, Sys 0 00:00:00  -  Total Local Usage
	116901  -  Run Bytes Sent By Job
	223772  -  Run Bytes Received By Job
	116901  -  Total Bytes Sent By Job
	223772  -  Total Bytes Received By Job
	Partitionable Resources :    Usage  Request Allocated 
	   Cpus                 :     0.00        1         1 
	   Disk (KB)            :   878         225   1636992 
	   Memory (MB)          :   141        2048      2048 

	Job terminated of its own accord at 2023-06-05T16:13:07Z with exit-code 0.
...
009 (1968573.328.000) 2023-06-05 18:30:13 Job was aborted.
	via condor_rm (by user shardulr)
...
