000 (32231638.150.000) 2023-06-05 10:45:08 Job submitted from host: <131.225.204.62:9618?addrs=131.225.204.62-9618+[2620-6a-0-8420-f0-0-204-62]-9618&alias=lpcschedd5.fnal.gov&noUDP&sock=schedd_3532_3c98>
...
040 (32231638.150.000) 2023-06-05 11:04:29 Started transferring input files
	Transferring to host: <131.225.188.157:9618?addrs=[2620-6a-0-8421-f0-0-188-157]-9618+131.225.188.157-9618&alias=cmswn2053.fnal.gov&noUDP&sock=slot1_34_2017_e8ab_31455>
...
040 (32231638.150.000) 2023-06-05 11:04:29 Finished transferring input files
...
001 (32231638.150.000) 2023-06-05 11:04:29 Job executing on host: <131.225.188.157:9618?addrs=[2620-6a-0-8421-f0-0-188-157]-9618+131.225.188.157-9618&alias=cmswn2053.fnal.gov&noUDP&sock=startd_1921_3985>
...
006 (32231638.150.000) 2023-06-05 11:04:38 Image size of job updated: 9
	9  -  MemoryUsage of job (MB)
	9604  -  ResidentSetSize of job (KB)
...
006 (32231638.150.000) 2023-06-05 11:05:40 Image size of job updated: 150
	150  -  MemoryUsage of job (MB)
	154604  -  ResidentSetSize of job (KB)
...
006 (32231638.150.000) 2023-06-05 11:06:40 Image size of job updated: 151
	151  -  MemoryUsage of job (MB)
	155376  -  ResidentSetSize of job (KB)
...
006 (32231638.150.000) 2023-06-05 11:07:41 Image size of job updated: 151
	151  -  MemoryUsage of job (MB)
	155432  -  ResidentSetSize of job (KB)
...
006 (32231638.150.000) 2023-06-05 11:08:42 Image size of job updated: 151
	151  -  MemoryUsage of job (MB)
	155504  -  ResidentSetSize of job (KB)
...
040 (32231638.150.000) 2023-06-05 11:08:49 Started transferring output files
...
040 (32231638.150.000) 2023-06-05 11:08:49 Finished transferring output files
...
005 (32231638.150.000) 2023-06-05 11:08:50 Job terminated.
	(1) Normal termination (return value 0)
		Usr 0 00:01:07, Sys 0 00:00:04  -  Run Remote Usage
		Usr 0 00:00:00, Sys 0 00:00:00  -  Run Local Usage
		Usr 0 00:01:07, Sys 0 00:00:04  -  Total Remote Usage
		Usr 0 00:00:00, Sys 0 00:00:00  -  Total Local Usage
	120408  -  Run Bytes Sent By Job
	223772  -  Run Bytes Received By Job
	120408  -  Total Bytes Sent By Job
	223772  -  Total Bytes Received By Job
	Partitionable Resources :    Usage  Request Allocated 
	   Cpus                 :     0.01        1         1 
	   Disk (KB)            :   884         225   1639248 
	   Memory (MB)          :   151        2048      2048 

	Job terminated of its own accord at 2023-06-05T16:08:49Z with exit-code 0.
...
009 (1968573.150.000) 2023-06-05 18:30:11 Job was aborted.
	via condor_rm (by user shardulr)
...
