000 (32231638.038.000) 2023-06-05 10:45:08 Job submitted from host: <131.225.204.62:9618?addrs=131.225.204.62-9618+[2620-6a-0-8420-f0-0-204-62]-9618&alias=lpcschedd5.fnal.gov&noUDP&sock=schedd_3532_3c98>
...
040 (32231638.038.000) 2023-06-05 11:00:41 Started transferring input files
	Transferring to host: <131.225.188.68:9618?addrs=[2620-6a-0-8421-f0-0-188-68]-9618+131.225.188.68-9618&alias=cmswn2037.fnal.gov&noUDP&sock=slot1_24_2034_e30c_39826>
...
040 (32231638.038.000) 2023-06-05 11:00:41 Finished transferring input files
...
001 (32231638.038.000) 2023-06-05 11:00:41 Job executing on host: <131.225.188.68:9618?addrs=[2620-6a-0-8421-f0-0-188-68]-9618+131.225.188.68-9618&alias=cmswn2037.fnal.gov&noUDP&sock=startd_1925_f7e6>
...
006 (32231638.038.000) 2023-06-05 11:00:50 Image size of job updated: 8
	8  -  MemoryUsage of job (MB)
	8400  -  ResidentSetSize of job (KB)
...
006 (32231638.038.000) 2023-06-05 11:01:50 Image size of job updated: 156
	156  -  MemoryUsage of job (MB)
	159908  -  ResidentSetSize of job (KB)
...
006 (32231638.038.000) 2023-06-05 11:02:50 Image size of job updated: 156
	156  -  MemoryUsage of job (MB)
	160016  -  ResidentSetSize of job (KB)
...
006 (32231638.038.000) 2023-06-05 11:02:58 Image size of job updated: 156
	156  -  MemoryUsage of job (MB)
	160056  -  ResidentSetSize of job (KB)
...
040 (32231638.038.000) 2023-06-05 11:02:59 Started transferring output files
...
040 (32231638.038.000) 2023-06-05 11:02:59 Finished transferring output files
...
005 (32231638.038.000) 2023-06-05 11:03:00 Job terminated.
	(1) Normal termination (return value 0)
		Usr 0 00:01:24, Sys 0 00:00:07  -  Run Remote Usage
		Usr 0 00:00:00, Sys 0 00:00:00  -  Run Local Usage
		Usr 0 00:01:24, Sys 0 00:00:07  -  Total Remote Usage
		Usr 0 00:00:00, Sys 0 00:00:00  -  Total Local Usage
	122047  -  Run Bytes Sent By Job
	223771  -  Run Bytes Received By Job
	122047  -  Total Bytes Sent By Job
	223771  -  Total Bytes Received By Job
	Partitionable Resources :    Usage  Request Allocated 
	   Cpus                 :        0        1         1 
	   Disk (KB)            :      884      225   1637768 
	   Memory (MB)          :      156     2048      2048 

	Job terminated of its own accord at 2023-06-05T16:02:58Z with exit-code 0.
...
009 (1968572.038.000) 2023-06-05 18:30:07 Job was aborted.
	via condor_rm (by user shardulr)

	Job terminated by itself at 2023-06-05T15:44:44Z (using method 0: OF_ITS_OWN_ACCORD).
...
