000 (32231638.332.000) 2023-06-05 10:45:09 Job submitted from host: <131.225.204.62:9618?addrs=131.225.204.62-9618+[2620-6a-0-8420-f0-0-204-62]-9618&alias=lpcschedd5.fnal.gov&noUDP&sock=schedd_3532_3c98>
...
012 (1968573.332.000) 2023-06-05 10:45:21 Job was held.
	Cannot access initial working directory /uscms_data/d3/shardulr/SingleStop/CMSSW_10_6_19_patch2/src/PhysicsTools/NanoAODTools/python/postprocessing/SingleStop/TT2018_030: No such file or directory
	Code 14 Subcode 2
...
040 (32231638.332.000) 2023-06-05 11:09:33 Started transferring input files
	Transferring to host: <131.225.188.219:9618?addrs=[2620-6a-0-8421-f0-0-188-219]-9618+131.225.188.219-9618&alias=cmswn2070.fnal.gov&noUDP&sock=slot1_12_2110_6f8f_21849>
...
040 (32231638.332.000) 2023-06-05 11:09:33 Finished transferring input files
...
001 (32231638.332.000) 2023-06-05 11:09:33 Job executing on host: <131.225.188.219:9618?addrs=[2620-6a-0-8421-f0-0-188-219]-9618+131.225.188.219-9618&alias=cmswn2070.fnal.gov&noUDP&sock=startd_2019_71cd>
...
006 (32231638.332.000) 2023-06-05 11:09:42 Image size of job updated: 43
	43  -  MemoryUsage of job (MB)
	44808  -  ResidentSetSize of job (KB)
...
006 (32231638.332.000) 2023-06-05 11:10:43 Image size of job updated: 143
	143  -  MemoryUsage of job (MB)
	147304  -  ResidentSetSize of job (KB)
...
006 (32231638.332.000) 2023-06-05 11:11:44 Image size of job updated: 143
	143  -  MemoryUsage of job (MB)
	147396  -  ResidentSetSize of job (KB)
...
006 (32231638.332.000) 2023-06-05 11:12:45 Image size of job updated: 143
	143  -  MemoryUsage of job (MB)
	147440  -  ResidentSetSize of job (KB)
...
006 (32231638.332.000) 2023-06-05 11:13:46 Image size of job updated: 144
	144  -  MemoryUsage of job (MB)
	147476  -  ResidentSetSize of job (KB)
...
006 (32231638.332.000) 2023-06-05 11:13:58 Image size of job updated: 144
	144  -  MemoryUsage of job (MB)
	147484  -  ResidentSetSize of job (KB)
...
040 (32231638.332.000) 2023-06-05 11:13:58 Started transferring output files
...
040 (32231638.332.000) 2023-06-05 11:13:58 Finished transferring output files
...
005 (32231638.332.000) 2023-06-05 11:14:00 Job terminated.
	(1) Normal termination (return value 0)
		Usr 0 00:00:57, Sys 0 00:00:04  -  Run Remote Usage
		Usr 0 00:00:00, Sys 0 00:00:00  -  Run Local Usage
		Usr 0 00:00:57, Sys 0 00:00:04  -  Total Remote Usage
		Usr 0 00:00:00, Sys 0 00:00:00  -  Total Local Usage
	117844  -  Run Bytes Sent By Job
	223772  -  Run Bytes Received By Job
	117844  -  Total Bytes Sent By Job
	223772  -  Total Bytes Received By Job
	Partitionable Resources :    Usage  Request Allocated 
	   Cpus                 :     0.01        1         1 
	   Disk (KB)            :   880         225   1646883 
	   Memory (MB)          :   144        2048      2048 

	Job terminated of its own accord at 2023-06-05T16:13:58Z with exit-code 0.
...
009 (1968573.332.000) 2023-06-05 18:30:13 Job was aborted.
	via condor_rm (by user shardulr)
...
