000 (32231638.292.000) 2023-06-05 10:45:09 Job submitted from host: <131.225.204.62:9618?addrs=131.225.204.62-9618+[2620-6a-0-8420-f0-0-204-62]-9618&alias=lpcschedd5.fnal.gov&noUDP&sock=schedd_3532_3c98>
...
040 (32231638.292.000) 2023-06-05 11:08:52 Started transferring input files
	Transferring to host: <131.225.188.157:9618?addrs=[2620-6a-0-8421-f0-0-188-157]-9618+131.225.188.157-9618&alias=cmswn2053.fnal.gov&noUDP&sock=slot1_34_2017_e8ab_31460>
...
040 (32231638.292.000) 2023-06-05 11:08:52 Finished transferring input files
...
001 (32231638.292.000) 2023-06-05 11:08:52 Job executing on host: <131.225.188.157:9618?addrs=[2620-6a-0-8421-f0-0-188-157]-9618+131.225.188.157-9618&alias=cmswn2053.fnal.gov&noUDP&sock=startd_1921_3985>
...
006 (32231638.292.000) 2023-06-05 11:09:00 Image size of job updated: 12
	12  -  MemoryUsage of job (MB)
	12640  -  ResidentSetSize of job (KB)
...
006 (32231638.292.000) 2023-06-05 11:10:01 Image size of job updated: 139
	139  -  MemoryUsage of job (MB)
	142752  -  ResidentSetSize of job (KB)
...
006 (32231638.292.000) 2023-06-05 11:11:01 Image size of job updated: 139
	139  -  MemoryUsage of job (MB)
	142952  -  ResidentSetSize of job (KB)
...
006 (32231638.292.000) 2023-06-05 11:11:48 Image size of job updated: 139
	139  -  MemoryUsage of job (MB)
	142980  -  ResidentSetSize of job (KB)
...
040 (32231638.292.000) 2023-06-05 11:11:48 Started transferring output files
...
040 (32231638.292.000) 2023-06-05 11:11:48 Finished transferring output files
...
005 (32231638.292.000) 2023-06-05 11:11:49 Job terminated.
	(1) Normal termination (return value 0)
		Usr 0 00:00:27, Sys 0 00:00:02  -  Run Remote Usage
		Usr 0 00:00:00, Sys 0 00:00:00  -  Run Local Usage
		Usr 0 00:00:27, Sys 0 00:00:02  -  Total Remote Usage
		Usr 0 00:00:00, Sys 0 00:00:00  -  Total Local Usage
	114582  -  Run Bytes Sent By Job
	223772  -  Run Bytes Received By Job
	114582  -  Total Bytes Sent By Job
	223772  -  Total Bytes Received By Job
	Partitionable Resources :    Usage  Request Allocated 
	   Cpus                 :     0.01        1         1 
	   Disk (KB)            :   878         225   1639248 
	   Memory (MB)          :   139        2048      2048 

	Job terminated of its own accord at 2023-06-05T16:11:48Z with exit-code 0.
...
009 (1968573.292.000) 2023-06-05 18:30:13 Job was aborted.
	via condor_rm (by user shardulr)
...
