000 (32231638.315.000) 2023-06-05 10:45:09 Job submitted from host: <131.225.204.62:9618?addrs=131.225.204.62-9618+[2620-6a-0-8420-f0-0-204-62]-9618&alias=lpcschedd5.fnal.gov&noUDP&sock=schedd_3532_3c98>
...
040 (32231638.315.000) 2023-06-05 11:09:12 Started transferring input files
	Transferring to host: <131.225.189.158:9618?addrs=[2620-6a-0-8421-f0-0-189-158]-9618+131.225.189.158-9618&alias=cmswn2114.fnal.gov&noUDP&sock=slot1_30_2119_c6ef_40240>
...
040 (32231638.315.000) 2023-06-05 11:09:12 Finished transferring input files
...
001 (32231638.315.000) 2023-06-05 11:09:12 Job executing on host: <131.225.189.158:9618?addrs=[2620-6a-0-8421-f0-0-189-158]-9618+131.225.189.158-9618&alias=cmswn2114.fnal.gov&noUDP&sock=startd_2016_6304>
...
006 (32231638.315.000) 2023-06-05 11:09:20 Image size of job updated: 6
	6  -  MemoryUsage of job (MB)
	6956  -  ResidentSetSize of job (KB)
...
006 (32231638.315.000) 2023-06-05 11:10:21 Image size of job updated: 155
	155  -  MemoryUsage of job (MB)
	159632  -  ResidentSetSize of job (KB)
...
006 (32231638.315.000) 2023-06-05 11:11:22 Image size of job updated: 156
	156  -  MemoryUsage of job (MB)
	160384  -  ResidentSetSize of job (KB)
...
006 (32231638.315.000) 2023-06-05 11:12:23 Image size of job updated: 156
	156  -  MemoryUsage of job (MB)
	160424  -  ResidentSetSize of job (KB)
...
006 (32231638.315.000) 2023-06-05 11:13:23 Image size of job updated: 156
	156  -  MemoryUsage of job (MB)
	160456  -  ResidentSetSize of job (KB)
...
006 (32231638.315.000) 2023-06-05 11:14:24 Image size of job updated: 156
	156  -  MemoryUsage of job (MB)
	160492  -  ResidentSetSize of job (KB)
...
006 (32231638.315.000) 2023-06-05 11:15:24 Image size of job updated: 156
	156  -  MemoryUsage of job (MB)
	160524  -  ResidentSetSize of job (KB)
...
006 (32231638.315.000) 2023-06-05 11:16:03 Image size of job updated: 156
	156  -  MemoryUsage of job (MB)
	160548  -  ResidentSetSize of job (KB)
...
040 (32231638.315.000) 2023-06-05 11:16:03 Started transferring output files
...
040 (32231638.315.000) 2023-06-05 11:16:04 Finished transferring output files
...
005 (32231638.315.000) 2023-06-05 11:16:04 Job terminated.
	(1) Normal termination (return value 0)
		Usr 0 00:01:24, Sys 0 00:00:06  -  Run Remote Usage
		Usr 0 00:00:00, Sys 0 00:00:00  -  Run Local Usage
		Usr 0 00:01:24, Sys 0 00:00:06  -  Total Remote Usage
		Usr 0 00:00:00, Sys 0 00:00:00  -  Total Local Usage
	121485  -  Run Bytes Sent By Job
	223772  -  Run Bytes Received By Job
	121485  -  Total Bytes Sent By Job
	223772  -  Total Bytes Received By Job
	Partitionable Resources :    Usage  Request Allocated 
	   Cpus                 :     0.00        1         1 
	   Disk (KB)            :   884         225   3458608 
	   Memory (MB)          :   156        2048      2048 

	Job terminated of its own accord at 2023-06-05T16:16:03Z with exit-code 0.
...
009 (1968573.315.000) 2023-06-05 18:30:13 Job was aborted.
	via condor_rm (by user shardulr)
...
