000 (32231638.163.000) 2023-06-05 10:45:08 Job submitted from host: <131.225.204.62:9618?addrs=131.225.204.62-9618+[2620-6a-0-8420-f0-0-204-62]-9618&alias=lpcschedd5.fnal.gov&noUDP&sock=schedd_3532_3c98>
...
040 (32231638.163.000) 2023-06-05 11:04:55 Started transferring input files
	Transferring to host: <131.225.189.41:9618?addrs=[2620-6a-0-8421-f0-0-189-41]-9618+131.225.189.41-9618&alias=cmswn2093.fnal.gov&noUDP&sock=slot1_35_2124_4ccf_32891>
...
040 (32231638.163.000) 2023-06-05 11:04:55 Finished transferring input files
...
001 (32231638.163.000) 2023-06-05 11:04:55 Job executing on host: <131.225.189.41:9618?addrs=[2620-6a-0-8421-f0-0-189-41]-9618+131.225.189.41-9618&alias=cmswn2093.fnal.gov&noUDP&sock=startd_2025_8f5f>
...
006 (32231638.163.000) 2023-06-05 11:05:04 Image size of job updated: 38
	38  -  MemoryUsage of job (MB)
	39328  -  ResidentSetSize of job (KB)
...
006 (32231638.163.000) 2023-06-05 11:06:05 Image size of job updated: 141
	141  -  MemoryUsage of job (MB)
	144868  -  ResidentSetSize of job (KB)
...
006 (32231638.163.000) 2023-06-05 11:07:05 Image size of job updated: 141
	141  -  MemoryUsage of job (MB)
	145304  -  ResidentSetSize of job (KB)
...
006 (32231638.163.000) 2023-06-05 11:08:05 Image size of job updated: 141
	141  -  MemoryUsage of job (MB)
	145388  -  ResidentSetSize of job (KB)
...
006 (32231638.163.000) 2023-06-05 11:08:42 Image size of job updated: 142
	142  -  MemoryUsage of job (MB)
	145408  -  ResidentSetSize of job (KB)
...
040 (32231638.163.000) 2023-06-05 11:08:42 Started transferring output files
...
040 (32231638.163.000) 2023-06-05 11:08:42 Finished transferring output files
...
005 (32231638.163.000) 2023-06-05 11:08:43 Job terminated.
	(1) Normal termination (return value 0)
		Usr 0 00:00:46, Sys 0 00:00:04  -  Run Remote Usage
		Usr 0 00:00:00, Sys 0 00:00:00  -  Run Local Usage
		Usr 0 00:00:46, Sys 0 00:00:04  -  Total Remote Usage
		Usr 0 00:00:00, Sys 0 00:00:00  -  Total Local Usage
	115888  -  Run Bytes Sent By Job
	223772  -  Run Bytes Received By Job
	115888  -  Total Bytes Sent By Job
	223772  -  Total Bytes Received By Job
	Partitionable Resources :    Usage  Request Allocated 
	   Cpus                 :     0.00        1         1 
	   Disk (KB)            :   879         225   1618696 
	   Memory (MB)          :   142        2048      2048 

	Job terminated of its own accord at 2023-06-05T16:08:42Z with exit-code 0.
...
009 (1968573.163.000) 2023-06-05 18:30:12 Job was aborted.
	via condor_rm (by user shardulr)
...
