000 (32231638.290.000) 2023-06-05 10:45:09 Job submitted from host: <131.225.204.62:9618?addrs=131.225.204.62-9618+[2620-6a-0-8420-f0-0-204-62]-9618&alias=lpcschedd5.fnal.gov&noUDP&sock=schedd_3532_3c98>
...
040 (32231638.290.000) 2023-06-05 11:08:48 Started transferring input files
	Transferring to host: <131.225.188.21:9618?addrs=[2620-6a-0-8421-f0-0-188-21]-9618+131.225.188.21-9618&alias=cmswn2023.fnal.gov&noUDP&sock=slot1_23_2123_986f_25693>
...
040 (32231638.290.000) 2023-06-05 11:08:48 Finished transferring input files
...
001 (32231638.290.000) 2023-06-05 11:08:48 Job executing on host: <131.225.188.21:9618?addrs=[2620-6a-0-8421-f0-0-188-21]-9618+131.225.188.21-9618&alias=cmswn2023.fnal.gov&noUDP&sock=startd_2023_302e>
...
006 (32231638.290.000) 2023-06-05 11:08:57 Image size of job updated: 47
	47  -  MemoryUsage of job (MB)
	48772  -  ResidentSetSize of job (KB)
...
006 (32231638.290.000) 2023-06-05 11:09:29 Image size of job updated: 132
	132  -  MemoryUsage of job (MB)
	135864  -  ResidentSetSize of job (KB)
...
040 (32231638.290.000) 2023-06-05 11:09:29 Started transferring output files
...
040 (32231638.290.000) 2023-06-05 11:09:29 Finished transferring output files
...
005 (32231638.290.000) 2023-06-05 11:09:30 Job terminated.
	(1) Normal termination (return value 0)
		Usr 0 00:00:10, Sys 0 00:00:01  -  Run Remote Usage
		Usr 0 00:00:00, Sys 0 00:00:00  -  Run Local Usage
		Usr 0 00:00:10, Sys 0 00:00:01  -  Total Remote Usage
		Usr 0 00:00:00, Sys 0 00:00:00  -  Total Local Usage
	104335  -  Run Bytes Sent By Job
	223772  -  Run Bytes Received By Job
	104335  -  Total Bytes Sent By Job
	223772  -  Total Bytes Received By Job
	Partitionable Resources :    Usage  Request Allocated 
	   Cpus                 :     0.00        1         1 
	   Disk (KB)            :   867         225   1641560 
	   Memory (MB)          :   132        2048      2048 

	Job terminated of its own accord at 2023-06-05T16:09:29Z with exit-code 0.
...
009 (1968573.290.000) 2023-06-05 18:30:13 Job was aborted.
	via condor_rm (by user shardulr)
...
