000 (32231638.184.000) 2023-06-05 10:45:08 Job submitted from host: <131.225.204.62:9618?addrs=131.225.204.62-9618+[2620-6a-0-8420-f0-0-204-62]-9618&alias=lpcschedd5.fnal.gov&noUDP&sock=schedd_3532_3c98>
...
040 (32231638.184.000) 2023-06-05 11:05:40 Started transferring input files
	Transferring to host: <131.225.188.106:9618?addrs=[2620-6a-0-8421-f0-0-188-106]-9618+131.225.188.106-9618&alias=cmswn2047.fnal.gov&noUDP&sock=slot1_12_2166_e491_25619>
...
040 (32231638.184.000) 2023-06-05 11:05:40 Finished transferring input files
...
001 (32231638.184.000) 2023-06-05 11:05:40 Job executing on host: <131.225.188.106:9618?addrs=[2620-6a-0-8421-f0-0-188-106]-9618+131.225.188.106-9618&alias=cmswn2047.fnal.gov&noUDP&sock=startd_1933_74a8>
...
006 (32231638.184.000) 2023-06-05 11:05:50 Image size of job updated: 6
	6  -  MemoryUsage of job (MB)
	6960  -  ResidentSetSize of job (KB)
...
006 (32231638.184.000) 2023-06-05 11:06:50 Image size of job updated: 139
	139  -  MemoryUsage of job (MB)
	143232  -  ResidentSetSize of job (KB)
...
006 (32231638.184.000) 2023-06-05 11:08:50 Image size of job updated: 141
	141  -  MemoryUsage of job (MB)
	145000  -  ResidentSetSize of job (KB)
...
006 (32231638.184.000) 2023-06-05 11:09:50 Image size of job updated: 141
	141  -  MemoryUsage of job (MB)
	145068  -  ResidentSetSize of job (KB)
...
006 (32231638.184.000) 2023-06-05 11:10:51 Image size of job updated: 141
	141  -  MemoryUsage of job (MB)
	145076  -  ResidentSetSize of job (KB)
...
006 (32231638.184.000) 2023-06-05 11:11:52 Image size of job updated: 141
	141  -  MemoryUsage of job (MB)
	145108  -  ResidentSetSize of job (KB)
...
006 (32231638.184.000) 2023-06-05 11:12:53 Image size of job updated: 141
	141  -  MemoryUsage of job (MB)
	145172  -  ResidentSetSize of job (KB)
...
006 (32231638.184.000) 2023-06-05 11:13:55 Image size of job updated: 141
	141  -  MemoryUsage of job (MB)
	145184  -  ResidentSetSize of job (KB)
...
006 (32231638.184.000) 2023-06-05 11:14:39 Image size of job updated: 141
	141  -  MemoryUsage of job (MB)
	145276  -  ResidentSetSize of job (KB)
...
040 (32231638.184.000) 2023-06-05 11:14:39 Started transferring output files
...
040 (32231638.184.000) 2023-06-05 11:14:39 Finished transferring output files
...
005 (32231638.184.000) 2023-06-05 11:14:41 Job terminated.
	(1) Normal termination (return value 0)
		Usr 0 00:00:44, Sys 0 00:00:05  -  Run Remote Usage
		Usr 0 00:00:00, Sys 0 00:00:00  -  Run Local Usage
		Usr 0 00:00:44, Sys 0 00:00:05  -  Total Remote Usage
		Usr 0 00:00:00, Sys 0 00:00:00  -  Total Local Usage
	116162  -  Run Bytes Sent By Job
	223772  -  Run Bytes Received By Job
	116162  -  Total Bytes Sent By Job
	223772  -  Total Bytes Received By Job
	Partitionable Resources :    Usage  Request Allocated 
	   Cpus                 :     0.00        1         1 
	   Disk (KB)            :   879         225   1637500 
	   Memory (MB)          :   141        2048      2048 

	Job terminated of its own accord at 2023-06-05T16:14:39Z with exit-code 0.
...
009 (1968573.184.000) 2023-06-05 18:30:12 Job was aborted.
	via condor_rm (by user shardulr)
...
