000 (32231638.068.000) 2023-06-05 10:45:08 Job submitted from host: <131.225.204.62:9618?addrs=131.225.204.62-9618+[2620-6a-0-8420-f0-0-204-62]-9618&alias=lpcschedd5.fnal.gov&noUDP&sock=schedd_3532_3c98>
...
040 (32231638.068.000) 2023-06-05 11:01:27 Started transferring input files
	Transferring to host: <131.225.188.105:9618?addrs=[2620-6a-0-8421-f0-0-188-105]-9618+131.225.188.105-9618&alias=cmswn2046.fnal.gov&noUDP&sock=slot1_37_2112_d84f_17866>
...
040 (32231638.068.000) 2023-06-05 11:01:27 Finished transferring input files
...
001 (32231638.068.000) 2023-06-05 11:01:27 Job executing on host: <131.225.188.105:9618?addrs=[2620-6a-0-8421-f0-0-188-105]-9618+131.225.188.105-9618&alias=cmswn2046.fnal.gov&noUDP&sock=startd_2017_129d>
...
006 (32231638.068.000) 2023-06-05 11:01:36 Image size of job updated: 3
	3  -  MemoryUsage of job (MB)
	3696  -  ResidentSetSize of job (KB)
...
006 (32231638.068.000) 2023-06-05 11:02:37 Image size of job updated: 156
	156  -  MemoryUsage of job (MB)
	159812  -  ResidentSetSize of job (KB)
...
006 (32231638.068.000) 2023-06-05 11:03:38 Image size of job updated: 156
	156  -  MemoryUsage of job (MB)
	159900  -  ResidentSetSize of job (KB)
...
006 (32231638.068.000) 2023-06-05 11:04:16 Image size of job updated: 156
	156  -  MemoryUsage of job (MB)
	159936  -  ResidentSetSize of job (KB)
...
040 (32231638.068.000) 2023-06-05 11:04:16 Started transferring output files
...
040 (32231638.068.000) 2023-06-05 11:04:16 Finished transferring output files
...
005 (32231638.068.000) 2023-06-05 11:04:17 Job terminated.
	(1) Normal termination (return value 0)
		Usr 0 00:01:09, Sys 0 00:00:05  -  Run Remote Usage
		Usr 0 00:00:00, Sys 0 00:00:00  -  Run Local Usage
		Usr 0 00:01:09, Sys 0 00:00:05  -  Total Remote Usage
		Usr 0 00:00:00, Sys 0 00:00:00  -  Total Local Usage
	122152  -  Run Bytes Sent By Job
	223771  -  Run Bytes Received By Job
	122152  -  Total Bytes Sent By Job
	223771  -  Total Bytes Received By Job
	Partitionable Resources :    Usage  Request Allocated 
	   Cpus                 :     0.00        1         1 
	   Disk (KB)            :   884         225   1647894 
	   Memory (MB)          :   156        2048      2048 

	Job terminated of its own accord at 2023-06-05T16:04:16Z with exit-code 0.
...
