000 (32231638.117.000) 2023-06-05 10:45:08 Job submitted from host: <131.225.204.62:9618?addrs=131.225.204.62-9618+[2620-6a-0-8420-f0-0-204-62]-9618&alias=lpcschedd5.fnal.gov&noUDP&sock=schedd_3532_3c98>
...
040 (32231638.117.000) 2023-06-05 11:03:21 Started transferring input files
	Transferring to host: <131.225.188.21:9618?addrs=[2620-6a-0-8421-f0-0-188-21]-9618+131.225.188.21-9618&alias=cmswn2023.fnal.gov&noUDP&sock=slot1_23_2123_986f_25685>
...
040 (32231638.117.000) 2023-06-05 11:03:21 Finished transferring input files
...
001 (32231638.117.000) 2023-06-05 11:03:21 Job executing on host: <131.225.188.21:9618?addrs=[2620-6a-0-8421-f0-0-188-21]-9618+131.225.188.21-9618&alias=cmswn2023.fnal.gov&noUDP&sock=startd_2023_302e>
...
006 (32231638.117.000) 2023-06-05 11:03:30 Image size of job updated: 10
	10  -  MemoryUsage of job (MB)
	11116  -  ResidentSetSize of job (KB)
...
006 (32231638.117.000) 2023-06-05 11:04:30 Image size of job updated: 149
	149  -  MemoryUsage of job (MB)
	152772  -  ResidentSetSize of job (KB)
...
006 (32231638.117.000) 2023-06-05 11:05:31 Image size of job updated: 149
	149  -  MemoryUsage of job (MB)
	153544  -  ResidentSetSize of job (KB)
...
006 (32231638.117.000) 2023-06-05 11:06:33 Image size of job updated: 149
	149  -  MemoryUsage of job (MB)
	153588  -  ResidentSetSize of job (KB)
...
006 (32231638.117.000) 2023-06-05 11:07:33 Image size of job updated: 150
	150  -  MemoryUsage of job (MB)
	153620  -  ResidentSetSize of job (KB)
...
006 (32231638.117.000) 2023-06-05 11:08:34 Image size of job updated: 150
	150  -  MemoryUsage of job (MB)
	153668  -  ResidentSetSize of job (KB)
...
006 (32231638.117.000) 2023-06-05 11:08:47 Image size of job updated: 150
	150  -  MemoryUsage of job (MB)
	153672  -  ResidentSetSize of job (KB)
...
040 (32231638.117.000) 2023-06-05 11:08:47 Started transferring output files
...
040 (32231638.117.000) 2023-06-05 11:08:47 Finished transferring output files
...
005 (32231638.117.000) 2023-06-05 11:08:48 Job terminated.
	(1) Normal termination (return value 0)
		Usr 0 00:01:13, Sys 0 00:00:05  -  Run Remote Usage
		Usr 0 00:00:00, Sys 0 00:00:00  -  Run Local Usage
		Usr 0 00:01:13, Sys 0 00:00:05  -  Total Remote Usage
		Usr 0 00:00:00, Sys 0 00:00:00  -  Total Local Usage
	119382  -  Run Bytes Sent By Job
	223772  -  Run Bytes Received By Job
	119382  -  Total Bytes Sent By Job
	223772  -  Total Bytes Received By Job
	Partitionable Resources :    Usage  Request Allocated 
	   Cpus                 :     0.00        1         1 
	   Disk (KB)            :   881         225   1641560 
	   Memory (MB)          :   150        2048      2048 

	Job terminated of its own accord at 2023-06-05T16:08:47Z with exit-code 0.
...
009 (1968573.117.000) 2023-06-05 18:30:11 Job was aborted.
	via condor_rm (by user shardulr)
...
