000 (32231638.194.000) 2023-06-05 10:45:08 Job submitted from host: <131.225.204.62:9618?addrs=131.225.204.62-9618+[2620-6a-0-8420-f0-0-204-62]-9618&alias=lpcschedd5.fnal.gov&noUDP&sock=schedd_3532_3c98>
...
040 (32231638.194.000) 2023-06-05 11:06:02 Started transferring input files
	Transferring to host: <131.225.188.106:9618?addrs=[2620-6a-0-8421-f0-0-188-106]-9618+131.225.188.106-9618&alias=cmswn2047.fnal.gov&noUDP&sock=slot1_25_2166_e491_25620>
...
040 (32231638.194.000) 2023-06-05 11:06:02 Finished transferring input files
...
001 (32231638.194.000) 2023-06-05 11:06:02 Job executing on host: <131.225.188.106:9618?addrs=[2620-6a-0-8421-f0-0-188-106]-9618+131.225.188.106-9618&alias=cmswn2047.fnal.gov&noUDP&sock=startd_1933_74a8>
...
006 (32231638.194.000) 2023-06-05 11:06:11 Image size of job updated: 35
	35  -  MemoryUsage of job (MB)
	36664  -  ResidentSetSize of job (KB)
...
006 (32231638.194.000) 2023-06-05 11:07:11 Image size of job updated: 142
	142  -  MemoryUsage of job (MB)
	145948  -  ResidentSetSize of job (KB)
...
006 (32231638.194.000) 2023-06-05 11:08:11 Image size of job updated: 142
	142  -  MemoryUsage of job (MB)
	146152  -  ResidentSetSize of job (KB)
...
040 (32231638.194.000) 2023-06-05 11:08:11 Started transferring output files
...
040 (32231638.194.000) 2023-06-05 11:08:11 Finished transferring output files
...
005 (32231638.194.000) 2023-06-05 11:08:12 Job terminated.
	(1) Normal termination (return value 0)
		Usr 0 00:00:21, Sys 0 00:00:02  -  Run Remote Usage
		Usr 0 00:00:00, Sys 0 00:00:00  -  Run Local Usage
		Usr 0 00:00:21, Sys 0 00:00:02  -  Total Remote Usage
		Usr 0 00:00:00, Sys 0 00:00:00  -  Total Local Usage
	117038  -  Run Bytes Sent By Job
	223772  -  Run Bytes Received By Job
	117038  -  Total Bytes Sent By Job
	223772  -  Total Bytes Received By Job
	Partitionable Resources :    Usage  Request Allocated 
	   Cpus                 :        0        1         1 
	   Disk (KB)            :      879      225   1637500 
	   Memory (MB)          :      142     2048      2048 

	Job terminated of its own accord at 2023-06-05T16:08:11Z with exit-code 0.
...
009 (1968573.194.000) 2023-06-05 18:30:12 Job was aborted.
	via condor_rm (by user shardulr)
...
