000 (32231638.168.000) 2023-06-05 10:45:08 Job submitted from host: <131.225.204.62:9618?addrs=131.225.204.62-9618+[2620-6a-0-8420-f0-0-204-62]-9618&alias=lpcschedd5.fnal.gov&noUDP&sock=schedd_3532_3c98>
...
040 (32231638.168.000) 2023-06-05 11:05:04 Started transferring input files
	Transferring to host: <131.225.188.210:9618?addrs=[2620-6a-0-8421-f0-0-188-210]-9618+131.225.188.210-9618&alias=cmswn2067.fnal.gov&noUDP&sock=slot1_26_2009_45ab_23567>
...
040 (32231638.168.000) 2023-06-05 11:05:04 Finished transferring input files
...
001 (32231638.168.000) 2023-06-05 11:05:04 Job executing on host: <131.225.188.210:9618?addrs=[2620-6a-0-8421-f0-0-188-210]-9618+131.225.188.210-9618&alias=cmswn2067.fnal.gov&noUDP&sock=startd_1928_06af>
...
006 (32231638.168.000) 2023-06-05 11:05:13 Image size of job updated: 41
	41  -  MemoryUsage of job (MB)
	42648  -  ResidentSetSize of job (KB)
...
006 (32231638.168.000) 2023-06-05 11:06:14 Image size of job updated: 141
	141  -  MemoryUsage of job (MB)
	145072  -  ResidentSetSize of job (KB)
...
006 (32231638.168.000) 2023-06-05 11:07:14 Image size of job updated: 141
	141  -  MemoryUsage of job (MB)
	145204  -  ResidentSetSize of job (KB)
...
006 (32231638.168.000) 2023-06-05 11:08:14 Image size of job updated: 141
	141  -  MemoryUsage of job (MB)
	145236  -  ResidentSetSize of job (KB)
...
006 (32231638.168.000) 2023-06-05 11:08:55 Image size of job updated: 141
	141  -  MemoryUsage of job (MB)
	145268  -  ResidentSetSize of job (KB)
...
040 (32231638.168.000) 2023-06-05 11:08:55 Started transferring output files
...
040 (32231638.168.000) 2023-06-05 11:08:55 Finished transferring output files
...
005 (32231638.168.000) 2023-06-05 11:08:56 Job terminated.
	(1) Normal termination (return value 0)
		Usr 0 00:00:45, Sys 0 00:00:03  -  Run Remote Usage
		Usr 0 00:00:00, Sys 0 00:00:00  -  Run Local Usage
		Usr 0 00:00:45, Sys 0 00:00:03  -  Total Remote Usage
		Usr 0 00:00:00, Sys 0 00:00:00  -  Total Local Usage
	116062  -  Run Bytes Sent By Job
	223772  -  Run Bytes Received By Job
	116062  -  Total Bytes Sent By Job
	223772  -  Total Bytes Received By Job
	Partitionable Resources :    Usage  Request Allocated 
	   Cpus                 :     0.00        1         1 
	   Disk (KB)            :   878         225   1642278 
	   Memory (MB)          :   141        2048      2048 

	Job terminated of its own accord at 2023-06-05T16:08:55Z with exit-code 0.
...
009 (1968573.168.000) 2023-06-05 18:30:12 Job was aborted.
	via condor_rm (by user shardulr)
...
