000 (32231638.080.000) 2023-06-05 10:45:08 Job submitted from host: <131.225.204.62:9618?addrs=131.225.204.62-9618+[2620-6a-0-8420-f0-0-204-62]-9618&alias=lpcschedd5.fnal.gov&noUDP&sock=schedd_3532_3c98>
...
040 (32231638.080.000) 2023-06-05 11:01:50 Started transferring input files
	Transferring to host: <131.225.188.14:9618?addrs=[2620-6a-0-8421-f0-0-188-14]-9618+131.225.188.14-9618&alias=cmswn2019.fnal.gov&noUDP&sock=slot1_29_2024_d74b_31958>
...
040 (32231638.080.000) 2023-06-05 11:01:50 Finished transferring input files
...
001 (32231638.080.000) 2023-06-05 11:01:50 Job executing on host: <131.225.188.14:9618?addrs=[2620-6a-0-8421-f0-0-188-14]-9618+131.225.188.14-9618&alias=cmswn2019.fnal.gov&noUDP&sock=startd_1918_2abc>
...
006 (32231638.080.000) 2023-06-05 11:01:59 Image size of job updated: 8
	8  -  MemoryUsage of job (MB)
	8316  -  ResidentSetSize of job (KB)
...
006 (32231638.080.000) 2023-06-05 11:03:00 Image size of job updated: 96
	96  -  MemoryUsage of job (MB)
	98664  -  ResidentSetSize of job (KB)
...
006 (32231638.080.000) 2023-06-05 11:05:01 Image size of job updated: 155
	155  -  MemoryUsage of job (MB)
	159172  -  ResidentSetSize of job (KB)
...
006 (32231638.080.000) 2023-06-05 11:06:02 Image size of job updated: 155
	155  -  MemoryUsage of job (MB)
	159248  -  ResidentSetSize of job (KB)
...
006 (32231638.080.000) 2023-06-05 11:07:02 Image size of job updated: 155
	155  -  MemoryUsage of job (MB)
	159272  -  ResidentSetSize of job (KB)
...
006 (32231638.080.000) 2023-06-05 11:08:02 Image size of job updated: 155
	155  -  MemoryUsage of job (MB)
	159300  -  ResidentSetSize of job (KB)
...
006 (32231638.080.000) 2023-06-05 11:09:03 Image size of job updated: 155
	155  -  MemoryUsage of job (MB)
	159332  -  ResidentSetSize of job (KB)
...
006 (32231638.080.000) 2023-06-05 11:10:03 Image size of job updated: 155
	155  -  MemoryUsage of job (MB)
	159348  -  ResidentSetSize of job (KB)
...
006 (32231638.080.000) 2023-06-05 11:11:03 Image size of job updated: 155
	155  -  MemoryUsage of job (MB)
	159372  -  ResidentSetSize of job (KB)
...
006 (32231638.080.000) 2023-06-05 11:12:04 Image size of job updated: 155
	155  -  MemoryUsage of job (MB)
	159396  -  ResidentSetSize of job (KB)
...
006 (32231638.080.000) 2023-06-05 11:13:06 Image size of job updated: 155
	155  -  MemoryUsage of job (MB)
	159424  -  ResidentSetSize of job (KB)
...
006 (32231638.080.000) 2023-06-05 11:13:10 Image size of job updated: 155
	155  -  MemoryUsage of job (MB)
	159444  -  ResidentSetSize of job (KB)
...
040 (32231638.080.000) 2023-06-05 11:13:10 Started transferring output files
...
040 (32231638.080.000) 2023-06-05 11:13:10 Finished transferring output files
...
005 (32231638.080.000) 2023-06-05 11:13:11 Job terminated.
	(1) Normal termination (return value 0)
		Usr 0 00:01:20, Sys 0 00:00:06  -  Run Remote Usage
		Usr 0 00:00:00, Sys 0 00:00:00  -  Run Local Usage
		Usr 0 00:01:20, Sys 0 00:00:06  -  Total Remote Usage
		Usr 0 00:00:00, Sys 0 00:00:00  -  Total Local Usage
	121542  -  Run Bytes Sent By Job
	223771  -  Run Bytes Received By Job
	121542  -  Total Bytes Sent By Job
	223771  -  Total Bytes Received By Job
	Partitionable Resources :    Usage  Request Allocated 
	   Cpus                 :        0        1         1 
	   Disk (KB)            :      883      225   1636260 
	   Memory (MB)          :      155     2048      2048 

	Job terminated of its own accord at 2023-06-05T16:13:10Z with exit-code 0.
...
009 (1968572.080.000) 2023-06-05 18:30:08 Job was aborted.
	via condor_rm (by user shardulr)

	Job terminated by itself at 2023-06-05T15:44:27Z (using method 0: OF_ITS_OWN_ACCORD).
...
