000 (32231638.076.000) 2023-06-05 10:45:08 Job submitted from host: <131.225.204.62:9618?addrs=131.225.204.62-9618+[2620-6a-0-8420-f0-0-204-62]-9618&alias=lpcschedd5.fnal.gov&noUDP&sock=schedd_3532_3c98>
...
040 (32231638.076.000) 2023-06-05 11:01:50 Started transferring input files
	Transferring to host: <131.225.189.54:9618?addrs=[2620-6a-0-8421-f0-0-189-54]-9618+131.225.189.54-9618&alias=cmswn2098.fnal.gov&noUDP&sock=slot1_32_2116_a9cf_18096>
...
040 (32231638.076.000) 2023-06-05 11:01:50 Finished transferring input files
...
001 (32231638.076.000) 2023-06-05 11:01:50 Job executing on host: <131.225.189.54:9618?addrs=[2620-6a-0-8421-f0-0-189-54]-9618+131.225.189.54-9618&alias=cmswn2098.fnal.gov&noUDP&sock=startd_2019_71cd>
...
006 (32231638.076.000) 2023-06-05 11:01:59 Image size of job updated: 35
	35  -  MemoryUsage of job (MB)
	36568  -  ResidentSetSize of job (KB)
...
006 (32231638.076.000) 2023-06-05 11:03:00 Image size of job updated: 96
	96  -  MemoryUsage of job (MB)
	98668  -  ResidentSetSize of job (KB)
...
006 (32231638.076.000) 2023-06-05 11:05:01 Image size of job updated: 156
	156  -  MemoryUsage of job (MB)
	159856  -  ResidentSetSize of job (KB)
...
006 (32231638.076.000) 2023-06-05 11:06:01 Image size of job updated: 156
	156  -  MemoryUsage of job (MB)
	159892  -  ResidentSetSize of job (KB)
...
006 (32231638.076.000) 2023-06-05 11:07:01 Image size of job updated: 156
	156  -  MemoryUsage of job (MB)
	159912  -  ResidentSetSize of job (KB)
...
006 (32231638.076.000) 2023-06-05 11:08:02 Image size of job updated: 156
	156  -  MemoryUsage of job (MB)
	159940  -  ResidentSetSize of job (KB)
...
006 (32231638.076.000) 2023-06-05 11:09:03 Image size of job updated: 156
	156  -  MemoryUsage of job (MB)
	159956  -  ResidentSetSize of job (KB)
...
006 (32231638.076.000) 2023-06-05 11:10:03 Image size of job updated: 156
	156  -  MemoryUsage of job (MB)
	159992  -  ResidentSetSize of job (KB)
...
006 (32231638.076.000) 2023-06-05 11:11:04 Image size of job updated: 156
	156  -  MemoryUsage of job (MB)
	160008  -  ResidentSetSize of job (KB)
...
006 (32231638.076.000) 2023-06-05 11:12:04 Image size of job updated: 156
	156  -  MemoryUsage of job (MB)
	160020  -  ResidentSetSize of job (KB)
...
006 (32231638.076.000) 2023-06-05 11:13:07 Image size of job updated: 156
	156  -  MemoryUsage of job (MB)
	160048  -  ResidentSetSize of job (KB)
...
040 (32231638.076.000) 2023-06-05 11:13:07 Started transferring output files
...
040 (32231638.076.000) 2023-06-05 11:13:07 Finished transferring output files
...
005 (32231638.076.000) 2023-06-05 11:13:11 Job terminated.
	(1) Normal termination (return value 0)
		Usr 0 00:01:08, Sys 0 00:00:04  -  Run Remote Usage
		Usr 0 00:00:00, Sys 0 00:00:00  -  Run Local Usage
		Usr 0 00:01:08, Sys 0 00:00:04  -  Total Remote Usage
		Usr 0 00:00:00, Sys 0 00:00:00  -  Total Local Usage
	121312  -  Run Bytes Sent By Job
	223771  -  Run Bytes Received By Job
	121312  -  Total Bytes Sent By Job
	223771  -  Total Bytes Received By Job
	Partitionable Resources :    Usage  Request Allocated 
	   Cpus                 :        0        1         1 
	   Disk (KB)            :      883      225   1652839 
	   Memory (MB)          :      156     2048      2048 

	Job terminated of its own accord at 2023-06-05T16:13:07Z with exit-code 0.
...
