[FERMIHTC-APPTAINER]: INFO -- No Apptainer image specified
[FERMIHTC-APPTAINER]: INFO -- Running job on the host machine

[FERMIHTC-APPTAINER]: INFO -- Running ./condor_exec.exe
Starting job on  Thu Jun 22 20:12:24 UTC 2023
Running on: Linux shardulr-32358499-214-cmswn2088.fnal.gov 3.10.0-1160.90.1.el7.x86_64 #1 SMP Thu Apr 27 13:14:20 CDT 2023 x86_64 x86_64 x86_64 GNU/Linux
System software: Scientific Linux release 7.9 (Nitrogen)
Running ls -alrth:
total 164K
-rw-r--r--  1 shardulr fnalgrid 5.0K Jun 22 20:12 .job.ad
-rw-r--r--  1 shardulr fnalgrid  13K Jun 22 20:12 .machine.ad
-rwx------  1 shardulr fnalgrid   49 Jun 22 20:12 .chirp.config
-rw-------  1 shardulr fnalgrid  11K Jun 22 20:12 x509up
drwxr-xr-x  2 shardulr fnalgrid 4.0K Jun 22 20:12 samples
-rw-r--r--  1 shardulr fnalgrid  62K Jun 22 20:12 singleStopAnalyzer.py
drwxr-xr-x  2 shardulr fnalgrid 4.0K Jun 22 20:12 framework
-rwxr-xr-x  1 shardulr fnalgrid  705 Jun 22 20:12 condor_exec.exe
-rw-r--r--  1 shardulr fnalgrid  951 Jun 22 20:12 bJetMatcher.py
-rw-r--r--  1 shardulr fnalgrid    0 Jun 22 20:12 docker_stderror
drwxrwxrwt  3 shardulr fnalgrid 4.0K Jun 22 20:12 var
drwxrwxrwt  2 shardulr fnalgrid 4.0K Jun 22 20:12 tmp
drwxr-xr-x  3 root     root     4.0K Jun 22 20:12 ..
srwxr-xr-x  1 shardulr fnalgrid    0 Jun 22 20:12 .docker_sock
-rw-r--r--  1 shardulr fnalgrid  13K Jun 22 20:12 .update.ad
-rw-r--r--  1 shardulr fnalgrid  113 Jun 22 20:12 _condor_stderr
drwx------  7 shardulr fnalgrid 4.0K Jun 22 20:12 .
drwxr-xr-x 17 shardulr fnalgrid 4.0K Jun 22 20:12 CMSSW_10_6_19_patch2
-rw-r--r--  1 shardulr fnalgrid  454 Jun 22 20:12 _condor_stdout
/storage/local/data1/condor/execute/dir_25348/CMSSW_10_6_19_patch2 is the CMSSW we created on the local worker node
Running over Data2018 files
Blinding data, only using CR cuts (0 loose b's)
Using UL 2018 campaign working points
Pre-select 167222 entries out of 1681704 (9.94%)
Processed    10000/  167222 entries,  5.98% (elapsed time    26.7s, curr speed    0.374 kHz, avg speed    0.374 kHz), accepted     2123/   10001 events (21.23%)
Processed    20000/  167222 entries, 11.96% (elapsed time    50.2s, curr speed    0.426 kHz, avg speed    0.398 kHz), accepted     3766/   20001 events (18.83%)
Processed    30000/  167222 entries, 17.94% (elapsed time    74.2s, curr speed    0.416 kHz, avg speed    0.404 kHz), accepted     5498/   30001 events (18.33%)
Processed    40000/  167222 entries, 23.92% (elapsed time    97.8s, curr speed    0.425 kHz, avg speed    0.409 kHz), accepted     7307/   40001 events (18.27%)
Processed    50000/  167222 entries, 29.90% (elapsed time   120.8s, curr speed    0.433 kHz, avg speed    0.414 kHz), accepted     9139/   50001 events (18.28%)
Processed    60000/  167222 entries, 35.88% (elapsed time   144.6s, curr speed    0.421 kHz, avg speed    0.415 kHz), accepted    11027/   60001 events (18.38%)
Processed    70000/  167222 entries, 41.86% (elapsed time   168.5s, curr speed    0.419 kHz, avg speed    0.415 kHz), accepted    13015/   70001 events (18.59%)
Processed    80000/  167222 entries, 47.84% (elapsed time   192.1s, curr speed    0.424 kHz, avg speed    0.416 kHz), accepted    14946/   80001 events (18.68%)
Processed    90000/  167222 entries, 53.82% (elapsed time   216.3s, curr speed    0.413 kHz, avg speed    0.416 kHz), accepted    16948/   90001 events (18.83%)
Processed   100000/  167222 entries, 59.80% (elapsed time   240.4s, curr speed    0.415 kHz, avg speed    0.416 kHz), accepted    18973/  100001 events (18.97%)
Processed   110000/  167222 entries, 65.78% (elapsed time   265.4s, curr speed    0.400 kHz, avg speed    0.414 kHz), accepted    21169/  110001 events (19.24%)
Processed   120000/  167222 entries, 71.76% (elapsed time   290.8s, curr speed    0.394 kHz, avg speed    0.413 kHz), accepted    23155/  120001 events (19.30%)
Processed   130000/  167222 entries, 77.74% (elapsed time   319.3s, curr speed    0.351 kHz, avg speed    0.407 kHz), accepted    24971/  130001 events (19.21%)
Processed   140000/  167222 entries, 83.72% (elapsed time   348.3s, curr speed    0.345 kHz, avg speed    0.402 kHz), accepted    26880/  140001 events (19.20%)
Processed   150000/  167222 entries, 89.70% (elapsed time   375.1s, curr speed    0.373 kHz, avg speed    0.400 kHz), accepted    28770/  150001 events (19.18%)
Processed   160000/  167222 entries, 95.68% (elapsed time   401.3s, curr speed    0.382 kHz, avg speed    0.399 kHz), accepted    30590/  160001 events (19.12%)
Processed 167222 preselected entries from root://cmsxrootd.fnal.gov//store/data/Run2018C/JetHT/NANOAOD/UL2018_MiniAODv2_NanoAODv9-v1/130000/560FBF77-F77B-8245-B6C5-D20EEA442272.root (1681704 entries). Finally selected 31965 entries
Total time 436.0 sec. to process 1681704 events. Rate = 3857.0 Hz.
Running pwd:
/storage/local/data1/condor/execute/dir_25348
Running ls -alrth:
total 176K
-rw-r--r--  1 shardulr fnalgrid 5.0K Jun 22 20:12 .job.ad
-rw-r--r--  1 shardulr fnalgrid  13K Jun 22 20:12 .machine.ad
-rwx------  1 shardulr fnalgrid   49 Jun 22 20:12 .chirp.config
-rw-------  1 shardulr fnalgrid  11K Jun 22 20:12 x509up
drwxr-xr-x  2 shardulr fnalgrid 4.0K Jun 22 20:12 samples
-rw-r--r--  1 shardulr fnalgrid  62K Jun 22 20:12 singleStopAnalyzer.py
-rwxr-xr-x  1 shardulr fnalgrid  705 Jun 22 20:12 condor_exec.exe
-rw-r--r--  1 shardulr fnalgrid  951 Jun 22 20:12 bJetMatcher.py
-rw-r--r--  1 shardulr fnalgrid    0 Jun 22 20:12 docker_stderror
drwxrwxrwt  3 shardulr fnalgrid 4.0K Jun 22 20:12 var
drwxrwxrwt  2 shardulr fnalgrid 4.0K Jun 22 20:12 tmp
drwxr-xr-x  3 root     root     4.0K Jun 22 20:12 ..
srwxr-xr-x  1 shardulr fnalgrid    0 Jun 22 20:12 .docker_sock
drwxr-xr-x 17 shardulr fnalgrid 4.0K Jun 22 20:12 CMSSW_10_6_19_patch2
drwxr-xr-x  2 shardulr fnalgrid 4.0K Jun 22 20:12 framework
-rw-r--r--  1 shardulr fnalgrid 1.7K Jun 22 20:12 bJetMatcher.pyc
drwxr-xr-x  3 shardulr fnalgrid 4.0K Jun 22 20:12 output
-rw-r--r--  1 shardulr fnalgrid  215 Jun 22 20:12 _condor_stderr
-rw-r--r--  1 shardulr fnalgrid  13K Jun 22 20:19 .update.ad
drwx------  8 shardulr fnalgrid 4.0K Jun 22 20:19 .
-rw-r--r--  1 shardulr fnalgrid 4.8K Jun 22 20:19 _condor_stdout
