[FERMIHTC-APPTAINER]: INFO -- No Apptainer image specified
[FERMIHTC-APPTAINER]: INFO -- Running job on the host machine

[FERMIHTC-APPTAINER]: INFO -- Running ./condor_exec.exe
Starting job on  Thu Jun 22 20:17:04 UTC 2023
Running on: Linux shardulr-32358499-334-cmswn2053.fnal.gov 3.10.0-1160.90.1.el7.x86_64 #1 SMP Thu Apr 27 13:14:20 CDT 2023 x86_64 x86_64 x86_64 GNU/Linux
System software: Scientific Linux release 7.9 (Nitrogen)
Running ls -alrth:
total 164K
-rw-r--r--  1 shardulr fnalgrid 5.0K Jun 22 20:15 .job.ad
-rw-r--r--  1 shardulr fnalgrid  14K Jun 22 20:15 .machine.ad
-rwx------  1 shardulr fnalgrid   49 Jun 22 20:15 .chirp.config
-rw-------  1 shardulr fnalgrid  11K Jun 22 20:15 x509up
drwxr-xr-x  2 shardulr fnalgrid 4.0K Jun 22 20:15 samples
-rw-r--r--  1 shardulr fnalgrid  62K Jun 22 20:15 singleStopAnalyzer.py
drwxr-xr-x  2 shardulr fnalgrid 4.0K Jun 22 20:15 framework
-rwxr-xr-x  1 shardulr fnalgrid  705 Jun 22 20:15 condor_exec.exe
-rw-r--r--  1 shardulr fnalgrid  951 Jun 22 20:15 bJetMatcher.py
-rw-r--r--  1 shardulr fnalgrid    0 Jun 22 20:15 docker_stderror
drwxrwxrwt  3 shardulr fnalgrid 4.0K Jun 22 20:15 var
drwxrwxrwt  2 shardulr fnalgrid 4.0K Jun 22 20:15 tmp
drwxr-xr-x  3 root     root     4.0K Jun 22 20:16 ..
srwxr-xr-x  1 shardulr fnalgrid    0 Jun 22 20:16 .docker_sock
-rw-r--r--  1 shardulr fnalgrid  13K Jun 22 20:17 .update.ad
-rw-r--r--  1 shardulr fnalgrid  113 Jun 22 20:17 _condor_stderr
drwx------  7 shardulr fnalgrid 4.0K Jun 22 20:17 .
drwxr-xr-x 17 shardulr fnalgrid 4.0K Jun 22 20:17 CMSSW_10_6_19_patch2
-rw-r--r--  1 shardulr fnalgrid  454 Jun 22 20:17 _condor_stdout
/storage/local/data1/condor/execute/dir_16439/CMSSW_10_6_19_patch2 is the CMSSW we created on the local worker node
Running over Data2018 files
Blinding data, only using CR cuts (0 loose b's)
Using UL 2018 campaign working points
Pre-select 197364 entries out of 1915245 (10.30%)
Processed    10000/  197364 entries,  5.07% (elapsed time    32.5s, curr speed    0.308 kHz, avg speed    0.308 kHz), accepted     1696/   10001 events (16.96%)
Processed    20000/  197364 entries, 10.13% (elapsed time    59.1s, curr speed    0.375 kHz, avg speed    0.338 kHz), accepted     3814/   20001 events (19.07%)
Processed    30000/  197364 entries, 15.20% (elapsed time    81.9s, curr speed    0.440 kHz, avg speed    0.366 kHz), accepted     5362/   30001 events (17.87%)
Processed    40000/  197364 entries, 20.27% (elapsed time   108.4s, curr speed    0.377 kHz, avg speed    0.369 kHz), accepted     7449/   40001 events (18.62%)
Processed    50000/  197364 entries, 25.33% (elapsed time   134.3s, curr speed    0.386 kHz, avg speed    0.372 kHz), accepted     9518/   50001 events (19.04%)
Processed    60000/  197364 entries, 30.40% (elapsed time   160.9s, curr speed    0.376 kHz, avg speed    0.373 kHz), accepted    11664/   60001 events (19.44%)
Processed    70000/  197364 entries, 35.47% (elapsed time   187.7s, curr speed    0.373 kHz, avg speed    0.373 kHz), accepted    13889/   70001 events (19.84%)
Processed    80000/  197364 entries, 40.53% (elapsed time   214.6s, curr speed    0.372 kHz, avg speed    0.373 kHz), accepted    16075/   80001 events (20.09%)
Processed    90000/  197364 entries, 45.60% (elapsed time   241.4s, curr speed    0.372 kHz, avg speed    0.373 kHz), accepted    18282/   90001 events (20.31%)
Processed   100000/  197364 entries, 50.67% (elapsed time   268.8s, curr speed    0.365 kHz, avg speed    0.372 kHz), accepted    20463/  100001 events (20.46%)
Processed   110000/  197364 entries, 55.73% (elapsed time   295.7s, curr speed    0.372 kHz, avg speed    0.372 kHz), accepted    22526/  110001 events (20.48%)
Processed   120000/  197364 entries, 60.80% (elapsed time   323.3s, curr speed    0.363 kHz, avg speed    0.371 kHz), accepted    24751/  120001 events (20.63%)
Processed   130000/  197364 entries, 65.87% (elapsed time   348.2s, curr speed    0.400 kHz, avg speed    0.373 kHz), accepted    26514/  130001 events (20.40%)
Processed   140000/  197364 entries, 70.93% (elapsed time   374.7s, curr speed    0.378 kHz, avg speed    0.374 kHz), accepted    28498/  140001 events (20.36%)
Processed   150000/  197364 entries, 76.00% (elapsed time   401.8s, curr speed    0.369 kHz, avg speed    0.373 kHz), accepted    30626/  150001 events (20.42%)
Processed   160000/  197364 entries, 81.07% (elapsed time   427.5s, curr speed    0.389 kHz, avg speed    0.374 kHz), accepted    32595/  160001 events (20.37%)
Processed   170000/  197364 entries, 86.14% (elapsed time   453.7s, curr speed    0.381 kHz, avg speed    0.375 kHz), accepted    34564/  170001 events (20.33%)
Processed   180000/  197364 entries, 91.20% (elapsed time   479.1s, curr speed    0.394 kHz, avg speed    0.376 kHz), accepted    36444/  180001 events (20.25%)
Processed   190000/  197364 entries, 96.27% (elapsed time   504.1s, curr speed    0.401 kHz, avg speed    0.377 kHz), accepted    38212/  190001 events (20.11%)
Processed 197364 preselected entries from root://cmsxrootd.fnal.gov//store/data/Run2018D/JetHT/NANOAOD/UL2018_MiniAODv2_NanoAODv9-v2/2540000/DC4C17E6-30A2-704E-A87D-B429491106A9.root (1915245 entries). Finally selected 39766 entries
Total time 539.8 sec. to process 1915245 events. Rate = 3548.1 Hz.
Running pwd:
/storage/local/data1/condor/execute/dir_16439
Running ls -alrth:
total 176K
-rw-r--r--  1 shardulr fnalgrid 5.0K Jun 22 20:15 .job.ad
-rw-r--r--  1 shardulr fnalgrid  14K Jun 22 20:15 .machine.ad
-rwx------  1 shardulr fnalgrid   49 Jun 22 20:15 .chirp.config
-rw-------  1 shardulr fnalgrid  11K Jun 22 20:15 x509up
drwxr-xr-x  2 shardulr fnalgrid 4.0K Jun 22 20:15 samples
-rw-r--r--  1 shardulr fnalgrid  62K Jun 22 20:15 singleStopAnalyzer.py
-rwxr-xr-x  1 shardulr fnalgrid  705 Jun 22 20:15 condor_exec.exe
-rw-r--r--  1 shardulr fnalgrid  951 Jun 22 20:15 bJetMatcher.py
-rw-r--r--  1 shardulr fnalgrid    0 Jun 22 20:15 docker_stderror
drwxrwxrwt  3 shardulr fnalgrid 4.0K Jun 22 20:15 var
drwxrwxrwt  2 shardulr fnalgrid 4.0K Jun 22 20:15 tmp
drwxr-xr-x  3 root     root     4.0K Jun 22 20:16 ..
srwxr-xr-x  1 shardulr fnalgrid    0 Jun 22 20:16 .docker_sock
drwxr-xr-x 17 shardulr fnalgrid 4.0K Jun 22 20:17 CMSSW_10_6_19_patch2
drwxr-xr-x  2 shardulr fnalgrid 4.0K Jun 22 20:17 framework
-rw-r--r--  1 shardulr fnalgrid 1.7K Jun 22 20:17 bJetMatcher.pyc
drwxr-xr-x  3 shardulr fnalgrid 4.0K Jun 22 20:17 output
-rw-r--r--  1 shardulr fnalgrid  215 Jun 22 20:17 _condor_stderr
-rw-r--r--  1 shardulr fnalgrid  13K Jun 22 20:26 .update.ad
drwx------  8 shardulr fnalgrid 4.0K Jun 22 20:26 .
-rw-r--r--  1 shardulr fnalgrid 5.3K Jun 22 20:26 _condor_stdout
