[FERMIHTC-APPTAINER]: INFO -- No Apptainer image specified
[FERMIHTC-APPTAINER]: INFO -- Running job on the host machine

[FERMIHTC-APPTAINER]: INFO -- Running ./condor_exec.exe
Starting job on  Thu Jun 22 20:16:00 UTC 2023
Running on: Linux shardulr-32358499-354-cmswn2038.fnal.gov 3.10.0-1160.90.1.el7.x86_64 #1 SMP Thu Apr 27 13:14:20 CDT 2023 x86_64 x86_64 x86_64 GNU/Linux
System software: Scientific Linux release 7.9 (Nitrogen)
Running ls -alrth:
total 164K
-rw-r--r--  1 shardulr fnalgrid 5.1K Jun 22 20:15 .job.ad
-rw-r--r--  1 shardulr fnalgrid  13K Jun 22 20:15 .machine.ad
-rwx------  1 shardulr fnalgrid   49 Jun 22 20:15 .chirp.config
-rw-------  1 shardulr fnalgrid  11K Jun 22 20:15 x509up
drwxr-xr-x  2 shardulr fnalgrid 4.0K Jun 22 20:15 samples
drwxr-xr-x  2 shardulr fnalgrid 4.0K Jun 22 20:15 framework
-rw-r--r--  1 shardulr fnalgrid  62K Jun 22 20:15 singleStopAnalyzer.py
-rw-r--r--  1 shardulr fnalgrid  951 Jun 22 20:15 bJetMatcher.py
-rwxr-xr-x  1 shardulr fnalgrid  705 Jun 22 20:15 condor_exec.exe
-rw-r--r--  1 shardulr fnalgrid    0 Jun 22 20:15 docker_stderror
drwxrwxrwt  3 shardulr fnalgrid 4.0K Jun 22 20:15 var
drwxrwxrwt  2 shardulr fnalgrid 4.0K Jun 22 20:15 tmp
-rw-r--r--  1 shardulr fnalgrid  13K Jun 22 20:15 .update.ad
drwxr-xr-x  3 root     root     4.0K Jun 22 20:15 ..
srwxr-xr-x  1 shardulr fnalgrid    0 Jun 22 20:15 .docker_sock
-rw-r--r--  1 shardulr fnalgrid  113 Jun 22 20:16 _condor_stderr
drwx------  7 shardulr fnalgrid 4.0K Jun 22 20:16 .
drwxr-xr-x 17 shardulr fnalgrid 4.0K Jun 22 20:16 CMSSW_10_6_19_patch2
-rw-r--r--  1 shardulr fnalgrid  454 Jun 22 20:16 _condor_stdout
/storage/local/data1/condor/execute/dir_53645/CMSSW_10_6_19_patch2 is the CMSSW we created on the local worker node
Running over Data2018 files
Blinding data, only using CR cuts (0 loose b's)
Using UL 2018 campaign working points
Pre-select 221187 entries out of 2282699 (9.69%)
Processed    10000/  221187 entries,  4.52% (elapsed time    23.7s, curr speed    0.423 kHz, avg speed    0.423 kHz), accepted     1860/   10001 events (18.60%)
Processed    20000/  221187 entries,  9.04% (elapsed time    46.2s, curr speed    0.443 kHz, avg speed    0.432 kHz), accepted     3654/   20001 events (18.27%)
Processed    30000/  221187 entries, 13.56% (elapsed time    69.2s, curr speed    0.436 kHz, avg speed    0.434 kHz), accepted     5466/   30001 events (18.22%)
Processed    40000/  221187 entries, 18.08% (elapsed time    92.4s, curr speed    0.431 kHz, avg speed    0.433 kHz), accepted     7128/   40001 events (17.82%)
Processed    50000/  221187 entries, 22.61% (elapsed time   116.1s, curr speed    0.421 kHz, avg speed    0.431 kHz), accepted     8769/   50001 events (17.54%)
Processed    60000/  221187 entries, 27.13% (elapsed time   140.0s, curr speed    0.419 kHz, avg speed    0.429 kHz), accepted    10560/   60001 events (17.60%)
Processed    70000/  221187 entries, 31.65% (elapsed time   164.6s, curr speed    0.407 kHz, avg speed    0.425 kHz), accepted    12638/   70001 events (18.05%)
Processed    80000/  221187 entries, 36.17% (elapsed time   189.7s, curr speed    0.397 kHz, avg speed    0.422 kHz), accepted    14773/   80001 events (18.47%)
Processed    90000/  221187 entries, 40.69% (elapsed time   215.4s, curr speed    0.389 kHz, avg speed    0.418 kHz), accepted    16936/   90001 events (18.82%)
Processed   100000/  221187 entries, 45.21% (elapsed time   240.2s, curr speed    0.404 kHz, avg speed    0.416 kHz), accepted    19007/  100001 events (19.01%)
Processed   110000/  221187 entries, 49.73% (elapsed time   264.6s, curr speed    0.409 kHz, avg speed    0.416 kHz), accepted    21049/  110001 events (19.14%)
Processed   120000/  221187 entries, 54.25% (elapsed time   288.3s, curr speed    0.422 kHz, avg speed    0.416 kHz), accepted    23014/  120001 events (19.18%)
Processed   130000/  221187 entries, 58.77% (elapsed time   312.0s, curr speed    0.422 kHz, avg speed    0.417 kHz), accepted    24990/  130001 events (19.22%)
Processed   140000/  221187 entries, 63.29% (elapsed time   335.9s, curr speed    0.419 kHz, avg speed    0.417 kHz), accepted    27001/  140001 events (19.29%)
Processed   150000/  221187 entries, 67.82% (elapsed time   360.2s, curr speed    0.412 kHz, avg speed    0.416 kHz), accepted    28972/  150001 events (19.31%)
Processed   160000/  221187 entries, 72.34% (elapsed time   384.3s, curr speed    0.414 kHz, avg speed    0.416 kHz), accepted    30931/  160001 events (19.33%)
Processed   170000/  221187 entries, 76.86% (elapsed time   408.2s, curr speed    0.418 kHz, avg speed    0.416 kHz), accepted    32857/  170001 events (19.33%)
Processed   180000/  221187 entries, 81.38% (elapsed time   432.3s, curr speed    0.416 kHz, avg speed    0.416 kHz), accepted    34787/  180001 events (19.33%)
Processed   190000/  221187 entries, 85.90% (elapsed time   456.4s, curr speed    0.415 kHz, avg speed    0.416 kHz), accepted    36741/  190001 events (19.34%)
Processed   200000/  221187 entries, 90.42% (elapsed time   481.9s, curr speed    0.391 kHz, avg speed    0.415 kHz), accepted    38732/  200001 events (19.37%)
Processed   210000/  221187 entries, 94.94% (elapsed time   510.1s, curr speed    0.356 kHz, avg speed    0.412 kHz), accepted    40743/  210001 events (19.40%)
Processed   220000/  221187 entries, 99.46% (elapsed time   541.4s, curr speed    0.319 kHz, avg speed    0.406 kHz), accepted    42781/  220001 events (19.45%)
Processed 221187 preselected entries from root://cmsxrootd.fnal.gov//store/data/Run2018D/JetHT/NANOAOD/UL2018_MiniAODv2_NanoAODv9-v2/2540000/33323BBF-0D05-C947-9A14-2D885AD55F44.root (2282699 entries). Finally selected 43037 entries
Total time 555.3 sec. to process 2282699 events. Rate = 4110.7 Hz.
Running pwd:
/storage/local/data1/condor/execute/dir_53645
Running ls -alrth:
total 176K
-rw-r--r--  1 shardulr fnalgrid 5.1K Jun 22 20:15 .job.ad
-rw-r--r--  1 shardulr fnalgrid  13K Jun 22 20:15 .machine.ad
-rwx------  1 shardulr fnalgrid   49 Jun 22 20:15 .chirp.config
-rw-------  1 shardulr fnalgrid  11K Jun 22 20:15 x509up
drwxr-xr-x  2 shardulr fnalgrid 4.0K Jun 22 20:15 samples
-rw-r--r--  1 shardulr fnalgrid  62K Jun 22 20:15 singleStopAnalyzer.py
-rw-r--r--  1 shardulr fnalgrid  951 Jun 22 20:15 bJetMatcher.py
-rwxr-xr-x  1 shardulr fnalgrid  705 Jun 22 20:15 condor_exec.exe
-rw-r--r--  1 shardulr fnalgrid    0 Jun 22 20:15 docker_stderror
drwxrwxrwt  3 shardulr fnalgrid 4.0K Jun 22 20:15 var
drwxrwxrwt  2 shardulr fnalgrid 4.0K Jun 22 20:15 tmp
drwxr-xr-x  3 root     root     4.0K Jun 22 20:15 ..
srwxr-xr-x  1 shardulr fnalgrid    0 Jun 22 20:15 .docker_sock
drwxr-xr-x 17 shardulr fnalgrid 4.0K Jun 22 20:16 CMSSW_10_6_19_patch2
drwxr-xr-x  2 shardulr fnalgrid 4.0K Jun 22 20:16 framework
-rw-r--r--  1 shardulr fnalgrid 1.7K Jun 22 20:16 bJetMatcher.pyc
drwxr-xr-x  3 shardulr fnalgrid 4.0K Jun 22 20:16 output
-rw-r--r--  1 shardulr fnalgrid  215 Jun 22 20:16 _condor_stderr
-rw-r--r--  1 shardulr fnalgrid  13K Jun 22 20:25 .update.ad
drwx------  8 shardulr fnalgrid 4.0K Jun 22 20:25 .
-rw-r--r--  1 shardulr fnalgrid 5.7K Jun 22 20:25 _condor_stdout
