[FERMIHTC-APPTAINER]: INFO -- No Apptainer image specified
[FERMIHTC-APPTAINER]: INFO -- Running job on the host machine

[FERMIHTC-APPTAINER]: INFO -- Running ./condor_exec.exe
Starting job on  Thu Jun 22 20:13:00 UTC 2023
Running on: Linux shardulr-32358499-240-cmswn2090.fnal.gov 3.10.0-1160.90.1.el7.x86_64 #1 SMP Thu Apr 27 13:14:20 CDT 2023 x86_64 x86_64 x86_64 GNU/Linux
System software: Scientific Linux release 7.9 (Nitrogen)
Running ls -alrth:
total 164K
-rw-r--r--  1 shardulr fnalgrid 5.0K Jun 22 20:12 .job.ad
-rw-r--r--  1 shardulr fnalgrid  13K Jun 22 20:12 .machine.ad
-rwx------  1 shardulr fnalgrid   49 Jun 22 20:12 .chirp.config
-rw-------  1 shardulr fnalgrid  11K Jun 22 20:12 x509up
drwxr-xr-x  2 shardulr fnalgrid 4.0K Jun 22 20:12 samples
-rw-r--r--  1 shardulr fnalgrid  62K Jun 22 20:12 singleStopAnalyzer.py
drwxr-xr-x  2 shardulr fnalgrid 4.0K Jun 22 20:12 framework
-rw-r--r--  1 shardulr fnalgrid  951 Jun 22 20:12 bJetMatcher.py
-rwxr-xr-x  1 shardulr fnalgrid  705 Jun 22 20:12 condor_exec.exe
-rw-r--r--  1 shardulr fnalgrid    0 Jun 22 20:12 docker_stderror
drwxrwxrwt  3 shardulr fnalgrid 4.0K Jun 22 20:12 var
drwxrwxrwt  2 shardulr fnalgrid 4.0K Jun 22 20:12 tmp
-rw-r--r--  1 shardulr fnalgrid  13K Jun 22 20:12 .update.ad
drwxr-xr-x  3 root     root     4.0K Jun 22 20:12 ..
srwxr-xr-x  1 shardulr fnalgrid    0 Jun 22 20:12 .docker_sock
-rw-r--r--  1 shardulr fnalgrid  113 Jun 22 20:13 _condor_stderr
drwx------  7 shardulr fnalgrid 4.0K Jun 22 20:13 .
drwxr-xr-x 17 shardulr fnalgrid 4.0K Jun 22 20:13 CMSSW_10_6_19_patch2
-rw-r--r--  1 shardulr fnalgrid  454 Jun 22 20:13 _condor_stdout
/storage/local/data1/condor/execute/dir_53733/CMSSW_10_6_19_patch2 is the CMSSW we created on the local worker node
Running over Data2018 files
Blinding data, only using CR cuts (0 loose b's)
Using UL 2018 campaign working points
Pre-select 82189 entries out of 779553 (10.54%)
Processed    10000/   82189 entries, 12.17% (elapsed time    20.4s, curr speed    0.490 kHz, avg speed    0.490 kHz), accepted     1253/   10001 events (12.53%)
Processed    20000/   82189 entries, 24.33% (elapsed time    44.0s, curr speed    0.424 kHz, avg speed    0.454 kHz), accepted     3307/   20001 events (16.53%)
Processed    30000/   82189 entries, 36.50% (elapsed time    68.1s, curr speed    0.415 kHz, avg speed    0.441 kHz), accepted     5457/   30001 events (18.19%)
Processed    40000/   82189 entries, 48.67% (elapsed time    91.9s, curr speed    0.421 kHz, avg speed    0.435 kHz), accepted     7551/   40001 events (18.88%)
Processed    50000/   82189 entries, 60.84% (elapsed time   113.9s, curr speed    0.454 kHz, avg speed    0.439 kHz), accepted     9255/   50001 events (18.51%)
Processed    60000/   82189 entries, 73.00% (elapsed time   135.7s, curr speed    0.458 kHz, avg speed    0.442 kHz), accepted    10895/   60001 events (18.16%)
Processed    70000/   82189 entries, 85.17% (elapsed time   160.1s, curr speed    0.410 kHz, avg speed    0.437 kHz), accepted    12961/   70001 events (18.52%)
Processed    80000/   82189 entries, 97.34% (elapsed time   185.8s, curr speed    0.389 kHz, avg speed    0.431 kHz), accepted    15003/   80001 events (18.75%)
Processed 82189 preselected entries from root://cmsxrootd.fnal.gov//store/data/Run2018C/JetHT/NANOAOD/UL2018_MiniAODv2_NanoAODv9-v1/130000/179DAB69-9E22-6946-871F-5CEFAA8D65E2.root (779553 entries). Finally selected 15337 entries
Total time 206.7 sec. to process 779553 events. Rate = 3770.7 Hz.
Running pwd:
/storage/local/data1/condor/execute/dir_53733
Running ls -alrth:
total 172K
-rw-r--r--  1 shardulr fnalgrid 5.0K Jun 22 20:12 .job.ad
-rw-r--r--  1 shardulr fnalgrid  13K Jun 22 20:12 .machine.ad
-rwx------  1 shardulr fnalgrid   49 Jun 22 20:12 .chirp.config
-rw-------  1 shardulr fnalgrid  11K Jun 22 20:12 x509up
drwxr-xr-x  2 shardulr fnalgrid 4.0K Jun 22 20:12 samples
-rw-r--r--  1 shardulr fnalgrid  62K Jun 22 20:12 singleStopAnalyzer.py
-rw-r--r--  1 shardulr fnalgrid  951 Jun 22 20:12 bJetMatcher.py
-rwxr-xr-x  1 shardulr fnalgrid  705 Jun 22 20:12 condor_exec.exe
-rw-r--r--  1 shardulr fnalgrid    0 Jun 22 20:12 docker_stderror
drwxrwxrwt  3 shardulr fnalgrid 4.0K Jun 22 20:12 var
drwxrwxrwt  2 shardulr fnalgrid 4.0K Jun 22 20:12 tmp
drwxr-xr-x  3 root     root     4.0K Jun 22 20:12 ..
srwxr-xr-x  1 shardulr fnalgrid    0 Jun 22 20:12 .docker_sock
drwxr-xr-x 17 shardulr fnalgrid 4.0K Jun 22 20:13 CMSSW_10_6_19_patch2
drwxr-xr-x  2 shardulr fnalgrid 4.0K Jun 22 20:13 framework
-rw-r--r--  1 shardulr fnalgrid 1.7K Jun 22 20:13 bJetMatcher.pyc
drwxr-xr-x  3 shardulr fnalgrid 4.0K Jun 22 20:13 output
-rw-r--r--  1 shardulr fnalgrid  215 Jun 22 20:13 _condor_stderr
-rw-r--r--  1 shardulr fnalgrid  13K Jun 22 20:16 .update.ad
drwx------  8 shardulr fnalgrid 4.0K Jun 22 20:16 .
-rw-r--r--  1 shardulr fnalgrid 3.5K Jun 22 20:16 _condor_stdout
