[FERMIHTC-APPTAINER]: INFO -- No Apptainer image specified
[FERMIHTC-APPTAINER]: INFO -- Running job on the host machine

[FERMIHTC-APPTAINER]: INFO -- Running ./condor_exec.exe
Starting job on  Thu Jun 22 20:16:34 UTC 2023
Running on: Linux shardulr-32358499-387-cmswn2116.fnal.gov 3.10.0-1160.90.1.el7.x86_64 #1 SMP Thu Apr 27 13:14:20 CDT 2023 x86_64 x86_64 x86_64 GNU/Linux
System software: Scientific Linux release 7.9 (Nitrogen)
Running ls -alrth:
total 156K
-rw-r--r--  1 shardulr fnalgrid  11K Jun 22 20:16 .machine.ad
-rw-r--r--  1 shardulr fnalgrid 5.0K Jun 22 20:16 .job.ad
-rwx------  1 shardulr fnalgrid   49 Jun 22 20:16 .chirp.config
-rw-------  1 shardulr fnalgrid  11K Jun 22 20:16 x509up
drwxr-xr-x  2 shardulr fnalgrid 4.0K Jun 22 20:16 samples
drwxr-xr-x  2 shardulr fnalgrid 4.0K Jun 22 20:16 framework
-rw-r--r--  1 shardulr fnalgrid  62K Jun 22 20:16 singleStopAnalyzer.py
-rw-r--r--  1 shardulr fnalgrid  951 Jun 22 20:16 bJetMatcher.py
-rwxr-xr-x  1 shardulr fnalgrid  705 Jun 22 20:16 condor_exec.exe
-rw-r--r--  1 shardulr fnalgrid    0 Jun 22 20:16 docker_stderror
drwxrwxrwt  3 shardulr fnalgrid 4.0K Jun 22 20:16 var
drwxrwxrwt  2 shardulr fnalgrid 4.0K Jun 22 20:16 tmp
-rw-r--r--  1 shardulr fnalgrid  11K Jun 22 20:16 .update.ad
drwxr-xr-x  3 root     root     4.0K Jun 22 20:16 ..
srwxr-xr-x  1 shardulr fnalgrid    0 Jun 22 20:16 .docker_sock
-rw-r--r--  1 shardulr fnalgrid  113 Jun 22 20:16 _condor_stderr
drwx------  7 shardulr fnalgrid 4.0K Jun 22 20:16 .
drwxr-xr-x 17 shardulr fnalgrid 4.0K Jun 22 20:16 CMSSW_10_6_19_patch2
-rw-r--r--  1 shardulr fnalgrid  454 Jun 22 20:16 _condor_stdout
/storage/local/data1/condor/execute/dir_4730/CMSSW_10_6_19_patch2 is the CMSSW we created on the local worker node
Running over Data2018 files
Blinding data, only using CR cuts (0 loose b's)
Using UL 2018 campaign working points
Pre-select 210300 entries out of 2169733 (9.69%)
Processed    10000/  210300 entries,  4.76% (elapsed time    29.6s, curr speed    0.338 kHz, avg speed    0.338 kHz), accepted     1920/   10001 events (19.20%)
Processed    20000/  210300 entries,  9.51% (elapsed time    58.8s, curr speed    0.343 kHz, avg speed    0.340 kHz), accepted     3840/   20001 events (19.20%)
Processed    30000/  210300 entries, 14.27% (elapsed time    88.9s, curr speed    0.331 kHz, avg speed    0.337 kHz), accepted     5954/   30001 events (19.85%)
Processed    40000/  210300 entries, 19.02% (elapsed time   114.6s, curr speed    0.390 kHz, avg speed    0.349 kHz), accepted     7786/   40001 events (19.46%)
Processed    50000/  210300 entries, 23.78% (elapsed time   138.6s, curr speed    0.417 kHz, avg speed    0.361 kHz), accepted     9600/   50001 events (19.20%)
Processed    60000/  210300 entries, 28.53% (elapsed time   166.9s, curr speed    0.353 kHz, avg speed    0.360 kHz), accepted    11427/   60001 events (19.04%)
Processed    70000/  210300 entries, 33.29% (elapsed time   195.4s, curr speed    0.351 kHz, avg speed    0.358 kHz), accepted    13349/   70001 events (19.07%)
Processed    80000/  210300 entries, 38.04% (elapsed time   224.1s, curr speed    0.347 kHz, avg speed    0.357 kHz), accepted    15359/   80001 events (19.20%)
Processed    90000/  210300 entries, 42.80% (elapsed time   254.5s, curr speed    0.330 kHz, avg speed    0.354 kHz), accepted    17558/   90001 events (19.51%)
Processed   100000/  210300 entries, 47.55% (elapsed time   282.2s, curr speed    0.361 kHz, avg speed    0.354 kHz), accepted    19380/  100001 events (19.38%)
Processed   110000/  210300 entries, 52.31% (elapsed time   312.5s, curr speed    0.330 kHz, avg speed    0.352 kHz), accepted    21681/  110001 events (19.71%)
Processed   120000/  210300 entries, 57.06% (elapsed time   342.0s, curr speed    0.338 kHz, avg speed    0.351 kHz), accepted    23941/  120001 events (19.95%)
Processed   130000/  210300 entries, 61.82% (elapsed time   373.1s, curr speed    0.322 kHz, avg speed    0.348 kHz), accepted    26246/  130001 events (20.19%)
Processed   140000/  210300 entries, 66.57% (elapsed time   402.5s, curr speed    0.340 kHz, avg speed    0.348 kHz), accepted    28330/  140001 events (20.24%)
Processed   150000/  210300 entries, 71.33% (elapsed time   431.8s, curr speed    0.341 kHz, avg speed    0.347 kHz), accepted    30355/  150001 events (20.24%)
Processed   160000/  210300 entries, 76.08% (elapsed time   462.1s, curr speed    0.331 kHz, avg speed    0.346 kHz), accepted    32586/  160001 events (20.37%)
Processed   170000/  210300 entries, 80.84% (elapsed time   492.9s, curr speed    0.324 kHz, avg speed    0.345 kHz), accepted    34955/  170001 events (20.56%)
Processed   180000/  210300 entries, 85.59% (elapsed time   522.5s, curr speed    0.338 kHz, avg speed    0.344 kHz), accepted    37087/  180001 events (20.60%)
Processed   190000/  210300 entries, 90.35% (elapsed time   551.6s, curr speed    0.344 kHz, avg speed    0.344 kHz), accepted    39174/  190001 events (20.62%)
Processed   200000/  210300 entries, 95.10% (elapsed time   581.2s, curr speed    0.338 kHz, avg speed    0.344 kHz), accepted    41307/  200001 events (20.65%)
Processed   210000/  210300 entries, 99.86% (elapsed time   611.6s, curr speed    0.329 kHz, avg speed    0.343 kHz), accepted    43605/  210001 events (20.76%)
Processed 210300 preselected entries from root://cmsxrootd.fnal.gov//store/data/Run2018D/JetHT/NANOAOD/UL2018_MiniAODv2_NanoAODv9-v2/2810000/8E915217-5AD6-F040-AEA4-A2FE432D5709.root (2169733 entries). Finally selected 43686 entries
Total time 623.2 sec. to process 2169733 events. Rate = 3481.8 Hz.
Running pwd:
/storage/local/data1/condor/execute/dir_4730
Running ls -alrth:
total 168K
-rw-r--r--  1 shardulr fnalgrid  11K Jun 22 20:16 .machine.ad
-rw-r--r--  1 shardulr fnalgrid 5.0K Jun 22 20:16 .job.ad
-rwx------  1 shardulr fnalgrid   49 Jun 22 20:16 .chirp.config
-rw-------  1 shardulr fnalgrid  11K Jun 22 20:16 x509up
drwxr-xr-x  2 shardulr fnalgrid 4.0K Jun 22 20:16 samples
-rw-r--r--  1 shardulr fnalgrid  62K Jun 22 20:16 singleStopAnalyzer.py
-rw-r--r--  1 shardulr fnalgrid  951 Jun 22 20:16 bJetMatcher.py
-rwxr-xr-x  1 shardulr fnalgrid  705 Jun 22 20:16 condor_exec.exe
-rw-r--r--  1 shardulr fnalgrid    0 Jun 22 20:16 docker_stderror
drwxrwxrwt  3 shardulr fnalgrid 4.0K Jun 22 20:16 var
drwxrwxrwt  2 shardulr fnalgrid 4.0K Jun 22 20:16 tmp
drwxr-xr-x  3 root     root     4.0K Jun 22 20:16 ..
srwxr-xr-x  1 shardulr fnalgrid    0 Jun 22 20:16 .docker_sock
drwxr-xr-x 17 shardulr fnalgrid 4.0K Jun 22 20:16 CMSSW_10_6_19_patch2
drwxr-xr-x  2 shardulr fnalgrid 4.0K Jun 22 20:16 framework
-rw-r--r--  1 shardulr fnalgrid 1.7K Jun 22 20:16 bJetMatcher.pyc
drwxr-xr-x  3 shardulr fnalgrid 4.0K Jun 22 20:16 output
-rw-r--r--  1 shardulr fnalgrid  215 Jun 22 20:16 _condor_stderr
-rw-r--r--  1 shardulr fnalgrid  11K Jun 22 20:26 .update.ad
drwx------  8 shardulr fnalgrid 4.0K Jun 22 20:26 .
-rw-r--r--  1 shardulr fnalgrid 5.6K Jun 22 20:27 _condor_stdout
