[FERMIHTC-APPTAINER]: INFO -- No Apptainer image specified
[FERMIHTC-APPTAINER]: INFO -- Running job on the host machine

[FERMIHTC-APPTAINER]: INFO -- Running ./condor_exec.exe
Starting job on  Thu Jun 22 20:10:49 UTC 2023
Running on: Linux shardulr-32358499-106-cmswn2039.fnal.gov 3.10.0-1160.90.1.el7.x86_64 #1 SMP Thu Apr 27 13:14:20 CDT 2023 x86_64 x86_64 x86_64 GNU/Linux
System software: Scientific Linux release 7.9 (Nitrogen)
Running ls -alrth:
total 164K
-rw-r--r--  1 shardulr fnalgrid 5.0K Jun 22 20:10 .job.ad
-rw-r--r--  1 shardulr fnalgrid  13K Jun 22 20:10 .machine.ad
-rwx------  1 shardulr fnalgrid   49 Jun 22 20:10 .chirp.config
-rw-------  1 shardulr fnalgrid  11K Jun 22 20:10 x509up
drwxr-xr-x  2 shardulr fnalgrid 4.0K Jun 22 20:10 samples
-rw-r--r--  1 shardulr fnalgrid  62K Jun 22 20:10 singleStopAnalyzer.py
drwxr-xr-x  2 shardulr fnalgrid 4.0K Jun 22 20:10 framework
-rwxr-xr-x  1 shardulr fnalgrid  705 Jun 22 20:10 condor_exec.exe
-rw-r--r--  1 shardulr fnalgrid  951 Jun 22 20:10 bJetMatcher.py
-rw-r--r--  1 shardulr fnalgrid    0 Jun 22 20:10 docker_stderror
drwxrwxrwt  3 shardulr fnalgrid 4.0K Jun 22 20:10 var
drwxrwxrwt  2 shardulr fnalgrid 4.0K Jun 22 20:10 tmp
-rw-r--r--  1 shardulr fnalgrid  13K Jun 22 20:10 .update.ad
drwxr-xr-x  3 root     root     4.0K Jun 22 20:10 ..
srwxr-xr-x  1 shardulr fnalgrid    0 Jun 22 20:10 .docker_sock
-rw-r--r--  1 shardulr fnalgrid  113 Jun 22 20:10 _condor_stderr
drwx------  7 shardulr fnalgrid 4.0K Jun 22 20:10 .
drwxr-xr-x 17 shardulr fnalgrid 4.0K Jun 22 20:10 CMSSW_10_6_19_patch2
-rw-r--r--  1 shardulr fnalgrid  454 Jun 22 20:10 _condor_stdout
/storage/local/data1/condor/execute/dir_24091/CMSSW_10_6_19_patch2 is the CMSSW we created on the local worker node
Running over Data2018 files
Blinding data, only using CR cuts (0 loose b's)
Using UL 2018 campaign working points
Pre-select 121492 entries out of 1308553 (9.28%)
Processed    10000/  121492 entries,  8.23% (elapsed time    29.2s, curr speed    0.342 kHz, avg speed    0.342 kHz), accepted     1840/   10001 events (18.40%)
Processed    20000/  121492 entries, 16.46% (elapsed time    58.7s, curr speed    0.340 kHz, avg speed    0.341 kHz), accepted     3819/   20001 events (19.09%)
Processed    30000/  121492 entries, 24.69% (elapsed time    88.9s, curr speed    0.331 kHz, avg speed    0.337 kHz), accepted     5971/   30001 events (19.90%)
Processed    40000/  121492 entries, 32.92% (elapsed time   118.4s, curr speed    0.339 kHz, avg speed    0.338 kHz), accepted     8078/   40001 events (20.19%)
Processed    50000/  121492 entries, 41.15% (elapsed time   148.1s, curr speed    0.336 kHz, avg speed    0.338 kHz), accepted    10089/   50001 events (20.18%)
Processed    60000/  121492 entries, 49.39% (elapsed time   177.7s, curr speed    0.338 kHz, avg speed    0.338 kHz), accepted    12143/   60001 events (20.24%)
Processed    70000/  121492 entries, 57.62% (elapsed time   205.4s, curr speed    0.361 kHz, avg speed    0.341 kHz), accepted    14137/   70001 events (20.20%)
Processed    80000/  121492 entries, 65.85% (elapsed time   234.6s, curr speed    0.343 kHz, avg speed    0.341 kHz), accepted    16111/   80001 events (20.14%)
Processed    90000/  121492 entries, 74.08% (elapsed time   263.6s, curr speed    0.344 kHz, avg speed    0.341 kHz), accepted    18122/   90001 events (20.14%)
Processed   100000/  121492 entries, 82.31% (elapsed time   292.4s, curr speed    0.348 kHz, avg speed    0.342 kHz), accepted    20072/  100001 events (20.07%)
Processed   110000/  121492 entries, 90.54% (elapsed time   321.7s, curr speed    0.340 kHz, avg speed    0.342 kHz), accepted    22084/  110001 events (20.08%)
Processed   120000/  121492 entries, 98.77% (elapsed time   350.9s, curr speed    0.344 kHz, avg speed    0.342 kHz), accepted    24013/  120001 events (20.01%)
Processed 121492 preselected entries from root://cmsxrootd.fnal.gov//store/data/Run2018A/JetHT/NANOAOD/UL2018_MiniAODv2_NanoAODv9-v2/250000/086B75A4-5A54-7249-B1F1-17BF98CD5A9D.root (1308553 entries). Finally selected 24352 entries
Total time 361.9 sec. to process 1308553 events. Rate = 3616.3 Hz.
Running pwd:
/storage/local/data1/condor/execute/dir_24091
Running ls -alrth:
total 176K
-rw-r--r--  1 shardulr fnalgrid 5.0K Jun 22 20:10 .job.ad
-rw-r--r--  1 shardulr fnalgrid  13K Jun 22 20:10 .machine.ad
-rwx------  1 shardulr fnalgrid   49 Jun 22 20:10 .chirp.config
-rw-------  1 shardulr fnalgrid  11K Jun 22 20:10 x509up
drwxr-xr-x  2 shardulr fnalgrid 4.0K Jun 22 20:10 samples
-rw-r--r--  1 shardulr fnalgrid  62K Jun 22 20:10 singleStopAnalyzer.py
-rwxr-xr-x  1 shardulr fnalgrid  705 Jun 22 20:10 condor_exec.exe
-rw-r--r--  1 shardulr fnalgrid  951 Jun 22 20:10 bJetMatcher.py
-rw-r--r--  1 shardulr fnalgrid    0 Jun 22 20:10 docker_stderror
drwxrwxrwt  3 shardulr fnalgrid 4.0K Jun 22 20:10 var
drwxrwxrwt  2 shardulr fnalgrid 4.0K Jun 22 20:10 tmp
drwxr-xr-x  3 root     root     4.0K Jun 22 20:10 ..
srwxr-xr-x  1 shardulr fnalgrid    0 Jun 22 20:10 .docker_sock
drwxr-xr-x 17 shardulr fnalgrid 4.0K Jun 22 20:10 CMSSW_10_6_19_patch2
drwxr-xr-x  2 shardulr fnalgrid 4.0K Jun 22 20:10 framework
-rw-r--r--  1 shardulr fnalgrid 1.7K Jun 22 20:10 bJetMatcher.pyc
drwxr-xr-x  3 shardulr fnalgrid 4.0K Jun 22 20:10 output
-rw-r--r--  1 shardulr fnalgrid  215 Jun 22 20:10 _condor_stderr
-rw-r--r--  1 shardulr fnalgrid  13K Jun 22 20:16 .update.ad
drwx------  8 shardulr fnalgrid 4.0K Jun 22 20:16 .
-rw-r--r--  1 shardulr fnalgrid 4.1K Jun 22 20:16 _condor_stdout
