[FERMIHTC-APPTAINER]: INFO -- No Apptainer image specified
[FERMIHTC-APPTAINER]: INFO -- Running job on the host machine

[FERMIHTC-APPTAINER]: INFO -- Running ./condor_exec.exe
Starting job on  Thu Jun 22 20:12:30 UTC 2023
Running on: Linux shardulr-32358499-167-cmswn2077.fnal.gov 3.10.0-1160.90.1.el7.x86_64 #1 SMP Thu Apr 27 13:14:20 CDT 2023 x86_64 x86_64 x86_64 GNU/Linux
System software: Scientific Linux release 7.9 (Nitrogen)
Running ls -alrth:
total 164K
-rw-r--r--  1 shardulr fnalgrid 5.1K Jun 22 20:11 .job.ad
-rw-r--r--  1 shardulr fnalgrid  14K Jun 22 20:11 .machine.ad
-rwx------  1 shardulr fnalgrid   49 Jun 22 20:11 .chirp.config
-rw-------  1 shardulr fnalgrid  11K Jun 22 20:11 x509up
drwxr-xr-x  2 shardulr fnalgrid 4.0K Jun 22 20:11 samples
drwxr-xr-x  2 shardulr fnalgrid 4.0K Jun 22 20:11 framework
-rw-r--r--  1 shardulr fnalgrid  62K Jun 22 20:11 singleStopAnalyzer.py
-rwxr-xr-x  1 shardulr fnalgrid  705 Jun 22 20:11 condor_exec.exe
-rw-r--r--  1 shardulr fnalgrid  951 Jun 22 20:11 bJetMatcher.py
-rw-r--r--  1 shardulr fnalgrid    0 Jun 22 20:11 docker_stderror
drwxrwxrwt  3 shardulr fnalgrid 4.0K Jun 22 20:11 var
drwxrwxrwt  2 shardulr fnalgrid 4.0K Jun 22 20:11 tmp
-rw-r--r--  1 shardulr fnalgrid  13K Jun 22 20:11 .update.ad
drwxr-xr-x  3 root     root     4.0K Jun 22 20:11 ..
srwxr-xr-x  1 shardulr fnalgrid    0 Jun 22 20:11 .docker_sock
-rw-r--r--  1 shardulr fnalgrid  113 Jun 22 20:12 _condor_stderr
drwx------  7 shardulr fnalgrid 4.0K Jun 22 20:12 .
drwxr-xr-x 17 shardulr fnalgrid 4.0K Jun 22 20:12 CMSSW_10_6_19_patch2
-rw-r--r--  1 shardulr fnalgrid  454 Jun 22 20:12 _condor_stdout
/storage/local/data1/condor/execute/dir_31621/CMSSW_10_6_19_patch2 is the CMSSW we created on the local worker node
Running over Data2018 files
Blinding data, only using CR cuts (0 loose b's)
Using UL 2018 campaign working points
Pre-select 134241 entries out of 1434505 (9.36%)
Processed    10000/  134241 entries,  7.45% (elapsed time    39.8s, curr speed    0.251 kHz, avg speed    0.251 kHz), accepted     1491/   10001 events (14.91%)
Processed    20000/  134241 entries, 14.90% (elapsed time    77.9s, curr speed    0.262 kHz, avg speed    0.257 kHz), accepted     2983/   20001 events (14.91%)
Processed    30000/  134241 entries, 22.35% (elapsed time   117.0s, curr speed    0.256 kHz, avg speed    0.256 kHz), accepted     4628/   30001 events (15.43%)
Processed    40000/  134241 entries, 29.80% (elapsed time   158.5s, curr speed    0.241 kHz, avg speed    0.252 kHz), accepted     6448/   40001 events (16.12%)
Processed    50000/  134241 entries, 37.25% (elapsed time   199.5s, curr speed    0.244 kHz, avg speed    0.251 kHz), accepted     8383/   50001 events (16.77%)
Processed    60000/  134241 entries, 44.70% (elapsed time   240.0s, curr speed    0.247 kHz, avg speed    0.250 kHz), accepted    10141/   60001 events (16.90%)
Processed    70000/  134241 entries, 52.15% (elapsed time   280.1s, curr speed    0.250 kHz, avg speed    0.250 kHz), accepted    11572/   70001 events (16.53%)
Processed    80000/  134241 entries, 59.59% (elapsed time   324.5s, curr speed    0.225 kHz, avg speed    0.247 kHz), accepted    13262/   80001 events (16.58%)
Processed    90000/  134241 entries, 67.04% (elapsed time   367.9s, curr speed    0.231 kHz, avg speed    0.245 kHz), accepted    14651/   90001 events (16.28%)
Processed   100000/  134241 entries, 74.49% (elapsed time   413.4s, curr speed    0.220 kHz, avg speed    0.242 kHz), accepted    16271/  100001 events (16.27%)
Processed   110000/  134241 entries, 81.94% (elapsed time   453.3s, curr speed    0.251 kHz, avg speed    0.243 kHz), accepted    17802/  110001 events (16.18%)
Processed   120000/  134241 entries, 89.39% (elapsed time   492.7s, curr speed    0.253 kHz, avg speed    0.244 kHz), accepted    19481/  120001 events (16.23%)
Processed   130000/  134241 entries, 96.84% (elapsed time   532.1s, curr speed    0.254 kHz, avg speed    0.244 kHz), accepted    21085/  130001 events (16.22%)
Processed 134241 preselected entries from root://cmsxrootd.fnal.gov//store/data/Run2018B/JetHT/NANOAOD/UL2018_MiniAODv2_NanoAODv9-v1/120000/20D1A620-6182-5F43-BB1A-45469A1A820A.root (1434505 entries). Finally selected 21786 entries
Total time 613.0 sec. to process 1434505 events. Rate = 2340.2 Hz.
Running pwd:
/storage/local/data1/condor/execute/dir_31621
Running ls -alrth:
total 176K
-rw-r--r--  1 shardulr fnalgrid 5.1K Jun 22 20:11 .job.ad
-rw-r--r--  1 shardulr fnalgrid  14K Jun 22 20:11 .machine.ad
-rwx------  1 shardulr fnalgrid   49 Jun 22 20:11 .chirp.config
-rw-------  1 shardulr fnalgrid  11K Jun 22 20:11 x509up
drwxr-xr-x  2 shardulr fnalgrid 4.0K Jun 22 20:11 samples
-rw-r--r--  1 shardulr fnalgrid  62K Jun 22 20:11 singleStopAnalyzer.py
-rwxr-xr-x  1 shardulr fnalgrid  705 Jun 22 20:11 condor_exec.exe
-rw-r--r--  1 shardulr fnalgrid  951 Jun 22 20:11 bJetMatcher.py
-rw-r--r--  1 shardulr fnalgrid    0 Jun 22 20:11 docker_stderror
drwxrwxrwt  3 shardulr fnalgrid 4.0K Jun 22 20:11 var
drwxrwxrwt  2 shardulr fnalgrid 4.0K Jun 22 20:11 tmp
drwxr-xr-x  3 root     root     4.0K Jun 22 20:11 ..
srwxr-xr-x  1 shardulr fnalgrid    0 Jun 22 20:11 .docker_sock
-rw-r--r--  1 shardulr fnalgrid  113 Jun 22 20:12 _condor_stderr
drwxr-xr-x 17 shardulr fnalgrid 4.0K Jun 22 20:12 CMSSW_10_6_19_patch2
drwxr-xr-x  2 shardulr fnalgrid 4.0K Jun 22 20:12 framework
-rw-r--r--  1 shardulr fnalgrid 1.7K Jun 22 20:12 bJetMatcher.pyc
drwxr-xr-x  3 shardulr fnalgrid 4.0K Jun 22 20:12 output
-rw-r--r--  1 shardulr fnalgrid  13K Jun 22 20:22 .update.ad
drwx------  8 shardulr fnalgrid 4.0K Jun 22 20:22 .
-rw-r--r--  1 shardulr fnalgrid 4.3K Jun 22 20:22 _condor_stdout
