[FERMIHTC-APPTAINER]: INFO -- No Apptainer image specified
[FERMIHTC-APPTAINER]: INFO -- Running job on the host machine

[FERMIHTC-APPTAINER]: INFO -- Running ./condor_exec.exe
Starting job on  Thu Jun 22 20:10:26 UTC 2023
Running on: Linux shardulr-32358499-64-cmswn2019.fnal.gov 3.10.0-1160.90.1.el7.x86_64 #1 SMP Thu Apr 27 13:14:20 CDT 2023 x86_64 x86_64 x86_64 GNU/Linux
System software: Scientific Linux release 7.9 (Nitrogen)
Running ls -alrth:
total 164K
-rw-r--r--  1 shardulr fnalgrid 5.0K Jun 22 20:10 .job.ad
-rw-r--r--  1 shardulr fnalgrid  14K Jun 22 20:10 .machine.ad
-rwx------  1 shardulr fnalgrid   49 Jun 22 20:10 .chirp.config
-rw-------  1 shardulr fnalgrid  11K Jun 22 20:10 x509up
drwxr-xr-x  2 shardulr fnalgrid 4.0K Jun 22 20:10 samples
drwxr-xr-x  2 shardulr fnalgrid 4.0K Jun 22 20:10 framework
-rw-r--r--  1 shardulr fnalgrid  62K Jun 22 20:10 singleStopAnalyzer.py
-rwxr-xr-x  1 shardulr fnalgrid  704 Jun 22 20:10 condor_exec.exe
-rw-r--r--  1 shardulr fnalgrid  951 Jun 22 20:10 bJetMatcher.py
-rw-r--r--  1 shardulr fnalgrid    0 Jun 22 20:10 docker_stderror
drwxrwxrwt  3 shardulr fnalgrid 4.0K Jun 22 20:10 var
drwxrwxrwt  2 shardulr fnalgrid 4.0K Jun 22 20:10 tmp
-rw-r--r--  1 shardulr fnalgrid  13K Jun 22 20:10 .update.ad
drwxr-xr-x  3 root     root     4.0K Jun 22 20:10 ..
srwxr-xr-x  1 shardulr fnalgrid    0 Jun 22 20:10 .docker_sock
-rw-r--r--  1 shardulr fnalgrid  113 Jun 22 20:10 _condor_stderr
drwx------  7 shardulr fnalgrid 4.0K Jun 22 20:10 .
drwxr-xr-x 17 shardulr fnalgrid 4.0K Jun 22 20:10 CMSSW_10_6_19_patch2
-rw-r--r--  1 shardulr fnalgrid  453 Jun 22 20:10 _condor_stdout
/storage/local/data1/condor/execute/dir_16083/CMSSW_10_6_19_patch2 is the CMSSW we created on the local worker node
Running over Data2018 files
Blinding data, only using CR cuts (0 loose b's)
Using UL 2018 campaign working points
Pre-select 83961 entries out of 986480 (8.51%)
Processed    10000/   83961 entries, 11.91% (elapsed time    25.7s, curr speed    0.389 kHz, avg speed    0.389 kHz), accepted     1672/   10001 events (16.72%)
Processed    20000/   83961 entries, 23.82% (elapsed time    50.9s, curr speed    0.397 kHz, avg speed    0.393 kHz), accepted     3771/   20001 events (18.85%)
Processed    30000/   83961 entries, 35.73% (elapsed time    75.2s, curr speed    0.412 kHz, avg speed    0.399 kHz), accepted     5643/   30001 events (18.81%)
Processed    40000/   83961 entries, 47.64% (elapsed time   100.4s, curr speed    0.397 kHz, avg speed    0.398 kHz), accepted     7743/   40001 events (19.36%)
Processed    50000/   83961 entries, 59.55% (elapsed time   122.4s, curr speed    0.454 kHz, avg speed    0.408 kHz), accepted     9390/   50001 events (18.78%)
Processed    60000/   83961 entries, 71.46% (elapsed time   146.4s, curr speed    0.417 kHz, avg speed    0.410 kHz), accepted    11381/   60001 events (18.97%)
Processed    70000/   83961 entries, 83.37% (elapsed time   171.4s, curr speed    0.400 kHz, avg speed    0.408 kHz), accepted    13628/   70001 events (19.47%)
Processed    80000/   83961 entries, 95.28% (elapsed time   195.7s, curr speed    0.411 kHz, avg speed    0.409 kHz), accepted    15778/   80001 events (19.72%)
Processed 83961 preselected entries from root://cmsxrootd.fnal.gov//store/data/Run2018A/JetHT/NANOAOD/UL2018_MiniAODv2_NanoAODv9-v2/250000/2BCA88DE-3A2A-6645-AAAD-80FBBE805207.root (986480 entries). Finally selected 16780 entries
Total time 216.1 sec. to process 986480 events. Rate = 4564.0 Hz.
Running pwd:
/storage/local/data1/condor/execute/dir_16083
Running ls -alrth:
total 172K
-rw-r--r--  1 shardulr fnalgrid 5.0K Jun 22 20:10 .job.ad
-rw-r--r--  1 shardulr fnalgrid  14K Jun 22 20:10 .machine.ad
-rwx------  1 shardulr fnalgrid   49 Jun 22 20:10 .chirp.config
-rw-------  1 shardulr fnalgrid  11K Jun 22 20:10 x509up
drwxr-xr-x  2 shardulr fnalgrid 4.0K Jun 22 20:10 samples
-rw-r--r--  1 shardulr fnalgrid  62K Jun 22 20:10 singleStopAnalyzer.py
-rwxr-xr-x  1 shardulr fnalgrid  704 Jun 22 20:10 condor_exec.exe
-rw-r--r--  1 shardulr fnalgrid  951 Jun 22 20:10 bJetMatcher.py
-rw-r--r--  1 shardulr fnalgrid    0 Jun 22 20:10 docker_stderror
drwxrwxrwt  3 shardulr fnalgrid 4.0K Jun 22 20:10 var
drwxrwxrwt  2 shardulr fnalgrid 4.0K Jun 22 20:10 tmp
drwxr-xr-x  3 root     root     4.0K Jun 22 20:10 ..
srwxr-xr-x  1 shardulr fnalgrid    0 Jun 22 20:10 .docker_sock
drwxr-xr-x 17 shardulr fnalgrid 4.0K Jun 22 20:10 CMSSW_10_6_19_patch2
drwxr-xr-x  2 shardulr fnalgrid 4.0K Jun 22 20:10 framework
-rw-r--r--  1 shardulr fnalgrid 1.7K Jun 22 20:10 bJetMatcher.pyc
drwxr-xr-x  3 shardulr fnalgrid 4.0K Jun 22 20:10 output
-rw-r--r--  1 shardulr fnalgrid  215 Jun 22 20:10 _condor_stderr
-rw-r--r--  1 shardulr fnalgrid  13K Jun 22 20:13 .update.ad
drwx------  8 shardulr fnalgrid 4.0K Jun 22 20:13 .
-rw-r--r--  1 shardulr fnalgrid 3.5K Jun 22 20:14 _condor_stdout
