[FERMIHTC-APPTAINER]: INFO -- No Apptainer image specified
[FERMIHTC-APPTAINER]: INFO -- Running job on the host machine

[FERMIHTC-APPTAINER]: INFO -- Running ./condor_exec.exe
Starting job on  Thu Jun 22 20:18:12 UTC 2023
Running on: Linux shardulr-32358499-460-cmswn2064.fnal.gov 3.10.0-1160.90.1.el7.x86_64 #1 SMP Thu Apr 27 13:14:20 CDT 2023 x86_64 x86_64 x86_64 GNU/Linux
System software: Scientific Linux release 7.9 (Nitrogen)
Running ls -alrth:
total 164K
-rw-r--r--  1 shardulr fnalgrid 5.0K Jun 22 20:17 .job.ad
-rw-r--r--  1 shardulr fnalgrid  13K Jun 22 20:17 .machine.ad
-rwx------  1 shardulr fnalgrid   49 Jun 22 20:17 .chirp.config
-rw-------  1 shardulr fnalgrid  11K Jun 22 20:17 x509up
drwxr-xr-x  2 shardulr fnalgrid 4.0K Jun 22 20:17 samples
-rw-r--r--  1 shardulr fnalgrid  62K Jun 22 20:17 singleStopAnalyzer.py
drwxr-xr-x  2 shardulr fnalgrid 4.0K Jun 22 20:17 framework
-rwxr-xr-x  1 shardulr fnalgrid  705 Jun 22 20:17 condor_exec.exe
-rw-r--r--  1 shardulr fnalgrid  951 Jun 22 20:17 bJetMatcher.py
-rw-r--r--  1 shardulr fnalgrid    0 Jun 22 20:17 docker_stderror
drwxrwxrwt  3 shardulr fnalgrid 4.0K Jun 22 20:17 var
drwxrwxrwt  2 shardulr fnalgrid 4.0K Jun 22 20:17 tmp
-rw-r--r--  1 shardulr fnalgrid  13K Jun 22 20:17 .update.ad
drwxr-xr-x  3 root     root     4.0K Jun 22 20:18 ..
srwxr-xr-x  1 shardulr fnalgrid    0 Jun 22 20:18 .docker_sock
-rw-r--r--  1 shardulr fnalgrid  113 Jun 22 20:18 _condor_stderr
drwx------  7 shardulr fnalgrid 4.0K Jun 22 20:18 .
drwxr-xr-x 17 shardulr fnalgrid 4.0K Jun 22 20:18 CMSSW_10_6_19_patch2
-rw-r--r--  1 shardulr fnalgrid  454 Jun 22 20:18 _condor_stdout
/storage/local/data1/condor/execute/dir_46430/CMSSW_10_6_19_patch2 is the CMSSW we created on the local worker node
Running over Data2018 files
Blinding data, only using CR cuts (0 loose b's)
Using UL 2018 campaign working points
Pre-select 202820 entries out of 2048552 (9.90%)
Processed    10000/  202820 entries,  4.93% (elapsed time    29.6s, curr speed    0.338 kHz, avg speed    0.338 kHz), accepted     2129/   10001 events (21.29%)
Processed    20000/  202820 entries,  9.86% (elapsed time    60.2s, curr speed    0.327 kHz, avg speed    0.332 kHz), accepted     4360/   20001 events (21.80%)
Processed    30000/  202820 entries, 14.79% (elapsed time    90.4s, curr speed    0.331 kHz, avg speed    0.332 kHz), accepted     6459/   30001 events (21.53%)
Processed    40000/  202820 entries, 19.72% (elapsed time   119.6s, curr speed    0.342 kHz, avg speed    0.334 kHz), accepted     8660/   40001 events (21.65%)
Processed    50000/  202820 entries, 24.65% (elapsed time   148.7s, curr speed    0.344 kHz, avg speed    0.336 kHz), accepted    10878/   50001 events (21.76%)
Processed    60000/  202820 entries, 29.58% (elapsed time   178.4s, curr speed    0.336 kHz, avg speed    0.336 kHz), accepted    13094/   60001 events (21.82%)
Processed    70000/  202820 entries, 34.51% (elapsed time   207.8s, curr speed    0.340 kHz, avg speed    0.337 kHz), accepted    15251/   70001 events (21.79%)
Processed    80000/  202820 entries, 39.44% (elapsed time   237.9s, curr speed    0.333 kHz, avg speed    0.336 kHz), accepted    17507/   80001 events (21.88%)
Processed    90000/  202820 entries, 44.37% (elapsed time   267.6s, curr speed    0.337 kHz, avg speed    0.336 kHz), accepted    19682/   90001 events (21.87%)
Processed   100000/  202820 entries, 49.30% (elapsed time   296.5s, curr speed    0.346 kHz, avg speed    0.337 kHz), accepted    21773/  100001 events (21.77%)
Processed   110000/  202820 entries, 54.24% (elapsed time   324.8s, curr speed    0.353 kHz, avg speed    0.339 kHz), accepted    23806/  110001 events (21.64%)
Processed   120000/  202820 entries, 59.17% (elapsed time   353.5s, curr speed    0.349 kHz, avg speed    0.339 kHz), accepted    25826/  120001 events (21.52%)
Processed   130000/  202820 entries, 64.10% (elapsed time   382.1s, curr speed    0.350 kHz, avg speed    0.340 kHz), accepted    27869/  130001 events (21.44%)
Processed   140000/  202820 entries, 69.03% (elapsed time   411.0s, curr speed    0.346 kHz, avg speed    0.341 kHz), accepted    29688/  140001 events (21.21%)
Processed   150000/  202820 entries, 73.96% (elapsed time   440.9s, curr speed    0.334 kHz, avg speed    0.340 kHz), accepted    31638/  150001 events (21.09%)
Processed   160000/  202820 entries, 78.89% (elapsed time   469.1s, curr speed    0.354 kHz, avg speed    0.341 kHz), accepted    33356/  160001 events (20.85%)
Processed   170000/  202820 entries, 83.82% (elapsed time   498.5s, curr speed    0.340 kHz, avg speed    0.341 kHz), accepted    35336/  170001 events (20.79%)
Processed   180000/  202820 entries, 88.75% (elapsed time   527.7s, curr speed    0.343 kHz, avg speed    0.341 kHz), accepted    37330/  180001 events (20.74%)
Processed   190000/  202820 entries, 93.68% (elapsed time   556.3s, curr speed    0.350 kHz, avg speed    0.342 kHz), accepted    39103/  190001 events (20.58%)
Processed   200000/  202820 entries, 98.61% (elapsed time   583.1s, curr speed    0.373 kHz, avg speed    0.343 kHz), accepted    40984/  200001 events (20.49%)
Processed 202820 preselected entries from root://cmsxrootd.fnal.gov//store/data/Run2018D/JetHT/NANOAOD/UL2018_MiniAODv2_NanoAODv9-v2/2430000/7196BC3A-D390-1C46-A8A2-9D0886755CD0.root (2048552 entries). Finally selected 41610 entries
Total time 617.2 sec. to process 2048552 events. Rate = 3319.0 Hz.
Running pwd:
/storage/local/data1/condor/execute/dir_46430
Running ls -alrth:
total 176K
-rw-r--r--  1 shardulr fnalgrid 5.0K Jun 22 20:17 .job.ad
-rw-r--r--  1 shardulr fnalgrid  13K Jun 22 20:17 .machine.ad
-rwx------  1 shardulr fnalgrid   49 Jun 22 20:17 .chirp.config
-rw-------  1 shardulr fnalgrid  11K Jun 22 20:17 x509up
drwxr-xr-x  2 shardulr fnalgrid 4.0K Jun 22 20:17 samples
-rw-r--r--  1 shardulr fnalgrid  62K Jun 22 20:17 singleStopAnalyzer.py
-rwxr-xr-x  1 shardulr fnalgrid  705 Jun 22 20:17 condor_exec.exe
-rw-r--r--  1 shardulr fnalgrid  951 Jun 22 20:17 bJetMatcher.py
-rw-r--r--  1 shardulr fnalgrid    0 Jun 22 20:17 docker_stderror
drwxrwxrwt  3 shardulr fnalgrid 4.0K Jun 22 20:17 var
drwxrwxrwt  2 shardulr fnalgrid 4.0K Jun 22 20:17 tmp
drwxr-xr-x  3 root     root     4.0K Jun 22 20:18 ..
srwxr-xr-x  1 shardulr fnalgrid    0 Jun 22 20:18 .docker_sock
drwxr-xr-x 17 shardulr fnalgrid 4.0K Jun 22 20:18 CMSSW_10_6_19_patch2
drwxr-xr-x  2 shardulr fnalgrid 4.0K Jun 22 20:18 framework
-rw-r--r--  1 shardulr fnalgrid 1.7K Jun 22 20:18 bJetMatcher.pyc
drwxr-xr-x  3 shardulr fnalgrid 4.0K Jun 22 20:18 output
-rw-r--r--  1 shardulr fnalgrid  215 Jun 22 20:18 _condor_stderr
-rw-r--r--  1 shardulr fnalgrid  13K Jun 22 20:28 .update.ad
drwx------  8 shardulr fnalgrid 4.0K Jun 22 20:28 .
-rw-r--r--  1 shardulr fnalgrid 5.4K Jun 22 20:28 _condor_stdout
