[FERMIHTC-APPTAINER]: INFO -- No Apptainer image specified
[FERMIHTC-APPTAINER]: INFO -- Running job on the host machine

[FERMIHTC-APPTAINER]: INFO -- Running ./condor_exec.exe
Starting job on  Thu Jun 22 20:14:31 UTC 2023
Running on: Linux shardulr-32358499-290-cmswn2059.fnal.gov 3.10.0-1160.90.1.el7.x86_64 #1 SMP Thu Apr 27 13:14:20 CDT 2023 x86_64 x86_64 x86_64 GNU/Linux
System software: Scientific Linux release 7.9 (Nitrogen)
Running ls -alrth:
total 156K
-rw-r--r--  1 shardulr fnalgrid 5.0K Jun 22 20:14 .job.ad
-rw-r--r--  1 shardulr fnalgrid  12K Jun 22 20:14 .machine.ad
-rwx------  1 shardulr fnalgrid   49 Jun 22 20:14 .chirp.config
-rw-------  1 shardulr fnalgrid  11K Jun 22 20:14 x509up
drwxr-xr-x  2 shardulr fnalgrid 4.0K Jun 22 20:14 samples
drwxr-xr-x  2 shardulr fnalgrid 4.0K Jun 22 20:14 framework
-rw-r--r--  1 shardulr fnalgrid  62K Jun 22 20:14 singleStopAnalyzer.py
-rw-r--r--  1 shardulr fnalgrid  951 Jun 22 20:14 bJetMatcher.py
-rwxr-xr-x  1 shardulr fnalgrid  705 Jun 22 20:14 condor_exec.exe
-rw-r--r--  1 shardulr fnalgrid    0 Jun 22 20:14 docker_stderror
drwxrwxrwt  3 shardulr fnalgrid 4.0K Jun 22 20:14 var
drwxrwxrwt  2 shardulr fnalgrid 4.0K Jun 22 20:14 tmp
-rw-r--r--  1 shardulr fnalgrid  12K Jun 22 20:14 .update.ad
drwxr-xr-x  3 root     root     4.0K Jun 22 20:14 ..
srwxr-xr-x  1 shardulr fnalgrid    0 Jun 22 20:14 .docker_sock
-rw-r--r--  1 shardulr fnalgrid  113 Jun 22 20:14 _condor_stderr
drwx------  7 shardulr fnalgrid 4.0K Jun 22 20:14 .
drwxr-xr-x 17 shardulr fnalgrid 4.0K Jun 22 20:14 CMSSW_10_6_19_patch2
-rw-r--r--  1 shardulr fnalgrid  454 Jun 22 20:14 _condor_stdout
/storage/local/data1/condor/execute/dir_4308/CMSSW_10_6_19_patch2 is the CMSSW we created on the local worker node
Running over Data2018 files
Blinding data, only using CR cuts (0 loose b's)
Using UL 2018 campaign working points
Pre-select 235676 entries out of 2396408 (9.83%)
Processed    10000/  235676 entries,  4.24% (elapsed time    32.5s, curr speed    0.308 kHz, avg speed    0.308 kHz), accepted     2115/   10001 events (21.15%)
Processed    20000/  235676 entries,  8.49% (elapsed time    63.1s, curr speed    0.327 kHz, avg speed    0.317 kHz), accepted     4111/   20001 events (20.55%)
Processed    30000/  235676 entries, 12.73% (elapsed time    94.2s, curr speed    0.322 kHz, avg speed    0.318 kHz), accepted     6157/   30001 events (20.52%)
Processed    40000/  235676 entries, 16.97% (elapsed time   124.3s, curr speed    0.332 kHz, avg speed    0.322 kHz), accepted     8391/   40001 events (20.98%)
Processed    50000/  235676 entries, 21.22% (elapsed time   154.4s, curr speed    0.333 kHz, avg speed    0.324 kHz), accepted    10354/   50001 events (20.71%)
Processed    60000/  235676 entries, 25.46% (elapsed time   185.4s, curr speed    0.322 kHz, avg speed    0.324 kHz), accepted    12262/   60001 events (20.44%)
Processed    70000/  235676 entries, 29.70% (elapsed time   216.9s, curr speed    0.318 kHz, avg speed    0.323 kHz), accepted    14263/   70001 events (20.38%)
Processed    80000/  235676 entries, 33.94% (elapsed time   247.9s, curr speed    0.322 kHz, avg speed    0.323 kHz), accepted    16216/   80001 events (20.27%)
Processed    90000/  235676 entries, 38.19% (elapsed time   279.6s, curr speed    0.316 kHz, avg speed    0.322 kHz), accepted    18275/   90001 events (20.31%)
Processed   100000/  235676 entries, 42.43% (elapsed time   311.3s, curr speed    0.315 kHz, avg speed    0.321 kHz), accepted    20318/  100001 events (20.32%)
Processed   110000/  235676 entries, 46.67% (elapsed time   343.1s, curr speed    0.314 kHz, avg speed    0.321 kHz), accepted    22339/  110001 events (20.31%)
Processed   120000/  235676 entries, 50.92% (elapsed time   376.0s, curr speed    0.304 kHz, avg speed    0.319 kHz), accepted    24511/  120001 events (20.43%)
Processed   130000/  235676 entries, 55.16% (elapsed time   409.3s, curr speed    0.301 kHz, avg speed    0.318 kHz), accepted    26741/  130001 events (20.57%)
Processed   140000/  235676 entries, 59.40% (elapsed time   442.5s, curr speed    0.301 kHz, avg speed    0.316 kHz), accepted    29019/  140001 events (20.73%)
Processed   150000/  235676 entries, 63.65% (elapsed time   475.2s, curr speed    0.306 kHz, avg speed    0.316 kHz), accepted    31240/  150001 events (20.83%)
Processed   160000/  235676 entries, 67.89% (elapsed time   507.7s, curr speed    0.307 kHz, avg speed    0.315 kHz), accepted    33488/  160001 events (20.93%)
Processed   170000/  235676 entries, 72.13% (elapsed time   540.9s, curr speed    0.301 kHz, avg speed    0.314 kHz), accepted    35780/  170001 events (21.05%)
Processed   180000/  235676 entries, 76.38% (elapsed time   574.0s, curr speed    0.302 kHz, avg speed    0.314 kHz), accepted    38051/  180001 events (21.14%)
Processed   190000/  235676 entries, 80.62% (elapsed time   599.6s, curr speed    0.390 kHz, avg speed    0.317 kHz), accepted    39395/  190001 events (20.73%)
Processed   200000/  235676 entries, 84.86% (elapsed time   632.1s, curr speed    0.308 kHz, avg speed    0.316 kHz), accepted    41704/  200001 events (20.85%)
Processed   210000/  235676 entries, 89.11% (elapsed time   664.4s, curr speed    0.309 kHz, avg speed    0.316 kHz), accepted    44000/  210001 events (20.95%)
Processed   220000/  235676 entries, 93.35% (elapsed time   693.4s, curr speed    0.345 kHz, avg speed    0.317 kHz), accepted    45785/  220001 events (20.81%)
Processed   230000/  235676 entries, 97.59% (elapsed time   724.5s, curr speed    0.322 kHz, avg speed    0.317 kHz), accepted    47867/  230001 events (20.81%)
Processed 235676 preselected entries from root://cmsxrootd.fnal.gov//store/data/Run2018D/JetHT/NANOAOD/UL2018_MiniAODv2_NanoAODv9-v2/2540000/1EED68E9-0C7B-2447-98EF-6879DCFF28DD.root (2396408 entries). Finally selected 49175 entries
Total time 753.7 sec. to process 2396408 events. Rate = 3179.5 Hz.
Running pwd:
/storage/local/data1/condor/execute/dir_4308
Running ls -alrth:
total 168K
-rw-r--r--  1 shardulr fnalgrid 5.0K Jun 22 20:14 .job.ad
-rw-r--r--  1 shardulr fnalgrid  12K Jun 22 20:14 .machine.ad
-rwx------  1 shardulr fnalgrid   49 Jun 22 20:14 .chirp.config
-rw-------  1 shardulr fnalgrid  11K Jun 22 20:14 x509up
drwxr-xr-x  2 shardulr fnalgrid 4.0K Jun 22 20:14 samples
-rw-r--r--  1 shardulr fnalgrid  62K Jun 22 20:14 singleStopAnalyzer.py
-rw-r--r--  1 shardulr fnalgrid  951 Jun 22 20:14 bJetMatcher.py
-rwxr-xr-x  1 shardulr fnalgrid  705 Jun 22 20:14 condor_exec.exe
-rw-r--r--  1 shardulr fnalgrid    0 Jun 22 20:14 docker_stderror
drwxrwxrwt  3 shardulr fnalgrid 4.0K Jun 22 20:14 var
drwxrwxrwt  2 shardulr fnalgrid 4.0K Jun 22 20:14 tmp
drwxr-xr-x  3 root     root     4.0K Jun 22 20:14 ..
srwxr-xr-x  1 shardulr fnalgrid    0 Jun 22 20:14 .docker_sock
drwxr-xr-x 17 shardulr fnalgrid 4.0K Jun 22 20:14 CMSSW_10_6_19_patch2
drwxr-xr-x  2 shardulr fnalgrid 4.0K Jun 22 20:14 framework
-rw-r--r--  1 shardulr fnalgrid 1.7K Jun 22 20:14 bJetMatcher.pyc
drwxr-xr-x  3 shardulr fnalgrid 4.0K Jun 22 20:14 output
-rw-r--r--  1 shardulr fnalgrid  215 Jun 22 20:14 _condor_stderr
-rw-r--r--  1 shardulr fnalgrid  12K Jun 22 20:27 .update.ad
drwx------  8 shardulr fnalgrid 4.0K Jun 22 20:27 .
-rw-r--r--  1 shardulr fnalgrid 5.9K Jun 22 20:27 _condor_stdout
