[FERMIHTC-APPTAINER]: INFO -- No Apptainer image specified
[FERMIHTC-APPTAINER]: INFO -- Running job on the host machine

[FERMIHTC-APPTAINER]: INFO -- Running ./condor_exec.exe
Starting job on  Thu Jun 22 20:10:35 UTC 2023
Running on: Linux shardulr-32358499-73-cmswn2098.fnal.gov 3.10.0-1160.90.1.el7.x86_64 #1 SMP Thu Apr 27 13:14:20 CDT 2023 x86_64 x86_64 x86_64 GNU/Linux
System software: Scientific Linux release 7.9 (Nitrogen)
Running ls -alrth:
total 164K
-rw-r--r--  1 shardulr fnalgrid 5.0K Jun 22 20:10 .job.ad
-rw-r--r--  1 shardulr fnalgrid  13K Jun 22 20:10 .machine.ad
-rwx------  1 shardulr fnalgrid   49 Jun 22 20:10 .chirp.config
-rw-------  1 shardulr fnalgrid  11K Jun 22 20:10 x509up
drwxr-xr-x  2 shardulr fnalgrid 4.0K Jun 22 20:10 samples
-rw-r--r--  1 shardulr fnalgrid  62K Jun 22 20:10 singleStopAnalyzer.py
drwxr-xr-x  2 shardulr fnalgrid 4.0K Jun 22 20:10 framework
-rwxr-xr-x  1 shardulr fnalgrid  704 Jun 22 20:10 condor_exec.exe
-rw-r--r--  1 shardulr fnalgrid  951 Jun 22 20:10 bJetMatcher.py
-rw-r--r--  1 shardulr fnalgrid    0 Jun 22 20:10 docker_stderror
drwxrwxrwt  3 shardulr fnalgrid 4.0K Jun 22 20:10 var
drwxrwxrwt  2 shardulr fnalgrid 4.0K Jun 22 20:10 tmp
-rw-r--r--  1 shardulr fnalgrid  13K Jun 22 20:10 .update.ad
drwxr-xr-x  3 root     root     4.0K Jun 22 20:10 ..
srwxr-xr-x  1 shardulr fnalgrid    0 Jun 22 20:10 .docker_sock
-rw-r--r--  1 shardulr fnalgrid  113 Jun 22 20:10 _condor_stderr
drwx------  7 shardulr fnalgrid 4.0K Jun 22 20:10 .
drwxr-xr-x 17 shardulr fnalgrid 4.0K Jun 22 20:10 CMSSW_10_6_19_patch2
-rw-r--r--  1 shardulr fnalgrid  453 Jun 22 20:10 _condor_stdout
/storage/local/data1/condor/execute/dir_40512/CMSSW_10_6_19_patch2 is the CMSSW we created on the local worker node
Running over Data2018 files
Blinding data, only using CR cuts (0 loose b's)
Using UL 2018 campaign working points
Pre-select 121047 entries out of 1341733 (9.02%)
Processed    10000/  121047 entries,  8.26% (elapsed time    30.3s, curr speed    0.331 kHz, avg speed    0.331 kHz), accepted     1836/   10001 events (18.36%)
Processed    20000/  121047 entries, 16.52% (elapsed time    59.5s, curr speed    0.342 kHz, avg speed    0.336 kHz), accepted     3667/   20001 events (18.33%)
Processed    30000/  121047 entries, 24.78% (elapsed time    90.7s, curr speed    0.321 kHz, avg speed    0.331 kHz), accepted     5765/   30001 events (19.22%)
Processed    40000/  121047 entries, 33.05% (elapsed time   120.9s, curr speed    0.331 kHz, avg speed    0.331 kHz), accepted     7696/   40001 events (19.24%)
Processed    50000/  121047 entries, 41.31% (elapsed time   151.2s, curr speed    0.330 kHz, avg speed    0.331 kHz), accepted     9738/   50001 events (19.48%)
Processed    60000/  121047 entries, 49.57% (elapsed time   180.1s, curr speed    0.346 kHz, avg speed    0.333 kHz), accepted    11557/   60001 events (19.26%)
Processed    70000/  121047 entries, 57.83% (elapsed time   210.5s, curr speed    0.329 kHz, avg speed    0.333 kHz), accepted    13654/   70001 events (19.51%)
Processed    80000/  121047 entries, 66.09% (elapsed time   239.8s, curr speed    0.341 kHz, avg speed    0.334 kHz), accepted    15603/   80001 events (19.50%)
Processed    90000/  121047 entries, 74.35% (elapsed time   268.2s, curr speed    0.352 kHz, avg speed    0.336 kHz), accepted    17569/   90001 events (19.52%)
Processed   100000/  121047 entries, 82.61% (elapsed time   295.2s, curr speed    0.370 kHz, avg speed    0.339 kHz), accepted    19127/  100001 events (19.13%)
Processed   110000/  121047 entries, 90.87% (elapsed time   323.7s, curr speed    0.351 kHz, avg speed    0.340 kHz), accepted    20906/  110001 events (19.01%)
Processed   120000/  121047 entries, 99.14% (elapsed time   355.3s, curr speed    0.317 kHz, avg speed    0.338 kHz), accepted    23118/  120001 events (19.26%)
Processed 121047 preselected entries from root://cmsxrootd.fnal.gov//store/data/Run2018A/JetHT/NANOAOD/UL2018_MiniAODv2_NanoAODv9-v2/250000/D0987876-47E2-B84E-A855-B8239E44AC17.root (1341733 entries). Finally selected 23156 entries
Total time 365.1 sec. to process 1341733 events. Rate = 3674.9 Hz.
Running pwd:
/storage/local/data1/condor/execute/dir_40512
Running ls -alrth:
total 176K
-rw-r--r--  1 shardulr fnalgrid 5.0K Jun 22 20:10 .job.ad
-rw-r--r--  1 shardulr fnalgrid  13K Jun 22 20:10 .machine.ad
-rwx------  1 shardulr fnalgrid   49 Jun 22 20:10 .chirp.config
-rw-------  1 shardulr fnalgrid  11K Jun 22 20:10 x509up
drwxr-xr-x  2 shardulr fnalgrid 4.0K Jun 22 20:10 samples
-rw-r--r--  1 shardulr fnalgrid  62K Jun 22 20:10 singleStopAnalyzer.py
-rwxr-xr-x  1 shardulr fnalgrid  704 Jun 22 20:10 condor_exec.exe
-rw-r--r--  1 shardulr fnalgrid  951 Jun 22 20:10 bJetMatcher.py
-rw-r--r--  1 shardulr fnalgrid    0 Jun 22 20:10 docker_stderror
drwxrwxrwt  3 shardulr fnalgrid 4.0K Jun 22 20:10 var
drwxrwxrwt  2 shardulr fnalgrid 4.0K Jun 22 20:10 tmp
drwxr-xr-x  3 root     root     4.0K Jun 22 20:10 ..
srwxr-xr-x  1 shardulr fnalgrid    0 Jun 22 20:10 .docker_sock
drwxr-xr-x 17 shardulr fnalgrid 4.0K Jun 22 20:10 CMSSW_10_6_19_patch2
drwxr-xr-x  2 shardulr fnalgrid 4.0K Jun 22 20:10 framework
-rw-r--r--  1 shardulr fnalgrid 1.7K Jun 22 20:10 bJetMatcher.pyc
drwxr-xr-x  3 shardulr fnalgrid 4.0K Jun 22 20:10 output
-rw-r--r--  1 shardulr fnalgrid  215 Jun 22 20:10 _condor_stderr
-rw-r--r--  1 shardulr fnalgrid  13K Jun 22 20:16 .update.ad
drwx------  8 shardulr fnalgrid 4.0K Jun 22 20:16 .
-rw-r--r--  1 shardulr fnalgrid 4.2K Jun 22 20:16 _condor_stdout
