[FERMIHTC-APPTAINER]: INFO -- No Apptainer image specified
[FERMIHTC-APPTAINER]: INFO -- Running job on the host machine

[FERMIHTC-APPTAINER]: INFO -- Running ./condor_exec.exe
Starting job on  Thu Jun 22 20:11:22 UTC 2023
Running on: Linux shardulr-32358499-183-cmswn2096.fnal.gov 3.10.0-1160.90.1.el7.x86_64 #1 SMP Thu Apr 27 13:14:20 CDT 2023 x86_64 x86_64 x86_64 GNU/Linux
System software: Scientific Linux release 7.9 (Nitrogen)
Running ls -alrth:
total 164K
-rw-r--r--  1 shardulr fnalgrid 5.0K Jun 22 20:11 .job.ad
-rw-r--r--  1 shardulr fnalgrid  13K Jun 22 20:11 .machine.ad
-rwx------  1 shardulr fnalgrid   49 Jun 22 20:11 .chirp.config
-rw-------  1 shardulr fnalgrid  11K Jun 22 20:11 x509up
drwxr-xr-x  2 shardulr fnalgrid 4.0K Jun 22 20:11 samples
drwxr-xr-x  2 shardulr fnalgrid 4.0K Jun 22 20:11 framework
-rw-r--r--  1 shardulr fnalgrid  62K Jun 22 20:11 singleStopAnalyzer.py
-rw-r--r--  1 shardulr fnalgrid  951 Jun 22 20:11 bJetMatcher.py
-rwxr-xr-x  1 shardulr fnalgrid  705 Jun 22 20:11 condor_exec.exe
-rw-r--r--  1 shardulr fnalgrid    0 Jun 22 20:11 docker_stderror
drwxrwxrwt  3 shardulr fnalgrid 4.0K Jun 22 20:11 var
drwxrwxrwt  2 shardulr fnalgrid 4.0K Jun 22 20:11 tmp
-rw-r--r--  1 shardulr fnalgrid  13K Jun 22 20:11 .update.ad
drwxr-xr-x  3 root     root     4.0K Jun 22 20:11 ..
srwxr-xr-x  1 shardulr fnalgrid    0 Jun 22 20:11 .docker_sock
-rw-r--r--  1 shardulr fnalgrid  113 Jun 22 20:11 _condor_stderr
drwx------  7 shardulr fnalgrid 4.0K Jun 22 20:11 .
drwxr-xr-x 17 shardulr fnalgrid 4.0K Jun 22 20:11 CMSSW_10_6_19_patch2
-rw-r--r--  1 shardulr fnalgrid  454 Jun 22 20:11 _condor_stdout
/storage/local/data1/condor/execute/dir_36130/CMSSW_10_6_19_patch2 is the CMSSW we created on the local worker node
Running over Data2018 files
Blinding data, only using CR cuts (0 loose b's)
Using UL 2018 campaign working points
Pre-select 152987 entries out of 1542093 (9.92%)
Processed    10000/  152987 entries,  6.54% (elapsed time    26.9s, curr speed    0.372 kHz, avg speed    0.372 kHz), accepted     1372/   10001 events (13.72%)
Processed    20000/  152987 entries, 13.07% (elapsed time    52.7s, curr speed    0.387 kHz, avg speed    0.379 kHz), accepted     2788/   20001 events (13.94%)
Processed    30000/  152987 entries, 19.61% (elapsed time    81.1s, curr speed    0.352 kHz, avg speed    0.370 kHz), accepted     4568/   30001 events (15.23%)
Processed    40000/  152987 entries, 26.15% (elapsed time   111.2s, curr speed    0.332 kHz, avg speed    0.360 kHz), accepted     6622/   40001 events (16.55%)
Processed    50000/  152987 entries, 32.68% (elapsed time   138.3s, curr speed    0.369 kHz, avg speed    0.362 kHz), accepted     8298/   50001 events (16.60%)
Processed    60000/  152987 entries, 39.22% (elapsed time   166.2s, curr speed    0.359 kHz, avg speed    0.361 kHz), accepted    10026/   60001 events (16.71%)
Processed    70000/  152987 entries, 45.76% (elapsed time   194.1s, curr speed    0.358 kHz, avg speed    0.361 kHz), accepted    11742/   70001 events (16.77%)
Processed    80000/  152987 entries, 52.29% (elapsed time   220.9s, curr speed    0.374 kHz, avg speed    0.362 kHz), accepted    13418/   80001 events (16.77%)
Processed    90000/  152987 entries, 58.83% (elapsed time   248.5s, curr speed    0.363 kHz, avg speed    0.362 kHz), accepted    15192/   90001 events (16.88%)
Processed   100000/  152987 entries, 65.37% (elapsed time   275.8s, curr speed    0.366 kHz, avg speed    0.363 kHz), accepted    16957/  100001 events (16.96%)
Processed   110000/  152987 entries, 71.90% (elapsed time   303.4s, curr speed    0.362 kHz, avg speed    0.363 kHz), accepted    18757/  110001 events (17.05%)
Processed   120000/  152987 entries, 78.44% (elapsed time   332.1s, curr speed    0.349 kHz, avg speed    0.361 kHz), accepted    20595/  120001 events (17.16%)
Processed   130000/  152987 entries, 84.97% (elapsed time   361.9s, curr speed    0.336 kHz, avg speed    0.359 kHz), accepted    22430/  130001 events (17.25%)
Processed   140000/  152987 entries, 91.51% (elapsed time   389.9s, curr speed    0.357 kHz, avg speed    0.359 kHz), accepted    24252/  140001 events (17.32%)
Processed   150000/  152987 entries, 98.05% (elapsed time   418.2s, curr speed    0.353 kHz, avg speed    0.359 kHz), accepted    26106/  150001 events (17.40%)
Processed 152987 preselected entries from root://cmsxrootd.fnal.gov//store/data/Run2018B/JetHT/NANOAOD/UL2018_MiniAODv2_NanoAODv9-v1/120000/8CCFB9A6-7C26-F04C-A146-ED5FF121C8EE.root (1542093 entries). Finally selected 26694 entries
Total time 447.4 sec. to process 1542093 events. Rate = 3446.9 Hz.
Running pwd:
/storage/local/data1/condor/execute/dir_36130
Running ls -alrth:
total 176K
-rw-r--r--  1 shardulr fnalgrid 5.0K Jun 22 20:11 .job.ad
-rw-r--r--  1 shardulr fnalgrid  13K Jun 22 20:11 .machine.ad
-rwx------  1 shardulr fnalgrid   49 Jun 22 20:11 .chirp.config
-rw-------  1 shardulr fnalgrid  11K Jun 22 20:11 x509up
drwxr-xr-x  2 shardulr fnalgrid 4.0K Jun 22 20:11 samples
-rw-r--r--  1 shardulr fnalgrid  62K Jun 22 20:11 singleStopAnalyzer.py
-rw-r--r--  1 shardulr fnalgrid  951 Jun 22 20:11 bJetMatcher.py
-rwxr-xr-x  1 shardulr fnalgrid  705 Jun 22 20:11 condor_exec.exe
-rw-r--r--  1 shardulr fnalgrid    0 Jun 22 20:11 docker_stderror
drwxrwxrwt  3 shardulr fnalgrid 4.0K Jun 22 20:11 var
drwxrwxrwt  2 shardulr fnalgrid 4.0K Jun 22 20:11 tmp
drwxr-xr-x  3 root     root     4.0K Jun 22 20:11 ..
srwxr-xr-x  1 shardulr fnalgrid    0 Jun 22 20:11 .docker_sock
drwxr-xr-x 17 shardulr fnalgrid 4.0K Jun 22 20:11 CMSSW_10_6_19_patch2
drwxr-xr-x  2 shardulr fnalgrid 4.0K Jun 22 20:11 framework
-rw-r--r--  1 shardulr fnalgrid 1.7K Jun 22 20:11 bJetMatcher.pyc
drwxr-xr-x  3 shardulr fnalgrid 4.0K Jun 22 20:11 output
-rw-r--r--  1 shardulr fnalgrid  215 Jun 22 20:11 _condor_stderr
-rw-r--r--  1 shardulr fnalgrid  13K Jun 22 20:18 .update.ad
drwx------  8 shardulr fnalgrid 4.0K Jun 22 20:18 .
-rw-r--r--  1 shardulr fnalgrid 4.6K Jun 22 20:18 _condor_stdout
