[FERMIHTC-APPTAINER]: INFO -- No Apptainer image specified
[FERMIHTC-APPTAINER]: INFO -- Running job on the host machine

[FERMIHTC-APPTAINER]: INFO -- Running ./condor_exec.exe
Starting job on  Thu Jun 22 20:16:15 UTC 2023
Running on: Linux shardulr-32358499-349-cmswn2045.fnal.gov 3.10.0-1160.90.1.el7.x86_64 #1 SMP Thu Apr 27 13:14:20 CDT 2023 x86_64 x86_64 x86_64 GNU/Linux
System software: Scientific Linux release 7.9 (Nitrogen)
Running ls -alrth:
total 164K
-rw-r--r--  1 shardulr fnalgrid 5.0K Jun 22 20:15 .job.ad
-rw-r--r--  1 shardulr fnalgrid  14K Jun 22 20:15 .machine.ad
-rwx------  1 shardulr fnalgrid   49 Jun 22 20:15 .chirp.config
-rw-------  1 shardulr fnalgrid  11K Jun 22 20:15 x509up
drwxr-xr-x  2 shardulr fnalgrid 4.0K Jun 22 20:15 samples
drwxr-xr-x  2 shardulr fnalgrid 4.0K Jun 22 20:15 framework
-rw-r--r--  1 shardulr fnalgrid  62K Jun 22 20:15 singleStopAnalyzer.py
-rwxr-xr-x  1 shardulr fnalgrid  705 Jun 22 20:15 condor_exec.exe
-rw-r--r--  1 shardulr fnalgrid  951 Jun 22 20:15 bJetMatcher.py
-rw-r--r--  1 shardulr fnalgrid    0 Jun 22 20:15 docker_stderror
drwxrwxrwt  3 shardulr fnalgrid 4.0K Jun 22 20:15 var
drwxrwxrwt  2 shardulr fnalgrid 4.0K Jun 22 20:15 tmp
-rw-r--r--  1 shardulr fnalgrid  13K Jun 22 20:15 .update.ad
drwxr-xr-x  3 root     root     4.0K Jun 22 20:16 ..
srwxr-xr-x  1 shardulr fnalgrid    0 Jun 22 20:16 .docker_sock
-rw-r--r--  1 shardulr fnalgrid  113 Jun 22 20:16 _condor_stderr
drwx------  7 shardulr fnalgrid 4.0K Jun 22 20:16 .
drwxr-xr-x 17 shardulr fnalgrid 4.0K Jun 22 20:16 CMSSW_10_6_19_patch2
-rw-r--r--  1 shardulr fnalgrid  454 Jun 22 20:16 _condor_stdout
/storage/local/data1/condor/execute/dir_41186/CMSSW_10_6_19_patch2 is the CMSSW we created on the local worker node
Running over Data2018 files
Blinding data, only using CR cuts (0 loose b's)
Using UL 2018 campaign working points
Pre-select 204806 entries out of 2162745 (9.47%)
Processed    10000/  204806 entries,  4.88% (elapsed time    27.5s, curr speed    0.363 kHz, avg speed    0.363 kHz), accepted     1879/   10001 events (18.79%)
Processed    20000/  204806 entries,  9.77% (elapsed time    54.5s, curr speed    0.372 kHz, avg speed    0.367 kHz), accepted     3761/   20001 events (18.80%)
Processed    30000/  204806 entries, 14.65% (elapsed time    78.2s, curr speed    0.421 kHz, avg speed    0.384 kHz), accepted     5652/   30001 events (18.84%)
Processed    40000/  204806 entries, 19.53% (elapsed time   102.9s, curr speed    0.405 kHz, avg speed    0.389 kHz), accepted     7426/   40001 events (18.56%)
Processed    50000/  204806 entries, 24.41% (elapsed time   129.2s, curr speed    0.380 kHz, avg speed    0.387 kHz), accepted     9186/   50001 events (18.37%)
Processed    60000/  204806 entries, 29.30% (elapsed time   155.5s, curr speed    0.381 kHz, avg speed    0.386 kHz), accepted    10940/   60001 events (18.23%)
Processed    70000/  204806 entries, 34.18% (elapsed time   181.6s, curr speed    0.382 kHz, avg speed    0.385 kHz), accepted    12689/   70001 events (18.13%)
Processed    80000/  204806 entries, 39.06% (elapsed time   210.6s, curr speed    0.345 kHz, avg speed    0.380 kHz), accepted    14791/   80001 events (18.49%)
Processed    90000/  204806 entries, 43.94% (elapsed time   238.3s, curr speed    0.361 kHz, avg speed    0.378 kHz), accepted    16801/   90001 events (18.67%)
Processed   100000/  204806 entries, 48.83% (elapsed time   266.8s, curr speed    0.351 kHz, avg speed    0.375 kHz), accepted    18869/  100001 events (18.87%)
Processed   110000/  204806 entries, 53.71% (elapsed time   292.2s, curr speed    0.394 kHz, avg speed    0.376 kHz), accepted    20520/  110001 events (18.65%)
Processed   120000/  204806 entries, 58.59% (elapsed time   318.6s, curr speed    0.378 kHz, avg speed    0.377 kHz), accepted    22151/  120001 events (18.46%)
Processed   130000/  204806 entries, 63.47% (elapsed time   344.5s, curr speed    0.386 kHz, avg speed    0.377 kHz), accepted    23779/  130001 events (18.29%)
Processed   140000/  204806 entries, 68.36% (elapsed time   370.9s, curr speed    0.379 kHz, avg speed    0.377 kHz), accepted    25472/  140001 events (18.19%)
Processed   150000/  204806 entries, 73.24% (elapsed time   398.1s, curr speed    0.367 kHz, avg speed    0.377 kHz), accepted    27281/  150001 events (18.19%)
Processed   160000/  204806 entries, 78.12% (elapsed time   425.3s, curr speed    0.369 kHz, avg speed    0.376 kHz), accepted    29129/  160001 events (18.21%)
Processed   170000/  204806 entries, 83.01% (elapsed time   452.1s, curr speed    0.373 kHz, avg speed    0.376 kHz), accepted    30993/  170001 events (18.23%)
Processed   180000/  204806 entries, 87.89% (elapsed time   479.0s, curr speed    0.372 kHz, avg speed    0.376 kHz), accepted    32854/  180001 events (18.25%)
Processed   190000/  204806 entries, 92.77% (elapsed time   507.0s, curr speed    0.357 kHz, avg speed    0.375 kHz), accepted    34869/  190001 events (18.35%)
Processed   200000/  204806 entries, 97.65% (elapsed time   534.7s, curr speed    0.361 kHz, avg speed    0.374 kHz), accepted    36845/  200001 events (18.42%)
Processed 204806 preselected entries from root://cmsxrootd.fnal.gov//store/data/Run2018D/JetHT/NANOAOD/UL2018_MiniAODv2_NanoAODv9-v2/2540000/D80697A0-1606-A748-8C23-392DC7EDD3B0.root (2162745 entries). Finally selected 37794 entries
Total time 563.5 sec. to process 2162745 events. Rate = 3837.9 Hz.
Running pwd:
/storage/local/data1/condor/execute/dir_41186
Running ls -alrth:
total 176K
-rw-r--r--  1 shardulr fnalgrid 5.0K Jun 22 20:15 .job.ad
-rw-r--r--  1 shardulr fnalgrid  14K Jun 22 20:15 .machine.ad
-rwx------  1 shardulr fnalgrid   49 Jun 22 20:15 .chirp.config
-rw-------  1 shardulr fnalgrid  11K Jun 22 20:15 x509up
drwxr-xr-x  2 shardulr fnalgrid 4.0K Jun 22 20:15 samples
-rw-r--r--  1 shardulr fnalgrid  62K Jun 22 20:15 singleStopAnalyzer.py
-rwxr-xr-x  1 shardulr fnalgrid  705 Jun 22 20:15 condor_exec.exe
-rw-r--r--  1 shardulr fnalgrid  951 Jun 22 20:15 bJetMatcher.py
-rw-r--r--  1 shardulr fnalgrid    0 Jun 22 20:15 docker_stderror
drwxrwxrwt  3 shardulr fnalgrid 4.0K Jun 22 20:15 var
drwxrwxrwt  2 shardulr fnalgrid 4.0K Jun 22 20:15 tmp
drwxr-xr-x  3 root     root     4.0K Jun 22 20:16 ..
srwxr-xr-x  1 shardulr fnalgrid    0 Jun 22 20:16 .docker_sock
drwxr-xr-x 17 shardulr fnalgrid 4.0K Jun 22 20:16 CMSSW_10_6_19_patch2
drwxr-xr-x  2 shardulr fnalgrid 4.0K Jun 22 20:16 framework
-rw-r--r--  1 shardulr fnalgrid 1.7K Jun 22 20:16 bJetMatcher.pyc
drwxr-xr-x  3 shardulr fnalgrid 4.0K Jun 22 20:16 output
-rw-r--r--  1 shardulr fnalgrid  215 Jun 22 20:16 _condor_stderr
-rw-r--r--  1 shardulr fnalgrid  13K Jun 22 20:25 .update.ad
drwx------  8 shardulr fnalgrid 4.0K Jun 22 20:25 .
-rw-r--r--  1 shardulr fnalgrid 5.4K Jun 22 20:25 _condor_stdout
