[FERMIHTC-APPTAINER]: INFO -- No Apptainer image specified
[FERMIHTC-APPTAINER]: INFO -- Running job on the host machine

[FERMIHTC-APPTAINER]: INFO -- Running ./condor_exec.exe
Starting job on  Thu Jun 22 20:11:04 UTC 2023
Running on: Linux shardulr-32358499-145-cmswn2059.fnal.gov 3.10.0-1160.90.1.el7.x86_64 #1 SMP Thu Apr 27 13:14:20 CDT 2023 x86_64 x86_64 x86_64 GNU/Linux
System software: Scientific Linux release 7.9 (Nitrogen)
Running ls -alrth:
total 156K
-rw-r--r--  1 shardulr fnalgrid 5.0K Jun 22 20:10 .job.ad
-rw-r--r--  1 shardulr fnalgrid  11K Jun 22 20:10 .machine.ad
-rwx------  1 shardulr fnalgrid   49 Jun 22 20:10 .chirp.config
-rw-------  1 shardulr fnalgrid  11K Jun 22 20:10 x509up
drwxr-xr-x  2 shardulr fnalgrid 4.0K Jun 22 20:10 samples
drwxr-xr-x  2 shardulr fnalgrid 4.0K Jun 22 20:10 framework
-rw-r--r--  1 shardulr fnalgrid  62K Jun 22 20:10 singleStopAnalyzer.py
-rw-r--r--  1 shardulr fnalgrid  951 Jun 22 20:10 bJetMatcher.py
-rwxr-xr-x  1 shardulr fnalgrid  705 Jun 22 20:10 condor_exec.exe
-rw-r--r--  1 shardulr fnalgrid    0 Jun 22 20:10 docker_stderror
drwxrwxrwt  3 shardulr fnalgrid 4.0K Jun 22 20:10 var
drwxrwxrwt  2 shardulr fnalgrid 4.0K Jun 22 20:10 tmp
-rw-r--r--  1 shardulr fnalgrid  11K Jun 22 20:10 .update.ad
drwxr-xr-x  3 root     root     4.0K Jun 22 20:10 ..
srwxr-xr-x  1 shardulr fnalgrid    0 Jun 22 20:10 .docker_sock
-rw-r--r--  1 shardulr fnalgrid  113 Jun 22 20:11 _condor_stderr
drwx------  7 shardulr fnalgrid 4.0K Jun 22 20:11 .
drwxr-xr-x 17 shardulr fnalgrid 4.0K Jun 22 20:11 CMSSW_10_6_19_patch2
-rw-r--r--  1 shardulr fnalgrid  454 Jun 22 20:11 _condor_stdout
/storage/local/data1/condor/execute/dir_62939/CMSSW_10_6_19_patch2 is the CMSSW we created on the local worker node
Running over Data2018 files
Blinding data, only using CR cuts (0 loose b's)
Using UL 2018 campaign working points
Pre-select 40725 entries out of 549960 (7.41%)
Processed    10000/   40725 entries, 24.55% (elapsed time    51.9s, curr speed    0.193 kHz, avg speed    0.193 kHz), accepted     1790/   10001 events (17.90%)
Processed    20000/   40725 entries, 49.11% (elapsed time   101.0s, curr speed    0.204 kHz, avg speed    0.198 kHz), accepted     3637/   20001 events (18.18%)
Processed    30000/   40725 entries, 73.66% (elapsed time   151.2s, curr speed    0.199 kHz, avg speed    0.198 kHz), accepted     5238/   30001 events (17.46%)
Processed    40000/   40725 entries, 98.22% (elapsed time   205.6s, curr speed    0.184 kHz, avg speed    0.195 kHz), accepted     7061/   40001 events (17.65%)
Processed 40725 preselected entries from root://cmsxrootd.fnal.gov//store/data/Run2018A/JetHT/NANOAOD/UL2018_MiniAODv2_NanoAODv9-v2/2430000/594F6203-4C76-C949-AAEC-FFB957F19A39.root (549960 entries). Finally selected 7183 entries
Total time 234.3 sec. to process 549960 events. Rate = 2347.6 Hz.
Running pwd:
/storage/local/data1/condor/execute/dir_62939
Running ls -alrth:
total 164K
-rw-r--r--  1 shardulr fnalgrid 5.0K Jun 22 20:10 .job.ad
-rw-r--r--  1 shardulr fnalgrid  11K Jun 22 20:10 .machine.ad
-rwx------  1 shardulr fnalgrid   49 Jun 22 20:10 .chirp.config
-rw-------  1 shardulr fnalgrid  11K Jun 22 20:10 x509up
drwxr-xr-x  2 shardulr fnalgrid 4.0K Jun 22 20:10 samples
-rw-r--r--  1 shardulr fnalgrid  62K Jun 22 20:10 singleStopAnalyzer.py
-rw-r--r--  1 shardulr fnalgrid  951 Jun 22 20:10 bJetMatcher.py
-rwxr-xr-x  1 shardulr fnalgrid  705 Jun 22 20:10 condor_exec.exe
-rw-r--r--  1 shardulr fnalgrid    0 Jun 22 20:10 docker_stderror
drwxrwxrwt  3 shardulr fnalgrid 4.0K Jun 22 20:10 var
drwxrwxrwt  2 shardulr fnalgrid 4.0K Jun 22 20:10 tmp
drwxr-xr-x  3 root     root     4.0K Jun 22 20:10 ..
srwxr-xr-x  1 shardulr fnalgrid    0 Jun 22 20:10 .docker_sock
-rw-r--r--  1 shardulr fnalgrid  113 Jun 22 20:11 _condor_stderr
drwxr-xr-x 17 shardulr fnalgrid 4.0K Jun 22 20:11 CMSSW_10_6_19_patch2
drwxr-xr-x  2 shardulr fnalgrid 4.0K Jun 22 20:11 framework
-rw-r--r--  1 shardulr fnalgrid 1.7K Jun 22 20:11 bJetMatcher.pyc
drwxr-xr-x  3 shardulr fnalgrid 4.0K Jun 22 20:11 output
-rw-r--r--  1 shardulr fnalgrid  12K Jun 22 20:14 .update.ad
drwx------  8 shardulr fnalgrid 4.0K Jun 22 20:14 .
-rw-r--r--  1 shardulr fnalgrid 2.9K Jun 22 20:15 _condor_stdout
