[FERMIHTC-APPTAINER]: INFO -- No Apptainer image specified
[FERMIHTC-APPTAINER]: INFO -- Running job on the host machine

[FERMIHTC-APPTAINER]: INFO -- Running ./condor_exec.exe
Starting job on  Thu Jun 22 20:10:49 UTC 2023
Running on: Linux shardulr-32358499-112-cmswn2112.fnal.gov 3.10.0-1160.90.1.el7.x86_64 #1 SMP Thu Apr 27 13:14:20 CDT 2023 x86_64 x86_64 x86_64 GNU/Linux
System software: Scientific Linux release 7.9 (Nitrogen)
Running ls -alrth:
total 156K
-rw-r--r--  1 shardulr fnalgrid  11K Jun 22 20:10 .machine.ad
-rw-r--r--  1 shardulr fnalgrid 5.0K Jun 22 20:10 .job.ad
-rwx------  1 shardulr fnalgrid   49 Jun 22 20:10 .chirp.config
-rw-------  1 shardulr fnalgrid  11K Jun 22 20:10 x509up
drwxr-xr-x  2 shardulr fnalgrid 4.0K Jun 22 20:10 samples
-rw-r--r--  1 shardulr fnalgrid  62K Jun 22 20:10 singleStopAnalyzer.py
drwxr-xr-x  2 shardulr fnalgrid 4.0K Jun 22 20:10 framework
-rwxr-xr-x  1 shardulr fnalgrid  705 Jun 22 20:10 condor_exec.exe
-rw-r--r--  1 shardulr fnalgrid  951 Jun 22 20:10 bJetMatcher.py
-rw-r--r--  1 shardulr fnalgrid    0 Jun 22 20:10 docker_stderror
drwxrwxrwt  2 shardulr fnalgrid 4.0K Jun 22 20:10 tmp
drwxrwxrwt  3 shardulr fnalgrid 4.0K Jun 22 20:10 var
-rw-r--r--  1 shardulr fnalgrid  11K Jun 22 20:10 .update.ad
drwxr-xr-x  3 root     root     4.0K Jun 22 20:10 ..
srwxr-xr-x  1 shardulr fnalgrid    0 Jun 22 20:10 .docker_sock
-rw-r--r--  1 shardulr fnalgrid  113 Jun 22 20:10 _condor_stderr
drwx------  7 shardulr fnalgrid 4.0K Jun 22 20:10 .
drwxr-xr-x 17 shardulr fnalgrid 4.0K Jun 22 20:10 CMSSW_10_6_19_patch2
-rw-r--r--  1 shardulr fnalgrid  454 Jun 22 20:10 _condor_stdout
/storage/local/data1/condor/execute/dir_21060/CMSSW_10_6_19_patch2 is the CMSSW we created on the local worker node
Running over Data2018 files
Blinding data, only using CR cuts (0 loose b's)
Using UL 2018 campaign working points
Pre-select 130533 entries out of 1431167 (9.12%)
Processed    10000/  130533 entries,  7.66% (elapsed time    29.7s, curr speed    0.337 kHz, avg speed    0.337 kHz), accepted     1862/   10001 events (18.62%)
Processed    20000/  130533 entries, 15.32% (elapsed time    58.5s, curr speed    0.347 kHz, avg speed    0.342 kHz), accepted     3723/   20001 events (18.61%)
Processed    30000/  130533 entries, 22.98% (elapsed time    87.5s, curr speed    0.345 kHz, avg speed    0.343 kHz), accepted     5587/   30001 events (18.62%)
Processed    40000/  130533 entries, 30.64% (elapsed time   116.4s, curr speed    0.346 kHz, avg speed    0.344 kHz), accepted     7489/   40001 events (18.72%)
Processed    50000/  130533 entries, 38.30% (elapsed time   144.3s, curr speed    0.358 kHz, avg speed    0.346 kHz), accepted     9261/   50001 events (18.52%)
Processed    60000/  130533 entries, 45.97% (elapsed time   172.5s, curr speed    0.355 kHz, avg speed    0.348 kHz), accepted    11144/   60001 events (18.57%)
Processed    70000/  130533 entries, 53.63% (elapsed time   200.7s, curr speed    0.355 kHz, avg speed    0.349 kHz), accepted    13011/   70001 events (18.59%)
Processed    80000/  130533 entries, 61.29% (elapsed time   230.5s, curr speed    0.335 kHz, avg speed    0.347 kHz), accepted    15127/   80001 events (18.91%)
Processed    90000/  130533 entries, 68.95% (elapsed time   260.3s, curr speed    0.336 kHz, avg speed    0.346 kHz), accepted    17248/   90001 events (19.16%)
Processed   100000/  130533 entries, 76.61% (elapsed time   290.0s, curr speed    0.337 kHz, avg speed    0.345 kHz), accepted    19410/  100001 events (19.41%)
Processed   110000/  130533 entries, 84.27% (elapsed time   318.3s, curr speed    0.354 kHz, avg speed    0.346 kHz), accepted    21258/  110001 events (19.33%)
Processed   120000/  130533 entries, 91.93% (elapsed time   346.6s, curr speed    0.353 kHz, avg speed    0.346 kHz), accepted    23169/  120001 events (19.31%)
Processed   130000/  130533 entries, 99.59% (elapsed time   374.3s, curr speed    0.361 kHz, avg speed    0.347 kHz), accepted    24950/  130001 events (19.19%)
Processed 130533 preselected entries from root://cmsxrootd.fnal.gov//store/data/Run2018A/JetHT/NANOAOD/UL2018_MiniAODv2_NanoAODv9-v2/250000/85E69469-D766-234C-8ACF-BC23AA660551.root (1431167 entries). Finally selected 25057 entries
Total time 383.4 sec. to process 1431167 events. Rate = 3732.4 Hz.
Running pwd:
/storage/local/data1/condor/execute/dir_21060
Running ls -alrth:
total 168K
-rw-r--r--  1 shardulr fnalgrid  11K Jun 22 20:10 .machine.ad
-rw-r--r--  1 shardulr fnalgrid 5.0K Jun 22 20:10 .job.ad
-rwx------  1 shardulr fnalgrid   49 Jun 22 20:10 .chirp.config
-rw-------  1 shardulr fnalgrid  11K Jun 22 20:10 x509up
drwxr-xr-x  2 shardulr fnalgrid 4.0K Jun 22 20:10 samples
-rw-r--r--  1 shardulr fnalgrid  62K Jun 22 20:10 singleStopAnalyzer.py
-rwxr-xr-x  1 shardulr fnalgrid  705 Jun 22 20:10 condor_exec.exe
-rw-r--r--  1 shardulr fnalgrid  951 Jun 22 20:10 bJetMatcher.py
-rw-r--r--  1 shardulr fnalgrid    0 Jun 22 20:10 docker_stderror
drwxrwxrwt  2 shardulr fnalgrid 4.0K Jun 22 20:10 tmp
drwxrwxrwt  3 shardulr fnalgrid 4.0K Jun 22 20:10 var
drwxr-xr-x  3 root     root     4.0K Jun 22 20:10 ..
srwxr-xr-x  1 shardulr fnalgrid    0 Jun 22 20:10 .docker_sock
drwxr-xr-x 17 shardulr fnalgrid 4.0K Jun 22 20:10 CMSSW_10_6_19_patch2
drwxr-xr-x  2 shardulr fnalgrid 4.0K Jun 22 20:10 framework
-rw-r--r--  1 shardulr fnalgrid 1.7K Jun 22 20:10 bJetMatcher.pyc
drwxr-xr-x  3 shardulr fnalgrid 4.0K Jun 22 20:10 output
-rw-r--r--  1 shardulr fnalgrid  215 Jun 22 20:10 _condor_stderr
-rw-r--r--  1 shardulr fnalgrid  11K Jun 22 20:17 .update.ad
drwx------  8 shardulr fnalgrid 4.0K Jun 22 20:17 .
-rw-r--r--  1 shardulr fnalgrid 4.3K Jun 22 20:17 _condor_stdout
