[FERMIHTC-APPTAINER]: INFO -- No Apptainer image specified
[FERMIHTC-APPTAINER]: INFO -- Running job on the host machine

[FERMIHTC-APPTAINER]: INFO -- Running ./condor_exec.exe
Starting job on  Thu Jun 22 20:08:58 UTC 2023
Running on: Linux shardulr-32358499-30-cmswn2104.fnal.gov 3.10.0-1160.90.1.el7.x86_64 #1 SMP Thu Apr 27 13:14:20 CDT 2023 x86_64 x86_64 x86_64 GNU/Linux
System software: Scientific Linux release 7.9 (Nitrogen)
Running ls -alrth:
total 164K
-rw-r--r--  1 shardulr fnalgrid 5.0K Jun 22 20:08 .job.ad
-rw-r--r--  1 shardulr fnalgrid  13K Jun 22 20:08 .machine.ad
-rwx------  1 shardulr fnalgrid   49 Jun 22 20:08 .chirp.config
-rw-------  1 shardulr fnalgrid  11K Jun 22 20:08 x509up
drwxr-xr-x  2 shardulr fnalgrid 4.0K Jun 22 20:08 samples
-rw-r--r--  1 shardulr fnalgrid  62K Jun 22 20:08 singleStopAnalyzer.py
drwxr-xr-x  2 shardulr fnalgrid 4.0K Jun 22 20:08 framework
-rwxr-xr-x  1 shardulr fnalgrid  704 Jun 22 20:08 condor_exec.exe
-rw-r--r--  1 shardulr fnalgrid  951 Jun 22 20:08 bJetMatcher.py
-rw-r--r--  1 shardulr fnalgrid    0 Jun 22 20:08 docker_stderror
drwxrwxrwt  2 shardulr fnalgrid 4.0K Jun 22 20:08 tmp
drwxrwxrwt  3 shardulr fnalgrid 4.0K Jun 22 20:08 var
-rw-r--r--  1 shardulr fnalgrid  13K Jun 22 20:08 .update.ad
drwxr-xr-x  3 root     root     4.0K Jun 22 20:08 ..
srwxr-xr-x  1 shardulr fnalgrid    0 Jun 22 20:08 .docker_sock
-rw-r--r--  1 shardulr fnalgrid  113 Jun 22 20:08 _condor_stderr
drwx------  7 shardulr fnalgrid 4.0K Jun 22 20:08 .
drwxr-xr-x 17 shardulr fnalgrid 4.0K Jun 22 20:09 CMSSW_10_6_19_patch2
-rw-r--r--  1 shardulr fnalgrid  453 Jun 22 20:09 _condor_stdout
/storage/local/data1/condor/execute/dir_48183/CMSSW_10_6_19_patch2 is the CMSSW we created on the local worker node
Running over Data2018 files
Blinding data, only using CR cuts (0 loose b's)
Using UL 2018 campaign working points
Pre-select 115822 entries out of 1357076 (8.53%)
Processed    10000/  115822 entries,  8.63% (elapsed time    51.0s, curr speed    0.196 kHz, avg speed    0.196 kHz), accepted     1677/   10001 events (16.77%)
Processed    20000/  115822 entries, 17.27% (elapsed time   101.1s, curr speed    0.200 kHz, avg speed    0.198 kHz), accepted     3597/   20001 events (17.98%)
Processed    30000/  115822 entries, 25.90% (elapsed time   150.5s, curr speed    0.202 kHz, avg speed    0.199 kHz), accepted     5505/   30001 events (18.35%)
Processed    40000/  115822 entries, 34.54% (elapsed time   204.6s, curr speed    0.185 kHz, avg speed    0.196 kHz), accepted     7238/   40001 events (18.09%)
Processed    50000/  115822 entries, 43.17% (elapsed time   258.3s, curr speed    0.186 kHz, avg speed    0.194 kHz), accepted     9246/   50001 events (18.49%)
Processed    60000/  115822 entries, 51.80% (elapsed time   311.5s, curr speed    0.188 kHz, avg speed    0.193 kHz), accepted    11103/   60001 events (18.50%)
Processed    70000/  115822 entries, 60.44% (elapsed time   358.4s, curr speed    0.213 kHz, avg speed    0.195 kHz), accepted    13097/   70001 events (18.71%)
Processed    80000/  115822 entries, 69.07% (elapsed time   404.3s, curr speed    0.218 kHz, avg speed    0.198 kHz), accepted    15161/   80001 events (18.95%)
Processed    90000/  115822 entries, 77.71% (elapsed time   449.1s, curr speed    0.223 kHz, avg speed    0.200 kHz), accepted    17236/   90001 events (19.15%)
Processed   100000/  115822 entries, 86.34% (elapsed time   495.3s, curr speed    0.217 kHz, avg speed    0.202 kHz), accepted    19370/  100001 events (19.37%)
Processed   110000/  115822 entries, 94.97% (elapsed time   542.6s, curr speed    0.211 kHz, avg speed    0.203 kHz), accepted    21130/  110001 events (19.21%)
Processed 115822 preselected entries from root://cmsxrootd.fnal.gov//store/data/Run2018A/JetHT/NANOAOD/UL2018_MiniAODv2_NanoAODv9-v2/100000/94D79456-EF47-7C4C-8D7E-E35D0EB5B1DB.root (1357076 entries). Finally selected 22267 entries
Total time 620.7 sec. to process 1357076 events. Rate = 2186.4 Hz.
Running pwd:
/storage/local/data1/condor/execute/dir_48183
Running ls -alrth:
total 172K
-rw-r--r--  1 shardulr fnalgrid 5.0K Jun 22 20:08 .job.ad
-rw-r--r--  1 shardulr fnalgrid  13K Jun 22 20:08 .machine.ad
-rwx------  1 shardulr fnalgrid   49 Jun 22 20:08 .chirp.config
-rw-------  1 shardulr fnalgrid  11K Jun 22 20:08 x509up
drwxr-xr-x  2 shardulr fnalgrid 4.0K Jun 22 20:08 samples
-rw-r--r--  1 shardulr fnalgrid  62K Jun 22 20:08 singleStopAnalyzer.py
-rwxr-xr-x  1 shardulr fnalgrid  704 Jun 22 20:08 condor_exec.exe
-rw-r--r--  1 shardulr fnalgrid  951 Jun 22 20:08 bJetMatcher.py
-rw-r--r--  1 shardulr fnalgrid    0 Jun 22 20:08 docker_stderror
drwxrwxrwt  2 shardulr fnalgrid 4.0K Jun 22 20:08 tmp
drwxrwxrwt  3 shardulr fnalgrid 4.0K Jun 22 20:08 var
drwxr-xr-x  3 root     root     4.0K Jun 22 20:08 ..
srwxr-xr-x  1 shardulr fnalgrid    0 Jun 22 20:08 .docker_sock
-rw-r--r--  1 shardulr fnalgrid  113 Jun 22 20:08 _condor_stderr
drwxr-xr-x 17 shardulr fnalgrid 4.0K Jun 22 20:09 CMSSW_10_6_19_patch2
drwxr-xr-x  2 shardulr fnalgrid 4.0K Jun 22 20:09 framework
-rw-r--r--  1 shardulr fnalgrid 1.7K Jun 22 20:09 bJetMatcher.pyc
drwxr-xr-x  3 shardulr fnalgrid 4.0K Jun 22 20:09 output
-rw-r--r--  1 shardulr fnalgrid  13K Jun 22 20:19 .update.ad
drwx------  8 shardulr fnalgrid 4.0K Jun 22 20:19 .
-rw-r--r--  1 shardulr fnalgrid 4.0K Jun 22 20:19 _condor_stdout
