[FERMIHTC-APPTAINER]: INFO -- No Apptainer image specified
[FERMIHTC-APPTAINER]: INFO -- Running job on the host machine

[FERMIHTC-APPTAINER]: INFO -- Running ./condor_exec.exe
Starting job on  Thu Jun 22 20:17:14 UTC 2023
Running on: Linux shardulr-32358499-421-cmswn2070.fnal.gov 3.10.0-1160.90.1.el7.x86_64 #1 SMP Thu Apr 27 13:14:20 CDT 2023 x86_64 x86_64 x86_64 GNU/Linux
System software: Scientific Linux release 7.9 (Nitrogen)
Running ls -alrth:
total 164K
-rw-r--r--  1 shardulr fnalgrid 5.0K Jun 22 20:17 .job.ad
-rw-r--r--  1 shardulr fnalgrid  13K Jun 22 20:17 .machine.ad
-rwx------  1 shardulr fnalgrid   49 Jun 22 20:17 .chirp.config
-rw-------  1 shardulr fnalgrid  11K Jun 22 20:17 x509up
drwxr-xr-x  2 shardulr fnalgrid 4.0K Jun 22 20:17 samples
-rw-r--r--  1 shardulr fnalgrid  62K Jun 22 20:17 singleStopAnalyzer.py
drwxr-xr-x  2 shardulr fnalgrid 4.0K Jun 22 20:17 framework
-rwxr-xr-x  1 shardulr fnalgrid  705 Jun 22 20:17 condor_exec.exe
-rw-r--r--  1 shardulr fnalgrid  951 Jun 22 20:17 bJetMatcher.py
-rw-r--r--  1 shardulr fnalgrid    0 Jun 22 20:17 docker_stderror
drwxrwxrwt  2 shardulr fnalgrid 4.0K Jun 22 20:17 tmp
drwxrwxrwt  3 shardulr fnalgrid 4.0K Jun 22 20:17 var
drwxr-xr-x  3 root     root     4.0K Jun 22 20:17 ..
-rw-r--r--  1 shardulr fnalgrid  13K Jun 22 20:17 .update.ad
srwxr-xr-x  1 shardulr fnalgrid    0 Jun 22 20:17 .docker_sock
-rw-r--r--  1 shardulr fnalgrid  113 Jun 22 20:17 _condor_stderr
drwx------  7 shardulr fnalgrid 4.0K Jun 22 20:17 .
drwxr-xr-x 17 shardulr fnalgrid 4.0K Jun 22 20:17 CMSSW_10_6_19_patch2
-rw-r--r--  1 shardulr fnalgrid  454 Jun 22 20:17 _condor_stdout
/storage/local/data1/condor/execute/dir_16238/CMSSW_10_6_19_patch2 is the CMSSW we created on the local worker node
Running over Data2018 files
Blinding data, only using CR cuts (0 loose b's)
Using UL 2018 campaign working points
Pre-select 109202 entries out of 1145263 (9.54%)
Processed    10000/  109202 entries,  9.16% (elapsed time    29.4s, curr speed    0.340 kHz, avg speed    0.340 kHz), accepted     1710/   10001 events (17.10%)
Processed    20000/  109202 entries, 18.31% (elapsed time    59.0s, curr speed    0.337 kHz, avg speed    0.339 kHz), accepted     3519/   20001 events (17.59%)
Processed    30000/  109202 entries, 27.47% (elapsed time    89.4s, curr speed    0.330 kHz, avg speed    0.336 kHz), accepted     5330/   30001 events (17.77%)
Processed    40000/  109202 entries, 36.63% (elapsed time   118.6s, curr speed    0.342 kHz, avg speed    0.337 kHz), accepted     6961/   40001 events (17.40%)
Processed    50000/  109202 entries, 45.79% (elapsed time   148.0s, curr speed    0.340 kHz, avg speed    0.338 kHz), accepted     8673/   50001 events (17.35%)
Processed    60000/  109202 entries, 54.94% (elapsed time   177.9s, curr speed    0.334 kHz, avg speed    0.337 kHz), accepted    10384/   60001 events (17.31%)
Processed    70000/  109202 entries, 64.10% (elapsed time   208.3s, curr speed    0.329 kHz, avg speed    0.336 kHz), accepted    12222/   70001 events (17.46%)
Processed    80000/  109202 entries, 73.26% (elapsed time   240.3s, curr speed    0.313 kHz, avg speed    0.333 kHz), accepted    14087/   80001 events (17.61%)
Processed    90000/  109202 entries, 82.42% (elapsed time   273.0s, curr speed    0.305 kHz, avg speed    0.330 kHz), accepted    15912/   90001 events (17.68%)
Processed   100000/  109202 entries, 91.57% (elapsed time   305.3s, curr speed    0.310 kHz, avg speed    0.328 kHz), accepted    17741/  100001 events (17.74%)
Processed 109202 preselected entries from root://cmsxrootd.fnal.gov//store/data/Run2018D/JetHT/NANOAOD/UL2018_MiniAODv2_NanoAODv9-v2/2810000/EA05BEB4-9C03-7F4A-9B93-4CF01E177160.root (1145263 entries). Finally selected 19427 entries
Total time 347.8 sec. to process 1145263 events. Rate = 3292.8 Hz.
Running pwd:
/storage/local/data1/condor/execute/dir_16238
Running ls -alrth:
total 172K
-rw-r--r--  1 shardulr fnalgrid 5.0K Jun 22 20:17 .job.ad
-rw-r--r--  1 shardulr fnalgrid  13K Jun 22 20:17 .machine.ad
-rwx------  1 shardulr fnalgrid   49 Jun 22 20:17 .chirp.config
-rw-------  1 shardulr fnalgrid  11K Jun 22 20:17 x509up
drwxr-xr-x  2 shardulr fnalgrid 4.0K Jun 22 20:17 samples
-rw-r--r--  1 shardulr fnalgrid  62K Jun 22 20:17 singleStopAnalyzer.py
-rwxr-xr-x  1 shardulr fnalgrid  705 Jun 22 20:17 condor_exec.exe
-rw-r--r--  1 shardulr fnalgrid  951 Jun 22 20:17 bJetMatcher.py
-rw-r--r--  1 shardulr fnalgrid    0 Jun 22 20:17 docker_stderror
drwxrwxrwt  2 shardulr fnalgrid 4.0K Jun 22 20:17 tmp
drwxrwxrwt  3 shardulr fnalgrid 4.0K Jun 22 20:17 var
drwxr-xr-x  3 root     root     4.0K Jun 22 20:17 ..
srwxr-xr-x  1 shardulr fnalgrid    0 Jun 22 20:17 .docker_sock
drwxr-xr-x 17 shardulr fnalgrid 4.0K Jun 22 20:17 CMSSW_10_6_19_patch2
drwxr-xr-x  2 shardulr fnalgrid 4.0K Jun 22 20:17 framework
-rw-r--r--  1 shardulr fnalgrid 1.7K Jun 22 20:17 bJetMatcher.pyc
drwxr-xr-x  3 shardulr fnalgrid 4.0K Jun 22 20:17 output
-rw-r--r--  1 shardulr fnalgrid  215 Jun 22 20:17 _condor_stderr
-rw-r--r--  1 shardulr fnalgrid  13K Jun 22 20:22 .update.ad
drwx------  8 shardulr fnalgrid 4.0K Jun 22 20:22 .
-rw-r--r--  1 shardulr fnalgrid 3.9K Jun 22 20:23 _condor_stdout
