[FERMIHTC-APPTAINER]: INFO -- No Apptainer image specified
[FERMIHTC-APPTAINER]: INFO -- Running job on the host machine

[FERMIHTC-APPTAINER]: INFO -- Running ./condor_exec.exe
Starting job on  Thu Jun 22 20:17:46 UTC 2023
Running on: Linux shardulr-32358499-447-cmswn2061.fnal.gov 3.10.0-1160.90.1.el7.x86_64 #1 SMP Thu Apr 27 13:14:20 CDT 2023 x86_64 x86_64 x86_64 GNU/Linux
System software: Scientific Linux release 7.9 (Nitrogen)
Running ls -alrth:
total 164K
-rw-r--r--  1 shardulr fnalgrid 5.0K Jun 22 20:17 .job.ad
-rw-r--r--  1 shardulr fnalgrid  13K Jun 22 20:17 .machine.ad
-rwx------  1 shardulr fnalgrid   49 Jun 22 20:17 .chirp.config
-rw-------  1 shardulr fnalgrid  11K Jun 22 20:17 x509up
drwxr-xr-x  2 shardulr fnalgrid 4.0K Jun 22 20:17 samples
drwxr-xr-x  2 shardulr fnalgrid 4.0K Jun 22 20:17 framework
-rw-r--r--  1 shardulr fnalgrid  62K Jun 22 20:17 singleStopAnalyzer.py
-rwxr-xr-x  1 shardulr fnalgrid  705 Jun 22 20:17 condor_exec.exe
-rw-r--r--  1 shardulr fnalgrid  951 Jun 22 20:17 bJetMatcher.py
-rw-r--r--  1 shardulr fnalgrid    0 Jun 22 20:17 docker_stderror
drwxrwxrwt  3 shardulr fnalgrid 4.0K Jun 22 20:17 var
drwxrwxrwt  2 shardulr fnalgrid 4.0K Jun 22 20:17 tmp
-rw-r--r--  1 shardulr fnalgrid  13K Jun 22 20:17 .update.ad
drwxr-xr-x  3 root     root     4.0K Jun 22 20:17 ..
srwxr-xr-x  1 shardulr fnalgrid    0 Jun 22 20:17 .docker_sock
-rw-r--r--  1 shardulr fnalgrid  113 Jun 22 20:17 _condor_stderr
drwx------  7 shardulr fnalgrid 4.0K Jun 22 20:17 .
drwxr-xr-x 17 shardulr fnalgrid 4.0K Jun 22 20:17 CMSSW_10_6_19_patch2
-rw-r--r--  1 shardulr fnalgrid  454 Jun 22 20:17 _condor_stdout
/storage/local/data1/condor/execute/dir_36825/CMSSW_10_6_19_patch2 is the CMSSW we created on the local worker node
Running over Data2018 files
Blinding data, only using CR cuts (0 loose b's)
Using UL 2018 campaign working points
Pre-select 106015 entries out of 1096270 (9.67%)
Processed    10000/  106015 entries,  9.43% (elapsed time    32.3s, curr speed    0.310 kHz, avg speed    0.310 kHz), accepted     2237/   10001 events (22.37%)
Processed    20000/  106015 entries, 18.87% (elapsed time    59.3s, curr speed    0.370 kHz, avg speed    0.337 kHz), accepted     3812/   20001 events (19.06%)
Processed    30000/  106015 entries, 28.30% (elapsed time    89.2s, curr speed    0.335 kHz, avg speed    0.337 kHz), accepted     5777/   30001 events (19.26%)
Processed    40000/  106015 entries, 37.73% (elapsed time   120.5s, curr speed    0.319 kHz, avg speed    0.332 kHz), accepted     7705/   40001 events (19.26%)
Processed    50000/  106015 entries, 47.16% (elapsed time   151.0s, curr speed    0.329 kHz, avg speed    0.331 kHz), accepted     9657/   50001 events (19.31%)
Processed    60000/  106015 entries, 56.60% (elapsed time   179.6s, curr speed    0.349 kHz, avg speed    0.334 kHz), accepted    11599/   60001 events (19.33%)
Processed    70000/  106015 entries, 66.03% (elapsed time   207.4s, curr speed    0.360 kHz, avg speed    0.338 kHz), accepted    13627/   70001 events (19.47%)
Processed    80000/  106015 entries, 75.46% (elapsed time   234.8s, curr speed    0.365 kHz, avg speed    0.341 kHz), accepted    15704/   80001 events (19.63%)
Processed    90000/  106015 entries, 84.89% (elapsed time   261.9s, curr speed    0.369 kHz, avg speed    0.344 kHz), accepted    17723/   90001 events (19.69%)
Processed   100000/  106015 entries, 94.33% (elapsed time   291.7s, curr speed    0.336 kHz, avg speed    0.343 kHz), accepted    19678/  100001 events (19.68%)
Processed 106015 preselected entries from root://cmsxrootd.fnal.gov//store/data/Run2018D/JetHT/NANOAOD/UL2018_MiniAODv2_NanoAODv9-v2/2430000/C938FC6B-69DB-1E4C-8CE9-869017AF6805.root (1096270 entries). Finally selected 21055 entries
Total time 320.4 sec. to process 1096270 events. Rate = 3421.8 Hz.
Running pwd:
/storage/local/data1/condor/execute/dir_36825
Running ls -alrth:
total 172K
-rw-r--r--  1 shardulr fnalgrid 5.0K Jun 22 20:17 .job.ad
-rw-r--r--  1 shardulr fnalgrid  13K Jun 22 20:17 .machine.ad
-rwx------  1 shardulr fnalgrid   49 Jun 22 20:17 .chirp.config
-rw-------  1 shardulr fnalgrid  11K Jun 22 20:17 x509up
drwxr-xr-x  2 shardulr fnalgrid 4.0K Jun 22 20:17 samples
-rw-r--r--  1 shardulr fnalgrid  62K Jun 22 20:17 singleStopAnalyzer.py
-rwxr-xr-x  1 shardulr fnalgrid  705 Jun 22 20:17 condor_exec.exe
-rw-r--r--  1 shardulr fnalgrid  951 Jun 22 20:17 bJetMatcher.py
-rw-r--r--  1 shardulr fnalgrid    0 Jun 22 20:17 docker_stderror
drwxrwxrwt  3 shardulr fnalgrid 4.0K Jun 22 20:17 var
drwxrwxrwt  2 shardulr fnalgrid 4.0K Jun 22 20:17 tmp
drwxr-xr-x  3 root     root     4.0K Jun 22 20:17 ..
srwxr-xr-x  1 shardulr fnalgrid    0 Jun 22 20:17 .docker_sock
drwxr-xr-x 17 shardulr fnalgrid 4.0K Jun 22 20:17 CMSSW_10_6_19_patch2
drwxr-xr-x  2 shardulr fnalgrid 4.0K Jun 22 20:17 framework
-rw-r--r--  1 shardulr fnalgrid 1.7K Jun 22 20:17 bJetMatcher.pyc
drwxr-xr-x  3 shardulr fnalgrid 4.0K Jun 22 20:17 output
-rw-r--r--  1 shardulr fnalgrid  215 Jun 22 20:18 _condor_stderr
-rw-r--r--  1 shardulr fnalgrid  13K Jun 22 20:23 .update.ad
drwx------  8 shardulr fnalgrid 4.0K Jun 22 20:23 .
-rw-r--r--  1 shardulr fnalgrid 3.9K Jun 22 20:23 _condor_stdout
