[FERMIHTC-APPTAINER]: INFO -- No Apptainer image specified
[FERMIHTC-APPTAINER]: INFO -- Running job on the host machine

[FERMIHTC-APPTAINER]: INFO -- Running ./condor_exec.exe
Starting job on  Thu Jun 22 20:11:02 UTC 2023
Running on: Linux shardulr-32358499-46-cmswn2036.fnal.gov 3.10.0-1160.90.1.el7.x86_64 #1 SMP Thu Apr 27 13:14:20 CDT 2023 x86_64 x86_64 x86_64 GNU/Linux
System software: Scientific Linux release 7.9 (Nitrogen)
Running ls -alrth:
total 164K
-rw-r--r--  1 shardulr fnalgrid 5.0K Jun 22 20:09 .job.ad
-rw-r--r--  1 shardulr fnalgrid  14K Jun 22 20:09 .machine.ad
-rwx------  1 shardulr fnalgrid   49 Jun 22 20:09 .chirp.config
-rw-------  1 shardulr fnalgrid  11K Jun 22 20:09 x509up
drwxr-xr-x  2 shardulr fnalgrid 4.0K Jun 22 20:09 samples
-rw-r--r--  1 shardulr fnalgrid  62K Jun 22 20:09 singleStopAnalyzer.py
drwxr-xr-x  2 shardulr fnalgrid 4.0K Jun 22 20:09 framework
-rwxr-xr-x  1 shardulr fnalgrid  704 Jun 22 20:09 condor_exec.exe
-rw-r--r--  1 shardulr fnalgrid  951 Jun 22 20:09 bJetMatcher.py
-rw-r--r--  1 shardulr fnalgrid    0 Jun 22 20:09 docker_stderror
drwxrwxrwt  3 shardulr fnalgrid 4.0K Jun 22 20:09 var
drwxrwxrwt  2 shardulr fnalgrid 4.0K Jun 22 20:09 tmp
drwxr-xr-x  3 root     root     4.0K Jun 22 20:10 ..
srwxr-xr-x  1 shardulr fnalgrid    0 Jun 22 20:10 .docker_sock
-rw-r--r--  1 shardulr fnalgrid  13K Jun 22 20:11 .update.ad
-rw-r--r--  1 shardulr fnalgrid  113 Jun 22 20:11 _condor_stderr
drwx------  7 shardulr fnalgrid 4.0K Jun 22 20:11 .
drwxr-xr-x 17 shardulr fnalgrid 4.0K Jun 22 20:11 CMSSW_10_6_19_patch2
-rw-r--r--  1 shardulr fnalgrid  453 Jun 22 20:11 _condor_stdout
/storage/local/data1/condor/execute/dir_26670/CMSSW_10_6_19_patch2 is the CMSSW we created on the local worker node
Running over Data2018 files
Blinding data, only using CR cuts (0 loose b's)
Using UL 2018 campaign working points
Pre-select 93806 entries out of 952654 (9.85%)
Processed    10000/   93806 entries, 10.66% (elapsed time    24.5s, curr speed    0.409 kHz, avg speed    0.409 kHz), accepted     2015/   10001 events (20.15%)
Processed    20000/   93806 entries, 21.32% (elapsed time    44.3s, curr speed    0.505 kHz, avg speed    0.452 kHz), accepted     3437/   20001 events (17.18%)
Processed    30000/   93806 entries, 31.98% (elapsed time    65.7s, curr speed    0.467 kHz, avg speed    0.457 kHz), accepted     5106/   30001 events (17.02%)
Processed    40000/   93806 entries, 42.64% (elapsed time    89.1s, curr speed    0.428 kHz, avg speed    0.449 kHz), accepted     7178/   40001 events (17.94%)
Processed    50000/   93806 entries, 53.30% (elapsed time   112.8s, curr speed    0.422 kHz, avg speed    0.443 kHz), accepted     9225/   50001 events (18.45%)
Processed    60000/   93806 entries, 63.96% (elapsed time   135.7s, curr speed    0.435 kHz, avg speed    0.442 kHz), accepted    11179/   60001 events (18.63%)
Processed    70000/   93806 entries, 74.62% (elapsed time   159.7s, curr speed    0.417 kHz, avg speed    0.438 kHz), accepted    13277/   70001 events (18.97%)
Processed    80000/   93806 entries, 85.28% (elapsed time   184.2s, curr speed    0.408 kHz, avg speed    0.434 kHz), accepted    15366/   80001 events (19.21%)
Processed    90000/   93806 entries, 95.94% (elapsed time   207.7s, curr speed    0.425 kHz, avg speed    0.433 kHz), accepted    17359/   90001 events (19.29%)
Processed 93806 preselected entries from root://cmsxrootd.fnal.gov//store/data/Run2018A/JetHT/NANOAOD/UL2018_MiniAODv2_NanoAODv9-v2/250000/2F422EC0-8AD9-EC44-AA4F-AE3FF5BA9D8C.root (952654 entries). Finally selected 18126 entries
Total time 222.3 sec. to process 952654 events. Rate = 4284.9 Hz.
Running pwd:
/storage/local/data1/condor/execute/dir_26670
Running ls -alrth:
total 172K
-rw-r--r--  1 shardulr fnalgrid 5.0K Jun 22 20:09 .job.ad
-rw-r--r--  1 shardulr fnalgrid  14K Jun 22 20:09 .machine.ad
-rwx------  1 shardulr fnalgrid   49 Jun 22 20:09 .chirp.config
-rw-------  1 shardulr fnalgrid  11K Jun 22 20:09 x509up
drwxr-xr-x  2 shardulr fnalgrid 4.0K Jun 22 20:09 samples
-rw-r--r--  1 shardulr fnalgrid  62K Jun 22 20:09 singleStopAnalyzer.py
-rwxr-xr-x  1 shardulr fnalgrid  704 Jun 22 20:09 condor_exec.exe
-rw-r--r--  1 shardulr fnalgrid  951 Jun 22 20:09 bJetMatcher.py
-rw-r--r--  1 shardulr fnalgrid    0 Jun 22 20:09 docker_stderror
drwxrwxrwt  3 shardulr fnalgrid 4.0K Jun 22 20:09 var
drwxrwxrwt  2 shardulr fnalgrid 4.0K Jun 22 20:09 tmp
drwxr-xr-x  3 root     root     4.0K Jun 22 20:10 ..
srwxr-xr-x  1 shardulr fnalgrid    0 Jun 22 20:10 .docker_sock
drwxr-xr-x 17 shardulr fnalgrid 4.0K Jun 22 20:11 CMSSW_10_6_19_patch2
drwxr-xr-x  2 shardulr fnalgrid 4.0K Jun 22 20:11 framework
-rw-r--r--  1 shardulr fnalgrid 1.7K Jun 22 20:11 bJetMatcher.pyc
drwxr-xr-x  3 shardulr fnalgrid 4.0K Jun 22 20:11 output
-rw-r--r--  1 shardulr fnalgrid  215 Jun 22 20:11 _condor_stderr
-rw-r--r--  1 shardulr fnalgrid  13K Jun 22 20:14 .update.ad
drwx------  8 shardulr fnalgrid 4.0K Jun 22 20:14 .
-rw-r--r--  1 shardulr fnalgrid 3.7K Jun 22 20:14 _condor_stdout
