[FERMIHTC-APPTAINER]: INFO -- No Apptainer image specified
[FERMIHTC-APPTAINER]: INFO -- Running job on the host machine

[FERMIHTC-APPTAINER]: INFO -- Running ./condor_exec.exe
Starting job on  Thu Jun 22 20:10:58 UTC 2023
Running on: Linux shardulr-32358499-154-cmswn2039.fnal.gov 3.10.0-1160.90.1.el7.x86_64 #1 SMP Thu Apr 27 13:14:20 CDT 2023 x86_64 x86_64 x86_64 GNU/Linux
System software: Scientific Linux release 7.9 (Nitrogen)
Running ls -alrth:
total 164K
-rw-r--r--  1 shardulr fnalgrid 5.0K Jun 22 20:10 .job.ad
-rw-r--r--  1 shardulr fnalgrid  13K Jun 22 20:10 .machine.ad
-rwx------  1 shardulr fnalgrid   49 Jun 22 20:10 .chirp.config
-rw-------  1 shardulr fnalgrid  11K Jun 22 20:10 x509up
drwxr-xr-x  2 shardulr fnalgrid 4.0K Jun 22 20:10 samples
drwxr-xr-x  2 shardulr fnalgrid 4.0K Jun 22 20:10 framework
-rw-r--r--  1 shardulr fnalgrid  62K Jun 22 20:10 singleStopAnalyzer.py
-rwxr-xr-x  1 shardulr fnalgrid  705 Jun 22 20:10 condor_exec.exe
-rw-r--r--  1 shardulr fnalgrid  951 Jun 22 20:10 bJetMatcher.py
-rw-r--r--  1 shardulr fnalgrid    0 Jun 22 20:10 docker_stderror
drwxrwxrwt  3 shardulr fnalgrid 4.0K Jun 22 20:10 var
drwxrwxrwt  2 shardulr fnalgrid 4.0K Jun 22 20:10 tmp
-rw-r--r--  1 shardulr fnalgrid  13K Jun 22 20:10 .update.ad
drwxr-xr-x  3 root     root     4.0K Jun 22 20:10 ..
srwxr-xr-x  1 shardulr fnalgrid    0 Jun 22 20:10 .docker_sock
-rw-r--r--  1 shardulr fnalgrid  113 Jun 22 20:10 _condor_stderr
drwx------  7 shardulr fnalgrid 4.0K Jun 22 20:10 .
drwxr-xr-x 17 shardulr fnalgrid 4.0K Jun 22 20:10 CMSSW_10_6_19_patch2
-rw-r--r--  1 shardulr fnalgrid  454 Jun 22 20:10 _condor_stdout
/storage/local/data1/condor/execute/dir_25066/CMSSW_10_6_19_patch2 is the CMSSW we created on the local worker node
Running over Data2018 files
Blinding data, only using CR cuts (0 loose b's)
Using UL 2018 campaign working points
Pre-select 208823 entries out of 2224731 (9.39%)
Processed    10000/  208823 entries,  4.79% (elapsed time    43.5s, curr speed    0.230 kHz, avg speed    0.230 kHz), accepted     1686/   10001 events (16.86%)
Processed    20000/  208823 entries,  9.58% (elapsed time    85.8s, curr speed    0.237 kHz, avg speed    0.233 kHz), accepted     3346/   20001 events (16.73%)
Processed    30000/  208823 entries, 14.37% (elapsed time   128.6s, curr speed    0.233 kHz, avg speed    0.233 kHz), accepted     5079/   30001 events (16.93%)
Processed    40000/  208823 entries, 19.15% (elapsed time   170.9s, curr speed    0.236 kHz, avg speed    0.234 kHz), accepted     7151/   40001 events (17.88%)
Processed    50000/  208823 entries, 23.94% (elapsed time   213.9s, curr speed    0.233 kHz, avg speed    0.234 kHz), accepted     9278/   50001 events (18.56%)
Processed    60000/  208823 entries, 28.73% (elapsed time   256.4s, curr speed    0.235 kHz, avg speed    0.234 kHz), accepted    11284/   60001 events (18.81%)
Processed    70000/  208823 entries, 33.52% (elapsed time   299.7s, curr speed    0.231 kHz, avg speed    0.234 kHz), accepted    13069/   70001 events (18.67%)
Processed    80000/  208823 entries, 38.31% (elapsed time   344.0s, curr speed    0.226 kHz, avg speed    0.233 kHz), accepted    14846/   80001 events (18.56%)
Processed    90000/  208823 entries, 43.10% (elapsed time   389.4s, curr speed    0.220 kHz, avg speed    0.231 kHz), accepted    16631/   90001 events (18.48%)
Processed   100000/  208823 entries, 47.89% (elapsed time   437.5s, curr speed    0.208 kHz, avg speed    0.229 kHz), accepted    18401/  100001 events (18.40%)
Processed   110000/  208823 entries, 52.68% (elapsed time   486.8s, curr speed    0.203 kHz, avg speed    0.226 kHz), accepted    20216/  110001 events (18.38%)
Processed   120000/  208823 entries, 57.46% (elapsed time   534.3s, curr speed    0.211 kHz, avg speed    0.225 kHz), accepted    22216/  120001 events (18.51%)
Processed   130000/  208823 entries, 62.25% (elapsed time   581.0s, curr speed    0.214 kHz, avg speed    0.224 kHz), accepted    24191/  130001 events (18.61%)
Processed   140000/  208823 entries, 67.04% (elapsed time   625.2s, curr speed    0.226 kHz, avg speed    0.224 kHz), accepted    26037/  140001 events (18.60%)
Processed   150000/  208823 entries, 71.83% (elapsed time   669.8s, curr speed    0.224 kHz, avg speed    0.224 kHz), accepted    27537/  150001 events (18.36%)
Processed   160000/  208823 entries, 76.62% (elapsed time   715.1s, curr speed    0.221 kHz, avg speed    0.224 kHz), accepted    29137/  160001 events (18.21%)
Processed   170000/  208823 entries, 81.41% (elapsed time   759.3s, curr speed    0.226 kHz, avg speed    0.224 kHz), accepted    30871/  170001 events (18.16%)
Processed   180000/  208823 entries, 86.20% (elapsed time   802.9s, curr speed    0.229 kHz, avg speed    0.224 kHz), accepted    32564/  180001 events (18.09%)
Processed   190000/  208823 entries, 90.99% (elapsed time   845.4s, curr speed    0.235 kHz, avg speed    0.225 kHz), accepted    34349/  190001 events (18.08%)
Processed   200000/  208823 entries, 95.77% (elapsed time   889.2s, curr speed    0.228 kHz, avg speed    0.225 kHz), accepted    36310/  200001 events (18.15%)
Processed 208823 preselected entries from root://cmsxrootd.fnal.gov//store/data/Run2018B/JetHT/NANOAOD/UL2018_MiniAODv2_NanoAODv9-v1/120000/06A72B20-067B-104A-A34F-8A4287DAE44A.root (2224731 entries). Finally selected 38198 entries
Total time 1011.5 sec. to process 2224731 events. Rate = 2199.5 Hz.
Running pwd:
/storage/local/data1/condor/execute/dir_25066
Running ls -alrth:
total 176K
-rw-r--r--  1 shardulr fnalgrid 5.0K Jun 22 20:10 .job.ad
-rw-r--r--  1 shardulr fnalgrid  13K Jun 22 20:10 .machine.ad
-rwx------  1 shardulr fnalgrid   49 Jun 22 20:10 .chirp.config
-rw-------  1 shardulr fnalgrid  11K Jun 22 20:10 x509up
drwxr-xr-x  2 shardulr fnalgrid 4.0K Jun 22 20:10 samples
-rw-r--r--  1 shardulr fnalgrid  62K Jun 22 20:10 singleStopAnalyzer.py
-rwxr-xr-x  1 shardulr fnalgrid  705 Jun 22 20:10 condor_exec.exe
-rw-r--r--  1 shardulr fnalgrid  951 Jun 22 20:10 bJetMatcher.py
-rw-r--r--  1 shardulr fnalgrid    0 Jun 22 20:10 docker_stderror
drwxrwxrwt  3 shardulr fnalgrid 4.0K Jun 22 20:10 var
drwxrwxrwt  2 shardulr fnalgrid 4.0K Jun 22 20:10 tmp
drwxr-xr-x  3 root     root     4.0K Jun 22 20:10 ..
srwxr-xr-x  1 shardulr fnalgrid    0 Jun 22 20:10 .docker_sock
-rw-r--r--  1 shardulr fnalgrid  113 Jun 22 20:10 _condor_stderr
drwxr-xr-x 17 shardulr fnalgrid 4.0K Jun 22 20:10 CMSSW_10_6_19_patch2
drwxr-xr-x  2 shardulr fnalgrid 4.0K Jun 22 20:11 framework
-rw-r--r--  1 shardulr fnalgrid 1.7K Jun 22 20:11 bJetMatcher.pyc
drwxr-xr-x  3 shardulr fnalgrid 4.0K Jun 22 20:11 output
-rw-r--r--  1 shardulr fnalgrid  13K Jun 22 20:27 .update.ad
drwx------  8 shardulr fnalgrid 4.0K Jun 22 20:27 .
-rw-r--r--  1 shardulr fnalgrid 5.4K Jun 22 20:28 _condor_stdout
