[FERMIHTC-APPTAINER]: INFO -- No Apptainer image specified
[FERMIHTC-APPTAINER]: INFO -- Running job on the host machine

[FERMIHTC-APPTAINER]: INFO -- Running ./condor_exec.exe
Starting job on  Thu Jun 22 20:15:50 UTC 2023
Running on: Linux shardulr-32358499-347-cmswn2038.fnal.gov 3.10.0-1160.90.1.el7.x86_64 #1 SMP Thu Apr 27 13:14:20 CDT 2023 x86_64 x86_64 x86_64 GNU/Linux
System software: Scientific Linux release 7.9 (Nitrogen)
Running ls -alrth:
total 164K
-rw-r--r--  1 shardulr fnalgrid 5.0K Jun 22 20:15 .job.ad
-rw-r--r--  1 shardulr fnalgrid  13K Jun 22 20:15 .machine.ad
-rwx------  1 shardulr fnalgrid   49 Jun 22 20:15 .chirp.config
-rw-------  1 shardulr fnalgrid  11K Jun 22 20:15 x509up
drwxr-xr-x  2 shardulr fnalgrid 4.0K Jun 22 20:15 samples
-rw-r--r--  1 shardulr fnalgrid  62K Jun 22 20:15 singleStopAnalyzer.py
drwxr-xr-x  2 shardulr fnalgrid 4.0K Jun 22 20:15 framework
-rwxr-xr-x  1 shardulr fnalgrid  705 Jun 22 20:15 condor_exec.exe
-rw-r--r--  1 shardulr fnalgrid  951 Jun 22 20:15 bJetMatcher.py
-rw-r--r--  1 shardulr fnalgrid    0 Jun 22 20:15 docker_stderror
drwxrwxrwt  3 shardulr fnalgrid 4.0K Jun 22 20:15 var
drwxrwxrwt  2 shardulr fnalgrid 4.0K Jun 22 20:15 tmp
-rw-r--r--  1 shardulr fnalgrid  13K Jun 22 20:15 .update.ad
drwxr-xr-x  3 root     root     4.0K Jun 22 20:15 ..
srwxr-xr-x  1 shardulr fnalgrid    0 Jun 22 20:15 .docker_sock
-rw-r--r--  1 shardulr fnalgrid  113 Jun 22 20:15 _condor_stderr
drwx------  7 shardulr fnalgrid 4.0K Jun 22 20:15 .
drwxr-xr-x 17 shardulr fnalgrid 4.0K Jun 22 20:15 CMSSW_10_6_19_patch2
-rw-r--r--  1 shardulr fnalgrid  454 Jun 22 20:15 _condor_stdout
/storage/local/data1/condor/execute/dir_53408/CMSSW_10_6_19_patch2 is the CMSSW we created on the local worker node
Running over Data2018 files
Blinding data, only using CR cuts (0 loose b's)
Using UL 2018 campaign working points
Pre-select 142281 entries out of 1414515 (10.06%)
Processed    10000/  142281 entries,  7.03% (elapsed time    29.0s, curr speed    0.345 kHz, avg speed    0.345 kHz), accepted     1774/   10001 events (17.74%)
Processed    20000/  142281 entries, 14.06% (elapsed time    57.6s, curr speed    0.350 kHz, avg speed    0.347 kHz), accepted     3632/   20001 events (18.16%)
Processed    30000/  142281 entries, 21.09% (elapsed time    85.9s, curr speed    0.354 kHz, avg speed    0.349 kHz), accepted     5448/   30001 events (18.16%)
Processed    40000/  142281 entries, 28.11% (elapsed time   114.5s, curr speed    0.349 kHz, avg speed    0.349 kHz), accepted     7547/   40001 events (18.87%)
Processed    50000/  142281 entries, 35.14% (elapsed time   144.4s, curr speed    0.335 kHz, avg speed    0.346 kHz), accepted     9658/   50001 events (19.32%)
Processed    60000/  142281 entries, 42.17% (elapsed time   173.1s, curr speed    0.348 kHz, avg speed    0.347 kHz), accepted    11718/   60001 events (19.53%)
Processed    70000/  142281 entries, 49.20% (elapsed time   203.4s, curr speed    0.330 kHz, avg speed    0.344 kHz), accepted    13872/   70001 events (19.82%)
Processed    80000/  142281 entries, 56.23% (elapsed time   233.4s, curr speed    0.333 kHz, avg speed    0.343 kHz), accepted    16012/   80001 events (20.01%)
Processed    90000/  142281 entries, 63.26% (elapsed time   263.5s, curr speed    0.332 kHz, avg speed    0.342 kHz), accepted    18184/   90001 events (20.20%)
Processed   100000/  142281 entries, 70.28% (elapsed time   293.5s, curr speed    0.333 kHz, avg speed    0.341 kHz), accepted    20306/  100001 events (20.31%)
Processed   110000/  142281 entries, 77.31% (elapsed time   324.5s, curr speed    0.322 kHz, avg speed    0.339 kHz), accepted    22511/  110001 events (20.46%)
Processed   120000/  142281 entries, 84.34% (elapsed time   355.3s, curr speed    0.325 kHz, avg speed    0.338 kHz), accepted    24710/  120001 events (20.59%)
Processed   130000/  142281 entries, 91.37% (elapsed time   384.8s, curr speed    0.339 kHz, avg speed    0.338 kHz), accepted    26795/  130001 events (20.61%)
Processed   140000/  142281 entries, 98.40% (elapsed time   414.6s, curr speed    0.336 kHz, avg speed    0.338 kHz), accepted    28911/  140001 events (20.65%)
Processed 142281 preselected entries from root://cmsxrootd.fnal.gov//store/data/Run2018D/JetHT/NANOAOD/UL2018_MiniAODv2_NanoAODv9-v2/2540000/E7C3AB9E-9B32-3641-B2FA-AB3BC2F77886.root (1414515 entries). Finally selected 29384 entries
Total time 428.5 sec. to process 1414515 events. Rate = 3301.4 Hz.
Running pwd:
/storage/local/data1/condor/execute/dir_53408
Running ls -alrth:
total 176K
-rw-r--r--  1 shardulr fnalgrid 5.0K Jun 22 20:15 .job.ad
-rw-r--r--  1 shardulr fnalgrid  13K Jun 22 20:15 .machine.ad
-rwx------  1 shardulr fnalgrid   49 Jun 22 20:15 .chirp.config
-rw-------  1 shardulr fnalgrid  11K Jun 22 20:15 x509up
drwxr-xr-x  2 shardulr fnalgrid 4.0K Jun 22 20:15 samples
-rw-r--r--  1 shardulr fnalgrid  62K Jun 22 20:15 singleStopAnalyzer.py
-rwxr-xr-x  1 shardulr fnalgrid  705 Jun 22 20:15 condor_exec.exe
-rw-r--r--  1 shardulr fnalgrid  951 Jun 22 20:15 bJetMatcher.py
-rw-r--r--  1 shardulr fnalgrid    0 Jun 22 20:15 docker_stderror
drwxrwxrwt  3 shardulr fnalgrid 4.0K Jun 22 20:15 var
drwxrwxrwt  2 shardulr fnalgrid 4.0K Jun 22 20:15 tmp
drwxr-xr-x  3 root     root     4.0K Jun 22 20:15 ..
srwxr-xr-x  1 shardulr fnalgrid    0 Jun 22 20:15 .docker_sock
drwxr-xr-x 17 shardulr fnalgrid 4.0K Jun 22 20:15 CMSSW_10_6_19_patch2
drwxr-xr-x  2 shardulr fnalgrid 4.0K Jun 22 20:15 framework
-rw-r--r--  1 shardulr fnalgrid 1.7K Jun 22 20:15 bJetMatcher.pyc
drwxr-xr-x  3 shardulr fnalgrid 4.0K Jun 22 20:15 output
-rw-r--r--  1 shardulr fnalgrid  215 Jun 22 20:15 _condor_stderr
-rw-r--r--  1 shardulr fnalgrid  13K Jun 22 20:22 .update.ad
drwx------  8 shardulr fnalgrid 4.0K Jun 22 20:22 .
-rw-r--r--  1 shardulr fnalgrid 4.5K Jun 22 20:23 _condor_stdout
