[FERMIHTC-APPTAINER]: INFO -- No Apptainer image specified
[FERMIHTC-APPTAINER]: INFO -- Running job on the host machine

[FERMIHTC-APPTAINER]: INFO -- Running ./condor_exec.exe
Starting job on  Thu Jun 22 20:16:43 UTC 2023
Running on: Linux shardulr-32358499-378-cmswn2082.fnal.gov 3.10.0-1160.90.1.el7.x86_64 #1 SMP Thu Apr 27 13:14:20 CDT 2023 x86_64 x86_64 x86_64 GNU/Linux
System software: Scientific Linux release 7.9 (Nitrogen)
Running ls -alrth:
total 164K
-rw-r--r--  1 shardulr fnalgrid  13K Jun 22 20:16 .machine.ad
-rw-r--r--  1 shardulr fnalgrid 5.0K Jun 22 20:16 .job.ad
-rwx------  1 shardulr fnalgrid   49 Jun 22 20:16 .chirp.config
-rw-------  1 shardulr fnalgrid  11K Jun 22 20:16 x509up
drwxr-xr-x  2 shardulr fnalgrid 4.0K Jun 22 20:16 samples
drwxr-xr-x  2 shardulr fnalgrid 4.0K Jun 22 20:16 framework
-rw-r--r--  1 shardulr fnalgrid  62K Jun 22 20:16 singleStopAnalyzer.py
-rw-r--r--  1 shardulr fnalgrid  951 Jun 22 20:16 bJetMatcher.py
-rwxr-xr-x  1 shardulr fnalgrid  705 Jun 22 20:16 condor_exec.exe
-rw-r--r--  1 shardulr fnalgrid    0 Jun 22 20:16 docker_stderror
drwxrwxrwt  3 shardulr fnalgrid 4.0K Jun 22 20:16 var
drwxrwxrwt  2 shardulr fnalgrid 4.0K Jun 22 20:16 tmp
drwxr-xr-x  3 root     root     4.0K Jun 22 20:16 ..
-rw-r--r--  1 shardulr fnalgrid  13K Jun 22 20:16 .update.ad
srwxr-xr-x  1 shardulr fnalgrid    0 Jun 22 20:16 .docker_sock
-rw-r--r--  1 shardulr fnalgrid  113 Jun 22 20:16 _condor_stderr
drwx------  7 shardulr fnalgrid 4.0K Jun 22 20:16 .
drwxr-xr-x 17 shardulr fnalgrid 4.0K Jun 22 20:16 CMSSW_10_6_19_patch2
-rw-r--r--  1 shardulr fnalgrid  454 Jun 22 20:16 _condor_stdout
/storage/local/data1/condor/execute/dir_41558/CMSSW_10_6_19_patch2 is the CMSSW we created on the local worker node
Running over Data2018 files
Blinding data, only using CR cuts (0 loose b's)
Using UL 2018 campaign working points
Pre-select 123872 entries out of 1287725 (9.62%)
Processed    10000/  123872 entries,  8.07% (elapsed time    24.9s, curr speed    0.402 kHz, avg speed    0.402 kHz), accepted     1913/   10001 events (19.13%)
Processed    20000/  123872 entries, 16.15% (elapsed time    49.8s, curr speed    0.401 kHz, avg speed    0.402 kHz), accepted     3935/   20001 events (19.67%)
Processed    30000/  123872 entries, 24.22% (elapsed time    74.7s, curr speed    0.401 kHz, avg speed    0.401 kHz), accepted     5897/   30001 events (19.66%)
Processed    40000/  123872 entries, 32.29% (elapsed time   100.3s, curr speed    0.391 kHz, avg speed    0.399 kHz), accepted     8028/   40001 events (20.07%)
Processed    50000/  123872 entries, 40.36% (elapsed time   127.0s, curr speed    0.374 kHz, avg speed    0.394 kHz), accepted    10286/   50001 events (20.57%)
Processed    60000/  123872 entries, 48.44% (elapsed time   152.5s, curr speed    0.393 kHz, avg speed    0.394 kHz), accepted    12459/   60001 events (20.76%)
Processed    70000/  123872 entries, 56.51% (elapsed time   177.6s, curr speed    0.398 kHz, avg speed    0.394 kHz), accepted    14468/   70001 events (20.67%)
Processed    80000/  123872 entries, 64.58% (elapsed time   202.9s, curr speed    0.396 kHz, avg speed    0.394 kHz), accepted    16442/   80001 events (20.55%)
Processed    90000/  123872 entries, 72.66% (elapsed time   227.7s, curr speed    0.402 kHz, avg speed    0.395 kHz), accepted    18393/   90001 events (20.44%)
Processed   100000/  123872 entries, 80.73% (elapsed time   253.8s, curr speed    0.384 kHz, avg speed    0.394 kHz), accepted    20565/  100001 events (20.56%)
Processed   110000/  123872 entries, 88.80% (elapsed time   278.7s, curr speed    0.402 kHz, avg speed    0.395 kHz), accepted    22404/  110001 events (20.37%)
Processed   120000/  123872 entries, 96.87% (elapsed time   303.7s, curr speed    0.401 kHz, avg speed    0.395 kHz), accepted    24506/  120001 events (20.42%)
Processed 123872 preselected entries from root://cmsxrootd.fnal.gov//store/data/Run2018D/JetHT/NANOAOD/UL2018_MiniAODv2_NanoAODv9-v2/2810000/5FA8574F-9901-B645-B6B5-22F89B5A3451.root (1287725 entries). Finally selected 25324 entries
Total time 324.8 sec. to process 1287725 events. Rate = 3964.6 Hz.
Running pwd:
/storage/local/data1/condor/execute/dir_41558
Running ls -alrth:
total 176K
-rw-r--r--  1 shardulr fnalgrid  13K Jun 22 20:16 .machine.ad
-rw-r--r--  1 shardulr fnalgrid 5.0K Jun 22 20:16 .job.ad
-rwx------  1 shardulr fnalgrid   49 Jun 22 20:16 .chirp.config
-rw-------  1 shardulr fnalgrid  11K Jun 22 20:16 x509up
drwxr-xr-x  2 shardulr fnalgrid 4.0K Jun 22 20:16 samples
-rw-r--r--  1 shardulr fnalgrid  62K Jun 22 20:16 singleStopAnalyzer.py
-rw-r--r--  1 shardulr fnalgrid  951 Jun 22 20:16 bJetMatcher.py
-rwxr-xr-x  1 shardulr fnalgrid  705 Jun 22 20:16 condor_exec.exe
-rw-r--r--  1 shardulr fnalgrid    0 Jun 22 20:16 docker_stderror
drwxrwxrwt  3 shardulr fnalgrid 4.0K Jun 22 20:16 var
drwxrwxrwt  2 shardulr fnalgrid 4.0K Jun 22 20:16 tmp
drwxr-xr-x  3 root     root     4.0K Jun 22 20:16 ..
srwxr-xr-x  1 shardulr fnalgrid    0 Jun 22 20:16 .docker_sock
drwxr-xr-x 17 shardulr fnalgrid 4.0K Jun 22 20:16 CMSSW_10_6_19_patch2
drwxr-xr-x  2 shardulr fnalgrid 4.0K Jun 22 20:16 framework
-rw-r--r--  1 shardulr fnalgrid 1.7K Jun 22 20:16 bJetMatcher.pyc
drwxr-xr-x  3 shardulr fnalgrid 4.0K Jun 22 20:16 output
-rw-r--r--  1 shardulr fnalgrid  215 Jun 22 20:16 _condor_stderr
-rw-r--r--  1 shardulr fnalgrid  13K Jun 22 20:22 .update.ad
drwx------  8 shardulr fnalgrid 4.0K Jun 22 20:22 .
-rw-r--r--  1 shardulr fnalgrid 4.2K Jun 22 20:22 _condor_stdout
