[FERMIHTC-APPTAINER]: INFO -- No Apptainer image specified
[FERMIHTC-APPTAINER]: INFO -- Running job on the host machine

[FERMIHTC-APPTAINER]: INFO -- Running ./condor_exec.exe
Starting job on  Thu Jun 22 20:12:35 UTC 2023
Running on: Linux shardulr-32358499-233-cmswn2079.fnal.gov 3.10.0-1160.90.1.el7.x86_64 #1 SMP Thu Apr 27 13:14:20 CDT 2023 x86_64 x86_64 x86_64 GNU/Linux
System software: Scientific Linux release 7.9 (Nitrogen)
Running ls -alrth:
total 164K
-rw-r--r--  1 shardulr fnalgrid 5.0K Jun 22 20:12 .job.ad
-rw-r--r--  1 shardulr fnalgrid  14K Jun 22 20:12 .machine.ad
-rwx------  1 shardulr fnalgrid   49 Jun 22 20:12 .chirp.config
-rw-------  1 shardulr fnalgrid  11K Jun 22 20:12 x509up
drwxr-xr-x  2 shardulr fnalgrid 4.0K Jun 22 20:12 samples
drwxr-xr-x  2 shardulr fnalgrid 4.0K Jun 22 20:12 framework
-rw-r--r--  1 shardulr fnalgrid  62K Jun 22 20:12 singleStopAnalyzer.py
-rwxr-xr-x  1 shardulr fnalgrid  705 Jun 22 20:12 condor_exec.exe
-rw-r--r--  1 shardulr fnalgrid  951 Jun 22 20:12 bJetMatcher.py
-rw-r--r--  1 shardulr fnalgrid    0 Jun 22 20:12 docker_stderror
drwxrwxrwt  3 shardulr fnalgrid 4.0K Jun 22 20:12 var
drwxrwxrwt  2 shardulr fnalgrid 4.0K Jun 22 20:12 tmp
-rw-r--r--  1 shardulr fnalgrid  13K Jun 22 20:12 .update.ad
drwxr-xr-x  3 root     root     4.0K Jun 22 20:12 ..
srwxr-xr-x  1 shardulr fnalgrid    0 Jun 22 20:12 .docker_sock
-rw-r--r--  1 shardulr fnalgrid  113 Jun 22 20:12 _condor_stderr
drwx------  7 shardulr fnalgrid 4.0K Jun 22 20:12 .
drwxr-xr-x 17 shardulr fnalgrid 4.0K Jun 22 20:12 CMSSW_10_6_19_patch2
-rw-r--r--  1 shardulr fnalgrid  454 Jun 22 20:12 _condor_stdout
/storage/local/data1/condor/execute/dir_48051/CMSSW_10_6_19_patch2 is the CMSSW we created on the local worker node
Running over Data2018 files
Blinding data, only using CR cuts (0 loose b's)
Using UL 2018 campaign working points
Pre-select 208390 entries out of 1994607 (10.45%)
Processed    10000/  208390 entries,  4.80% (elapsed time    32.3s, curr speed    0.310 kHz, avg speed    0.310 kHz), accepted     1969/   10001 events (19.69%)
Processed    20000/  208390 entries,  9.60% (elapsed time    63.3s, curr speed    0.322 kHz, avg speed    0.316 kHz), accepted     3875/   20001 events (19.37%)
Processed    30000/  208390 entries, 14.40% (elapsed time    94.6s, curr speed    0.320 kHz, avg speed    0.317 kHz), accepted     5803/   30001 events (19.34%)
Processed    40000/  208390 entries, 19.19% (elapsed time   126.6s, curr speed    0.312 kHz, avg speed    0.316 kHz), accepted     7476/   40001 events (18.69%)
Processed    50000/  208390 entries, 23.99% (elapsed time   158.0s, curr speed    0.319 kHz, avg speed    0.317 kHz), accepted     9251/   50001 events (18.50%)
Processed    60000/  208390 entries, 28.79% (elapsed time   189.8s, curr speed    0.314 kHz, avg speed    0.316 kHz), accepted    11147/   60001 events (18.58%)
Processed    70000/  208390 entries, 33.59% (elapsed time   222.2s, curr speed    0.308 kHz, avg speed    0.315 kHz), accepted    13185/   70001 events (18.84%)
Processed    80000/  208390 entries, 38.39% (elapsed time   256.6s, curr speed    0.291 kHz, avg speed    0.312 kHz), accepted    15304/   80001 events (19.13%)
Processed    90000/  208390 entries, 43.19% (elapsed time   289.3s, curr speed    0.306 kHz, avg speed    0.311 kHz), accepted    17398/   90001 events (19.33%)
Processed   100000/  208390 entries, 47.99% (elapsed time   321.8s, curr speed    0.308 kHz, avg speed    0.311 kHz), accepted    19476/  100001 events (19.48%)
Processed   110000/  208390 entries, 52.79% (elapsed time   356.3s, curr speed    0.290 kHz, avg speed    0.309 kHz), accepted    21583/  110001 events (19.62%)
Processed   120000/  208390 entries, 57.58% (elapsed time   391.6s, curr speed    0.284 kHz, avg speed    0.306 kHz), accepted    23788/  120001 events (19.82%)
Processed   130000/  208390 entries, 62.38% (elapsed time   425.1s, curr speed    0.298 kHz, avg speed    0.306 kHz), accepted    25942/  130001 events (19.96%)
Processed   140000/  208390 entries, 67.18% (elapsed time   458.8s, curr speed    0.297 kHz, avg speed    0.305 kHz), accepted    28133/  140001 events (20.09%)
Processed   150000/  208390 entries, 71.98% (elapsed time   492.2s, curr speed    0.299 kHz, avg speed    0.305 kHz), accepted    30297/  150001 events (20.20%)
Processed   160000/  208390 entries, 76.78% (elapsed time   523.7s, curr speed    0.317 kHz, avg speed    0.306 kHz), accepted    32264/  160001 events (20.16%)
Processed   170000/  208390 entries, 81.58% (elapsed time   553.6s, curr speed    0.335 kHz, avg speed    0.307 kHz), accepted    33868/  170001 events (19.92%)
Processed   180000/  208390 entries, 86.38% (elapsed time   584.5s, curr speed    0.324 kHz, avg speed    0.308 kHz), accepted    35533/  180001 events (19.74%)
Processed   190000/  208390 entries, 91.18% (elapsed time   613.6s, curr speed    0.344 kHz, avg speed    0.310 kHz), accepted    37187/  190001 events (19.57%)
Processed   200000/  208390 entries, 95.97% (elapsed time   644.1s, curr speed    0.327 kHz, avg speed    0.310 kHz), accepted    38848/  200001 events (19.42%)
Processed 208390 preselected entries from root://cmsxrootd.fnal.gov//store/data/Run2018C/JetHT/NANOAOD/UL2018_MiniAODv2_NanoAODv9-v1/130000/688D09F7-DFE4-5B47-AD78-D6DE21C8093B.root (1994607 entries). Finally selected 40404 entries
Total time 685.8 sec. to process 1994607 events. Rate = 2908.4 Hz.
Running pwd:
/storage/local/data1/condor/execute/dir_48051
Running ls -alrth:
total 176K
-rw-r--r--  1 shardulr fnalgrid 5.0K Jun 22 20:12 .job.ad
-rw-r--r--  1 shardulr fnalgrid  14K Jun 22 20:12 .machine.ad
-rwx------  1 shardulr fnalgrid   49 Jun 22 20:12 .chirp.config
-rw-------  1 shardulr fnalgrid  11K Jun 22 20:12 x509up
drwxr-xr-x  2 shardulr fnalgrid 4.0K Jun 22 20:12 samples
-rw-r--r--  1 shardulr fnalgrid  62K Jun 22 20:12 singleStopAnalyzer.py
-rwxr-xr-x  1 shardulr fnalgrid  705 Jun 22 20:12 condor_exec.exe
-rw-r--r--  1 shardulr fnalgrid  951 Jun 22 20:12 bJetMatcher.py
-rw-r--r--  1 shardulr fnalgrid    0 Jun 22 20:12 docker_stderror
drwxrwxrwt  3 shardulr fnalgrid 4.0K Jun 22 20:12 var
drwxrwxrwt  2 shardulr fnalgrid 4.0K Jun 22 20:12 tmp
drwxr-xr-x  3 root     root     4.0K Jun 22 20:12 ..
srwxr-xr-x  1 shardulr fnalgrid    0 Jun 22 20:12 .docker_sock
drwxr-xr-x 17 shardulr fnalgrid 4.0K Jun 22 20:12 CMSSW_10_6_19_patch2
drwxr-xr-x  2 shardulr fnalgrid 4.0K Jun 22 20:12 framework
-rw-r--r--  1 shardulr fnalgrid 1.7K Jun 22 20:12 bJetMatcher.pyc
drwxr-xr-x  3 shardulr fnalgrid 4.0K Jun 22 20:12 output
-rw-r--r--  1 shardulr fnalgrid  215 Jun 22 20:12 _condor_stderr
-rw-r--r--  1 shardulr fnalgrid  13K Jun 22 20:24 .update.ad
drwx------  8 shardulr fnalgrid 4.0K Jun 22 20:24 .
-rw-r--r--  1 shardulr fnalgrid 5.4K Jun 22 20:24 _condor_stdout
