[FERMIHTC-APPTAINER]: INFO -- No Apptainer image specified
[FERMIHTC-APPTAINER]: INFO -- Running job on the host machine

[FERMIHTC-APPTAINER]: INFO -- Running ./condor_exec.exe
Starting job on  Thu Jun 22 20:16:46 UTC 2023
Running on: Linux shardulr-32358499-388-cmswn2061.fnal.gov 3.10.0-1160.90.1.el7.x86_64 #1 SMP Thu Apr 27 13:14:20 CDT 2023 x86_64 x86_64 x86_64 GNU/Linux
System software: Scientific Linux release 7.9 (Nitrogen)
Running ls -alrth:
total 164K
-rw-r--r--  1 shardulr fnalgrid  13K Jun 22 20:16 .machine.ad
-rw-r--r--  1 shardulr fnalgrid 5.0K Jun 22 20:16 .job.ad
-rwx------  1 shardulr fnalgrid   49 Jun 22 20:16 .chirp.config
-rw-------  1 shardulr fnalgrid  11K Jun 22 20:16 x509up
drwxr-xr-x  2 shardulr fnalgrid 4.0K Jun 22 20:16 samples
-rw-r--r--  1 shardulr fnalgrid  62K Jun 22 20:16 singleStopAnalyzer.py
drwxr-xr-x  2 shardulr fnalgrid 4.0K Jun 22 20:16 framework
-rw-r--r--  1 shardulr fnalgrid  951 Jun 22 20:16 bJetMatcher.py
-rwxr-xr-x  1 shardulr fnalgrid  705 Jun 22 20:16 condor_exec.exe
-rw-r--r--  1 shardulr fnalgrid    0 Jun 22 20:16 docker_stderror
drwxrwxrwt  3 shardulr fnalgrid 4.0K Jun 22 20:16 var
drwxrwxrwt  2 shardulr fnalgrid 4.0K Jun 22 20:16 tmp
-rw-r--r--  1 shardulr fnalgrid  13K Jun 22 20:16 .update.ad
drwxr-xr-x  3 root     root     4.0K Jun 22 20:16 ..
srwxr-xr-x  1 shardulr fnalgrid    0 Jun 22 20:16 .docker_sock
-rw-r--r--  1 shardulr fnalgrid  113 Jun 22 20:16 _condor_stderr
drwx------  7 shardulr fnalgrid 4.0K Jun 22 20:16 .
drwxr-xr-x 17 shardulr fnalgrid 4.0K Jun 22 20:16 CMSSW_10_6_19_patch2
-rw-r--r--  1 shardulr fnalgrid  454 Jun 22 20:16 _condor_stdout
/storage/local/data1/condor/execute/dir_35268/CMSSW_10_6_19_patch2 is the CMSSW we created on the local worker node
Running over Data2018 files
Blinding data, only using CR cuts (0 loose b's)
Using UL 2018 campaign working points
Pre-select 178261 entries out of 1699073 (10.49%)
Processed    10000/  178261 entries,  5.61% (elapsed time    31.2s, curr speed    0.320 kHz, avg speed    0.320 kHz), accepted      337/   10001 events ( 3.37%)
Processed    20000/  178261 entries, 11.22% (elapsed time    56.4s, curr speed    0.398 kHz, avg speed    0.355 kHz), accepted     2491/   20001 events (12.45%)
Processed    30000/  178261 entries, 16.83% (elapsed time    80.5s, curr speed    0.414 kHz, avg speed    0.373 kHz), accepted     4504/   30001 events (15.01%)
Processed    40000/  178261 entries, 22.44% (elapsed time   105.1s, curr speed    0.406 kHz, avg speed    0.380 kHz), accepted     6591/   40001 events (16.48%)
Processed    50000/  178261 entries, 28.05% (elapsed time   131.4s, curr speed    0.380 kHz, avg speed    0.380 kHz), accepted     8932/   50001 events (17.86%)
Processed    60000/  178261 entries, 33.66% (elapsed time   157.6s, curr speed    0.382 kHz, avg speed    0.381 kHz), accepted    11250/   60001 events (18.75%)
Processed    70000/  178261 entries, 39.27% (elapsed time   184.1s, curr speed    0.378 kHz, avg speed    0.380 kHz), accepted    13610/   70001 events (19.44%)
Processed    80000/  178261 entries, 44.88% (elapsed time   208.4s, curr speed    0.411 kHz, avg speed    0.384 kHz), accepted    15480/   80001 events (19.35%)
Processed    90000/  178261 entries, 50.49% (elapsed time   232.6s, curr speed    0.414 kHz, avg speed    0.387 kHz), accepted    17290/   90001 events (19.21%)
Processed   100000/  178261 entries, 56.10% (elapsed time   256.2s, curr speed    0.423 kHz, avg speed    0.390 kHz), accepted    19006/  100001 events (19.01%)
Processed   110000/  178261 entries, 61.71% (elapsed time   281.4s, curr speed    0.397 kHz, avg speed    0.391 kHz), accepted    20983/  110001 events (19.08%)
Processed   120000/  178261 entries, 67.32% (elapsed time   306.9s, curr speed    0.393 kHz, avg speed    0.391 kHz), accepted    23133/  120001 events (19.28%)
Processed   130000/  178261 entries, 72.93% (elapsed time   332.0s, curr speed    0.398 kHz, avg speed    0.392 kHz), accepted    25286/  130001 events (19.45%)
Processed   140000/  178261 entries, 78.54% (elapsed time   358.8s, curr speed    0.373 kHz, avg speed    0.390 kHz), accepted    27515/  140001 events (19.65%)
Processed   150000/  178261 entries, 84.15% (elapsed time   385.1s, curr speed    0.381 kHz, avg speed    0.390 kHz), accepted    29673/  150001 events (19.78%)
Processed   160000/  178261 entries, 89.76% (elapsed time   411.1s, curr speed    0.384 kHz, avg speed    0.389 kHz), accepted    31807/  160001 events (19.88%)
Processed   170000/  178261 entries, 95.37% (elapsed time   436.6s, curr speed    0.392 kHz, avg speed    0.389 kHz), accepted    33792/  170001 events (19.88%)
Processed 178261 preselected entries from root://cmsxrootd.fnal.gov//store/data/Run2018D/JetHT/NANOAOD/UL2018_MiniAODv2_NanoAODv9-v2/2810000/DDB23367-08DB-384C-8B36-4DF14F3B4D66.root (1699073 entries). Finally selected 35344 entries
Total time 473.5 sec. to process 1699073 events. Rate = 3588.6 Hz.
Running pwd:
/storage/local/data1/condor/execute/dir_35268
Running ls -alrth:
total 176K
-rw-r--r--  1 shardulr fnalgrid  13K Jun 22 20:16 .machine.ad
-rw-r--r--  1 shardulr fnalgrid 5.0K Jun 22 20:16 .job.ad
-rwx------  1 shardulr fnalgrid   49 Jun 22 20:16 .chirp.config
-rw-------  1 shardulr fnalgrid  11K Jun 22 20:16 x509up
drwxr-xr-x  2 shardulr fnalgrid 4.0K Jun 22 20:16 samples
-rw-r--r--  1 shardulr fnalgrid  62K Jun 22 20:16 singleStopAnalyzer.py
-rw-r--r--  1 shardulr fnalgrid  951 Jun 22 20:16 bJetMatcher.py
-rwxr-xr-x  1 shardulr fnalgrid  705 Jun 22 20:16 condor_exec.exe
-rw-r--r--  1 shardulr fnalgrid    0 Jun 22 20:16 docker_stderror
drwxrwxrwt  3 shardulr fnalgrid 4.0K Jun 22 20:16 var
drwxrwxrwt  2 shardulr fnalgrid 4.0K Jun 22 20:16 tmp
drwxr-xr-x  3 root     root     4.0K Jun 22 20:16 ..
srwxr-xr-x  1 shardulr fnalgrid    0 Jun 22 20:16 .docker_sock
drwxr-xr-x 17 shardulr fnalgrid 4.0K Jun 22 20:16 CMSSW_10_6_19_patch2
drwxr-xr-x  2 shardulr fnalgrid 4.0K Jun 22 20:16 framework
-rw-r--r--  1 shardulr fnalgrid 1.7K Jun 22 20:16 bJetMatcher.pyc
drwxr-xr-x  3 shardulr fnalgrid 4.0K Jun 22 20:16 output
-rw-r--r--  1 shardulr fnalgrid  215 Jun 22 20:16 _condor_stderr
-rw-r--r--  1 shardulr fnalgrid  13K Jun 22 20:24 .update.ad
drwx------  8 shardulr fnalgrid 4.0K Jun 22 20:24 .
-rw-r--r--  1 shardulr fnalgrid 5.0K Jun 22 20:24 _condor_stdout
