[FERMIHTC-APPTAINER]: INFO -- No Apptainer image specified
[FERMIHTC-APPTAINER]: INFO -- Running job on the host machine

[FERMIHTC-APPTAINER]: INFO -- Running ./condor_exec.exe
Starting job on  Thu Jun 22 20:09:46 UTC 2023
Running on: Linux shardulr-32358499-58-cmswn2114.fnal.gov 3.10.0-1160.90.1.el7.x86_64 #1 SMP Thu Apr 27 13:14:20 CDT 2023 x86_64 x86_64 x86_64 GNU/Linux
System software: Scientific Linux release 7.9 (Nitrogen)
Running ls -alrth:
total 164K
-rw-r--r--  1 shardulr fnalgrid  14K Jun 22 20:09 .machine.ad
-rw-r--r--  1 shardulr fnalgrid 5.0K Jun 22 20:09 .job.ad
-rwx------  1 shardulr fnalgrid   49 Jun 22 20:09 .chirp.config
-rw-------  1 shardulr fnalgrid  11K Jun 22 20:09 x509up
drwxr-xr-x  2 shardulr fnalgrid 4.0K Jun 22 20:09 samples
drwxr-xr-x  2 shardulr fnalgrid 4.0K Jun 22 20:09 framework
-rw-r--r--  1 shardulr fnalgrid  62K Jun 22 20:09 singleStopAnalyzer.py
-rw-r--r--  1 shardulr fnalgrid  951 Jun 22 20:09 bJetMatcher.py
-rwxr-xr-x  1 shardulr fnalgrid  704 Jun 22 20:09 condor_exec.exe
-rw-r--r--  1 shardulr fnalgrid    0 Jun 22 20:09 docker_stderror
drwxrwxrwt  2 shardulr fnalgrid 4.0K Jun 22 20:09 tmp
drwxrwxrwt  3 shardulr fnalgrid 4.0K Jun 22 20:09 var
-rw-r--r--  1 shardulr fnalgrid  13K Jun 22 20:09 .update.ad
drwxr-xr-x  3 root     root     4.0K Jun 22 20:09 ..
srwxr-xr-x  1 shardulr fnalgrid    0 Jun 22 20:09 .docker_sock
-rw-r--r--  1 shardulr fnalgrid  113 Jun 22 20:09 _condor_stderr
drwx------  7 shardulr fnalgrid 4.0K Jun 22 20:09 .
drwxr-xr-x 17 shardulr fnalgrid 4.0K Jun 22 20:09 CMSSW_10_6_19_patch2
-rw-r--r--  1 shardulr fnalgrid  453 Jun 22 20:09 _condor_stdout
/storage/local/data1/condor/execute/dir_24935/CMSSW_10_6_19_patch2 is the CMSSW we created on the local worker node
Running over Data2018 files
Blinding data, only using CR cuts (0 loose b's)
Using UL 2018 campaign working points
Pre-select 117582 entries out of 1240798 (9.48%)
Processed    10000/  117582 entries,  8.50% (elapsed time    24.8s, curr speed    0.403 kHz, avg speed    0.403 kHz), accepted     1864/   10001 events (18.64%)
Processed    20000/  117582 entries, 17.01% (elapsed time    50.2s, curr speed    0.395 kHz, avg speed    0.399 kHz), accepted     4006/   20001 events (20.03%)
Processed    30000/  117582 entries, 25.51% (elapsed time    75.7s, curr speed    0.392 kHz, avg speed    0.396 kHz), accepted     6050/   30001 events (20.17%)
Processed    40000/  117582 entries, 34.02% (elapsed time   101.0s, curr speed    0.395 kHz, avg speed    0.396 kHz), accepted     8155/   40001 events (20.39%)
Processed    50000/  117582 entries, 42.52% (elapsed time   126.3s, curr speed    0.396 kHz, avg speed    0.396 kHz), accepted    10261/   50001 events (20.52%)
Processed    60000/  117582 entries, 51.03% (elapsed time   151.6s, curr speed    0.395 kHz, avg speed    0.396 kHz), accepted    12362/   60001 events (20.60%)
Processed    70000/  117582 entries, 59.53% (elapsed time   175.7s, curr speed    0.415 kHz, avg speed    0.398 kHz), accepted    14282/   70001 events (20.40%)
Processed    80000/  117582 entries, 68.04% (elapsed time   198.7s, curr speed    0.435 kHz, avg speed    0.403 kHz), accepted    15912/   80001 events (19.89%)
Processed    90000/  117582 entries, 76.54% (elapsed time   223.2s, curr speed    0.408 kHz, avg speed    0.403 kHz), accepted    17872/   90001 events (19.86%)
Processed   100000/  117582 entries, 85.05% (elapsed time   247.8s, curr speed    0.406 kHz, avg speed    0.404 kHz), accepted    19871/  100001 events (19.87%)
Processed   110000/  117582 entries, 93.55% (elapsed time   272.3s, curr speed    0.408 kHz, avg speed    0.404 kHz), accepted    21867/  110001 events (19.88%)
Processed 117582 preselected entries from root://cmsxrootd.fnal.gov//store/data/Run2018A/JetHT/NANOAOD/UL2018_MiniAODv2_NanoAODv9-v2/250000/D7251372-5C47-804E-B0E9-1486C7AA8354.root (1240798 entries). Finally selected 23435 entries
Total time 303.1 sec. to process 1240798 events. Rate = 4093.4 Hz.
Running pwd:
/storage/local/data1/condor/execute/dir_24935
Running ls -alrth:
total 172K
-rw-r--r--  1 shardulr fnalgrid  14K Jun 22 20:09 .machine.ad
-rw-r--r--  1 shardulr fnalgrid 5.0K Jun 22 20:09 .job.ad
-rwx------  1 shardulr fnalgrid   49 Jun 22 20:09 .chirp.config
-rw-------  1 shardulr fnalgrid  11K Jun 22 20:09 x509up
drwxr-xr-x  2 shardulr fnalgrid 4.0K Jun 22 20:09 samples
-rw-r--r--  1 shardulr fnalgrid  62K Jun 22 20:09 singleStopAnalyzer.py
-rw-r--r--  1 shardulr fnalgrid  951 Jun 22 20:09 bJetMatcher.py
-rwxr-xr-x  1 shardulr fnalgrid  704 Jun 22 20:09 condor_exec.exe
-rw-r--r--  1 shardulr fnalgrid    0 Jun 22 20:09 docker_stderror
drwxrwxrwt  2 shardulr fnalgrid 4.0K Jun 22 20:09 tmp
drwxrwxrwt  3 shardulr fnalgrid 4.0K Jun 22 20:09 var
drwxr-xr-x  3 root     root     4.0K Jun 22 20:09 ..
srwxr-xr-x  1 shardulr fnalgrid    0 Jun 22 20:09 .docker_sock
drwxr-xr-x 17 shardulr fnalgrid 4.0K Jun 22 20:09 CMSSW_10_6_19_patch2
drwxr-xr-x  2 shardulr fnalgrid 4.0K Jun 22 20:09 framework
-rw-r--r--  1 shardulr fnalgrid 1.7K Jun 22 20:09 bJetMatcher.pyc
drwxr-xr-x  3 shardulr fnalgrid 4.0K Jun 22 20:09 output
-rw-r--r--  1 shardulr fnalgrid  215 Jun 22 20:09 _condor_stderr
-rw-r--r--  1 shardulr fnalgrid  13K Jun 22 20:14 .update.ad
drwx------  8 shardulr fnalgrid 4.0K Jun 22 20:14 .
-rw-r--r--  1 shardulr fnalgrid 4.0K Jun 22 20:14 _condor_stdout
