[FERMIHTC-APPTAINER]: INFO -- No Apptainer image specified
[FERMIHTC-APPTAINER]: INFO -- Running job on the host machine

[FERMIHTC-APPTAINER]: INFO -- Running ./condor_exec.exe
Starting job on  Thu Jun 22 20:09:02 UTC 2023
Running on: Linux shardulr-32358499-24-cmswn2023.fnal.gov 3.10.0-1160.90.1.el7.x86_64 #1 SMP Thu Apr 27 13:14:20 CDT 2023 x86_64 x86_64 x86_64 GNU/Linux
System software: Scientific Linux release 7.9 (Nitrogen)
Running ls -alrth:
total 156K
-rw-r--r--  1 shardulr fnalgrid 5.0K Jun 22 20:08 .job.ad
-rw-r--r--  1 shardulr fnalgrid  12K Jun 22 20:08 .machine.ad
-rwx------  1 shardulr fnalgrid   49 Jun 22 20:08 .chirp.config
-rw-------  1 shardulr fnalgrid  11K Jun 22 20:08 x509up
drwxr-xr-x  2 shardulr fnalgrid 4.0K Jun 22 20:08 samples
-rw-r--r--  1 shardulr fnalgrid  62K Jun 22 20:08 singleStopAnalyzer.py
drwxr-xr-x  2 shardulr fnalgrid 4.0K Jun 22 20:08 framework
-rwxr-xr-x  1 shardulr fnalgrid  704 Jun 22 20:08 condor_exec.exe
-rw-r--r--  1 shardulr fnalgrid  951 Jun 22 20:08 bJetMatcher.py
-rw-r--r--  1 shardulr fnalgrid    0 Jun 22 20:08 docker_stderror
drwxrwxrwt  3 shardulr fnalgrid 4.0K Jun 22 20:08 var
drwxrwxrwt  2 shardulr fnalgrid 4.0K Jun 22 20:08 tmp
-rw-r--r--  1 shardulr fnalgrid  12K Jun 22 20:08 .update.ad
drwxr-xr-x  3 root     root     4.0K Jun 22 20:08 ..
srwxr-xr-x  1 shardulr fnalgrid    0 Jun 22 20:08 .docker_sock
-rw-r--r--  1 shardulr fnalgrid  113 Jun 22 20:09 _condor_stderr
drwx------  7 shardulr fnalgrid 4.0K Jun 22 20:09 .
drwxr-xr-x 17 shardulr fnalgrid 4.0K Jun 22 20:09 CMSSW_10_6_19_patch2
-rw-r--r--  1 shardulr fnalgrid  453 Jun 22 20:09 _condor_stdout
/storage/local/data1/condor/execute/dir_3606/CMSSW_10_6_19_patch2 is the CMSSW we created on the local worker node
Running over Data2018 files
Blinding data, only using CR cuts (0 loose b's)
Using UL 2018 campaign working points
Pre-select 111327 entries out of 1245022 (8.94%)
Processed    10000/  111327 entries,  8.98% (elapsed time    37.8s, curr speed    0.264 kHz, avg speed    0.264 kHz), accepted     1806/   10001 events (18.06%)
Processed    20000/  111327 entries, 17.97% (elapsed time    73.8s, curr speed    0.278 kHz, avg speed    0.271 kHz), accepted     3609/   20001 events (18.04%)
Processed    30000/  111327 entries, 26.95% (elapsed time   108.3s, curr speed    0.290 kHz, avg speed    0.277 kHz), accepted     5690/   30001 events (18.97%)
Processed    40000/  111327 entries, 35.93% (elapsed time   143.4s, curr speed    0.285 kHz, avg speed    0.279 kHz), accepted     7718/   40001 events (19.29%)
Processed    50000/  111327 entries, 44.91% (elapsed time   175.4s, curr speed    0.312 kHz, avg speed    0.285 kHz), accepted     9435/   50001 events (18.87%)
Processed    60000/  111327 entries, 53.90% (elapsed time   207.2s, curr speed    0.315 kHz, avg speed    0.290 kHz), accepted    11240/   60001 events (18.73%)
Processed    70000/  111327 entries, 62.88% (elapsed time   240.7s, curr speed    0.299 kHz, avg speed    0.291 kHz), accepted    13136/   70001 events (18.77%)
Processed    80000/  111327 entries, 71.86% (elapsed time   274.3s, curr speed    0.297 kHz, avg speed    0.292 kHz), accepted    15143/   80001 events (18.93%)
Processed    90000/  111327 entries, 80.84% (elapsed time   306.6s, curr speed    0.310 kHz, avg speed    0.294 kHz), accepted    16967/   90001 events (18.85%)
Processed   100000/  111327 entries, 89.83% (elapsed time   339.9s, curr speed    0.300 kHz, avg speed    0.294 kHz), accepted    18823/  100001 events (18.82%)
Processed   110000/  111327 entries, 98.81% (elapsed time   372.2s, curr speed    0.310 kHz, avg speed    0.296 kHz), accepted    20631/  110001 events (18.76%)
Processed 111327 preselected entries from root://cmsxrootd.fnal.gov//store/data/Run2018A/JetHT/NANOAOD/UL2018_MiniAODv2_NanoAODv9-v2/250000/C726111A-3B51-8547-9904-DF3DC86D609D.root (1245022 entries). Finally selected 20869 entries
Total time 388.8 sec. to process 1245022 events. Rate = 3202.2 Hz.
Running pwd:
/storage/local/data1/condor/execute/dir_3606
Running ls -alrth:
total 164K
-rw-r--r--  1 shardulr fnalgrid 5.0K Jun 22 20:08 .job.ad
-rw-r--r--  1 shardulr fnalgrid  12K Jun 22 20:08 .machine.ad
-rwx------  1 shardulr fnalgrid   49 Jun 22 20:08 .chirp.config
-rw-------  1 shardulr fnalgrid  11K Jun 22 20:08 x509up
drwxr-xr-x  2 shardulr fnalgrid 4.0K Jun 22 20:08 samples
-rw-r--r--  1 shardulr fnalgrid  62K Jun 22 20:08 singleStopAnalyzer.py
-rwxr-xr-x  1 shardulr fnalgrid  704 Jun 22 20:08 condor_exec.exe
-rw-r--r--  1 shardulr fnalgrid  951 Jun 22 20:08 bJetMatcher.py
-rw-r--r--  1 shardulr fnalgrid    0 Jun 22 20:08 docker_stderror
drwxrwxrwt  3 shardulr fnalgrid 4.0K Jun 22 20:08 var
drwxrwxrwt  2 shardulr fnalgrid 4.0K Jun 22 20:08 tmp
drwxr-xr-x  3 root     root     4.0K Jun 22 20:08 ..
srwxr-xr-x  1 shardulr fnalgrid    0 Jun 22 20:08 .docker_sock
drwxr-xr-x 17 shardulr fnalgrid 4.0K Jun 22 20:09 CMSSW_10_6_19_patch2
drwxr-xr-x  2 shardulr fnalgrid 4.0K Jun 22 20:09 framework
-rw-r--r--  1 shardulr fnalgrid 1.7K Jun 22 20:09 bJetMatcher.pyc
drwxr-xr-x  3 shardulr fnalgrid 4.0K Jun 22 20:09 output
-rw-r--r--  1 shardulr fnalgrid  215 Jun 22 20:09 _condor_stderr
-rw-r--r--  1 shardulr fnalgrid  11K Jun 22 20:12 .update.ad
drwx------  8 shardulr fnalgrid 4.0K Jun 22 20:12 .
-rw-r--r--  1 shardulr fnalgrid 4.0K Jun 22 20:15 _condor_stdout
