[FERMIHTC-APPTAINER]: INFO -- No Apptainer image specified
[FERMIHTC-APPTAINER]: INFO -- Running job on the host machine

[FERMIHTC-APPTAINER]: INFO -- Running ./condor_exec.exe
Starting job on  Thu Jun 22 20:10:46 UTC 2023
Running on: Linux shardulr-32358499-110-cmswn2102.fnal.gov 3.10.0-1160.90.1.el7.x86_64 #1 SMP Thu Apr 27 13:14:20 CDT 2023 x86_64 x86_64 x86_64 GNU/Linux
System software: Scientific Linux release 7.9 (Nitrogen)
Running ls -alrth:
total 156K
-rw-r--r--  1 shardulr fnalgrid  11K Jun 22 20:10 .machine.ad
-rw-r--r--  1 shardulr fnalgrid 5.0K Jun 22 20:10 .job.ad
-rwx------  1 shardulr fnalgrid   49 Jun 22 20:10 .chirp.config
-rw-------  1 shardulr fnalgrid  11K Jun 22 20:10 x509up
drwxr-xr-x  2 shardulr fnalgrid 4.0K Jun 22 20:10 samples
drwxr-xr-x  2 shardulr fnalgrid 4.0K Jun 22 20:10 framework
-rw-r--r--  1 shardulr fnalgrid  62K Jun 22 20:10 singleStopAnalyzer.py
-rwxr-xr-x  1 shardulr fnalgrid  705 Jun 22 20:10 condor_exec.exe
-rw-r--r--  1 shardulr fnalgrid  951 Jun 22 20:10 bJetMatcher.py
-rw-r--r--  1 shardulr fnalgrid    0 Jun 22 20:10 docker_stderror
drwxrwxrwt  3 shardulr fnalgrid 4.0K Jun 22 20:10 var
drwxrwxrwt  2 shardulr fnalgrid 4.0K Jun 22 20:10 tmp
-rw-r--r--  1 shardulr fnalgrid  11K Jun 22 20:10 .update.ad
drwxr-xr-x  3 root     root     4.0K Jun 22 20:10 ..
srwxr-xr-x  1 shardulr fnalgrid    0 Jun 22 20:10 .docker_sock
-rw-r--r--  1 shardulr fnalgrid  113 Jun 22 20:10 _condor_stderr
drwx------  7 shardulr fnalgrid 4.0K Jun 22 20:10 .
drwxr-xr-x 17 shardulr fnalgrid 4.0K Jun 22 20:10 CMSSW_10_6_19_patch2
-rw-r--r--  1 shardulr fnalgrid  454 Jun 22 20:10 _condor_stdout
/storage/local/data1/condor/execute/dir_34937/CMSSW_10_6_19_patch2 is the CMSSW we created on the local worker node
Running over Data2018 files
Blinding data, only using CR cuts (0 loose b's)
Using UL 2018 campaign working points
Pre-select 130178 entries out of 1539820 (8.45%)
Processed    10000/  130178 entries,  7.68% (elapsed time    32.2s, curr speed    0.310 kHz, avg speed    0.310 kHz), accepted     1659/   10001 events (16.59%)
Processed    20000/  130178 entries, 15.36% (elapsed time    63.5s, curr speed    0.320 kHz, avg speed    0.315 kHz), accepted     3345/   20001 events (16.72%)
Processed    30000/  130178 entries, 23.05% (elapsed time    97.1s, curr speed    0.298 kHz, avg speed    0.309 kHz), accepted     5228/   30001 events (17.43%)
Processed    40000/  130178 entries, 30.73% (elapsed time   131.9s, curr speed    0.287 kHz, avg speed    0.303 kHz), accepted     7269/   40001 events (18.17%)
Processed    50000/  130178 entries, 38.41% (elapsed time   165.6s, curr speed    0.296 kHz, avg speed    0.302 kHz), accepted     9264/   50001 events (18.53%)
Processed    60000/  130178 entries, 46.09% (elapsed time   200.7s, curr speed    0.285 kHz, avg speed    0.299 kHz), accepted    11238/   60001 events (18.73%)
Processed    70000/  130178 entries, 53.77% (elapsed time   236.2s, curr speed    0.281 kHz, avg speed    0.296 kHz), accepted    13292/   70001 events (18.99%)
Processed    80000/  130178 entries, 61.45% (elapsed time   268.9s, curr speed    0.306 kHz, avg speed    0.297 kHz), accepted    15081/   80001 events (18.85%)
Processed    90000/  130178 entries, 69.14% (elapsed time   303.6s, curr speed    0.289 kHz, avg speed    0.296 kHz), accepted    16977/   90001 events (18.86%)
Processed   100000/  130178 entries, 76.82% (elapsed time   335.0s, curr speed    0.318 kHz, avg speed    0.299 kHz), accepted    18773/  100001 events (18.77%)
Processed   110000/  130178 entries, 84.50% (elapsed time   367.6s, curr speed    0.306 kHz, avg speed    0.299 kHz), accepted    20597/  110001 events (18.72%)
Processed   120000/  130178 entries, 92.18% (elapsed time   401.3s, curr speed    0.297 kHz, avg speed    0.299 kHz), accepted    22603/  120001 events (18.84%)
Processed   130000/  130178 entries, 99.86% (elapsed time   434.9s, curr speed    0.297 kHz, avg speed    0.299 kHz), accepted    24616/  130001 events (18.94%)
Processed 130178 preselected entries from root://cmsxrootd.fnal.gov//store/data/Run2018A/JetHT/NANOAOD/UL2018_MiniAODv2_NanoAODv9-v2/250000/046626A1-E016-5E4F-B488-BABCCD2EF3F2.root (1539820 entries). Finally selected 24651 entries
Total time 446.7 sec. to process 1539820 events. Rate = 3447.3 Hz.
Running pwd:
/storage/local/data1/condor/execute/dir_34937
Running ls -alrth:
total 168K
-rw-r--r--  1 shardulr fnalgrid  11K Jun 22 20:10 .machine.ad
-rw-r--r--  1 shardulr fnalgrid 5.0K Jun 22 20:10 .job.ad
-rwx------  1 shardulr fnalgrid   49 Jun 22 20:10 .chirp.config
-rw-------  1 shardulr fnalgrid  11K Jun 22 20:10 x509up
drwxr-xr-x  2 shardulr fnalgrid 4.0K Jun 22 20:10 samples
-rw-r--r--  1 shardulr fnalgrid  62K Jun 22 20:10 singleStopAnalyzer.py
-rwxr-xr-x  1 shardulr fnalgrid  705 Jun 22 20:10 condor_exec.exe
-rw-r--r--  1 shardulr fnalgrid  951 Jun 22 20:10 bJetMatcher.py
-rw-r--r--  1 shardulr fnalgrid    0 Jun 22 20:10 docker_stderror
drwxrwxrwt  3 shardulr fnalgrid 4.0K Jun 22 20:10 var
drwxrwxrwt  2 shardulr fnalgrid 4.0K Jun 22 20:10 tmp
drwxr-xr-x  3 root     root     4.0K Jun 22 20:10 ..
srwxr-xr-x  1 shardulr fnalgrid    0 Jun 22 20:10 .docker_sock
drwxr-xr-x 17 shardulr fnalgrid 4.0K Jun 22 20:10 CMSSW_10_6_19_patch2
drwxr-xr-x  2 shardulr fnalgrid 4.0K Jun 22 20:10 framework
-rw-r--r--  1 shardulr fnalgrid 1.7K Jun 22 20:10 bJetMatcher.pyc
drwxr-xr-x  3 shardulr fnalgrid 4.0K Jun 22 20:10 output
-rw-r--r--  1 shardulr fnalgrid  215 Jun 22 20:10 _condor_stderr
-rw-r--r--  1 shardulr fnalgrid  11K Jun 22 20:17 .update.ad
drwx------  8 shardulr fnalgrid 4.0K Jun 22 20:17 .
-rw-r--r--  1 shardulr fnalgrid 4.3K Jun 22 20:18 _condor_stdout
