[FERMIHTC-APPTAINER]: INFO -- No Apptainer image specified
[FERMIHTC-APPTAINER]: INFO -- Running job on the host machine

[FERMIHTC-APPTAINER]: INFO -- Running ./condor_exec.exe
Starting job on  Thu Jun 22 20:09:06 UTC 2023
Running on: Linux shardulr-32358499-34-cmswn2057.fnal.gov 3.10.0-1160.90.1.el7.x86_64 #1 SMP Thu Apr 27 13:14:20 CDT 2023 x86_64 x86_64 x86_64 GNU/Linux
System software: Scientific Linux release 7.9 (Nitrogen)
Running ls -alrth:
total 164K
-rw-r--r--  1 shardulr fnalgrid 5.0K Jun 22 20:09 .job.ad
-rw-r--r--  1 shardulr fnalgrid  13K Jun 22 20:09 .machine.ad
-rwx------  1 shardulr fnalgrid   49 Jun 22 20:09 .chirp.config
-rw-------  1 shardulr fnalgrid  11K Jun 22 20:09 x509up
drwxr-xr-x  2 shardulr fnalgrid 4.0K Jun 22 20:09 samples
-rw-r--r--  1 shardulr fnalgrid  62K Jun 22 20:09 singleStopAnalyzer.py
drwxr-xr-x  2 shardulr fnalgrid 4.0K Jun 22 20:09 framework
-rw-r--r--  1 shardulr fnalgrid  951 Jun 22 20:09 bJetMatcher.py
-rwxr-xr-x  1 shardulr fnalgrid  704 Jun 22 20:09 condor_exec.exe
-rw-r--r--  1 shardulr fnalgrid    0 Jun 22 20:09 docker_stderror
drwxrwxrwt  3 shardulr fnalgrid 4.0K Jun 22 20:09 var
drwxrwxrwt  2 shardulr fnalgrid 4.0K Jun 22 20:09 tmp
-rw-r--r--  1 shardulr fnalgrid  13K Jun 22 20:09 .update.ad
drwxr-xr-x  3 root     root     4.0K Jun 22 20:09 ..
srwxr-xr-x  1 shardulr fnalgrid    0 Jun 22 20:09 .docker_sock
-rw-r--r--  1 shardulr fnalgrid  113 Jun 22 20:09 _condor_stderr
drwx------  7 shardulr fnalgrid 4.0K Jun 22 20:09 .
drwxr-xr-x 17 shardulr fnalgrid 4.0K Jun 22 20:09 CMSSW_10_6_19_patch2
-rw-r--r--  1 shardulr fnalgrid  453 Jun 22 20:09 _condor_stdout
/storage/local/data1/condor/execute/dir_62620/CMSSW_10_6_19_patch2 is the CMSSW we created on the local worker node
Running over Data2018 files
Blinding data, only using CR cuts (0 loose b's)
Using UL 2018 campaign working points
Pre-select 122167 entries out of 1268716 (9.63%)
Processed    10000/  122167 entries,  8.19% (elapsed time    45.7s, curr speed    0.219 kHz, avg speed    0.219 kHz), accepted     1674/   10001 events (16.74%)
Processed    20000/  122167 entries, 16.37% (elapsed time    86.6s, curr speed    0.244 kHz, avg speed    0.231 kHz), accepted     3235/   20001 events (16.17%)
Processed    30000/  122167 entries, 24.56% (elapsed time   127.7s, curr speed    0.244 kHz, avg speed    0.235 kHz), accepted     4825/   30001 events (16.08%)
Processed    40000/  122167 entries, 32.74% (elapsed time   170.0s, curr speed    0.236 kHz, avg speed    0.235 kHz), accepted     6708/   40001 events (16.77%)
Processed    50000/  122167 entries, 40.93% (elapsed time   212.6s, curr speed    0.235 kHz, avg speed    0.235 kHz), accepted     8798/   50001 events (17.60%)
Processed    60000/  122167 entries, 49.11% (elapsed time   253.5s, curr speed    0.244 kHz, avg speed    0.237 kHz), accepted    10915/   60001 events (18.19%)
Processed    70000/  122167 entries, 57.30% (elapsed time   293.4s, curr speed    0.251 kHz, avg speed    0.239 kHz), accepted    12922/   70001 events (18.46%)
Processed    80000/  122167 entries, 65.48% (elapsed time   334.9s, curr speed    0.241 kHz, avg speed    0.239 kHz), accepted    14730/   80001 events (18.41%)
Processed    90000/  122167 entries, 73.67% (elapsed time   377.1s, curr speed    0.237 kHz, avg speed    0.239 kHz), accepted    16705/   90001 events (18.56%)
Processed   100000/  122167 entries, 81.86% (elapsed time   418.5s, curr speed    0.241 kHz, avg speed    0.239 kHz), accepted    18608/  100001 events (18.61%)
Processed   110000/  122167 entries, 90.04% (elapsed time   461.0s, curr speed    0.236 kHz, avg speed    0.239 kHz), accepted    20500/  110001 events (18.64%)
Processed   120000/  122167 entries, 98.23% (elapsed time   504.0s, curr speed    0.233 kHz, avg speed    0.238 kHz), accepted    22585/  120001 events (18.82%)
Processed 122167 preselected entries from root://cmsxrootd.fnal.gov//store/data/Run2018A/JetHT/NANOAOD/UL2018_MiniAODv2_NanoAODv9-v2/100000/B803E26A-5126-FE44-8923-2756A37245C4.root (1268716 entries). Finally selected 23052 entries
Total time 561.3 sec. to process 1268716 events. Rate = 2260.3 Hz.
Running pwd:
/storage/local/data1/condor/execute/dir_62620
Running ls -alrth:
total 176K
-rw-r--r--  1 shardulr fnalgrid 5.0K Jun 22 20:09 .job.ad
-rw-r--r--  1 shardulr fnalgrid  13K Jun 22 20:09 .machine.ad
-rwx------  1 shardulr fnalgrid   49 Jun 22 20:09 .chirp.config
-rw-------  1 shardulr fnalgrid  11K Jun 22 20:09 x509up
drwxr-xr-x  2 shardulr fnalgrid 4.0K Jun 22 20:09 samples
-rw-r--r--  1 shardulr fnalgrid  62K Jun 22 20:09 singleStopAnalyzer.py
-rw-r--r--  1 shardulr fnalgrid  951 Jun 22 20:09 bJetMatcher.py
-rwxr-xr-x  1 shardulr fnalgrid  704 Jun 22 20:09 condor_exec.exe
-rw-r--r--  1 shardulr fnalgrid    0 Jun 22 20:09 docker_stderror
drwxrwxrwt  3 shardulr fnalgrid 4.0K Jun 22 20:09 var
drwxrwxrwt  2 shardulr fnalgrid 4.0K Jun 22 20:09 tmp
drwxr-xr-x  3 root     root     4.0K Jun 22 20:09 ..
srwxr-xr-x  1 shardulr fnalgrid    0 Jun 22 20:09 .docker_sock
-rw-r--r--  1 shardulr fnalgrid  113 Jun 22 20:09 _condor_stderr
drwxr-xr-x 17 shardulr fnalgrid 4.0K Jun 22 20:09 CMSSW_10_6_19_patch2
drwxr-xr-x  2 shardulr fnalgrid 4.0K Jun 22 20:09 framework
-rw-r--r--  1 shardulr fnalgrid 1.7K Jun 22 20:09 bJetMatcher.pyc
drwxr-xr-x  3 shardulr fnalgrid 4.0K Jun 22 20:09 output
-rw-r--r--  1 shardulr fnalgrid  13K Jun 22 20:18 .update.ad
drwx------  8 shardulr fnalgrid 4.0K Jun 22 20:18 .
-rw-r--r--  1 shardulr fnalgrid 4.2K Jun 22 20:18 _condor_stdout
