[FERMIHTC-APPTAINER]: INFO -- No Apptainer image specified
[FERMIHTC-APPTAINER]: INFO -- Running job on the host machine

[FERMIHTC-APPTAINER]: INFO -- Running ./condor_exec.exe
Starting job on  Thu Jun 22 20:13:42 UTC 2023
Running on: Linux shardulr-32358499-47-cmswn2101.fnal.gov 3.10.0-1160.90.1.el7.x86_64 #1 SMP Thu Apr 27 13:14:20 CDT 2023 x86_64 x86_64 x86_64 GNU/Linux
System software: Scientific Linux release 7.9 (Nitrogen)
Running ls -alrth:
total 164K
-rw-r--r--  1 shardulr fnalgrid 5.0K Jun 22 20:09 .job.ad
-rw-r--r--  1 shardulr fnalgrid  14K Jun 22 20:09 .machine.ad
-rwx------  1 shardulr fnalgrid   49 Jun 22 20:09 .chirp.config
-rw-------  1 shardulr fnalgrid  11K Jun 22 20:09 x509up
drwxr-xr-x  2 shardulr fnalgrid 4.0K Jun 22 20:09 samples
-rw-r--r--  1 shardulr fnalgrid  62K Jun 22 20:09 singleStopAnalyzer.py
drwxr-xr-x  2 shardulr fnalgrid 4.0K Jun 22 20:09 framework
-rw-r--r--  1 shardulr fnalgrid  951 Jun 22 20:09 bJetMatcher.py
-rwxr-xr-x  1 shardulr fnalgrid  704 Jun 22 20:09 condor_exec.exe
-rw-r--r--  1 shardulr fnalgrid    0 Jun 22 20:09 docker_stderror
drwxrwxrwt  3 shardulr fnalgrid 4.0K Jun 22 20:09 var
drwxrwxrwt  2 shardulr fnalgrid 4.0K Jun 22 20:09 tmp
drwxr-xr-x  3 root     root     4.0K Jun 22 20:10 ..
srwxr-xr-x  1 shardulr fnalgrid    0 Jun 22 20:11 .docker_sock
-rw-r--r--  1 shardulr fnalgrid  13K Jun 22 20:12 .update.ad
-rw-r--r--  1 shardulr fnalgrid  113 Jun 22 20:13 _condor_stderr
drwx------  7 shardulr fnalgrid 4.0K Jun 22 20:13 .
drwxr-xr-x 17 shardulr fnalgrid 4.0K Jun 22 20:13 CMSSW_10_6_19_patch2
-rw-r--r--  1 shardulr fnalgrid  453 Jun 22 20:13 _condor_stdout
/storage/local/data1/condor/execute/dir_62516/CMSSW_10_6_19_patch2 is the CMSSW we created on the local worker node
Running over Data2018 files
Blinding data, only using CR cuts (0 loose b's)
Using UL 2018 campaign working points
Pre-select 78805 entries out of 820905 (9.60%)
Processed    10000/   78805 entries, 12.69% (elapsed time    30.9s, curr speed    0.324 kHz, avg speed    0.324 kHz), accepted     1686/   10001 events (16.86%)
Processed    20000/   78805 entries, 25.38% (elapsed time    64.4s, curr speed    0.298 kHz, avg speed    0.311 kHz), accepted     3725/   20001 events (18.62%)
Processed    30000/   78805 entries, 38.07% (elapsed time    95.5s, curr speed    0.322 kHz, avg speed    0.314 kHz), accepted     5537/   30001 events (18.46%)
Processed    40000/   78805 entries, 50.76% (elapsed time   126.1s, curr speed    0.327 kHz, avg speed    0.317 kHz), accepted     7525/   40001 events (18.81%)
Processed    50000/   78805 entries, 63.45% (elapsed time   158.1s, curr speed    0.313 kHz, avg speed    0.316 kHz), accepted     9550/   50001 events (19.10%)
Processed    60000/   78805 entries, 76.14% (elapsed time   189.3s, curr speed    0.320 kHz, avg speed    0.317 kHz), accepted    11426/   60001 events (19.04%)
Processed    70000/   78805 entries, 88.83% (elapsed time   221.5s, curr speed    0.311 kHz, avg speed    0.316 kHz), accepted    13298/   70001 events (19.00%)
Processed 78805 preselected entries from root://cmsxrootd.fnal.gov//store/data/Run2018A/JetHT/NANOAOD/UL2018_MiniAODv2_NanoAODv9-v2/250000/80790EAC-A530-8241-8665-A720695F2A60.root (820905 entries). Finally selected 15126 entries
Total time 267.6 sec. to process 820905 events. Rate = 3067.6 Hz.
Running pwd:
/storage/local/data1/condor/execute/dir_62516
Running ls -alrth:
total 172K
-rw-r--r--  1 shardulr fnalgrid 5.0K Jun 22 20:09 .job.ad
-rw-r--r--  1 shardulr fnalgrid  14K Jun 22 20:09 .machine.ad
-rwx------  1 shardulr fnalgrid   49 Jun 22 20:09 .chirp.config
-rw-------  1 shardulr fnalgrid  11K Jun 22 20:09 x509up
drwxr-xr-x  2 shardulr fnalgrid 4.0K Jun 22 20:09 samples
-rw-r--r--  1 shardulr fnalgrid  62K Jun 22 20:09 singleStopAnalyzer.py
-rw-r--r--  1 shardulr fnalgrid  951 Jun 22 20:09 bJetMatcher.py
-rwxr-xr-x  1 shardulr fnalgrid  704 Jun 22 20:09 condor_exec.exe
-rw-r--r--  1 shardulr fnalgrid    0 Jun 22 20:09 docker_stderror
drwxrwxrwt  3 shardulr fnalgrid 4.0K Jun 22 20:09 var
drwxrwxrwt  2 shardulr fnalgrid 4.0K Jun 22 20:09 tmp
drwxr-xr-x  3 root     root     4.0K Jun 22 20:10 ..
srwxr-xr-x  1 shardulr fnalgrid    0 Jun 22 20:11 .docker_sock
drwxr-xr-x 17 shardulr fnalgrid 4.0K Jun 22 20:13 CMSSW_10_6_19_patch2
drwxr-xr-x  2 shardulr fnalgrid 4.0K Jun 22 20:14 framework
-rw-r--r--  1 shardulr fnalgrid 1.7K Jun 22 20:14 bJetMatcher.pyc
drwxr-xr-x  3 shardulr fnalgrid 4.0K Jun 22 20:14 output
-rw-r--r--  1 shardulr fnalgrid  215 Jun 22 20:14 _condor_stderr
-rw-r--r--  1 shardulr fnalgrid  13K Jun 22 20:18 .update.ad
drwx------  8 shardulr fnalgrid 4.0K Jun 22 20:18 .
-rw-r--r--  1 shardulr fnalgrid 3.4K Jun 22 20:18 _condor_stdout
