[FERMIHTC-APPTAINER]: INFO -- No Apptainer image specified
[FERMIHTC-APPTAINER]: INFO -- Running job on the host machine

[FERMIHTC-APPTAINER]: INFO -- Running ./condor_exec.exe
Starting job on  Thu Jun 22 20:14:25 UTC 2023
Running on: Linux shardulr-32358499-289-cmswn2116.fnal.gov 3.10.0-1160.90.1.el7.x86_64 #1 SMP Thu Apr 27 13:14:20 CDT 2023 x86_64 x86_64 x86_64 GNU/Linux
System software: Scientific Linux release 7.9 (Nitrogen)
Running ls -alrth:
total 156K
-rw-r--r--  1 shardulr fnalgrid  11K Jun 22 20:14 .machine.ad
-rw-r--r--  1 shardulr fnalgrid 5.0K Jun 22 20:14 .job.ad
-rwx------  1 shardulr fnalgrid   49 Jun 22 20:14 .chirp.config
-rw-------  1 shardulr fnalgrid  11K Jun 22 20:14 x509up
drwxr-xr-x  2 shardulr fnalgrid 4.0K Jun 22 20:14 samples
-rw-r--r--  1 shardulr fnalgrid  62K Jun 22 20:14 singleStopAnalyzer.py
drwxr-xr-x  2 shardulr fnalgrid 4.0K Jun 22 20:14 framework
-rwxr-xr-x  1 shardulr fnalgrid  705 Jun 22 20:14 condor_exec.exe
-rw-r--r--  1 shardulr fnalgrid  951 Jun 22 20:14 bJetMatcher.py
-rw-r--r--  1 shardulr fnalgrid    0 Jun 22 20:14 docker_stderror
drwxrwxrwt  2 shardulr fnalgrid 4.0K Jun 22 20:14 tmp
drwxrwxrwt  3 shardulr fnalgrid 4.0K Jun 22 20:14 var
-rw-r--r--  1 shardulr fnalgrid  11K Jun 22 20:14 .update.ad
drwxr-xr-x  3 root     root     4.0K Jun 22 20:14 ..
srwxr-xr-x  1 shardulr fnalgrid    0 Jun 22 20:14 .docker_sock
-rw-r--r--  1 shardulr fnalgrid  113 Jun 22 20:14 _condor_stderr
drwx------  7 shardulr fnalgrid 4.0K Jun 22 20:14 .
drwxr-xr-x 17 shardulr fnalgrid 4.0K Jun 22 20:14 CMSSW_10_6_19_patch2
-rw-r--r--  1 shardulr fnalgrid  454 Jun 22 20:14 _condor_stdout
/storage/local/data1/condor/execute/dir_2364/CMSSW_10_6_19_patch2 is the CMSSW we created on the local worker node
Running over Data2018 files
Blinding data, only using CR cuts (0 loose b's)
Using UL 2018 campaign working points
Pre-select 210492 entries out of 2122043 (9.92%)
Processed    10000/  210492 entries,  4.75% (elapsed time    25.6s, curr speed    0.391 kHz, avg speed    0.391 kHz), accepted     2021/   10001 events (20.21%)
Processed    20000/  210492 entries,  9.50% (elapsed time    50.5s, curr speed    0.401 kHz, avg speed    0.396 kHz), accepted     4081/   20001 events (20.40%)
Processed    30000/  210492 entries, 14.25% (elapsed time    76.1s, curr speed    0.391 kHz, avg speed    0.394 kHz), accepted     6173/   30001 events (20.58%)
Processed    40000/  210492 entries, 19.00% (elapsed time   100.0s, curr speed    0.419 kHz, avg speed    0.400 kHz), accepted     7947/   40001 events (19.87%)
Processed    50000/  210492 entries, 23.75% (elapsed time   124.5s, curr speed    0.408 kHz, avg speed    0.402 kHz), accepted     9859/   50001 events (19.72%)
Processed    60000/  210492 entries, 28.50% (elapsed time   150.7s, curr speed    0.381 kHz, avg speed    0.398 kHz), accepted    12083/   60001 events (20.14%)
Processed    70000/  210492 entries, 33.26% (elapsed time   176.3s, curr speed    0.391 kHz, avg speed    0.397 kHz), accepted    14222/   70001 events (20.32%)
Processed    80000/  210492 entries, 38.01% (elapsed time   201.1s, curr speed    0.404 kHz, avg speed    0.398 kHz), accepted    16186/   80001 events (20.23%)
Processed    90000/  210492 entries, 42.76% (elapsed time   226.3s, curr speed    0.396 kHz, avg speed    0.398 kHz), accepted    18215/   90001 events (20.24%)
Processed   100000/  210492 entries, 47.51% (elapsed time   251.9s, curr speed    0.391 kHz, avg speed    0.397 kHz), accepted    20242/  100001 events (20.24%)
Processed   110000/  210492 entries, 52.26% (elapsed time   276.3s, curr speed    0.410 kHz, avg speed    0.398 kHz), accepted    22090/  110001 events (20.08%)
Processed   120000/  210492 entries, 57.01% (elapsed time   300.0s, curr speed    0.423 kHz, avg speed    0.400 kHz), accepted    23876/  120001 events (19.90%)
Processed   130000/  210492 entries, 61.76% (elapsed time   324.7s, curr speed    0.405 kHz, avg speed    0.400 kHz), accepted    25834/  130001 events (19.87%)
Processed   140000/  210492 entries, 66.51% (elapsed time   350.1s, curr speed    0.392 kHz, avg speed    0.400 kHz), accepted    27897/  140001 events (19.93%)
Processed   150000/  210492 entries, 71.26% (elapsed time   376.1s, curr speed    0.386 kHz, avg speed    0.399 kHz), accepted    30028/  150001 events (20.02%)
Processed   160000/  210492 entries, 76.01% (elapsed time   402.1s, curr speed    0.384 kHz, avg speed    0.398 kHz), accepted    32183/  160001 events (20.11%)
Processed   170000/  210492 entries, 80.76% (elapsed time   427.6s, curr speed    0.392 kHz, avg speed    0.398 kHz), accepted    34210/  170001 events (20.12%)
Processed   180000/  210492 entries, 85.51% (elapsed time   454.5s, curr speed    0.371 kHz, avg speed    0.396 kHz), accepted    36024/  180001 events (20.01%)
Processed   190000/  210492 entries, 90.26% (elapsed time   483.4s, curr speed    0.346 kHz, avg speed    0.393 kHz), accepted    37844/  190001 events (19.92%)
Processed   200000/  210492 entries, 95.02% (elapsed time   512.5s, curr speed    0.344 kHz, avg speed    0.390 kHz), accepted    39683/  200001 events (19.84%)
Processed   210000/  210492 entries, 99.77% (elapsed time   543.6s, curr speed    0.322 kHz, avg speed    0.386 kHz), accepted    41747/  210001 events (19.88%)
Processed 210492 preselected entries from root://cmsxrootd.fnal.gov//store/data/Run2018D/JetHT/NANOAOD/UL2018_MiniAODv2_NanoAODv9-v2/2540000/5B29AF61-960C-2248-9349-8E24A5F84C8C.root (2122043 entries). Finally selected 41862 entries
Total time 554.6 sec. to process 2122043 events. Rate = 3826.0 Hz.
Running pwd:
/storage/local/data1/condor/execute/dir_2364
Running ls -alrth:
total 168K
-rw-r--r--  1 shardulr fnalgrid  11K Jun 22 20:14 .machine.ad
-rw-r--r--  1 shardulr fnalgrid 5.0K Jun 22 20:14 .job.ad
-rwx------  1 shardulr fnalgrid   49 Jun 22 20:14 .chirp.config
-rw-------  1 shardulr fnalgrid  11K Jun 22 20:14 x509up
drwxr-xr-x  2 shardulr fnalgrid 4.0K Jun 22 20:14 samples
-rw-r--r--  1 shardulr fnalgrid  62K Jun 22 20:14 singleStopAnalyzer.py
-rwxr-xr-x  1 shardulr fnalgrid  705 Jun 22 20:14 condor_exec.exe
-rw-r--r--  1 shardulr fnalgrid  951 Jun 22 20:14 bJetMatcher.py
-rw-r--r--  1 shardulr fnalgrid    0 Jun 22 20:14 docker_stderror
drwxrwxrwt  2 shardulr fnalgrid 4.0K Jun 22 20:14 tmp
drwxrwxrwt  3 shardulr fnalgrid 4.0K Jun 22 20:14 var
drwxr-xr-x  3 root     root     4.0K Jun 22 20:14 ..
srwxr-xr-x  1 shardulr fnalgrid    0 Jun 22 20:14 .docker_sock
drwxr-xr-x 17 shardulr fnalgrid 4.0K Jun 22 20:14 CMSSW_10_6_19_patch2
drwxr-xr-x  2 shardulr fnalgrid 4.0K Jun 22 20:14 framework
-rw-r--r--  1 shardulr fnalgrid 1.7K Jun 22 20:14 bJetMatcher.pyc
drwxr-xr-x  3 shardulr fnalgrid 4.0K Jun 22 20:14 output
-rw-r--r--  1 shardulr fnalgrid  215 Jun 22 20:14 _condor_stderr
-rw-r--r--  1 shardulr fnalgrid  11K Jun 22 20:22 .update.ad
drwx------  8 shardulr fnalgrid 4.0K Jun 22 20:22 .
-rw-r--r--  1 shardulr fnalgrid 5.6K Jun 22 20:23 _condor_stdout
