[FERMIHTC-APPTAINER]: INFO -- No Apptainer image specified
[FERMIHTC-APPTAINER]: INFO -- Running job on the host machine

[FERMIHTC-APPTAINER]: INFO -- Running ./condor_exec.exe
Starting job on  Thu Jun 22 20:12:42 UTC 2023
Running on: Linux shardulr-32358499-229-cmswn2104.fnal.gov 3.10.0-1160.90.1.el7.x86_64 #1 SMP Thu Apr 27 13:14:20 CDT 2023 x86_64 x86_64 x86_64 GNU/Linux
System software: Scientific Linux release 7.9 (Nitrogen)
Running ls -alrth:
total 164K
-rw-r--r--  1 shardulr fnalgrid  13K Jun 22 20:12 .machine.ad
-rw-r--r--  1 shardulr fnalgrid 5.0K Jun 22 20:12 .job.ad
-rwx------  1 shardulr fnalgrid   49 Jun 22 20:12 .chirp.config
-rw-------  1 shardulr fnalgrid  11K Jun 22 20:12 x509up
drwxr-xr-x  2 shardulr fnalgrid 4.0K Jun 22 20:12 samples
drwxr-xr-x  2 shardulr fnalgrid 4.0K Jun 22 20:12 framework
-rw-r--r--  1 shardulr fnalgrid  62K Jun 22 20:12 singleStopAnalyzer.py
-rwxr-xr-x  1 shardulr fnalgrid  705 Jun 22 20:12 condor_exec.exe
-rw-r--r--  1 shardulr fnalgrid  951 Jun 22 20:12 bJetMatcher.py
-rw-r--r--  1 shardulr fnalgrid    0 Jun 22 20:12 docker_stderror
drwxrwxrwt  3 shardulr fnalgrid 4.0K Jun 22 20:12 var
drwxrwxrwt  2 shardulr fnalgrid 4.0K Jun 22 20:12 tmp
-rw-r--r--  1 shardulr fnalgrid  13K Jun 22 20:12 .update.ad
drwxr-xr-x  3 root     root     4.0K Jun 22 20:12 ..
srwxr-xr-x  1 shardulr fnalgrid    0 Jun 22 20:12 .docker_sock
-rw-r--r--  1 shardulr fnalgrid  113 Jun 22 20:12 _condor_stderr
drwx------  7 shardulr fnalgrid 4.0K Jun 22 20:12 .
drwxr-xr-x 17 shardulr fnalgrid 4.0K Jun 22 20:12 CMSSW_10_6_19_patch2
-rw-r--r--  1 shardulr fnalgrid  454 Jun 22 20:12 _condor_stdout
/storage/local/data1/condor/execute/dir_53352/CMSSW_10_6_19_patch2 is the CMSSW we created on the local worker node
Running over Data2018 files
Blinding data, only using CR cuts (0 loose b's)
Using UL 2018 campaign working points
Pre-select 112692 entries out of 1102064 (10.23%)
Processed    10000/  112692 entries,  8.87% (elapsed time    28.3s, curr speed    0.353 kHz, avg speed    0.353 kHz), accepted     1800/   10001 events (18.00%)
Processed    20000/  112692 entries, 17.75% (elapsed time    58.4s, curr speed    0.332 kHz, avg speed    0.343 kHz), accepted     3823/   20001 events (19.11%)
Processed    30000/  112692 entries, 26.62% (elapsed time    88.2s, curr speed    0.336 kHz, avg speed    0.340 kHz), accepted     5921/   30001 events (19.74%)
Processed    40000/  112692 entries, 35.49% (elapsed time   118.7s, curr speed    0.328 kHz, avg speed    0.337 kHz), accepted     8076/   40001 events (20.19%)
Processed    50000/  112692 entries, 44.37% (elapsed time   149.5s, curr speed    0.325 kHz, avg speed    0.334 kHz), accepted    10273/   50001 events (20.55%)
Processed    60000/  112692 entries, 53.24% (elapsed time   179.5s, curr speed    0.333 kHz, avg speed    0.334 kHz), accepted    12425/   60001 events (20.71%)
Processed    70000/  112692 entries, 62.12% (elapsed time   209.3s, curr speed    0.335 kHz, avg speed    0.334 kHz), accepted    14355/   70001 events (20.51%)
Processed    80000/  112692 entries, 70.99% (elapsed time   238.4s, curr speed    0.344 kHz, avg speed    0.336 kHz), accepted    16190/   80001 events (20.24%)
Processed    90000/  112692 entries, 79.86% (elapsed time   265.2s, curr speed    0.373 kHz, avg speed    0.339 kHz), accepted    17716/   90001 events (19.68%)
Processed   100000/  112692 entries, 88.74% (elapsed time   293.6s, curr speed    0.352 kHz, avg speed    0.341 kHz), accepted    19456/  100001 events (19.46%)
Processed   110000/  112692 entries, 97.61% (elapsed time   321.1s, curr speed    0.364 kHz, avg speed    0.343 kHz), accepted    21205/  110001 events (19.28%)
Processed 112692 preselected entries from root://cmsxrootd.fnal.gov//store/data/Run2018C/JetHT/NANOAOD/UL2018_MiniAODv2_NanoAODv9-v1/130000/45918629-8551-9E48-BAFF-0BD9A5695162.root (1102064 entries). Finally selected 21720 entries
Total time 335.4 sec. to process 1102064 events. Rate = 3285.6 Hz.
Running pwd:
/storage/local/data1/condor/execute/dir_53352
Running ls -alrth:
total 172K
-rw-r--r--  1 shardulr fnalgrid  13K Jun 22 20:12 .machine.ad
-rw-r--r--  1 shardulr fnalgrid 5.0K Jun 22 20:12 .job.ad
-rwx------  1 shardulr fnalgrid   49 Jun 22 20:12 .chirp.config
-rw-------  1 shardulr fnalgrid  11K Jun 22 20:12 x509up
drwxr-xr-x  2 shardulr fnalgrid 4.0K Jun 22 20:12 samples
-rw-r--r--  1 shardulr fnalgrid  62K Jun 22 20:12 singleStopAnalyzer.py
-rwxr-xr-x  1 shardulr fnalgrid  705 Jun 22 20:12 condor_exec.exe
-rw-r--r--  1 shardulr fnalgrid  951 Jun 22 20:12 bJetMatcher.py
-rw-r--r--  1 shardulr fnalgrid    0 Jun 22 20:12 docker_stderror
drwxrwxrwt  3 shardulr fnalgrid 4.0K Jun 22 20:12 var
drwxrwxrwt  2 shardulr fnalgrid 4.0K Jun 22 20:12 tmp
drwxr-xr-x  3 root     root     4.0K Jun 22 20:12 ..
srwxr-xr-x  1 shardulr fnalgrid    0 Jun 22 20:12 .docker_sock
drwxr-xr-x 17 shardulr fnalgrid 4.0K Jun 22 20:12 CMSSW_10_6_19_patch2
drwxr-xr-x  2 shardulr fnalgrid 4.0K Jun 22 20:12 framework
-rw-r--r--  1 shardulr fnalgrid 1.7K Jun 22 20:12 bJetMatcher.pyc
drwxr-xr-x  3 shardulr fnalgrid 4.0K Jun 22 20:12 output
-rw-r--r--  1 shardulr fnalgrid  215 Jun 22 20:12 _condor_stderr
-rw-r--r--  1 shardulr fnalgrid  13K Jun 22 20:17 .update.ad
drwx------  8 shardulr fnalgrid 4.0K Jun 22 20:17 .
-rw-r--r--  1 shardulr fnalgrid 4.0K Jun 22 20:18 _condor_stdout
