[FERMIHTC-APPTAINER]: INFO -- No Apptainer image specified
[FERMIHTC-APPTAINER]: INFO -- Running job on the host machine

[FERMIHTC-APPTAINER]: INFO -- Running ./condor_exec.exe
Starting job on  Thu Jun 22 20:17:39 UTC 2023
Running on: Linux shardulr-32358499-437-cmswn2050.fnal.gov 3.10.0-1160.90.1.el7.x86_64 #1 SMP Thu Apr 27 13:14:20 CDT 2023 x86_64 x86_64 x86_64 GNU/Linux
System software: Scientific Linux release 7.9 (Nitrogen)
Running ls -alrth:
total 164K
-rw-r--r--  1 shardulr fnalgrid 5.0K Jun 22 20:17 .job.ad
-rw-r--r--  1 shardulr fnalgrid  13K Jun 22 20:17 .machine.ad
-rwx------  1 shardulr fnalgrid   49 Jun 22 20:17 .chirp.config
-rw-------  1 shardulr fnalgrid  11K Jun 22 20:17 x509up
drwxr-xr-x  2 shardulr fnalgrid 4.0K Jun 22 20:17 samples
drwxr-xr-x  2 shardulr fnalgrid 4.0K Jun 22 20:17 framework
-rw-r--r--  1 shardulr fnalgrid  62K Jun 22 20:17 singleStopAnalyzer.py
-rwxr-xr-x  1 shardulr fnalgrid  705 Jun 22 20:17 condor_exec.exe
-rw-r--r--  1 shardulr fnalgrid  951 Jun 22 20:17 bJetMatcher.py
-rw-r--r--  1 shardulr fnalgrid    0 Jun 22 20:17 docker_stderror
drwxrwxrwt  3 shardulr fnalgrid 4.0K Jun 22 20:17 var
drwxrwxrwt  2 shardulr fnalgrid 4.0K Jun 22 20:17 tmp
-rw-r--r--  1 shardulr fnalgrid  13K Jun 22 20:17 .update.ad
drwxr-xr-x  3 root     root     4.0K Jun 22 20:17 ..
srwxr-xr-x  1 shardulr fnalgrid    0 Jun 22 20:17 .docker_sock
-rw-r--r--  1 shardulr fnalgrid  113 Jun 22 20:17 _condor_stderr
drwx------  7 shardulr fnalgrid 4.0K Jun 22 20:17 .
drwxr-xr-x 17 shardulr fnalgrid 4.0K Jun 22 20:17 CMSSW_10_6_19_patch2
-rw-r--r--  1 shardulr fnalgrid  454 Jun 22 20:17 _condor_stdout
/storage/local/data1/condor/execute/dir_60763/CMSSW_10_6_19_patch2 is the CMSSW we created on the local worker node
Running over Data2018 files
Blinding data, only using CR cuts (0 loose b's)
Using UL 2018 campaign working points
Pre-select 145419 entries out of 1435041 (10.13%)
Processed    10000/  145419 entries,  6.88% (elapsed time    33.4s, curr speed    0.299 kHz, avg speed    0.299 kHz), accepted     2109/   10001 events (21.09%)
Processed    20000/  145419 entries, 13.75% (elapsed time    67.4s, curr speed    0.295 kHz, avg speed    0.297 kHz), accepted     4309/   20001 events (21.54%)
Processed    30000/  145419 entries, 20.63% (elapsed time   100.1s, curr speed    0.305 kHz, avg speed    0.300 kHz), accepted     6492/   30001 events (21.64%)
Processed    40000/  145419 entries, 27.51% (elapsed time   132.0s, curr speed    0.314 kHz, avg speed    0.303 kHz), accepted     8410/   40001 events (21.02%)
Processed    50000/  145419 entries, 34.38% (elapsed time   164.7s, curr speed    0.306 kHz, avg speed    0.304 kHz), accepted    10451/   50001 events (20.90%)
Processed    60000/  145419 entries, 41.26% (elapsed time   197.1s, curr speed    0.309 kHz, avg speed    0.304 kHz), accepted    12472/   60001 events (20.79%)
Processed    70000/  145419 entries, 48.14% (elapsed time   228.5s, curr speed    0.318 kHz, avg speed    0.306 kHz), accepted    14414/   70001 events (20.59%)
Processed    80000/  145419 entries, 55.01% (elapsed time   259.9s, curr speed    0.319 kHz, avg speed    0.308 kHz), accepted    16290/   80001 events (20.36%)
Processed    90000/  145419 entries, 61.89% (elapsed time   292.2s, curr speed    0.309 kHz, avg speed    0.308 kHz), accepted    18328/   90001 events (20.36%)
Processed   100000/  145419 entries, 68.77% (elapsed time   325.5s, curr speed    0.301 kHz, avg speed    0.307 kHz), accepted    20378/  100001 events (20.38%)
Processed   110000/  145419 entries, 75.64% (elapsed time   358.6s, curr speed    0.302 kHz, avg speed    0.307 kHz), accepted    22487/  110001 events (20.44%)
Processed   120000/  145419 entries, 82.52% (elapsed time   391.3s, curr speed    0.306 kHz, avg speed    0.307 kHz), accepted    24509/  120001 events (20.42%)
Processed   130000/  145419 entries, 89.40% (elapsed time   425.0s, curr speed    0.296 kHz, avg speed    0.306 kHz), accepted    26531/  130001 events (20.41%)
Processed   140000/  145419 entries, 96.27% (elapsed time   457.3s, curr speed    0.310 kHz, avg speed    0.306 kHz), accepted    28527/  140001 events (20.38%)
Processed 145419 preselected entries from root://cmsxrootd.fnal.gov//store/data/Run2018D/JetHT/NANOAOD/UL2018_MiniAODv2_NanoAODv9-v2/80000/6A82EDA4-2C45-FE49-A46C-98323EF4B733.root (1435041 entries). Finally selected 29603 entries
Total time 489.6 sec. to process 1435041 events. Rate = 2931.1 Hz.
Running pwd:
/storage/local/data1/condor/execute/dir_60763
Running ls -alrth:
total 176K
-rw-r--r--  1 shardulr fnalgrid 5.0K Jun 22 20:17 .job.ad
-rw-r--r--  1 shardulr fnalgrid  13K Jun 22 20:17 .machine.ad
-rwx------  1 shardulr fnalgrid   49 Jun 22 20:17 .chirp.config
-rw-------  1 shardulr fnalgrid  11K Jun 22 20:17 x509up
drwxr-xr-x  2 shardulr fnalgrid 4.0K Jun 22 20:17 samples
-rw-r--r--  1 shardulr fnalgrid  62K Jun 22 20:17 singleStopAnalyzer.py
-rwxr-xr-x  1 shardulr fnalgrid  705 Jun 22 20:17 condor_exec.exe
-rw-r--r--  1 shardulr fnalgrid  951 Jun 22 20:17 bJetMatcher.py
-rw-r--r--  1 shardulr fnalgrid    0 Jun 22 20:17 docker_stderror
drwxrwxrwt  3 shardulr fnalgrid 4.0K Jun 22 20:17 var
drwxrwxrwt  2 shardulr fnalgrid 4.0K Jun 22 20:17 tmp
drwxr-xr-x  3 root     root     4.0K Jun 22 20:17 ..
srwxr-xr-x  1 shardulr fnalgrid    0 Jun 22 20:17 .docker_sock
drwxr-xr-x 17 shardulr fnalgrid 4.0K Jun 22 20:17 CMSSW_10_6_19_patch2
drwxr-xr-x  2 shardulr fnalgrid 4.0K Jun 22 20:17 framework
-rw-r--r--  1 shardulr fnalgrid 1.7K Jun 22 20:17 bJetMatcher.pyc
drwxr-xr-x  3 shardulr fnalgrid 4.0K Jun 22 20:17 output
-rw-r--r--  1 shardulr fnalgrid  215 Jun 22 20:17 _condor_stderr
-rw-r--r--  1 shardulr fnalgrid  13K Jun 22 20:25 .update.ad
drwx------  8 shardulr fnalgrid 4.0K Jun 22 20:25 .
-rw-r--r--  1 shardulr fnalgrid 4.5K Jun 22 20:25 _condor_stdout
