[FERMIHTC-APPTAINER]: INFO -- No Apptainer image specified
[FERMIHTC-APPTAINER]: INFO -- Running job on the host machine

[FERMIHTC-APPTAINER]: INFO -- Running ./condor_exec.exe
Starting job on  Thu Jun 22 20:10:48 UTC 2023
Running on: Linux shardulr-32358499-102-cmswn2119.fnal.gov 3.10.0-1160.90.1.el7.x86_64 #1 SMP Thu Apr 27 13:14:20 CDT 2023 x86_64 x86_64 x86_64 GNU/Linux
System software: Scientific Linux release 7.9 (Nitrogen)
Running ls -alrth:
total 156K
-rw-r--r--  1 shardulr fnalgrid 5.0K Jun 22 20:10 .job.ad
-rw-r--r--  1 shardulr fnalgrid  12K Jun 22 20:10 .machine.ad
-rwx------  1 shardulr fnalgrid   49 Jun 22 20:10 .chirp.config
-rw-------  1 shardulr fnalgrid  11K Jun 22 20:10 x509up
drwxr-xr-x  2 shardulr fnalgrid 4.0K Jun 22 20:10 samples
-rw-r--r--  1 shardulr fnalgrid  62K Jun 22 20:10 singleStopAnalyzer.py
drwxr-xr-x  2 shardulr fnalgrid 4.0K Jun 22 20:10 framework
-rwxr-xr-x  1 shardulr fnalgrid  705 Jun 22 20:10 condor_exec.exe
-rw-r--r--  1 shardulr fnalgrid  951 Jun 22 20:10 bJetMatcher.py
-rw-r--r--  1 shardulr fnalgrid    0 Jun 22 20:10 docker_stderror
drwxrwxrwt  3 shardulr fnalgrid 4.0K Jun 22 20:10 var
drwxrwxrwt  2 shardulr fnalgrid 4.0K Jun 22 20:10 tmp
drwxr-xr-x  3 root     root     4.0K Jun 22 20:10 ..
-rw-r--r--  1 shardulr fnalgrid  11K Jun 22 20:10 .update.ad
srwxr-xr-x  1 shardulr fnalgrid    0 Jun 22 20:10 .docker_sock
-rw-r--r--  1 shardulr fnalgrid  113 Jun 22 20:10 _condor_stderr
drwx------  7 shardulr fnalgrid 4.0K Jun 22 20:10 .
drwxr-xr-x 17 shardulr fnalgrid 4.0K Jun 22 20:10 CMSSW_10_6_19_patch2
-rw-r--r--  1 shardulr fnalgrid  454 Jun 22 20:10 _condor_stdout
/storage/local/data1/condor/execute/dir_31475/CMSSW_10_6_19_patch2 is the CMSSW we created on the local worker node
Running over Data2018 files
Blinding data, only using CR cuts (0 loose b's)
Using UL 2018 campaign working points
Pre-select 106184 entries out of 1125685 (9.43%)
Processed    10000/  106184 entries,  9.42% (elapsed time    31.5s, curr speed    0.317 kHz, avg speed    0.317 kHz), accepted     1439/   10001 events (14.39%)
Processed    20000/  106184 entries, 18.84% (elapsed time    67.7s, curr speed    0.276 kHz, avg speed    0.295 kHz), accepted     3346/   20001 events (16.73%)
Processed    30000/  106184 entries, 28.25% (elapsed time   103.6s, curr speed    0.279 kHz, avg speed    0.290 kHz), accepted     5301/   30001 events (17.67%)
Processed    40000/  106184 entries, 37.67% (elapsed time   130.0s, curr speed    0.378 kHz, avg speed    0.308 kHz), accepted     6692/   40001 events (16.73%)
Processed    50000/  106184 entries, 47.09% (elapsed time   161.0s, curr speed    0.322 kHz, avg speed    0.311 kHz), accepted     8310/   50001 events (16.62%)
Processed    60000/  106184 entries, 56.51% (elapsed time   195.9s, curr speed    0.287 kHz, avg speed    0.306 kHz), accepted    10409/   60001 events (17.35%)
Processed    70000/  106184 entries, 65.92% (elapsed time   230.0s, curr speed    0.293 kHz, avg speed    0.304 kHz), accepted    12290/   70001 events (17.56%)
Processed    80000/  106184 entries, 75.34% (elapsed time   265.8s, curr speed    0.280 kHz, avg speed    0.301 kHz), accepted    14363/   80001 events (17.95%)
Processed    90000/  106184 entries, 84.76% (elapsed time   299.0s, curr speed    0.301 kHz, avg speed    0.301 kHz), accepted    16127/   90001 events (17.92%)
Processed   100000/  106184 entries, 94.18% (elapsed time   332.6s, curr speed    0.297 kHz, avg speed    0.301 kHz), accepted    18165/  100001 events (18.16%)
Processed 106184 preselected entries from root://cmsxrootd.fnal.gov//store/data/Run2018A/JetHT/NANOAOD/UL2018_MiniAODv2_NanoAODv9-v2/250000/A571655C-B00E-EA49-890C-B3566BED5E50.root (1125685 entries). Finally selected 19133 entries
Total time 360.5 sec. to process 1125685 events. Rate = 3122.3 Hz.
Running pwd:
/storage/local/data1/condor/execute/dir_31475
Running ls -alrth:
total 164K
-rw-r--r--  1 shardulr fnalgrid 5.0K Jun 22 20:10 .job.ad
-rw-r--r--  1 shardulr fnalgrid  12K Jun 22 20:10 .machine.ad
-rwx------  1 shardulr fnalgrid   49 Jun 22 20:10 .chirp.config
-rw-------  1 shardulr fnalgrid  11K Jun 22 20:10 x509up
drwxr-xr-x  2 shardulr fnalgrid 4.0K Jun 22 20:10 samples
-rw-r--r--  1 shardulr fnalgrid  62K Jun 22 20:10 singleStopAnalyzer.py
-rwxr-xr-x  1 shardulr fnalgrid  705 Jun 22 20:10 condor_exec.exe
-rw-r--r--  1 shardulr fnalgrid  951 Jun 22 20:10 bJetMatcher.py
-rw-r--r--  1 shardulr fnalgrid    0 Jun 22 20:10 docker_stderror
drwxrwxrwt  3 shardulr fnalgrid 4.0K Jun 22 20:10 var
drwxrwxrwt  2 shardulr fnalgrid 4.0K Jun 22 20:10 tmp
drwxr-xr-x  3 root     root     4.0K Jun 22 20:10 ..
srwxr-xr-x  1 shardulr fnalgrid    0 Jun 22 20:10 .docker_sock
drwxr-xr-x 17 shardulr fnalgrid 4.0K Jun 22 20:10 CMSSW_10_6_19_patch2
drwxr-xr-x  2 shardulr fnalgrid 4.0K Jun 22 20:10 framework
-rw-r--r--  1 shardulr fnalgrid 1.7K Jun 22 20:10 bJetMatcher.pyc
drwxr-xr-x  3 shardulr fnalgrid 4.0K Jun 22 20:10 output
-rw-r--r--  1 shardulr fnalgrid  215 Jun 22 20:10 _condor_stderr
-rw-r--r--  1 shardulr fnalgrid  12K Jun 22 20:16 .update.ad
drwx------  8 shardulr fnalgrid 4.0K Jun 22 20:16 .
-rw-r--r--  1 shardulr fnalgrid 3.9K Jun 22 20:16 _condor_stdout
