[FERMIHTC-APPTAINER]: INFO -- No Apptainer image specified
[FERMIHTC-APPTAINER]: INFO -- Running job on the host machine

[FERMIHTC-APPTAINER]: INFO -- Running ./condor_exec.exe
Starting job on  Thu Jun 22 20:17:46 UTC 2023
Running on: Linux shardulr-32358499-451-cmswn2104.fnal.gov 3.10.0-1160.90.1.el7.x86_64 #1 SMP Thu Apr 27 13:14:20 CDT 2023 x86_64 x86_64 x86_64 GNU/Linux
System software: Scientific Linux release 7.9 (Nitrogen)
Running ls -alrth:
total 164K
-rw-r--r--  1 shardulr fnalgrid 5.0K Jun 22 20:17 .job.ad
-rw-r--r--  1 shardulr fnalgrid  14K Jun 22 20:17 .machine.ad
-rwx------  1 shardulr fnalgrid   49 Jun 22 20:17 .chirp.config
-rw-------  1 shardulr fnalgrid  11K Jun 22 20:17 x509up
drwxr-xr-x  2 shardulr fnalgrid 4.0K Jun 22 20:17 samples
drwxr-xr-x  2 shardulr fnalgrid 4.0K Jun 22 20:17 framework
-rw-r--r--  1 shardulr fnalgrid  62K Jun 22 20:17 singleStopAnalyzer.py
-rw-r--r--  1 shardulr fnalgrid  951 Jun 22 20:17 bJetMatcher.py
-rwxr-xr-x  1 shardulr fnalgrid  705 Jun 22 20:17 condor_exec.exe
-rw-r--r--  1 shardulr fnalgrid    0 Jun 22 20:17 docker_stderror
drwxrwxrwt  3 shardulr fnalgrid 4.0K Jun 22 20:17 var
drwxrwxrwt  2 shardulr fnalgrid 4.0K Jun 22 20:17 tmp
-rw-r--r--  1 shardulr fnalgrid  13K Jun 22 20:17 .update.ad
drwxr-xr-x  3 root     root     4.0K Jun 22 20:17 ..
srwxr-xr-x  1 shardulr fnalgrid    0 Jun 22 20:17 .docker_sock
-rw-r--r--  1 shardulr fnalgrid  113 Jun 22 20:17 _condor_stderr
drwx------  7 shardulr fnalgrid 4.0K Jun 22 20:17 .
drwxr-xr-x 17 shardulr fnalgrid 4.0K Jun 22 20:17 CMSSW_10_6_19_patch2
-rw-r--r--  1 shardulr fnalgrid  454 Jun 22 20:17 _condor_stdout
/storage/local/data1/condor/execute/dir_63478/CMSSW_10_6_19_patch2 is the CMSSW we created on the local worker node
Running over Data2018 files
Blinding data, only using CR cuts (0 loose b's)
Using UL 2018 campaign working points
Pre-select 176754 entries out of 1818825 (9.72%)
Processed    10000/  176754 entries,  5.66% (elapsed time    27.7s, curr speed    0.361 kHz, avg speed    0.361 kHz), accepted     2244/   10001 events (22.44%)
Processed    20000/  176754 entries, 11.32% (elapsed time    52.1s, curr speed    0.411 kHz, avg speed    0.384 kHz), accepted     4035/   20001 events (20.17%)
Processed    30000/  176754 entries, 16.97% (elapsed time    77.3s, curr speed    0.396 kHz, avg speed    0.388 kHz), accepted     5815/   30001 events (19.38%)
Processed    40000/  176754 entries, 22.63% (elapsed time   102.4s, curr speed    0.399 kHz, avg speed    0.391 kHz), accepted     7788/   40001 events (19.47%)
Processed    50000/  176754 entries, 28.29% (elapsed time   127.6s, curr speed    0.396 kHz, avg speed    0.392 kHz), accepted     9713/   50001 events (19.43%)
Processed    60000/  176754 entries, 33.95% (elapsed time   153.1s, curr speed    0.393 kHz, avg speed    0.392 kHz), accepted    11659/   60001 events (19.43%)
Processed    70000/  176754 entries, 39.60% (elapsed time   177.7s, curr speed    0.407 kHz, avg speed    0.394 kHz), accepted    13632/   70001 events (19.47%)
Processed    80000/  176754 entries, 45.26% (elapsed time   203.2s, curr speed    0.392 kHz, avg speed    0.394 kHz), accepted    15537/   80001 events (19.42%)
Processed    90000/  176754 entries, 50.92% (elapsed time   228.8s, curr speed    0.390 kHz, avg speed    0.393 kHz), accepted    17506/   90001 events (19.45%)
Processed   100000/  176754 entries, 56.58% (elapsed time   259.4s, curr speed    0.328 kHz, avg speed    0.386 kHz), accepted    19617/  100001 events (19.62%)
Processed   110000/  176754 entries, 62.23% (elapsed time   290.3s, curr speed    0.323 kHz, avg speed    0.379 kHz), accepted    21809/  110001 events (19.83%)
Processed   120000/  176754 entries, 67.89% (elapsed time   318.4s, curr speed    0.356 kHz, avg speed    0.377 kHz), accepted    23763/  120001 events (19.80%)
Processed   130000/  176754 entries, 73.55% (elapsed time   347.7s, curr speed    0.342 kHz, avg speed    0.374 kHz), accepted    25736/  130001 events (19.80%)
Processed   140000/  176754 entries, 79.21% (elapsed time   376.0s, curr speed    0.353 kHz, avg speed    0.372 kHz), accepted    27796/  140001 events (19.85%)
Processed   150000/  176754 entries, 84.86% (elapsed time   403.6s, curr speed    0.361 kHz, avg speed    0.372 kHz), accepted    29815/  150001 events (19.88%)
Processed   160000/  176754 entries, 90.52% (elapsed time   429.6s, curr speed    0.386 kHz, avg speed    0.372 kHz), accepted    32014/  160001 events (20.01%)
Processed   170000/  176754 entries, 96.18% (elapsed time   454.7s, curr speed    0.398 kHz, avg speed    0.374 kHz), accepted    33975/  170001 events (19.99%)
Processed 176754 preselected entries from root://cmsxrootd.fnal.gov//store/data/Run2018D/JetHT/NANOAOD/UL2018_MiniAODv2_NanoAODv9-v2/2430000/84763265-D0B1-F24A-9F40-0B0454E9619C.root (1818825 entries). Finally selected 35341 entries
Total time 484.2 sec. to process 1818825 events. Rate = 3756.4 Hz.
Running pwd:
/storage/local/data1/condor/execute/dir_63478
Running ls -alrth:
total 176K
-rw-r--r--  1 shardulr fnalgrid 5.0K Jun 22 20:17 .job.ad
-rw-r--r--  1 shardulr fnalgrid  14K Jun 22 20:17 .machine.ad
-rwx------  1 shardulr fnalgrid   49 Jun 22 20:17 .chirp.config
-rw-------  1 shardulr fnalgrid  11K Jun 22 20:17 x509up
drwxr-xr-x  2 shardulr fnalgrid 4.0K Jun 22 20:17 samples
-rw-r--r--  1 shardulr fnalgrid  62K Jun 22 20:17 singleStopAnalyzer.py
-rw-r--r--  1 shardulr fnalgrid  951 Jun 22 20:17 bJetMatcher.py
-rwxr-xr-x  1 shardulr fnalgrid  705 Jun 22 20:17 condor_exec.exe
-rw-r--r--  1 shardulr fnalgrid    0 Jun 22 20:17 docker_stderror
drwxrwxrwt  3 shardulr fnalgrid 4.0K Jun 22 20:17 var
drwxrwxrwt  2 shardulr fnalgrid 4.0K Jun 22 20:17 tmp
drwxr-xr-x  3 root     root     4.0K Jun 22 20:17 ..
srwxr-xr-x  1 shardulr fnalgrid    0 Jun 22 20:17 .docker_sock
drwxr-xr-x 17 shardulr fnalgrid 4.0K Jun 22 20:17 CMSSW_10_6_19_patch2
drwxr-xr-x  2 shardulr fnalgrid 4.0K Jun 22 20:17 framework
-rw-r--r--  1 shardulr fnalgrid 1.7K Jun 22 20:17 bJetMatcher.pyc
drwxr-xr-x  3 shardulr fnalgrid 4.0K Jun 22 20:17 output
-rw-r--r--  1 shardulr fnalgrid  215 Jun 22 20:17 _condor_stderr
-rw-r--r--  1 shardulr fnalgrid  13K Jun 22 20:25 .update.ad
drwx------  8 shardulr fnalgrid 4.0K Jun 22 20:25 .
-rw-r--r--  1 shardulr fnalgrid 5.0K Jun 22 20:25 _condor_stdout
