[FERMIHTC-APPTAINER]: INFO -- No Apptainer image specified
[FERMIHTC-APPTAINER]: INFO -- Running job on the host machine

[FERMIHTC-APPTAINER]: INFO -- Running ./condor_exec.exe
Starting job on  Thu Jun 22 20:18:20 UTC 2023
Running on: Linux shardulr-32358499-456-cmswn2083.fnal.gov 3.10.0-1160.90.1.el7.x86_64 #1 SMP Thu Apr 27 13:14:20 CDT 2023 x86_64 x86_64 x86_64 GNU/Linux
System software: Scientific Linux release 7.9 (Nitrogen)
Running ls -alrth:
total 164K
-rw-r--r--  1 shardulr fnalgrid 5.1K Jun 22 20:17 .job.ad
-rw-r--r--  1 shardulr fnalgrid  13K Jun 22 20:17 .machine.ad
-rwx------  1 shardulr fnalgrid   49 Jun 22 20:17 .chirp.config
-rw-------  1 shardulr fnalgrid  11K Jun 22 20:17 x509up
drwxr-xr-x  2 shardulr fnalgrid 4.0K Jun 22 20:17 samples
drwxr-xr-x  2 shardulr fnalgrid 4.0K Jun 22 20:17 framework
-rw-r--r--  1 shardulr fnalgrid  62K Jun 22 20:17 singleStopAnalyzer.py
-rwxr-xr-x  1 shardulr fnalgrid  705 Jun 22 20:17 condor_exec.exe
-rw-r--r--  1 shardulr fnalgrid  951 Jun 22 20:17 bJetMatcher.py
-rw-r--r--  1 shardulr fnalgrid    0 Jun 22 20:17 docker_stderror
drwxrwxrwt  3 shardulr fnalgrid 4.0K Jun 22 20:17 var
drwxrwxrwt  2 shardulr fnalgrid 4.0K Jun 22 20:17 tmp
drwxr-xr-x  3 root     root     4.0K Jun 22 20:18 ..
srwxr-xr-x  1 shardulr fnalgrid    0 Jun 22 20:18 .docker_sock
-rw-r--r--  1 shardulr fnalgrid  13K Jun 22 20:18 .update.ad
-rw-r--r--  1 shardulr fnalgrid  113 Jun 22 20:18 _condor_stderr
drwx------  7 shardulr fnalgrid 4.0K Jun 22 20:18 .
drwxr-xr-x 17 shardulr fnalgrid 4.0K Jun 22 20:18 CMSSW_10_6_19_patch2
-rw-r--r--  1 shardulr fnalgrid  454 Jun 22 20:18 _condor_stdout
/storage/local/data1/condor/execute/dir_3239/CMSSW_10_6_19_patch2 is the CMSSW we created on the local worker node
Running over Data2018 files
Blinding data, only using CR cuts (0 loose b's)
Using UL 2018 campaign working points
Pre-select 144848 entries out of 1456306 (9.95%)
Processed    10000/  144848 entries,  6.90% (elapsed time    31.4s, curr speed    0.318 kHz, avg speed    0.318 kHz), accepted     2295/   10001 events (22.95%)
Processed    20000/  144848 entries, 13.81% (elapsed time    60.7s, curr speed    0.341 kHz, avg speed    0.329 kHz), accepted     4561/   20001 events (22.80%)
Processed    30000/  144848 entries, 20.71% (elapsed time    88.9s, curr speed    0.354 kHz, avg speed    0.337 kHz), accepted     6668/   30001 events (22.23%)
Processed    40000/  144848 entries, 27.62% (elapsed time   116.7s, curr speed    0.360 kHz, avg speed    0.343 kHz), accepted     8752/   40001 events (21.88%)
Processed    50000/  144848 entries, 34.52% (elapsed time   145.1s, curr speed    0.353 kHz, avg speed    0.345 kHz), accepted    10803/   50001 events (21.61%)
Processed    60000/  144848 entries, 41.42% (elapsed time   173.4s, curr speed    0.352 kHz, avg speed    0.346 kHz), accepted    12841/   60001 events (21.40%)
Processed    70000/  144848 entries, 48.33% (elapsed time   201.7s, curr speed    0.354 kHz, avg speed    0.347 kHz), accepted    14792/   70001 events (21.13%)
Processed    80000/  144848 entries, 55.23% (elapsed time   230.5s, curr speed    0.347 kHz, avg speed    0.347 kHz), accepted    16916/   80001 events (21.14%)
Processed    90000/  144848 entries, 62.13% (elapsed time   258.7s, curr speed    0.354 kHz, avg speed    0.348 kHz), accepted    19053/   90001 events (21.17%)
Processed   100000/  144848 entries, 69.04% (elapsed time   285.0s, curr speed    0.380 kHz, avg speed    0.351 kHz), accepted    20697/  100001 events (20.70%)
Processed   110000/  144848 entries, 75.94% (elapsed time   312.9s, curr speed    0.358 kHz, avg speed    0.351 kHz), accepted    22652/  110001 events (20.59%)
Processed   120000/  144848 entries, 82.85% (elapsed time   342.2s, curr speed    0.342 kHz, avg speed    0.351 kHz), accepted    24739/  120001 events (20.62%)
Processed   130000/  144848 entries, 89.75% (elapsed time   371.9s, curr speed    0.336 kHz, avg speed    0.350 kHz), accepted    26922/  130001 events (20.71%)
Processed   140000/  144848 entries, 96.65% (elapsed time   402.3s, curr speed    0.330 kHz, avg speed    0.348 kHz), accepted    29200/  140001 events (20.86%)
Processed 144848 preselected entries from root://cmsxrootd.fnal.gov//store/data/Run2018D/JetHT/NANOAOD/UL2018_MiniAODv2_NanoAODv9-v2/2430000/477E6302-90B7-6249-9064-FF5C9D39F7CE.root (1456306 entries). Finally selected 30324 entries
Total time 426.1 sec. to process 1456306 events. Rate = 3418.0 Hz.
Running pwd:
/storage/local/data1/condor/execute/dir_3239
Running ls -alrth:
total 176K
-rw-r--r--  1 shardulr fnalgrid 5.1K Jun 22 20:17 .job.ad
-rw-r--r--  1 shardulr fnalgrid  13K Jun 22 20:17 .machine.ad
-rwx------  1 shardulr fnalgrid   49 Jun 22 20:17 .chirp.config
-rw-------  1 shardulr fnalgrid  11K Jun 22 20:17 x509up
drwxr-xr-x  2 shardulr fnalgrid 4.0K Jun 22 20:17 samples
-rw-r--r--  1 shardulr fnalgrid  62K Jun 22 20:17 singleStopAnalyzer.py
-rwxr-xr-x  1 shardulr fnalgrid  705 Jun 22 20:17 condor_exec.exe
-rw-r--r--  1 shardulr fnalgrid  951 Jun 22 20:17 bJetMatcher.py
-rw-r--r--  1 shardulr fnalgrid    0 Jun 22 20:17 docker_stderror
drwxrwxrwt  3 shardulr fnalgrid 4.0K Jun 22 20:17 var
drwxrwxrwt  2 shardulr fnalgrid 4.0K Jun 22 20:17 tmp
drwxr-xr-x  3 root     root     4.0K Jun 22 20:18 ..
srwxr-xr-x  1 shardulr fnalgrid    0 Jun 22 20:18 .docker_sock
drwxr-xr-x 17 shardulr fnalgrid 4.0K Jun 22 20:18 CMSSW_10_6_19_patch2
drwxr-xr-x  2 shardulr fnalgrid 4.0K Jun 22 20:18 framework
-rw-r--r--  1 shardulr fnalgrid 1.7K Jun 22 20:18 bJetMatcher.pyc
drwxr-xr-x  3 shardulr fnalgrid 4.0K Jun 22 20:18 output
-rw-r--r--  1 shardulr fnalgrid  215 Jun 22 20:18 _condor_stderr
-rw-r--r--  1 shardulr fnalgrid  13K Jun 22 20:25 .update.ad
drwx------  8 shardulr fnalgrid 4.0K Jun 22 20:25 .
-rw-r--r--  1 shardulr fnalgrid 4.5K Jun 22 20:25 _condor_stdout
