[FERMIHTC-APPTAINER]: INFO -- No Apptainer image specified
[FERMIHTC-APPTAINER]: INFO -- Running job on the host machine

[FERMIHTC-APPTAINER]: INFO -- Running ./condor_exec.exe
Starting job on  Thu Jun 22 20:17:57 UTC 2023
Running on: Linux shardulr-32358499-426-cmswn2096.fnal.gov 3.10.0-1160.90.1.el7.x86_64 #1 SMP Thu Apr 27 13:14:20 CDT 2023 x86_64 x86_64 x86_64 GNU/Linux
System software: Scientific Linux release 7.9 (Nitrogen)
Running ls -alrth:
total 164K
-rw-r--r--  1 shardulr fnalgrid 5.0K Jun 22 20:17 .job.ad
-rw-r--r--  1 shardulr fnalgrid  14K Jun 22 20:17 .machine.ad
-rwx------  1 shardulr fnalgrid   49 Jun 22 20:17 .chirp.config
-rw-------  1 shardulr fnalgrid  11K Jun 22 20:17 x509up
drwxr-xr-x  2 shardulr fnalgrid 4.0K Jun 22 20:17 samples
drwxr-xr-x  2 shardulr fnalgrid 4.0K Jun 22 20:17 framework
-rw-r--r--  1 shardulr fnalgrid  62K Jun 22 20:17 singleStopAnalyzer.py
-rwxr-xr-x  1 shardulr fnalgrid  705 Jun 22 20:17 condor_exec.exe
-rw-r--r--  1 shardulr fnalgrid  951 Jun 22 20:17 bJetMatcher.py
-rw-r--r--  1 shardulr fnalgrid    0 Jun 22 20:17 docker_stderror
drwxrwxrwt  3 shardulr fnalgrid 4.0K Jun 22 20:17 var
drwxrwxrwt  2 shardulr fnalgrid 4.0K Jun 22 20:17 tmp
drwxr-xr-x  3 root     root     4.0K Jun 22 20:17 ..
srwxr-xr-x  1 shardulr fnalgrid    0 Jun 22 20:17 .docker_sock
-rw-r--r--  1 shardulr fnalgrid  13K Jun 22 20:17 .update.ad
-rw-r--r--  1 shardulr fnalgrid  113 Jun 22 20:17 _condor_stderr
drwx------  7 shardulr fnalgrid 4.0K Jun 22 20:17 .
drwxr-xr-x 17 shardulr fnalgrid 4.0K Jun 22 20:17 CMSSW_10_6_19_patch2
-rw-r--r--  1 shardulr fnalgrid  454 Jun 22 20:17 _condor_stdout
/storage/local/data1/condor/execute/dir_43198/CMSSW_10_6_19_patch2 is the CMSSW we created on the local worker node
Running over Data2018 files
Blinding data, only using CR cuts (0 loose b's)
Using UL 2018 campaign working points
Pre-select 221331 entries out of 2286043 (9.68%)
Processed    10000/  221331 entries,  4.52% (elapsed time    26.0s, curr speed    0.385 kHz, avg speed    0.385 kHz), accepted     1909/   10001 events (19.09%)
Processed    20000/  221331 entries,  9.04% (elapsed time    51.3s, curr speed    0.395 kHz, avg speed    0.390 kHz), accepted     3795/   20001 events (18.97%)
Processed    30000/  221331 entries, 13.55% (elapsed time    76.6s, curr speed    0.394 kHz, avg speed    0.391 kHz), accepted     5725/   30001 events (19.08%)
Processed    40000/  221331 entries, 18.07% (elapsed time   100.4s, curr speed    0.421 kHz, avg speed    0.398 kHz), accepted     7447/   40001 events (18.62%)
Processed    50000/  221331 entries, 22.59% (elapsed time   124.9s, curr speed    0.408 kHz, avg speed    0.400 kHz), accepted     9198/   50001 events (18.40%)
Processed    60000/  221331 entries, 27.11% (elapsed time   150.6s, curr speed    0.390 kHz, avg speed    0.398 kHz), accepted    11056/   60001 events (18.43%)
Processed    70000/  221331 entries, 31.63% (elapsed time   176.2s, curr speed    0.390 kHz, avg speed    0.397 kHz), accepted    12987/   70001 events (18.55%)
Processed    80000/  221331 entries, 36.14% (elapsed time   202.4s, curr speed    0.382 kHz, avg speed    0.395 kHz), accepted    14982/   80001 events (18.73%)
Processed    90000/  221331 entries, 40.66% (elapsed time   228.4s, curr speed    0.385 kHz, avg speed    0.394 kHz), accepted    16791/   90001 events (18.66%)
Processed   100000/  221331 entries, 45.18% (elapsed time   254.7s, curr speed    0.380 kHz, avg speed    0.393 kHz), accepted    18637/  100001 events (18.64%)
Processed   110000/  221331 entries, 49.70% (elapsed time   279.4s, curr speed    0.405 kHz, avg speed    0.394 kHz), accepted    20509/  110001 events (18.64%)
Processed   120000/  221331 entries, 54.22% (elapsed time   305.4s, curr speed    0.385 kHz, avg speed    0.393 kHz), accepted    22334/  120001 events (18.61%)
Processed   130000/  221331 entries, 58.74% (elapsed time   331.1s, curr speed    0.390 kHz, avg speed    0.393 kHz), accepted    24173/  130001 events (18.59%)
Processed   140000/  221331 entries, 63.25% (elapsed time   357.4s, curr speed    0.381 kHz, avg speed    0.392 kHz), accepted    25937/  140001 events (18.53%)
Processed   150000/  221331 entries, 67.77% (elapsed time   383.6s, curr speed    0.381 kHz, avg speed    0.391 kHz), accepted    27800/  150001 events (18.53%)
Processed   160000/  221331 entries, 72.29% (elapsed time   409.7s, curr speed    0.383 kHz, avg speed    0.391 kHz), accepted    29713/  160001 events (18.57%)
Processed   170000/  221331 entries, 76.81% (elapsed time   436.0s, curr speed    0.380 kHz, avg speed    0.390 kHz), accepted    31587/  170001 events (18.58%)
Processed   180000/  221331 entries, 81.33% (elapsed time   464.1s, curr speed    0.356 kHz, avg speed    0.388 kHz), accepted    33781/  180001 events (18.77%)
Processed   190000/  221331 entries, 85.84% (elapsed time   491.3s, curr speed    0.367 kHz, avg speed    0.387 kHz), accepted    35987/  190001 events (18.94%)
Processed   200000/  221331 entries, 90.36% (elapsed time   519.2s, curr speed    0.359 kHz, avg speed    0.385 kHz), accepted    38042/  200001 events (19.02%)
Processed   210000/  221331 entries, 94.88% (elapsed time   546.0s, curr speed    0.373 kHz, avg speed    0.385 kHz), accepted    39952/  210001 events (19.02%)
Processed   220000/  221331 entries, 99.40% (elapsed time   572.2s, curr speed    0.381 kHz, avg speed    0.384 kHz), accepted    41921/  220001 events (19.05%)
Processed 221331 preselected entries from root://cmsxrootd.fnal.gov//store/data/Run2018D/JetHT/NANOAOD/UL2018_MiniAODv2_NanoAODv9-v2/2810000/B30BF3EF-B704-9F4F-BD89-1937A1CF485F.root (2286043 entries). Finally selected 42176 entries
Total time 597.7 sec. to process 2286043 events. Rate = 3824.4 Hz.
Running pwd:
/storage/local/data1/condor/execute/dir_43198
Running ls -alrth:
total 172K
-rw-r--r--  1 shardulr fnalgrid 5.0K Jun 22 20:17 .job.ad
-rw-r--r--  1 shardulr fnalgrid  14K Jun 22 20:17 .machine.ad
-rwx------  1 shardulr fnalgrid   49 Jun 22 20:17 .chirp.config
-rw-------  1 shardulr fnalgrid  11K Jun 22 20:17 x509up
drwxr-xr-x  2 shardulr fnalgrid 4.0K Jun 22 20:17 samples
-rw-r--r--  1 shardulr fnalgrid  62K Jun 22 20:17 singleStopAnalyzer.py
-rwxr-xr-x  1 shardulr fnalgrid  705 Jun 22 20:17 condor_exec.exe
-rw-r--r--  1 shardulr fnalgrid  951 Jun 22 20:17 bJetMatcher.py
-rw-r--r--  1 shardulr fnalgrid    0 Jun 22 20:17 docker_stderror
drwxrwxrwt  3 shardulr fnalgrid 4.0K Jun 22 20:17 var
drwxrwxrwt  2 shardulr fnalgrid 4.0K Jun 22 20:17 tmp
drwxr-xr-x  3 root     root     4.0K Jun 22 20:17 ..
srwxr-xr-x  1 shardulr fnalgrid    0 Jun 22 20:17 .docker_sock
drwxr-xr-x 17 shardulr fnalgrid 4.0K Jun 22 20:17 CMSSW_10_6_19_patch2
drwxr-xr-x  2 shardulr fnalgrid 4.0K Jun 22 20:18 framework
-rw-r--r--  1 shardulr fnalgrid 1.7K Jun 22 20:18 bJetMatcher.pyc
drwxr-xr-x  3 shardulr fnalgrid 4.0K Jun 22 20:18 output
-rw-r--r--  1 shardulr fnalgrid  215 Jun 22 20:18 _condor_stderr
-rw-r--r--  1 shardulr fnalgrid  12K Jun 22 20:28 .update.ad
drwx------  8 shardulr fnalgrid 4.0K Jun 22 20:28 .
-rw-r--r--  1 shardulr fnalgrid 5.7K Jun 22 20:28 _condor_stdout
