[FERMIHTC-APPTAINER]: INFO -- No Apptainer image specified
[FERMIHTC-APPTAINER]: INFO -- Running job on the host machine

[FERMIHTC-APPTAINER]: INFO -- Running ./condor_exec.exe
Starting job on  Thu Jun 22 20:15:56 UTC 2023
Running on: Linux shardulr-32358499-350-cmswn2112.fnal.gov 3.10.0-1160.90.1.el7.x86_64 #1 SMP Thu Apr 27 13:14:20 CDT 2023 x86_64 x86_64 x86_64 GNU/Linux
System software: Scientific Linux release 7.9 (Nitrogen)
Running ls -alrth:
total 156K
-rw-r--r--  1 shardulr fnalgrid 5.0K Jun 22 20:15 .job.ad
-rw-r--r--  1 shardulr fnalgrid  11K Jun 22 20:15 .machine.ad
-rwx------  1 shardulr fnalgrid   49 Jun 22 20:15 .chirp.config
-rw-------  1 shardulr fnalgrid  11K Jun 22 20:15 x509up
drwxr-xr-x  2 shardulr fnalgrid 4.0K Jun 22 20:15 samples
drwxr-xr-x  2 shardulr fnalgrid 4.0K Jun 22 20:15 framework
-rw-r--r--  1 shardulr fnalgrid  62K Jun 22 20:15 singleStopAnalyzer.py
-rw-r--r--  1 shardulr fnalgrid  951 Jun 22 20:15 bJetMatcher.py
-rwxr-xr-x  1 shardulr fnalgrid  705 Jun 22 20:15 condor_exec.exe
-rw-r--r--  1 shardulr fnalgrid    0 Jun 22 20:15 docker_stderror
drwxrwxrwt  3 shardulr fnalgrid 4.0K Jun 22 20:15 var
drwxrwxrwt  2 shardulr fnalgrid 4.0K Jun 22 20:15 tmp
-rw-r--r--  1 shardulr fnalgrid  11K Jun 22 20:15 .update.ad
drwxr-xr-x  3 root     root     4.0K Jun 22 20:15 ..
srwxr-xr-x  1 shardulr fnalgrid    0 Jun 22 20:15 .docker_sock
-rw-r--r--  1 shardulr fnalgrid  113 Jun 22 20:15 _condor_stderr
drwx------  7 shardulr fnalgrid 4.0K Jun 22 20:15 .
drwxr-xr-x 17 shardulr fnalgrid 4.0K Jun 22 20:15 CMSSW_10_6_19_patch2
-rw-r--r--  1 shardulr fnalgrid  454 Jun 22 20:15 _condor_stdout
/storage/local/data1/condor/execute/dir_26223/CMSSW_10_6_19_patch2 is the CMSSW we created on the local worker node
Running over Data2018 files
Blinding data, only using CR cuts (0 loose b's)
Using UL 2018 campaign working points
Pre-select 138324 entries out of 1429181 (9.68%)
Processed    10000/  138324 entries,  7.23% (elapsed time    24.7s, curr speed    0.405 kHz, avg speed    0.405 kHz), accepted     1807/   10001 events (18.07%)
Processed    20000/  138324 entries, 14.46% (elapsed time    48.7s, curr speed    0.416 kHz, avg speed    0.411 kHz), accepted     3520/   20001 events (17.60%)
Processed    30000/  138324 entries, 21.69% (elapsed time    73.1s, curr speed    0.410 kHz, avg speed    0.411 kHz), accepted     5303/   30001 events (17.68%)
Processed    40000/  138324 entries, 28.92% (elapsed time    96.8s, curr speed    0.422 kHz, avg speed    0.413 kHz), accepted     7105/   40001 events (17.76%)
Processed    50000/  138324 entries, 36.15% (elapsed time   121.5s, curr speed    0.405 kHz, avg speed    0.412 kHz), accepted     8971/   50001 events (17.94%)
Processed    60000/  138324 entries, 43.38% (elapsed time   145.1s, curr speed    0.423 kHz, avg speed    0.413 kHz), accepted    10700/   60001 events (17.83%)
Processed    70000/  138324 entries, 50.61% (elapsed time   168.6s, curr speed    0.425 kHz, avg speed    0.415 kHz), accepted    12411/   70001 events (17.73%)
Processed    80000/  138324 entries, 57.84% (elapsed time   192.6s, curr speed    0.418 kHz, avg speed    0.415 kHz), accepted    14195/   80001 events (17.74%)
Processed    90000/  138324 entries, 65.06% (elapsed time   216.3s, curr speed    0.422 kHz, avg speed    0.416 kHz), accepted    15927/   90001 events (17.70%)
Processed   100000/  138324 entries, 72.29% (elapsed time   240.1s, curr speed    0.421 kHz, avg speed    0.417 kHz), accepted    17638/  100001 events (17.64%)
Processed   110000/  138324 entries, 79.52% (elapsed time   263.8s, curr speed    0.422 kHz, avg speed    0.417 kHz), accepted    19340/  110001 events (17.58%)
Processed   120000/  138324 entries, 86.75% (elapsed time   289.1s, curr speed    0.395 kHz, avg speed    0.415 kHz), accepted    21437/  120001 events (17.86%)
Processed   130000/  138324 entries, 93.98% (elapsed time   314.6s, curr speed    0.392 kHz, avg speed    0.413 kHz), accepted    23506/  130001 events (18.08%)
Processed 138324 preselected entries from root://cmsxrootd.fnal.gov//store/data/Run2018D/JetHT/NANOAOD/UL2018_MiniAODv2_NanoAODv9-v2/2540000/8BF58971-E409-CA43-829A-5A2589DC2A77.root (1429181 entries). Finally selected 25287 entries
Total time 343.7 sec. to process 1429181 events. Rate = 4158.3 Hz.
Running pwd:
/storage/local/data1/condor/execute/dir_26223
Running ls -alrth:
total 168K
-rw-r--r--  1 shardulr fnalgrid 5.0K Jun 22 20:15 .job.ad
-rw-r--r--  1 shardulr fnalgrid  11K Jun 22 20:15 .machine.ad
-rwx------  1 shardulr fnalgrid   49 Jun 22 20:15 .chirp.config
-rw-------  1 shardulr fnalgrid  11K Jun 22 20:15 x509up
drwxr-xr-x  2 shardulr fnalgrid 4.0K Jun 22 20:15 samples
-rw-r--r--  1 shardulr fnalgrid  62K Jun 22 20:15 singleStopAnalyzer.py
-rw-r--r--  1 shardulr fnalgrid  951 Jun 22 20:15 bJetMatcher.py
-rwxr-xr-x  1 shardulr fnalgrid  705 Jun 22 20:15 condor_exec.exe
-rw-r--r--  1 shardulr fnalgrid    0 Jun 22 20:15 docker_stderror
drwxrwxrwt  3 shardulr fnalgrid 4.0K Jun 22 20:15 var
drwxrwxrwt  2 shardulr fnalgrid 4.0K Jun 22 20:15 tmp
drwxr-xr-x  3 root     root     4.0K Jun 22 20:15 ..
srwxr-xr-x  1 shardulr fnalgrid    0 Jun 22 20:15 .docker_sock
drwxr-xr-x 17 shardulr fnalgrid 4.0K Jun 22 20:15 CMSSW_10_6_19_patch2
drwxr-xr-x  2 shardulr fnalgrid 4.0K Jun 22 20:15 framework
-rw-r--r--  1 shardulr fnalgrid 1.7K Jun 22 20:16 bJetMatcher.pyc
drwxr-xr-x  3 shardulr fnalgrid 4.0K Jun 22 20:16 output
-rw-r--r--  1 shardulr fnalgrid  215 Jun 22 20:16 _condor_stderr
-rw-r--r--  1 shardulr fnalgrid  11K Jun 22 20:21 .update.ad
drwx------  8 shardulr fnalgrid 4.0K Jun 22 20:21 .
-rw-r--r--  1 shardulr fnalgrid 4.3K Jun 22 20:21 _condor_stdout
