[FERMIHTC-APPTAINER]: INFO -- No Apptainer image specified
[FERMIHTC-APPTAINER]: INFO -- Running job on the host machine

[FERMIHTC-APPTAINER]: INFO -- Running ./condor_exec.exe
Starting job on  Thu Jun 22 20:11:03 UTC 2023
Running on: Linux shardulr-32358499-130-cmswn2116.fnal.gov 3.10.0-1160.90.1.el7.x86_64 #1 SMP Thu Apr 27 13:14:20 CDT 2023 x86_64 x86_64 x86_64 GNU/Linux
System software: Scientific Linux release 7.9 (Nitrogen)
Running ls -alrth:
total 156K
-rw-r--r--  1 shardulr fnalgrid 5.0K Jun 22 20:10 .job.ad
-rw-r--r--  1 shardulr fnalgrid  11K Jun 22 20:10 .machine.ad
-rwx------  1 shardulr fnalgrid   49 Jun 22 20:10 .chirp.config
-rw-------  1 shardulr fnalgrid  11K Jun 22 20:10 x509up
drwxr-xr-x  2 shardulr fnalgrid 4.0K Jun 22 20:10 samples
drwxr-xr-x  2 shardulr fnalgrid 4.0K Jun 22 20:10 framework
-rw-r--r--  1 shardulr fnalgrid  62K Jun 22 20:10 singleStopAnalyzer.py
-rwxr-xr-x  1 shardulr fnalgrid  705 Jun 22 20:10 condor_exec.exe
-rw-r--r--  1 shardulr fnalgrid  951 Jun 22 20:10 bJetMatcher.py
-rw-r--r--  1 shardulr fnalgrid    0 Jun 22 20:10 docker_stderror
drwxrwxrwt  3 shardulr fnalgrid 4.0K Jun 22 20:10 var
drwxrwxrwt  2 shardulr fnalgrid 4.0K Jun 22 20:10 tmp
drwxr-xr-x  3 root     root     4.0K Jun 22 20:10 ..
-rw-r--r--  1 shardulr fnalgrid  11K Jun 22 20:10 .update.ad
srwxr-xr-x  1 shardulr fnalgrid    0 Jun 22 20:10 .docker_sock
-rw-r--r--  1 shardulr fnalgrid  113 Jun 22 20:11 _condor_stderr
drwx------  7 shardulr fnalgrid 4.0K Jun 22 20:11 .
drwxr-xr-x 17 shardulr fnalgrid 4.0K Jun 22 20:11 CMSSW_10_6_19_patch2
-rw-r--r--  1 shardulr fnalgrid  454 Jun 22 20:11 _condor_stdout
/storage/local/data1/condor/execute/dir_62420/CMSSW_10_6_19_patch2 is the CMSSW we created on the local worker node
Running over Data2018 files
Blinding data, only using CR cuts (0 loose b's)
Using UL 2018 campaign working points
Pre-select 67454 entries out of 697744 (9.67%)
Processed    10000/   67454 entries, 14.82% (elapsed time    29.7s, curr speed    0.337 kHz, avg speed    0.337 kHz), accepted     1760/   10001 events (17.60%)
Processed    20000/   67454 entries, 29.65% (elapsed time    58.0s, curr speed    0.353 kHz, avg speed    0.345 kHz), accepted     3651/   20001 events (18.25%)
Processed    30000/   67454 entries, 44.47% (elapsed time    87.3s, curr speed    0.342 kHz, avg speed    0.344 kHz), accepted     5668/   30001 events (18.89%)
Processed    40000/   67454 entries, 59.30% (elapsed time   115.9s, curr speed    0.350 kHz, avg speed    0.345 kHz), accepted     7581/   40001 events (18.95%)
Processed    50000/   67454 entries, 74.12% (elapsed time   144.8s, curr speed    0.345 kHz, avg speed    0.345 kHz), accepted     9578/   50001 events (19.16%)
Processed    60000/   67454 entries, 88.95% (elapsed time   169.8s, curr speed    0.401 kHz, avg speed    0.353 kHz), accepted    11281/   60001 events (18.80%)
Processed 67454 preselected entries from root://cmsxrootd.fnal.gov//store/data/Run2018A/JetHT/NANOAOD/UL2018_MiniAODv2_NanoAODv9-v2/250000/DB3A3200-4F40-FF4C-800E-1AD9BC73EBD7.root (697744 entries). Finally selected 12726 entries
Total time 194.9 sec. to process 697744 events. Rate = 3580.4 Hz.
Running pwd:
/storage/local/data1/condor/execute/dir_62420
Running ls -alrth:
total 164K
-rw-r--r--  1 shardulr fnalgrid 5.0K Jun 22 20:10 .job.ad
-rw-r--r--  1 shardulr fnalgrid  11K Jun 22 20:10 .machine.ad
-rwx------  1 shardulr fnalgrid   49 Jun 22 20:10 .chirp.config
-rw-------  1 shardulr fnalgrid  11K Jun 22 20:10 x509up
drwxr-xr-x  2 shardulr fnalgrid 4.0K Jun 22 20:10 samples
-rw-r--r--  1 shardulr fnalgrid  62K Jun 22 20:10 singleStopAnalyzer.py
-rwxr-xr-x  1 shardulr fnalgrid  705 Jun 22 20:10 condor_exec.exe
-rw-r--r--  1 shardulr fnalgrid  951 Jun 22 20:10 bJetMatcher.py
-rw-r--r--  1 shardulr fnalgrid    0 Jun 22 20:10 docker_stderror
drwxrwxrwt  3 shardulr fnalgrid 4.0K Jun 22 20:10 var
drwxrwxrwt  2 shardulr fnalgrid 4.0K Jun 22 20:10 tmp
drwxr-xr-x  3 root     root     4.0K Jun 22 20:10 ..
srwxr-xr-x  1 shardulr fnalgrid    0 Jun 22 20:10 .docker_sock
drwxr-xr-x 17 shardulr fnalgrid 4.0K Jun 22 20:11 CMSSW_10_6_19_patch2
drwxr-xr-x  2 shardulr fnalgrid 4.0K Jun 22 20:11 framework
-rw-r--r--  1 shardulr fnalgrid 1.7K Jun 22 20:11 bJetMatcher.pyc
drwxr-xr-x  3 shardulr fnalgrid 4.0K Jun 22 20:11 output
-rw-r--r--  1 shardulr fnalgrid  215 Jun 22 20:11 _condor_stderr
-rw-r--r--  1 shardulr fnalgrid  11K Jun 22 20:14 .update.ad
drwx------  8 shardulr fnalgrid 4.0K Jun 22 20:14 .
-rw-r--r--  1 shardulr fnalgrid 3.2K Jun 22 20:14 _condor_stdout
