[FERMIHTC-APPTAINER]: INFO -- No Apptainer image specified
[FERMIHTC-APPTAINER]: INFO -- Running job on the host machine

[FERMIHTC-APPTAINER]: INFO -- Running ./condor_exec.exe
Starting job on  Thu Jun 22 20:15:09 UTC 2023
Running on: Linux shardulr-32358499-262-cmswn2036.fnal.gov 3.10.0-1160.90.1.el7.x86_64 #1 SMP Thu Apr 27 13:14:20 CDT 2023 x86_64 x86_64 x86_64 GNU/Linux
System software: Scientific Linux release 7.9 (Nitrogen)
Running ls -alrth:
total 164K
-rw-r--r--  1 shardulr fnalgrid 5.0K Jun 22 20:13 .job.ad
-rw-r--r--  1 shardulr fnalgrid  13K Jun 22 20:13 .machine.ad
-rwx------  1 shardulr fnalgrid   49 Jun 22 20:13 .chirp.config
-rw-------  1 shardulr fnalgrid  11K Jun 22 20:13 x509up
drwxr-xr-x  2 shardulr fnalgrid 4.0K Jun 22 20:13 samples
drwxr-xr-x  2 shardulr fnalgrid 4.0K Jun 22 20:13 framework
-rw-r--r--  1 shardulr fnalgrid  62K Jun 22 20:13 singleStopAnalyzer.py
-rwxr-xr-x  1 shardulr fnalgrid  705 Jun 22 20:13 condor_exec.exe
-rw-r--r--  1 shardulr fnalgrid  951 Jun 22 20:13 bJetMatcher.py
-rw-r--r--  1 shardulr fnalgrid    0 Jun 22 20:13 docker_stderror
drwxrwxrwt  3 shardulr fnalgrid 4.0K Jun 22 20:13 var
drwxrwxrwt  2 shardulr fnalgrid 4.0K Jun 22 20:13 tmp
-rw-r--r--  1 shardulr fnalgrid  13K Jun 22 20:14 .update.ad
drwxr-xr-x  3 root     root     4.0K Jun 22 20:14 ..
srwxr-xr-x  1 shardulr fnalgrid    0 Jun 22 20:14 .docker_sock
-rw-r--r--  1 shardulr fnalgrid  113 Jun 22 20:15 _condor_stderr
drwx------  7 shardulr fnalgrid 4.0K Jun 22 20:15 .
drwxr-xr-x 17 shardulr fnalgrid 4.0K Jun 22 20:15 CMSSW_10_6_19_patch2
-rw-r--r--  1 shardulr fnalgrid  454 Jun 22 20:15 _condor_stdout
/storage/local/data1/condor/execute/dir_34272/CMSSW_10_6_19_patch2 is the CMSSW we created on the local worker node
Running over Data2018 files
Blinding data, only using CR cuts (0 loose b's)
Using UL 2018 campaign working points
Pre-select 126359 entries out of 1235564 (10.23%)
Processed    10000/  126359 entries,  7.91% (elapsed time    24.6s, curr speed    0.406 kHz, avg speed    0.406 kHz), accepted     2131/   10001 events (21.31%)
Processed    20000/  126359 entries, 15.83% (elapsed time    49.1s, curr speed    0.408 kHz, avg speed    0.407 kHz), accepted     4402/   20001 events (22.01%)
Processed    30000/  126359 entries, 23.74% (elapsed time    73.4s, curr speed    0.411 kHz, avg speed    0.408 kHz), accepted     6601/   30001 events (22.00%)
Processed    40000/  126359 entries, 31.66% (elapsed time    94.2s, curr speed    0.481 kHz, avg speed    0.425 kHz), accepted     8215/   40001 events (20.54%)
Processed    50000/  126359 entries, 39.57% (elapsed time   117.6s, curr speed    0.428 kHz, avg speed    0.425 kHz), accepted    10255/   50001 events (20.51%)
Processed    60000/  126359 entries, 47.48% (elapsed time   137.1s, curr speed    0.512 kHz, avg speed    0.438 kHz), accepted    11599/   60001 events (19.33%)
Processed    70000/  126359 entries, 55.40% (elapsed time   160.0s, curr speed    0.437 kHz, avg speed    0.437 kHz), accepted    13515/   70001 events (19.31%)
Processed    80000/  126359 entries, 63.31% (elapsed time   183.7s, curr speed    0.422 kHz, avg speed    0.435 kHz), accepted    15644/   80001 events (19.55%)
Processed    90000/  126359 entries, 71.23% (elapsed time   206.8s, curr speed    0.434 kHz, avg speed    0.435 kHz), accepted    17728/   90001 events (19.70%)
Processed   100000/  126359 entries, 79.14% (elapsed time   230.9s, curr speed    0.414 kHz, avg speed    0.433 kHz), accepted    19903/  100001 events (19.90%)
Processed   110000/  126359 entries, 87.05% (elapsed time   255.6s, curr speed    0.405 kHz, avg speed    0.430 kHz), accepted    22135/  110001 events (20.12%)
Processed   120000/  126359 entries, 94.97% (elapsed time   278.8s, curr speed    0.431 kHz, avg speed    0.430 kHz), accepted    24176/  120001 events (20.15%)
Processed 126359 preselected entries from root://cmsxrootd.fnal.gov//store/data/Run2018D/JetHT/NANOAOD/UL2018_MiniAODv2_NanoAODv9-v2/2540000/BAD30597-A4E4-224D-A713-B4628909BC95.root (1235564 entries). Finally selected 25518 entries
Total time 299.3 sec. to process 1235564 events. Rate = 4128.3 Hz.
Running pwd:
/storage/local/data1/condor/execute/dir_34272
Running ls -alrth:
total 176K
-rw-r--r--  1 shardulr fnalgrid 5.0K Jun 22 20:13 .job.ad
-rw-r--r--  1 shardulr fnalgrid  13K Jun 22 20:13 .machine.ad
-rwx------  1 shardulr fnalgrid   49 Jun 22 20:13 .chirp.config
-rw-------  1 shardulr fnalgrid  11K Jun 22 20:13 x509up
drwxr-xr-x  2 shardulr fnalgrid 4.0K Jun 22 20:13 samples
-rw-r--r--  1 shardulr fnalgrid  62K Jun 22 20:13 singleStopAnalyzer.py
-rwxr-xr-x  1 shardulr fnalgrid  705 Jun 22 20:13 condor_exec.exe
-rw-r--r--  1 shardulr fnalgrid  951 Jun 22 20:13 bJetMatcher.py
-rw-r--r--  1 shardulr fnalgrid    0 Jun 22 20:13 docker_stderror
drwxrwxrwt  3 shardulr fnalgrid 4.0K Jun 22 20:13 var
drwxrwxrwt  2 shardulr fnalgrid 4.0K Jun 22 20:13 tmp
drwxr-xr-x  3 root     root     4.0K Jun 22 20:14 ..
srwxr-xr-x  1 shardulr fnalgrid    0 Jun 22 20:14 .docker_sock
drwxr-xr-x 17 shardulr fnalgrid 4.0K Jun 22 20:15 CMSSW_10_6_19_patch2
drwxr-xr-x  2 shardulr fnalgrid 4.0K Jun 22 20:15 framework
-rw-r--r--  1 shardulr fnalgrid 1.7K Jun 22 20:15 bJetMatcher.pyc
drwxr-xr-x  3 shardulr fnalgrid 4.0K Jun 22 20:15 output
-rw-r--r--  1 shardulr fnalgrid  215 Jun 22 20:15 _condor_stderr
-rw-r--r--  1 shardulr fnalgrid  13K Jun 22 20:19 .update.ad
drwx------  8 shardulr fnalgrid 4.0K Jun 22 20:19 .
-rw-r--r--  1 shardulr fnalgrid 4.2K Jun 22 20:20 _condor_stdout
