[FERMIHTC-APPTAINER]: INFO -- No Apptainer image specified
[FERMIHTC-APPTAINER]: INFO -- Running job on the host machine

[FERMIHTC-APPTAINER]: INFO -- Running ./condor_exec.exe
Starting job on  Thu Jun 22 20:15:06 UTC 2023
Running on: Linux shardulr-32358499-305-cmswn2093.fnal.gov 3.10.0-1160.90.1.el7.x86_64 #1 SMP Thu Apr 27 13:14:20 CDT 2023 x86_64 x86_64 x86_64 GNU/Linux
System software: Scientific Linux release 7.9 (Nitrogen)
Running ls -alrth:
total 164K
-rw-r--r--  1 shardulr fnalgrid  13K Jun 22 20:14 .machine.ad
-rw-r--r--  1 shardulr fnalgrid 5.1K Jun 22 20:14 .job.ad
-rwx------  1 shardulr fnalgrid   49 Jun 22 20:14 .chirp.config
-rw-------  1 shardulr fnalgrid  11K Jun 22 20:14 x509up
drwxr-xr-x  2 shardulr fnalgrid 4.0K Jun 22 20:14 samples
drwxr-xr-x  2 shardulr fnalgrid 4.0K Jun 22 20:14 framework
-rw-r--r--  1 shardulr fnalgrid  62K Jun 22 20:14 singleStopAnalyzer.py
-rw-r--r--  1 shardulr fnalgrid  951 Jun 22 20:14 bJetMatcher.py
-rwxr-xr-x  1 shardulr fnalgrid  705 Jun 22 20:14 condor_exec.exe
-rw-r--r--  1 shardulr fnalgrid    0 Jun 22 20:14 docker_stderror
drwxrwxrwt  3 shardulr fnalgrid 4.0K Jun 22 20:14 var
drwxrwxrwt  2 shardulr fnalgrid 4.0K Jun 22 20:14 tmp
-rw-r--r--  1 shardulr fnalgrid  13K Jun 22 20:14 .update.ad
drwxr-xr-x  3 root     root     4.0K Jun 22 20:15 ..
srwxr-xr-x  1 shardulr fnalgrid    0 Jun 22 20:15 .docker_sock
-rw-r--r--  1 shardulr fnalgrid  113 Jun 22 20:15 _condor_stderr
drwx------  7 shardulr fnalgrid 4.0K Jun 22 20:15 .
drwxr-xr-x 17 shardulr fnalgrid 4.0K Jun 22 20:15 CMSSW_10_6_19_patch2
-rw-r--r--  1 shardulr fnalgrid  454 Jun 22 20:15 _condor_stdout
/storage/local/data1/condor/execute/dir_57091/CMSSW_10_6_19_patch2 is the CMSSW we created on the local worker node
Running over Data2018 files
Blinding data, only using CR cuts (0 loose b's)
Using UL 2018 campaign working points
Pre-select 57808 entries out of 563016 (10.27%)
Processed    10000/   57808 entries, 17.30% (elapsed time    28.8s, curr speed    0.348 kHz, avg speed    0.348 kHz), accepted     1055/   10001 events (10.55%)
Processed    20000/   57808 entries, 34.60% (elapsed time    56.1s, curr speed    0.366 kHz, avg speed    0.356 kHz), accepted     2839/   20001 events (14.19%)
Processed    30000/   57808 entries, 51.90% (elapsed time    85.3s, curr speed    0.342 kHz, avg speed    0.351 kHz), accepted     4840/   30001 events (16.13%)
Processed    40000/   57808 entries, 69.19% (elapsed time   113.1s, curr speed    0.361 kHz, avg speed    0.354 kHz), accepted     6702/   40001 events (16.75%)
Processed    50000/   57808 entries, 86.49% (elapsed time   141.0s, curr speed    0.358 kHz, avg speed    0.355 kHz), accepted     8594/   50001 events (17.19%)
Processed 57808 preselected entries from root://cmsxrootd.fnal.gov//store/data/Run2018D/JetHT/NANOAOD/UL2018_MiniAODv2_NanoAODv9-v2/2540000/F2F5A71F-062E-AB4E-A3E9-94E9E0799997.root (563016 entries). Finally selected 10125 entries
Total time 170.1 sec. to process 563016 events. Rate = 3309.1 Hz.
Running pwd:
/storage/local/data1/condor/execute/dir_57091
Running ls -alrth:
total 172K
-rw-r--r--  1 shardulr fnalgrid  13K Jun 22 20:14 .machine.ad
-rw-r--r--  1 shardulr fnalgrid 5.1K Jun 22 20:14 .job.ad
-rwx------  1 shardulr fnalgrid   49 Jun 22 20:14 .chirp.config
-rw-------  1 shardulr fnalgrid  11K Jun 22 20:14 x509up
drwxr-xr-x  2 shardulr fnalgrid 4.0K Jun 22 20:14 samples
-rw-r--r--  1 shardulr fnalgrid  62K Jun 22 20:14 singleStopAnalyzer.py
-rw-r--r--  1 shardulr fnalgrid  951 Jun 22 20:14 bJetMatcher.py
-rwxr-xr-x  1 shardulr fnalgrid  705 Jun 22 20:14 condor_exec.exe
-rw-r--r--  1 shardulr fnalgrid    0 Jun 22 20:14 docker_stderror
drwxrwxrwt  3 shardulr fnalgrid 4.0K Jun 22 20:14 var
drwxrwxrwt  2 shardulr fnalgrid 4.0K Jun 22 20:14 tmp
drwxr-xr-x  3 root     root     4.0K Jun 22 20:15 ..
srwxr-xr-x  1 shardulr fnalgrid    0 Jun 22 20:15 .docker_sock
drwxr-xr-x 17 shardulr fnalgrid 4.0K Jun 22 20:15 CMSSW_10_6_19_patch2
drwxr-xr-x  2 shardulr fnalgrid 4.0K Jun 22 20:15 framework
-rw-r--r--  1 shardulr fnalgrid 1.7K Jun 22 20:15 bJetMatcher.pyc
drwxr-xr-x  3 shardulr fnalgrid 4.0K Jun 22 20:15 output
-rw-r--r--  1 shardulr fnalgrid  215 Jun 22 20:15 _condor_stderr
-rw-r--r--  1 shardulr fnalgrid  13K Jun 22 20:18 .update.ad
drwx------  8 shardulr fnalgrid 4.0K Jun 22 20:18 .
-rw-r--r--  1 shardulr fnalgrid 3.1K Jun 22 20:18 _condor_stdout
