[FERMIHTC-APPTAINER]: INFO -- No Apptainer image specified
[FERMIHTC-APPTAINER]: INFO -- Running job on the host machine

[FERMIHTC-APPTAINER]: INFO -- Running ./condor_exec.exe
Starting job on  Thu Jun 22 20:10:39 UTC 2023
Running on: Linux shardulr-32358499-75-cmswn2088.fnal.gov 3.10.0-1160.90.1.el7.x86_64 #1 SMP Thu Apr 27 13:14:20 CDT 2023 x86_64 x86_64 x86_64 GNU/Linux
System software: Scientific Linux release 7.9 (Nitrogen)
Running ls -alrth:
total 164K
-rw-r--r--  1 shardulr fnalgrid 5.0K Jun 22 20:10 .job.ad
-rw-r--r--  1 shardulr fnalgrid  13K Jun 22 20:10 .machine.ad
-rwx------  1 shardulr fnalgrid   49 Jun 22 20:10 .chirp.config
-rw-------  1 shardulr fnalgrid  11K Jun 22 20:10 x509up
drwxr-xr-x  2 shardulr fnalgrid 4.0K Jun 22 20:10 samples
drwxr-xr-x  2 shardulr fnalgrid 4.0K Jun 22 20:10 framework
-rw-r--r--  1 shardulr fnalgrid  62K Jun 22 20:10 singleStopAnalyzer.py
-rwxr-xr-x  1 shardulr fnalgrid  704 Jun 22 20:10 condor_exec.exe
-rw-r--r--  1 shardulr fnalgrid  951 Jun 22 20:10 bJetMatcher.py
-rw-r--r--  1 shardulr fnalgrid    0 Jun 22 20:10 docker_stderror
drwxrwxrwt  3 shardulr fnalgrid 4.0K Jun 22 20:10 var
drwxrwxrwt  2 shardulr fnalgrid 4.0K Jun 22 20:10 tmp
drwxr-xr-x  3 root     root     4.0K Jun 22 20:10 ..
srwxr-xr-x  1 shardulr fnalgrid    0 Jun 22 20:10 .docker_sock
-rw-r--r--  1 shardulr fnalgrid  13K Jun 22 20:10 .update.ad
-rw-r--r--  1 shardulr fnalgrid  113 Jun 22 20:10 _condor_stderr
drwx------  7 shardulr fnalgrid 4.0K Jun 22 20:10 .
drwxr-xr-x 17 shardulr fnalgrid 4.0K Jun 22 20:10 CMSSW_10_6_19_patch2
-rw-r--r--  1 shardulr fnalgrid  453 Jun 22 20:10 _condor_stdout
/storage/local/data1/condor/execute/dir_21724/CMSSW_10_6_19_patch2 is the CMSSW we created on the local worker node
Running over Data2018 files
Blinding data, only using CR cuts (0 loose b's)
Using UL 2018 campaign working points
Pre-select 120125 entries out of 1309156 (9.18%)
Processed    10000/  120125 entries,  8.32% (elapsed time    33.7s, curr speed    0.296 kHz, avg speed    0.296 kHz), accepted     1962/   10001 events (19.62%)
Processed    20000/  120125 entries, 16.65% (elapsed time    67.5s, curr speed    0.296 kHz, avg speed    0.296 kHz), accepted     4012/   20001 events (20.06%)
Processed    30000/  120125 entries, 24.97% (elapsed time    99.3s, curr speed    0.314 kHz, avg speed    0.302 kHz), accepted     5836/   30001 events (19.45%)
Processed    40000/  120125 entries, 33.30% (elapsed time   131.9s, curr speed    0.307 kHz, avg speed    0.303 kHz), accepted     7963/   40001 events (19.91%)
Processed    50000/  120125 entries, 41.62% (elapsed time   164.5s, curr speed    0.307 kHz, avg speed    0.304 kHz), accepted     9846/   50001 events (19.69%)
Processed    60000/  120125 entries, 49.95% (elapsed time   198.3s, curr speed    0.295 kHz, avg speed    0.303 kHz), accepted    11823/   60001 events (19.70%)
Processed    70000/  120125 entries, 58.27% (elapsed time   232.9s, curr speed    0.290 kHz, avg speed    0.301 kHz), accepted    13830/   70001 events (19.76%)
Processed    80000/  120125 entries, 66.60% (elapsed time   267.4s, curr speed    0.289 kHz, avg speed    0.299 kHz), accepted    15819/   80001 events (19.77%)
Processed    90000/  120125 entries, 74.92% (elapsed time   297.9s, curr speed    0.328 kHz, avg speed    0.302 kHz), accepted    17582/   90001 events (19.54%)
Processed   100000/  120125 entries, 83.25% (elapsed time   328.0s, curr speed    0.333 kHz, avg speed    0.305 kHz), accepted    19623/  100001 events (19.62%)
Processed   110000/  120125 entries, 91.57% (elapsed time   355.1s, curr speed    0.369 kHz, avg speed    0.310 kHz), accepted    21519/  110001 events (19.56%)
Processed   120000/  120125 entries, 99.90% (elapsed time   385.5s, curr speed    0.329 kHz, avg speed    0.311 kHz), accepted    23628/  120001 events (19.69%)
Processed 120125 preselected entries from root://cmsxrootd.fnal.gov//store/data/Run2018A/JetHT/NANOAOD/UL2018_MiniAODv2_NanoAODv9-v2/250000/799326FB-3111-E04F-8273-D32AA79B9CA5.root (1309156 entries). Finally selected 23629 entries
Total time 397.0 sec. to process 1309156 events. Rate = 3297.6 Hz.
Running pwd:
/storage/local/data1/condor/execute/dir_21724
Running ls -alrth:
total 176K
-rw-r--r--  1 shardulr fnalgrid 5.0K Jun 22 20:10 .job.ad
-rw-r--r--  1 shardulr fnalgrid  13K Jun 22 20:10 .machine.ad
-rwx------  1 shardulr fnalgrid   49 Jun 22 20:10 .chirp.config
-rw-------  1 shardulr fnalgrid  11K Jun 22 20:10 x509up
drwxr-xr-x  2 shardulr fnalgrid 4.0K Jun 22 20:10 samples
-rw-r--r--  1 shardulr fnalgrid  62K Jun 22 20:10 singleStopAnalyzer.py
-rwxr-xr-x  1 shardulr fnalgrid  704 Jun 22 20:10 condor_exec.exe
-rw-r--r--  1 shardulr fnalgrid  951 Jun 22 20:10 bJetMatcher.py
-rw-r--r--  1 shardulr fnalgrid    0 Jun 22 20:10 docker_stderror
drwxrwxrwt  3 shardulr fnalgrid 4.0K Jun 22 20:10 var
drwxrwxrwt  2 shardulr fnalgrid 4.0K Jun 22 20:10 tmp
drwxr-xr-x  3 root     root     4.0K Jun 22 20:10 ..
srwxr-xr-x  1 shardulr fnalgrid    0 Jun 22 20:10 .docker_sock
drwxr-xr-x 17 shardulr fnalgrid 4.0K Jun 22 20:10 CMSSW_10_6_19_patch2
drwxr-xr-x  2 shardulr fnalgrid 4.0K Jun 22 20:10 framework
-rw-r--r--  1 shardulr fnalgrid 1.7K Jun 22 20:10 bJetMatcher.pyc
drwxr-xr-x  3 shardulr fnalgrid 4.0K Jun 22 20:10 output
-rw-r--r--  1 shardulr fnalgrid  215 Jun 22 20:10 _condor_stderr
-rw-r--r--  1 shardulr fnalgrid  13K Jun 22 20:16 .update.ad
drwx------  8 shardulr fnalgrid 4.0K Jun 22 20:16 .
-rw-r--r--  1 shardulr fnalgrid 4.2K Jun 22 20:17 _condor_stdout
