[FERMIHTC-APPTAINER]: INFO -- No Apptainer image specified
[FERMIHTC-APPTAINER]: INFO -- Running job on the host machine

[FERMIHTC-APPTAINER]: INFO -- Running ./condor_exec.exe
Starting job on  Thu Jun 22 20:12:16 UTC 2023
Running on: Linux shardulr-32358499-220-cmswn2037.fnal.gov 3.10.0-1160.90.1.el7.x86_64 #1 SMP Thu Apr 27 13:14:20 CDT 2023 x86_64 x86_64 x86_64 GNU/Linux
System software: Scientific Linux release 7.9 (Nitrogen)
Running ls -alrth:
total 164K
-rw-r--r--  1 shardulr fnalgrid  13K Jun 22 20:12 .machine.ad
-rw-r--r--  1 shardulr fnalgrid 5.0K Jun 22 20:12 .job.ad
-rwx------  1 shardulr fnalgrid   49 Jun 22 20:12 .chirp.config
-rw-------  1 shardulr fnalgrid  11K Jun 22 20:12 x509up
drwxr-xr-x  2 shardulr fnalgrid 4.0K Jun 22 20:12 samples
drwxr-xr-x  2 shardulr fnalgrid 4.0K Jun 22 20:12 framework
-rw-r--r--  1 shardulr fnalgrid  62K Jun 22 20:12 singleStopAnalyzer.py
-rwxr-xr-x  1 shardulr fnalgrid  705 Jun 22 20:12 condor_exec.exe
-rw-r--r--  1 shardulr fnalgrid  951 Jun 22 20:12 bJetMatcher.py
-rw-r--r--  1 shardulr fnalgrid    0 Jun 22 20:12 docker_stderror
drwxrwxrwt  2 shardulr fnalgrid 4.0K Jun 22 20:12 tmp
drwxrwxrwt  3 shardulr fnalgrid 4.0K Jun 22 20:12 var
-rw-r--r--  1 shardulr fnalgrid  13K Jun 22 20:12 .update.ad
drwxr-xr-x  3 root     root     4.0K Jun 22 20:12 ..
srwxr-xr-x  1 shardulr fnalgrid    0 Jun 22 20:12 .docker_sock
-rw-r--r--  1 shardulr fnalgrid  113 Jun 22 20:12 _condor_stderr
drwx------  7 shardulr fnalgrid 4.0K Jun 22 20:12 .
drwxr-xr-x 17 shardulr fnalgrid 4.0K Jun 22 20:12 CMSSW_10_6_19_patch2
-rw-r--r--  1 shardulr fnalgrid  454 Jun 22 20:12 _condor_stdout
/storage/local/data1/condor/execute/dir_28293/CMSSW_10_6_19_patch2 is the CMSSW we created on the local worker node
Running over Data2018 files
Blinding data, only using CR cuts (0 loose b's)
Using UL 2018 campaign working points
Pre-select 127825 entries out of 1251057 (10.22%)
Processed    10000/  127825 entries,  7.82% (elapsed time    30.9s, curr speed    0.323 kHz, avg speed    0.323 kHz), accepted     1962/   10001 events (19.62%)
Processed    20000/  127825 entries, 15.65% (elapsed time    59.5s, curr speed    0.350 kHz, avg speed    0.336 kHz), accepted     3740/   20001 events (18.70%)
Processed    30000/  127825 entries, 23.47% (elapsed time    88.5s, curr speed    0.345 kHz, avg speed    0.339 kHz), accepted     5822/   30001 events (19.41%)
Processed    40000/  127825 entries, 31.29% (elapsed time   114.6s, curr speed    0.383 kHz, avg speed    0.349 kHz), accepted     7966/   40001 events (19.91%)
Processed    50000/  127825 entries, 39.12% (elapsed time   139.6s, curr speed    0.400 kHz, avg speed    0.358 kHz), accepted     9735/   50001 events (19.47%)
Processed    60000/  127825 entries, 46.94% (elapsed time   169.0s, curr speed    0.340 kHz, avg speed    0.355 kHz), accepted    11797/   60001 events (19.66%)
Processed    70000/  127825 entries, 54.76% (elapsed time   200.7s, curr speed    0.315 kHz, avg speed    0.349 kHz), accepted    13570/   70001 events (19.39%)
Processed    80000/  127825 entries, 62.59% (elapsed time   229.3s, curr speed    0.350 kHz, avg speed    0.349 kHz), accepted    15228/   80001 events (19.03%)
Processed    90000/  127825 entries, 70.41% (elapsed time   260.2s, curr speed    0.324 kHz, avg speed    0.346 kHz), accepted    17408/   90001 events (19.34%)
Processed   100000/  127825 entries, 78.23% (elapsed time   289.7s, curr speed    0.339 kHz, avg speed    0.345 kHz), accepted    19569/  100001 events (19.57%)
Processed   110000/  127825 entries, 86.06% (elapsed time   315.5s, curr speed    0.388 kHz, avg speed    0.349 kHz), accepted    21414/  110001 events (19.47%)
Processed   120000/  127825 entries, 93.88% (elapsed time   342.4s, curr speed    0.372 kHz, avg speed    0.351 kHz), accepted    23467/  120001 events (19.56%)
Processed 127825 preselected entries from root://cmsxrootd.fnal.gov//store/data/Run2018C/JetHT/NANOAOD/UL2018_MiniAODv2_NanoAODv9-v1/130000/A7FCCAB5-7872-4841-85CB-078816090D53.root (1251057 entries). Finally selected 24925 entries
Total time 374.8 sec. to process 1251057 events. Rate = 3338.0 Hz.
Running pwd:
/storage/local/data1/condor/execute/dir_28293
Running ls -alrth:
total 176K
-rw-r--r--  1 shardulr fnalgrid  13K Jun 22 20:12 .machine.ad
-rw-r--r--  1 shardulr fnalgrid 5.0K Jun 22 20:12 .job.ad
-rwx------  1 shardulr fnalgrid   49 Jun 22 20:12 .chirp.config
-rw-------  1 shardulr fnalgrid  11K Jun 22 20:12 x509up
drwxr-xr-x  2 shardulr fnalgrid 4.0K Jun 22 20:12 samples
-rw-r--r--  1 shardulr fnalgrid  62K Jun 22 20:12 singleStopAnalyzer.py
-rwxr-xr-x  1 shardulr fnalgrid  705 Jun 22 20:12 condor_exec.exe
-rw-r--r--  1 shardulr fnalgrid  951 Jun 22 20:12 bJetMatcher.py
-rw-r--r--  1 shardulr fnalgrid    0 Jun 22 20:12 docker_stderror
drwxrwxrwt  2 shardulr fnalgrid 4.0K Jun 22 20:12 tmp
drwxrwxrwt  3 shardulr fnalgrid 4.0K Jun 22 20:12 var
drwxr-xr-x  3 root     root     4.0K Jun 22 20:12 ..
srwxr-xr-x  1 shardulr fnalgrid    0 Jun 22 20:12 .docker_sock
drwxr-xr-x 17 shardulr fnalgrid 4.0K Jun 22 20:12 CMSSW_10_6_19_patch2
drwxr-xr-x  2 shardulr fnalgrid 4.0K Jun 22 20:12 framework
-rw-r--r--  1 shardulr fnalgrid 1.7K Jun 22 20:12 bJetMatcher.pyc
drwxr-xr-x  3 shardulr fnalgrid 4.0K Jun 22 20:12 output
-rw-r--r--  1 shardulr fnalgrid  215 Jun 22 20:12 _condor_stderr
-rw-r--r--  1 shardulr fnalgrid  13K Jun 22 20:18 .update.ad
drwx------  8 shardulr fnalgrid 4.0K Jun 22 20:18 .
-rw-r--r--  1 shardulr fnalgrid 4.2K Jun 22 20:18 _condor_stdout
