[FERMIHTC-APPTAINER]: INFO -- No Apptainer image specified
[FERMIHTC-APPTAINER]: INFO -- Running job on the host machine

[FERMIHTC-APPTAINER]: INFO -- Running ./condor_exec.exe
Starting job on  Thu Jun 22 20:12:55 UTC 2023
Running on: Linux shardulr-32358499-205-cmswn2083.fnal.gov 3.10.0-1160.90.1.el7.x86_64 #1 SMP Thu Apr 27 13:14:20 CDT 2023 x86_64 x86_64 x86_64 GNU/Linux
System software: Scientific Linux release 7.9 (Nitrogen)
Running ls -alrth:
total 164K
-rw-r--r--  1 shardulr fnalgrid  13K Jun 22 20:11 .machine.ad
-rw-r--r--  1 shardulr fnalgrid 5.0K Jun 22 20:11 .job.ad
-rwx------  1 shardulr fnalgrid   49 Jun 22 20:11 .chirp.config
-rw-------  1 shardulr fnalgrid  11K Jun 22 20:11 x509up
drwxr-xr-x  2 shardulr fnalgrid 4.0K Jun 22 20:11 samples
drwxr-xr-x  2 shardulr fnalgrid 4.0K Jun 22 20:11 framework
-rw-r--r--  1 shardulr fnalgrid  62K Jun 22 20:11 singleStopAnalyzer.py
-rwxr-xr-x  1 shardulr fnalgrid  705 Jun 22 20:11 condor_exec.exe
-rw-r--r--  1 shardulr fnalgrid  951 Jun 22 20:11 bJetMatcher.py
-rw-r--r--  1 shardulr fnalgrid    0 Jun 22 20:11 docker_stderror
drwxrwxrwt  2 shardulr fnalgrid 4.0K Jun 22 20:11 tmp
drwxrwxrwt  3 shardulr fnalgrid 4.0K Jun 22 20:11 var
drwxr-xr-x  3 root     root     4.0K Jun 22 20:12 ..
srwxr-xr-x  1 shardulr fnalgrid    0 Jun 22 20:12 .docker_sock
-rw-r--r--  1 shardulr fnalgrid  13K Jun 22 20:12 .update.ad
-rw-r--r--  1 shardulr fnalgrid  113 Jun 22 20:12 _condor_stderr
drwx------  7 shardulr fnalgrid 4.0K Jun 22 20:12 .
drwxr-xr-x 17 shardulr fnalgrid 4.0K Jun 22 20:12 CMSSW_10_6_19_patch2
-rw-r--r--  1 shardulr fnalgrid  454 Jun 22 20:12 _condor_stdout
/storage/local/data1/condor/execute/dir_56742/CMSSW_10_6_19_patch2 is the CMSSW we created on the local worker node
Running over Data2018 files
Blinding data, only using CR cuts (0 loose b's)
Using UL 2018 campaign working points
Pre-select 224183 entries out of 2144059 (10.46%)
Processed    10000/  224183 entries,  4.46% (elapsed time    25.4s, curr speed    0.394 kHz, avg speed    0.394 kHz), accepted     1623/   10001 events (16.23%)
Processed    20000/  224183 entries,  8.92% (elapsed time    50.6s, curr speed    0.398 kHz, avg speed    0.396 kHz), accepted     3364/   20001 events (16.82%)
Processed    30000/  224183 entries, 13.38% (elapsed time    76.7s, curr speed    0.382 kHz, avg speed    0.391 kHz), accepted     5166/   30001 events (17.22%)
Processed    40000/  224183 entries, 17.84% (elapsed time   101.8s, curr speed    0.399 kHz, avg speed    0.393 kHz), accepted     6985/   40001 events (17.46%)
Processed    50000/  224183 entries, 22.30% (elapsed time   127.0s, curr speed    0.397 kHz, avg speed    0.394 kHz), accepted     8708/   50001 events (17.42%)
Processed    60000/  224183 entries, 26.76% (elapsed time   153.1s, curr speed    0.384 kHz, avg speed    0.392 kHz), accepted    10523/   60001 events (17.54%)
Processed    70000/  224183 entries, 31.22% (elapsed time   180.0s, curr speed    0.372 kHz, avg speed    0.389 kHz), accepted    12559/   70001 events (17.94%)
Processed    80000/  224183 entries, 35.69% (elapsed time   205.0s, curr speed    0.400 kHz, avg speed    0.390 kHz), accepted    14320/   80001 events (17.90%)
Processed    90000/  224183 entries, 40.15% (elapsed time   230.5s, curr speed    0.392 kHz, avg speed    0.390 kHz), accepted    16170/   90001 events (17.97%)
Processed   100000/  224183 entries, 44.61% (elapsed time   257.1s, curr speed    0.376 kHz, avg speed    0.389 kHz), accepted    18274/  100001 events (18.27%)
Processed   110000/  224183 entries, 49.07% (elapsed time   284.4s, curr speed    0.367 kHz, avg speed    0.387 kHz), accepted    20323/  110001 events (18.48%)
Processed   120000/  224183 entries, 53.53% (elapsed time   312.6s, curr speed    0.355 kHz, avg speed    0.384 kHz), accepted    22336/  120001 events (18.61%)
Processed   130000/  224183 entries, 57.99% (elapsed time   341.4s, curr speed    0.347 kHz, avg speed    0.381 kHz), accepted    24356/  130001 events (18.74%)
Processed   140000/  224183 entries, 62.45% (elapsed time   369.6s, curr speed    0.354 kHz, avg speed    0.379 kHz), accepted    26391/  140001 events (18.85%)
Processed   150000/  224183 entries, 66.91% (elapsed time   398.7s, curr speed    0.344 kHz, avg speed    0.376 kHz), accepted    28437/  150001 events (18.96%)
Processed   160000/  224183 entries, 71.37% (elapsed time   424.9s, curr speed    0.382 kHz, avg speed    0.377 kHz), accepted    30490/  160001 events (19.06%)
Processed   170000/  224183 entries, 75.83% (elapsed time   450.8s, curr speed    0.386 kHz, avg speed    0.377 kHz), accepted    32572/  170001 events (19.16%)
Processed   180000/  224183 entries, 80.29% (elapsed time   475.2s, curr speed    0.410 kHz, avg speed    0.379 kHz), accepted    34298/  180001 events (19.05%)
Processed   190000/  224183 entries, 84.75% (elapsed time   500.8s, curr speed    0.390 kHz, avg speed    0.379 kHz), accepted    36042/  190001 events (18.97%)
Processed   200000/  224183 entries, 89.21% (elapsed time   530.0s, curr speed    0.343 kHz, avg speed    0.377 kHz), accepted    37998/  200001 events (19.00%)
Processed   210000/  224183 entries, 93.67% (elapsed time   558.8s, curr speed    0.347 kHz, avg speed    0.376 kHz), accepted    39922/  210001 events (19.01%)
Processed   220000/  224183 entries, 98.13% (elapsed time   585.2s, curr speed    0.379 kHz, avg speed    0.376 kHz), accepted    41523/  220001 events (18.87%)
Processed 224183 preselected entries from root://cmsxrootd.fnal.gov//store/data/Run2018C/JetHT/NANOAOD/UL2018_MiniAODv2_NanoAODv9-v1/130000/F548D27B-2634-8D48-ADB6-E19DAEC9441D.root (2144059 entries). Finally selected 42288 entries
Total time 612.7 sec. to process 2144059 events. Rate = 3499.6 Hz.
Running pwd:
/storage/local/data1/condor/execute/dir_56742
Running ls -alrth:
total 176K
-rw-r--r--  1 shardulr fnalgrid  13K Jun 22 20:11 .machine.ad
-rw-r--r--  1 shardulr fnalgrid 5.0K Jun 22 20:11 .job.ad
-rwx------  1 shardulr fnalgrid   49 Jun 22 20:11 .chirp.config
-rw-------  1 shardulr fnalgrid  11K Jun 22 20:11 x509up
drwxr-xr-x  2 shardulr fnalgrid 4.0K Jun 22 20:11 samples
-rw-r--r--  1 shardulr fnalgrid  62K Jun 22 20:11 singleStopAnalyzer.py
-rwxr-xr-x  1 shardulr fnalgrid  705 Jun 22 20:11 condor_exec.exe
-rw-r--r--  1 shardulr fnalgrid  951 Jun 22 20:11 bJetMatcher.py
-rw-r--r--  1 shardulr fnalgrid    0 Jun 22 20:11 docker_stderror
drwxrwxrwt  2 shardulr fnalgrid 4.0K Jun 22 20:11 tmp
drwxrwxrwt  3 shardulr fnalgrid 4.0K Jun 22 20:11 var
drwxr-xr-x  3 root     root     4.0K Jun 22 20:12 ..
srwxr-xr-x  1 shardulr fnalgrid    0 Jun 22 20:12 .docker_sock
drwxr-xr-x 17 shardulr fnalgrid 4.0K Jun 22 20:12 CMSSW_10_6_19_patch2
drwxr-xr-x  2 shardulr fnalgrid 4.0K Jun 22 20:13 framework
-rw-r--r--  1 shardulr fnalgrid 1.7K Jun 22 20:13 bJetMatcher.pyc
drwxr-xr-x  3 shardulr fnalgrid 4.0K Jun 22 20:13 output
-rw-r--r--  1 shardulr fnalgrid  215 Jun 22 20:13 _condor_stderr
-rw-r--r--  1 shardulr fnalgrid  13K Jun 22 20:22 .update.ad
drwx------  8 shardulr fnalgrid 4.0K Jun 22 20:22 .
-rw-r--r--  1 shardulr fnalgrid 5.7K Jun 22 20:23 _condor_stdout
