[FERMIHTC-APPTAINER]: INFO -- No Apptainer image specified
[FERMIHTC-APPTAINER]: INFO -- Running job on the host machine

[FERMIHTC-APPTAINER]: INFO -- Running ./condor_exec.exe
Starting job on  Thu Jun 22 20:08:43 UTC 2023
Running on: Linux shardulr-32358499-4-cmswn2024.fnal.gov 3.10.0-1160.90.1.el7.x86_64 #1 SMP Thu Apr 27 13:14:20 CDT 2023 x86_64 x86_64 x86_64 GNU/Linux
System software: Scientific Linux release 7.9 (Nitrogen)
Running ls -alrth:
total 164K
-rw-r--r--  1 shardulr fnalgrid 5.0K Jun 22 20:08 .job.ad
-rw-r--r--  1 shardulr fnalgrid  14K Jun 22 20:08 .machine.ad
-rwx------  1 shardulr fnalgrid   49 Jun 22 20:08 .chirp.config
-rw-------  1 shardulr fnalgrid  11K Jun 22 20:08 x509up
drwxr-xr-x  2 shardulr fnalgrid 4.0K Jun 22 20:08 samples
drwxr-xr-x  2 shardulr fnalgrid 4.0K Jun 22 20:08 framework
-rw-r--r--  1 shardulr fnalgrid  62K Jun 22 20:08 singleStopAnalyzer.py
-rw-r--r--  1 shardulr fnalgrid  951 Jun 22 20:08 bJetMatcher.py
-rwxr-xr-x  1 shardulr fnalgrid  703 Jun 22 20:08 condor_exec.exe
-rw-r--r--  1 shardulr fnalgrid    0 Jun 22 20:08 docker_stderror
drwxrwxrwt  3 shardulr fnalgrid 4.0K Jun 22 20:08 var
drwxrwxrwt  2 shardulr fnalgrid 4.0K Jun 22 20:08 tmp
-rw-r--r--  1 shardulr fnalgrid  13K Jun 22 20:08 .update.ad
drwxr-xr-x  3 root     root     4.0K Jun 22 20:08 ..
srwxr-xr-x  1 shardulr fnalgrid    0 Jun 22 20:08 .docker_sock
-rw-r--r--  1 shardulr fnalgrid  113 Jun 22 20:08 _condor_stderr
drwx------  7 shardulr fnalgrid 4.0K Jun 22 20:08 .
drwxr-xr-x 17 shardulr fnalgrid 4.0K Jun 22 20:08 CMSSW_10_6_19_patch2
-rw-r--r--  1 shardulr fnalgrid  452 Jun 22 20:08 _condor_stdout
/storage/local/data1/condor/execute/dir_34863/CMSSW_10_6_19_patch2 is the CMSSW we created on the local worker node
Running over Data2018 files
Blinding data, only using CR cuts (0 loose b's)
Using UL 2018 campaign working points
Pre-select 116994 entries out of 1271883 (9.20%)
Processed    10000/  116994 entries,  8.55% (elapsed time    28.1s, curr speed    0.356 kHz, avg speed    0.356 kHz), accepted     1946/   10001 events (19.46%)
Processed    20000/  116994 entries, 17.09% (elapsed time    54.6s, curr speed    0.378 kHz, avg speed    0.366 kHz), accepted     3819/   20001 events (19.09%)
Processed    30000/  116994 entries, 25.64% (elapsed time    81.6s, curr speed    0.371 kHz, avg speed    0.368 kHz), accepted     5743/   30001 events (19.14%)
Processed    40000/  116994 entries, 34.19% (elapsed time   108.5s, curr speed    0.370 kHz, avg speed    0.368 kHz), accepted     7693/   40001 events (19.23%)
Processed    50000/  116994 entries, 42.74% (elapsed time   134.6s, curr speed    0.383 kHz, avg speed    0.371 kHz), accepted     9536/   50001 events (19.07%)
Processed    60000/  116994 entries, 51.28% (elapsed time   160.5s, curr speed    0.387 kHz, avg speed    0.374 kHz), accepted    11497/   60001 events (19.16%)
Processed    70000/  116994 entries, 59.83% (elapsed time   185.3s, curr speed    0.402 kHz, avg speed    0.378 kHz), accepted    13232/   70001 events (18.90%)
Processed    80000/  116994 entries, 68.38% (elapsed time   209.8s, curr speed    0.408 kHz, avg speed    0.381 kHz), accepted    14916/   80001 events (18.64%)
Processed    90000/  116994 entries, 76.93% (elapsed time   234.1s, curr speed    0.412 kHz, avg speed    0.384 kHz), accepted    16605/   90001 events (18.45%)
Processed   100000/  116994 entries, 85.47% (elapsed time   259.8s, curr speed    0.389 kHz, avg speed    0.385 kHz), accepted    18554/  100001 events (18.55%)
Processed   110000/  116994 entries, 94.02% (elapsed time   285.6s, curr speed    0.388 kHz, avg speed    0.385 kHz), accepted    20501/  110001 events (18.64%)
Processed 116994 preselected entries from root://cmsxrootd.fnal.gov//store/data/Run2018A/JetHT/NANOAOD/UL2018_MiniAODv2_NanoAODv9-v2/250000/87C5B4DB-D658-F248-853C-CEEC6B727499.root (1271883 entries). Finally selected 21972 entries
Total time 319.1 sec. to process 1271883 events. Rate = 3985.3 Hz.
Running pwd:
/storage/local/data1/condor/execute/dir_34863
Running ls -alrth:
total 172K
-rw-r--r--  1 shardulr fnalgrid 5.0K Jun 22 20:08 .job.ad
-rw-r--r--  1 shardulr fnalgrid  14K Jun 22 20:08 .machine.ad
-rwx------  1 shardulr fnalgrid   49 Jun 22 20:08 .chirp.config
-rw-------  1 shardulr fnalgrid  11K Jun 22 20:08 x509up
drwxr-xr-x  2 shardulr fnalgrid 4.0K Jun 22 20:08 samples
-rw-r--r--  1 shardulr fnalgrid  62K Jun 22 20:08 singleStopAnalyzer.py
-rw-r--r--  1 shardulr fnalgrid  951 Jun 22 20:08 bJetMatcher.py
-rwxr-xr-x  1 shardulr fnalgrid  703 Jun 22 20:08 condor_exec.exe
-rw-r--r--  1 shardulr fnalgrid    0 Jun 22 20:08 docker_stderror
drwxrwxrwt  3 shardulr fnalgrid 4.0K Jun 22 20:08 var
drwxrwxrwt  2 shardulr fnalgrid 4.0K Jun 22 20:08 tmp
drwxr-xr-x  3 root     root     4.0K Jun 22 20:08 ..
srwxr-xr-x  1 shardulr fnalgrid    0 Jun 22 20:08 .docker_sock
drwxr-xr-x 17 shardulr fnalgrid 4.0K Jun 22 20:08 CMSSW_10_6_19_patch2
drwxr-xr-x  2 shardulr fnalgrid 4.0K Jun 22 20:08 framework
-rw-r--r--  1 shardulr fnalgrid 1.7K Jun 22 20:08 bJetMatcher.pyc
drwxr-xr-x  3 shardulr fnalgrid 4.0K Jun 22 20:08 output
-rw-r--r--  1 shardulr fnalgrid  215 Jun 22 20:08 _condor_stderr
-rw-r--r--  1 shardulr fnalgrid  13K Jun 22 20:13 .update.ad
drwx------  8 shardulr fnalgrid 4.0K Jun 22 20:13 .
-rw-r--r--  1 shardulr fnalgrid 4.0K Jun 22 20:14 _condor_stdout
