[FERMIHTC-APPTAINER]: INFO -- No Apptainer image specified
[FERMIHTC-APPTAINER]: INFO -- Running job on the host machine

[FERMIHTC-APPTAINER]: INFO -- Running ./condor_exec.exe
Starting job on  Thu Jun 22 20:11:34 UTC 2023
Running on: Linux shardulr-32358499-62-cmswn2038.fnal.gov 3.10.0-1160.90.1.el7.x86_64 #1 SMP Thu Apr 27 13:14:20 CDT 2023 x86_64 x86_64 x86_64 GNU/Linux
System software: Scientific Linux release 7.9 (Nitrogen)
Running ls -alrth:
total 164K
-rw-r--r--  1 shardulr fnalgrid 5.0K Jun 22 20:09 .job.ad
-rw-r--r--  1 shardulr fnalgrid  13K Jun 22 20:09 .machine.ad
-rwx------  1 shardulr fnalgrid   49 Jun 22 20:09 .chirp.config
-rw-------  1 shardulr fnalgrid  11K Jun 22 20:09 x509up
drwxr-xr-x  2 shardulr fnalgrid 4.0K Jun 22 20:09 samples
drwxr-xr-x  2 shardulr fnalgrid 4.0K Jun 22 20:09 framework
-rw-r--r--  1 shardulr fnalgrid  62K Jun 22 20:09 singleStopAnalyzer.py
-rw-r--r--  1 shardulr fnalgrid  951 Jun 22 20:09 bJetMatcher.py
-rwxr-xr-x  1 shardulr fnalgrid  704 Jun 22 20:09 condor_exec.exe
-rw-r--r--  1 shardulr fnalgrid    0 Jun 22 20:10 docker_stderror
drwxrwxrwt  2 shardulr fnalgrid 4.0K Jun 22 20:10 tmp
drwxrwxrwt  3 shardulr fnalgrid 4.0K Jun 22 20:10 var
drwxr-xr-x  3 root     root     4.0K Jun 22 20:10 ..
srwxr-xr-x  1 shardulr fnalgrid    0 Jun 22 20:10 .docker_sock
-rw-r--r--  1 shardulr fnalgrid  13K Jun 22 20:11 .update.ad
-rw-r--r--  1 shardulr fnalgrid  113 Jun 22 20:11 _condor_stderr
drwx------  7 shardulr fnalgrid 4.0K Jun 22 20:11 .
drwxr-xr-x 17 shardulr fnalgrid 4.0K Jun 22 20:11 CMSSW_10_6_19_patch2
-rw-r--r--  1 shardulr fnalgrid  453 Jun 22 20:11 _condor_stdout
/storage/local/data1/condor/execute/dir_42889/CMSSW_10_6_19_patch2 is the CMSSW we created on the local worker node
Running over Data2018 files
Blinding data, only using CR cuts (0 loose b's)
Using UL 2018 campaign working points
Pre-select 74721 entries out of 824672 (9.06%)
Processed    10000/   74721 entries, 13.38% (elapsed time    29.3s, curr speed    0.341 kHz, avg speed    0.341 kHz), accepted     1803/   10001 events (18.03%)
Processed    20000/   74721 entries, 26.77% (elapsed time    59.4s, curr speed    0.333 kHz, avg speed    0.337 kHz), accepted     3729/   20001 events (18.64%)
Processed    30000/   74721 entries, 40.15% (elapsed time    89.6s, curr speed    0.331 kHz, avg speed    0.335 kHz), accepted     5802/   30001 events (19.34%)
Processed    40000/   74721 entries, 53.53% (elapsed time   119.3s, curr speed    0.336 kHz, avg speed    0.335 kHz), accepted     7854/   40001 events (19.63%)
Processed    50000/   74721 entries, 66.92% (elapsed time   147.9s, curr speed    0.350 kHz, avg speed    0.338 kHz), accepted     9595/   50001 events (19.19%)
Processed    60000/   74721 entries, 80.30% (elapsed time   177.0s, curr speed    0.344 kHz, avg speed    0.339 kHz), accepted    11505/   60001 events (19.17%)
Processed    70000/   74721 entries, 93.68% (elapsed time   207.2s, curr speed    0.330 kHz, avg speed    0.338 kHz), accepted    13558/   70001 events (19.37%)
Processed 74721 preselected entries from root://cmsxrootd.fnal.gov//store/data/Run2018A/JetHT/NANOAOD/UL2018_MiniAODv2_NanoAODv9-v2/250000/24C44063-350C-654C-A1ED-07769A42515B.root (824672 entries). Finally selected 14456 entries
Total time 232.1 sec. to process 824672 events. Rate = 3553.5 Hz.
Running pwd:
/storage/local/data1/condor/execute/dir_42889
Running ls -alrth:
total 172K
-rw-r--r--  1 shardulr fnalgrid 5.0K Jun 22 20:09 .job.ad
-rw-r--r--  1 shardulr fnalgrid  13K Jun 22 20:09 .machine.ad
-rwx------  1 shardulr fnalgrid   49 Jun 22 20:09 .chirp.config
-rw-------  1 shardulr fnalgrid  11K Jun 22 20:09 x509up
drwxr-xr-x  2 shardulr fnalgrid 4.0K Jun 22 20:09 samples
-rw-r--r--  1 shardulr fnalgrid  62K Jun 22 20:09 singleStopAnalyzer.py
-rw-r--r--  1 shardulr fnalgrid  951 Jun 22 20:09 bJetMatcher.py
-rwxr-xr-x  1 shardulr fnalgrid  704 Jun 22 20:09 condor_exec.exe
-rw-r--r--  1 shardulr fnalgrid    0 Jun 22 20:10 docker_stderror
drwxrwxrwt  2 shardulr fnalgrid 4.0K Jun 22 20:10 tmp
drwxrwxrwt  3 shardulr fnalgrid 4.0K Jun 22 20:10 var
drwxr-xr-x  3 root     root     4.0K Jun 22 20:10 ..
srwxr-xr-x  1 shardulr fnalgrid    0 Jun 22 20:10 .docker_sock
drwxr-xr-x 17 shardulr fnalgrid 4.0K Jun 22 20:11 CMSSW_10_6_19_patch2
drwxr-xr-x  2 shardulr fnalgrid 4.0K Jun 22 20:11 framework
-rw-r--r--  1 shardulr fnalgrid 1.7K Jun 22 20:11 bJetMatcher.pyc
drwxr-xr-x  3 shardulr fnalgrid 4.0K Jun 22 20:11 output
-rw-r--r--  1 shardulr fnalgrid  215 Jun 22 20:11 _condor_stderr
-rw-r--r--  1 shardulr fnalgrid  13K Jun 22 20:15 .update.ad
drwx------  8 shardulr fnalgrid 4.0K Jun 22 20:15 .
-rw-r--r--  1 shardulr fnalgrid 3.4K Jun 22 20:15 _condor_stdout
