[FERMIHTC-APPTAINER]: INFO -- No Apptainer image specified
[FERMIHTC-APPTAINER]: INFO -- Running job on the host machine

[FERMIHTC-APPTAINER]: INFO -- Running ./condor_exec.exe
Starting job on  Thu Jun 22 20:09:35 UTC 2023
Running on: Linux shardulr-32358499-51-cmswn2023.fnal.gov 3.10.0-1160.90.1.el7.x86_64 #1 SMP Thu Apr 27 13:14:20 CDT 2023 x86_64 x86_64 x86_64 GNU/Linux
System software: Scientific Linux release 7.9 (Nitrogen)
Running ls -alrth:
total 156K
-rw-r--r--  1 shardulr fnalgrid 5.0K Jun 22 20:09 .job.ad
-rw-r--r--  1 shardulr fnalgrid  12K Jun 22 20:09 .machine.ad
-rwx------  1 shardulr fnalgrid   49 Jun 22 20:09 .chirp.config
-rw-------  1 shardulr fnalgrid  11K Jun 22 20:09 x509up
drwxr-xr-x  2 shardulr fnalgrid 4.0K Jun 22 20:09 samples
drwxr-xr-x  2 shardulr fnalgrid 4.0K Jun 22 20:09 framework
-rw-r--r--  1 shardulr fnalgrid  62K Jun 22 20:09 singleStopAnalyzer.py
-rw-r--r--  1 shardulr fnalgrid  951 Jun 22 20:09 bJetMatcher.py
-rwxr-xr-x  1 shardulr fnalgrid  704 Jun 22 20:09 condor_exec.exe
-rw-r--r--  1 shardulr fnalgrid    0 Jun 22 20:09 docker_stderror
drwxrwxrwt  3 shardulr fnalgrid 4.0K Jun 22 20:09 var
drwxrwxrwt  2 shardulr fnalgrid 4.0K Jun 22 20:09 tmp
-rw-r--r--  1 shardulr fnalgrid  12K Jun 22 20:09 .update.ad
drwxr-xr-x  3 root     root     4.0K Jun 22 20:09 ..
srwxr-xr-x  1 shardulr fnalgrid    0 Jun 22 20:09 .docker_sock
-rw-r--r--  1 shardulr fnalgrid  113 Jun 22 20:09 _condor_stderr
drwx------  7 shardulr fnalgrid 4.0K Jun 22 20:09 .
drwxr-xr-x 17 shardulr fnalgrid 4.0K Jun 22 20:09 CMSSW_10_6_19_patch2
-rw-r--r--  1 shardulr fnalgrid  453 Jun 22 20:09 _condor_stdout
/storage/local/data1/condor/execute/dir_5556/CMSSW_10_6_19_patch2 is the CMSSW we created on the local worker node
Running over Data2018 files
Blinding data, only using CR cuts (0 loose b's)
Using UL 2018 campaign working points
Pre-select 104209 entries out of 1088240 (9.58%)
Processed    10000/  104209 entries,  9.60% (elapsed time    29.5s, curr speed    0.339 kHz, avg speed    0.339 kHz), accepted     1925/   10001 events (19.25%)
Processed    20000/  104209 entries, 19.19% (elapsed time    58.9s, curr speed    0.340 kHz, avg speed    0.340 kHz), accepted     3744/   20001 events (18.72%)
Processed    30000/  104209 entries, 28.79% (elapsed time    87.3s, curr speed    0.352 kHz, avg speed    0.344 kHz), accepted     5633/   30001 events (18.78%)
Processed    40000/  104209 entries, 38.38% (elapsed time   116.5s, curr speed    0.342 kHz, avg speed    0.343 kHz), accepted     7741/   40001 events (19.35%)
Processed    50000/  104209 entries, 47.98% (elapsed time   143.1s, curr speed    0.376 kHz, avg speed    0.349 kHz), accepted     9614/   50001 events (19.23%)
Processed    60000/  104209 entries, 57.58% (elapsed time   171.6s, curr speed    0.350 kHz, avg speed    0.350 kHz), accepted    11691/   60001 events (19.48%)
Processed    70000/  104209 entries, 67.17% (elapsed time   198.1s, curr speed    0.377 kHz, avg speed    0.353 kHz), accepted    13387/   70001 events (19.12%)
Processed    80000/  104209 entries, 76.77% (elapsed time   226.1s, curr speed    0.357 kHz, avg speed    0.354 kHz), accepted    15436/   80001 events (19.29%)
Processed    90000/  104209 entries, 86.36% (elapsed time   255.2s, curr speed    0.344 kHz, avg speed    0.353 kHz), accepted    17555/   90001 events (19.51%)
Processed   100000/  104209 entries, 95.96% (elapsed time   283.1s, curr speed    0.359 kHz, avg speed    0.353 kHz), accepted    19409/  100001 events (19.41%)
Processed 104209 preselected entries from root://cmsxrootd.fnal.gov//store/data/Run2018A/JetHT/NANOAOD/UL2018_MiniAODv2_NanoAODv9-v2/250000/7D4B07B9-1CCE-724F-91A9-BB5F0E9FD658.root (1088240 entries). Finally selected 20327 entries
Total time 304.9 sec. to process 1088240 events. Rate = 3568.7 Hz.
Running pwd:
/storage/local/data1/condor/execute/dir_5556
Running ls -alrth:
total 164K
-rw-r--r--  1 shardulr fnalgrid 5.0K Jun 22 20:09 .job.ad
-rw-r--r--  1 shardulr fnalgrid  12K Jun 22 20:09 .machine.ad
-rwx------  1 shardulr fnalgrid   49 Jun 22 20:09 .chirp.config
-rw-------  1 shardulr fnalgrid  11K Jun 22 20:09 x509up
drwxr-xr-x  2 shardulr fnalgrid 4.0K Jun 22 20:09 samples
-rw-r--r--  1 shardulr fnalgrid  62K Jun 22 20:09 singleStopAnalyzer.py
-rw-r--r--  1 shardulr fnalgrid  951 Jun 22 20:09 bJetMatcher.py
-rwxr-xr-x  1 shardulr fnalgrid  704 Jun 22 20:09 condor_exec.exe
-rw-r--r--  1 shardulr fnalgrid    0 Jun 22 20:09 docker_stderror
drwxrwxrwt  3 shardulr fnalgrid 4.0K Jun 22 20:09 var
drwxrwxrwt  2 shardulr fnalgrid 4.0K Jun 22 20:09 tmp
drwxr-xr-x  3 root     root     4.0K Jun 22 20:09 ..
srwxr-xr-x  1 shardulr fnalgrid    0 Jun 22 20:09 .docker_sock
drwxr-xr-x 17 shardulr fnalgrid 4.0K Jun 22 20:09 CMSSW_10_6_19_patch2
drwxr-xr-x  2 shardulr fnalgrid 4.0K Jun 22 20:09 framework
-rw-r--r--  1 shardulr fnalgrid 1.7K Jun 22 20:09 bJetMatcher.pyc
drwxr-xr-x  3 shardulr fnalgrid 4.0K Jun 22 20:09 output
-rw-r--r--  1 shardulr fnalgrid  215 Jun 22 20:09 _condor_stderr
-rw-r--r--  1 shardulr fnalgrid  11K Jun 22 20:12 .update.ad
drwx------  8 shardulr fnalgrid 4.0K Jun 22 20:12 .
-rw-r--r--  1 shardulr fnalgrid 3.9K Jun 22 20:14 _condor_stdout
