[FERMIHTC-APPTAINER]: INFO -- No Apptainer image specified
[FERMIHTC-APPTAINER]: INFO -- Running job on the host machine

[FERMIHTC-APPTAINER]: INFO -- Running ./condor_exec.exe
Starting job on  Thu Jun 22 20:16:12 UTC 2023
Running on: Linux shardulr-32358499-343-cmswn2088.fnal.gov 3.10.0-1160.90.1.el7.x86_64 #1 SMP Thu Apr 27 13:14:20 CDT 2023 x86_64 x86_64 x86_64 GNU/Linux
System software: Scientific Linux release 7.9 (Nitrogen)
Running ls -alrth:
total 164K
-rw-r--r--  1 shardulr fnalgrid 5.0K Jun 22 20:15 .job.ad
-rw-r--r--  1 shardulr fnalgrid  14K Jun 22 20:15 .machine.ad
-rwx------  1 shardulr fnalgrid   49 Jun 22 20:15 .chirp.config
-rw-------  1 shardulr fnalgrid  11K Jun 22 20:15 x509up
drwxr-xr-x  2 shardulr fnalgrid 4.0K Jun 22 20:15 samples
drwxr-xr-x  2 shardulr fnalgrid 4.0K Jun 22 20:15 framework
-rw-r--r--  1 shardulr fnalgrid  62K Jun 22 20:15 singleStopAnalyzer.py
-rwxr-xr-x  1 shardulr fnalgrid  705 Jun 22 20:15 condor_exec.exe
-rw-r--r--  1 shardulr fnalgrid  951 Jun 22 20:15 bJetMatcher.py
-rw-r--r--  1 shardulr fnalgrid    0 Jun 22 20:15 docker_stderror
drwxrwxrwt  3 shardulr fnalgrid 4.0K Jun 22 20:15 var
drwxrwxrwt  2 shardulr fnalgrid 4.0K Jun 22 20:15 tmp
drwxr-xr-x  3 root     root     4.0K Jun 22 20:15 ..
srwxr-xr-x  1 shardulr fnalgrid    0 Jun 22 20:16 .docker_sock
-rw-r--r--  1 shardulr fnalgrid  13K Jun 22 20:16 .update.ad
-rw-r--r--  1 shardulr fnalgrid  113 Jun 22 20:16 _condor_stderr
drwx------  7 shardulr fnalgrid 4.0K Jun 22 20:16 .
drwxr-xr-x 17 shardulr fnalgrid 4.0K Jun 22 20:16 CMSSW_10_6_19_patch2
-rw-r--r--  1 shardulr fnalgrid  454 Jun 22 20:16 _condor_stdout
/storage/local/data1/condor/execute/dir_31633/CMSSW_10_6_19_patch2 is the CMSSW we created on the local worker node
Running over Data2018 files
Blinding data, only using CR cuts (0 loose b's)
Using UL 2018 campaign working points
Pre-select 144402 entries out of 1452942 (9.94%)
Processed    10000/  144402 entries,  6.93% (elapsed time    28.0s, curr speed    0.357 kHz, avg speed    0.357 kHz), accepted     2282/   10001 events (22.82%)
Processed    20000/  144402 entries, 13.85% (elapsed time    55.1s, curr speed    0.369 kHz, avg speed    0.363 kHz), accepted     4496/   20001 events (22.48%)
Processed    30000/  144402 entries, 20.78% (elapsed time    80.0s, curr speed    0.402 kHz, avg speed    0.375 kHz), accepted     6593/   30001 events (21.98%)
Processed    40000/  144402 entries, 27.70% (elapsed time   103.5s, curr speed    0.424 kHz, avg speed    0.386 kHz), accepted     8225/   40001 events (20.56%)
Processed    50000/  144402 entries, 34.63% (elapsed time   129.1s, curr speed    0.392 kHz, avg speed    0.387 kHz), accepted    10087/   50001 events (20.17%)
Processed    60000/  144402 entries, 41.55% (elapsed time   155.7s, curr speed    0.375 kHz, avg speed    0.385 kHz), accepted    12209/   60001 events (20.35%)
Processed    70000/  144402 entries, 48.48% (elapsed time   180.8s, curr speed    0.400 kHz, avg speed    0.387 kHz), accepted    14255/   70001 events (20.36%)
Processed    80000/  144402 entries, 55.40% (elapsed time   205.3s, curr speed    0.407 kHz, avg speed    0.390 kHz), accepted    16177/   80001 events (20.22%)
Processed    90000/  144402 entries, 62.33% (elapsed time   229.8s, curr speed    0.408 kHz, avg speed    0.392 kHz), accepted    18067/   90001 events (20.07%)
Processed   100000/  144402 entries, 69.25% (elapsed time   256.9s, curr speed    0.369 kHz, avg speed    0.389 kHz), accepted    20374/  100001 events (20.37%)
Processed   110000/  144402 entries, 76.18% (elapsed time   283.7s, curr speed    0.373 kHz, avg speed    0.388 kHz), accepted    22676/  110001 events (20.61%)
Processed   120000/  144402 entries, 83.10% (elapsed time   310.8s, curr speed    0.369 kHz, avg speed    0.386 kHz), accepted    25005/  120001 events (20.84%)
Processed   130000/  144402 entries, 90.03% (elapsed time   337.2s, curr speed    0.379 kHz, avg speed    0.386 kHz), accepted    27323/  130001 events (21.02%)
Processed   140000/  144402 entries, 96.95% (elapsed time   364.1s, curr speed    0.371 kHz, avg speed    0.385 kHz), accepted    29622/  140001 events (21.16%)
Processed 144402 preselected entries from root://cmsxrootd.fnal.gov//store/data/Run2018D/JetHT/NANOAOD/UL2018_MiniAODv2_NanoAODv9-v2/2540000/FCB90738-F47B-B347-A5A7-0C86A2E5A748.root (1452942 entries). Finally selected 30601 entries
Total time 392.5 sec. to process 1452942 events. Rate = 3701.6 Hz.
Running pwd:
/storage/local/data1/condor/execute/dir_31633
Running ls -alrth:
total 176K
-rw-r--r--  1 shardulr fnalgrid 5.0K Jun 22 20:15 .job.ad
-rw-r--r--  1 shardulr fnalgrid  14K Jun 22 20:15 .machine.ad
-rwx------  1 shardulr fnalgrid   49 Jun 22 20:15 .chirp.config
-rw-------  1 shardulr fnalgrid  11K Jun 22 20:15 x509up
drwxr-xr-x  2 shardulr fnalgrid 4.0K Jun 22 20:15 samples
-rw-r--r--  1 shardulr fnalgrid  62K Jun 22 20:15 singleStopAnalyzer.py
-rwxr-xr-x  1 shardulr fnalgrid  705 Jun 22 20:15 condor_exec.exe
-rw-r--r--  1 shardulr fnalgrid  951 Jun 22 20:15 bJetMatcher.py
-rw-r--r--  1 shardulr fnalgrid    0 Jun 22 20:15 docker_stderror
drwxrwxrwt  3 shardulr fnalgrid 4.0K Jun 22 20:15 var
drwxrwxrwt  2 shardulr fnalgrid 4.0K Jun 22 20:15 tmp
drwxr-xr-x  3 root     root     4.0K Jun 22 20:15 ..
srwxr-xr-x  1 shardulr fnalgrid    0 Jun 22 20:16 .docker_sock
drwxr-xr-x 17 shardulr fnalgrid 4.0K Jun 22 20:16 CMSSW_10_6_19_patch2
drwxr-xr-x  2 shardulr fnalgrid 4.0K Jun 22 20:16 framework
-rw-r--r--  1 shardulr fnalgrid 1.7K Jun 22 20:16 bJetMatcher.pyc
drwxr-xr-x  3 shardulr fnalgrid 4.0K Jun 22 20:16 output
-rw-r--r--  1 shardulr fnalgrid  215 Jun 22 20:16 _condor_stderr
-rw-r--r--  1 shardulr fnalgrid  13K Jun 22 20:22 .update.ad
drwx------  8 shardulr fnalgrid 4.0K Jun 22 20:22 .
-rw-r--r--  1 shardulr fnalgrid 4.5K Jun 22 20:22 _condor_stdout
