[FERMIHTC-APPTAINER]: INFO -- No Apptainer image specified
[FERMIHTC-APPTAINER]: INFO -- Running job on the host machine

[FERMIHTC-APPTAINER]: INFO -- Running ./condor_exec.exe
Starting job on  Thu Jun 22 20:19:45 UTC 2023
Running on: Linux shardulr-32358499-458-cmswn2090.fnal.gov 3.10.0-1160.90.1.el7.x86_64 #1 SMP Thu Apr 27 13:14:20 CDT 2023 x86_64 x86_64 x86_64 GNU/Linux
System software: Scientific Linux release 7.9 (Nitrogen)
Running ls -alrth:
total 164K
-rw-r--r--  1 shardulr fnalgrid 5.0K Jun 22 20:17 .job.ad
-rw-r--r--  1 shardulr fnalgrid  13K Jun 22 20:17 .machine.ad
-rwx------  1 shardulr fnalgrid   49 Jun 22 20:17 .chirp.config
-rw-------  1 shardulr fnalgrid  11K Jun 22 20:17 x509up
drwxr-xr-x  2 shardulr fnalgrid 4.0K Jun 22 20:17 samples
drwxr-xr-x  2 shardulr fnalgrid 4.0K Jun 22 20:17 framework
-rw-r--r--  1 shardulr fnalgrid  62K Jun 22 20:17 singleStopAnalyzer.py
-rwxr-xr-x  1 shardulr fnalgrid  705 Jun 22 20:17 condor_exec.exe
-rw-r--r--  1 shardulr fnalgrid  951 Jun 22 20:17 bJetMatcher.py
-rw-r--r--  1 shardulr fnalgrid    0 Jun 22 20:17 docker_stderror
drwxrwxrwt  3 shardulr fnalgrid 4.0K Jun 22 20:17 var
drwxrwxrwt  2 shardulr fnalgrid 4.0K Jun 22 20:17 tmp
-rw-r--r--  1 shardulr fnalgrid  13K Jun 22 20:18 .update.ad
drwxr-xr-x  3 root     root     4.0K Jun 22 20:18 ..
srwxr-xr-x  1 shardulr fnalgrid    0 Jun 22 20:19 .docker_sock
-rw-r--r--  1 shardulr fnalgrid  113 Jun 22 20:19 _condor_stderr
drwx------  7 shardulr fnalgrid 4.0K Jun 22 20:19 .
drwxr-xr-x 17 shardulr fnalgrid 4.0K Jun 22 20:19 CMSSW_10_6_19_patch2
-rw-r--r--  1 shardulr fnalgrid  454 Jun 22 20:19 _condor_stdout
/storage/local/data1/condor/execute/dir_61789/CMSSW_10_6_19_patch2 is the CMSSW we created on the local worker node
Running over Data2018 files
Blinding data, only using CR cuts (0 loose b's)
Using UL 2018 campaign working points
Pre-select 180852 entries out of 1872403 (9.66%)
Processed    10000/  180852 entries,  5.53% (elapsed time    38.4s, curr speed    0.261 kHz, avg speed    0.261 kHz), accepted     2052/   10001 events (20.52%)
Processed    20000/  180852 entries, 11.06% (elapsed time    73.5s, curr speed    0.285 kHz, avg speed    0.272 kHz), accepted     3833/   20001 events (19.16%)
Processed    30000/  180852 entries, 16.59% (elapsed time   110.9s, curr speed    0.267 kHz, avg speed    0.270 kHz), accepted     5929/   30001 events (19.76%)
Processed    40000/  180852 entries, 22.12% (elapsed time   147.8s, curr speed    0.271 kHz, avg speed    0.271 kHz), accepted     8109/   40001 events (20.27%)
Processed    50000/  180852 entries, 27.65% (elapsed time   182.9s, curr speed    0.284 kHz, avg speed    0.273 kHz), accepted     9804/   50001 events (19.61%)
Processed    60000/  180852 entries, 33.18% (elapsed time   218.8s, curr speed    0.278 kHz, avg speed    0.274 kHz), accepted    11530/   60001 events (19.22%)
Processed    70000/  180852 entries, 38.71% (elapsed time   255.0s, curr speed    0.276 kHz, avg speed    0.275 kHz), accepted    13295/   70001 events (18.99%)
Processed    80000/  180852 entries, 44.24% (elapsed time   291.9s, curr speed    0.271 kHz, avg speed    0.274 kHz), accepted    15206/   80001 events (19.01%)
Processed    90000/  180852 entries, 49.76% (elapsed time   329.5s, curr speed    0.266 kHz, avg speed    0.273 kHz), accepted    17163/   90001 events (19.07%)
Processed   100000/  180852 entries, 55.29% (elapsed time   368.4s, curr speed    0.257 kHz, avg speed    0.271 kHz), accepted    19366/  100001 events (19.37%)
Processed   110000/  180852 entries, 60.82% (elapsed time   407.1s, curr speed    0.258 kHz, avg speed    0.270 kHz), accepted    21496/  110001 events (19.54%)
Processed   120000/  180852 entries, 66.35% (elapsed time   446.4s, curr speed    0.254 kHz, avg speed    0.269 kHz), accepted    23754/  120001 events (19.79%)
Processed   130000/  180852 entries, 71.88% (elapsed time   485.9s, curr speed    0.253 kHz, avg speed    0.268 kHz), accepted    25993/  130001 events (19.99%)
Processed   140000/  180852 entries, 77.41% (elapsed time   524.7s, curr speed    0.257 kHz, avg speed    0.267 kHz), accepted    28238/  140001 events (20.17%)
Processed   150000/  180852 entries, 82.94% (elapsed time   563.5s, curr speed    0.258 kHz, avg speed    0.266 kHz), accepted    30573/  150001 events (20.38%)
Processed   160000/  180852 entries, 88.47% (elapsed time   600.7s, curr speed    0.268 kHz, avg speed    0.266 kHz), accepted    32588/  160001 events (20.37%)
Processed   170000/  180852 entries, 94.00% (elapsed time   638.9s, curr speed    0.262 kHz, avg speed    0.266 kHz), accepted    34743/  170001 events (20.44%)
Processed   180000/  180852 entries, 99.53% (elapsed time   677.1s, curr speed    0.262 kHz, avg speed    0.266 kHz), accepted    37001/  180001 events (20.56%)
Processed 180852 preselected entries from root://cmsxrootd.fnal.gov//store/data/Run2018D/JetHT/NANOAOD/UL2018_MiniAODv2_NanoAODv9-v2/2430000/74A5CF75-2BE3-C14D-8BB5-5CB9BC3599DE.root (1872403 entries). Finally selected 37200 entries
Total time 706.7 sec. to process 1872403 events. Rate = 2649.3 Hz.
Running pwd:
/storage/local/data1/condor/execute/dir_61789
Running ls -alrth:
total 176K
-rw-r--r--  1 shardulr fnalgrid 5.0K Jun 22 20:17 .job.ad
-rw-r--r--  1 shardulr fnalgrid  13K Jun 22 20:17 .machine.ad
-rwx------  1 shardulr fnalgrid   49 Jun 22 20:17 .chirp.config
-rw-------  1 shardulr fnalgrid  11K Jun 22 20:17 x509up
drwxr-xr-x  2 shardulr fnalgrid 4.0K Jun 22 20:17 samples
-rw-r--r--  1 shardulr fnalgrid  62K Jun 22 20:17 singleStopAnalyzer.py
-rwxr-xr-x  1 shardulr fnalgrid  705 Jun 22 20:17 condor_exec.exe
-rw-r--r--  1 shardulr fnalgrid  951 Jun 22 20:17 bJetMatcher.py
-rw-r--r--  1 shardulr fnalgrid    0 Jun 22 20:17 docker_stderror
drwxrwxrwt  3 shardulr fnalgrid 4.0K Jun 22 20:17 var
drwxrwxrwt  2 shardulr fnalgrid 4.0K Jun 22 20:17 tmp
drwxr-xr-x  3 root     root     4.0K Jun 22 20:18 ..
srwxr-xr-x  1 shardulr fnalgrid    0 Jun 22 20:19 .docker_sock
-rw-r--r--  1 shardulr fnalgrid  113 Jun 22 20:19 _condor_stderr
drwxr-xr-x 17 shardulr fnalgrid 4.0K Jun 22 20:19 CMSSW_10_6_19_patch2
drwxr-xr-x  2 shardulr fnalgrid 4.0K Jun 22 20:19 framework
-rw-r--r--  1 shardulr fnalgrid 1.7K Jun 22 20:19 bJetMatcher.pyc
drwxr-xr-x  3 shardulr fnalgrid 4.0K Jun 22 20:19 output
-rw-r--r--  1 shardulr fnalgrid  13K Jun 22 20:31 .update.ad
drwx------  8 shardulr fnalgrid 4.0K Jun 22 20:31 .
-rw-r--r--  1 shardulr fnalgrid 5.1K Jun 22 20:31 _condor_stdout
