[FERMIHTC-APPTAINER]: INFO -- No Apptainer image specified
[FERMIHTC-APPTAINER]: INFO -- Running job on the host machine

[FERMIHTC-APPTAINER]: INFO -- Running ./condor_exec.exe
Starting job on  Thu Jun 22 20:15:00 UTC 2023
Running on: Linux shardulr-32358499-310-cmswn2088.fnal.gov 3.10.0-1160.90.1.el7.x86_64 #1 SMP Thu Apr 27 13:14:20 CDT 2023 x86_64 x86_64 x86_64 GNU/Linux
System software: Scientific Linux release 7.9 (Nitrogen)
Running ls -alrth:
total 164K
-rw-r--r--  1 shardulr fnalgrid 5.0K Jun 22 20:14 .job.ad
-rw-r--r--  1 shardulr fnalgrid  14K Jun 22 20:14 .machine.ad
-rwx------  1 shardulr fnalgrid   49 Jun 22 20:14 .chirp.config
-rw-------  1 shardulr fnalgrid  11K Jun 22 20:14 x509up
drwxr-xr-x  2 shardulr fnalgrid 4.0K Jun 22 20:14 samples
drwxr-xr-x  2 shardulr fnalgrid 4.0K Jun 22 20:14 framework
-rw-r--r--  1 shardulr fnalgrid  62K Jun 22 20:14 singleStopAnalyzer.py
-rwxr-xr-x  1 shardulr fnalgrid  705 Jun 22 20:14 condor_exec.exe
-rw-r--r--  1 shardulr fnalgrid  951 Jun 22 20:14 bJetMatcher.py
-rw-r--r--  1 shardulr fnalgrid    0 Jun 22 20:14 docker_stderror
drwxrwxrwt  3 shardulr fnalgrid 4.0K Jun 22 20:14 var
drwxrwxrwt  2 shardulr fnalgrid 4.0K Jun 22 20:14 tmp
drwxr-xr-x  3 root     root     4.0K Jun 22 20:14 ..
srwxr-xr-x  1 shardulr fnalgrid    0 Jun 22 20:14 .docker_sock
-rw-r--r--  1 shardulr fnalgrid  113 Jun 22 20:15 _condor_stderr
-rw-r--r--  1 shardulr fnalgrid  13K Jun 22 20:15 .update.ad
drwx------  7 shardulr fnalgrid 4.0K Jun 22 20:15 .
drwxr-xr-x 17 shardulr fnalgrid 4.0K Jun 22 20:15 CMSSW_10_6_19_patch2
-rw-r--r--  1 shardulr fnalgrid  454 Jun 22 20:15 _condor_stdout
/storage/local/data1/condor/execute/dir_30028/CMSSW_10_6_19_patch2 is the CMSSW we created on the local worker node
Running over Data2018 files
Blinding data, only using CR cuts (0 loose b's)
Using UL 2018 campaign working points
Pre-select 127800 entries out of 1256472 (10.17%)
Processed    10000/  127800 entries,  7.82% (elapsed time    28.0s, curr speed    0.357 kHz, avg speed    0.357 kHz), accepted     2224/   10001 events (22.24%)
Processed    20000/  127800 entries, 15.65% (elapsed time    57.2s, curr speed    0.343 kHz, avg speed    0.350 kHz), accepted     4535/   20001 events (22.67%)
Processed    30000/  127800 entries, 23.47% (elapsed time    85.9s, curr speed    0.349 kHz, avg speed    0.349 kHz), accepted     6755/   30001 events (22.52%)
Processed    40000/  127800 entries, 31.30% (elapsed time   114.6s, curr speed    0.347 kHz, avg speed    0.349 kHz), accepted     8993/   40001 events (22.48%)
Processed    50000/  127800 entries, 39.12% (elapsed time   142.4s, curr speed    0.360 kHz, avg speed    0.351 kHz), accepted    11186/   50001 events (22.37%)
Processed    60000/  127800 entries, 46.95% (elapsed time   169.2s, curr speed    0.374 kHz, avg speed    0.355 kHz), accepted    13367/   60001 events (22.28%)
Processed    70000/  127800 entries, 54.77% (elapsed time   196.4s, curr speed    0.367 kHz, avg speed    0.356 kHz), accepted    15531/   70001 events (22.19%)
Processed    80000/  127800 entries, 62.60% (elapsed time   223.9s, curr speed    0.364 kHz, avg speed    0.357 kHz), accepted    17738/   80001 events (22.17%)
Processed    90000/  127800 entries, 70.42% (elapsed time   250.4s, curr speed    0.377 kHz, avg speed    0.359 kHz), accepted    19901/   90001 events (22.11%)
Processed   100000/  127800 entries, 78.25% (elapsed time   277.9s, curr speed    0.364 kHz, avg speed    0.360 kHz), accepted    22134/  100001 events (22.13%)
Processed   110000/  127800 entries, 86.07% (elapsed time   305.3s, curr speed    0.364 kHz, avg speed    0.360 kHz), accepted    24324/  110001 events (22.11%)
Processed   120000/  127800 entries, 93.90% (elapsed time   328.0s, curr speed    0.442 kHz, avg speed    0.366 kHz), accepted    25820/  120001 events (21.52%)
Processed 127800 preselected entries from root://cmsxrootd.fnal.gov//store/data/Run2018D/JetHT/NANOAOD/UL2018_MiniAODv2_NanoAODv9-v2/2540000/DFCB9A77-0444-2F44-BB77-AA319E3B1E9A.root (1256472 entries). Finally selected 27441 entries
Total time 361.2 sec. to process 1256472 events. Rate = 3479.0 Hz.
Running pwd:
/storage/local/data1/condor/execute/dir_30028
Running ls -alrth:
total 176K
-rw-r--r--  1 shardulr fnalgrid 5.0K Jun 22 20:14 .job.ad
-rw-r--r--  1 shardulr fnalgrid  14K Jun 22 20:14 .machine.ad
-rwx------  1 shardulr fnalgrid   49 Jun 22 20:14 .chirp.config
-rw-------  1 shardulr fnalgrid  11K Jun 22 20:14 x509up
drwxr-xr-x  2 shardulr fnalgrid 4.0K Jun 22 20:14 samples
-rw-r--r--  1 shardulr fnalgrid  62K Jun 22 20:14 singleStopAnalyzer.py
-rwxr-xr-x  1 shardulr fnalgrid  705 Jun 22 20:14 condor_exec.exe
-rw-r--r--  1 shardulr fnalgrid  951 Jun 22 20:14 bJetMatcher.py
-rw-r--r--  1 shardulr fnalgrid    0 Jun 22 20:14 docker_stderror
drwxrwxrwt  3 shardulr fnalgrid 4.0K Jun 22 20:14 var
drwxrwxrwt  2 shardulr fnalgrid 4.0K Jun 22 20:14 tmp
drwxr-xr-x  3 root     root     4.0K Jun 22 20:14 ..
srwxr-xr-x  1 shardulr fnalgrid    0 Jun 22 20:14 .docker_sock
drwxr-xr-x 17 shardulr fnalgrid 4.0K Jun 22 20:15 CMSSW_10_6_19_patch2
drwxr-xr-x  2 shardulr fnalgrid 4.0K Jun 22 20:15 framework
-rw-r--r--  1 shardulr fnalgrid 1.7K Jun 22 20:15 bJetMatcher.pyc
drwxr-xr-x  3 shardulr fnalgrid 4.0K Jun 22 20:15 output
-rw-r--r--  1 shardulr fnalgrid  215 Jun 22 20:15 _condor_stderr
-rw-r--r--  1 shardulr fnalgrid  13K Jun 22 20:20 .update.ad
drwx------  8 shardulr fnalgrid 4.0K Jun 22 20:20 .
-rw-r--r--  1 shardulr fnalgrid 4.2K Jun 22 20:21 _condor_stdout
