[FERMIHTC-APPTAINER]: INFO -- No Apptainer image specified
[FERMIHTC-APPTAINER]: INFO -- Running job on the host machine

[FERMIHTC-APPTAINER]: INFO -- Running ./condor_exec.exe
Starting job on  Thu Jun 22 20:13:28 UTC 2023
Running on: Linux shardulr-32358499-234-cmswn2061.fnal.gov 3.10.0-1160.90.1.el7.x86_64 #1 SMP Thu Apr 27 13:14:20 CDT 2023 x86_64 x86_64 x86_64 GNU/Linux
System software: Scientific Linux release 7.9 (Nitrogen)
Running ls -alrth:
total 160K
-rw-r--r--  1 shardulr fnalgrid 5.0K Jun 22 20:12 .job.ad
-rw-r--r--  1 shardulr fnalgrid  13K Jun 22 20:12 .machine.ad
-rwx------  1 shardulr fnalgrid   49 Jun 22 20:12 .chirp.config
-rw-------  1 shardulr fnalgrid  11K Jun 22 20:12 x509up
drwxr-xr-x  2 shardulr fnalgrid 4.0K Jun 22 20:12 samples
drwxr-xr-x  2 shardulr fnalgrid 4.0K Jun 22 20:12 framework
-rw-r--r--  1 shardulr fnalgrid  62K Jun 22 20:12 singleStopAnalyzer.py
-rwxr-xr-x  1 shardulr fnalgrid  705 Jun 22 20:12 condor_exec.exe
-rw-r--r--  1 shardulr fnalgrid  951 Jun 22 20:12 bJetMatcher.py
-rw-r--r--  1 shardulr fnalgrid    0 Jun 22 20:12 docker_stderror
drwxrwxrwt  3 shardulr fnalgrid 4.0K Jun 22 20:12 var
drwxrwxrwt  2 shardulr fnalgrid 4.0K Jun 22 20:12 tmp
-rw-r--r--  1 shardulr fnalgrid  12K Jun 22 20:12 .update.ad
drwxr-xr-x  3 root     root     4.0K Jun 22 20:13 ..
srwxr-xr-x  1 shardulr fnalgrid    0 Jun 22 20:13 .docker_sock
-rw-r--r--  1 shardulr fnalgrid  113 Jun 22 20:13 _condor_stderr
drwx------  7 shardulr fnalgrid 4.0K Jun 22 20:13 .
drwxr-xr-x 17 shardulr fnalgrid 4.0K Jun 22 20:13 CMSSW_10_6_19_patch2
-rw-r--r--  1 shardulr fnalgrid  454 Jun 22 20:13 _condor_stdout
/storage/local/data1/condor/execute/dir_25396/CMSSW_10_6_19_patch2 is the CMSSW we created on the local worker node
Running over Data2018 files
Blinding data, only using CR cuts (0 loose b's)
Using UL 2018 campaign working points
Pre-select 84184 entries out of 855952 (9.84%)
Processed    10000/   84184 entries, 11.88% (elapsed time    27.0s, curr speed    0.370 kHz, avg speed    0.370 kHz), accepted     1602/   10001 events (16.02%)
Processed    20000/   84184 entries, 23.76% (elapsed time    54.3s, curr speed    0.366 kHz, avg speed    0.368 kHz), accepted     3299/   20001 events (16.49%)
Processed    30000/   84184 entries, 35.64% (elapsed time    81.8s, curr speed    0.364 kHz, avg speed    0.367 kHz), accepted     4977/   30001 events (16.59%)
Processed    40000/   84184 entries, 47.51% (elapsed time   108.7s, curr speed    0.371 kHz, avg speed    0.368 kHz), accepted     6617/   40001 events (16.54%)
Processed    50000/   84184 entries, 59.39% (elapsed time   135.4s, curr speed    0.375 kHz, avg speed    0.369 kHz), accepted     8234/   50001 events (16.47%)
Processed    60000/   84184 entries, 71.27% (elapsed time   161.2s, curr speed    0.387 kHz, avg speed    0.372 kHz), accepted     9827/   60001 events (16.38%)
Processed    70000/   84184 entries, 83.15% (elapsed time   187.3s, curr speed    0.384 kHz, avg speed    0.374 kHz), accepted    11437/   70001 events (16.34%)
Processed    80000/   84184 entries, 95.03% (elapsed time   212.9s, curr speed    0.391 kHz, avg speed    0.376 kHz), accepted    12981/   80001 events (16.23%)
Processed 84184 preselected entries from root://cmsxrootd.fnal.gov//store/data/Run2018C/JetHT/NANOAOD/UL2018_MiniAODv2_NanoAODv9-v1/130000/C13D530D-4525-0F4F-8D67-81474BF76CDD.root (855952 entries). Finally selected 13637 entries
Total time 230.2 sec. to process 855952 events. Rate = 3718.7 Hz.
Running pwd:
/storage/local/data1/condor/execute/dir_25396
Running ls -alrth:
total 172K
-rw-r--r--  1 shardulr fnalgrid 5.0K Jun 22 20:12 .job.ad
-rw-r--r--  1 shardulr fnalgrid  13K Jun 22 20:12 .machine.ad
-rwx------  1 shardulr fnalgrid   49 Jun 22 20:12 .chirp.config
-rw-------  1 shardulr fnalgrid  11K Jun 22 20:12 x509up
drwxr-xr-x  2 shardulr fnalgrid 4.0K Jun 22 20:12 samples
-rw-r--r--  1 shardulr fnalgrid  62K Jun 22 20:12 singleStopAnalyzer.py
-rwxr-xr-x  1 shardulr fnalgrid  705 Jun 22 20:12 condor_exec.exe
-rw-r--r--  1 shardulr fnalgrid  951 Jun 22 20:12 bJetMatcher.py
-rw-r--r--  1 shardulr fnalgrid    0 Jun 22 20:12 docker_stderror
drwxrwxrwt  3 shardulr fnalgrid 4.0K Jun 22 20:12 var
drwxrwxrwt  2 shardulr fnalgrid 4.0K Jun 22 20:12 tmp
drwxr-xr-x  3 root     root     4.0K Jun 22 20:13 ..
srwxr-xr-x  1 shardulr fnalgrid    0 Jun 22 20:13 .docker_sock
drwxr-xr-x 17 shardulr fnalgrid 4.0K Jun 22 20:13 CMSSW_10_6_19_patch2
drwxr-xr-x  2 shardulr fnalgrid 4.0K Jun 22 20:13 framework
-rw-r--r--  1 shardulr fnalgrid 1.7K Jun 22 20:13 bJetMatcher.pyc
drwxr-xr-x  3 shardulr fnalgrid 4.0K Jun 22 20:13 output
-rw-r--r--  1 shardulr fnalgrid  215 Jun 22 20:13 _condor_stderr
-rw-r--r--  1 shardulr fnalgrid  13K Jun 22 20:16 .update.ad
drwx------  8 shardulr fnalgrid 4.0K Jun 22 20:16 .
-rw-r--r--  1 shardulr fnalgrid 3.5K Jun 22 20:17 _condor_stdout
