[FERMIHTC-APPTAINER]: INFO -- No Apptainer image specified
[FERMIHTC-APPTAINER]: INFO -- Running job on the host machine

[FERMIHTC-APPTAINER]: INFO -- Running ./condor_exec.exe
Starting job on  Thu Jun 22 20:09:50 UTC 2023
Running on: Linux shardulr-32358499-29-cmswn2038.fnal.gov 3.10.0-1160.90.1.el7.x86_64 #1 SMP Thu Apr 27 13:14:20 CDT 2023 x86_64 x86_64 x86_64 GNU/Linux
System software: Scientific Linux release 7.9 (Nitrogen)
Running ls -alrth:
total 164K
-rw-r--r--  1 shardulr fnalgrid 5.0K Jun 22 20:08 .job.ad
-rw-r--r--  1 shardulr fnalgrid  13K Jun 22 20:08 .machine.ad
-rwx------  1 shardulr fnalgrid   49 Jun 22 20:08 .chirp.config
-rw-------  1 shardulr fnalgrid  11K Jun 22 20:08 x509up
drwxr-xr-x  2 shardulr fnalgrid 4.0K Jun 22 20:08 samples
drwxr-xr-x  2 shardulr fnalgrid 4.0K Jun 22 20:08 framework
-rw-r--r--  1 shardulr fnalgrid  62K Jun 22 20:08 singleStopAnalyzer.py
-rwxr-xr-x  1 shardulr fnalgrid  704 Jun 22 20:08 condor_exec.exe
-rw-r--r--  1 shardulr fnalgrid  951 Jun 22 20:08 bJetMatcher.py
-rw-r--r--  1 shardulr fnalgrid    0 Jun 22 20:08 docker_stderror
drwxrwxrwt  2 shardulr fnalgrid 4.0K Jun 22 20:08 tmp
drwxrwxrwt  3 shardulr fnalgrid 4.0K Jun 22 20:08 var
drwxr-xr-x  3 root     root     4.0K Jun 22 20:09 ..
srwxr-xr-x  1 shardulr fnalgrid    0 Jun 22 20:09 .docker_sock
-rw-r--r--  1 shardulr fnalgrid  13K Jun 22 20:09 .update.ad
-rw-r--r--  1 shardulr fnalgrid  113 Jun 22 20:09 _condor_stderr
drwx------  7 shardulr fnalgrid 4.0K Jun 22 20:09 .
drwxr-xr-x 17 shardulr fnalgrid 4.0K Jun 22 20:09 CMSSW_10_6_19_patch2
-rw-r--r--  1 shardulr fnalgrid  453 Jun 22 20:09 _condor_stdout
/storage/local/data1/condor/execute/dir_41005/CMSSW_10_6_19_patch2 is the CMSSW we created on the local worker node
Running over Data2018 files
Blinding data, only using CR cuts (0 loose b's)
Using UL 2018 campaign working points
Pre-select 101407 entries out of 989349 (10.25%)
Processed    10000/  101407 entries,  9.86% (elapsed time    41.7s, curr speed    0.240 kHz, avg speed    0.240 kHz), accepted     1974/   10001 events (19.74%)
Processed    20000/  101407 entries, 19.72% (elapsed time    80.3s, curr speed    0.260 kHz, avg speed    0.249 kHz), accepted     4056/   20001 events (20.28%)
Processed    30000/  101407 entries, 29.58% (elapsed time   120.9s, curr speed    0.246 kHz, avg speed    0.248 kHz), accepted     5797/   30001 events (19.32%)
Processed    40000/  101407 entries, 39.45% (elapsed time   162.9s, curr speed    0.238 kHz, avg speed    0.246 kHz), accepted     7757/   40001 events (19.39%)
Processed    50000/  101407 entries, 49.31% (elapsed time   203.9s, curr speed    0.244 kHz, avg speed    0.245 kHz), accepted     9697/   50001 events (19.39%)
Processed    60000/  101407 entries, 59.17% (elapsed time   243.0s, curr speed    0.256 kHz, avg speed    0.247 kHz), accepted    11546/   60001 events (19.24%)
Processed    70000/  101407 entries, 69.03% (elapsed time   283.9s, curr speed    0.244 kHz, avg speed    0.247 kHz), accepted    13705/   70001 events (19.58%)
Processed    80000/  101407 entries, 78.89% (elapsed time   323.4s, curr speed    0.253 kHz, avg speed    0.247 kHz), accepted    15853/   80001 events (19.82%)
Processed    90000/  101407 entries, 88.75% (elapsed time   364.3s, curr speed    0.244 kHz, avg speed    0.247 kHz), accepted    17948/   90001 events (19.94%)
Processed   100000/  101407 entries, 98.61% (elapsed time   404.3s, curr speed    0.250 kHz, avg speed    0.247 kHz), accepted    19952/  100001 events (19.95%)
Processed 101407 preselected entries from root://cmsxrootd.fnal.gov//store/data/Run2018A/JetHT/NANOAOD/UL2018_MiniAODv2_NanoAODv9-v2/100000/032E6C12-7A46-AD47-ACC4-33624FD84C5C.root (989349 entries). Finally selected 20276 entries
Total time 444.9 sec. to process 989349 events. Rate = 2223.8 Hz.
Running pwd:
/storage/local/data1/condor/execute/dir_41005
Running ls -alrth:
total 172K
-rw-r--r--  1 shardulr fnalgrid 5.0K Jun 22 20:08 .job.ad
-rw-r--r--  1 shardulr fnalgrid  13K Jun 22 20:08 .machine.ad
-rwx------  1 shardulr fnalgrid   49 Jun 22 20:08 .chirp.config
-rw-------  1 shardulr fnalgrid  11K Jun 22 20:08 x509up
drwxr-xr-x  2 shardulr fnalgrid 4.0K Jun 22 20:08 samples
-rw-r--r--  1 shardulr fnalgrid  62K Jun 22 20:08 singleStopAnalyzer.py
-rwxr-xr-x  1 shardulr fnalgrid  704 Jun 22 20:08 condor_exec.exe
-rw-r--r--  1 shardulr fnalgrid  951 Jun 22 20:08 bJetMatcher.py
-rw-r--r--  1 shardulr fnalgrid    0 Jun 22 20:08 docker_stderror
drwxrwxrwt  2 shardulr fnalgrid 4.0K Jun 22 20:08 tmp
drwxrwxrwt  3 shardulr fnalgrid 4.0K Jun 22 20:08 var
drwxr-xr-x  3 root     root     4.0K Jun 22 20:09 ..
srwxr-xr-x  1 shardulr fnalgrid    0 Jun 22 20:09 .docker_sock
-rw-r--r--  1 shardulr fnalgrid  113 Jun 22 20:09 _condor_stderr
drwxr-xr-x 17 shardulr fnalgrid 4.0K Jun 22 20:09 CMSSW_10_6_19_patch2
drwxr-xr-x  2 shardulr fnalgrid 4.0K Jun 22 20:09 framework
-rw-r--r--  1 shardulr fnalgrid 1.7K Jun 22 20:09 bJetMatcher.pyc
drwxr-xr-x  3 shardulr fnalgrid 4.0K Jun 22 20:09 output
-rw-r--r--  1 shardulr fnalgrid  13K Jun 22 20:16 .update.ad
drwx------  8 shardulr fnalgrid 4.0K Jun 22 20:16 .
-rw-r--r--  1 shardulr fnalgrid 3.9K Jun 22 20:17 _condor_stdout
