[FERMIHTC-APPTAINER]: INFO -- No Apptainer image specified
[FERMIHTC-APPTAINER]: INFO -- Running job on the host machine

[FERMIHTC-APPTAINER]: INFO -- Running ./condor_exec.exe
Starting job on  Thu Jun 22 20:17:49 UTC 2023
Running on: Linux shardulr-32358499-452-cmswn2059.fnal.gov 3.10.0-1160.90.1.el7.x86_64 #1 SMP Thu Apr 27 13:14:20 CDT 2023 x86_64 x86_64 x86_64 GNU/Linux
System software: Scientific Linux release 7.9 (Nitrogen)
Running ls -alrth:
total 156K
-rw-r--r--  1 shardulr fnalgrid 5.0K Jun 22 20:17 .job.ad
-rw-r--r--  1 shardulr fnalgrid  12K Jun 22 20:17 .machine.ad
-rwx------  1 shardulr fnalgrid   49 Jun 22 20:17 .chirp.config
-rw-------  1 shardulr fnalgrid  11K Jun 22 20:17 x509up
drwxr-xr-x  2 shardulr fnalgrid 4.0K Jun 22 20:17 samples
drwxr-xr-x  2 shardulr fnalgrid 4.0K Jun 22 20:17 framework
-rw-r--r--  1 shardulr fnalgrid  62K Jun 22 20:17 singleStopAnalyzer.py
-rw-r--r--  1 shardulr fnalgrid  951 Jun 22 20:17 bJetMatcher.py
-rwxr-xr-x  1 shardulr fnalgrid  705 Jun 22 20:17 condor_exec.exe
-rw-r--r--  1 shardulr fnalgrid    0 Jun 22 20:17 docker_stderror
drwxrwxrwt  3 shardulr fnalgrid 4.0K Jun 22 20:17 var
drwxrwxrwt  2 shardulr fnalgrid 4.0K Jun 22 20:17 tmp
-rw-r--r--  1 shardulr fnalgrid  12K Jun 22 20:17 .update.ad
drwxr-xr-x  3 root     root     4.0K Jun 22 20:17 ..
srwxr-xr-x  1 shardulr fnalgrid    0 Jun 22 20:17 .docker_sock
-rw-r--r--  1 shardulr fnalgrid  113 Jun 22 20:17 _condor_stderr
drwx------  7 shardulr fnalgrid 4.0K Jun 22 20:17 .
drwxr-xr-x 17 shardulr fnalgrid 4.0K Jun 22 20:17 CMSSW_10_6_19_patch2
-rw-r--r--  1 shardulr fnalgrid  454 Jun 22 20:17 _condor_stdout
/storage/local/data1/condor/execute/dir_12819/CMSSW_10_6_19_patch2 is the CMSSW we created on the local worker node
Running over Data2018 files
Blinding data, only using CR cuts (0 loose b's)
Using UL 2018 campaign working points
Pre-select 205479 entries out of 2031627 (10.11%)
Processed    10000/  205479 entries,  4.87% (elapsed time    33.9s, curr speed    0.295 kHz, avg speed    0.295 kHz), accepted     2163/   10001 events (21.63%)
Processed    20000/  205479 entries,  9.73% (elapsed time    68.0s, curr speed    0.294 kHz, avg speed    0.294 kHz), accepted     4543/   20001 events (22.71%)
Processed    30000/  205479 entries, 14.60% (elapsed time    99.4s, curr speed    0.318 kHz, avg speed    0.302 kHz), accepted     6629/   30001 events (22.10%)
Processed    40000/  205479 entries, 19.47% (elapsed time   131.8s, curr speed    0.309 kHz, avg speed    0.304 kHz), accepted     8807/   40001 events (22.02%)
Processed    50000/  205479 entries, 24.33% (elapsed time   161.9s, curr speed    0.332 kHz, avg speed    0.309 kHz), accepted    11029/   50001 events (22.06%)
Processed    60000/  205479 entries, 29.20% (elapsed time   193.5s, curr speed    0.317 kHz, avg speed    0.310 kHz), accepted    13226/   60001 events (22.04%)
Processed    70000/  205479 entries, 34.07% (elapsed time   225.4s, curr speed    0.313 kHz, avg speed    0.311 kHz), accepted    15383/   70001 events (21.98%)
Processed    80000/  205479 entries, 38.93% (elapsed time   254.0s, curr speed    0.350 kHz, avg speed    0.315 kHz), accepted    17067/   80001 events (21.33%)
Processed    90000/  205479 entries, 43.80% (elapsed time   286.0s, curr speed    0.313 kHz, avg speed    0.315 kHz), accepted    19206/   90001 events (21.34%)
Processed   100000/  205479 entries, 48.67% (elapsed time   317.9s, curr speed    0.313 kHz, avg speed    0.315 kHz), accepted    21280/  100001 events (21.28%)
Processed   110000/  205479 entries, 53.53% (elapsed time   348.0s, curr speed    0.333 kHz, avg speed    0.316 kHz), accepted    23122/  110001 events (21.02%)
Processed   120000/  205479 entries, 58.40% (elapsed time   376.7s, curr speed    0.348 kHz, avg speed    0.319 kHz), accepted    25027/  120001 events (20.86%)
Processed   130000/  205479 entries, 63.27% (elapsed time   406.0s, curr speed    0.341 kHz, avg speed    0.320 kHz), accepted    27168/  130001 events (20.90%)
Processed   140000/  205479 entries, 68.13% (elapsed time   432.7s, curr speed    0.374 kHz, avg speed    0.324 kHz), accepted    29312/  140001 events (20.94%)
Processed   150000/  205479 entries, 73.00% (elapsed time   460.0s, curr speed    0.366 kHz, avg speed    0.326 kHz), accepted    31535/  150001 events (21.02%)
Processed   160000/  205479 entries, 77.87% (elapsed time   482.6s, curr speed    0.442 kHz, avg speed    0.332 kHz), accepted    32966/  160001 events (20.60%)
Processed   170000/  205479 entries, 82.73% (elapsed time   507.0s, curr speed    0.410 kHz, avg speed    0.335 kHz), accepted    34714/  170001 events (20.42%)
Processed   180000/  205479 entries, 87.60% (elapsed time   533.4s, curr speed    0.380 kHz, avg speed    0.337 kHz), accepted    36687/  180001 events (20.38%)
Processed   190000/  205479 entries, 92.47% (elapsed time   560.2s, curr speed    0.373 kHz, avg speed    0.339 kHz), accepted    38562/  190001 events (20.30%)
Processed   200000/  205479 entries, 97.33% (elapsed time   587.2s, curr speed    0.371 kHz, avg speed    0.341 kHz), accepted    40494/  200001 events (20.25%)
Processed 205479 preselected entries from root://cmsxrootd.fnal.gov//store/data/Run2018D/JetHT/NANOAOD/UL2018_MiniAODv2_NanoAODv9-v2/2430000/598BD07B-AF6D-294A-BBAE-03D7B44CC415.root (2031627 entries). Finally selected 41642 entries
Total time 619.0 sec. to process 2031627 events. Rate = 3282.4 Hz.
Running pwd:
/storage/local/data1/condor/execute/dir_12819
Running ls -alrth:
total 172K
-rw-r--r--  1 shardulr fnalgrid 5.0K Jun 22 20:17 .job.ad
-rw-r--r--  1 shardulr fnalgrid  12K Jun 22 20:17 .machine.ad
-rwx------  1 shardulr fnalgrid   49 Jun 22 20:17 .chirp.config
-rw-------  1 shardulr fnalgrid  11K Jun 22 20:17 x509up
drwxr-xr-x  2 shardulr fnalgrid 4.0K Jun 22 20:17 samples
-rw-r--r--  1 shardulr fnalgrid  62K Jun 22 20:17 singleStopAnalyzer.py
-rw-r--r--  1 shardulr fnalgrid  951 Jun 22 20:17 bJetMatcher.py
-rwxr-xr-x  1 shardulr fnalgrid  705 Jun 22 20:17 condor_exec.exe
-rw-r--r--  1 shardulr fnalgrid    0 Jun 22 20:17 docker_stderror
drwxrwxrwt  3 shardulr fnalgrid 4.0K Jun 22 20:17 var
drwxrwxrwt  2 shardulr fnalgrid 4.0K Jun 22 20:17 tmp
drwxr-xr-x  3 root     root     4.0K Jun 22 20:17 ..
srwxr-xr-x  1 shardulr fnalgrid    0 Jun 22 20:17 .docker_sock
drwxr-xr-x 17 shardulr fnalgrid 4.0K Jun 22 20:17 CMSSW_10_6_19_patch2
drwxr-xr-x  2 shardulr fnalgrid 4.0K Jun 22 20:17 framework
-rw-r--r--  1 shardulr fnalgrid 1.7K Jun 22 20:17 bJetMatcher.pyc
drwxr-xr-x  3 shardulr fnalgrid 4.0K Jun 22 20:17 output
-rw-r--r--  1 shardulr fnalgrid  215 Jun 22 20:17 _condor_stderr
-rw-r--r--  1 shardulr fnalgrid  13K Jun 22 20:28 .update.ad
drwx------  8 shardulr fnalgrid 4.0K Jun 22 20:28 .
-rw-r--r--  1 shardulr fnalgrid 5.4K Jun 22 20:28 _condor_stdout
