[FERMIHTC-APPTAINER]: INFO -- No Apptainer image specified
[FERMIHTC-APPTAINER]: INFO -- Running job on the host machine

[FERMIHTC-APPTAINER]: INFO -- Running ./condor_exec.exe
Starting job on  Thu Jun 22 20:08:58 UTC 2023
Running on: Linux shardulr-32358499-28-cmswn2087.fnal.gov 3.10.0-1160.90.1.el7.x86_64 #1 SMP Thu Apr 27 13:14:20 CDT 2023 x86_64 x86_64 x86_64 GNU/Linux
System software: Scientific Linux release 7.9 (Nitrogen)
Running ls -alrth:
total 156K
-rw-r--r--  1 shardulr fnalgrid  11K Jun 22 20:08 .machine.ad
-rw-r--r--  1 shardulr fnalgrid 5.1K Jun 22 20:08 .job.ad
-rwx------  1 shardulr fnalgrid   49 Jun 22 20:08 .chirp.config
-rw-------  1 shardulr fnalgrid  11K Jun 22 20:08 x509up
drwxr-xr-x  2 shardulr fnalgrid 4.0K Jun 22 20:08 samples
-rw-r--r--  1 shardulr fnalgrid  62K Jun 22 20:08 singleStopAnalyzer.py
drwxr-xr-x  2 shardulr fnalgrid 4.0K Jun 22 20:08 framework
-rwxr-xr-x  1 shardulr fnalgrid  704 Jun 22 20:08 condor_exec.exe
-rw-r--r--  1 shardulr fnalgrid  951 Jun 22 20:08 bJetMatcher.py
-rw-r--r--  1 shardulr fnalgrid    0 Jun 22 20:08 docker_stderror
drwxrwxrwt  3 shardulr fnalgrid 4.0K Jun 22 20:08 var
drwxrwxrwt  2 shardulr fnalgrid 4.0K Jun 22 20:08 tmp
-rw-r--r--  1 shardulr fnalgrid  11K Jun 22 20:08 .update.ad
drwxr-xr-x  3 root     root     4.0K Jun 22 20:08 ..
srwxr-xr-x  1 shardulr fnalgrid    0 Jun 22 20:08 .docker_sock
-rw-r--r--  1 shardulr fnalgrid  113 Jun 22 20:08 _condor_stderr
drwx------  7 shardulr fnalgrid 4.0K Jun 22 20:08 .
drwxr-xr-x 17 shardulr fnalgrid 4.0K Jun 22 20:08 CMSSW_10_6_19_patch2
-rw-r--r--  1 shardulr fnalgrid  453 Jun 22 20:09 _condor_stdout
/storage/local/data1/condor/execute/dir_14726/CMSSW_10_6_19_patch2 is the CMSSW we created on the local worker node
Running over Data2018 files
Blinding data, only using CR cuts (0 loose b's)
Using UL 2018 campaign working points
Pre-select 95243 entries out of 1100192 (8.66%)
Processed    10000/   95243 entries, 10.50% (elapsed time    46.2s, curr speed    0.217 kHz, avg speed    0.217 kHz), accepted     1641/   10001 events (16.41%)
Processed    20000/   95243 entries, 21.00% (elapsed time    93.6s, curr speed    0.211 kHz, avg speed    0.214 kHz), accepted     3445/   20001 events (17.22%)
Processed    30000/   95243 entries, 31.50% (elapsed time   146.0s, curr speed    0.191 kHz, avg speed    0.206 kHz), accepted     5287/   30001 events (17.62%)
Processed    40000/   95243 entries, 42.00% (elapsed time   198.8s, curr speed    0.189 kHz, avg speed    0.201 kHz), accepted     7021/   40001 events (17.55%)
Processed    50000/   95243 entries, 52.50% (elapsed time   248.3s, curr speed    0.202 kHz, avg speed    0.201 kHz), accepted     8817/   50001 events (17.63%)
Processed    60000/   95243 entries, 63.00% (elapsed time   295.8s, curr speed    0.210 kHz, avg speed    0.203 kHz), accepted    10931/   60001 events (18.22%)
Processed    70000/   95243 entries, 73.50% (elapsed time   343.8s, curr speed    0.208 kHz, avg speed    0.204 kHz), accepted    13011/   70001 events (18.59%)
Processed    80000/   95243 entries, 84.00% (elapsed time   388.8s, curr speed    0.222 kHz, avg speed    0.206 kHz), accepted    14964/   80001 events (18.70%)
Processed    90000/   95243 entries, 94.50% (elapsed time   433.1s, curr speed    0.226 kHz, avg speed    0.208 kHz), accepted    16962/   90001 events (18.85%)
Processed 95243 preselected entries from root://cmsxrootd.fnal.gov//store/data/Run2018A/JetHT/NANOAOD/UL2018_MiniAODv2_NanoAODv9-v2/100000/866EF7F5-E4CD-E742-9B1F-CB9BD6334488.root (1100192 entries). Finally selected 17999 entries
Total time 498.0 sec. to process 1100192 events. Rate = 2209.1 Hz.
Running pwd:
/storage/local/data1/condor/execute/dir_14726
Running ls -alrth:
total 164K
-rw-r--r--  1 shardulr fnalgrid  11K Jun 22 20:08 .machine.ad
-rw-r--r--  1 shardulr fnalgrid 5.1K Jun 22 20:08 .job.ad
-rwx------  1 shardulr fnalgrid   49 Jun 22 20:08 .chirp.config
-rw-------  1 shardulr fnalgrid  11K Jun 22 20:08 x509up
drwxr-xr-x  2 shardulr fnalgrid 4.0K Jun 22 20:08 samples
-rw-r--r--  1 shardulr fnalgrid  62K Jun 22 20:08 singleStopAnalyzer.py
-rwxr-xr-x  1 shardulr fnalgrid  704 Jun 22 20:08 condor_exec.exe
-rw-r--r--  1 shardulr fnalgrid  951 Jun 22 20:08 bJetMatcher.py
-rw-r--r--  1 shardulr fnalgrid    0 Jun 22 20:08 docker_stderror
drwxrwxrwt  3 shardulr fnalgrid 4.0K Jun 22 20:08 var
drwxrwxrwt  2 shardulr fnalgrid 4.0K Jun 22 20:08 tmp
drwxr-xr-x  3 root     root     4.0K Jun 22 20:08 ..
srwxr-xr-x  1 shardulr fnalgrid    0 Jun 22 20:08 .docker_sock
-rw-r--r--  1 shardulr fnalgrid  113 Jun 22 20:08 _condor_stderr
drwxr-xr-x 17 shardulr fnalgrid 4.0K Jun 22 20:08 CMSSW_10_6_19_patch2
drwxr-xr-x  2 shardulr fnalgrid 4.0K Jun 22 20:09 framework
-rw-r--r--  1 shardulr fnalgrid 1.7K Jun 22 20:09 bJetMatcher.pyc
drwxr-xr-x  3 shardulr fnalgrid 4.0K Jun 22 20:09 output
-rw-r--r--  1 shardulr fnalgrid  11K Jun 22 20:15 .update.ad
drwx------  8 shardulr fnalgrid 4.0K Jun 22 20:15 .
-rw-r--r--  1 shardulr fnalgrid 3.7K Jun 22 20:17 _condor_stdout
