[FERMIHTC-APPTAINER]: INFO -- No Apptainer image specified
[FERMIHTC-APPTAINER]: INFO -- Running job on the host machine

[FERMIHTC-APPTAINER]: INFO -- Running ./condor_exec.exe
Starting job on  Thu Jun 22 20:08:46 UTC 2023
Running on: Linux shardulr-32358499-17-cmswn2089.fnal.gov 3.10.0-1160.90.1.el7.x86_64 #1 SMP Thu Apr 27 13:14:20 CDT 2023 x86_64 x86_64 x86_64 GNU/Linux
System software: Scientific Linux release 7.9 (Nitrogen)
Running ls -alrth:
total 156K
-rw-r--r--  1 shardulr fnalgrid  12K Jun 22 20:08 .machine.ad
-rw-r--r--  1 shardulr fnalgrid 5.0K Jun 22 20:08 .job.ad
-rwx------  1 shardulr fnalgrid   49 Jun 22 20:08 .chirp.config
-rw-------  1 shardulr fnalgrid  11K Jun 22 20:08 x509up
drwxr-xr-x  2 shardulr fnalgrid 4.0K Jun 22 20:08 samples
drwxr-xr-x  2 shardulr fnalgrid 4.0K Jun 22 20:08 framework
-rw-r--r--  1 shardulr fnalgrid  62K Jun 22 20:08 singleStopAnalyzer.py
-rwxr-xr-x  1 shardulr fnalgrid  704 Jun 22 20:08 condor_exec.exe
-rw-r--r--  1 shardulr fnalgrid  951 Jun 22 20:08 bJetMatcher.py
-rw-r--r--  1 shardulr fnalgrid    0 Jun 22 20:08 docker_stderror
drwxrwxrwt  3 shardulr fnalgrid 4.0K Jun 22 20:08 var
drwxrwxrwt  2 shardulr fnalgrid 4.0K Jun 22 20:08 tmp
-rw-r--r--  1 shardulr fnalgrid  12K Jun 22 20:08 .update.ad
drwxr-xr-x  3 root     root     4.0K Jun 22 20:08 ..
srwxr-xr-x  1 shardulr fnalgrid    0 Jun 22 20:08 .docker_sock
-rw-r--r--  1 shardulr fnalgrid  113 Jun 22 20:08 _condor_stderr
drwx------  7 shardulr fnalgrid 4.0K Jun 22 20:08 .
drwxr-xr-x 17 shardulr fnalgrid 4.0K Jun 22 20:08 CMSSW_10_6_19_patch2
-rw-r--r--  1 shardulr fnalgrid  453 Jun 22 20:08 _condor_stdout
/storage/local/data1/condor/execute/dir_60913/CMSSW_10_6_19_patch2 is the CMSSW we created on the local worker node
Running over Data2018 files
Blinding data, only using CR cuts (0 loose b's)
Using UL 2018 campaign working points
Pre-select 80629 entries out of 858761 (9.39%)
Processed    10000/   80629 entries, 12.40% (elapsed time    33.1s, curr speed    0.302 kHz, avg speed    0.302 kHz), accepted     1732/   10001 events (17.32%)
Processed    20000/   80629 entries, 24.80% (elapsed time    66.2s, curr speed    0.303 kHz, avg speed    0.302 kHz), accepted     3619/   20001 events (18.09%)
Processed    30000/   80629 entries, 37.21% (elapsed time   100.3s, curr speed    0.293 kHz, avg speed    0.299 kHz), accepted     5743/   30001 events (19.14%)
Processed    40000/   80629 entries, 49.61% (elapsed time   134.5s, curr speed    0.292 kHz, avg speed    0.297 kHz), accepted     7916/   40001 events (19.79%)
Processed    50000/   80629 entries, 62.01% (elapsed time   165.0s, curr speed    0.328 kHz, avg speed    0.303 kHz), accepted     9538/   50001 events (19.08%)
Processed    60000/   80629 entries, 74.41% (elapsed time   196.8s, curr speed    0.315 kHz, avg speed    0.305 kHz), accepted    11357/   60001 events (18.93%)
Processed    70000/   80629 entries, 86.82% (elapsed time   228.6s, curr speed    0.315 kHz, avg speed    0.306 kHz), accepted    13236/   70001 events (18.91%)
Processed    80000/   80629 entries, 99.22% (elapsed time   259.6s, curr speed    0.323 kHz, avg speed    0.308 kHz), accepted    15033/   80001 events (18.79%)
Processed 80629 preselected entries from root://cmsxrootd.fnal.gov//store/data/Run2018A/JetHT/NANOAOD/UL2018_MiniAODv2_NanoAODv9-v2/100000/4FD86761-3A73-A542-946B-8128F892C94D.root (858761 entries). Finally selected 15138 entries
Total time 270.0 sec. to process 858761 events. Rate = 3181.2 Hz.
Running pwd:
/storage/local/data1/condor/execute/dir_60913
Running ls -alrth:
total 164K
-rw-r--r--  1 shardulr fnalgrid  12K Jun 22 20:08 .machine.ad
-rw-r--r--  1 shardulr fnalgrid 5.0K Jun 22 20:08 .job.ad
-rwx------  1 shardulr fnalgrid   49 Jun 22 20:08 .chirp.config
-rw-------  1 shardulr fnalgrid  11K Jun 22 20:08 x509up
drwxr-xr-x  2 shardulr fnalgrid 4.0K Jun 22 20:08 samples
-rw-r--r--  1 shardulr fnalgrid  62K Jun 22 20:08 singleStopAnalyzer.py
-rwxr-xr-x  1 shardulr fnalgrid  704 Jun 22 20:08 condor_exec.exe
-rw-r--r--  1 shardulr fnalgrid  951 Jun 22 20:08 bJetMatcher.py
-rw-r--r--  1 shardulr fnalgrid    0 Jun 22 20:08 docker_stderror
drwxrwxrwt  3 shardulr fnalgrid 4.0K Jun 22 20:08 var
drwxrwxrwt  2 shardulr fnalgrid 4.0K Jun 22 20:08 tmp
drwxr-xr-x  3 root     root     4.0K Jun 22 20:08 ..
srwxr-xr-x  1 shardulr fnalgrid    0 Jun 22 20:08 .docker_sock
drwxr-xr-x 17 shardulr fnalgrid 4.0K Jun 22 20:08 CMSSW_10_6_19_patch2
drwxr-xr-x  2 shardulr fnalgrid 4.0K Jun 22 20:08 framework
-rw-r--r--  1 shardulr fnalgrid 1.7K Jun 22 20:08 bJetMatcher.pyc
drwxr-xr-x  3 shardulr fnalgrid 4.0K Jun 22 20:08 output
-rw-r--r--  1 shardulr fnalgrid  215 Jun 22 20:08 _condor_stderr
-rw-r--r--  1 shardulr fnalgrid  12K Jun 22 20:12 .update.ad
drwx------  8 shardulr fnalgrid 4.0K Jun 22 20:12 .
-rw-r--r--  1 shardulr fnalgrid 3.5K Jun 22 20:13 _condor_stdout
