[FERMIHTC-APPTAINER]: INFO -- No Apptainer image specified
[FERMIHTC-APPTAINER]: INFO -- Running job on the host machine

[FERMIHTC-APPTAINER]: INFO -- Running ./condor_exec.exe
Starting job on  Thu Jun 22 20:11:11 UTC 2023
Running on: Linux shardulr-32358499-157-cmswn2084.fnal.gov 3.10.0-1160.90.1.el7.x86_64 #1 SMP Thu Apr 27 13:14:20 CDT 2023 x86_64 x86_64 x86_64 GNU/Linux
System software: Scientific Linux release 7.9 (Nitrogen)
Running ls -alrth:
total 164K
-rw-r--r--  1 shardulr fnalgrid  13K Jun 22 20:10 .machine.ad
-rw-r--r--  1 shardulr fnalgrid 5.0K Jun 22 20:10 .job.ad
-rwx------  1 shardulr fnalgrid   49 Jun 22 20:10 .chirp.config
-rw-------  1 shardulr fnalgrid  11K Jun 22 20:10 x509up
drwxr-xr-x  2 shardulr fnalgrid 4.0K Jun 22 20:10 samples
-rw-r--r--  1 shardulr fnalgrid  62K Jun 22 20:10 singleStopAnalyzer.py
drwxr-xr-x  2 shardulr fnalgrid 4.0K Jun 22 20:10 framework
-rwxr-xr-x  1 shardulr fnalgrid  705 Jun 22 20:10 condor_exec.exe
-rw-r--r--  1 shardulr fnalgrid  951 Jun 22 20:10 bJetMatcher.py
-rw-r--r--  1 shardulr fnalgrid    0 Jun 22 20:10 docker_stderror
drwxrwxrwt  3 shardulr fnalgrid 4.0K Jun 22 20:10 var
drwxrwxrwt  2 shardulr fnalgrid 4.0K Jun 22 20:10 tmp
drwxr-xr-x  3 root     root     4.0K Jun 22 20:11 ..
-rw-r--r--  1 shardulr fnalgrid  13K Jun 22 20:11 .update.ad
srwxr-xr-x  1 shardulr fnalgrid    0 Jun 22 20:11 .docker_sock
-rw-r--r--  1 shardulr fnalgrid  113 Jun 22 20:11 _condor_stderr
drwx------  7 shardulr fnalgrid 4.0K Jun 22 20:11 .
drwxr-xr-x 17 shardulr fnalgrid 4.0K Jun 22 20:11 CMSSW_10_6_19_patch2
-rw-r--r--  1 shardulr fnalgrid  454 Jun 22 20:11 _condor_stdout
/storage/local/data1/condor/execute/dir_15145/CMSSW_10_6_19_patch2 is the CMSSW we created on the local worker node
Running over Data2018 files
Blinding data, only using CR cuts (0 loose b's)
Using UL 2018 campaign working points
Pre-select 171636 entries out of 1693520 (10.13%)
Processed    10000/  171636 entries,  5.83% (elapsed time    41.0s, curr speed    0.244 kHz, avg speed    0.244 kHz), accepted     2111/   10001 events (21.11%)
Processed    20000/  171636 entries, 11.65% (elapsed time    83.3s, curr speed    0.237 kHz, avg speed    0.240 kHz), accepted     4222/   20001 events (21.11%)
Processed    30000/  171636 entries, 17.48% (elapsed time   125.4s, curr speed    0.237 kHz, avg speed    0.239 kHz), accepted     6343/   30001 events (21.14%)
Processed    40000/  171636 entries, 23.31% (elapsed time   167.2s, curr speed    0.239 kHz, avg speed    0.239 kHz), accepted     8075/   40001 events (20.19%)
Processed    50000/  171636 entries, 29.13% (elapsed time   207.5s, curr speed    0.248 kHz, avg speed    0.241 kHz), accepted     9845/   50001 events (19.69%)
Processed    60000/  171636 entries, 34.96% (elapsed time   248.0s, curr speed    0.247 kHz, avg speed    0.242 kHz), accepted    11645/   60001 events (19.41%)
Processed    70000/  171636 entries, 40.78% (elapsed time   289.5s, curr speed    0.241 kHz, avg speed    0.242 kHz), accepted    13360/   70001 events (19.09%)
Processed    80000/  171636 entries, 46.61% (elapsed time   329.1s, curr speed    0.252 kHz, avg speed    0.243 kHz), accepted    15016/   80001 events (18.77%)
Processed    90000/  171636 entries, 52.44% (elapsed time   370.0s, curr speed    0.245 kHz, avg speed    0.243 kHz), accepted    16740/   90001 events (18.60%)
Processed   100000/  171636 entries, 58.26% (elapsed time   411.3s, curr speed    0.242 kHz, avg speed    0.243 kHz), accepted    18473/  100001 events (18.47%)
Processed   110000/  171636 entries, 64.09% (elapsed time   451.6s, curr speed    0.248 kHz, avg speed    0.244 kHz), accepted    20221/  110001 events (18.38%)
Processed   120000/  171636 entries, 69.92% (elapsed time   492.2s, curr speed    0.246 kHz, avg speed    0.244 kHz), accepted    22035/  120001 events (18.36%)
Processed   130000/  171636 entries, 75.74% (elapsed time   532.2s, curr speed    0.250 kHz, avg speed    0.244 kHz), accepted    23909/  130001 events (18.39%)
Processed   140000/  171636 entries, 81.57% (elapsed time   572.5s, curr speed    0.248 kHz, avg speed    0.245 kHz), accepted    25747/  140001 events (18.39%)
Processed   150000/  171636 entries, 87.39% (elapsed time   611.8s, curr speed    0.254 kHz, avg speed    0.245 kHz), accepted    27756/  150001 events (18.50%)
Processed   160000/  171636 entries, 93.22% (elapsed time   650.3s, curr speed    0.259 kHz, avg speed    0.246 kHz), accepted    29807/  160001 events (18.63%)
Processed   170000/  171636 entries, 99.05% (elapsed time   689.8s, curr speed    0.254 kHz, avg speed    0.246 kHz), accepted    31877/  170001 events (18.75%)
Processed 171636 preselected entries from root://cmsxrootd.fnal.gov//store/data/Run2018B/JetHT/NANOAOD/UL2018_MiniAODv2_NanoAODv9-v1/120000/A6E22D84-8907-ED44-8DA5-DAA5AFB4D71B.root (1693520 entries). Finally selected 32201 entries
Total time 764.2 sec. to process 1693520 events. Rate = 2216.0 Hz.
Running pwd:
/storage/local/data1/condor/execute/dir_15145
Running ls -alrth:
total 176K
-rw-r--r--  1 shardulr fnalgrid  13K Jun 22 20:10 .machine.ad
-rw-r--r--  1 shardulr fnalgrid 5.0K Jun 22 20:10 .job.ad
-rwx------  1 shardulr fnalgrid   49 Jun 22 20:10 .chirp.config
-rw-------  1 shardulr fnalgrid  11K Jun 22 20:10 x509up
drwxr-xr-x  2 shardulr fnalgrid 4.0K Jun 22 20:10 samples
-rw-r--r--  1 shardulr fnalgrid  62K Jun 22 20:10 singleStopAnalyzer.py
-rwxr-xr-x  1 shardulr fnalgrid  705 Jun 22 20:10 condor_exec.exe
-rw-r--r--  1 shardulr fnalgrid  951 Jun 22 20:10 bJetMatcher.py
-rw-r--r--  1 shardulr fnalgrid    0 Jun 22 20:10 docker_stderror
drwxrwxrwt  3 shardulr fnalgrid 4.0K Jun 22 20:10 var
drwxrwxrwt  2 shardulr fnalgrid 4.0K Jun 22 20:10 tmp
drwxr-xr-x  3 root     root     4.0K Jun 22 20:11 ..
srwxr-xr-x  1 shardulr fnalgrid    0 Jun 22 20:11 .docker_sock
-rw-r--r--  1 shardulr fnalgrid  113 Jun 22 20:11 _condor_stderr
drwxr-xr-x 17 shardulr fnalgrid 4.0K Jun 22 20:11 CMSSW_10_6_19_patch2
drwxr-xr-x  2 shardulr fnalgrid 4.0K Jun 22 20:11 framework
-rw-r--r--  1 shardulr fnalgrid 1.7K Jun 22 20:11 bJetMatcher.pyc
drwxr-xr-x  3 shardulr fnalgrid 4.0K Jun 22 20:11 output
-rw-r--r--  1 shardulr fnalgrid  13K Jun 22 20:23 .update.ad
drwx------  8 shardulr fnalgrid 4.0K Jun 22 20:23 .
-rw-r--r--  1 shardulr fnalgrid 5.0K Jun 22 20:24 _condor_stdout
