[FERMIHTC-APPTAINER]: INFO -- No Apptainer image specified
[FERMIHTC-APPTAINER]: INFO -- Running job on the host machine

[FERMIHTC-APPTAINER]: INFO -- Running ./condor_exec.exe
Starting job on  Thu Jun 22 20:13:39 UTC 2023
Running on: Linux shardulr-32358499-259-cmswn2071.fnal.gov 3.10.0-1160.90.1.el7.x86_64 #1 SMP Thu Apr 27 13:14:20 CDT 2023 x86_64 x86_64 x86_64 GNU/Linux
System software: Scientific Linux release 7.9 (Nitrogen)
Running ls -alrth:
total 164K
-rw-r--r--  1 shardulr fnalgrid 5.0K Jun 22 20:13 .job.ad
-rw-r--r--  1 shardulr fnalgrid  14K Jun 22 20:13 .machine.ad
-rwx------  1 shardulr fnalgrid   49 Jun 22 20:13 .chirp.config
-rw-------  1 shardulr fnalgrid  11K Jun 22 20:13 x509up
drwxr-xr-x  2 shardulr fnalgrid 4.0K Jun 22 20:13 samples
drwxr-xr-x  2 shardulr fnalgrid 4.0K Jun 22 20:13 framework
-rw-r--r--  1 shardulr fnalgrid  62K Jun 22 20:13 singleStopAnalyzer.py
-rw-r--r--  1 shardulr fnalgrid  951 Jun 22 20:13 bJetMatcher.py
-rwxr-xr-x  1 shardulr fnalgrid  705 Jun 22 20:13 condor_exec.exe
-rw-r--r--  1 shardulr fnalgrid    0 Jun 22 20:13 docker_stderror
drwxrwxrwt  2 shardulr fnalgrid 4.0K Jun 22 20:13 tmp
drwxrwxrwt  3 shardulr fnalgrid 4.0K Jun 22 20:13 var
drwxr-xr-x  3 root     root     4.0K Jun 22 20:13 ..
srwxr-xr-x  1 shardulr fnalgrid    0 Jun 22 20:13 .docker_sock
-rw-r--r--  1 shardulr fnalgrid  13K Jun 22 20:13 .update.ad
-rw-r--r--  1 shardulr fnalgrid  113 Jun 22 20:13 _condor_stderr
drwx------  7 shardulr fnalgrid 4.0K Jun 22 20:13 .
drwxr-xr-x 17 shardulr fnalgrid 4.0K Jun 22 20:13 CMSSW_10_6_19_patch2
-rw-r--r--  1 shardulr fnalgrid  454 Jun 22 20:13 _condor_stdout
/storage/local/data1/condor/execute/dir_39197/CMSSW_10_6_19_patch2 is the CMSSW we created on the local worker node
Running over Data2018 files
Blinding data, only using CR cuts (0 loose b's)
Using UL 2018 campaign working points
Pre-select 214700 entries out of 2178083 (9.86%)
Processed    10000/  214700 entries,  4.66% (elapsed time    24.8s, curr speed    0.403 kHz, avg speed    0.403 kHz), accepted     2136/   10001 events (21.36%)
Processed    20000/  214700 entries,  9.32% (elapsed time    48.8s, curr speed    0.416 kHz, avg speed    0.409 kHz), accepted     4226/   20001 events (21.13%)
Processed    30000/  214700 entries, 13.97% (elapsed time    73.4s, curr speed    0.407 kHz, avg speed    0.409 kHz), accepted     6226/   30001 events (20.75%)
Processed    40000/  214700 entries, 18.63% (elapsed time    96.9s, curr speed    0.426 kHz, avg speed    0.413 kHz), accepted     8182/   40001 events (20.45%)
Processed    50000/  214700 entries, 23.29% (elapsed time   121.5s, curr speed    0.406 kHz, avg speed    0.412 kHz), accepted    10249/   50001 events (20.50%)
Processed    60000/  214700 entries, 27.95% (elapsed time   146.4s, curr speed    0.402 kHz, avg speed    0.410 kHz), accepted    12326/   60001 events (20.54%)
Processed    70000/  214700 entries, 32.60% (elapsed time   170.4s, curr speed    0.416 kHz, avg speed    0.411 kHz), accepted    14364/   70001 events (20.52%)
Processed    80000/  214700 entries, 37.26% (elapsed time   195.2s, curr speed    0.403 kHz, avg speed    0.410 kHz), accepted    16300/   80001 events (20.37%)
Processed    90000/  214700 entries, 41.92% (elapsed time   219.1s, curr speed    0.419 kHz, avg speed    0.411 kHz), accepted    18227/   90001 events (20.25%)
Processed   100000/  214700 entries, 46.58% (elapsed time   244.2s, curr speed    0.398 kHz, avg speed    0.410 kHz), accepted    20108/  100001 events (20.11%)
Processed   110000/  214700 entries, 51.23% (elapsed time   269.0s, curr speed    0.404 kHz, avg speed    0.409 kHz), accepted    22030/  110001 events (20.03%)
Processed   120000/  214700 entries, 55.89% (elapsed time   293.2s, curr speed    0.412 kHz, avg speed    0.409 kHz), accepted    23982/  120001 events (19.98%)
Processed   130000/  214700 entries, 60.55% (elapsed time   316.6s, curr speed    0.427 kHz, avg speed    0.411 kHz), accepted    25916/  130001 events (19.94%)
Processed   140000/  214700 entries, 65.21% (elapsed time   340.0s, curr speed    0.427 kHz, avg speed    0.412 kHz), accepted    27848/  140001 events (19.89%)
Processed   150000/  214700 entries, 69.86% (elapsed time   363.8s, curr speed    0.420 kHz, avg speed    0.412 kHz), accepted    29825/  150001 events (19.88%)
Processed   160000/  214700 entries, 74.52% (elapsed time   388.7s, curr speed    0.402 kHz, avg speed    0.412 kHz), accepted    31876/  160001 events (19.92%)
Processed   170000/  214700 entries, 79.18% (elapsed time   413.8s, curr speed    0.399 kHz, avg speed    0.411 kHz), accepted    33999/  170001 events (20.00%)
Processed   180000/  214700 entries, 83.84% (elapsed time   437.9s, curr speed    0.414 kHz, avg speed    0.411 kHz), accepted    35969/  180001 events (19.98%)
Processed   190000/  214700 entries, 88.50% (elapsed time   460.9s, curr speed    0.435 kHz, avg speed    0.412 kHz), accepted    37790/  190001 events (19.89%)
Processed   200000/  214700 entries, 93.15% (elapsed time   486.7s, curr speed    0.388 kHz, avg speed    0.411 kHz), accepted    39955/  200001 events (19.98%)
Processed   210000/  214700 entries, 97.81% (elapsed time   511.7s, curr speed    0.399 kHz, avg speed    0.410 kHz), accepted    42065/  210001 events (20.03%)
Processed 214700 preselected entries from root://cmsxrootd.fnal.gov//store/data/Run2018D/JetHT/NANOAOD/UL2018_MiniAODv2_NanoAODv9-v2/2540000/7C267571-EA4D-154B-BFEA-928E10AA2D48.root (2178083 entries). Finally selected 43087 entries
Total time 535.1 sec. to process 2178083 events. Rate = 4070.4 Hz.
Running pwd:
/storage/local/data1/condor/execute/dir_39197
Running ls -alrth:
total 176K
-rw-r--r--  1 shardulr fnalgrid 5.0K Jun 22 20:13 .job.ad
-rw-r--r--  1 shardulr fnalgrid  14K Jun 22 20:13 .machine.ad
-rwx------  1 shardulr fnalgrid   49 Jun 22 20:13 .chirp.config
-rw-------  1 shardulr fnalgrid  11K Jun 22 20:13 x509up
drwxr-xr-x  2 shardulr fnalgrid 4.0K Jun 22 20:13 samples
-rw-r--r--  1 shardulr fnalgrid  62K Jun 22 20:13 singleStopAnalyzer.py
-rw-r--r--  1 shardulr fnalgrid  951 Jun 22 20:13 bJetMatcher.py
-rwxr-xr-x  1 shardulr fnalgrid  705 Jun 22 20:13 condor_exec.exe
-rw-r--r--  1 shardulr fnalgrid    0 Jun 22 20:13 docker_stderror
drwxrwxrwt  2 shardulr fnalgrid 4.0K Jun 22 20:13 tmp
drwxrwxrwt  3 shardulr fnalgrid 4.0K Jun 22 20:13 var
drwxr-xr-x  3 root     root     4.0K Jun 22 20:13 ..
srwxr-xr-x  1 shardulr fnalgrid    0 Jun 22 20:13 .docker_sock
drwxr-xr-x 17 shardulr fnalgrid 4.0K Jun 22 20:13 CMSSW_10_6_19_patch2
drwxr-xr-x  2 shardulr fnalgrid 4.0K Jun 22 20:13 framework
-rw-r--r--  1 shardulr fnalgrid 1.7K Jun 22 20:13 bJetMatcher.pyc
drwxr-xr-x  3 shardulr fnalgrid 4.0K Jun 22 20:13 output
-rw-r--r--  1 shardulr fnalgrid  215 Jun 22 20:13 _condor_stderr
-rw-r--r--  1 shardulr fnalgrid  13K Jun 22 20:22 .update.ad
drwx------  8 shardulr fnalgrid 4.0K Jun 22 20:22 .
-rw-r--r--  1 shardulr fnalgrid 5.6K Jun 22 20:22 _condor_stdout
