[FERMIHTC-APPTAINER]: INFO -- No Apptainer image specified
[FERMIHTC-APPTAINER]: INFO -- Running job on the host machine

[FERMIHTC-APPTAINER]: INFO -- Running ./condor_exec.exe
Starting job on  Thu Jun 22 20:17:53 UTC 2023
Running on: Linux shardulr-32358499-383-cmswn2083.fnal.gov 3.10.0-1160.90.1.el7.x86_64 #1 SMP Thu Apr 27 13:14:20 CDT 2023 x86_64 x86_64 x86_64 GNU/Linux
System software: Scientific Linux release 7.9 (Nitrogen)
Running ls -alrth:
total 164K
-rw-r--r--  1 shardulr fnalgrid 5.0K Jun 22 20:16 .job.ad
-rw-r--r--  1 shardulr fnalgrid  14K Jun 22 20:16 .machine.ad
-rwx------  1 shardulr fnalgrid   49 Jun 22 20:16 .chirp.config
-rw-------  1 shardulr fnalgrid  11K Jun 22 20:16 x509up
drwxr-xr-x  2 shardulr fnalgrid 4.0K Jun 22 20:16 samples
drwxr-xr-x  2 shardulr fnalgrid 4.0K Jun 22 20:16 framework
-rw-r--r--  1 shardulr fnalgrid  62K Jun 22 20:16 singleStopAnalyzer.py
-rw-r--r--  1 shardulr fnalgrid  951 Jun 22 20:16 bJetMatcher.py
-rwxr-xr-x  1 shardulr fnalgrid  705 Jun 22 20:16 condor_exec.exe
-rw-r--r--  1 shardulr fnalgrid    0 Jun 22 20:16 docker_stderror
drwxrwxrwt  3 shardulr fnalgrid 4.0K Jun 22 20:16 var
drwxrwxrwt  2 shardulr fnalgrid 4.0K Jun 22 20:16 tmp
drwxr-xr-x  3 root     root     4.0K Jun 22 20:17 ..
srwxr-xr-x  1 shardulr fnalgrid    0 Jun 22 20:17 .docker_sock
-rw-r--r--  1 shardulr fnalgrid  13K Jun 22 20:17 .update.ad
-rw-r--r--  1 shardulr fnalgrid  113 Jun 22 20:17 _condor_stderr
drwx------  7 shardulr fnalgrid 4.0K Jun 22 20:17 .
drwxr-xr-x 17 shardulr fnalgrid 4.0K Jun 22 20:17 CMSSW_10_6_19_patch2
-rw-r--r--  1 shardulr fnalgrid  454 Jun 22 20:17 _condor_stdout
/storage/local/data1/condor/execute/dir_65207/CMSSW_10_6_19_patch2 is the CMSSW we created on the local worker node
Running over Data2018 files
Blinding data, only using CR cuts (0 loose b's)
Using UL 2018 campaign working points
Pre-select 228210 entries out of 2293538 (9.95%)
Processed    10000/  228210 entries,  4.38% (elapsed time    29.4s, curr speed    0.340 kHz, avg speed    0.340 kHz), accepted     1967/   10001 events (19.67%)
Processed    20000/  228210 entries,  8.76% (elapsed time    59.0s, curr speed    0.338 kHz, avg speed    0.339 kHz), accepted     3962/   20001 events (19.81%)
Processed    30000/  228210 entries, 13.15% (elapsed time    89.4s, curr speed    0.329 kHz, avg speed    0.336 kHz), accepted     6068/   30001 events (20.23%)
Processed    40000/  228210 entries, 17.53% (elapsed time   120.3s, curr speed    0.324 kHz, avg speed    0.333 kHz), accepted     8299/   40001 events (20.75%)
Processed    50000/  228210 entries, 21.91% (elapsed time   150.0s, curr speed    0.336 kHz, avg speed    0.333 kHz), accepted    10576/   50001 events (21.15%)
Processed    60000/  228210 entries, 26.29% (elapsed time   182.3s, curr speed    0.310 kHz, avg speed    0.329 kHz), accepted    12937/   60001 events (21.56%)
Processed    70000/  228210 entries, 30.67% (elapsed time   210.5s, curr speed    0.353 kHz, avg speed    0.332 kHz), accepted    14766/   70001 events (21.09%)
Processed    80000/  228210 entries, 35.06% (elapsed time   238.7s, curr speed    0.355 kHz, avg speed    0.335 kHz), accepted    16561/   80001 events (20.70%)
Processed    90000/  228210 entries, 39.44% (elapsed time   265.4s, curr speed    0.374 kHz, avg speed    0.339 kHz), accepted    18409/   90001 events (20.45%)
Processed   100000/  228210 entries, 43.82% (elapsed time   293.5s, curr speed    0.357 kHz, avg speed    0.341 kHz), accepted    20328/  100001 events (20.33%)
Processed   110000/  228210 entries, 48.20% (elapsed time   320.7s, curr speed    0.368 kHz, avg speed    0.343 kHz), accepted    22216/  110001 events (20.20%)
Processed   120000/  228210 entries, 52.58% (elapsed time   351.8s, curr speed    0.321 kHz, avg speed    0.341 kHz), accepted    24490/  120001 events (20.41%)
Processed   130000/  228210 entries, 56.97% (elapsed time   382.0s, curr speed    0.331 kHz, avg speed    0.340 kHz), accepted    26632/  130001 events (20.49%)
Processed   140000/  228210 entries, 61.35% (elapsed time   410.7s, curr speed    0.348 kHz, avg speed    0.341 kHz), accepted    28454/  140001 events (20.32%)
Processed   150000/  228210 entries, 65.73% (elapsed time   438.3s, curr speed    0.363 kHz, avg speed    0.342 kHz), accepted    30293/  150001 events (20.20%)
Processed   160000/  228210 entries, 70.11% (elapsed time   468.0s, curr speed    0.336 kHz, avg speed    0.342 kHz), accepted    32396/  160001 events (20.25%)
Processed   170000/  228210 entries, 74.49% (elapsed time   496.9s, curr speed    0.347 kHz, avg speed    0.342 kHz), accepted    34422/  170001 events (20.25%)
Processed   180000/  228210 entries, 78.87% (elapsed time   526.3s, curr speed    0.340 kHz, avg speed    0.342 kHz), accepted    36481/  180001 events (20.27%)
Processed   190000/  228210 entries, 83.26% (elapsed time   555.4s, curr speed    0.343 kHz, avg speed    0.342 kHz), accepted    38612/  190001 events (20.32%)
Processed   200000/  228210 entries, 87.64% (elapsed time   581.7s, curr speed    0.381 kHz, avg speed    0.344 kHz), accepted    40725/  200001 events (20.36%)
Processed   210000/  228210 entries, 92.02% (elapsed time   611.0s, curr speed    0.341 kHz, avg speed    0.344 kHz), accepted    42816/  210001 events (20.39%)
Processed   220000/  228210 entries, 96.40% (elapsed time   639.7s, curr speed    0.349 kHz, avg speed    0.344 kHz), accepted    44967/  220001 events (20.44%)
Processed 228210 preselected entries from root://cmsxrootd.fnal.gov//store/data/Run2018D/JetHT/NANOAOD/UL2018_MiniAODv2_NanoAODv9-v2/2810000/2522AA20-A746-EB4D-9390-EC0E9D87C2B7.root (2293538 entries). Finally selected 46765 entries
Total time 681.9 sec. to process 2293538 events. Rate = 3363.7 Hz.
Running pwd:
/storage/local/data1/condor/execute/dir_65207
Running ls -alrth:
total 176K
-rw-r--r--  1 shardulr fnalgrid 5.0K Jun 22 20:16 .job.ad
-rw-r--r--  1 shardulr fnalgrid  14K Jun 22 20:16 .machine.ad
-rwx------  1 shardulr fnalgrid   49 Jun 22 20:16 .chirp.config
-rw-------  1 shardulr fnalgrid  11K Jun 22 20:16 x509up
drwxr-xr-x  2 shardulr fnalgrid 4.0K Jun 22 20:16 samples
-rw-r--r--  1 shardulr fnalgrid  62K Jun 22 20:16 singleStopAnalyzer.py
-rw-r--r--  1 shardulr fnalgrid  951 Jun 22 20:16 bJetMatcher.py
-rwxr-xr-x  1 shardulr fnalgrid  705 Jun 22 20:16 condor_exec.exe
-rw-r--r--  1 shardulr fnalgrid    0 Jun 22 20:16 docker_stderror
drwxrwxrwt  3 shardulr fnalgrid 4.0K Jun 22 20:16 var
drwxrwxrwt  2 shardulr fnalgrid 4.0K Jun 22 20:16 tmp
drwxr-xr-x  3 root     root     4.0K Jun 22 20:17 ..
srwxr-xr-x  1 shardulr fnalgrid    0 Jun 22 20:17 .docker_sock
drwxr-xr-x 17 shardulr fnalgrid 4.0K Jun 22 20:17 CMSSW_10_6_19_patch2
drwxr-xr-x  2 shardulr fnalgrid 4.0K Jun 22 20:17 framework
-rw-r--r--  1 shardulr fnalgrid 1.7K Jun 22 20:17 bJetMatcher.pyc
drwxr-xr-x  3 shardulr fnalgrid 4.0K Jun 22 20:17 output
-rw-r--r--  1 shardulr fnalgrid  215 Jun 22 20:18 _condor_stderr
-rw-r--r--  1 shardulr fnalgrid  13K Jun 22 20:29 .update.ad
drwx------  8 shardulr fnalgrid 4.0K Jun 22 20:29 .
-rw-r--r--  1 shardulr fnalgrid 5.7K Jun 22 20:29 _condor_stdout
