[FERMIHTC-APPTAINER]: INFO -- No Apptainer image specified
[FERMIHTC-APPTAINER]: INFO -- Running job on the host machine

[FERMIHTC-APPTAINER]: INFO -- Running ./condor_exec.exe
Starting job on  Thu Jun 22 20:09:00 UTC 2023
Running on: Linux shardulr-32358499-23-cmswn2023.fnal.gov 3.10.0-1160.90.1.el7.x86_64 #1 SMP Thu Apr 27 13:14:20 CDT 2023 x86_64 x86_64 x86_64 GNU/Linux
System software: Scientific Linux release 7.9 (Nitrogen)
Running ls -alrth:
total 156K
-rw-r--r--  1 shardulr fnalgrid 5.0K Jun 22 20:08 .job.ad
-rw-r--r--  1 shardulr fnalgrid  12K Jun 22 20:08 .machine.ad
-rwx------  1 shardulr fnalgrid   49 Jun 22 20:08 .chirp.config
-rw-------  1 shardulr fnalgrid  11K Jun 22 20:08 x509up
drwxr-xr-x  2 shardulr fnalgrid 4.0K Jun 22 20:08 samples
drwxr-xr-x  2 shardulr fnalgrid 4.0K Jun 22 20:08 framework
-rw-r--r--  1 shardulr fnalgrid  62K Jun 22 20:08 singleStopAnalyzer.py
-rw-r--r--  1 shardulr fnalgrid  951 Jun 22 20:08 bJetMatcher.py
-rwxr-xr-x  1 shardulr fnalgrid  704 Jun 22 20:08 condor_exec.exe
-rw-r--r--  1 shardulr fnalgrid    0 Jun 22 20:08 docker_stderror
drwxrwxrwt  2 shardulr fnalgrid 4.0K Jun 22 20:08 tmp
drwxrwxrwt  3 shardulr fnalgrid 4.0K Jun 22 20:08 var
-rw-r--r--  1 shardulr fnalgrid  12K Jun 22 20:08 .update.ad
drwxr-xr-x  3 root     root     4.0K Jun 22 20:08 ..
srwxr-xr-x  1 shardulr fnalgrid    0 Jun 22 20:08 .docker_sock
-rw-r--r--  1 shardulr fnalgrid  113 Jun 22 20:09 _condor_stderr
drwx------  7 shardulr fnalgrid 4.0K Jun 22 20:09 .
drwxr-xr-x 17 shardulr fnalgrid 4.0K Jun 22 20:09 CMSSW_10_6_19_patch2
-rw-r--r--  1 shardulr fnalgrid  453 Jun 22 20:09 _condor_stdout
/storage/local/data1/condor/execute/dir_3585/CMSSW_10_6_19_patch2 is the CMSSW we created on the local worker node
Running over Data2018 files
Blinding data, only using CR cuts (0 loose b's)
Using UL 2018 campaign working points
Pre-select 172404 entries out of 2010683 (8.57%)
Processed    10000/  172404 entries,  5.80% (elapsed time    23.9s, curr speed    0.419 kHz, avg speed    0.419 kHz), accepted     1603/   10001 events (16.03%)
Processed    20000/  172404 entries, 11.60% (elapsed time    47.4s, curr speed    0.425 kHz, avg speed    0.422 kHz), accepted     3302/   20001 events (16.51%)
Processed    30000/  172404 entries, 17.40% (elapsed time    72.7s, curr speed    0.396 kHz, avg speed    0.413 kHz), accepted     4842/   30001 events (16.14%)
Processed    40000/  172404 entries, 23.20% (elapsed time    99.3s, curr speed    0.376 kHz, avg speed    0.403 kHz), accepted     6737/   40001 events (16.84%)
Processed    50000/  172404 entries, 29.00% (elapsed time   123.7s, curr speed    0.409 kHz, avg speed    0.404 kHz), accepted     8535/   50001 events (17.07%)
Processed    60000/  172404 entries, 34.80% (elapsed time   147.7s, curr speed    0.417 kHz, avg speed    0.406 kHz), accepted    10292/   60001 events (17.15%)
Processed    70000/  172404 entries, 40.60% (elapsed time   173.1s, curr speed    0.393 kHz, avg speed    0.404 kHz), accepted    12212/   70001 events (17.45%)
Processed    80000/  172404 entries, 46.40% (elapsed time   199.7s, curr speed    0.376 kHz, avg speed    0.401 kHz), accepted    14281/   80001 events (17.85%)
Processed    90000/  172404 entries, 52.20% (elapsed time   225.1s, curr speed    0.395 kHz, avg speed    0.400 kHz), accepted    16240/   90001 events (18.04%)
Processed   100000/  172404 entries, 58.00% (elapsed time   248.0s, curr speed    0.436 kHz, avg speed    0.403 kHz), accepted    17967/  100001 events (17.97%)
Processed   110000/  172404 entries, 63.80% (elapsed time   271.2s, curr speed    0.432 kHz, avg speed    0.406 kHz), accepted    19724/  110001 events (17.93%)
Processed   120000/  172404 entries, 69.60% (elapsed time   296.1s, curr speed    0.401 kHz, avg speed    0.405 kHz), accepted    21724/  120001 events (18.10%)
Processed   130000/  172404 entries, 75.40% (elapsed time   320.5s, curr speed    0.411 kHz, avg speed    0.406 kHz), accepted    23674/  130001 events (18.21%)
Processed   140000/  172404 entries, 81.20% (elapsed time   344.4s, curr speed    0.419 kHz, avg speed    0.407 kHz), accepted    25661/  140001 events (18.33%)
Processed   150000/  172404 entries, 87.00% (elapsed time   368.0s, curr speed    0.424 kHz, avg speed    0.408 kHz), accepted    27551/  150001 events (18.37%)
Processed   160000/  172404 entries, 92.81% (elapsed time   391.9s, curr speed    0.417 kHz, avg speed    0.408 kHz), accepted    29504/  160001 events (18.44%)
Processed   170000/  172404 entries, 98.61% (elapsed time   417.4s, curr speed    0.394 kHz, avg speed    0.407 kHz), accepted    31556/  170001 events (18.56%)
Processed 172404 preselected entries from root://cmsxrootd.fnal.gov//store/data/Run2018A/JetHT/NANOAOD/UL2018_MiniAODv2_NanoAODv9-v2/250000/C779C2B0-C636-B54E-A7AB-010606866102.root (2010683 entries). Finally selected 32064 entries
Total time 436.9 sec. to process 2010683 events. Rate = 4602.1 Hz.
Running pwd:
/storage/local/data1/condor/execute/dir_3585
Running ls -alrth:
total 168K
-rw-r--r--  1 shardulr fnalgrid 5.0K Jun 22 20:08 .job.ad
-rw-r--r--  1 shardulr fnalgrid  12K Jun 22 20:08 .machine.ad
-rwx------  1 shardulr fnalgrid   49 Jun 22 20:08 .chirp.config
-rw-------  1 shardulr fnalgrid  11K Jun 22 20:08 x509up
drwxr-xr-x  2 shardulr fnalgrid 4.0K Jun 22 20:08 samples
-rw-r--r--  1 shardulr fnalgrid  62K Jun 22 20:08 singleStopAnalyzer.py
-rw-r--r--  1 shardulr fnalgrid  951 Jun 22 20:08 bJetMatcher.py
-rwxr-xr-x  1 shardulr fnalgrid  704 Jun 22 20:08 condor_exec.exe
-rw-r--r--  1 shardulr fnalgrid    0 Jun 22 20:08 docker_stderror
drwxrwxrwt  2 shardulr fnalgrid 4.0K Jun 22 20:08 tmp
drwxrwxrwt  3 shardulr fnalgrid 4.0K Jun 22 20:08 var
drwxr-xr-x  3 root     root     4.0K Jun 22 20:08 ..
srwxr-xr-x  1 shardulr fnalgrid    0 Jun 22 20:08 .docker_sock
drwxr-xr-x 17 shardulr fnalgrid 4.0K Jun 22 20:09 CMSSW_10_6_19_patch2
drwxr-xr-x  2 shardulr fnalgrid 4.0K Jun 22 20:09 framework
-rw-r--r--  1 shardulr fnalgrid 1.7K Jun 22 20:09 bJetMatcher.pyc
drwxr-xr-x  3 shardulr fnalgrid 4.0K Jun 22 20:09 output
-rw-r--r--  1 shardulr fnalgrid  215 Jun 22 20:09 _condor_stderr
-rw-r--r--  1 shardulr fnalgrid  11K Jun 22 20:12 .update.ad
drwx------  8 shardulr fnalgrid 4.0K Jun 22 20:12 .
-rw-r--r--  1 shardulr fnalgrid 5.0K Jun 22 20:16 _condor_stdout
