[FERMIHTC-APPTAINER]: INFO -- No Apptainer image specified
[FERMIHTC-APPTAINER]: INFO -- Running job on the host machine

[FERMIHTC-APPTAINER]: INFO -- Running ./condor_exec.exe
Starting job on  Thu Jun 22 20:10:57 UTC 2023
Running on: Linux shardulr-32358499-128-cmswn2059.fnal.gov 3.10.0-1160.90.1.el7.x86_64 #1 SMP Thu Apr 27 13:14:20 CDT 2023 x86_64 x86_64 x86_64 GNU/Linux
System software: Scientific Linux release 7.9 (Nitrogen)
Running ls -alrth:
total 156K
-rw-r--r--  1 shardulr fnalgrid 5.0K Jun 22 20:10 .job.ad
-rw-r--r--  1 shardulr fnalgrid  11K Jun 22 20:10 .machine.ad
-rwx------  1 shardulr fnalgrid   49 Jun 22 20:10 .chirp.config
-rw-------  1 shardulr fnalgrid  11K Jun 22 20:10 x509up
drwxr-xr-x  2 shardulr fnalgrid 4.0K Jun 22 20:10 samples
drwxr-xr-x  2 shardulr fnalgrid 4.0K Jun 22 20:10 framework
-rw-r--r--  1 shardulr fnalgrid  62K Jun 22 20:10 singleStopAnalyzer.py
-rwxr-xr-x  1 shardulr fnalgrid  705 Jun 22 20:10 condor_exec.exe
-rw-r--r--  1 shardulr fnalgrid  951 Jun 22 20:10 bJetMatcher.py
-rw-r--r--  1 shardulr fnalgrid    0 Jun 22 20:10 docker_stderror
drwxrwxrwt  3 shardulr fnalgrid 4.0K Jun 22 20:10 var
drwxrwxrwt  2 shardulr fnalgrid 4.0K Jun 22 20:10 tmp
-rw-r--r--  1 shardulr fnalgrid  11K Jun 22 20:10 .update.ad
drwxr-xr-x  3 root     root     4.0K Jun 22 20:10 ..
srwxr-xr-x  1 shardulr fnalgrid    0 Jun 22 20:10 .docker_sock
-rw-r--r--  1 shardulr fnalgrid  113 Jun 22 20:10 _condor_stderr
drwx------  7 shardulr fnalgrid 4.0K Jun 22 20:10 .
drwxr-xr-x 17 shardulr fnalgrid 4.0K Jun 22 20:10 CMSSW_10_6_19_patch2
-rw-r--r--  1 shardulr fnalgrid  454 Jun 22 20:10 _condor_stdout
/storage/local/data1/condor/execute/dir_62287/CMSSW_10_6_19_patch2 is the CMSSW we created on the local worker node
Running over Data2018 files
Blinding data, only using CR cuts (0 loose b's)
Using UL 2018 campaign working points
Pre-select 101626 entries out of 1032624 (9.84%)
Processed    10000/  101626 entries,  9.84% (elapsed time    30.7s, curr speed    0.325 kHz, avg speed    0.325 kHz), accepted     2164/   10001 events (21.64%)
Processed    20000/  101626 entries, 19.68% (elapsed time    58.8s, curr speed    0.357 kHz, avg speed    0.340 kHz), accepted     3963/   20001 events (19.81%)
Processed    30000/  101626 entries, 29.52% (elapsed time    85.4s, curr speed    0.376 kHz, avg speed    0.351 kHz), accepted     5692/   30001 events (18.97%)
Processed    40000/  101626 entries, 39.36% (elapsed time   114.2s, curr speed    0.346 kHz, avg speed    0.350 kHz), accepted     7822/   40001 events (19.55%)
Processed    50000/  101626 entries, 49.20% (elapsed time   144.6s, curr speed    0.329 kHz, avg speed    0.346 kHz), accepted     9949/   50001 events (19.90%)
Processed    60000/  101626 entries, 59.04% (elapsed time   173.4s, curr speed    0.348 kHz, avg speed    0.346 kHz), accepted    11827/   60001 events (19.71%)
Processed    70000/  101626 entries, 68.88% (elapsed time   201.8s, curr speed    0.352 kHz, avg speed    0.347 kHz), accepted    13903/   70001 events (19.86%)
Processed    80000/  101626 entries, 78.72% (elapsed time   229.7s, curr speed    0.359 kHz, avg speed    0.348 kHz), accepted    15862/   80001 events (19.83%)
Processed    90000/  101626 entries, 88.56% (elapsed time   258.3s, curr speed    0.350 kHz, avg speed    0.348 kHz), accepted    17857/   90001 events (19.84%)
Processed   100000/  101626 entries, 98.40% (elapsed time   287.5s, curr speed    0.343 kHz, avg speed    0.348 kHz), accepted    19930/  100001 events (19.93%)
Processed 101626 preselected entries from root://cmsxrootd.fnal.gov//store/data/Run2018A/JetHT/NANOAOD/UL2018_MiniAODv2_NanoAODv9-v2/250000/EBC810B9-34AE-9B4C-8130-C108B5BF3327.root (1032624 entries). Finally selected 20208 entries
Total time 299.7 sec. to process 1032624 events. Rate = 3446.1 Hz.
Running pwd:
/storage/local/data1/condor/execute/dir_62287
Running ls -alrth:
total 164K
-rw-r--r--  1 shardulr fnalgrid 5.0K Jun 22 20:10 .job.ad
-rw-r--r--  1 shardulr fnalgrid  11K Jun 22 20:10 .machine.ad
-rwx------  1 shardulr fnalgrid   49 Jun 22 20:10 .chirp.config
-rw-------  1 shardulr fnalgrid  11K Jun 22 20:10 x509up
drwxr-xr-x  2 shardulr fnalgrid 4.0K Jun 22 20:10 samples
-rw-r--r--  1 shardulr fnalgrid  62K Jun 22 20:10 singleStopAnalyzer.py
-rwxr-xr-x  1 shardulr fnalgrid  705 Jun 22 20:10 condor_exec.exe
-rw-r--r--  1 shardulr fnalgrid  951 Jun 22 20:10 bJetMatcher.py
-rw-r--r--  1 shardulr fnalgrid    0 Jun 22 20:10 docker_stderror
drwxrwxrwt  3 shardulr fnalgrid 4.0K Jun 22 20:10 var
drwxrwxrwt  2 shardulr fnalgrid 4.0K Jun 22 20:10 tmp
drwxr-xr-x  3 root     root     4.0K Jun 22 20:10 ..
srwxr-xr-x  1 shardulr fnalgrid    0 Jun 22 20:10 .docker_sock
drwxr-xr-x 17 shardulr fnalgrid 4.0K Jun 22 20:10 CMSSW_10_6_19_patch2
drwxr-xr-x  2 shardulr fnalgrid 4.0K Jun 22 20:11 framework
-rw-r--r--  1 shardulr fnalgrid 1.7K Jun 22 20:11 bJetMatcher.pyc
drwxr-xr-x  3 shardulr fnalgrid 4.0K Jun 22 20:11 output
-rw-r--r--  1 shardulr fnalgrid  215 Jun 22 20:11 _condor_stderr
-rw-r--r--  1 shardulr fnalgrid  12K Jun 22 20:15 .update.ad
drwx------  8 shardulr fnalgrid 4.0K Jun 22 20:15 .
-rw-r--r--  1 shardulr fnalgrid 3.9K Jun 22 20:16 _condor_stdout
