[FERMIHTC-APPTAINER]: INFO -- No Apptainer image specified
[FERMIHTC-APPTAINER]: INFO -- Running job on the host machine

[FERMIHTC-APPTAINER]: INFO -- Running ./condor_exec.exe
Starting job on  Thu Jun 22 20:18:33 UTC 2023
Running on: Linux shardulr-32358499-479-cmswn2116.fnal.gov 3.10.0-1160.90.1.el7.x86_64 #1 SMP Thu Apr 27 13:14:20 CDT 2023 x86_64 x86_64 x86_64 GNU/Linux
System software: Scientific Linux release 7.9 (Nitrogen)
Running ls -alrth:
total 156K
-rw-r--r--  1 shardulr fnalgrid  11K Jun 22 20:18 .machine.ad
-rw-r--r--  1 shardulr fnalgrid 5.0K Jun 22 20:18 .job.ad
-rwx------  1 shardulr fnalgrid   49 Jun 22 20:18 .chirp.config
-rw-------  1 shardulr fnalgrid  11K Jun 22 20:18 x509up
drwxr-xr-x  2 shardulr fnalgrid 4.0K Jun 22 20:18 samples
drwxr-xr-x  2 shardulr fnalgrid 4.0K Jun 22 20:18 framework
-rw-r--r--  1 shardulr fnalgrid  62K Jun 22 20:18 singleStopAnalyzer.py
-rwxr-xr-x  1 shardulr fnalgrid  705 Jun 22 20:18 condor_exec.exe
-rw-r--r--  1 shardulr fnalgrid  951 Jun 22 20:18 bJetMatcher.py
-rw-r--r--  1 shardulr fnalgrid    0 Jun 22 20:18 docker_stderror
drwxrwxrwt  3 shardulr fnalgrid 4.0K Jun 22 20:18 var
drwxrwxrwt  2 shardulr fnalgrid 4.0K Jun 22 20:18 tmp
-rw-r--r--  1 shardulr fnalgrid  11K Jun 22 20:18 .update.ad
drwxr-xr-x  3 root     root     4.0K Jun 22 20:18 ..
srwxr-xr-x  1 shardulr fnalgrid    0 Jun 22 20:18 .docker_sock
-rw-r--r--  1 shardulr fnalgrid  113 Jun 22 20:18 _condor_stderr
drwx------  7 shardulr fnalgrid 4.0K Jun 22 20:18 .
drwxr-xr-x 17 shardulr fnalgrid 4.0K Jun 22 20:18 CMSSW_10_6_19_patch2
-rw-r--r--  1 shardulr fnalgrid  454 Jun 22 20:18 _condor_stdout
/storage/local/data1/condor/execute/dir_7409/CMSSW_10_6_19_patch2 is the CMSSW we created on the local worker node
Running over Data2018 files
Blinding data, only using CR cuts (0 loose b's)
Using UL 2018 campaign working points
Pre-select 170760 entries out of 187334 (91.15%)
Processed    10000/  170760 entries,  5.86% (elapsed time    44.5s, curr speed    0.225 kHz, avg speed    0.225 kHz), accepted        0/   10001 events ( 0.00%)
Processed    20000/  170760 entries, 11.71% (elapsed time    88.5s, curr speed    0.227 kHz, avg speed    0.226 kHz), accepted        0/   20001 events ( 0.00%)
Processed    30000/  170760 entries, 17.57% (elapsed time   128.6s, curr speed    0.249 kHz, avg speed    0.233 kHz), accepted        0/   30001 events ( 0.00%)
Processed    40000/  170760 entries, 23.42% (elapsed time   170.8s, curr speed    0.237 kHz, avg speed    0.234 kHz), accepted        0/   40001 events ( 0.00%)
Processed    50000/  170760 entries, 29.28% (elapsed time   212.5s, curr speed    0.240 kHz, avg speed    0.235 kHz), accepted        0/   50001 events ( 0.00%)
Processed    60000/  170760 entries, 35.14% (elapsed time   257.3s, curr speed    0.223 kHz, avg speed    0.233 kHz), accepted        1/   60001 events ( 0.00%)
Processed    70000/  170760 entries, 40.99% (elapsed time   302.2s, curr speed    0.223 kHz, avg speed    0.232 kHz), accepted        1/   70001 events ( 0.00%)
Processed    80000/  170760 entries, 46.85% (elapsed time   347.1s, curr speed    0.223 kHz, avg speed    0.231 kHz), accepted        1/   80001 events ( 0.00%)
Processed    90000/  170760 entries, 52.71% (elapsed time   392.1s, curr speed    0.222 kHz, avg speed    0.230 kHz), accepted        1/   90001 events ( 0.00%)
Processed   100000/  170760 entries, 58.56% (elapsed time   437.4s, curr speed    0.221 kHz, avg speed    0.229 kHz), accepted        1/  100001 events ( 0.00%)
Processed   110000/  170760 entries, 64.42% (elapsed time   481.4s, curr speed    0.227 kHz, avg speed    0.228 kHz), accepted        1/  110001 events ( 0.00%)
Processed   120000/  170760 entries, 70.27% (elapsed time   519.3s, curr speed    0.264 kHz, avg speed    0.231 kHz), accepted        1/  120001 events ( 0.00%)
Processed   130000/  170760 entries, 76.13% (elapsed time   554.9s, curr speed    0.281 kHz, avg speed    0.234 kHz), accepted        1/  130001 events ( 0.00%)
Processed   140000/  170760 entries, 81.99% (elapsed time   590.4s, curr speed    0.282 kHz, avg speed    0.237 kHz), accepted        1/  140001 events ( 0.00%)
Processed   150000/  170760 entries, 87.84% (elapsed time   626.3s, curr speed    0.279 kHz, avg speed    0.240 kHz), accepted        1/  150001 events ( 0.00%)
Processed   160000/  170760 entries, 93.70% (elapsed time   660.9s, curr speed    0.289 kHz, avg speed    0.242 kHz), accepted        1/  160001 events ( 0.00%)
Processed   170000/  170760 entries, 99.55% (elapsed time   695.2s, curr speed    0.292 kHz, avg speed    0.245 kHz), accepted        1/  170001 events ( 0.00%)
Processed 170760 preselected entries from root://cmsxrootd.fnal.gov//store/data/Run2018D/JetHT/NANOAOD/UL2018_MiniAODv2_NanoAODv9-v2/2430000/0D8712FF-9DF0-0341-A6CE-A2B4BAB4C176.root (187334 entries). Finally selected 1 entries
Total time 726.6 sec. to process 187334 events. Rate = 257.8 Hz.
Running pwd:
/storage/local/data1/condor/execute/dir_7409
Running ls -alrth:
total 168K
-rw-r--r--  1 shardulr fnalgrid  11K Jun 22 20:18 .machine.ad
-rw-r--r--  1 shardulr fnalgrid 5.0K Jun 22 20:18 .job.ad
-rwx------  1 shardulr fnalgrid   49 Jun 22 20:18 .chirp.config
-rw-------  1 shardulr fnalgrid  11K Jun 22 20:18 x509up
drwxr-xr-x  2 shardulr fnalgrid 4.0K Jun 22 20:18 samples
-rw-r--r--  1 shardulr fnalgrid  62K Jun 22 20:18 singleStopAnalyzer.py
-rwxr-xr-x  1 shardulr fnalgrid  705 Jun 22 20:18 condor_exec.exe
-rw-r--r--  1 shardulr fnalgrid  951 Jun 22 20:18 bJetMatcher.py
-rw-r--r--  1 shardulr fnalgrid    0 Jun 22 20:18 docker_stderror
drwxrwxrwt  3 shardulr fnalgrid 4.0K Jun 22 20:18 var
drwxrwxrwt  2 shardulr fnalgrid 4.0K Jun 22 20:18 tmp
drwxr-xr-x  3 root     root     4.0K Jun 22 20:18 ..
srwxr-xr-x  1 shardulr fnalgrid    0 Jun 22 20:18 .docker_sock
-rw-r--r--  1 shardulr fnalgrid  113 Jun 22 20:18 _condor_stderr
drwxr-xr-x 17 shardulr fnalgrid 4.0K Jun 22 20:18 CMSSW_10_6_19_patch2
drwxr-xr-x  2 shardulr fnalgrid 4.0K Jun 22 20:18 framework
-rw-r--r--  1 shardulr fnalgrid 1.7K Jun 22 20:18 bJetMatcher.pyc
drwxr-xr-x  3 shardulr fnalgrid 4.0K Jun 22 20:18 output
-rw-r--r--  1 shardulr fnalgrid  12K Jun 22 20:30 .update.ad
drwx------  8 shardulr fnalgrid 4.0K Jun 22 20:30 .
-rw-r--r--  1 shardulr fnalgrid 4.9K Jun 22 20:30 _condor_stdout
