[FERMIHTC-APPTAINER]: INFO -- No Apptainer image specified
[FERMIHTC-APPTAINER]: INFO -- Running job on the host machine

[FERMIHTC-APPTAINER]: INFO -- Running ./condor_exec.exe
Starting job on  Thu Jun 22 20:16:54 UTC 2023
Running on: Linux shardulr-32358499-408-cmswn2038.fnal.gov 3.10.0-1160.90.1.el7.x86_64 #1 SMP Thu Apr 27 13:14:20 CDT 2023 x86_64 x86_64 x86_64 GNU/Linux
System software: Scientific Linux release 7.9 (Nitrogen)
Running ls -alrth:
total 164K
-rw-r--r--  1 shardulr fnalgrid 5.0K Jun 22 20:16 .job.ad
-rw-r--r--  1 shardulr fnalgrid  13K Jun 22 20:16 .machine.ad
-rwx------  1 shardulr fnalgrid   49 Jun 22 20:16 .chirp.config
-rw-------  1 shardulr fnalgrid  11K Jun 22 20:16 x509up
drwxr-xr-x  2 shardulr fnalgrid 4.0K Jun 22 20:16 samples
drwxr-xr-x  2 shardulr fnalgrid 4.0K Jun 22 20:16 framework
-rw-r--r--  1 shardulr fnalgrid  62K Jun 22 20:16 singleStopAnalyzer.py
-rw-r--r--  1 shardulr fnalgrid  951 Jun 22 20:16 bJetMatcher.py
-rwxr-xr-x  1 shardulr fnalgrid  705 Jun 22 20:16 condor_exec.exe
-rw-r--r--  1 shardulr fnalgrid    0 Jun 22 20:16 docker_stderror
drwxrwxrwt  3 shardulr fnalgrid 4.0K Jun 22 20:16 var
drwxrwxrwt  2 shardulr fnalgrid 4.0K Jun 22 20:16 tmp
-rw-r--r--  1 shardulr fnalgrid  13K Jun 22 20:16 .update.ad
drwxr-xr-x  3 root     root     4.0K Jun 22 20:16 ..
srwxr-xr-x  1 shardulr fnalgrid    0 Jun 22 20:16 .docker_sock
-rw-r--r--  1 shardulr fnalgrid  113 Jun 22 20:16 _condor_stderr
drwx------  7 shardulr fnalgrid 4.0K Jun 22 20:16 .
drwxr-xr-x 17 shardulr fnalgrid 4.0K Jun 22 20:16 CMSSW_10_6_19_patch2
-rw-r--r--  1 shardulr fnalgrid  454 Jun 22 20:16 _condor_stdout
/storage/local/data1/condor/execute/dir_54304/CMSSW_10_6_19_patch2 is the CMSSW we created on the local worker node
Running over Data2018 files
Blinding data, only using CR cuts (0 loose b's)
Using UL 2018 campaign working points
Pre-select 134517 entries out of 1426595 (9.43%)
Processed    10000/  134517 entries,  7.43% (elapsed time    24.1s, curr speed    0.415 kHz, avg speed    0.415 kHz), accepted     1694/   10001 events (16.94%)
Processed    20000/  134517 entries, 14.87% (elapsed time    47.3s, curr speed    0.431 kHz, avg speed    0.423 kHz), accepted     3362/   20001 events (16.81%)
Processed    30000/  134517 entries, 22.30% (elapsed time    72.2s, curr speed    0.402 kHz, avg speed    0.416 kHz), accepted     5263/   30001 events (17.54%)
Processed    40000/  134517 entries, 29.74% (elapsed time    98.8s, curr speed    0.376 kHz, avg speed    0.405 kHz), accepted     7459/   40001 events (18.65%)
Processed    50000/  134517 entries, 37.17% (elapsed time   126.0s, curr speed    0.367 kHz, avg speed    0.397 kHz), accepted     9673/   50001 events (19.35%)
Processed    60000/  134517 entries, 44.60% (elapsed time   150.0s, curr speed    0.417 kHz, avg speed    0.400 kHz), accepted    11370/   60001 events (18.95%)
Processed    70000/  134517 entries, 52.04% (elapsed time   176.0s, curr speed    0.386 kHz, avg speed    0.398 kHz), accepted    13370/   70001 events (19.10%)
Processed    80000/  134517 entries, 59.47% (elapsed time   202.5s, curr speed    0.376 kHz, avg speed    0.395 kHz), accepted    15500/   80001 events (19.37%)
Processed    90000/  134517 entries, 66.91% (elapsed time   227.1s, curr speed    0.407 kHz, avg speed    0.396 kHz), accepted    17313/   90001 events (19.24%)
Processed   100000/  134517 entries, 74.34% (elapsed time   250.9s, curr speed    0.420 kHz, avg speed    0.399 kHz), accepted    19064/  100001 events (19.06%)
Processed   110000/  134517 entries, 81.77% (elapsed time   276.2s, curr speed    0.396 kHz, avg speed    0.398 kHz), accepted    20942/  110001 events (19.04%)
Processed   120000/  134517 entries, 89.21% (elapsed time   303.0s, curr speed    0.373 kHz, avg speed    0.396 kHz), accepted    23161/  120001 events (19.30%)
Processed   130000/  134517 entries, 96.64% (elapsed time   331.2s, curr speed    0.355 kHz, avg speed    0.393 kHz), accepted    25394/  130001 events (19.53%)
Processed 134517 preselected entries from root://cmsxrootd.fnal.gov//store/data/Run2018D/JetHT/NANOAOD/UL2018_MiniAODv2_NanoAODv9-v2/2810000/FF52D231-673C-094B-9AD2-4BC04AD9A438.root (1426595 entries). Finally selected 26380 entries
Total time 354.9 sec. to process 1426595 events. Rate = 4019.5 Hz.
Running pwd:
/storage/local/data1/condor/execute/dir_54304
Running ls -alrth:
total 176K
-rw-r--r--  1 shardulr fnalgrid 5.0K Jun 22 20:16 .job.ad
-rw-r--r--  1 shardulr fnalgrid  13K Jun 22 20:16 .machine.ad
-rwx------  1 shardulr fnalgrid   49 Jun 22 20:16 .chirp.config
-rw-------  1 shardulr fnalgrid  11K Jun 22 20:16 x509up
drwxr-xr-x  2 shardulr fnalgrid 4.0K Jun 22 20:16 samples
-rw-r--r--  1 shardulr fnalgrid  62K Jun 22 20:16 singleStopAnalyzer.py
-rw-r--r--  1 shardulr fnalgrid  951 Jun 22 20:16 bJetMatcher.py
-rwxr-xr-x  1 shardulr fnalgrid  705 Jun 22 20:16 condor_exec.exe
-rw-r--r--  1 shardulr fnalgrid    0 Jun 22 20:16 docker_stderror
drwxrwxrwt  3 shardulr fnalgrid 4.0K Jun 22 20:16 var
drwxrwxrwt  2 shardulr fnalgrid 4.0K Jun 22 20:16 tmp
drwxr-xr-x  3 root     root     4.0K Jun 22 20:16 ..
srwxr-xr-x  1 shardulr fnalgrid    0 Jun 22 20:16 .docker_sock
drwxr-xr-x 17 shardulr fnalgrid 4.0K Jun 22 20:16 CMSSW_10_6_19_patch2
drwxr-xr-x  2 shardulr fnalgrid 4.0K Jun 22 20:16 framework
-rw-r--r--  1 shardulr fnalgrid 1.7K Jun 22 20:16 bJetMatcher.pyc
drwxr-xr-x  3 shardulr fnalgrid 4.0K Jun 22 20:16 output
-rw-r--r--  1 shardulr fnalgrid  215 Jun 22 20:17 _condor_stderr
-rw-r--r--  1 shardulr fnalgrid  13K Jun 22 20:22 .update.ad
drwx------  8 shardulr fnalgrid 4.0K Jun 22 20:22 .
-rw-r--r--  1 shardulr fnalgrid 4.3K Jun 22 20:22 _condor_stdout
