[FERMIHTC-APPTAINER]: INFO -- No Apptainer image specified
[FERMIHTC-APPTAINER]: INFO -- Running job on the host machine

[FERMIHTC-APPTAINER]: INFO -- Running ./condor_exec.exe
Starting job on  Thu Jun 22 20:10:59 UTC 2023
Running on: Linux shardulr-32358499-135-cmswn2059.fnal.gov 3.10.0-1160.90.1.el7.x86_64 #1 SMP Thu Apr 27 13:14:20 CDT 2023 x86_64 x86_64 x86_64 GNU/Linux
System software: Scientific Linux release 7.9 (Nitrogen)
Running ls -alrth:
total 156K
-rw-r--r--  1 shardulr fnalgrid 5.0K Jun 22 20:10 .job.ad
-rw-r--r--  1 shardulr fnalgrid  11K Jun 22 20:10 .machine.ad
-rwx------  1 shardulr fnalgrid   49 Jun 22 20:10 .chirp.config
-rw-------  1 shardulr fnalgrid  11K Jun 22 20:10 x509up
drwxr-xr-x  2 shardulr fnalgrid 4.0K Jun 22 20:10 samples
drwxr-xr-x  2 shardulr fnalgrid 4.0K Jun 22 20:10 framework
-rw-r--r--  1 shardulr fnalgrid  62K Jun 22 20:10 singleStopAnalyzer.py
-rwxr-xr-x  1 shardulr fnalgrid  705 Jun 22 20:10 condor_exec.exe
-rw-r--r--  1 shardulr fnalgrid  951 Jun 22 20:10 bJetMatcher.py
-rw-r--r--  1 shardulr fnalgrid    0 Jun 22 20:10 docker_stderror
drwxrwxrwt  3 shardulr fnalgrid 4.0K Jun 22 20:10 var
drwxrwxrwt  2 shardulr fnalgrid 4.0K Jun 22 20:10 tmp
-rw-r--r--  1 shardulr fnalgrid  11K Jun 22 20:10 .update.ad
drwxr-xr-x  3 root     root     4.0K Jun 22 20:10 ..
srwxr-xr-x  1 shardulr fnalgrid    0 Jun 22 20:10 .docker_sock
-rw-r--r--  1 shardulr fnalgrid  113 Jun 22 20:11 _condor_stderr
drwx------  7 shardulr fnalgrid 4.0K Jun 22 20:11 .
drwxr-xr-x 17 shardulr fnalgrid 4.0K Jun 22 20:11 CMSSW_10_6_19_patch2
-rw-r--r--  1 shardulr fnalgrid  454 Jun 22 20:11 _condor_stdout
/storage/local/data1/condor/execute/dir_62587/CMSSW_10_6_19_patch2 is the CMSSW we created on the local worker node
Running over Data2018 files
Blinding data, only using CR cuts (0 loose b's)
Using UL 2018 campaign working points
Pre-select 102479 entries out of 1118651 (9.16%)
Processed    10000/  102479 entries,  9.76% (elapsed time    32.6s, curr speed    0.307 kHz, avg speed    0.307 kHz), accepted     1850/   10001 events (18.50%)
Processed    20000/  102479 entries, 19.52% (elapsed time    65.8s, curr speed    0.301 kHz, avg speed    0.304 kHz), accepted     3607/   20001 events (18.03%)
Processed    30000/  102479 entries, 29.27% (elapsed time    98.4s, curr speed    0.306 kHz, avg speed    0.305 kHz), accepted     5388/   30001 events (17.96%)
Processed    40000/  102479 entries, 39.03% (elapsed time   131.8s, curr speed    0.300 kHz, avg speed    0.304 kHz), accepted     7252/   40001 events (18.13%)
Processed    50000/  102479 entries, 48.79% (elapsed time   163.0s, curr speed    0.320 kHz, avg speed    0.307 kHz), accepted     9037/   50001 events (18.07%)
Processed    60000/  102479 entries, 58.55% (elapsed time   193.0s, curr speed    0.334 kHz, avg speed    0.311 kHz), accepted    11034/   60001 events (18.39%)
Processed    70000/  102479 entries, 68.31% (elapsed time   223.1s, curr speed    0.332 kHz, avg speed    0.314 kHz), accepted    12945/   70001 events (18.49%)
Processed    80000/  102479 entries, 78.06% (elapsed time   254.8s, curr speed    0.315 kHz, avg speed    0.314 kHz), accepted    14855/   80001 events (18.57%)
Processed    90000/  102479 entries, 87.82% (elapsed time   287.4s, curr speed    0.307 kHz, avg speed    0.313 kHz), accepted    16918/   90001 events (18.80%)
Processed   100000/  102479 entries, 97.58% (elapsed time   320.8s, curr speed    0.300 kHz, avg speed    0.312 kHz), accepted    19059/  100001 events (19.06%)
Processed 102479 preselected entries from root://cmsxrootd.fnal.gov//store/data/Run2018A/JetHT/NANOAOD/UL2018_MiniAODv2_NanoAODv9-v2/250000/C98865F9-86B9-214A-800A-0AE0447EA3E5.root (1118651 entries). Finally selected 19568 entries
Total time 339.6 sec. to process 1118651 events. Rate = 3294.5 Hz.
Running pwd:
/storage/local/data1/condor/execute/dir_62587
Running ls -alrth:
total 164K
-rw-r--r--  1 shardulr fnalgrid 5.0K Jun 22 20:10 .job.ad
-rw-r--r--  1 shardulr fnalgrid  11K Jun 22 20:10 .machine.ad
-rwx------  1 shardulr fnalgrid   49 Jun 22 20:10 .chirp.config
-rw-------  1 shardulr fnalgrid  11K Jun 22 20:10 x509up
drwxr-xr-x  2 shardulr fnalgrid 4.0K Jun 22 20:10 samples
-rw-r--r--  1 shardulr fnalgrid  62K Jun 22 20:10 singleStopAnalyzer.py
-rwxr-xr-x  1 shardulr fnalgrid  705 Jun 22 20:10 condor_exec.exe
-rw-r--r--  1 shardulr fnalgrid  951 Jun 22 20:10 bJetMatcher.py
-rw-r--r--  1 shardulr fnalgrid    0 Jun 22 20:10 docker_stderror
drwxrwxrwt  3 shardulr fnalgrid 4.0K Jun 22 20:10 var
drwxrwxrwt  2 shardulr fnalgrid 4.0K Jun 22 20:10 tmp
drwxr-xr-x  3 root     root     4.0K Jun 22 20:10 ..
srwxr-xr-x  1 shardulr fnalgrid    0 Jun 22 20:10 .docker_sock
drwxr-xr-x 17 shardulr fnalgrid 4.0K Jun 22 20:11 CMSSW_10_6_19_patch2
drwxr-xr-x  2 shardulr fnalgrid 4.0K Jun 22 20:11 framework
-rw-r--r--  1 shardulr fnalgrid 1.7K Jun 22 20:11 bJetMatcher.pyc
drwxr-xr-x  3 shardulr fnalgrid 4.0K Jun 22 20:11 output
-rw-r--r--  1 shardulr fnalgrid  215 Jun 22 20:11 _condor_stderr
-rw-r--r--  1 shardulr fnalgrid  12K Jun 22 20:16 .update.ad
drwx------  8 shardulr fnalgrid 4.0K Jun 22 20:16 .
-rw-r--r--  1 shardulr fnalgrid 3.9K Jun 22 20:16 _condor_stdout
