[FERMIHTC-APPTAINER]: INFO -- No Apptainer image specified
[FERMIHTC-APPTAINER]: INFO -- Running job on the host machine

[FERMIHTC-APPTAINER]: INFO -- Running ./condor_exec.exe
Starting job on  Thu Jun 22 20:14:01 UTC 2023
Running on: Linux shardulr-32358499-270-cmswn2037.fnal.gov 3.10.0-1160.90.1.el7.x86_64 #1 SMP Thu Apr 27 13:14:20 CDT 2023 x86_64 x86_64 x86_64 GNU/Linux
System software: Scientific Linux release 7.9 (Nitrogen)
Running ls -alrth:
total 164K
-rw-r--r--  1 shardulr fnalgrid 5.0K Jun 22 20:13 .job.ad
-rw-r--r--  1 shardulr fnalgrid  13K Jun 22 20:13 .machine.ad
-rwx------  1 shardulr fnalgrid   49 Jun 22 20:13 .chirp.config
-rw-------  1 shardulr fnalgrid  11K Jun 22 20:13 x509up
drwxr-xr-x  2 shardulr fnalgrid 4.0K Jun 22 20:13 samples
drwxr-xr-x  2 shardulr fnalgrid 4.0K Jun 22 20:13 framework
-rw-r--r--  1 shardulr fnalgrid  62K Jun 22 20:13 singleStopAnalyzer.py
-rwxr-xr-x  1 shardulr fnalgrid  705 Jun 22 20:13 condor_exec.exe
-rw-r--r--  1 shardulr fnalgrid  951 Jun 22 20:13 bJetMatcher.py
-rw-r--r--  1 shardulr fnalgrid    0 Jun 22 20:13 docker_stderror
drwxrwxrwt  3 shardulr fnalgrid 4.0K Jun 22 20:13 var
drwxrwxrwt  2 shardulr fnalgrid 4.0K Jun 22 20:13 tmp
-rw-r--r--  1 shardulr fnalgrid  13K Jun 22 20:13 .update.ad
drwxr-xr-x  3 root     root     4.0K Jun 22 20:13 ..
srwxr-xr-x  1 shardulr fnalgrid    0 Jun 22 20:13 .docker_sock
-rw-r--r--  1 shardulr fnalgrid  113 Jun 22 20:14 _condor_stderr
drwx------  7 shardulr fnalgrid 4.0K Jun 22 20:14 .
drwxr-xr-x 17 shardulr fnalgrid 4.0K Jun 22 20:14 CMSSW_10_6_19_patch2
-rw-r--r--  1 shardulr fnalgrid  454 Jun 22 20:14 _condor_stdout
/storage/local/data1/condor/execute/dir_30849/CMSSW_10_6_19_patch2 is the CMSSW we created on the local worker node
Running over Data2018 files
Blinding data, only using CR cuts (0 loose b's)
Using UL 2018 campaign working points
Pre-select 220408 entries out of 2175553 (10.13%)
Processed    10000/  220408 entries,  4.54% (elapsed time    30.4s, curr speed    0.329 kHz, avg speed    0.329 kHz), accepted     1817/   10001 events (18.17%)
Processed    20000/  220408 entries,  9.07% (elapsed time    60.5s, curr speed    0.333 kHz, avg speed    0.331 kHz), accepted     3623/   20001 events (18.11%)
Processed    30000/  220408 entries, 13.61% (elapsed time    92.1s, curr speed    0.317 kHz, avg speed    0.326 kHz), accepted     5689/   30001 events (18.96%)
Processed    40000/  220408 entries, 18.15% (elapsed time   119.9s, curr speed    0.359 kHz, avg speed    0.334 kHz), accepted     7811/   40001 events (19.53%)
Processed    50000/  220408 entries, 22.69% (elapsed time   152.7s, curr speed    0.305 kHz, avg speed    0.327 kHz), accepted    10097/   50001 events (20.19%)
Processed    60000/  220408 entries, 27.22% (elapsed time   187.7s, curr speed    0.285 kHz, avg speed    0.320 kHz), accepted    12463/   60001 events (20.77%)
Processed    70000/  220408 entries, 31.76% (elapsed time   222.5s, curr speed    0.288 kHz, avg speed    0.315 kHz), accepted    14798/   70001 events (21.14%)
Processed    80000/  220408 entries, 36.30% (elapsed time   256.8s, curr speed    0.292 kHz, avg speed    0.311 kHz), accepted    16854/   80001 events (21.07%)
Processed    90000/  220408 entries, 40.83% (elapsed time   288.4s, curr speed    0.316 kHz, avg speed    0.312 kHz), accepted    18603/   90001 events (20.67%)
Processed   100000/  220408 entries, 45.37% (elapsed time   322.1s, curr speed    0.297 kHz, avg speed    0.311 kHz), accepted    20468/  100001 events (20.47%)
Processed   110000/  220408 entries, 49.91% (elapsed time   354.1s, curr speed    0.312 kHz, avg speed    0.311 kHz), accepted    22300/  110001 events (20.27%)
Processed   120000/  220408 entries, 54.44% (elapsed time   386.7s, curr speed    0.307 kHz, avg speed    0.310 kHz), accepted    24251/  120001 events (20.21%)
Processed   130000/  220408 entries, 58.98% (elapsed time   418.2s, curr speed    0.317 kHz, avg speed    0.311 kHz), accepted    26166/  130001 events (20.13%)
Processed   140000/  220408 entries, 63.52% (elapsed time   451.8s, curr speed    0.297 kHz, avg speed    0.310 kHz), accepted    28255/  140001 events (20.18%)
Processed   150000/  220408 entries, 68.06% (elapsed time   485.2s, curr speed    0.299 kHz, avg speed    0.309 kHz), accepted    30400/  150001 events (20.27%)
Processed   160000/  220408 entries, 72.59% (elapsed time   520.5s, curr speed    0.284 kHz, avg speed    0.307 kHz), accepted    32592/  160001 events (20.37%)
Processed   170000/  220408 entries, 77.13% (elapsed time   556.7s, curr speed    0.276 kHz, avg speed    0.305 kHz), accepted    34938/  170001 events (20.55%)
Processed   180000/  220408 entries, 81.67% (elapsed time   590.3s, curr speed    0.297 kHz, avg speed    0.305 kHz), accepted    36924/  180001 events (20.51%)
Processed   190000/  220408 entries, 86.20% (elapsed time   623.2s, curr speed    0.304 kHz, avg speed    0.305 kHz), accepted    39242/  190001 events (20.65%)
Processed   200000/  220408 entries, 90.74% (elapsed time   655.4s, curr speed    0.310 kHz, avg speed    0.305 kHz), accepted    41514/  200001 events (20.76%)
Processed   210000/  220408 entries, 95.28% (elapsed time   686.5s, curr speed    0.322 kHz, avg speed    0.306 kHz), accepted    43653/  210001 events (20.79%)
Processed   220000/  220408 entries, 99.81% (elapsed time   716.6s, curr speed    0.333 kHz, avg speed    0.307 kHz), accepted    45635/  220001 events (20.74%)
Processed 220408 preselected entries from root://cmsxrootd.fnal.gov//store/data/Run2018D/JetHT/NANOAOD/UL2018_MiniAODv2_NanoAODv9-v2/2540000/C355DB3D-736A-2F4F-B0DF-723C0C9875A6.root (2175553 entries). Finally selected 45719 entries
Total time 738.5 sec. to process 2175553 events. Rate = 2946.1 Hz.
Running pwd:
/storage/local/data1/condor/execute/dir_30849
Running ls -alrth:
total 176K
-rw-r--r--  1 shardulr fnalgrid 5.0K Jun 22 20:13 .job.ad
-rw-r--r--  1 shardulr fnalgrid  13K Jun 22 20:13 .machine.ad
-rwx------  1 shardulr fnalgrid   49 Jun 22 20:13 .chirp.config
-rw-------  1 shardulr fnalgrid  11K Jun 22 20:13 x509up
drwxr-xr-x  2 shardulr fnalgrid 4.0K Jun 22 20:13 samples
-rw-r--r--  1 shardulr fnalgrid  62K Jun 22 20:13 singleStopAnalyzer.py
-rwxr-xr-x  1 shardulr fnalgrid  705 Jun 22 20:13 condor_exec.exe
-rw-r--r--  1 shardulr fnalgrid  951 Jun 22 20:13 bJetMatcher.py
-rw-r--r--  1 shardulr fnalgrid    0 Jun 22 20:13 docker_stderror
drwxrwxrwt  3 shardulr fnalgrid 4.0K Jun 22 20:13 var
drwxrwxrwt  2 shardulr fnalgrid 4.0K Jun 22 20:13 tmp
drwxr-xr-x  3 root     root     4.0K Jun 22 20:13 ..
srwxr-xr-x  1 shardulr fnalgrid    0 Jun 22 20:13 .docker_sock
drwxr-xr-x 17 shardulr fnalgrid 4.0K Jun 22 20:14 CMSSW_10_6_19_patch2
drwxr-xr-x  2 shardulr fnalgrid 4.0K Jun 22 20:14 framework
-rw-r--r--  1 shardulr fnalgrid 1.7K Jun 22 20:14 bJetMatcher.pyc
drwxr-xr-x  3 shardulr fnalgrid 4.0K Jun 22 20:14 output
-rw-r--r--  1 shardulr fnalgrid  215 Jun 22 20:14 _condor_stderr
-rw-r--r--  1 shardulr fnalgrid  13K Jun 22 20:26 .update.ad
drwx------  8 shardulr fnalgrid 4.0K Jun 22 20:26 .
-rw-r--r--  1 shardulr fnalgrid 5.7K Jun 22 20:26 _condor_stdout
