[FERMIHTC-APPTAINER]: INFO -- No Apptainer image specified
[FERMIHTC-APPTAINER]: INFO -- Running job on the host machine

[FERMIHTC-APPTAINER]: INFO -- Running ./condor_exec.exe
Starting job on  Thu Jun 22 20:14:14 UTC 2023
Running on: Linux shardulr-32358499-265-cmswn2061.fnal.gov 3.10.0-1160.90.1.el7.x86_64 #1 SMP Thu Apr 27 13:14:20 CDT 2023 x86_64 x86_64 x86_64 GNU/Linux
System software: Scientific Linux release 7.9 (Nitrogen)
Running ls -alrth:
total 164K
-rw-r--r--  1 shardulr fnalgrid 5.0K Jun 22 20:13 .job.ad
-rw-r--r--  1 shardulr fnalgrid  13K Jun 22 20:13 .machine.ad
-rwx------  1 shardulr fnalgrid   49 Jun 22 20:13 .chirp.config
-rw-------  1 shardulr fnalgrid  11K Jun 22 20:13 x509up
drwxr-xr-x  2 shardulr fnalgrid 4.0K Jun 22 20:13 samples
drwxr-xr-x  2 shardulr fnalgrid 4.0K Jun 22 20:13 framework
-rw-r--r--  1 shardulr fnalgrid  62K Jun 22 20:13 singleStopAnalyzer.py
-rw-r--r--  1 shardulr fnalgrid  951 Jun 22 20:13 bJetMatcher.py
-rwxr-xr-x  1 shardulr fnalgrid  705 Jun 22 20:13 condor_exec.exe
-rw-r--r--  1 shardulr fnalgrid    0 Jun 22 20:13 docker_stderror
drwxrwxrwt  3 shardulr fnalgrid 4.0K Jun 22 20:13 var
drwxrwxrwt  2 shardulr fnalgrid 4.0K Jun 22 20:13 tmp
-rw-r--r--  1 shardulr fnalgrid  13K Jun 22 20:14 .update.ad
drwxr-xr-x  3 root     root     4.0K Jun 22 20:14 ..
srwxr-xr-x  1 shardulr fnalgrid    0 Jun 22 20:14 .docker_sock
-rw-r--r--  1 shardulr fnalgrid  113 Jun 22 20:14 _condor_stderr
drwx------  7 shardulr fnalgrid 4.0K Jun 22 20:14 .
drwxr-xr-x 17 shardulr fnalgrid 4.0K Jun 22 20:14 CMSSW_10_6_19_patch2
-rw-r--r--  1 shardulr fnalgrid  454 Jun 22 20:14 _condor_stdout
/storage/local/data1/condor/execute/dir_28581/CMSSW_10_6_19_patch2 is the CMSSW we created on the local worker node
Running over Data2018 files
Blinding data, only using CR cuts (0 loose b's)
Using UL 2018 campaign working points
Pre-select 179577 entries out of 1781204 (10.08%)
Processed    10000/  179577 entries,  5.57% (elapsed time    33.6s, curr speed    0.297 kHz, avg speed    0.297 kHz), accepted     2215/   10001 events (22.15%)
Processed    20000/  179577 entries, 11.14% (elapsed time    64.8s, curr speed    0.321 kHz, avg speed    0.309 kHz), accepted     4282/   20001 events (21.41%)
Processed    30000/  179577 entries, 16.71% (elapsed time    96.5s, curr speed    0.315 kHz, avg speed    0.311 kHz), accepted     6376/   30001 events (21.25%)
Processed    40000/  179577 entries, 22.27% (elapsed time   127.7s, curr speed    0.321 kHz, avg speed    0.313 kHz), accepted     8314/   40001 events (20.78%)
Processed    50000/  179577 entries, 27.84% (elapsed time   160.7s, curr speed    0.303 kHz, avg speed    0.311 kHz), accepted    10547/   50001 events (21.09%)
Processed    60000/  179577 entries, 33.41% (elapsed time   192.9s, curr speed    0.311 kHz, avg speed    0.311 kHz), accepted    12604/   60001 events (21.01%)
Processed    70000/  179577 entries, 38.98% (elapsed time   224.5s, curr speed    0.316 kHz, avg speed    0.312 kHz), accepted    14507/   70001 events (20.72%)
Processed    80000/  179577 entries, 44.55% (elapsed time   256.9s, curr speed    0.308 kHz, avg speed    0.311 kHz), accepted    16725/   80001 events (20.91%)
Processed    90000/  179577 entries, 50.12% (elapsed time   288.8s, curr speed    0.314 kHz, avg speed    0.312 kHz), accepted    18874/   90001 events (20.97%)
Processed   100000/  179577 entries, 55.69% (elapsed time   321.0s, curr speed    0.310 kHz, avg speed    0.311 kHz), accepted    21110/  100001 events (21.11%)
Processed   110000/  179577 entries, 61.26% (elapsed time   352.3s, curr speed    0.320 kHz, avg speed    0.312 kHz), accepted    22999/  110001 events (20.91%)
Processed   120000/  179577 entries, 66.82% (elapsed time   384.6s, curr speed    0.310 kHz, avg speed    0.312 kHz), accepted    24966/  120001 events (20.80%)
Processed   130000/  179577 entries, 72.39% (elapsed time   415.9s, curr speed    0.319 kHz, avg speed    0.313 kHz), accepted    27018/  130001 events (20.78%)
Processed   140000/  179577 entries, 77.96% (elapsed time   443.0s, curr speed    0.369 kHz, avg speed    0.316 kHz), accepted    28390/  140001 events (20.28%)
Processed   150000/  179577 entries, 83.53% (elapsed time   474.3s, curr speed    0.320 kHz, avg speed    0.316 kHz), accepted    30491/  150001 events (20.33%)
Processed   160000/  179577 entries, 89.10% (elapsed time   505.6s, curr speed    0.319 kHz, avg speed    0.316 kHz), accepted    32526/  160001 events (20.33%)
Processed   170000/  179577 entries, 94.67% (elapsed time   538.9s, curr speed    0.301 kHz, avg speed    0.315 kHz), accepted    34718/  170001 events (20.42%)
Processed 179577 preselected entries from root://cmsxrootd.fnal.gov//store/data/Run2018D/JetHT/NANOAOD/UL2018_MiniAODv2_NanoAODv9-v2/2540000/90060A33-F422-104A-BAF0-76FE01CDBE16.root (1781204 entries). Finally selected 36687 entries
Total time 581.7 sec. to process 1781204 events. Rate = 3061.8 Hz.
Running pwd:
/storage/local/data1/condor/execute/dir_28581
Running ls -alrth:
total 176K
-rw-r--r--  1 shardulr fnalgrid 5.0K Jun 22 20:13 .job.ad
-rw-r--r--  1 shardulr fnalgrid  13K Jun 22 20:13 .machine.ad
-rwx------  1 shardulr fnalgrid   49 Jun 22 20:13 .chirp.config
-rw-------  1 shardulr fnalgrid  11K Jun 22 20:13 x509up
drwxr-xr-x  2 shardulr fnalgrid 4.0K Jun 22 20:13 samples
-rw-r--r--  1 shardulr fnalgrid  62K Jun 22 20:13 singleStopAnalyzer.py
-rw-r--r--  1 shardulr fnalgrid  951 Jun 22 20:13 bJetMatcher.py
-rwxr-xr-x  1 shardulr fnalgrid  705 Jun 22 20:13 condor_exec.exe
-rw-r--r--  1 shardulr fnalgrid    0 Jun 22 20:13 docker_stderror
drwxrwxrwt  3 shardulr fnalgrid 4.0K Jun 22 20:13 var
drwxrwxrwt  2 shardulr fnalgrid 4.0K Jun 22 20:13 tmp
drwxr-xr-x  3 root     root     4.0K Jun 22 20:14 ..
srwxr-xr-x  1 shardulr fnalgrid    0 Jun 22 20:14 .docker_sock
drwxr-xr-x 17 shardulr fnalgrid 4.0K Jun 22 20:14 CMSSW_10_6_19_patch2
drwxr-xr-x  2 shardulr fnalgrid 4.0K Jun 22 20:14 framework
-rw-r--r--  1 shardulr fnalgrid 1.7K Jun 22 20:14 bJetMatcher.pyc
drwxr-xr-x  3 shardulr fnalgrid 4.0K Jun 22 20:14 output
-rw-r--r--  1 shardulr fnalgrid  215 Jun 22 20:14 _condor_stderr
-rw-r--r--  1 shardulr fnalgrid  13K Jun 22 20:24 .update.ad
drwx------  8 shardulr fnalgrid 4.0K Jun 22 20:24 .
-rw-r--r--  1 shardulr fnalgrid 5.0K Jun 22 20:24 _condor_stdout
