[FERMIHTC-APPTAINER]: INFO -- No Apptainer image specified
[FERMIHTC-APPTAINER]: INFO -- Running job on the host machine

[FERMIHTC-APPTAINER]: INFO -- Running ./condor_exec.exe
Starting job on  Thu Jun 22 20:12:56 UTC 2023
Running on: Linux shardulr-32358499-202-cmswn2061.fnal.gov 3.10.0-1160.90.1.el7.x86_64 #1 SMP Thu Apr 27 13:14:20 CDT 2023 x86_64 x86_64 x86_64 GNU/Linux
System software: Scientific Linux release 7.9 (Nitrogen)
Running ls -alrth:
total 156K
-rw-r--r--  1 shardulr fnalgrid 5.0K Jun 22 20:11 .job.ad
-rw-r--r--  1 shardulr fnalgrid  12K Jun 22 20:11 .machine.ad
-rwx------  1 shardulr fnalgrid   49 Jun 22 20:11 .chirp.config
-rw-------  1 shardulr fnalgrid  11K Jun 22 20:11 x509up
drwxr-xr-x  2 shardulr fnalgrid 4.0K Jun 22 20:11 samples
drwxr-xr-x  2 shardulr fnalgrid 4.0K Jun 22 20:11 framework
-rw-r--r--  1 shardulr fnalgrid  62K Jun 22 20:11 singleStopAnalyzer.py
-rwxr-xr-x  1 shardulr fnalgrid  705 Jun 22 20:11 condor_exec.exe
-rw-r--r--  1 shardulr fnalgrid  951 Jun 22 20:11 bJetMatcher.py
-rw-r--r--  1 shardulr fnalgrid    0 Jun 22 20:11 docker_stderror
drwxrwxrwt  2 shardulr fnalgrid 4.0K Jun 22 20:11 tmp
drwxrwxrwt  3 shardulr fnalgrid 4.0K Jun 22 20:11 var
drwxr-xr-x  3 root     root     4.0K Jun 22 20:11 ..
srwxr-xr-x  1 shardulr fnalgrid    0 Jun 22 20:11 .docker_sock
-rw-r--r--  1 shardulr fnalgrid  12K Jun 22 20:12 .update.ad
-rw-r--r--  1 shardulr fnalgrid  113 Jun 22 20:12 _condor_stderr
drwx------  7 shardulr fnalgrid 4.0K Jun 22 20:12 .
drwxr-xr-x 17 shardulr fnalgrid 4.0K Jun 22 20:12 CMSSW_10_6_19_patch2
-rw-r--r--  1 shardulr fnalgrid  454 Jun 22 20:12 _condor_stdout
/storage/local/data1/condor/execute/dir_22995/CMSSW_10_6_19_patch2 is the CMSSW we created on the local worker node
Running over Data2018 files
Blinding data, only using CR cuts (0 loose b's)
Using UL 2018 campaign working points
Pre-select 69280 entries out of 672484 (10.30%)
Processed    10000/   69280 entries, 14.43% (elapsed time    25.7s, curr speed    0.390 kHz, avg speed    0.390 kHz), accepted     1560/   10001 events (15.60%)
Processed    20000/   69280 entries, 28.87% (elapsed time    57.4s, curr speed    0.315 kHz, avg speed    0.348 kHz), accepted     3619/   20001 events (18.09%)
Processed    30000/   69280 entries, 43.30% (elapsed time    84.9s, curr speed    0.364 kHz, avg speed    0.353 kHz), accepted     4946/   30001 events (16.49%)
Processed    40000/   69280 entries, 57.74% (elapsed time   114.5s, curr speed    0.338 kHz, avg speed    0.349 kHz), accepted     6539/   40001 events (16.35%)
Processed    50000/   69280 entries, 72.17% (elapsed time   145.5s, curr speed    0.323 kHz, avg speed    0.344 kHz), accepted     8366/   50001 events (16.73%)
Processed    60000/   69280 entries, 86.61% (elapsed time   177.5s, curr speed    0.312 kHz, avg speed    0.338 kHz), accepted    10339/   60001 events (17.23%)
Processed 69280 preselected entries from root://cmsxrootd.fnal.gov//store/data/Run2018C/JetHT/NANOAOD/UL2018_MiniAODv2_NanoAODv9-v1/130000/40B5772A-F042-2747-BCF8-627959EFB1C9.root (672484 entries). Finally selected 11782 entries
Total time 210.1 sec. to process 672484 events. Rate = 3200.3 Hz.
Running pwd:
/storage/local/data1/condor/execute/dir_22995
Running ls -alrth:
total 168K
-rw-r--r--  1 shardulr fnalgrid 5.0K Jun 22 20:11 .job.ad
-rw-r--r--  1 shardulr fnalgrid  12K Jun 22 20:11 .machine.ad
-rwx------  1 shardulr fnalgrid   49 Jun 22 20:11 .chirp.config
-rw-------  1 shardulr fnalgrid  11K Jun 22 20:11 x509up
drwxr-xr-x  2 shardulr fnalgrid 4.0K Jun 22 20:11 samples
-rw-r--r--  1 shardulr fnalgrid  62K Jun 22 20:11 singleStopAnalyzer.py
-rwxr-xr-x  1 shardulr fnalgrid  705 Jun 22 20:11 condor_exec.exe
-rw-r--r--  1 shardulr fnalgrid  951 Jun 22 20:11 bJetMatcher.py
-rw-r--r--  1 shardulr fnalgrid    0 Jun 22 20:11 docker_stderror
drwxrwxrwt  2 shardulr fnalgrid 4.0K Jun 22 20:11 tmp
drwxrwxrwt  3 shardulr fnalgrid 4.0K Jun 22 20:11 var
drwxr-xr-x  3 root     root     4.0K Jun 22 20:11 ..
srwxr-xr-x  1 shardulr fnalgrid    0 Jun 22 20:11 .docker_sock
drwxr-xr-x 17 shardulr fnalgrid 4.0K Jun 22 20:12 CMSSW_10_6_19_patch2
drwxr-xr-x  2 shardulr fnalgrid 4.0K Jun 22 20:13 framework
-rw-r--r--  1 shardulr fnalgrid 1.7K Jun 22 20:13 bJetMatcher.pyc
drwxr-xr-x  3 shardulr fnalgrid 4.0K Jun 22 20:13 output
-rw-r--r--  1 shardulr fnalgrid  215 Jun 22 20:13 _condor_stderr
-rw-r--r--  1 shardulr fnalgrid  13K Jun 22 20:16 .update.ad
drwx------  8 shardulr fnalgrid 4.0K Jun 22 20:16 .
-rw-r--r--  1 shardulr fnalgrid 3.2K Jun 22 20:16 _condor_stdout
