[FERMIHTC-APPTAINER]: INFO -- No Apptainer image specified
[FERMIHTC-APPTAINER]: INFO -- Running job on the host machine

[FERMIHTC-APPTAINER]: INFO -- Running ./condor_exec.exe
Starting job on  Thu Jun 22 20:14:24 UTC 2023
Running on: Linux shardulr-32358499-288-cmswn2116.fnal.gov 3.10.0-1160.90.1.el7.x86_64 #1 SMP Thu Apr 27 13:14:20 CDT 2023 x86_64 x86_64 x86_64 GNU/Linux
System software: Scientific Linux release 7.9 (Nitrogen)
Running ls -alrth:
total 156K
-rw-r--r--  1 shardulr fnalgrid  11K Jun 22 20:14 .machine.ad
-rw-r--r--  1 shardulr fnalgrid 5.0K Jun 22 20:14 .job.ad
-rwx------  1 shardulr fnalgrid   49 Jun 22 20:14 .chirp.config
-rw-------  1 shardulr fnalgrid  11K Jun 22 20:14 x509up
drwxr-xr-x  2 shardulr fnalgrid 4.0K Jun 22 20:14 samples
drwxr-xr-x  2 shardulr fnalgrid 4.0K Jun 22 20:14 framework
-rw-r--r--  1 shardulr fnalgrid  62K Jun 22 20:14 singleStopAnalyzer.py
-rw-r--r--  1 shardulr fnalgrid  951 Jun 22 20:14 bJetMatcher.py
-rwxr-xr-x  1 shardulr fnalgrid  705 Jun 22 20:14 condor_exec.exe
-rw-r--r--  1 shardulr fnalgrid    0 Jun 22 20:14 docker_stderror
drwxrwxrwt  3 shardulr fnalgrid 4.0K Jun 22 20:14 var
drwxrwxrwt  2 shardulr fnalgrid 4.0K Jun 22 20:14 tmp
-rw-r--r--  1 shardulr fnalgrid  11K Jun 22 20:14 .update.ad
drwxr-xr-x  3 root     root     4.0K Jun 22 20:14 ..
srwxr-xr-x  1 shardulr fnalgrid    0 Jun 22 20:14 .docker_sock
-rw-r--r--  1 shardulr fnalgrid  113 Jun 22 20:14 _condor_stderr
drwx------  7 shardulr fnalgrid 4.0K Jun 22 20:14 .
drwxr-xr-x 17 shardulr fnalgrid 4.0K Jun 22 20:14 CMSSW_10_6_19_patch2
-rw-r--r--  1 shardulr fnalgrid  454 Jun 22 20:14 _condor_stdout
/storage/local/data1/condor/execute/dir_2360/CMSSW_10_6_19_patch2 is the CMSSW we created on the local worker node
Running over Data2018 files
Blinding data, only using CR cuts (0 loose b's)
Using UL 2018 campaign working points
Pre-select 232792 entries out of 2362569 (9.85%)
Processed    10000/  232792 entries,  4.30% (elapsed time    31.7s, curr speed    0.316 kHz, avg speed    0.316 kHz), accepted     2221/   10001 events (22.21%)
Processed    20000/  232792 entries,  8.59% (elapsed time    62.8s, curr speed    0.321 kHz, avg speed    0.318 kHz), accepted     4441/   20001 events (22.20%)
Processed    30000/  232792 entries, 12.89% (elapsed time    92.3s, curr speed    0.339 kHz, avg speed    0.325 kHz), accepted     6380/   30001 events (21.27%)
Processed    40000/  232792 entries, 17.18% (elapsed time   121.3s, curr speed    0.345 kHz, avg speed    0.330 kHz), accepted     8125/   40001 events (20.31%)
Processed    50000/  232792 entries, 21.48% (elapsed time   150.8s, curr speed    0.340 kHz, avg speed    0.332 kHz), accepted     9980/   50001 events (19.96%)
Processed    60000/  232792 entries, 25.77% (elapsed time   180.8s, curr speed    0.333 kHz, avg speed    0.332 kHz), accepted    11931/   60001 events (19.88%)
Processed    70000/  232792 entries, 30.07% (elapsed time   211.3s, curr speed    0.328 kHz, avg speed    0.331 kHz), accepted    13932/   70001 events (19.90%)
Processed    80000/  232792 entries, 34.37% (elapsed time   241.1s, curr speed    0.336 kHz, avg speed    0.332 kHz), accepted    15862/   80001 events (19.83%)
Processed    90000/  232792 entries, 38.66% (elapsed time   272.1s, curr speed    0.322 kHz, avg speed    0.331 kHz), accepted    17897/   90001 events (19.89%)
Processed   100000/  232792 entries, 42.96% (elapsed time   303.4s, curr speed    0.320 kHz, avg speed    0.330 kHz), accepted    20069/  100001 events (20.07%)
Processed   110000/  232792 entries, 47.25% (elapsed time   334.1s, curr speed    0.325 kHz, avg speed    0.329 kHz), accepted    22222/  110001 events (20.20%)
Processed   120000/  232792 entries, 51.55% (elapsed time   363.1s, curr speed    0.346 kHz, avg speed    0.331 kHz), accepted    24254/  120001 events (20.21%)
Processed   130000/  232792 entries, 55.84% (elapsed time   390.0s, curr speed    0.371 kHz, avg speed    0.333 kHz), accepted    26245/  130001 events (20.19%)
Processed   140000/  232792 entries, 60.14% (elapsed time   415.5s, curr speed    0.393 kHz, avg speed    0.337 kHz), accepted    28253/  140001 events (20.18%)
Processed   150000/  232792 entries, 64.44% (elapsed time   440.4s, curr speed    0.401 kHz, avg speed    0.341 kHz), accepted    30196/  150001 events (20.13%)
Processed   160000/  232792 entries, 68.73% (elapsed time   466.1s, curr speed    0.389 kHz, avg speed    0.343 kHz), accepted    32406/  160001 events (20.25%)
Processed   170000/  232792 entries, 73.03% (elapsed time   495.8s, curr speed    0.337 kHz, avg speed    0.343 kHz), accepted    34560/  170001 events (20.33%)
Processed   180000/  232792 entries, 77.32% (elapsed time   525.4s, curr speed    0.338 kHz, avg speed    0.343 kHz), accepted    36622/  180001 events (20.35%)
Processed   190000/  232792 entries, 81.62% (elapsed time   554.1s, curr speed    0.348 kHz, avg speed    0.343 kHz), accepted    38474/  190001 events (20.25%)
Processed   200000/  232792 entries, 85.91% (elapsed time   583.1s, curr speed    0.345 kHz, avg speed    0.343 kHz), accepted    40385/  200001 events (20.19%)
Processed   210000/  232792 entries, 90.21% (elapsed time   613.5s, curr speed    0.329 kHz, avg speed    0.342 kHz), accepted    42506/  210001 events (20.24%)
Processed   220000/  232792 entries, 94.50% (elapsed time   644.8s, curr speed    0.319 kHz, avg speed    0.341 kHz), accepted    44831/  220001 events (20.38%)
Processed   230000/  232792 entries, 98.80% (elapsed time   675.8s, curr speed    0.323 kHz, avg speed    0.340 kHz), accepted    47105/  230001 events (20.48%)
Processed 232792 preselected entries from root://cmsxrootd.fnal.gov//store/data/Run2018D/JetHT/NANOAOD/UL2018_MiniAODv2_NanoAODv9-v2/2540000/FE76A7E9-46B3-6F45-85F0-C88E1251220A.root (2362569 entries). Finally selected 47796 entries
Total time 701.4 sec. to process 2362569 events. Rate = 3368.1 Hz.
Running pwd:
/storage/local/data1/condor/execute/dir_2360
Running ls -alrth:
total 168K
-rw-r--r--  1 shardulr fnalgrid  11K Jun 22 20:14 .machine.ad
-rw-r--r--  1 shardulr fnalgrid 5.0K Jun 22 20:14 .job.ad
-rwx------  1 shardulr fnalgrid   49 Jun 22 20:14 .chirp.config
-rw-------  1 shardulr fnalgrid  11K Jun 22 20:14 x509up
drwxr-xr-x  2 shardulr fnalgrid 4.0K Jun 22 20:14 samples
-rw-r--r--  1 shardulr fnalgrid  62K Jun 22 20:14 singleStopAnalyzer.py
-rw-r--r--  1 shardulr fnalgrid  951 Jun 22 20:14 bJetMatcher.py
-rwxr-xr-x  1 shardulr fnalgrid  705 Jun 22 20:14 condor_exec.exe
-rw-r--r--  1 shardulr fnalgrid    0 Jun 22 20:14 docker_stderror
drwxrwxrwt  3 shardulr fnalgrid 4.0K Jun 22 20:14 var
drwxrwxrwt  2 shardulr fnalgrid 4.0K Jun 22 20:14 tmp
drwxr-xr-x  3 root     root     4.0K Jun 22 20:14 ..
srwxr-xr-x  1 shardulr fnalgrid    0 Jun 22 20:14 .docker_sock
drwxr-xr-x 17 shardulr fnalgrid 4.0K Jun 22 20:14 CMSSW_10_6_19_patch2
drwxr-xr-x  2 shardulr fnalgrid 4.0K Jun 22 20:14 framework
-rw-r--r--  1 shardulr fnalgrid 1.7K Jun 22 20:14 bJetMatcher.pyc
drwxr-xr-x  3 shardulr fnalgrid 4.0K Jun 22 20:14 output
-rw-r--r--  1 shardulr fnalgrid  215 Jun 22 20:14 _condor_stderr
-rw-r--r--  1 shardulr fnalgrid  11K Jun 22 20:25 .update.ad
drwx------  8 shardulr fnalgrid 4.0K Jun 22 20:25 .
-rw-r--r--  1 shardulr fnalgrid 5.9K Jun 22 20:26 _condor_stdout
