[FERMIHTC-APPTAINER]: INFO -- No Apptainer image specified
[FERMIHTC-APPTAINER]: INFO -- Running job on the host machine

[FERMIHTC-APPTAINER]: INFO -- Running ./condor_exec.exe
Starting job on  Thu Jun 22 20:16:51 UTC 2023
Running on: Linux shardulr-32358499-401-cmswn2116.fnal.gov 3.10.0-1160.90.1.el7.x86_64 #1 SMP Thu Apr 27 13:14:20 CDT 2023 x86_64 x86_64 x86_64 GNU/Linux
System software: Scientific Linux release 7.9 (Nitrogen)
Running ls -alrth:
total 156K
-rw-r--r--  1 shardulr fnalgrid 5.0K Jun 22 20:16 .job.ad
-rw-r--r--  1 shardulr fnalgrid  11K Jun 22 20:16 .machine.ad
-rwx------  1 shardulr fnalgrid   49 Jun 22 20:16 .chirp.config
-rw-------  1 shardulr fnalgrid  11K Jun 22 20:16 x509up
drwxr-xr-x  2 shardulr fnalgrid 4.0K Jun 22 20:16 samples
drwxr-xr-x  2 shardulr fnalgrid 4.0K Jun 22 20:16 framework
-rw-r--r--  1 shardulr fnalgrid  62K Jun 22 20:16 singleStopAnalyzer.py
-rwxr-xr-x  1 shardulr fnalgrid  705 Jun 22 20:16 condor_exec.exe
-rw-r--r--  1 shardulr fnalgrid  951 Jun 22 20:16 bJetMatcher.py
-rw-r--r--  1 shardulr fnalgrid    0 Jun 22 20:16 docker_stderror
drwxrwxrwt  3 shardulr fnalgrid 4.0K Jun 22 20:16 var
drwxrwxrwt  2 shardulr fnalgrid 4.0K Jun 22 20:16 tmp
-rw-r--r--  1 shardulr fnalgrid  11K Jun 22 20:16 .update.ad
drwxr-xr-x  3 root     root     4.0K Jun 22 20:16 ..
srwxr-xr-x  1 shardulr fnalgrid    0 Jun 22 20:16 .docker_sock
-rw-r--r--  1 shardulr fnalgrid  113 Jun 22 20:16 _condor_stderr
drwx------  7 shardulr fnalgrid 4.0K Jun 22 20:16 .
drwxr-xr-x 17 shardulr fnalgrid 4.0K Jun 22 20:16 CMSSW_10_6_19_patch2
-rw-r--r--  1 shardulr fnalgrid  454 Jun 22 20:16 _condor_stdout
/storage/local/data1/condor/execute/dir_5619/CMSSW_10_6_19_patch2 is the CMSSW we created on the local worker node
Running over Data2018 files
Blinding data, only using CR cuts (0 loose b's)
Using UL 2018 campaign working points
Pre-select 216964 entries out of 2169366 (10.00%)
Processed    10000/  216964 entries,  4.61% (elapsed time    33.3s, curr speed    0.300 kHz, avg speed    0.300 kHz), accepted     2311/   10001 events (23.11%)
Processed    20000/  216964 entries,  9.22% (elapsed time    66.2s, curr speed    0.304 kHz, avg speed    0.302 kHz), accepted     4597/   20001 events (22.98%)
Processed    30000/  216964 entries, 13.83% (elapsed time    99.6s, curr speed    0.299 kHz, avg speed    0.301 kHz), accepted     6884/   30001 events (22.95%)
Processed    40000/  216964 entries, 18.44% (elapsed time   132.5s, curr speed    0.304 kHz, avg speed    0.302 kHz), accepted     9124/   40001 events (22.81%)
Processed    50000/  216964 entries, 23.05% (elapsed time   165.3s, curr speed    0.305 kHz, avg speed    0.302 kHz), accepted    11314/   50001 events (22.63%)
Processed    60000/  216964 entries, 27.65% (elapsed time   197.9s, curr speed    0.307 kHz, avg speed    0.303 kHz), accepted    13548/   60001 events (22.58%)
Processed    70000/  216964 entries, 32.26% (elapsed time   230.4s, curr speed    0.307 kHz, avg speed    0.304 kHz), accepted    15751/   70001 events (22.50%)
Processed    80000/  216964 entries, 36.87% (elapsed time   260.3s, curr speed    0.335 kHz, avg speed    0.307 kHz), accepted    17535/   80001 events (21.92%)
Processed    90000/  216964 entries, 41.48% (elapsed time   290.2s, curr speed    0.334 kHz, avg speed    0.310 kHz), accepted    19360/   90001 events (21.51%)
Processed   100000/  216964 entries, 46.09% (elapsed time   319.9s, curr speed    0.337 kHz, avg speed    0.313 kHz), accepted    21138/  100001 events (21.14%)
Processed   110000/  216964 entries, 50.70% (elapsed time   349.8s, curr speed    0.334 kHz, avg speed    0.314 kHz), accepted    22886/  110001 events (20.81%)
Processed   120000/  216964 entries, 55.31% (elapsed time   379.8s, curr speed    0.333 kHz, avg speed    0.316 kHz), accepted    24643/  120001 events (20.54%)
Processed   130000/  216964 entries, 59.92% (elapsed time   407.5s, curr speed    0.362 kHz, avg speed    0.319 kHz), accepted    26132/  130001 events (20.10%)
Processed   140000/  216964 entries, 64.53% (elapsed time   437.5s, curr speed    0.333 kHz, avg speed    0.320 kHz), accepted    27875/  140001 events (19.91%)
Processed   150000/  216964 entries, 69.14% (elapsed time   462.4s, curr speed    0.401 kHz, avg speed    0.324 kHz), accepted    29542/  150001 events (19.69%)
Processed   160000/  216964 entries, 73.74% (elapsed time   489.8s, curr speed    0.365 kHz, avg speed    0.327 kHz), accepted    31281/  160001 events (19.55%)
Processed   170000/  216964 entries, 78.35% (elapsed time   517.3s, curr speed    0.364 kHz, avg speed    0.329 kHz), accepted    33028/  170001 events (19.43%)
Processed   180000/  216964 entries, 82.96% (elapsed time   542.2s, curr speed    0.401 kHz, avg speed    0.332 kHz), accepted    34765/  180001 events (19.31%)
Processed   190000/  216964 entries, 87.57% (elapsed time   569.3s, curr speed    0.369 kHz, avg speed    0.334 kHz), accepted    36798/  190001 events (19.37%)
Processed   200000/  216964 entries, 92.18% (elapsed time   596.1s, curr speed    0.373 kHz, avg speed    0.336 kHz), accepted    38901/  200001 events (19.45%)
Processed   210000/  216964 entries, 96.79% (elapsed time   622.4s, curr speed    0.380 kHz, avg speed    0.337 kHz), accepted    40971/  210001 events (19.51%)
Processed 216964 preselected entries from root://cmsxrootd.fnal.gov//store/data/Run2018D/JetHT/NANOAOD/UL2018_MiniAODv2_NanoAODv9-v2/2810000/90E44735-E809-8745-89E8-265ABBB501D0.root (2169366 entries). Finally selected 42486 entries
Total time 652.3 sec. to process 2169366 events. Rate = 3325.9 Hz.
Running pwd:
/storage/local/data1/condor/execute/dir_5619
Running ls -alrth:
total 168K
-rw-r--r--  1 shardulr fnalgrid 5.0K Jun 22 20:16 .job.ad
-rw-r--r--  1 shardulr fnalgrid  11K Jun 22 20:16 .machine.ad
-rwx------  1 shardulr fnalgrid   49 Jun 22 20:16 .chirp.config
-rw-------  1 shardulr fnalgrid  11K Jun 22 20:16 x509up
drwxr-xr-x  2 shardulr fnalgrid 4.0K Jun 22 20:16 samples
-rw-r--r--  1 shardulr fnalgrid  62K Jun 22 20:16 singleStopAnalyzer.py
-rwxr-xr-x  1 shardulr fnalgrid  705 Jun 22 20:16 condor_exec.exe
-rw-r--r--  1 shardulr fnalgrid  951 Jun 22 20:16 bJetMatcher.py
-rw-r--r--  1 shardulr fnalgrid    0 Jun 22 20:16 docker_stderror
drwxrwxrwt  3 shardulr fnalgrid 4.0K Jun 22 20:16 var
drwxrwxrwt  2 shardulr fnalgrid 4.0K Jun 22 20:16 tmp
drwxr-xr-x  3 root     root     4.0K Jun 22 20:16 ..
srwxr-xr-x  1 shardulr fnalgrid    0 Jun 22 20:16 .docker_sock
drwxr-xr-x 17 shardulr fnalgrid 4.0K Jun 22 20:16 CMSSW_10_6_19_patch2
drwxr-xr-x  2 shardulr fnalgrid 4.0K Jun 22 20:16 framework
-rw-r--r--  1 shardulr fnalgrid 1.7K Jun 22 20:16 bJetMatcher.pyc
drwxr-xr-x  3 shardulr fnalgrid 4.0K Jun 22 20:16 output
-rw-r--r--  1 shardulr fnalgrid  215 Jun 22 20:16 _condor_stderr
-rw-r--r--  1 shardulr fnalgrid  11K Jun 22 20:27 .update.ad
drwx------  8 shardulr fnalgrid 4.0K Jun 22 20:27 .
-rw-r--r--  1 shardulr fnalgrid 5.6K Jun 22 20:27 _condor_stdout
