[FERMIHTC-APPTAINER]: INFO -- No Apptainer image specified
[FERMIHTC-APPTAINER]: INFO -- Running job on the host machine

[FERMIHTC-APPTAINER]: INFO -- Running ./condor_exec.exe
Starting job on  Thu Jun 22 20:14:55 UTC 2023
Running on: Linux shardulr-32358499-300-cmswn2084.fnal.gov 3.10.0-1160.90.1.el7.x86_64 #1 SMP Thu Apr 27 13:14:20 CDT 2023 x86_64 x86_64 x86_64 GNU/Linux
System software: Scientific Linux release 7.9 (Nitrogen)
Running ls -alrth:
total 164K
-rw-r--r--  1 shardulr fnalgrid 5.0K Jun 22 20:14 .job.ad
-rw-r--r--  1 shardulr fnalgrid  14K Jun 22 20:14 .machine.ad
-rwx------  1 shardulr fnalgrid   49 Jun 22 20:14 .chirp.config
-rw-------  1 shardulr fnalgrid  11K Jun 22 20:14 x509up
drwxr-xr-x  2 shardulr fnalgrid 4.0K Jun 22 20:14 samples
drwxr-xr-x  2 shardulr fnalgrid 4.0K Jun 22 20:14 framework
-rw-r--r--  1 shardulr fnalgrid  62K Jun 22 20:14 singleStopAnalyzer.py
-rw-r--r--  1 shardulr fnalgrid  951 Jun 22 20:14 bJetMatcher.py
-rwxr-xr-x  1 shardulr fnalgrid  705 Jun 22 20:14 condor_exec.exe
-rw-r--r--  1 shardulr fnalgrid    0 Jun 22 20:14 docker_stderror
drwxrwxrwt  2 shardulr fnalgrid 4.0K Jun 22 20:14 tmp
drwxrwxrwt  3 shardulr fnalgrid 4.0K Jun 22 20:14 var
drwxr-xr-x  3 root     root     4.0K Jun 22 20:14 ..
-rw-r--r--  1 shardulr fnalgrid  13K Jun 22 20:14 .update.ad
srwxr-xr-x  1 shardulr fnalgrid    0 Jun 22 20:14 .docker_sock
-rw-r--r--  1 shardulr fnalgrid  113 Jun 22 20:14 _condor_stderr
drwx------  7 shardulr fnalgrid 4.0K Jun 22 20:14 .
drwxr-xr-x 17 shardulr fnalgrid 4.0K Jun 22 20:14 CMSSW_10_6_19_patch2
-rw-r--r--  1 shardulr fnalgrid  454 Jun 22 20:14 _condor_stdout
/storage/local/data1/condor/execute/dir_22285/CMSSW_10_6_19_patch2 is the CMSSW we created on the local worker node
Running over Data2018 files
Blinding data, only using CR cuts (0 loose b's)
Using UL 2018 campaign working points
Pre-select 77159 entries out of 795468 (9.70%)
Processed    10000/   77159 entries, 12.96% (elapsed time    24.9s, curr speed    0.402 kHz, avg speed    0.402 kHz), accepted     1655/   10001 events (16.55%)
Processed    20000/   77159 entries, 25.92% (elapsed time    50.3s, curr speed    0.394 kHz, avg speed    0.398 kHz), accepted     3469/   20001 events (17.34%)
Processed    30000/   77159 entries, 38.88% (elapsed time    76.2s, curr speed    0.385 kHz, avg speed    0.394 kHz), accepted     5340/   30001 events (17.80%)
Processed    40000/   77159 entries, 51.84% (elapsed time   102.5s, curr speed    0.380 kHz, avg speed    0.390 kHz), accepted     7269/   40001 events (18.17%)
Processed    50000/   77159 entries, 64.80% (elapsed time   128.5s, curr speed    0.385 kHz, avg speed    0.389 kHz), accepted     9151/   50001 events (18.30%)
Processed    60000/   77159 entries, 77.76% (elapsed time   155.6s, curr speed    0.369 kHz, avg speed    0.386 kHz), accepted    11156/   60001 events (18.59%)
Processed    70000/   77159 entries, 90.72% (elapsed time   183.8s, curr speed    0.354 kHz, avg speed    0.381 kHz), accepted    13213/   70001 events (18.88%)
Processed 77159 preselected entries from root://cmsxrootd.fnal.gov//store/data/Run2018D/JetHT/NANOAOD/UL2018_MiniAODv2_NanoAODv9-v2/2540000/94CAD85E-D68D-DB45-91FB-9614E1F65F9B.root (795468 entries). Finally selected 14689 entries
Total time 210.2 sec. to process 795468 events. Rate = 3784.7 Hz.
Running pwd:
/storage/local/data1/condor/execute/dir_22285
Running ls -alrth:
total 172K
-rw-r--r--  1 shardulr fnalgrid 5.0K Jun 22 20:14 .job.ad
-rw-r--r--  1 shardulr fnalgrid  14K Jun 22 20:14 .machine.ad
-rwx------  1 shardulr fnalgrid   49 Jun 22 20:14 .chirp.config
-rw-------  1 shardulr fnalgrid  11K Jun 22 20:14 x509up
drwxr-xr-x  2 shardulr fnalgrid 4.0K Jun 22 20:14 samples
-rw-r--r--  1 shardulr fnalgrid  62K Jun 22 20:14 singleStopAnalyzer.py
-rw-r--r--  1 shardulr fnalgrid  951 Jun 22 20:14 bJetMatcher.py
-rwxr-xr-x  1 shardulr fnalgrid  705 Jun 22 20:14 condor_exec.exe
-rw-r--r--  1 shardulr fnalgrid    0 Jun 22 20:14 docker_stderror
drwxrwxrwt  2 shardulr fnalgrid 4.0K Jun 22 20:14 tmp
drwxrwxrwt  3 shardulr fnalgrid 4.0K Jun 22 20:14 var
drwxr-xr-x  3 root     root     4.0K Jun 22 20:14 ..
srwxr-xr-x  1 shardulr fnalgrid    0 Jun 22 20:14 .docker_sock
drwxr-xr-x 17 shardulr fnalgrid 4.0K Jun 22 20:14 CMSSW_10_6_19_patch2
drwxr-xr-x  2 shardulr fnalgrid 4.0K Jun 22 20:15 framework
-rw-r--r--  1 shardulr fnalgrid 1.7K Jun 22 20:15 bJetMatcher.pyc
drwxr-xr-x  3 shardulr fnalgrid 4.0K Jun 22 20:15 output
-rw-r--r--  1 shardulr fnalgrid  215 Jun 22 20:15 _condor_stderr
-rw-r--r--  1 shardulr fnalgrid  13K Jun 22 20:18 .update.ad
drwx------  8 shardulr fnalgrid 4.0K Jun 22 20:18 .
-rw-r--r--  1 shardulr fnalgrid 3.4K Jun 22 20:18 _condor_stdout
