[FERMIHTC-APPTAINER]: INFO -- No Apptainer image specified
[FERMIHTC-APPTAINER]: INFO -- Running job on the host machine

[FERMIHTC-APPTAINER]: INFO -- Running ./condor_exec.exe
Starting job on  Thu Jun 22 20:13:01 UTC 2023
Running on: Linux shardulr-32358499-176-cmswn2038.fnal.gov 3.10.0-1160.90.1.el7.x86_64 #1 SMP Thu Apr 27 13:14:20 CDT 2023 x86_64 x86_64 x86_64 GNU/Linux
System software: Scientific Linux release 7.9 (Nitrogen)
Running ls -alrth:
total 164K
-rw-r--r--  1 shardulr fnalgrid 5.0K Jun 22 20:11 .job.ad
-rw-r--r--  1 shardulr fnalgrid  13K Jun 22 20:11 .machine.ad
-rwx------  1 shardulr fnalgrid   49 Jun 22 20:11 .chirp.config
-rw-------  1 shardulr fnalgrid  11K Jun 22 20:11 x509up
drwxr-xr-x  2 shardulr fnalgrid 4.0K Jun 22 20:11 samples
drwxr-xr-x  2 shardulr fnalgrid 4.0K Jun 22 20:11 framework
-rw-r--r--  1 shardulr fnalgrid  62K Jun 22 20:11 singleStopAnalyzer.py
-rw-r--r--  1 shardulr fnalgrid  951 Jun 22 20:11 bJetMatcher.py
-rwxr-xr-x  1 shardulr fnalgrid  705 Jun 22 20:11 condor_exec.exe
-rw-r--r--  1 shardulr fnalgrid    0 Jun 22 20:11 docker_stderror
drwxrwxrwt  3 shardulr fnalgrid 4.0K Jun 22 20:11 var
drwxrwxrwt  2 shardulr fnalgrid 4.0K Jun 22 20:11 tmp
drwxr-xr-x  3 root     root     4.0K Jun 22 20:12 ..
-rw-r--r--  1 shardulr fnalgrid  13K Jun 22 20:12 .update.ad
srwxr-xr-x  1 shardulr fnalgrid    0 Jun 22 20:12 .docker_sock
-rw-r--r--  1 shardulr fnalgrid  113 Jun 22 20:13 _condor_stderr
drwx------  7 shardulr fnalgrid 4.0K Jun 22 20:13 .
drwxr-xr-x 17 shardulr fnalgrid 4.0K Jun 22 20:13 CMSSW_10_6_19_patch2
-rw-r--r--  1 shardulr fnalgrid  454 Jun 22 20:13 _condor_stdout
/storage/local/data1/condor/execute/dir_46486/CMSSW_10_6_19_patch2 is the CMSSW we created on the local worker node
Running over Data2018 files
Blinding data, only using CR cuts (0 loose b's)
Using UL 2018 campaign working points
Pre-select 96715 entries out of 966321 (10.01%)
Processed    10000/   96715 entries, 10.34% (elapsed time    38.7s, curr speed    0.259 kHz, avg speed    0.259 kHz), accepted     1313/   10001 events (13.13%)
Processed    20000/   96715 entries, 20.68% (elapsed time    79.4s, curr speed    0.245 kHz, avg speed    0.252 kHz), accepted     3173/   20001 events (15.86%)
Processed    30000/   96715 entries, 31.02% (elapsed time   120.2s, curr speed    0.245 kHz, avg speed    0.250 kHz), accepted     5236/   30001 events (17.45%)
Processed    40000/   96715 entries, 41.36% (elapsed time   162.5s, curr speed    0.236 kHz, avg speed    0.246 kHz), accepted     7302/   40001 events (18.25%)
Processed    50000/   96715 entries, 51.70% (elapsed time   203.4s, curr speed    0.245 kHz, avg speed    0.246 kHz), accepted     9067/   50001 events (18.13%)
Processed    60000/   96715 entries, 62.04% (elapsed time   245.2s, curr speed    0.239 kHz, avg speed    0.245 kHz), accepted    11263/   60001 events (18.77%)
Processed    70000/   96715 entries, 72.38% (elapsed time   287.2s, curr speed    0.238 kHz, avg speed    0.244 kHz), accepted    13043/   70001 events (18.63%)
Processed    80000/   96715 entries, 82.72% (elapsed time   328.8s, curr speed    0.241 kHz, avg speed    0.243 kHz), accepted    15153/   80001 events (18.94%)
Processed    90000/   96715 entries, 93.06% (elapsed time   370.7s, curr speed    0.239 kHz, avg speed    0.243 kHz), accepted    17230/   90001 events (19.14%)
Processed 96715 preselected entries from root://cmsxrootd.fnal.gov//store/data/Run2018B/JetHT/NANOAOD/UL2018_MiniAODv2_NanoAODv9-v1/120000/B187EF02-0955-614F-A3B3-B3B64AF01B24.root (966321 entries). Finally selected 18450 entries
Total time 425.8 sec. to process 966321 events. Rate = 2269.4 Hz.
Running pwd:
/storage/local/data1/condor/execute/dir_46486
Running ls -alrth:
total 172K
-rw-r--r--  1 shardulr fnalgrid 5.0K Jun 22 20:11 .job.ad
-rw-r--r--  1 shardulr fnalgrid  13K Jun 22 20:11 .machine.ad
-rwx------  1 shardulr fnalgrid   49 Jun 22 20:11 .chirp.config
-rw-------  1 shardulr fnalgrid  11K Jun 22 20:11 x509up
drwxr-xr-x  2 shardulr fnalgrid 4.0K Jun 22 20:11 samples
-rw-r--r--  1 shardulr fnalgrid  62K Jun 22 20:11 singleStopAnalyzer.py
-rw-r--r--  1 shardulr fnalgrid  951 Jun 22 20:11 bJetMatcher.py
-rwxr-xr-x  1 shardulr fnalgrid  705 Jun 22 20:11 condor_exec.exe
-rw-r--r--  1 shardulr fnalgrid    0 Jun 22 20:11 docker_stderror
drwxrwxrwt  3 shardulr fnalgrid 4.0K Jun 22 20:11 var
drwxrwxrwt  2 shardulr fnalgrid 4.0K Jun 22 20:11 tmp
drwxr-xr-x  3 root     root     4.0K Jun 22 20:12 ..
srwxr-xr-x  1 shardulr fnalgrid    0 Jun 22 20:12 .docker_sock
-rw-r--r--  1 shardulr fnalgrid  113 Jun 22 20:13 _condor_stderr
drwxr-xr-x 17 shardulr fnalgrid 4.0K Jun 22 20:13 CMSSW_10_6_19_patch2
drwxr-xr-x  2 shardulr fnalgrid 4.0K Jun 22 20:13 framework
-rw-r--r--  1 shardulr fnalgrid 1.7K Jun 22 20:13 bJetMatcher.pyc
drwxr-xr-x  3 shardulr fnalgrid 4.0K Jun 22 20:13 output
-rw-r--r--  1 shardulr fnalgrid  13K Jun 22 20:20 .update.ad
drwx------  8 shardulr fnalgrid 4.0K Jun 22 20:20 .
-rw-r--r--  1 shardulr fnalgrid 3.7K Jun 22 20:20 _condor_stdout
