[FERMIHTC-APPTAINER]: INFO -- No Apptainer image specified
[FERMIHTC-APPTAINER]: INFO -- Running job on the host machine

[FERMIHTC-APPTAINER]: INFO -- Running ./condor_exec.exe
Starting job on  Thu Jun 22 20:11:09 UTC 2023
Running on: Linux shardulr-32358499-139-cmswn2116.fnal.gov 3.10.0-1160.90.1.el7.x86_64 #1 SMP Thu Apr 27 13:14:20 CDT 2023 x86_64 x86_64 x86_64 GNU/Linux
System software: Scientific Linux release 7.9 (Nitrogen)
Running ls -alrth:
total 156K
-rw-r--r--  1 shardulr fnalgrid  11K Jun 22 20:10 .machine.ad
-rw-r--r--  1 shardulr fnalgrid 5.0K Jun 22 20:10 .job.ad
-rwx------  1 shardulr fnalgrid   49 Jun 22 20:10 .chirp.config
-rw-------  1 shardulr fnalgrid  11K Jun 22 20:10 x509up
drwxr-xr-x  2 shardulr fnalgrid 4.0K Jun 22 20:10 samples
-rw-r--r--  1 shardulr fnalgrid  62K Jun 22 20:10 singleStopAnalyzer.py
drwxr-xr-x  2 shardulr fnalgrid 4.0K Jun 22 20:10 framework
-rwxr-xr-x  1 shardulr fnalgrid  705 Jun 22 20:10 condor_exec.exe
-rw-r--r--  1 shardulr fnalgrid  951 Jun 22 20:10 bJetMatcher.py
-rw-r--r--  1 shardulr fnalgrid    0 Jun 22 20:10 docker_stderror
drwxrwxrwt  2 shardulr fnalgrid 4.0K Jun 22 20:10 tmp
drwxrwxrwt  3 shardulr fnalgrid 4.0K Jun 22 20:10 var
-rw-r--r--  1 shardulr fnalgrid  11K Jun 22 20:10 .update.ad
drwxr-xr-x  3 root     root     4.0K Jun 22 20:10 ..
srwxr-xr-x  1 shardulr fnalgrid    0 Jun 22 20:11 .docker_sock
-rw-r--r--  1 shardulr fnalgrid  113 Jun 22 20:11 _condor_stderr
drwx------  7 shardulr fnalgrid 4.0K Jun 22 20:11 .
drwxr-xr-x 17 shardulr fnalgrid 4.0K Jun 22 20:11 CMSSW_10_6_19_patch2
-rw-r--r--  1 shardulr fnalgrid  454 Jun 22 20:11 _condor_stdout
/storage/local/data1/condor/execute/dir_62581/CMSSW_10_6_19_patch2 is the CMSSW we created on the local worker node
Running over Data2018 files
Blinding data, only using CR cuts (0 loose b's)
Using UL 2018 campaign working points
Pre-select 132068 entries out of 1436411 (9.19%)
Processed    10000/  132068 entries,  7.57% (elapsed time    31.6s, curr speed    0.317 kHz, avg speed    0.317 kHz), accepted     1941/   10001 events (19.41%)
Processed    20000/  132068 entries, 15.14% (elapsed time    62.3s, curr speed    0.326 kHz, avg speed    0.321 kHz), accepted     3881/   20001 events (19.40%)
Processed    30000/  132068 entries, 22.72% (elapsed time    93.1s, curr speed    0.325 kHz, avg speed    0.322 kHz), accepted     5596/   30001 events (18.65%)
Processed    40000/  132068 entries, 30.29% (elapsed time   123.8s, curr speed    0.325 kHz, avg speed    0.323 kHz), accepted     7399/   40001 events (18.50%)
Processed    50000/  132068 entries, 37.86% (elapsed time   155.3s, curr speed    0.318 kHz, avg speed    0.322 kHz), accepted     9341/   50001 events (18.68%)
Processed    60000/  132068 entries, 45.43% (elapsed time   186.3s, curr speed    0.323 kHz, avg speed    0.322 kHz), accepted    11331/   60001 events (18.88%)
Processed    70000/  132068 entries, 53.00% (elapsed time   218.2s, curr speed    0.313 kHz, avg speed    0.321 kHz), accepted    13492/   70001 events (19.27%)
Processed    80000/  132068 entries, 60.57% (elapsed time   250.3s, curr speed    0.312 kHz, avg speed    0.320 kHz), accepted    15708/   80001 events (19.63%)
Processed    90000/  132068 entries, 68.15% (elapsed time   281.0s, curr speed    0.326 kHz, avg speed    0.320 kHz), accepted    17597/   90001 events (19.55%)
Processed   100000/  132068 entries, 75.72% (elapsed time   308.8s, curr speed    0.359 kHz, avg speed    0.324 kHz), accepted    19633/  100001 events (19.63%)
Processed   110000/  132068 entries, 83.29% (elapsed time   343.0s, curr speed    0.293 kHz, avg speed    0.321 kHz), accepted    21797/  110001 events (19.82%)
Processed   120000/  132068 entries, 90.86% (elapsed time   374.3s, curr speed    0.319 kHz, avg speed    0.321 kHz), accepted    23853/  120001 events (19.88%)
Processed   130000/  132068 entries, 98.43% (elapsed time   405.3s, curr speed    0.322 kHz, avg speed    0.321 kHz), accepted    25913/  130001 events (19.93%)
Processed 132068 preselected entries from root://cmsxrootd.fnal.gov//store/data/Run2018A/JetHT/NANOAOD/UL2018_MiniAODv2_NanoAODv9-v2/250000/636122D6-F864-D644-80EC-AF868EF79881.root (1436411 entries). Finally selected 26356 entries
Total time 421.5 sec. to process 1436411 events. Rate = 3408.0 Hz.
Running pwd:
/storage/local/data1/condor/execute/dir_62581
Running ls -alrth:
total 168K
-rw-r--r--  1 shardulr fnalgrid  11K Jun 22 20:10 .machine.ad
-rw-r--r--  1 shardulr fnalgrid 5.0K Jun 22 20:10 .job.ad
-rwx------  1 shardulr fnalgrid   49 Jun 22 20:10 .chirp.config
-rw-------  1 shardulr fnalgrid  11K Jun 22 20:10 x509up
drwxr-xr-x  2 shardulr fnalgrid 4.0K Jun 22 20:10 samples
-rw-r--r--  1 shardulr fnalgrid  62K Jun 22 20:10 singleStopAnalyzer.py
-rwxr-xr-x  1 shardulr fnalgrid  705 Jun 22 20:10 condor_exec.exe
-rw-r--r--  1 shardulr fnalgrid  951 Jun 22 20:10 bJetMatcher.py
-rw-r--r--  1 shardulr fnalgrid    0 Jun 22 20:10 docker_stderror
drwxrwxrwt  2 shardulr fnalgrid 4.0K Jun 22 20:10 tmp
drwxrwxrwt  3 shardulr fnalgrid 4.0K Jun 22 20:10 var
drwxr-xr-x  3 root     root     4.0K Jun 22 20:10 ..
srwxr-xr-x  1 shardulr fnalgrid    0 Jun 22 20:11 .docker_sock
drwxr-xr-x 17 shardulr fnalgrid 4.0K Jun 22 20:11 CMSSW_10_6_19_patch2
drwxr-xr-x  2 shardulr fnalgrid 4.0K Jun 22 20:11 framework
-rw-r--r--  1 shardulr fnalgrid 1.7K Jun 22 20:11 bJetMatcher.pyc
drwxr-xr-x  3 shardulr fnalgrid 4.0K Jun 22 20:11 output
-rw-r--r--  1 shardulr fnalgrid  215 Jun 22 20:11 _condor_stderr
-rw-r--r--  1 shardulr fnalgrid  11K Jun 22 20:18 .update.ad
drwx------  8 shardulr fnalgrid 4.0K Jun 22 20:18 .
-rw-r--r--  1 shardulr fnalgrid 4.3K Jun 22 20:18 _condor_stdout
