[FERMIHTC-APPTAINER]: INFO -- No Apptainer image specified
[FERMIHTC-APPTAINER]: INFO -- Running job on the host machine

[FERMIHTC-APPTAINER]: INFO -- Running ./condor_exec.exe
Starting job on  Thu Jun 22 20:14:13 UTC 2023
Running on: Linux shardulr-32358499-263-cmswn2061.fnal.gov 3.10.0-1160.90.1.el7.x86_64 #1 SMP Thu Apr 27 13:14:20 CDT 2023 x86_64 x86_64 x86_64 GNU/Linux
System software: Scientific Linux release 7.9 (Nitrogen)
Running ls -alrth:
total 164K
-rw-r--r--  1 shardulr fnalgrid 5.0K Jun 22 20:13 .job.ad
-rw-r--r--  1 shardulr fnalgrid  13K Jun 22 20:13 .machine.ad
-rwx------  1 shardulr fnalgrid   49 Jun 22 20:13 .chirp.config
-rw-------  1 shardulr fnalgrid  11K Jun 22 20:13 x509up
drwxr-xr-x  2 shardulr fnalgrid 4.0K Jun 22 20:13 samples
drwxr-xr-x  2 shardulr fnalgrid 4.0K Jun 22 20:13 framework
-rw-r--r--  1 shardulr fnalgrid  62K Jun 22 20:13 singleStopAnalyzer.py
-rwxr-xr-x  1 shardulr fnalgrid  705 Jun 22 20:13 condor_exec.exe
-rw-r--r--  1 shardulr fnalgrid  951 Jun 22 20:13 bJetMatcher.py
-rw-r--r--  1 shardulr fnalgrid    0 Jun 22 20:13 docker_stderror
drwxrwxrwt  3 shardulr fnalgrid 4.0K Jun 22 20:13 var
drwxrwxrwt  2 shardulr fnalgrid 4.0K Jun 22 20:13 tmp
drwxr-xr-x  3 root     root     4.0K Jun 22 20:14 ..
-rw-r--r--  1 shardulr fnalgrid  13K Jun 22 20:14 .update.ad
srwxr-xr-x  1 shardulr fnalgrid    0 Jun 22 20:14 .docker_sock
-rw-r--r--  1 shardulr fnalgrid  113 Jun 22 20:14 _condor_stderr
drwx------  7 shardulr fnalgrid 4.0K Jun 22 20:14 .
drwxr-xr-x 17 shardulr fnalgrid 4.0K Jun 22 20:14 CMSSW_10_6_19_patch2
-rw-r--r--  1 shardulr fnalgrid  454 Jun 22 20:14 _condor_stdout
/storage/local/data1/condor/execute/dir_28556/CMSSW_10_6_19_patch2 is the CMSSW we created on the local worker node
Running over Data2018 files
Blinding data, only using CR cuts (0 loose b's)
Using UL 2018 campaign working points
Pre-select 150739 entries out of 1501161 (10.04%)
Processed    10000/  150739 entries,  6.63% (elapsed time    31.8s, curr speed    0.314 kHz, avg speed    0.314 kHz), accepted     2042/   10001 events (20.42%)
Processed    20000/  150739 entries, 13.27% (elapsed time    62.7s, curr speed    0.323 kHz, avg speed    0.319 kHz), accepted     4113/   20001 events (20.56%)
Processed    30000/  150739 entries, 19.90% (elapsed time    93.7s, curr speed    0.323 kHz, avg speed    0.320 kHz), accepted     6252/   30001 events (20.84%)
Processed    40000/  150739 entries, 26.54% (elapsed time   125.2s, curr speed    0.318 kHz, avg speed    0.320 kHz), accepted     8526/   40001 events (21.31%)
Processed    50000/  150739 entries, 33.17% (elapsed time   156.2s, curr speed    0.323 kHz, avg speed    0.320 kHz), accepted    10718/   50001 events (21.44%)
Processed    60000/  150739 entries, 39.80% (elapsed time   188.0s, curr speed    0.314 kHz, avg speed    0.319 kHz), accepted    12885/   60001 events (21.47%)
Processed    70000/  150739 entries, 46.44% (elapsed time   218.3s, curr speed    0.330 kHz, avg speed    0.321 kHz), accepted    14950/   70001 events (21.36%)
Processed    80000/  150739 entries, 53.07% (elapsed time   247.3s, curr speed    0.345 kHz, avg speed    0.324 kHz), accepted    16927/   80001 events (21.16%)
Processed    90000/  150739 entries, 59.71% (elapsed time   277.6s, curr speed    0.329 kHz, avg speed    0.324 kHz), accepted    19151/   90001 events (21.28%)
Processed   100000/  150739 entries, 66.34% (elapsed time   308.3s, curr speed    0.325 kHz, avg speed    0.324 kHz), accepted    21135/  100001 events (21.13%)
Processed   110000/  150739 entries, 72.97% (elapsed time   334.5s, curr speed    0.382 kHz, avg speed    0.329 kHz), accepted    22682/  110001 events (20.62%)
Processed   120000/  150739 entries, 79.61% (elapsed time   361.3s, curr speed    0.373 kHz, avg speed    0.332 kHz), accepted    24160/  120001 events (20.13%)
Processed   130000/  150739 entries, 86.24% (elapsed time   391.9s, curr speed    0.328 kHz, avg speed    0.332 kHz), accepted    26042/  130001 events (20.03%)
Processed   140000/  150739 entries, 92.88% (elapsed time   421.2s, curr speed    0.341 kHz, avg speed    0.332 kHz), accepted    27790/  140001 events (19.85%)
Processed   150000/  150739 entries, 99.51% (elapsed time   450.6s, curr speed    0.340 kHz, avg speed    0.333 kHz), accepted    29608/  150001 events (19.74%)
Processed 150739 preselected entries from root://cmsxrootd.fnal.gov//store/data/Run2018D/JetHT/NANOAOD/UL2018_MiniAODv2_NanoAODv9-v2/2540000/AC5EF3CF-9498-2F46-96CD-BEE1962E5D82.root (1501161 entries). Finally selected 29733 entries
Total time 461.6 sec. to process 1501161 events. Rate = 3252.1 Hz.
Running pwd:
/storage/local/data1/condor/execute/dir_28556
Running ls -alrth:
total 176K
-rw-r--r--  1 shardulr fnalgrid 5.0K Jun 22 20:13 .job.ad
-rw-r--r--  1 shardulr fnalgrid  13K Jun 22 20:13 .machine.ad
-rwx------  1 shardulr fnalgrid   49 Jun 22 20:13 .chirp.config
-rw-------  1 shardulr fnalgrid  11K Jun 22 20:13 x509up
drwxr-xr-x  2 shardulr fnalgrid 4.0K Jun 22 20:13 samples
-rw-r--r--  1 shardulr fnalgrid  62K Jun 22 20:13 singleStopAnalyzer.py
-rwxr-xr-x  1 shardulr fnalgrid  705 Jun 22 20:13 condor_exec.exe
-rw-r--r--  1 shardulr fnalgrid  951 Jun 22 20:13 bJetMatcher.py
-rw-r--r--  1 shardulr fnalgrid    0 Jun 22 20:13 docker_stderror
drwxrwxrwt  3 shardulr fnalgrid 4.0K Jun 22 20:13 var
drwxrwxrwt  2 shardulr fnalgrid 4.0K Jun 22 20:13 tmp
drwxr-xr-x  3 root     root     4.0K Jun 22 20:14 ..
srwxr-xr-x  1 shardulr fnalgrid    0 Jun 22 20:14 .docker_sock
drwxr-xr-x 17 shardulr fnalgrid 4.0K Jun 22 20:14 CMSSW_10_6_19_patch2
drwxr-xr-x  2 shardulr fnalgrid 4.0K Jun 22 20:14 framework
-rw-r--r--  1 shardulr fnalgrid 1.7K Jun 22 20:14 bJetMatcher.pyc
drwxr-xr-x  3 shardulr fnalgrid 4.0K Jun 22 20:14 output
-rw-r--r--  1 shardulr fnalgrid  215 Jun 22 20:14 _condor_stderr
-rw-r--r--  1 shardulr fnalgrid  13K Jun 22 20:22 .update.ad
drwx------  8 shardulr fnalgrid 4.0K Jun 22 20:22 .
-rw-r--r--  1 shardulr fnalgrid 4.6K Jun 22 20:22 _condor_stdout
