[FERMIHTC-APPTAINER]: INFO -- No Apptainer image specified
[FERMIHTC-APPTAINER]: INFO -- Running job on the host machine

[FERMIHTC-APPTAINER]: INFO -- Running ./condor_exec.exe
Starting job on  Thu Jun 22 20:18:33 UTC 2023
Running on: Linux shardulr-32358499-478-cmswn2039.fnal.gov 3.10.0-1160.90.1.el7.x86_64 #1 SMP Thu Apr 27 13:14:20 CDT 2023 x86_64 x86_64 x86_64 GNU/Linux
System software: Scientific Linux release 7.9 (Nitrogen)
Running ls -alrth:
total 164K
-rw-r--r--  1 shardulr fnalgrid  14K Jun 22 20:18 .machine.ad
-rw-r--r--  1 shardulr fnalgrid 5.0K Jun 22 20:18 .job.ad
-rwx------  1 shardulr fnalgrid   49 Jun 22 20:18 .chirp.config
-rw-------  1 shardulr fnalgrid  11K Jun 22 20:18 x509up
drwxr-xr-x  2 shardulr fnalgrid 4.0K Jun 22 20:18 samples
-rw-r--r--  1 shardulr fnalgrid  62K Jun 22 20:18 singleStopAnalyzer.py
drwxr-xr-x  2 shardulr fnalgrid 4.0K Jun 22 20:18 framework
-rwxr-xr-x  1 shardulr fnalgrid  705 Jun 22 20:18 condor_exec.exe
-rw-r--r--  1 shardulr fnalgrid  951 Jun 22 20:18 bJetMatcher.py
-rw-r--r--  1 shardulr fnalgrid    0 Jun 22 20:18 docker_stderror
drwxrwxrwt  3 shardulr fnalgrid 4.0K Jun 22 20:18 var
drwxrwxrwt  2 shardulr fnalgrid 4.0K Jun 22 20:18 tmp
-rw-r--r--  1 shardulr fnalgrid  13K Jun 22 20:18 .update.ad
drwxr-xr-x  3 root     root     4.0K Jun 22 20:18 ..
srwxr-xr-x  1 shardulr fnalgrid    0 Jun 22 20:18 .docker_sock
-rw-r--r--  1 shardulr fnalgrid  113 Jun 22 20:18 _condor_stderr
drwx------  7 shardulr fnalgrid 4.0K Jun 22 20:18 .
drwxr-xr-x 17 shardulr fnalgrid 4.0K Jun 22 20:18 CMSSW_10_6_19_patch2
-rw-r--r--  1 shardulr fnalgrid  454 Jun 22 20:18 _condor_stdout
/storage/local/data1/condor/execute/dir_33708/CMSSW_10_6_19_patch2 is the CMSSW we created on the local worker node
Running over Data2018 files
Blinding data, only using CR cuts (0 loose b's)
Using UL 2018 campaign working points
Pre-select 87694 entries out of 94347 (92.95%)
Processed    10000/   87694 entries, 11.40% (elapsed time    33.1s, curr speed    0.302 kHz, avg speed    0.302 kHz), accepted        0/   10001 events ( 0.00%)
Processed    20000/   87694 entries, 22.81% (elapsed time    67.1s, curr speed    0.294 kHz, avg speed    0.298 kHz), accepted        0/   20001 events ( 0.00%)
Processed    30000/   87694 entries, 34.21% (elapsed time   100.2s, curr speed    0.302 kHz, avg speed    0.299 kHz), accepted        0/   30001 events ( 0.00%)
Processed    40000/   87694 entries, 45.61% (elapsed time   134.0s, curr speed    0.296 kHz, avg speed    0.299 kHz), accepted        0/   40001 events ( 0.00%)
Processed    50000/   87694 entries, 57.02% (elapsed time   166.2s, curr speed    0.311 kHz, avg speed    0.301 kHz), accepted        0/   50001 events ( 0.00%)
Processed    60000/   87694 entries, 68.42% (elapsed time   197.6s, curr speed    0.319 kHz, avg speed    0.304 kHz), accepted        0/   60001 events ( 0.00%)
Processed    70000/   87694 entries, 79.82% (elapsed time   230.0s, curr speed    0.308 kHz, avg speed    0.304 kHz), accepted        0/   70001 events ( 0.00%)
Processed    80000/   87694 entries, 91.23% (elapsed time   262.6s, curr speed    0.307 kHz, avg speed    0.305 kHz), accepted        0/   80001 events ( 0.00%)
Processed 87694 preselected entries from root://cmsxrootd.fnal.gov//store/data/Run2018D/JetHT/NANOAOD/UL2018_MiniAODv2_NanoAODv9-v2/2430000/1F6BB24B-3A3F-F24B-9C38-755807128861.root (94347 entries). Finally selected 0 entries
Total time 296.5 sec. to process 94347 events. Rate = 318.2 Hz.
Running pwd:
/storage/local/data1/condor/execute/dir_33708
Running ls -alrth:
total 172K
-rw-r--r--  1 shardulr fnalgrid  14K Jun 22 20:18 .machine.ad
-rw-r--r--  1 shardulr fnalgrid 5.0K Jun 22 20:18 .job.ad
-rwx------  1 shardulr fnalgrid   49 Jun 22 20:18 .chirp.config
-rw-------  1 shardulr fnalgrid  11K Jun 22 20:18 x509up
drwxr-xr-x  2 shardulr fnalgrid 4.0K Jun 22 20:18 samples
-rw-r--r--  1 shardulr fnalgrid  62K Jun 22 20:18 singleStopAnalyzer.py
-rwxr-xr-x  1 shardulr fnalgrid  705 Jun 22 20:18 condor_exec.exe
-rw-r--r--  1 shardulr fnalgrid  951 Jun 22 20:18 bJetMatcher.py
-rw-r--r--  1 shardulr fnalgrid    0 Jun 22 20:18 docker_stderror
drwxrwxrwt  3 shardulr fnalgrid 4.0K Jun 22 20:18 var
drwxrwxrwt  2 shardulr fnalgrid 4.0K Jun 22 20:18 tmp
drwxr-xr-x  3 root     root     4.0K Jun 22 20:18 ..
srwxr-xr-x  1 shardulr fnalgrid    0 Jun 22 20:18 .docker_sock
-rw-r--r--  1 shardulr fnalgrid  113 Jun 22 20:18 _condor_stderr
drwxr-xr-x 17 shardulr fnalgrid 4.0K Jun 22 20:18 CMSSW_10_6_19_patch2
drwxr-xr-x  2 shardulr fnalgrid 4.0K Jun 22 20:18 framework
-rw-r--r--  1 shardulr fnalgrid 1.7K Jun 22 20:18 bJetMatcher.pyc
drwxr-xr-x  3 shardulr fnalgrid 4.0K Jun 22 20:18 output
-rw-r--r--  1 shardulr fnalgrid  13K Jun 22 20:23 .update.ad
drwx------  8 shardulr fnalgrid 4.0K Jun 22 20:23 .
-rw-r--r--  1 shardulr fnalgrid 3.5K Jun 22 20:23 _condor_stdout
