[FERMIHTC-APPTAINER]: INFO -- No Apptainer image specified
[FERMIHTC-APPTAINER]: INFO -- Running job on the host machine

[FERMIHTC-APPTAINER]: INFO -- Running ./condor_exec.exe
Starting job on  Thu Jun 22 20:11:04 UTC 2023
Running on: Linux shardulr-32358499-133-cmswn2116.fnal.gov 3.10.0-1160.90.1.el7.x86_64 #1 SMP Thu Apr 27 13:14:20 CDT 2023 x86_64 x86_64 x86_64 GNU/Linux
System software: Scientific Linux release 7.9 (Nitrogen)
Running ls -alrth:
total 156K
-rw-r--r--  1 shardulr fnalgrid  11K Jun 22 20:10 .machine.ad
-rw-r--r--  1 shardulr fnalgrid 5.0K Jun 22 20:10 .job.ad
-rwx------  1 shardulr fnalgrid   49 Jun 22 20:10 .chirp.config
-rw-------  1 shardulr fnalgrid  11K Jun 22 20:10 x509up
drwxr-xr-x  2 shardulr fnalgrid 4.0K Jun 22 20:10 samples
drwxr-xr-x  2 shardulr fnalgrid 4.0K Jun 22 20:10 framework
-rw-r--r--  1 shardulr fnalgrid  62K Jun 22 20:10 singleStopAnalyzer.py
-rwxr-xr-x  1 shardulr fnalgrid  705 Jun 22 20:10 condor_exec.exe
-rw-r--r--  1 shardulr fnalgrid  951 Jun 22 20:10 bJetMatcher.py
-rw-r--r--  1 shardulr fnalgrid    0 Jun 22 20:10 docker_stderror
drwxrwxrwt  3 shardulr fnalgrid 4.0K Jun 22 20:10 var
drwxrwxrwt  2 shardulr fnalgrid 4.0K Jun 22 20:10 tmp
drwxr-xr-x  3 root     root     4.0K Jun 22 20:10 ..
-rw-r--r--  1 shardulr fnalgrid  11K Jun 22 20:10 .update.ad
srwxr-xr-x  1 shardulr fnalgrid    0 Jun 22 20:10 .docker_sock
-rw-r--r--  1 shardulr fnalgrid  113 Jun 22 20:11 _condor_stderr
drwx------  7 shardulr fnalgrid 4.0K Jun 22 20:11 .
drwxr-xr-x 17 shardulr fnalgrid 4.0K Jun 22 20:11 CMSSW_10_6_19_patch2
-rw-r--r--  1 shardulr fnalgrid  454 Jun 22 20:11 _condor_stdout
/storage/local/data1/condor/execute/dir_62553/CMSSW_10_6_19_patch2 is the CMSSW we created on the local worker node
Running over Data2018 files
Blinding data, only using CR cuts (0 loose b's)
Using UL 2018 campaign working points
Pre-select 98055 entries out of 1062068 (9.23%)
Processed    10000/   98055 entries, 10.20% (elapsed time    32.9s, curr speed    0.304 kHz, avg speed    0.304 kHz), accepted     1869/   10001 events (18.69%)
Processed    20000/   98055 entries, 20.40% (elapsed time    65.3s, curr speed    0.308 kHz, avg speed    0.306 kHz), accepted     3570/   20001 events (17.85%)
Processed    30000/   98055 entries, 30.60% (elapsed time    98.0s, curr speed    0.305 kHz, avg speed    0.306 kHz), accepted     5646/   30001 events (18.82%)
Processed    40000/   98055 entries, 40.79% (elapsed time   131.3s, curr speed    0.301 kHz, avg speed    0.305 kHz), accepted     7640/   40001 events (19.10%)
Processed    50000/   98055 entries, 50.99% (elapsed time   164.9s, curr speed    0.298 kHz, avg speed    0.303 kHz), accepted     9698/   50001 events (19.40%)
Processed    60000/   98055 entries, 61.19% (elapsed time   197.7s, curr speed    0.304 kHz, avg speed    0.303 kHz), accepted    11775/   60001 events (19.62%)
Processed    70000/   98055 entries, 71.39% (elapsed time   230.3s, curr speed    0.308 kHz, avg speed    0.304 kHz), accepted    13845/   70001 events (19.78%)
Processed    80000/   98055 entries, 81.59% (elapsed time   259.6s, curr speed    0.341 kHz, avg speed    0.308 kHz), accepted    15449/   80001 events (19.31%)
Processed    90000/   98055 entries, 91.79% (elapsed time   293.6s, curr speed    0.294 kHz, avg speed    0.307 kHz), accepted    17581/   90001 events (19.53%)
Processed 98055 preselected entries from root://cmsxrootd.fnal.gov//store/data/Run2018A/JetHT/NANOAOD/UL2018_MiniAODv2_NanoAODv9-v2/250000/9053BF93-F7A0-4A46-B262-891F3E4ECBA2.root (1062068 entries). Finally selected 19137 entries
Total time 330.4 sec. to process 1062068 events. Rate = 3214.9 Hz.
Running pwd:
/storage/local/data1/condor/execute/dir_62553
Running ls -alrth:
total 164K
-rw-r--r--  1 shardulr fnalgrid  11K Jun 22 20:10 .machine.ad
-rw-r--r--  1 shardulr fnalgrid 5.0K Jun 22 20:10 .job.ad
-rwx------  1 shardulr fnalgrid   49 Jun 22 20:10 .chirp.config
-rw-------  1 shardulr fnalgrid  11K Jun 22 20:10 x509up
drwxr-xr-x  2 shardulr fnalgrid 4.0K Jun 22 20:10 samples
-rw-r--r--  1 shardulr fnalgrid  62K Jun 22 20:10 singleStopAnalyzer.py
-rwxr-xr-x  1 shardulr fnalgrid  705 Jun 22 20:10 condor_exec.exe
-rw-r--r--  1 shardulr fnalgrid  951 Jun 22 20:10 bJetMatcher.py
-rw-r--r--  1 shardulr fnalgrid    0 Jun 22 20:10 docker_stderror
drwxrwxrwt  3 shardulr fnalgrid 4.0K Jun 22 20:10 var
drwxrwxrwt  2 shardulr fnalgrid 4.0K Jun 22 20:10 tmp
drwxr-xr-x  3 root     root     4.0K Jun 22 20:10 ..
srwxr-xr-x  1 shardulr fnalgrid    0 Jun 22 20:10 .docker_sock
drwxr-xr-x 17 shardulr fnalgrid 4.0K Jun 22 20:11 CMSSW_10_6_19_patch2
drwxr-xr-x  2 shardulr fnalgrid 4.0K Jun 22 20:11 framework
-rw-r--r--  1 shardulr fnalgrid 1.7K Jun 22 20:11 bJetMatcher.pyc
drwxr-xr-x  3 shardulr fnalgrid 4.0K Jun 22 20:11 output
-rw-r--r--  1 shardulr fnalgrid  215 Jun 22 20:11 _condor_stderr
-rw-r--r--  1 shardulr fnalgrid  11K Jun 22 20:16 .update.ad
drwx------  8 shardulr fnalgrid 4.0K Jun 22 20:16 .
-rw-r--r--  1 shardulr fnalgrid 3.7K Jun 22 20:16 _condor_stdout
