[FERMIHTC-APPTAINER]: INFO -- No Apptainer image specified
[FERMIHTC-APPTAINER]: INFO -- Running job on the host machine

[FERMIHTC-APPTAINER]: INFO -- Running ./condor_exec.exe
Starting job on  Thu Jun 22 20:15:47 UTC 2023
Running on: Linux shardulr-32358499-322-cmswn2081.fnal.gov 3.10.0-1160.90.1.el7.x86_64 #1 SMP Thu Apr 27 13:14:20 CDT 2023 x86_64 x86_64 x86_64 GNU/Linux
System software: Scientific Linux release 7.9 (Nitrogen)
Running ls -alrth:
total 164K
-rw-r--r--  1 shardulr fnalgrid 5.0K Jun 22 20:15 .job.ad
-rw-r--r--  1 shardulr fnalgrid  13K Jun 22 20:15 .machine.ad
-rwx------  1 shardulr fnalgrid   49 Jun 22 20:15 .chirp.config
-rw-------  1 shardulr fnalgrid  11K Jun 22 20:15 x509up
drwxr-xr-x  2 shardulr fnalgrid 4.0K Jun 22 20:15 samples
-rw-r--r--  1 shardulr fnalgrid  62K Jun 22 20:15 singleStopAnalyzer.py
drwxr-xr-x  2 shardulr fnalgrid 4.0K Jun 22 20:15 framework
-rwxr-xr-x  1 shardulr fnalgrid  705 Jun 22 20:15 condor_exec.exe
-rw-r--r--  1 shardulr fnalgrid  951 Jun 22 20:15 bJetMatcher.py
-rw-r--r--  1 shardulr fnalgrid    0 Jun 22 20:15 docker_stderror
drwxrwxrwt  3 shardulr fnalgrid 4.0K Jun 22 20:15 var
drwxrwxrwt  2 shardulr fnalgrid 4.0K Jun 22 20:15 tmp
-rw-r--r--  1 shardulr fnalgrid  13K Jun 22 20:15 .update.ad
drwxr-xr-x  3 root     root     4.0K Jun 22 20:15 ..
srwxr-xr-x  1 shardulr fnalgrid    0 Jun 22 20:15 .docker_sock
-rw-r--r--  1 shardulr fnalgrid  113 Jun 22 20:15 _condor_stderr
drwx------  7 shardulr fnalgrid 4.0K Jun 22 20:15 .
drwxr-xr-x 17 shardulr fnalgrid 4.0K Jun 22 20:15 CMSSW_10_6_19_patch2
-rw-r--r--  1 shardulr fnalgrid  454 Jun 22 20:15 _condor_stdout
/storage/local/data1/condor/execute/dir_58173/CMSSW_10_6_19_patch2 is the CMSSW we created on the local worker node
Running over Data2018 files
Blinding data, only using CR cuts (0 loose b's)
Using UL 2018 campaign working points
Pre-select 137383 entries out of 1349422 (10.18%)
Processed    10000/  137383 entries,  7.28% (elapsed time    31.0s, curr speed    0.323 kHz, avg speed    0.323 kHz), accepted     2243/   10001 events (22.43%)
Processed    20000/  137383 entries, 14.56% (elapsed time    61.5s, curr speed    0.328 kHz, avg speed    0.325 kHz), accepted     4556/   20001 events (22.78%)
Processed    30000/  137383 entries, 21.84% (elapsed time    91.0s, curr speed    0.339 kHz, avg speed    0.330 kHz), accepted     6782/   30001 events (22.61%)
Processed    40000/  137383 entries, 29.12% (elapsed time   119.7s, curr speed    0.348 kHz, avg speed    0.334 kHz), accepted     8772/   40001 events (21.93%)
Processed    50000/  137383 entries, 36.39% (elapsed time   147.8s, curr speed    0.355 kHz, avg speed    0.338 kHz), accepted    10779/   50001 events (21.56%)
Processed    60000/  137383 entries, 43.67% (elapsed time   177.3s, curr speed    0.339 kHz, avg speed    0.338 kHz), accepted    12918/   60001 events (21.53%)
Processed    70000/  137383 entries, 50.95% (elapsed time   208.0s, curr speed    0.326 kHz, avg speed    0.337 kHz), accepted    15210/   70001 events (21.73%)
Processed    80000/  137383 entries, 58.23% (elapsed time   238.5s, curr speed    0.328 kHz, avg speed    0.335 kHz), accepted    17403/   80001 events (21.75%)
Processed    90000/  137383 entries, 65.51% (elapsed time   268.3s, curr speed    0.336 kHz, avg speed    0.336 kHz), accepted    19553/   90001 events (21.73%)
Processed   100000/  137383 entries, 72.79% (elapsed time   298.3s, curr speed    0.333 kHz, avg speed    0.335 kHz), accepted    21663/  100001 events (21.66%)
Processed   110000/  137383 entries, 80.07% (elapsed time   328.4s, curr speed    0.331 kHz, avg speed    0.335 kHz), accepted    23796/  110001 events (21.63%)
Processed   120000/  137383 entries, 87.35% (elapsed time   356.7s, curr speed    0.354 kHz, avg speed    0.336 kHz), accepted    25862/  120001 events (21.55%)
Processed   130000/  137383 entries, 94.63% (elapsed time   385.8s, curr speed    0.343 kHz, avg speed    0.337 kHz), accepted    27902/  130001 events (21.46%)
Processed 137383 preselected entries from root://cmsxrootd.fnal.gov//store/data/Run2018D/JetHT/NANOAOD/UL2018_MiniAODv2_NanoAODv9-v2/2540000/02A75627-8EF0-5040-947A-963848134000.root (1349422 entries). Finally selected 29459 entries
Total time 423.1 sec. to process 1349422 events. Rate = 3189.4 Hz.
Running pwd:
/storage/local/data1/condor/execute/dir_58173
Running ls -alrth:
total 176K
-rw-r--r--  1 shardulr fnalgrid 5.0K Jun 22 20:15 .job.ad
-rw-r--r--  1 shardulr fnalgrid  13K Jun 22 20:15 .machine.ad
-rwx------  1 shardulr fnalgrid   49 Jun 22 20:15 .chirp.config
-rw-------  1 shardulr fnalgrid  11K Jun 22 20:15 x509up
drwxr-xr-x  2 shardulr fnalgrid 4.0K Jun 22 20:15 samples
-rw-r--r--  1 shardulr fnalgrid  62K Jun 22 20:15 singleStopAnalyzer.py
-rwxr-xr-x  1 shardulr fnalgrid  705 Jun 22 20:15 condor_exec.exe
-rw-r--r--  1 shardulr fnalgrid  951 Jun 22 20:15 bJetMatcher.py
-rw-r--r--  1 shardulr fnalgrid    0 Jun 22 20:15 docker_stderror
drwxrwxrwt  3 shardulr fnalgrid 4.0K Jun 22 20:15 var
drwxrwxrwt  2 shardulr fnalgrid 4.0K Jun 22 20:15 tmp
drwxr-xr-x  3 root     root     4.0K Jun 22 20:15 ..
srwxr-xr-x  1 shardulr fnalgrid    0 Jun 22 20:15 .docker_sock
drwxr-xr-x 17 shardulr fnalgrid 4.0K Jun 22 20:15 CMSSW_10_6_19_patch2
drwxr-xr-x  2 shardulr fnalgrid 4.0K Jun 22 20:15 framework
-rw-r--r--  1 shardulr fnalgrid 1.7K Jun 22 20:15 bJetMatcher.pyc
drwxr-xr-x  3 shardulr fnalgrid 4.0K Jun 22 20:15 output
-rw-r--r--  1 shardulr fnalgrid  215 Jun 22 20:15 _condor_stderr
-rw-r--r--  1 shardulr fnalgrid  13K Jun 22 20:22 .update.ad
drwx------  8 shardulr fnalgrid 4.0K Jun 22 20:22 .
-rw-r--r--  1 shardulr fnalgrid 4.3K Jun 22 20:22 _condor_stdout
