[FERMIHTC-APPTAINER]: INFO -- No Apptainer image specified
[FERMIHTC-APPTAINER]: INFO -- Running job on the host machine

[FERMIHTC-APPTAINER]: INFO -- Running ./condor_exec.exe
Starting job on  Thu Jun 22 20:10:56 UTC 2023
Running on: Linux shardulr-32358499-99-cmswn2116.fnal.gov 3.10.0-1160.90.1.el7.x86_64 #1 SMP Thu Apr 27 13:14:20 CDT 2023 x86_64 x86_64 x86_64 GNU/Linux
System software: Scientific Linux release 7.9 (Nitrogen)
Running ls -alrth:
total 156K
-rw-r--r--  1 shardulr fnalgrid 5.0K Jun 22 20:10 .job.ad
-rw-r--r--  1 shardulr fnalgrid  11K Jun 22 20:10 .machine.ad
-rwx------  1 shardulr fnalgrid   49 Jun 22 20:10 .chirp.config
-rw-------  1 shardulr fnalgrid  11K Jun 22 20:10 x509up
drwxr-xr-x  2 shardulr fnalgrid 4.0K Jun 22 20:10 samples
drwxr-xr-x  2 shardulr fnalgrid 4.0K Jun 22 20:10 framework
-rw-r--r--  1 shardulr fnalgrid  62K Jun 22 20:10 singleStopAnalyzer.py
-rwxr-xr-x  1 shardulr fnalgrid  705 Jun 22 20:10 condor_exec.exe
-rw-r--r--  1 shardulr fnalgrid  951 Jun 22 20:10 bJetMatcher.py
-rw-r--r--  1 shardulr fnalgrid    0 Jun 22 20:10 docker_stderror
drwxrwxrwt  3 shardulr fnalgrid 4.0K Jun 22 20:10 var
drwxrwxrwt  2 shardulr fnalgrid 4.0K Jun 22 20:10 tmp
drwxr-xr-x  3 root     root     4.0K Jun 22 20:10 ..
srwxr-xr-x  1 shardulr fnalgrid    0 Jun 22 20:10 .docker_sock
-rw-r--r--  1 shardulr fnalgrid  11K Jun 22 20:10 .update.ad
-rw-r--r--  1 shardulr fnalgrid  113 Jun 22 20:10 _condor_stderr
drwx------  7 shardulr fnalgrid 4.0K Jun 22 20:10 .
drwxr-xr-x 17 shardulr fnalgrid 4.0K Jun 22 20:10 CMSSW_10_6_19_patch2
-rw-r--r--  1 shardulr fnalgrid  453 Jun 22 20:10 _condor_stdout
/storage/local/data1/condor/execute/dir_62104/CMSSW_10_6_19_patch2 is the CMSSW we created on the local worker node
Running over Data2018 files
Blinding data, only using CR cuts (0 loose b's)
Using UL 2018 campaign working points
Pre-select 95864 entries out of 1106047 (8.67%)
Processed    10000/   95864 entries, 10.43% (elapsed time    29.9s, curr speed    0.334 kHz, avg speed    0.334 kHz), accepted     1730/   10001 events (17.30%)
Processed    20000/   95864 entries, 20.86% (elapsed time    58.6s, curr speed    0.348 kHz, avg speed    0.341 kHz), accepted     3530/   20001 events (17.65%)
Processed    30000/   95864 entries, 31.29% (elapsed time    89.5s, curr speed    0.324 kHz, avg speed    0.335 kHz), accepted     5642/   30001 events (18.81%)
Processed    40000/   95864 entries, 41.73% (elapsed time   119.9s, curr speed    0.329 kHz, avg speed    0.334 kHz), accepted     7649/   40001 events (19.12%)
Processed    50000/   95864 entries, 52.16% (elapsed time   149.2s, curr speed    0.341 kHz, avg speed    0.335 kHz), accepted     9620/   50001 events (19.24%)
Processed    60000/   95864 entries, 62.59% (elapsed time   179.6s, curr speed    0.328 kHz, avg speed    0.334 kHz), accepted    11725/   60001 events (19.54%)
Processed    70000/   95864 entries, 73.02% (elapsed time   208.9s, curr speed    0.342 kHz, avg speed    0.335 kHz), accepted    13660/   70001 events (19.51%)
Processed    80000/   95864 entries, 83.45% (elapsed time   237.0s, curr speed    0.356 kHz, avg speed    0.338 kHz), accepted    15386/   80001 events (19.23%)
Processed    90000/   95864 entries, 93.88% (elapsed time   266.9s, curr speed    0.334 kHz, avg speed    0.337 kHz), accepted    17360/   90001 events (19.29%)
Processed 95864 preselected entries from root://cmsxrootd.fnal.gov//store/data/Run2018A/JetHT/NANOAOD/UL2018_MiniAODv2_NanoAODv9-v2/250000/3E7B06F1-6295-AA40-ACE2-5B19A266B15E.root (1106047 entries). Finally selected 18263 entries
Total time 289.2 sec. to process 1106047 events. Rate = 3825.2 Hz.
Running pwd:
/storage/local/data1/condor/execute/dir_62104
Running ls -alrth:
total 164K
-rw-r--r--  1 shardulr fnalgrid 5.0K Jun 22 20:10 .job.ad
-rw-r--r--  1 shardulr fnalgrid  11K Jun 22 20:10 .machine.ad
-rwx------  1 shardulr fnalgrid   49 Jun 22 20:10 .chirp.config
-rw-------  1 shardulr fnalgrid  11K Jun 22 20:10 x509up
drwxr-xr-x  2 shardulr fnalgrid 4.0K Jun 22 20:10 samples
-rw-r--r--  1 shardulr fnalgrid  62K Jun 22 20:10 singleStopAnalyzer.py
-rwxr-xr-x  1 shardulr fnalgrid  705 Jun 22 20:10 condor_exec.exe
-rw-r--r--  1 shardulr fnalgrid  951 Jun 22 20:10 bJetMatcher.py
-rw-r--r--  1 shardulr fnalgrid    0 Jun 22 20:10 docker_stderror
drwxrwxrwt  3 shardulr fnalgrid 4.0K Jun 22 20:10 var
drwxrwxrwt  2 shardulr fnalgrid 4.0K Jun 22 20:10 tmp
drwxr-xr-x  3 root     root     4.0K Jun 22 20:10 ..
srwxr-xr-x  1 shardulr fnalgrid    0 Jun 22 20:10 .docker_sock
drwxr-xr-x 17 shardulr fnalgrid 4.0K Jun 22 20:10 CMSSW_10_6_19_patch2
drwxr-xr-x  2 shardulr fnalgrid 4.0K Jun 22 20:11 framework
-rw-r--r--  1 shardulr fnalgrid 1.7K Jun 22 20:11 bJetMatcher.pyc
drwxr-xr-x  3 shardulr fnalgrid 4.0K Jun 22 20:11 output
-rw-r--r--  1 shardulr fnalgrid  215 Jun 22 20:11 _condor_stderr
-rw-r--r--  1 shardulr fnalgrid  11K Jun 22 20:15 .update.ad
drwx------  8 shardulr fnalgrid 4.0K Jun 22 20:15 .
-rw-r--r--  1 shardulr fnalgrid 3.7K Jun 22 20:15 _condor_stdout
