[FERMIHTC-APPTAINER]: INFO -- No Apptainer image specified
[FERMIHTC-APPTAINER]: INFO -- Running job on the host machine

[FERMIHTC-APPTAINER]: INFO -- Running ./condor_exec.exe
Starting job on  Thu Jun 22 20:14:11 UTC 2023
Running on: Linux shardulr-32358499-271-cmswn2090.fnal.gov 3.10.0-1160.90.1.el7.x86_64 #1 SMP Thu Apr 27 13:14:20 CDT 2023 x86_64 x86_64 x86_64 GNU/Linux
System software: Scientific Linux release 7.9 (Nitrogen)
Running ls -alrth:
total 164K
-rw-r--r--  1 shardulr fnalgrid 5.0K Jun 22 20:13 .job.ad
-rw-r--r--  1 shardulr fnalgrid  14K Jun 22 20:13 .machine.ad
-rwx------  1 shardulr fnalgrid   49 Jun 22 20:13 .chirp.config
-rw-------  1 shardulr fnalgrid  11K Jun 22 20:13 x509up
drwxr-xr-x  2 shardulr fnalgrid 4.0K Jun 22 20:13 samples
drwxr-xr-x  2 shardulr fnalgrid 4.0K Jun 22 20:13 framework
-rw-r--r--  1 shardulr fnalgrid  62K Jun 22 20:13 singleStopAnalyzer.py
-rwxr-xr-x  1 shardulr fnalgrid  705 Jun 22 20:13 condor_exec.exe
-rw-r--r--  1 shardulr fnalgrid  951 Jun 22 20:13 bJetMatcher.py
-rw-r--r--  1 shardulr fnalgrid    0 Jun 22 20:13 docker_stderror
drwxrwxrwt  2 shardulr fnalgrid 4.0K Jun 22 20:13 tmp
drwxrwxrwt  3 shardulr fnalgrid 4.0K Jun 22 20:13 var
drwxr-xr-x  3 root     root     4.0K Jun 22 20:14 ..
srwxr-xr-x  1 shardulr fnalgrid    0 Jun 22 20:14 .docker_sock
-rw-r--r--  1 shardulr fnalgrid  13K Jun 22 20:14 .update.ad
-rw-r--r--  1 shardulr fnalgrid  113 Jun 22 20:14 _condor_stderr
drwx------  7 shardulr fnalgrid 4.0K Jun 22 20:14 .
drwxr-xr-x 17 shardulr fnalgrid 4.0K Jun 22 20:14 CMSSW_10_6_19_patch2
-rw-r--r--  1 shardulr fnalgrid  454 Jun 22 20:14 _condor_stdout
/storage/local/data1/condor/execute/dir_55322/CMSSW_10_6_19_patch2 is the CMSSW we created on the local worker node
Running over Data2018 files
Blinding data, only using CR cuts (0 loose b's)
Using UL 2018 campaign working points
Pre-select 221276 entries out of 2178634 (10.16%)
Processed    10000/  221276 entries,  4.52% (elapsed time    24.5s, curr speed    0.408 kHz, avg speed    0.408 kHz), accepted     2158/   10001 events (21.58%)
Processed    20000/  221276 entries,  9.04% (elapsed time    48.1s, curr speed    0.423 kHz, avg speed    0.416 kHz), accepted     4293/   20001 events (21.46%)
Processed    30000/  221276 entries, 13.56% (elapsed time    71.5s, curr speed    0.428 kHz, avg speed    0.420 kHz), accepted     6412/   30001 events (21.37%)
Processed    40000/  221276 entries, 18.08% (elapsed time    95.5s, curr speed    0.417 kHz, avg speed    0.419 kHz), accepted     8660/   40001 events (21.65%)
Processed    50000/  221276 entries, 22.60% (elapsed time   120.6s, curr speed    0.399 kHz, avg speed    0.415 kHz), accepted    10896/   50001 events (21.79%)
Processed    60000/  221276 entries, 27.12% (elapsed time   144.1s, curr speed    0.425 kHz, avg speed    0.416 kHz), accepted    13073/   60001 events (21.79%)
Processed    70000/  221276 entries, 31.63% (elapsed time   168.2s, curr speed    0.416 kHz, avg speed    0.416 kHz), accepted    15354/   70001 events (21.93%)
Processed    80000/  221276 entries, 36.15% (elapsed time   192.0s, curr speed    0.419 kHz, avg speed    0.417 kHz), accepted    17619/   80001 events (22.02%)
Processed    90000/  221276 entries, 40.67% (elapsed time   217.4s, curr speed    0.394 kHz, avg speed    0.414 kHz), accepted    19797/   90001 events (22.00%)
Processed   100000/  221276 entries, 45.19% (elapsed time   242.0s, curr speed    0.406 kHz, avg speed    0.413 kHz), accepted    21967/  100001 events (21.97%)
Processed   110000/  221276 entries, 49.71% (elapsed time   266.4s, curr speed    0.410 kHz, avg speed    0.413 kHz), accepted    24045/  110001 events (21.86%)
Processed   120000/  221276 entries, 54.23% (elapsed time   289.5s, curr speed    0.432 kHz, avg speed    0.415 kHz), accepted    25911/  120001 events (21.59%)
Processed   130000/  221276 entries, 58.75% (elapsed time   312.4s, curr speed    0.437 kHz, avg speed    0.416 kHz), accepted    27764/  130001 events (21.36%)
Processed   140000/  221276 entries, 63.27% (elapsed time   339.7s, curr speed    0.366 kHz, avg speed    0.412 kHz), accepted    29827/  140001 events (21.30%)
Processed   150000/  221276 entries, 67.79% (elapsed time   366.2s, curr speed    0.378 kHz, avg speed    0.410 kHz), accepted    32141/  150001 events (21.43%)
Processed   160000/  221276 entries, 72.31% (elapsed time   389.4s, curr speed    0.432 kHz, avg speed    0.411 kHz), accepted    34025/  160001 events (21.27%)
Processed   170000/  221276 entries, 76.83% (elapsed time   414.6s, curr speed    0.397 kHz, avg speed    0.410 kHz), accepted    35914/  170001 events (21.13%)
Processed   180000/  221276 entries, 81.35% (elapsed time   441.2s, curr speed    0.376 kHz, avg speed    0.408 kHz), accepted    37954/  180001 events (21.09%)
Processed   190000/  221276 entries, 85.87% (elapsed time   467.7s, curr speed    0.376 kHz, avg speed    0.406 kHz), accepted    40000/  190001 events (21.05%)
Processed   200000/  221276 entries, 90.38% (elapsed time   491.0s, curr speed    0.429 kHz, avg speed    0.407 kHz), accepted    41973/  200001 events (20.99%)
Processed   210000/  221276 entries, 94.90% (elapsed time   511.7s, curr speed    0.483 kHz, avg speed    0.410 kHz), accepted    43583/  210001 events (20.75%)
Processed   220000/  221276 entries, 99.42% (elapsed time   533.9s, curr speed    0.452 kHz, avg speed    0.412 kHz), accepted    45386/  220001 events (20.63%)
Processed 221276 preselected entries from root://cmsxrootd.fnal.gov//store/data/Run2018D/JetHT/NANOAOD/UL2018_MiniAODv2_NanoAODv9-v2/2540000/7329DBC5-0FC5-164E-BD15-1661C0BC738F.root (2178634 entries). Finally selected 45626 entries
Total time 550.7 sec. to process 2178634 events. Rate = 3956.3 Hz.
Running pwd:
/storage/local/data1/condor/execute/dir_55322
Running ls -alrth:
total 176K
-rw-r--r--  1 shardulr fnalgrid 5.0K Jun 22 20:13 .job.ad
-rw-r--r--  1 shardulr fnalgrid  14K Jun 22 20:13 .machine.ad
-rwx------  1 shardulr fnalgrid   49 Jun 22 20:13 .chirp.config
-rw-------  1 shardulr fnalgrid  11K Jun 22 20:13 x509up
drwxr-xr-x  2 shardulr fnalgrid 4.0K Jun 22 20:13 samples
-rw-r--r--  1 shardulr fnalgrid  62K Jun 22 20:13 singleStopAnalyzer.py
-rwxr-xr-x  1 shardulr fnalgrid  705 Jun 22 20:13 condor_exec.exe
-rw-r--r--  1 shardulr fnalgrid  951 Jun 22 20:13 bJetMatcher.py
-rw-r--r--  1 shardulr fnalgrid    0 Jun 22 20:13 docker_stderror
drwxrwxrwt  2 shardulr fnalgrid 4.0K Jun 22 20:13 tmp
drwxrwxrwt  3 shardulr fnalgrid 4.0K Jun 22 20:13 var
drwxr-xr-x  3 root     root     4.0K Jun 22 20:14 ..
srwxr-xr-x  1 shardulr fnalgrid    0 Jun 22 20:14 .docker_sock
drwxr-xr-x 17 shardulr fnalgrid 4.0K Jun 22 20:14 CMSSW_10_6_19_patch2
drwxr-xr-x  2 shardulr fnalgrid 4.0K Jun 22 20:14 framework
-rw-r--r--  1 shardulr fnalgrid 1.7K Jun 22 20:14 bJetMatcher.pyc
drwxr-xr-x  3 shardulr fnalgrid 4.0K Jun 22 20:14 output
-rw-r--r--  1 shardulr fnalgrid  215 Jun 22 20:14 _condor_stderr
-rw-r--r--  1 shardulr fnalgrid  13K Jun 22 20:23 .update.ad
drwx------  8 shardulr fnalgrid 4.0K Jun 22 20:23 .
-rw-r--r--  1 shardulr fnalgrid 5.7K Jun 22 20:23 _condor_stdout
