[FERMIHTC-APPTAINER]: INFO -- No Apptainer image specified
[FERMIHTC-APPTAINER]: INFO -- Running job on the host machine

[FERMIHTC-APPTAINER]: INFO -- Running ./condor_exec.exe
Starting job on  Thu Jun 22 20:09:34 UTC 2023
Running on: Linux shardulr-32358499-50-cmswn2079.fnal.gov 3.10.0-1160.90.1.el7.x86_64 #1 SMP Thu Apr 27 13:14:20 CDT 2023 x86_64 x86_64 x86_64 GNU/Linux
System software: Scientific Linux release 7.9 (Nitrogen)
Running ls -alrth:
total 164K
-rw-r--r--  1 shardulr fnalgrid 5.0K Jun 22 20:09 .job.ad
-rw-r--r--  1 shardulr fnalgrid  14K Jun 22 20:09 .machine.ad
-rwx------  1 shardulr fnalgrid   49 Jun 22 20:09 .chirp.config
-rw-------  1 shardulr fnalgrid  11K Jun 22 20:09 x509up
drwxr-xr-x  2 shardulr fnalgrid 4.0K Jun 22 20:09 samples
drwxr-xr-x  2 shardulr fnalgrid 4.0K Jun 22 20:09 framework
-rw-r--r--  1 shardulr fnalgrid  62K Jun 22 20:09 singleStopAnalyzer.py
-rw-r--r--  1 shardulr fnalgrid  951 Jun 22 20:09 bJetMatcher.py
-rwxr-xr-x  1 shardulr fnalgrid  704 Jun 22 20:09 condor_exec.exe
-rw-r--r--  1 shardulr fnalgrid    0 Jun 22 20:09 docker_stderror
drwxrwxrwt  3 shardulr fnalgrid 4.0K Jun 22 20:09 var
drwxrwxrwt  2 shardulr fnalgrid 4.0K Jun 22 20:09 tmp
-rw-r--r--  1 shardulr fnalgrid  13K Jun 22 20:09 .update.ad
drwxr-xr-x  3 root     root     4.0K Jun 22 20:09 ..
srwxr-xr-x  1 shardulr fnalgrid    0 Jun 22 20:09 .docker_sock
-rw-r--r--  1 shardulr fnalgrid  113 Jun 22 20:09 _condor_stderr
drwx------  7 shardulr fnalgrid 4.0K Jun 22 20:09 .
drwxr-xr-x 17 shardulr fnalgrid 4.0K Jun 22 20:09 CMSSW_10_6_19_patch2
-rw-r--r--  1 shardulr fnalgrid  453 Jun 22 20:09 _condor_stdout
/storage/local/data1/condor/execute/dir_43375/CMSSW_10_6_19_patch2 is the CMSSW we created on the local worker node
Running over Data2018 files
Blinding data, only using CR cuts (0 loose b's)
Using UL 2018 campaign working points
Pre-select 111790 entries out of 1192015 (9.38%)
Processed    10000/  111790 entries,  8.95% (elapsed time    31.5s, curr speed    0.318 kHz, avg speed    0.318 kHz), accepted     1562/   10001 events (15.62%)
Processed    20000/  111790 entries, 17.89% (elapsed time    64.1s, curr speed    0.307 kHz, avg speed    0.312 kHz), accepted     3613/   20001 events (18.06%)
Processed    30000/  111790 entries, 26.84% (elapsed time    96.9s, curr speed    0.304 kHz, avg speed    0.310 kHz), accepted     5593/   30001 events (18.64%)
Processed    40000/  111790 entries, 35.78% (elapsed time   129.9s, curr speed    0.304 kHz, avg speed    0.308 kHz), accepted     7544/   40001 events (18.86%)
Processed    50000/  111790 entries, 44.73% (elapsed time   163.2s, curr speed    0.300 kHz, avg speed    0.306 kHz), accepted     9530/   50001 events (19.06%)
Processed    60000/  111790 entries, 53.67% (elapsed time   196.8s, curr speed    0.298 kHz, avg speed    0.305 kHz), accepted    11597/   60001 events (19.33%)
Processed    70000/  111790 entries, 62.62% (elapsed time   230.0s, curr speed    0.301 kHz, avg speed    0.304 kHz), accepted    13673/   70001 events (19.53%)
Processed    80000/  111790 entries, 71.56% (elapsed time   262.9s, curr speed    0.304 kHz, avg speed    0.304 kHz), accepted    15660/   80001 events (19.57%)
Processed    90000/  111790 entries, 80.51% (elapsed time   295.4s, curr speed    0.307 kHz, avg speed    0.305 kHz), accepted    17482/   90001 events (19.42%)
Processed   100000/  111790 entries, 89.45% (elapsed time   326.5s, curr speed    0.321 kHz, avg speed    0.306 kHz), accepted    19084/  100001 events (19.08%)
Processed   110000/  111790 entries, 98.40% (elapsed time   358.4s, curr speed    0.314 kHz, avg speed    0.307 kHz), accepted    20677/  110001 events (18.80%)
Processed 111790 preselected entries from root://cmsxrootd.fnal.gov//store/data/Run2018A/JetHT/NANOAOD/UL2018_MiniAODv2_NanoAODv9-v2/250000/5EE23448-3B3C-B040-BA3E-2A976161D1DF.root (1192015 entries). Finally selected 21010 entries
Total time 375.3 sec. to process 1192015 events. Rate = 3176.2 Hz.
Running pwd:
/storage/local/data1/condor/execute/dir_43375
Running ls -alrth:
total 172K
-rw-r--r--  1 shardulr fnalgrid 5.0K Jun 22 20:09 .job.ad
-rw-r--r--  1 shardulr fnalgrid  14K Jun 22 20:09 .machine.ad
-rwx------  1 shardulr fnalgrid   49 Jun 22 20:09 .chirp.config
-rw-------  1 shardulr fnalgrid  11K Jun 22 20:09 x509up
drwxr-xr-x  2 shardulr fnalgrid 4.0K Jun 22 20:09 samples
-rw-r--r--  1 shardulr fnalgrid  62K Jun 22 20:09 singleStopAnalyzer.py
-rw-r--r--  1 shardulr fnalgrid  951 Jun 22 20:09 bJetMatcher.py
-rwxr-xr-x  1 shardulr fnalgrid  704 Jun 22 20:09 condor_exec.exe
-rw-r--r--  1 shardulr fnalgrid    0 Jun 22 20:09 docker_stderror
drwxrwxrwt  3 shardulr fnalgrid 4.0K Jun 22 20:09 var
drwxrwxrwt  2 shardulr fnalgrid 4.0K Jun 22 20:09 tmp
drwxr-xr-x  3 root     root     4.0K Jun 22 20:09 ..
srwxr-xr-x  1 shardulr fnalgrid    0 Jun 22 20:09 .docker_sock
drwxr-xr-x 17 shardulr fnalgrid 4.0K Jun 22 20:09 CMSSW_10_6_19_patch2
drwxr-xr-x  2 shardulr fnalgrid 4.0K Jun 22 20:09 framework
-rw-r--r--  1 shardulr fnalgrid 1.7K Jun 22 20:09 bJetMatcher.pyc
drwxr-xr-x  3 shardulr fnalgrid 4.0K Jun 22 20:09 output
-rw-r--r--  1 shardulr fnalgrid  215 Jun 22 20:09 _condor_stderr
-rw-r--r--  1 shardulr fnalgrid  13K Jun 22 20:15 .update.ad
drwx------  8 shardulr fnalgrid 4.0K Jun 22 20:15 .
-rw-r--r--  1 shardulr fnalgrid 4.0K Jun 22 20:15 _condor_stdout
