[FERMIHTC-APPTAINER]: INFO -- No Apptainer image specified
[FERMIHTC-APPTAINER]: INFO -- Running job on the host machine

[FERMIHTC-APPTAINER]: INFO -- Running ./condor_exec.exe
Starting job on  Thu Jun 22 20:16:15 UTC 2023
Running on: Linux shardulr-32358499-361-cmswn2088.fnal.gov 3.10.0-1160.90.1.el7.x86_64 #1 SMP Thu Apr 27 13:14:20 CDT 2023 x86_64 x86_64 x86_64 GNU/Linux
System software: Scientific Linux release 7.9 (Nitrogen)
Running ls -alrth:
total 164K
-rw-r--r--  1 shardulr fnalgrid 5.0K Jun 22 20:15 .job.ad
-rw-r--r--  1 shardulr fnalgrid  13K Jun 22 20:15 .machine.ad
-rwx------  1 shardulr fnalgrid   49 Jun 22 20:15 .chirp.config
-rw-------  1 shardulr fnalgrid  11K Jun 22 20:15 x509up
drwxr-xr-x  2 shardulr fnalgrid 4.0K Jun 22 20:15 samples
drwxr-xr-x  2 shardulr fnalgrid 4.0K Jun 22 20:15 framework
-rw-r--r--  1 shardulr fnalgrid  62K Jun 22 20:15 singleStopAnalyzer.py
-rw-r--r--  1 shardulr fnalgrid  951 Jun 22 20:15 bJetMatcher.py
-rwxr-xr-x  1 shardulr fnalgrid  705 Jun 22 20:15 condor_exec.exe
-rw-r--r--  1 shardulr fnalgrid    0 Jun 22 20:15 docker_stderror
drwxrwxrwt  2 shardulr fnalgrid 4.0K Jun 22 20:15 tmp
drwxrwxrwt  3 shardulr fnalgrid 4.0K Jun 22 20:15 var
-rw-r--r--  1 shardulr fnalgrid  13K Jun 22 20:16 .update.ad
drwxr-xr-x  3 root     root     4.0K Jun 22 20:16 ..
srwxr-xr-x  1 shardulr fnalgrid    0 Jun 22 20:16 .docker_sock
-rw-r--r--  1 shardulr fnalgrid  113 Jun 22 20:16 _condor_stderr
drwx------  7 shardulr fnalgrid 4.0K Jun 22 20:16 .
drwxr-xr-x 17 shardulr fnalgrid 4.0K Jun 22 20:16 CMSSW_10_6_19_patch2
-rw-r--r--  1 shardulr fnalgrid  454 Jun 22 20:16 _condor_stdout
/storage/local/data1/condor/execute/dir_32561/CMSSW_10_6_19_patch2 is the CMSSW we created on the local worker node
Running over Data2018 files
Blinding data, only using CR cuts (0 loose b's)
Using UL 2018 campaign working points
Pre-select 141518 entries out of 1475080 (9.59%)
Processed    10000/  141518 entries,  7.07% (elapsed time    27.4s, curr speed    0.364 kHz, avg speed    0.364 kHz), accepted     2204/   10001 events (22.04%)
Processed    20000/  141518 entries, 14.13% (elapsed time    53.7s, curr speed    0.380 kHz, avg speed    0.372 kHz), accepted     4327/   20001 events (21.63%)
Processed    30000/  141518 entries, 21.20% (elapsed time    79.8s, curr speed    0.383 kHz, avg speed    0.376 kHz), accepted     6409/   30001 events (21.36%)
Processed    40000/  141518 entries, 28.26% (elapsed time   105.7s, curr speed    0.386 kHz, avg speed    0.378 kHz), accepted     8550/   40001 events (21.37%)
Processed    50000/  141518 entries, 35.33% (elapsed time   131.0s, curr speed    0.394 kHz, avg speed    0.382 kHz), accepted    10551/   50001 events (21.10%)
Processed    60000/  141518 entries, 42.40% (elapsed time   156.9s, curr speed    0.387 kHz, avg speed    0.382 kHz), accepted    12646/   60001 events (21.08%)
Processed    70000/  141518 entries, 49.46% (elapsed time   181.4s, curr speed    0.408 kHz, avg speed    0.386 kHz), accepted    14556/   70001 events (20.79%)
Processed    80000/  141518 entries, 56.53% (elapsed time   205.5s, curr speed    0.414 kHz, avg speed    0.389 kHz), accepted    16397/   80001 events (20.50%)
Processed    90000/  141518 entries, 63.60% (elapsed time   231.0s, curr speed    0.393 kHz, avg speed    0.390 kHz), accepted    18516/   90001 events (20.57%)
Processed   100000/  141518 entries, 70.66% (elapsed time   256.9s, curr speed    0.386 kHz, avg speed    0.389 kHz), accepted    20668/  100001 events (20.67%)
Processed   110000/  141518 entries, 77.73% (elapsed time   282.0s, curr speed    0.398 kHz, avg speed    0.390 kHz), accepted    22674/  110001 events (20.61%)
Processed   120000/  141518 entries, 84.79% (elapsed time   307.8s, curr speed    0.387 kHz, avg speed    0.390 kHz), accepted    24637/  120001 events (20.53%)
Processed   130000/  141518 entries, 91.86% (elapsed time   332.3s, curr speed    0.409 kHz, avg speed    0.391 kHz), accepted    26558/  130001 events (20.43%)
Processed   140000/  141518 entries, 98.93% (elapsed time   356.6s, curr speed    0.411 kHz, avg speed    0.393 kHz), accepted    28381/  140001 events (20.27%)
Processed 141518 preselected entries from root://cmsxrootd.fnal.gov//store/data/Run2018D/JetHT/NANOAOD/UL2018_MiniAODv2_NanoAODv9-v2/2540000/DFC52D90-F786-FC4C-A6EE-687D53870C98.root (1475080 entries). Finally selected 28661 entries
Total time 370.6 sec. to process 1475080 events. Rate = 3980.7 Hz.
Running pwd:
/storage/local/data1/condor/execute/dir_32561
Running ls -alrth:
total 176K
-rw-r--r--  1 shardulr fnalgrid 5.0K Jun 22 20:15 .job.ad
-rw-r--r--  1 shardulr fnalgrid  13K Jun 22 20:15 .machine.ad
-rwx------  1 shardulr fnalgrid   49 Jun 22 20:15 .chirp.config
-rw-------  1 shardulr fnalgrid  11K Jun 22 20:15 x509up
drwxr-xr-x  2 shardulr fnalgrid 4.0K Jun 22 20:15 samples
-rw-r--r--  1 shardulr fnalgrid  62K Jun 22 20:15 singleStopAnalyzer.py
-rw-r--r--  1 shardulr fnalgrid  951 Jun 22 20:15 bJetMatcher.py
-rwxr-xr-x  1 shardulr fnalgrid  705 Jun 22 20:15 condor_exec.exe
-rw-r--r--  1 shardulr fnalgrid    0 Jun 22 20:15 docker_stderror
drwxrwxrwt  2 shardulr fnalgrid 4.0K Jun 22 20:15 tmp
drwxrwxrwt  3 shardulr fnalgrid 4.0K Jun 22 20:15 var
drwxr-xr-x  3 root     root     4.0K Jun 22 20:16 ..
srwxr-xr-x  1 shardulr fnalgrid    0 Jun 22 20:16 .docker_sock
drwxr-xr-x 17 shardulr fnalgrid 4.0K Jun 22 20:16 CMSSW_10_6_19_patch2
drwxr-xr-x  2 shardulr fnalgrid 4.0K Jun 22 20:16 framework
-rw-r--r--  1 shardulr fnalgrid 1.7K Jun 22 20:16 bJetMatcher.pyc
drwxr-xr-x  3 shardulr fnalgrid 4.0K Jun 22 20:16 output
-rw-r--r--  1 shardulr fnalgrid  215 Jun 22 20:16 _condor_stderr
-rw-r--r--  1 shardulr fnalgrid  13K Jun 22 20:22 .update.ad
drwx------  8 shardulr fnalgrid 4.0K Jun 22 20:22 .
-rw-r--r--  1 shardulr fnalgrid 4.5K Jun 22 20:22 _condor_stdout
