[FERMIHTC-APPTAINER]: INFO -- No Apptainer image specified
[FERMIHTC-APPTAINER]: INFO -- Running job on the host machine

[FERMIHTC-APPTAINER]: INFO -- Running ./condor_exec.exe
Starting job on  Thu Jun 22 20:13:12 UTC 2023
Running on: Linux shardulr-32358499-222-cmswn2038.fnal.gov 3.10.0-1160.90.1.el7.x86_64 #1 SMP Thu Apr 27 13:14:20 CDT 2023 x86_64 x86_64 x86_64 GNU/Linux
System software: Scientific Linux release 7.9 (Nitrogen)
Running ls -alrth:
total 164K
-rw-r--r--  1 shardulr fnalgrid  13K Jun 22 20:12 .machine.ad
-rw-r--r--  1 shardulr fnalgrid 5.0K Jun 22 20:12 .job.ad
-rwx------  1 shardulr fnalgrid   49 Jun 22 20:12 .chirp.config
-rw-------  1 shardulr fnalgrid  11K Jun 22 20:12 x509up
drwxr-xr-x  2 shardulr fnalgrid 4.0K Jun 22 20:12 samples
drwxr-xr-x  2 shardulr fnalgrid 4.0K Jun 22 20:12 framework
-rw-r--r--  1 shardulr fnalgrid  62K Jun 22 20:12 singleStopAnalyzer.py
-rwxr-xr-x  1 shardulr fnalgrid  705 Jun 22 20:12 condor_exec.exe
-rw-r--r--  1 shardulr fnalgrid  951 Jun 22 20:12 bJetMatcher.py
-rw-r--r--  1 shardulr fnalgrid    0 Jun 22 20:12 docker_stderror
drwxrwxrwt  3 shardulr fnalgrid 4.0K Jun 22 20:12 var
drwxrwxrwt  2 shardulr fnalgrid 4.0K Jun 22 20:12 tmp
-rw-r--r--  1 shardulr fnalgrid  13K Jun 22 20:12 .update.ad
drwxr-xr-x  3 root     root     4.0K Jun 22 20:13 ..
srwxr-xr-x  1 shardulr fnalgrid    0 Jun 22 20:13 .docker_sock
-rw-r--r--  1 shardulr fnalgrid  113 Jun 22 20:13 _condor_stderr
drwx------  7 shardulr fnalgrid 4.0K Jun 22 20:13 .
drwxr-xr-x 17 shardulr fnalgrid 4.0K Jun 22 20:13 CMSSW_10_6_19_patch2
-rw-r--r--  1 shardulr fnalgrid  454 Jun 22 20:13 _condor_stdout
/storage/local/data1/condor/execute/dir_48428/CMSSW_10_6_19_patch2 is the CMSSW we created on the local worker node
Running over Data2018 files
Blinding data, only using CR cuts (0 loose b's)
Using UL 2018 campaign working points
Pre-select 46686 entries out of 456476 (10.23%)
Processed    10000/   46686 entries, 21.42% (elapsed time    40.8s, curr speed    0.245 kHz, avg speed    0.245 kHz), accepted     2141/   10001 events (21.41%)
Processed    20000/   46686 entries, 42.84% (elapsed time    80.3s, curr speed    0.253 kHz, avg speed    0.249 kHz), accepted     4234/   20001 events (21.17%)
Processed    30000/   46686 entries, 64.26% (elapsed time   119.6s, curr speed    0.255 kHz, avg speed    0.251 kHz), accepted     6010/   30001 events (20.03%)
Processed    40000/   46686 entries, 85.68% (elapsed time   160.9s, curr speed    0.242 kHz, avg speed    0.249 kHz), accepted     7873/   40001 events (19.68%)
Processed 46686 preselected entries from root://cmsxrootd.fnal.gov//store/data/Run2018C/JetHT/NANOAOD/UL2018_MiniAODv2_NanoAODv9-v1/130000/DD61F905-6B3B-8E44-927C-FC37AF97F2D4.root (456476 entries). Finally selected 9106 entries
Total time 205.1 sec. to process 456476 events. Rate = 2225.4 Hz.
Running pwd:
/storage/local/data1/condor/execute/dir_48428
Running ls -alrth:
total 172K
-rw-r--r--  1 shardulr fnalgrid  13K Jun 22 20:12 .machine.ad
-rw-r--r--  1 shardulr fnalgrid 5.0K Jun 22 20:12 .job.ad
-rwx------  1 shardulr fnalgrid   49 Jun 22 20:12 .chirp.config
-rw-------  1 shardulr fnalgrid  11K Jun 22 20:12 x509up
drwxr-xr-x  2 shardulr fnalgrid 4.0K Jun 22 20:12 samples
-rw-r--r--  1 shardulr fnalgrid  62K Jun 22 20:12 singleStopAnalyzer.py
-rwxr-xr-x  1 shardulr fnalgrid  705 Jun 22 20:12 condor_exec.exe
-rw-r--r--  1 shardulr fnalgrid  951 Jun 22 20:12 bJetMatcher.py
-rw-r--r--  1 shardulr fnalgrid    0 Jun 22 20:12 docker_stderror
drwxrwxrwt  3 shardulr fnalgrid 4.0K Jun 22 20:12 var
drwxrwxrwt  2 shardulr fnalgrid 4.0K Jun 22 20:12 tmp
drwxr-xr-x  3 root     root     4.0K Jun 22 20:13 ..
srwxr-xr-x  1 shardulr fnalgrid    0 Jun 22 20:13 .docker_sock
-rw-r--r--  1 shardulr fnalgrid  113 Jun 22 20:13 _condor_stderr
drwxr-xr-x 17 shardulr fnalgrid 4.0K Jun 22 20:13 CMSSW_10_6_19_patch2
drwxr-xr-x  2 shardulr fnalgrid 4.0K Jun 22 20:13 framework
-rw-r--r--  1 shardulr fnalgrid 1.7K Jun 22 20:13 bJetMatcher.pyc
drwxr-xr-x  3 shardulr fnalgrid 4.0K Jun 22 20:13 output
-rw-r--r--  1 shardulr fnalgrid  13K Jun 22 20:15 .update.ad
drwx------  8 shardulr fnalgrid 4.0K Jun 22 20:15 .
-rw-r--r--  1 shardulr fnalgrid 2.9K Jun 22 20:16 _condor_stdout
