[FERMIHTC-APPTAINER]: INFO -- No Apptainer image specified
[FERMIHTC-APPTAINER]: INFO -- Running job on the host machine

[FERMIHTC-APPTAINER]: INFO -- Running ./condor_exec.exe
Starting job on  Thu Jun 22 20:16:30 UTC 2023
Running on: Linux shardulr-32358499-375-cmswn2064.fnal.gov 3.10.0-1160.90.1.el7.x86_64 #1 SMP Thu Apr 27 13:14:20 CDT 2023 x86_64 x86_64 x86_64 GNU/Linux
System software: Scientific Linux release 7.9 (Nitrogen)
Running ls -alrth:
total 164K
-rw-r--r--  1 shardulr fnalgrid 5.1K Jun 22 20:16 .job.ad
-rw-r--r--  1 shardulr fnalgrid  13K Jun 22 20:16 .machine.ad
-rwx------  1 shardulr fnalgrid   49 Jun 22 20:16 .chirp.config
-rw-------  1 shardulr fnalgrid  11K Jun 22 20:16 x509up
drwxr-xr-x  2 shardulr fnalgrid 4.0K Jun 22 20:16 samples
drwxr-xr-x  2 shardulr fnalgrid 4.0K Jun 22 20:16 framework
-rw-r--r--  1 shardulr fnalgrid  62K Jun 22 20:16 singleStopAnalyzer.py
-rw-r--r--  1 shardulr fnalgrid  951 Jun 22 20:16 bJetMatcher.py
-rwxr-xr-x  1 shardulr fnalgrid  705 Jun 22 20:16 condor_exec.exe
-rw-r--r--  1 shardulr fnalgrid    0 Jun 22 20:16 docker_stderror
drwxrwxrwt  3 shardulr fnalgrid 4.0K Jun 22 20:16 var
drwxrwxrwt  2 shardulr fnalgrid 4.0K Jun 22 20:16 tmp
-rw-r--r--  1 shardulr fnalgrid  13K Jun 22 20:16 .update.ad
drwxr-xr-x  3 root     root     4.0K Jun 22 20:16 ..
srwxr-xr-x  1 shardulr fnalgrid    0 Jun 22 20:16 .docker_sock
-rw-r--r--  1 shardulr fnalgrid  113 Jun 22 20:16 _condor_stderr
drwx------  7 shardulr fnalgrid 4.0K Jun 22 20:16 .
drwxr-xr-x 17 shardulr fnalgrid 4.0K Jun 22 20:16 CMSSW_10_6_19_patch2
-rw-r--r--  1 shardulr fnalgrid  454 Jun 22 20:16 _condor_stdout
/storage/local/data1/condor/execute/dir_44459/CMSSW_10_6_19_patch2 is the CMSSW we created on the local worker node
Running over Data2018 files
Blinding data, only using CR cuts (0 loose b's)
Using UL 2018 campaign working points
Pre-select 148237 entries out of 1528744 (9.70%)
Processed    10000/  148237 entries,  6.75% (elapsed time    25.2s, curr speed    0.397 kHz, avg speed    0.397 kHz), accepted     1995/   10001 events (19.95%)
Processed    20000/  148237 entries, 13.49% (elapsed time    49.3s, curr speed    0.414 kHz, avg speed    0.406 kHz), accepted     3924/   20001 events (19.62%)
Processed    30000/  148237 entries, 20.24% (elapsed time    73.9s, curr speed    0.408 kHz, avg speed    0.406 kHz), accepted     5800/   30001 events (19.33%)
Processed    40000/  148237 entries, 26.98% (elapsed time    99.5s, curr speed    0.391 kHz, avg speed    0.402 kHz), accepted     7904/   40001 events (19.76%)
Processed    50000/  148237 entries, 33.73% (elapsed time   125.1s, curr speed    0.390 kHz, avg speed    0.400 kHz), accepted    10143/   50001 events (20.29%)
Processed    60000/  148237 entries, 40.48% (elapsed time   150.8s, curr speed    0.389 kHz, avg speed    0.398 kHz), accepted    12395/   60001 events (20.66%)
Processed    70000/  148237 entries, 47.22% (elapsed time   177.0s, curr speed    0.382 kHz, avg speed    0.396 kHz), accepted    14746/   70001 events (21.07%)
Processed    80000/  148237 entries, 53.97% (elapsed time   202.8s, curr speed    0.387 kHz, avg speed    0.394 kHz), accepted    16954/   80001 events (21.19%)
Processed    90000/  148237 entries, 60.71% (elapsed time   228.6s, curr speed    0.388 kHz, avg speed    0.394 kHz), accepted    19170/   90001 events (21.30%)
Processed   100000/  148237 entries, 67.46% (elapsed time   254.4s, curr speed    0.387 kHz, avg speed    0.393 kHz), accepted    21473/  100001 events (21.47%)
Processed   110000/  148237 entries, 74.21% (elapsed time   279.9s, curr speed    0.392 kHz, avg speed    0.393 kHz), accepted    23709/  110001 events (21.55%)
Processed   120000/  148237 entries, 80.95% (elapsed time   305.7s, curr speed    0.388 kHz, avg speed    0.393 kHz), accepted    26016/  120001 events (21.68%)
Processed   130000/  148237 entries, 87.70% (elapsed time   332.1s, curr speed    0.378 kHz, avg speed    0.391 kHz), accepted    28174/  130001 events (21.67%)
Processed   140000/  148237 entries, 94.44% (elapsed time   361.1s, curr speed    0.345 kHz, avg speed    0.388 kHz), accepted    30091/  140001 events (21.49%)
Processed 148237 preselected entries from root://cmsxrootd.fnal.gov//store/data/Run2018D/JetHT/NANOAOD/UL2018_MiniAODv2_NanoAODv9-v2/2810000/660F0A11-F04A-AE43-A7B9-BA40FD0EC686.root (1528744 entries). Finally selected 31995 entries
Total time 394.0 sec. to process 1528744 events. Rate = 3880.1 Hz.
Running pwd:
/storage/local/data1/condor/execute/dir_44459
Running ls -alrth:
total 176K
-rw-r--r--  1 shardulr fnalgrid 5.1K Jun 22 20:16 .job.ad
-rw-r--r--  1 shardulr fnalgrid  13K Jun 22 20:16 .machine.ad
-rwx------  1 shardulr fnalgrid   49 Jun 22 20:16 .chirp.config
-rw-------  1 shardulr fnalgrid  11K Jun 22 20:16 x509up
drwxr-xr-x  2 shardulr fnalgrid 4.0K Jun 22 20:16 samples
-rw-r--r--  1 shardulr fnalgrid  62K Jun 22 20:16 singleStopAnalyzer.py
-rw-r--r--  1 shardulr fnalgrid  951 Jun 22 20:16 bJetMatcher.py
-rwxr-xr-x  1 shardulr fnalgrid  705 Jun 22 20:16 condor_exec.exe
-rw-r--r--  1 shardulr fnalgrid    0 Jun 22 20:16 docker_stderror
drwxrwxrwt  3 shardulr fnalgrid 4.0K Jun 22 20:16 var
drwxrwxrwt  2 shardulr fnalgrid 4.0K Jun 22 20:16 tmp
drwxr-xr-x  3 root     root     4.0K Jun 22 20:16 ..
srwxr-xr-x  1 shardulr fnalgrid    0 Jun 22 20:16 .docker_sock
drwxr-xr-x 17 shardulr fnalgrid 4.0K Jun 22 20:16 CMSSW_10_6_19_patch2
drwxr-xr-x  2 shardulr fnalgrid 4.0K Jun 22 20:16 framework
-rw-r--r--  1 shardulr fnalgrid 1.7K Jun 22 20:16 bJetMatcher.pyc
drwxr-xr-x  3 shardulr fnalgrid 4.0K Jun 22 20:16 output
-rw-r--r--  1 shardulr fnalgrid  215 Jun 22 20:16 _condor_stderr
-rw-r--r--  1 shardulr fnalgrid  13K Jun 22 20:23 .update.ad
drwx------  8 shardulr fnalgrid 4.0K Jun 22 20:23 .
-rw-r--r--  1 shardulr fnalgrid 4.5K Jun 22 20:23 _condor_stdout
