[FERMIHTC-APPTAINER]: INFO -- No Apptainer image specified
[FERMIHTC-APPTAINER]: INFO -- Running job on the host machine

[FERMIHTC-APPTAINER]: INFO -- Running ./condor_exec.exe
Starting job on  Thu Jun 22 20:17:47 UTC 2023
Running on: Linux shardulr-32358499-450-cmswn2102.fnal.gov 3.10.0-1160.90.1.el7.x86_64 #1 SMP Thu Apr 27 13:14:20 CDT 2023 x86_64 x86_64 x86_64 GNU/Linux
System software: Scientific Linux release 7.9 (Nitrogen)
Running ls -alrth:
total 156K
-rw-r--r--  1 shardulr fnalgrid 5.0K Jun 22 20:17 .job.ad
-rw-r--r--  1 shardulr fnalgrid  11K Jun 22 20:17 .machine.ad
-rwx------  1 shardulr fnalgrid   49 Jun 22 20:17 .chirp.config
-rw-------  1 shardulr fnalgrid  11K Jun 22 20:17 x509up
drwxr-xr-x  2 shardulr fnalgrid 4.0K Jun 22 20:17 samples
drwxr-xr-x  2 shardulr fnalgrid 4.0K Jun 22 20:17 framework
-rw-r--r--  1 shardulr fnalgrid  62K Jun 22 20:17 singleStopAnalyzer.py
-rw-r--r--  1 shardulr fnalgrid  951 Jun 22 20:17 bJetMatcher.py
-rwxr-xr-x  1 shardulr fnalgrid  705 Jun 22 20:17 condor_exec.exe
-rw-r--r--  1 shardulr fnalgrid    0 Jun 22 20:17 docker_stderror
drwxrwxrwt  3 shardulr fnalgrid 4.0K Jun 22 20:17 var
drwxrwxrwt  2 shardulr fnalgrid 4.0K Jun 22 20:17 tmp
-rw-r--r--  1 shardulr fnalgrid  11K Jun 22 20:17 .update.ad
drwxr-xr-x  3 root     root     4.0K Jun 22 20:17 ..
srwxr-xr-x  1 shardulr fnalgrid    0 Jun 22 20:17 .docker_sock
-rw-r--r--  1 shardulr fnalgrid  113 Jun 22 20:17 _condor_stderr
drwx------  7 shardulr fnalgrid 4.0K Jun 22 20:17 .
drwxr-xr-x 17 shardulr fnalgrid 4.0K Jun 22 20:17 CMSSW_10_6_19_patch2
-rw-r--r--  1 shardulr fnalgrid  454 Jun 22 20:17 _condor_stdout
/storage/local/data1/condor/execute/dir_40483/CMSSW_10_6_19_patch2 is the CMSSW we created on the local worker node
Running over Data2018 files
Blinding data, only using CR cuts (0 loose b's)
Using UL 2018 campaign working points
Pre-select 200594 entries out of 2061588 (9.73%)
Processed    10000/  200594 entries,  4.99% (elapsed time    29.4s, curr speed    0.340 kHz, avg speed    0.340 kHz), accepted     1704/   10001 events (17.04%)
Processed    20000/  200594 entries,  9.97% (elapsed time    59.5s, curr speed    0.333 kHz, avg speed    0.336 kHz), accepted     3620/   20001 events (18.10%)
Processed    30000/  200594 entries, 14.96% (elapsed time    90.1s, curr speed    0.326 kHz, avg speed    0.333 kHz), accepted     5600/   30001 events (18.67%)
Processed    40000/  200594 entries, 19.94% (elapsed time   122.3s, curr speed    0.311 kHz, avg speed    0.327 kHz), accepted     7778/   40001 events (19.44%)
Processed    50000/  200594 entries, 24.93% (elapsed time   153.0s, curr speed    0.325 kHz, avg speed    0.327 kHz), accepted     9689/   50001 events (19.38%)
Processed    60000/  200594 entries, 29.91% (elapsed time   183.7s, curr speed    0.326 kHz, avg speed    0.327 kHz), accepted    11739/   60001 events (19.56%)
Processed    70000/  200594 entries, 34.90% (elapsed time   216.4s, curr speed    0.306 kHz, avg speed    0.323 kHz), accepted    14010/   70001 events (20.01%)
Processed    80000/  200594 entries, 39.88% (elapsed time   248.9s, curr speed    0.308 kHz, avg speed    0.321 kHz), accepted    16299/   80001 events (20.37%)
Processed    90000/  200594 entries, 44.87% (elapsed time   282.1s, curr speed    0.301 kHz, avg speed    0.319 kHz), accepted    18687/   90001 events (20.76%)
Processed   100000/  200594 entries, 49.85% (elapsed time   315.5s, curr speed    0.299 kHz, avg speed    0.317 kHz), accepted    21029/  100001 events (21.03%)
Processed   110000/  200594 entries, 54.84% (elapsed time   348.5s, curr speed    0.303 kHz, avg speed    0.316 kHz), accepted    23350/  110001 events (21.23%)
Processed   120000/  200594 entries, 59.82% (elapsed time   380.2s, curr speed    0.316 kHz, avg speed    0.316 kHz), accepted    25463/  120001 events (21.22%)
Processed   130000/  200594 entries, 64.81% (elapsed time   412.6s, curr speed    0.309 kHz, avg speed    0.315 kHz), accepted    27696/  130001 events (21.30%)
Processed   140000/  200594 entries, 69.79% (elapsed time   444.9s, curr speed    0.309 kHz, avg speed    0.315 kHz), accepted    29934/  140001 events (21.38%)
Processed   150000/  200594 entries, 74.78% (elapsed time   477.4s, curr speed    0.308 kHz, avg speed    0.314 kHz), accepted    32198/  150001 events (21.47%)
Processed   160000/  200594 entries, 79.76% (elapsed time   506.9s, curr speed    0.338 kHz, avg speed    0.316 kHz), accepted    34596/  160001 events (21.62%)
Processed   170000/  200594 entries, 84.75% (elapsed time   534.6s, curr speed    0.361 kHz, avg speed    0.318 kHz), accepted    36843/  170001 events (21.67%)
Processed   180000/  200594 entries, 89.73% (elapsed time   561.8s, curr speed    0.368 kHz, avg speed    0.320 kHz), accepted    39233/  180001 events (21.80%)
Processed   190000/  200594 entries, 94.72% (elapsed time   588.3s, curr speed    0.377 kHz, avg speed    0.323 kHz), accepted    41081/  190001 events (21.62%)
Processed   200000/  200594 entries, 99.70% (elapsed time   614.6s, curr speed    0.381 kHz, avg speed    0.325 kHz), accepted    43297/  200001 events (21.65%)
Processed 200594 preselected entries from root://cmsxrootd.fnal.gov//store/data/Run2018D/JetHT/NANOAOD/UL2018_MiniAODv2_NanoAODv9-v2/2430000/3196BD7B-2EF4-5F47-B785-9C6D0C989886.root (2061588 entries). Finally selected 43426 entries
Total time 625.9 sec. to process 2061588 events. Rate = 3293.7 Hz.
Running pwd:
/storage/local/data1/condor/execute/dir_40483
Running ls -alrth:
total 168K
-rw-r--r--  1 shardulr fnalgrid 5.0K Jun 22 20:17 .job.ad
-rw-r--r--  1 shardulr fnalgrid  11K Jun 22 20:17 .machine.ad
-rwx------  1 shardulr fnalgrid   49 Jun 22 20:17 .chirp.config
-rw-------  1 shardulr fnalgrid  11K Jun 22 20:17 x509up
drwxr-xr-x  2 shardulr fnalgrid 4.0K Jun 22 20:17 samples
-rw-r--r--  1 shardulr fnalgrid  62K Jun 22 20:17 singleStopAnalyzer.py
-rw-r--r--  1 shardulr fnalgrid  951 Jun 22 20:17 bJetMatcher.py
-rwxr-xr-x  1 shardulr fnalgrid  705 Jun 22 20:17 condor_exec.exe
-rw-r--r--  1 shardulr fnalgrid    0 Jun 22 20:17 docker_stderror
drwxrwxrwt  3 shardulr fnalgrid 4.0K Jun 22 20:17 var
drwxrwxrwt  2 shardulr fnalgrid 4.0K Jun 22 20:17 tmp
drwxr-xr-x  3 root     root     4.0K Jun 22 20:17 ..
srwxr-xr-x  1 shardulr fnalgrid    0 Jun 22 20:17 .docker_sock
drwxr-xr-x 17 shardulr fnalgrid 4.0K Jun 22 20:17 CMSSW_10_6_19_patch2
drwxr-xr-x  2 shardulr fnalgrid 4.0K Jun 22 20:17 framework
-rw-r--r--  1 shardulr fnalgrid 1.7K Jun 22 20:17 bJetMatcher.pyc
drwxr-xr-x  3 shardulr fnalgrid 4.0K Jun 22 20:17 output
-rw-r--r--  1 shardulr fnalgrid  215 Jun 22 20:17 _condor_stderr
-rw-r--r--  1 shardulr fnalgrid  11K Jun 22 20:27 .update.ad
drwx------  8 shardulr fnalgrid 4.0K Jun 22 20:27 .
-rw-r--r--  1 shardulr fnalgrid 5.4K Jun 22 20:28 _condor_stdout
