[FERMIHTC-APPTAINER]: INFO -- No Apptainer image specified
[FERMIHTC-APPTAINER]: INFO -- Running job on the host machine

[FERMIHTC-APPTAINER]: INFO -- Running ./condor_exec.exe
Starting job on  Thu Jun 22 20:09:30 UTC 2023
Running on: Linux shardulr-32358499-49-cmswn2046.fnal.gov 3.10.0-1160.90.1.el7.x86_64 #1 SMP Thu Apr 27 13:14:20 CDT 2023 x86_64 x86_64 x86_64 GNU/Linux
System software: Scientific Linux release 7.9 (Nitrogen)
Running ls -alrth:
total 156K
-rw-r--r--  1 shardulr fnalgrid  12K Jun 22 20:09 .machine.ad
-rw-r--r--  1 shardulr fnalgrid 5.0K Jun 22 20:09 .job.ad
-rwx------  1 shardulr fnalgrid   49 Jun 22 20:09 .chirp.config
-rw-------  1 shardulr fnalgrid  11K Jun 22 20:09 x509up
drwxr-xr-x  2 shardulr fnalgrid 4.0K Jun 22 20:09 samples
drwxr-xr-x  2 shardulr fnalgrid 4.0K Jun 22 20:09 framework
-rw-r--r--  1 shardulr fnalgrid  62K Jun 22 20:09 singleStopAnalyzer.py
-rw-r--r--  1 shardulr fnalgrid  951 Jun 22 20:09 bJetMatcher.py
-rwxr-xr-x  1 shardulr fnalgrid  704 Jun 22 20:09 condor_exec.exe
-rw-r--r--  1 shardulr fnalgrid    0 Jun 22 20:09 docker_stderror
drwxrwxrwt  2 shardulr fnalgrid 4.0K Jun 22 20:09 tmp
drwxrwxrwt  3 shardulr fnalgrid 4.0K Jun 22 20:09 var
-rw-r--r--  1 shardulr fnalgrid  11K Jun 22 20:09 .update.ad
drwxr-xr-x  3 root     root     4.0K Jun 22 20:09 ..
srwxr-xr-x  1 shardulr fnalgrid    0 Jun 22 20:09 .docker_sock
-rw-r--r--  1 shardulr fnalgrid  113 Jun 22 20:09 _condor_stderr
drwx------  7 shardulr fnalgrid 4.0K Jun 22 20:09 .
drwxr-xr-x 17 shardulr fnalgrid 4.0K Jun 22 20:09 CMSSW_10_6_19_patch2
-rw-r--r--  1 shardulr fnalgrid  453 Jun 22 20:09 _condor_stdout
/storage/local/data1/condor/execute/dir_23580/CMSSW_10_6_19_patch2 is the CMSSW we created on the local worker node
Running over Data2018 files
Blinding data, only using CR cuts (0 loose b's)
Using UL 2018 campaign working points
Pre-select 121361 entries out of 1246040 (9.74%)
Processed    10000/  121361 entries,  8.24% (elapsed time    30.6s, curr speed    0.326 kHz, avg speed    0.326 kHz), accepted     1826/   10001 events (18.26%)
Processed    20000/  121361 entries, 16.48% (elapsed time    63.0s, curr speed    0.309 kHz, avg speed    0.318 kHz), accepted     3938/   20001 events (19.69%)
Processed    30000/  121361 entries, 24.72% (elapsed time    94.0s, curr speed    0.323 kHz, avg speed    0.319 kHz), accepted     6093/   30001 events (20.31%)
Processed    40000/  121361 entries, 32.96% (elapsed time   124.4s, curr speed    0.328 kHz, avg speed    0.321 kHz), accepted     8122/   40001 events (20.30%)
Processed    50000/  121361 entries, 41.20% (elapsed time   155.4s, curr speed    0.323 kHz, avg speed    0.322 kHz), accepted    10224/   50001 events (20.45%)
Processed    60000/  121361 entries, 49.44% (elapsed time   184.4s, curr speed    0.345 kHz, avg speed    0.325 kHz), accepted    12110/   60001 events (20.18%)
Processed    70000/  121361 entries, 57.68% (elapsed time   212.0s, curr speed    0.361 kHz, avg speed    0.330 kHz), accepted    13764/   70001 events (19.66%)
Processed    80000/  121361 entries, 65.92% (elapsed time   240.3s, curr speed    0.353 kHz, avg speed    0.333 kHz), accepted    15517/   80001 events (19.40%)
Processed    90000/  121361 entries, 74.16% (elapsed time   270.6s, curr speed    0.330 kHz, avg speed    0.333 kHz), accepted    17629/   90001 events (19.59%)
Processed   100000/  121361 entries, 82.40% (elapsed time   301.5s, curr speed    0.323 kHz, avg speed    0.332 kHz), accepted    19831/  100001 events (19.83%)
Processed   110000/  121361 entries, 90.64% (elapsed time   332.6s, curr speed    0.321 kHz, avg speed    0.331 kHz), accepted    22018/  110001 events (20.02%)
Processed   120000/  121361 entries, 98.88% (elapsed time   360.8s, curr speed    0.356 kHz, avg speed    0.333 kHz), accepted    23651/  120001 events (19.71%)
Processed 121361 preselected entries from root://cmsxrootd.fnal.gov//store/data/Run2018A/JetHT/NANOAOD/UL2018_MiniAODv2_NanoAODv9-v2/250000/5D8AFD79-415C-F04E-BD3B-1E7F7B1567B7.root (1246040 entries). Finally selected 23913 entries
Total time 371.6 sec. to process 1246040 events. Rate = 3353.3 Hz.
Running pwd:
/storage/local/data1/condor/execute/dir_23580
Running ls -alrth:
total 168K
-rw-r--r--  1 shardulr fnalgrid  12K Jun 22 20:09 .machine.ad
-rw-r--r--  1 shardulr fnalgrid 5.0K Jun 22 20:09 .job.ad
-rwx------  1 shardulr fnalgrid   49 Jun 22 20:09 .chirp.config
-rw-------  1 shardulr fnalgrid  11K Jun 22 20:09 x509up
drwxr-xr-x  2 shardulr fnalgrid 4.0K Jun 22 20:09 samples
-rw-r--r--  1 shardulr fnalgrid  62K Jun 22 20:09 singleStopAnalyzer.py
-rw-r--r--  1 shardulr fnalgrid  951 Jun 22 20:09 bJetMatcher.py
-rwxr-xr-x  1 shardulr fnalgrid  704 Jun 22 20:09 condor_exec.exe
-rw-r--r--  1 shardulr fnalgrid    0 Jun 22 20:09 docker_stderror
drwxrwxrwt  2 shardulr fnalgrid 4.0K Jun 22 20:09 tmp
drwxrwxrwt  3 shardulr fnalgrid 4.0K Jun 22 20:09 var
drwxr-xr-x  3 root     root     4.0K Jun 22 20:09 ..
srwxr-xr-x  1 shardulr fnalgrid    0 Jun 22 20:09 .docker_sock
drwxr-xr-x 17 shardulr fnalgrid 4.0K Jun 22 20:09 CMSSW_10_6_19_patch2
drwxr-xr-x  2 shardulr fnalgrid 4.0K Jun 22 20:09 framework
-rw-r--r--  1 shardulr fnalgrid 1.7K Jun 22 20:09 bJetMatcher.pyc
drwxr-xr-x  3 shardulr fnalgrid 4.0K Jun 22 20:09 output
-rw-r--r--  1 shardulr fnalgrid  215 Jun 22 20:09 _condor_stderr
-rw-r--r--  1 shardulr fnalgrid  11K Jun 22 20:15 .update.ad
drwx------  8 shardulr fnalgrid 4.0K Jun 22 20:15 .
-rw-r--r--  1 shardulr fnalgrid 4.2K Jun 22 20:15 _condor_stdout
