[FERMIHTC-APPTAINER]: INFO -- No Apptainer image specified
[FERMIHTC-APPTAINER]: INFO -- Running job on the host machine

[FERMIHTC-APPTAINER]: INFO -- Running ./condor_exec.exe
Starting job on  Thu Jun 22 20:12:04 UTC 2023
Running on: Linux shardulr-32358499-150-cmswn2036.fnal.gov 3.10.0-1160.90.1.el7.x86_64 #1 SMP Thu Apr 27 13:14:20 CDT 2023 x86_64 x86_64 x86_64 GNU/Linux
System software: Scientific Linux release 7.9 (Nitrogen)
Running ls -alrth:
total 164K
-rw-r--r--  1 shardulr fnalgrid 5.0K Jun 22 20:10 .job.ad
-rw-r--r--  1 shardulr fnalgrid  13K Jun 22 20:10 .machine.ad
-rwx------  1 shardulr fnalgrid   49 Jun 22 20:10 .chirp.config
-rw-------  1 shardulr fnalgrid  11K Jun 22 20:10 x509up
drwxr-xr-x  2 shardulr fnalgrid 4.0K Jun 22 20:10 samples
drwxr-xr-x  2 shardulr fnalgrid 4.0K Jun 22 20:10 framework
-rw-r--r--  1 shardulr fnalgrid  62K Jun 22 20:10 singleStopAnalyzer.py
-rw-r--r--  1 shardulr fnalgrid  951 Jun 22 20:10 bJetMatcher.py
-rwxr-xr-x  1 shardulr fnalgrid  705 Jun 22 20:10 condor_exec.exe
-rw-r--r--  1 shardulr fnalgrid    0 Jun 22 20:10 docker_stderror
drwxrwxrwt  3 shardulr fnalgrid 4.0K Jun 22 20:10 var
drwxrwxrwt  2 shardulr fnalgrid 4.0K Jun 22 20:10 tmp
drwxr-xr-x  3 root     root     4.0K Jun 22 20:11 ..
-rw-r--r--  1 shardulr fnalgrid  13K Jun 22 20:11 .update.ad
srwxr-xr-x  1 shardulr fnalgrid    0 Jun 22 20:11 .docker_sock
-rw-r--r--  1 shardulr fnalgrid  113 Jun 22 20:12 _condor_stderr
drwx------  7 shardulr fnalgrid 4.0K Jun 22 20:12 .
drwxr-xr-x 17 shardulr fnalgrid 4.0K Jun 22 20:12 CMSSW_10_6_19_patch2
-rw-r--r--  1 shardulr fnalgrid  454 Jun 22 20:12 _condor_stdout
/storage/local/data1/condor/execute/dir_29175/CMSSW_10_6_19_patch2 is the CMSSW we created on the local worker node
Running over Data2018 files
Blinding data, only using CR cuts (0 loose b's)
Using UL 2018 campaign working points
Pre-select 144681 entries out of 1466793 (9.86%)
Processed    10000/  144681 entries,  6.91% (elapsed time    39.7s, curr speed    0.252 kHz, avg speed    0.252 kHz), accepted     2202/   10001 events (22.02%)
Processed    20000/  144681 entries, 13.82% (elapsed time    78.8s, curr speed    0.256 kHz, avg speed    0.254 kHz), accepted     4452/   20001 events (22.26%)
Processed    30000/  144681 entries, 20.74% (elapsed time   122.4s, curr speed    0.229 kHz, avg speed    0.245 kHz), accepted     6259/   30001 events (20.86%)
Processed    40000/  144681 entries, 27.65% (elapsed time   163.5s, curr speed    0.243 kHz, avg speed    0.245 kHz), accepted     8188/   40001 events (20.47%)
Processed    50000/  144681 entries, 34.56% (elapsed time   206.7s, curr speed    0.231 kHz, avg speed    0.242 kHz), accepted    10254/   50001 events (20.51%)
Processed    60000/  144681 entries, 41.47% (elapsed time   250.7s, curr speed    0.227 kHz, avg speed    0.239 kHz), accepted    12518/   60001 events (20.86%)
Processed    70000/  144681 entries, 48.38% (elapsed time   291.0s, curr speed    0.248 kHz, avg speed    0.241 kHz), accepted    14209/   70001 events (20.30%)
Processed    80000/  144681 entries, 55.29% (elapsed time   331.8s, curr speed    0.245 kHz, avg speed    0.241 kHz), accepted    15359/   80001 events (19.20%)
Processed    90000/  144681 entries, 62.21% (elapsed time   372.6s, curr speed    0.245 kHz, avg speed    0.242 kHz), accepted    16684/   90001 events (18.54%)
Processed   100000/  144681 entries, 69.12% (elapsed time   414.7s, curr speed    0.237 kHz, avg speed    0.241 kHz), accepted    18852/  100001 events (18.85%)
Processed   110000/  144681 entries, 76.03% (elapsed time   456.6s, curr speed    0.239 kHz, avg speed    0.241 kHz), accepted    20994/  110001 events (19.09%)
Processed   120000/  144681 entries, 82.94% (elapsed time   498.4s, curr speed    0.239 kHz, avg speed    0.241 kHz), accepted    22880/  120001 events (19.07%)
Processed   130000/  144681 entries, 89.85% (elapsed time   543.0s, curr speed    0.225 kHz, avg speed    0.239 kHz), accepted    24914/  130001 events (19.16%)
Processed   140000/  144681 entries, 96.76% (elapsed time   587.4s, curr speed    0.225 kHz, avg speed    0.238 kHz), accepted    26774/  140001 events (19.12%)
Processed 144681 preselected entries from root://cmsxrootd.fnal.gov//store/data/Run2018B/JetHT/NANOAOD/UL2018_MiniAODv2_NanoAODv9-v1/120000/C74A6FA1-D1D6-F34A-BA14-AB8BE49313BD.root (1466793 entries). Finally selected 27494 entries
Total time 662.7 sec. to process 1466793 events. Rate = 2213.4 Hz.
Running pwd:
/storage/local/data1/condor/execute/dir_29175
Running ls -alrth:
total 176K
-rw-r--r--  1 shardulr fnalgrid 5.0K Jun 22 20:10 .job.ad
-rw-r--r--  1 shardulr fnalgrid  13K Jun 22 20:10 .machine.ad
-rwx------  1 shardulr fnalgrid   49 Jun 22 20:10 .chirp.config
-rw-------  1 shardulr fnalgrid  11K Jun 22 20:10 x509up
drwxr-xr-x  2 shardulr fnalgrid 4.0K Jun 22 20:10 samples
-rw-r--r--  1 shardulr fnalgrid  62K Jun 22 20:10 singleStopAnalyzer.py
-rw-r--r--  1 shardulr fnalgrid  951 Jun 22 20:10 bJetMatcher.py
-rwxr-xr-x  1 shardulr fnalgrid  705 Jun 22 20:10 condor_exec.exe
-rw-r--r--  1 shardulr fnalgrid    0 Jun 22 20:10 docker_stderror
drwxrwxrwt  3 shardulr fnalgrid 4.0K Jun 22 20:10 var
drwxrwxrwt  2 shardulr fnalgrid 4.0K Jun 22 20:10 tmp
drwxr-xr-x  3 root     root     4.0K Jun 22 20:11 ..
srwxr-xr-x  1 shardulr fnalgrid    0 Jun 22 20:11 .docker_sock
-rw-r--r--  1 shardulr fnalgrid  113 Jun 22 20:12 _condor_stderr
drwxr-xr-x 17 shardulr fnalgrid 4.0K Jun 22 20:12 CMSSW_10_6_19_patch2
drwxr-xr-x  2 shardulr fnalgrid 4.0K Jun 22 20:12 framework
-rw-r--r--  1 shardulr fnalgrid 1.7K Jun 22 20:12 bJetMatcher.pyc
drwxr-xr-x  3 shardulr fnalgrid 4.0K Jun 22 20:12 output
-rw-r--r--  1 shardulr fnalgrid  13K Jun 22 20:23 .update.ad
drwx------  8 shardulr fnalgrid 4.0K Jun 22 20:23 .
-rw-r--r--  1 shardulr fnalgrid 4.5K Jun 22 20:23 _condor_stdout
