[FERMIHTC-APPTAINER]: INFO -- No Apptainer image specified
[FERMIHTC-APPTAINER]: INFO -- Running job on the host machine

[FERMIHTC-APPTAINER]: INFO -- Running ./condor_exec.exe
Starting job on  Thu Jun 22 20:13:09 UTC 2023
Running on: Linux shardulr-32358499-212-cmswn2038.fnal.gov 3.10.0-1160.90.1.el7.x86_64 #1 SMP Thu Apr 27 13:14:20 CDT 2023 x86_64 x86_64 x86_64 GNU/Linux
System software: Scientific Linux release 7.9 (Nitrogen)
Running ls -alrth:
total 164K
-rw-r--r--  1 shardulr fnalgrid  13K Jun 22 20:12 .machine.ad
-rw-r--r--  1 shardulr fnalgrid 5.0K Jun 22 20:12 .job.ad
-rwx------  1 shardulr fnalgrid   49 Jun 22 20:12 .chirp.config
-rw-------  1 shardulr fnalgrid  11K Jun 22 20:12 x509up
drwxr-xr-x  2 shardulr fnalgrid 4.0K Jun 22 20:12 samples
drwxr-xr-x  2 shardulr fnalgrid 4.0K Jun 22 20:12 framework
-rw-r--r--  1 shardulr fnalgrid  62K Jun 22 20:12 singleStopAnalyzer.py
-rwxr-xr-x  1 shardulr fnalgrid  705 Jun 22 20:12 condor_exec.exe
-rw-r--r--  1 shardulr fnalgrid  951 Jun 22 20:12 bJetMatcher.py
-rw-r--r--  1 shardulr fnalgrid    0 Jun 22 20:12 docker_stderror
drwxrwxrwt  3 shardulr fnalgrid 4.0K Jun 22 20:12 var
drwxrwxrwt  2 shardulr fnalgrid 4.0K Jun 22 20:12 tmp
-rw-r--r--  1 shardulr fnalgrid  13K Jun 22 20:12 .update.ad
drwxr-xr-x  3 root     root     4.0K Jun 22 20:12 ..
srwxr-xr-x  1 shardulr fnalgrid    0 Jun 22 20:12 .docker_sock
-rw-r--r--  1 shardulr fnalgrid  113 Jun 22 20:13 _condor_stderr
drwx------  7 shardulr fnalgrid 4.0K Jun 22 20:13 .
drwxr-xr-x 17 shardulr fnalgrid 4.0K Jun 22 20:13 CMSSW_10_6_19_patch2
-rw-r--r--  1 shardulr fnalgrid  454 Jun 22 20:13 _condor_stdout
/storage/local/data1/condor/execute/dir_47881/CMSSW_10_6_19_patch2 is the CMSSW we created on the local worker node
Running over Data2018 files
Blinding data, only using CR cuts (0 loose b's)
Using UL 2018 campaign working points
Pre-select 181695 entries out of 1782605 (10.19%)
Processed    10000/  181695 entries,  5.50% (elapsed time    27.5s, curr speed    0.364 kHz, avg speed    0.364 kHz), accepted     1699/   10001 events (16.99%)
Processed    20000/  181695 entries, 11.01% (elapsed time    54.4s, curr speed    0.372 kHz, avg speed    0.368 kHz), accepted     3427/   20001 events (17.13%)
Processed    30000/  181695 entries, 16.51% (elapsed time    81.9s, curr speed    0.363 kHz, avg speed    0.366 kHz), accepted     5256/   30001 events (17.52%)
Processed    40000/  181695 entries, 22.01% (elapsed time   110.2s, curr speed    0.353 kHz, avg speed    0.363 kHz), accepted     7334/   40001 events (18.33%)
Processed    50000/  181695 entries, 27.52% (elapsed time   139.4s, curr speed    0.343 kHz, avg speed    0.359 kHz), accepted     9472/   50001 events (18.94%)
Processed    60000/  181695 entries, 33.02% (elapsed time   168.5s, curr speed    0.343 kHz, avg speed    0.356 kHz), accepted    11599/   60001 events (19.33%)
Processed    70000/  181695 entries, 38.53% (elapsed time   197.5s, curr speed    0.345 kHz, avg speed    0.354 kHz), accepted    13731/   70001 events (19.62%)
Processed    80000/  181695 entries, 44.03% (elapsed time   226.9s, curr speed    0.340 kHz, avg speed    0.353 kHz), accepted    15923/   80001 events (19.90%)
Processed    90000/  181695 entries, 49.53% (elapsed time   255.9s, curr speed    0.344 kHz, avg speed    0.352 kHz), accepted    18058/   90001 events (20.06%)
Processed   100000/  181695 entries, 55.04% (elapsed time   285.5s, curr speed    0.338 kHz, avg speed    0.350 kHz), accepted    20226/  100001 events (20.23%)
Processed   110000/  181695 entries, 60.54% (elapsed time   315.4s, curr speed    0.334 kHz, avg speed    0.349 kHz), accepted    22433/  110001 events (20.39%)
Processed   120000/  181695 entries, 66.04% (elapsed time   345.0s, curr speed    0.338 kHz, avg speed    0.348 kHz), accepted    24658/  120001 events (20.55%)
Processed   130000/  181695 entries, 71.55% (elapsed time   373.3s, curr speed    0.353 kHz, avg speed    0.348 kHz), accepted    26656/  130001 events (20.50%)
Processed   140000/  181695 entries, 77.05% (elapsed time   399.1s, curr speed    0.388 kHz, avg speed    0.351 kHz), accepted    28202/  140001 events (20.14%)
Processed   150000/  181695 entries, 82.56% (elapsed time   425.8s, curr speed    0.374 kHz, avg speed    0.352 kHz), accepted    29881/  150001 events (19.92%)
Processed   160000/  181695 entries, 88.06% (elapsed time   452.7s, curr speed    0.373 kHz, avg speed    0.353 kHz), accepted    31562/  160001 events (19.73%)
Processed   170000/  181695 entries, 93.56% (elapsed time   479.9s, curr speed    0.367 kHz, avg speed    0.354 kHz), accepted    33311/  170001 events (19.59%)
Processed   180000/  181695 entries, 99.07% (elapsed time   507.5s, curr speed    0.363 kHz, avg speed    0.355 kHz), accepted    35150/  180001 events (19.53%)
Processed 181695 preselected entries from root://cmsxrootd.fnal.gov//store/data/Run2018C/JetHT/NANOAOD/UL2018_MiniAODv2_NanoAODv9-v1/130000/BB882875-8467-9543-B58A-4A0FD0BFB4E8.root (1782605 entries). Finally selected 35467 entries
Total time 521.1 sec. to process 1782605 events. Rate = 3420.6 Hz.
Running pwd:
/storage/local/data1/condor/execute/dir_47881
Running ls -alrth:
total 176K
-rw-r--r--  1 shardulr fnalgrid  13K Jun 22 20:12 .machine.ad
-rw-r--r--  1 shardulr fnalgrid 5.0K Jun 22 20:12 .job.ad
-rwx------  1 shardulr fnalgrid   49 Jun 22 20:12 .chirp.config
-rw-------  1 shardulr fnalgrid  11K Jun 22 20:12 x509up
drwxr-xr-x  2 shardulr fnalgrid 4.0K Jun 22 20:12 samples
-rw-r--r--  1 shardulr fnalgrid  62K Jun 22 20:12 singleStopAnalyzer.py
-rwxr-xr-x  1 shardulr fnalgrid  705 Jun 22 20:12 condor_exec.exe
-rw-r--r--  1 shardulr fnalgrid  951 Jun 22 20:12 bJetMatcher.py
-rw-r--r--  1 shardulr fnalgrid    0 Jun 22 20:12 docker_stderror
drwxrwxrwt  3 shardulr fnalgrid 4.0K Jun 22 20:12 var
drwxrwxrwt  2 shardulr fnalgrid 4.0K Jun 22 20:12 tmp
drwxr-xr-x  3 root     root     4.0K Jun 22 20:12 ..
srwxr-xr-x  1 shardulr fnalgrid    0 Jun 22 20:12 .docker_sock
drwxr-xr-x 17 shardulr fnalgrid 4.0K Jun 22 20:13 CMSSW_10_6_19_patch2
drwxr-xr-x  2 shardulr fnalgrid 4.0K Jun 22 20:13 framework
-rw-r--r--  1 shardulr fnalgrid 1.7K Jun 22 20:13 bJetMatcher.pyc
drwxr-xr-x  3 shardulr fnalgrid 4.0K Jun 22 20:13 output
-rw-r--r--  1 shardulr fnalgrid  215 Jun 22 20:13 _condor_stderr
-rw-r--r--  1 shardulr fnalgrid  13K Jun 22 20:21 .update.ad
drwx------  8 shardulr fnalgrid 4.0K Jun 22 20:21 .
-rw-r--r--  1 shardulr fnalgrid 5.1K Jun 22 20:21 _condor_stdout
