[FERMIHTC-APPTAINER]: INFO -- No Apptainer image specified
[FERMIHTC-APPTAINER]: INFO -- Running job on the host machine

[FERMIHTC-APPTAINER]: INFO -- Running ./condor_exec.exe
Starting job on  Thu Jun 22 20:11:56 UTC 2023
Running on: Linux shardulr-32358499-209-cmswn2045.fnal.gov 3.10.0-1160.90.1.el7.x86_64 #1 SMP Thu Apr 27 13:14:20 CDT 2023 x86_64 x86_64 x86_64 GNU/Linux
System software: Scientific Linux release 7.9 (Nitrogen)
Running ls -alrth:
total 164K
-rw-r--r--  1 shardulr fnalgrid 5.0K Jun 22 20:11 .job.ad
-rw-r--r--  1 shardulr fnalgrid  14K Jun 22 20:11 .machine.ad
-rwx------  1 shardulr fnalgrid   49 Jun 22 20:11 .chirp.config
-rw-------  1 shardulr fnalgrid  11K Jun 22 20:11 x509up
drwxr-xr-x  2 shardulr fnalgrid 4.0K Jun 22 20:11 samples
drwxr-xr-x  2 shardulr fnalgrid 4.0K Jun 22 20:11 framework
-rw-r--r--  1 shardulr fnalgrid  62K Jun 22 20:11 singleStopAnalyzer.py
-rw-r--r--  1 shardulr fnalgrid  951 Jun 22 20:11 bJetMatcher.py
-rwxr-xr-x  1 shardulr fnalgrid  705 Jun 22 20:11 condor_exec.exe
-rw-r--r--  1 shardulr fnalgrid    0 Jun 22 20:11 docker_stderror
drwxrwxrwt  3 shardulr fnalgrid 4.0K Jun 22 20:11 var
drwxrwxrwt  2 shardulr fnalgrid 4.0K Jun 22 20:11 tmp
-rw-r--r--  1 shardulr fnalgrid  13K Jun 22 20:11 .update.ad
drwxr-xr-x  3 root     root     4.0K Jun 22 20:11 ..
srwxr-xr-x  1 shardulr fnalgrid    0 Jun 22 20:11 .docker_sock
-rw-r--r--  1 shardulr fnalgrid  113 Jun 22 20:11 _condor_stderr
drwx------  7 shardulr fnalgrid 4.0K Jun 22 20:11 .
drwxr-xr-x 17 shardulr fnalgrid 4.0K Jun 22 20:11 CMSSW_10_6_19_patch2
-rw-r--r--  1 shardulr fnalgrid  454 Jun 22 20:11 _condor_stdout
/storage/local/data1/condor/execute/dir_35061/CMSSW_10_6_19_patch2 is the CMSSW we created on the local worker node
Running over Data2018 files
Blinding data, only using CR cuts (0 loose b's)
Using UL 2018 campaign working points
Pre-select 110391 entries out of 1056657 (10.45%)
Processed    10000/  110391 entries,  9.06% (elapsed time    29.0s, curr speed    0.345 kHz, avg speed    0.345 kHz), accepted     1661/   10001 events (16.61%)
Processed    20000/  110391 entries, 18.12% (elapsed time    58.5s, curr speed    0.339 kHz, avg speed    0.342 kHz), accepted     3521/   20001 events (17.60%)
Processed    30000/  110391 entries, 27.18% (elapsed time    89.5s, curr speed    0.323 kHz, avg speed    0.335 kHz), accepted     5634/   30001 events (18.78%)
Processed    40000/  110391 entries, 36.23% (elapsed time   120.6s, curr speed    0.321 kHz, avg speed    0.332 kHz), accepted     7742/   40001 events (19.35%)
Processed    50000/  110391 entries, 45.29% (elapsed time   151.2s, curr speed    0.327 kHz, avg speed    0.331 kHz), accepted     9819/   50001 events (19.64%)
Processed    60000/  110391 entries, 54.35% (elapsed time   181.4s, curr speed    0.330 kHz, avg speed    0.331 kHz), accepted    11837/   60001 events (19.73%)
Processed    70000/  110391 entries, 63.41% (elapsed time   211.3s, curr speed    0.335 kHz, avg speed    0.331 kHz), accepted    13757/   70001 events (19.65%)
Processed    80000/  110391 entries, 72.47% (elapsed time   242.6s, curr speed    0.319 kHz, avg speed    0.330 kHz), accepted    15842/   80001 events (19.80%)
Processed    90000/  110391 entries, 81.53% (elapsed time   272.9s, curr speed    0.330 kHz, avg speed    0.330 kHz), accepted    17836/   90001 events (19.82%)
Processed   100000/  110391 entries, 90.59% (elapsed time   304.4s, curr speed    0.318 kHz, avg speed    0.329 kHz), accepted    20027/  100001 events (20.03%)
Processed   110000/  110391 entries, 99.65% (elapsed time   334.5s, curr speed    0.332 kHz, avg speed    0.329 kHz), accepted    22156/  110001 events (20.14%)
Processed 110391 preselected entries from root://cmsxrootd.fnal.gov//store/data/Run2018C/JetHT/NANOAOD/UL2018_MiniAODv2_NanoAODv9-v1/130000/FC156902-CF88-FA43-9FAA-87BAE4F8A04A.root (1056657 entries). Finally selected 22240 entries
Total time 346.7 sec. to process 1056657 events. Rate = 3047.5 Hz.
Running pwd:
/storage/local/data1/condor/execute/dir_35061
Running ls -alrth:
total 172K
-rw-r--r--  1 shardulr fnalgrid 5.0K Jun 22 20:11 .job.ad
-rw-r--r--  1 shardulr fnalgrid  14K Jun 22 20:11 .machine.ad
-rwx------  1 shardulr fnalgrid   49 Jun 22 20:11 .chirp.config
-rw-------  1 shardulr fnalgrid  11K Jun 22 20:11 x509up
drwxr-xr-x  2 shardulr fnalgrid 4.0K Jun 22 20:11 samples
-rw-r--r--  1 shardulr fnalgrid  62K Jun 22 20:11 singleStopAnalyzer.py
-rw-r--r--  1 shardulr fnalgrid  951 Jun 22 20:11 bJetMatcher.py
-rwxr-xr-x  1 shardulr fnalgrid  705 Jun 22 20:11 condor_exec.exe
-rw-r--r--  1 shardulr fnalgrid    0 Jun 22 20:11 docker_stderror
drwxrwxrwt  3 shardulr fnalgrid 4.0K Jun 22 20:11 var
drwxrwxrwt  2 shardulr fnalgrid 4.0K Jun 22 20:11 tmp
drwxr-xr-x  3 root     root     4.0K Jun 22 20:11 ..
srwxr-xr-x  1 shardulr fnalgrid    0 Jun 22 20:11 .docker_sock
drwxr-xr-x 17 shardulr fnalgrid 4.0K Jun 22 20:11 CMSSW_10_6_19_patch2
drwxr-xr-x  2 shardulr fnalgrid 4.0K Jun 22 20:12 framework
-rw-r--r--  1 shardulr fnalgrid 1.7K Jun 22 20:12 bJetMatcher.pyc
drwxr-xr-x  3 shardulr fnalgrid 4.0K Jun 22 20:12 output
-rw-r--r--  1 shardulr fnalgrid  215 Jun 22 20:12 _condor_stderr
-rw-r--r--  1 shardulr fnalgrid  13K Jun 22 20:17 .update.ad
drwx------  8 shardulr fnalgrid 4.0K Jun 22 20:17 .
-rw-r--r--  1 shardulr fnalgrid 4.0K Jun 22 20:17 _condor_stdout
