[FERMIHTC-APPTAINER]: INFO -- No Apptainer image specified
[FERMIHTC-APPTAINER]: INFO -- Running job on the host machine

[FERMIHTC-APPTAINER]: INFO -- Running ./condor_exec.exe
Starting job on  Thu Jun 22 20:14:13 UTC 2023
Running on: Linux shardulr-32358499-267-cmswn2061.fnal.gov 3.10.0-1160.90.1.el7.x86_64 #1 SMP Thu Apr 27 13:14:20 CDT 2023 x86_64 x86_64 x86_64 GNU/Linux
System software: Scientific Linux release 7.9 (Nitrogen)
Running ls -alrth:
total 164K
-rw-r--r--  1 shardulr fnalgrid 5.0K Jun 22 20:13 .job.ad
-rw-r--r--  1 shardulr fnalgrid  13K Jun 22 20:13 .machine.ad
-rwx------  1 shardulr fnalgrid   49 Jun 22 20:13 .chirp.config
-rw-------  1 shardulr fnalgrid  11K Jun 22 20:13 x509up
drwxr-xr-x  2 shardulr fnalgrid 4.0K Jun 22 20:13 samples
drwxr-xr-x  2 shardulr fnalgrid 4.0K Jun 22 20:13 framework
-rw-r--r--  1 shardulr fnalgrid  62K Jun 22 20:13 singleStopAnalyzer.py
-rwxr-xr-x  1 shardulr fnalgrid  705 Jun 22 20:13 condor_exec.exe
-rw-r--r--  1 shardulr fnalgrid  951 Jun 22 20:13 bJetMatcher.py
-rw-r--r--  1 shardulr fnalgrid    0 Jun 22 20:13 docker_stderror
drwxrwxrwt  3 shardulr fnalgrid 4.0K Jun 22 20:13 var
drwxrwxrwt  2 shardulr fnalgrid 4.0K Jun 22 20:13 tmp
-rw-r--r--  1 shardulr fnalgrid  13K Jun 22 20:14 .update.ad
drwxr-xr-x  3 root     root     4.0K Jun 22 20:14 ..
srwxr-xr-x  1 shardulr fnalgrid    0 Jun 22 20:14 .docker_sock
-rw-r--r--  1 shardulr fnalgrid  113 Jun 22 20:14 _condor_stderr
drwx------  7 shardulr fnalgrid 4.0K Jun 22 20:14 .
drwxr-xr-x 17 shardulr fnalgrid 4.0K Jun 22 20:14 CMSSW_10_6_19_patch2
-rw-r--r--  1 shardulr fnalgrid  454 Jun 22 20:14 _condor_stdout
/storage/local/data1/condor/execute/dir_28630/CMSSW_10_6_19_patch2 is the CMSSW we created on the local worker node
Running over Data2018 files
Blinding data, only using CR cuts (0 loose b's)
Using UL 2018 campaign working points
Pre-select 135853 entries out of 1358327 (10.00%)
Processed    10000/  135853 entries,  7.36% (elapsed time    27.3s, curr speed    0.366 kHz, avg speed    0.366 kHz), accepted     2114/   10001 events (21.14%)
Processed    20000/  135853 entries, 14.72% (elapsed time    53.7s, curr speed    0.379 kHz, avg speed    0.373 kHz), accepted     4270/   20001 events (21.35%)
Processed    30000/  135853 entries, 22.08% (elapsed time    80.9s, curr speed    0.367 kHz, avg speed    0.371 kHz), accepted     6369/   30001 events (21.23%)
Processed    40000/  135853 entries, 29.44% (elapsed time   108.1s, curr speed    0.368 kHz, avg speed    0.370 kHz), accepted     8497/   40001 events (21.24%)
Processed    50000/  135853 entries, 36.80% (elapsed time   135.3s, curr speed    0.367 kHz, avg speed    0.369 kHz), accepted    10588/   50001 events (21.18%)
Processed    60000/  135853 entries, 44.17% (elapsed time   163.0s, curr speed    0.362 kHz, avg speed    0.368 kHz), accepted    12731/   60001 events (21.22%)
Processed    70000/  135853 entries, 51.53% (elapsed time   190.7s, curr speed    0.361 kHz, avg speed    0.367 kHz), accepted    14674/   70001 events (20.96%)
Processed    80000/  135853 entries, 58.89% (elapsed time   218.3s, curr speed    0.362 kHz, avg speed    0.367 kHz), accepted    16761/   80001 events (20.95%)
Processed    90000/  135853 entries, 66.25% (elapsed time   248.3s, curr speed    0.333 kHz, avg speed    0.362 kHz), accepted    19054/   90001 events (21.17%)
Processed   100000/  135853 entries, 73.61% (elapsed time   276.0s, curr speed    0.361 kHz, avg speed    0.362 kHz), accepted    21344/  100001 events (21.34%)
Processed   110000/  135853 entries, 80.97% (elapsed time   302.9s, curr speed    0.372 kHz, avg speed    0.363 kHz), accepted    23551/  110001 events (21.41%)
Processed   120000/  135853 entries, 88.33% (elapsed time   330.2s, curr speed    0.366 kHz, avg speed    0.363 kHz), accepted    25875/  120001 events (21.56%)
Processed   130000/  135853 entries, 95.69% (elapsed time   358.0s, curr speed    0.360 kHz, avg speed    0.363 kHz), accepted    28222/  130001 events (21.71%)
Processed 135853 preselected entries from root://cmsxrootd.fnal.gov//store/data/Run2018D/JetHT/NANOAOD/UL2018_MiniAODv2_NanoAODv9-v2/2540000/2D14827D-F6C9-CB46-A6B9-46E02FAB86E6.root (1358327 entries). Finally selected 29582 entries
Total time 387.1 sec. to process 1358327 events. Rate = 3508.7 Hz.
Running pwd:
/storage/local/data1/condor/execute/dir_28630
Running ls -alrth:
total 176K
-rw-r--r--  1 shardulr fnalgrid 5.0K Jun 22 20:13 .job.ad
-rw-r--r--  1 shardulr fnalgrid  13K Jun 22 20:13 .machine.ad
-rwx------  1 shardulr fnalgrid   49 Jun 22 20:13 .chirp.config
-rw-------  1 shardulr fnalgrid  11K Jun 22 20:13 x509up
drwxr-xr-x  2 shardulr fnalgrid 4.0K Jun 22 20:13 samples
-rw-r--r--  1 shardulr fnalgrid  62K Jun 22 20:13 singleStopAnalyzer.py
-rwxr-xr-x  1 shardulr fnalgrid  705 Jun 22 20:13 condor_exec.exe
-rw-r--r--  1 shardulr fnalgrid  951 Jun 22 20:13 bJetMatcher.py
-rw-r--r--  1 shardulr fnalgrid    0 Jun 22 20:13 docker_stderror
drwxrwxrwt  3 shardulr fnalgrid 4.0K Jun 22 20:13 var
drwxrwxrwt  2 shardulr fnalgrid 4.0K Jun 22 20:13 tmp
drwxr-xr-x  3 root     root     4.0K Jun 22 20:14 ..
srwxr-xr-x  1 shardulr fnalgrid    0 Jun 22 20:14 .docker_sock
drwxr-xr-x 17 shardulr fnalgrid 4.0K Jun 22 20:14 CMSSW_10_6_19_patch2
drwxr-xr-x  2 shardulr fnalgrid 4.0K Jun 22 20:14 framework
-rw-r--r--  1 shardulr fnalgrid 1.7K Jun 22 20:14 bJetMatcher.pyc
drwxr-xr-x  3 shardulr fnalgrid 4.0K Jun 22 20:14 output
-rw-r--r--  1 shardulr fnalgrid  215 Jun 22 20:14 _condor_stderr
-rw-r--r--  1 shardulr fnalgrid  13K Jun 22 20:20 .update.ad
drwx------  8 shardulr fnalgrid 4.0K Jun 22 20:20 .
-rw-r--r--  1 shardulr fnalgrid 4.3K Jun 22 20:20 _condor_stdout
