[FERMIHTC-APPTAINER]: INFO -- No Apptainer image specified
[FERMIHTC-APPTAINER]: INFO -- Running job on the host machine

[FERMIHTC-APPTAINER]: INFO -- Running ./condor_exec.exe
Starting job on  Thu Jun 22 20:14:41 UTC 2023
Running on: Linux shardulr-32358499-291-cmswn2088.fnal.gov 3.10.0-1160.90.1.el7.x86_64 #1 SMP Thu Apr 27 13:14:20 CDT 2023 x86_64 x86_64 x86_64 GNU/Linux
System software: Scientific Linux release 7.9 (Nitrogen)
Running ls -alrth:
total 164K
-rw-r--r--  1 shardulr fnalgrid 5.0K Jun 22 20:14 .job.ad
-rw-r--r--  1 shardulr fnalgrid  14K Jun 22 20:14 .machine.ad
-rwx------  1 shardulr fnalgrid   49 Jun 22 20:14 .chirp.config
-rw-------  1 shardulr fnalgrid  11K Jun 22 20:14 x509up
drwxr-xr-x  2 shardulr fnalgrid 4.0K Jun 22 20:14 samples
drwxr-xr-x  2 shardulr fnalgrid 4.0K Jun 22 20:14 framework
-rw-r--r--  1 shardulr fnalgrid  62K Jun 22 20:14 singleStopAnalyzer.py
-rwxr-xr-x  1 shardulr fnalgrid  705 Jun 22 20:14 condor_exec.exe
-rw-r--r--  1 shardulr fnalgrid  951 Jun 22 20:14 bJetMatcher.py
-rw-r--r--  1 shardulr fnalgrid    0 Jun 22 20:14 docker_stderror
drwxrwxrwt  3 shardulr fnalgrid 4.0K Jun 22 20:14 var
drwxrwxrwt  2 shardulr fnalgrid 4.0K Jun 22 20:14 tmp
-rw-r--r--  1 shardulr fnalgrid  13K Jun 22 20:14 .update.ad
drwxr-xr-x  3 root     root     4.0K Jun 22 20:14 ..
srwxr-xr-x  1 shardulr fnalgrid    0 Jun 22 20:14 .docker_sock
-rw-r--r--  1 shardulr fnalgrid  113 Jun 22 20:14 _condor_stderr
drwx------  7 shardulr fnalgrid 4.0K Jun 22 20:14 .
drwxr-xr-x 17 shardulr fnalgrid 4.0K Jun 22 20:14 CMSSW_10_6_19_patch2
-rw-r--r--  1 shardulr fnalgrid  454 Jun 22 20:14 _condor_stdout
/storage/local/data1/condor/execute/dir_29163/CMSSW_10_6_19_patch2 is the CMSSW we created on the local worker node
Running over Data2018 files
Blinding data, only using CR cuts (0 loose b's)
Using UL 2018 campaign working points
Pre-select 139307 entries out of 1440944 (9.67%)
Processed    10000/  139307 entries,  7.18% (elapsed time    24.6s, curr speed    0.407 kHz, avg speed    0.407 kHz), accepted     1652/   10001 events (16.52%)
Processed    20000/  139307 entries, 14.36% (elapsed time    49.9s, curr speed    0.395 kHz, avg speed    0.401 kHz), accepted     3469/   20001 events (17.34%)
Processed    30000/  139307 entries, 21.54% (elapsed time    75.5s, curr speed    0.391 kHz, avg speed    0.397 kHz), accepted     5400/   30001 events (18.00%)
Processed    40000/  139307 entries, 28.71% (elapsed time   102.6s, curr speed    0.368 kHz, avg speed    0.390 kHz), accepted     7594/   40001 events (18.98%)
Processed    50000/  139307 entries, 35.89% (elapsed time   129.1s, curr speed    0.377 kHz, avg speed    0.387 kHz), accepted     9770/   50001 events (19.54%)
Processed    60000/  139307 entries, 43.07% (elapsed time   155.4s, curr speed    0.381 kHz, avg speed    0.386 kHz), accepted    11836/   60001 events (19.73%)
Processed    70000/  139307 entries, 50.25% (elapsed time   181.0s, curr speed    0.390 kHz, avg speed    0.387 kHz), accepted    13783/   70001 events (19.69%)
Processed    80000/  139307 entries, 57.43% (elapsed time   207.4s, curr speed    0.379 kHz, avg speed    0.386 kHz), accepted    15847/   80001 events (19.81%)
Processed    90000/  139307 entries, 64.61% (elapsed time   233.4s, curr speed    0.385 kHz, avg speed    0.386 kHz), accepted    17784/   90001 events (19.76%)
Processed   100000/  139307 entries, 71.78% (elapsed time   259.3s, curr speed    0.385 kHz, avg speed    0.386 kHz), accepted    19686/  100001 events (19.69%)
Processed   110000/  139307 entries, 78.96% (elapsed time   284.9s, curr speed    0.391 kHz, avg speed    0.386 kHz), accepted    21608/  110001 events (19.64%)
Processed   120000/  139307 entries, 86.14% (elapsed time   312.6s, curr speed    0.360 kHz, avg speed    0.384 kHz), accepted    23736/  120001 events (19.78%)
Processed   130000/  139307 entries, 93.32% (elapsed time   340.3s, curr speed    0.361 kHz, avg speed    0.382 kHz), accepted    25967/  130001 events (19.97%)
Processed 139307 preselected entries from root://cmsxrootd.fnal.gov//store/data/Run2018D/JetHT/NANOAOD/UL2018_MiniAODv2_NanoAODv9-v2/2540000/B7144A74-F0E7-2545-8767-DA9F93993D0D.root (1440944 entries). Finally selected 28003 entries
Total time 375.0 sec. to process 1440944 events. Rate = 3842.4 Hz.
Running pwd:
/storage/local/data1/condor/execute/dir_29163
Running ls -alrth:
total 176K
-rw-r--r--  1 shardulr fnalgrid 5.0K Jun 22 20:14 .job.ad
-rw-r--r--  1 shardulr fnalgrid  14K Jun 22 20:14 .machine.ad
-rwx------  1 shardulr fnalgrid   49 Jun 22 20:14 .chirp.config
-rw-------  1 shardulr fnalgrid  11K Jun 22 20:14 x509up
drwxr-xr-x  2 shardulr fnalgrid 4.0K Jun 22 20:14 samples
-rw-r--r--  1 shardulr fnalgrid  62K Jun 22 20:14 singleStopAnalyzer.py
-rwxr-xr-x  1 shardulr fnalgrid  705 Jun 22 20:14 condor_exec.exe
-rw-r--r--  1 shardulr fnalgrid  951 Jun 22 20:14 bJetMatcher.py
-rw-r--r--  1 shardulr fnalgrid    0 Jun 22 20:14 docker_stderror
drwxrwxrwt  3 shardulr fnalgrid 4.0K Jun 22 20:14 var
drwxrwxrwt  2 shardulr fnalgrid 4.0K Jun 22 20:14 tmp
drwxr-xr-x  3 root     root     4.0K Jun 22 20:14 ..
srwxr-xr-x  1 shardulr fnalgrid    0 Jun 22 20:14 .docker_sock
drwxr-xr-x 17 shardulr fnalgrid 4.0K Jun 22 20:14 CMSSW_10_6_19_patch2
drwxr-xr-x  2 shardulr fnalgrid 4.0K Jun 22 20:14 framework
-rw-r--r--  1 shardulr fnalgrid 1.7K Jun 22 20:14 bJetMatcher.pyc
drwxr-xr-x  3 shardulr fnalgrid 4.0K Jun 22 20:14 output
-rw-r--r--  1 shardulr fnalgrid  215 Jun 22 20:14 _condor_stderr
-rw-r--r--  1 shardulr fnalgrid  13K Jun 22 20:20 .update.ad
drwx------  8 shardulr fnalgrid 4.0K Jun 22 20:20 .
-rw-r--r--  1 shardulr fnalgrid 4.3K Jun 22 20:21 _condor_stdout
