[FERMIHTC-APPTAINER]: INFO -- No Apptainer image specified
[FERMIHTC-APPTAINER]: INFO -- Running job on the host machine

[FERMIHTC-APPTAINER]: INFO -- Running ./condor_exec.exe
Starting job on  Thu Jun 22 20:15:21 UTC 2023
Running on: Linux shardulr-32358499-328-cmswn2114.fnal.gov 3.10.0-1160.90.1.el7.x86_64 #1 SMP Thu Apr 27 13:14:20 CDT 2023 x86_64 x86_64 x86_64 GNU/Linux
System software: Scientific Linux release 7.9 (Nitrogen)
Running ls -alrth:
total 164K
-rw-r--r--  1 shardulr fnalgrid 5.0K Jun 22 20:15 .job.ad
-rw-r--r--  1 shardulr fnalgrid  14K Jun 22 20:15 .machine.ad
-rwx------  1 shardulr fnalgrid   49 Jun 22 20:15 .chirp.config
-rw-------  1 shardulr fnalgrid  11K Jun 22 20:15 x509up
drwxr-xr-x  2 shardulr fnalgrid 4.0K Jun 22 20:15 samples
drwxr-xr-x  2 shardulr fnalgrid 4.0K Jun 22 20:15 framework
-rw-r--r--  1 shardulr fnalgrid  62K Jun 22 20:15 singleStopAnalyzer.py
-rwxr-xr-x  1 shardulr fnalgrid  705 Jun 22 20:15 condor_exec.exe
-rw-r--r--  1 shardulr fnalgrid  951 Jun 22 20:15 bJetMatcher.py
-rw-r--r--  1 shardulr fnalgrid    0 Jun 22 20:15 docker_stderror
drwxrwxrwt  3 shardulr fnalgrid 4.0K Jun 22 20:15 var
drwxrwxrwt  2 shardulr fnalgrid 4.0K Jun 22 20:15 tmp
-rw-r--r--  1 shardulr fnalgrid  13K Jun 22 20:15 .update.ad
drwxr-xr-x  3 root     root     4.0K Jun 22 20:15 ..
srwxr-xr-x  1 shardulr fnalgrid    0 Jun 22 20:15 .docker_sock
-rw-r--r--  1 shardulr fnalgrid  113 Jun 22 20:15 _condor_stderr
drwx------  7 shardulr fnalgrid 4.0K Jun 22 20:15 .
drwxr-xr-x 17 shardulr fnalgrid 4.0K Jun 22 20:15 CMSSW_10_6_19_patch2
-rw-r--r--  1 shardulr fnalgrid  454 Jun 22 20:15 _condor_stdout
/storage/local/data1/condor/execute/dir_32942/CMSSW_10_6_19_patch2 is the CMSSW we created on the local worker node
Running over Data2018 files
Blinding data, only using CR cuts (0 loose b's)
Using UL 2018 campaign working points
Pre-select 106610 entries out of 1062550 (10.03%)
Processed    10000/  106610 entries,  9.38% (elapsed time    30.9s, curr speed    0.324 kHz, avg speed    0.324 kHz), accepted     2043/   10001 events (20.43%)
Processed    20000/  106610 entries, 18.76% (elapsed time    60.8s, curr speed    0.335 kHz, avg speed    0.329 kHz), accepted     4149/   20001 events (20.74%)
Processed    30000/  106610 entries, 28.14% (elapsed time    92.1s, curr speed    0.319 kHz, avg speed    0.326 kHz), accepted     6391/   30001 events (21.30%)
Processed    40000/  106610 entries, 37.52% (elapsed time   121.9s, curr speed    0.336 kHz, avg speed    0.328 kHz), accepted     8476/   40001 events (21.19%)
Processed    50000/  106610 entries, 46.90% (elapsed time   151.3s, curr speed    0.339 kHz, avg speed    0.330 kHz), accepted    10383/   50001 events (20.77%)
Processed    60000/  106610 entries, 56.28% (elapsed time   182.0s, curr speed    0.326 kHz, avg speed    0.330 kHz), accepted    12506/   60001 events (20.84%)
Processed    70000/  106610 entries, 65.66% (elapsed time   213.3s, curr speed    0.319 kHz, avg speed    0.328 kHz), accepted    14774/   70001 events (21.11%)
Processed    80000/  106610 entries, 75.04% (elapsed time   237.6s, curr speed    0.411 kHz, avg speed    0.337 kHz), accepted    16049/   80001 events (20.06%)
Processed    90000/  106610 entries, 84.42% (elapsed time   266.7s, curr speed    0.344 kHz, avg speed    0.337 kHz), accepted    17959/   90001 events (19.95%)
Processed   100000/  106610 entries, 93.80% (elapsed time   291.4s, curr speed    0.405 kHz, avg speed    0.343 kHz), accepted    19218/  100001 events (19.22%)
Processed 106610 preselected entries from root://cmsxrootd.fnal.gov//store/data/Run2018D/JetHT/NANOAOD/UL2018_MiniAODv2_NanoAODv9-v2/2540000/1641DD8A-AD7A-724A-B2BC-C3BA598403C8.root (1062550 entries). Finally selected 20672 entries
Total time 320.2 sec. to process 1062550 events. Rate = 3318.8 Hz.
Running pwd:
/storage/local/data1/condor/execute/dir_32942
Running ls -alrth:
total 172K
-rw-r--r--  1 shardulr fnalgrid 5.0K Jun 22 20:15 .job.ad
-rw-r--r--  1 shardulr fnalgrid  14K Jun 22 20:15 .machine.ad
-rwx------  1 shardulr fnalgrid   49 Jun 22 20:15 .chirp.config
-rw-------  1 shardulr fnalgrid  11K Jun 22 20:15 x509up
drwxr-xr-x  2 shardulr fnalgrid 4.0K Jun 22 20:15 samples
-rw-r--r--  1 shardulr fnalgrid  62K Jun 22 20:15 singleStopAnalyzer.py
-rwxr-xr-x  1 shardulr fnalgrid  705 Jun 22 20:15 condor_exec.exe
-rw-r--r--  1 shardulr fnalgrid  951 Jun 22 20:15 bJetMatcher.py
-rw-r--r--  1 shardulr fnalgrid    0 Jun 22 20:15 docker_stderror
drwxrwxrwt  3 shardulr fnalgrid 4.0K Jun 22 20:15 var
drwxrwxrwt  2 shardulr fnalgrid 4.0K Jun 22 20:15 tmp
drwxr-xr-x  3 root     root     4.0K Jun 22 20:15 ..
srwxr-xr-x  1 shardulr fnalgrid    0 Jun 22 20:15 .docker_sock
drwxr-xr-x 17 shardulr fnalgrid 4.0K Jun 22 20:15 CMSSW_10_6_19_patch2
drwxr-xr-x  2 shardulr fnalgrid 4.0K Jun 22 20:15 framework
-rw-r--r--  1 shardulr fnalgrid 1.7K Jun 22 20:15 bJetMatcher.pyc
drwxr-xr-x  3 shardulr fnalgrid 4.0K Jun 22 20:15 output
-rw-r--r--  1 shardulr fnalgrid  215 Jun 22 20:15 _condor_stderr
-rw-r--r--  1 shardulr fnalgrid  13K Jun 22 20:20 .update.ad
drwx------  8 shardulr fnalgrid 4.0K Jun 22 20:20 .
-rw-r--r--  1 shardulr fnalgrid 3.9K Jun 22 20:20 _condor_stdout
