[FERMIHTC-APPTAINER]: INFO -- No Apptainer image specified
[FERMIHTC-APPTAINER]: INFO -- Running job on the host machine

[FERMIHTC-APPTAINER]: INFO -- Running ./condor_exec.exe
Starting job on  Thu Jun 22 20:17:34 UTC 2023
Running on: Linux shardulr-32358499-435-cmswn2082.fnal.gov 3.10.0-1160.90.1.el7.x86_64 #1 SMP Thu Apr 27 13:14:20 CDT 2023 x86_64 x86_64 x86_64 GNU/Linux
System software: Scientific Linux release 7.9 (Nitrogen)
Running ls -alrth:
total 164K
-rw-r--r--  1 shardulr fnalgrid 5.0K Jun 22 20:17 .job.ad
-rw-r--r--  1 shardulr fnalgrid  14K Jun 22 20:17 .machine.ad
-rwx------  1 shardulr fnalgrid   49 Jun 22 20:17 .chirp.config
-rw-------  1 shardulr fnalgrid  11K Jun 22 20:17 x509up
drwxr-xr-x  2 shardulr fnalgrid 4.0K Jun 22 20:17 samples
drwxr-xr-x  2 shardulr fnalgrid 4.0K Jun 22 20:17 framework
-rw-r--r--  1 shardulr fnalgrid  62K Jun 22 20:17 singleStopAnalyzer.py
-rwxr-xr-x  1 shardulr fnalgrid  705 Jun 22 20:17 condor_exec.exe
-rw-r--r--  1 shardulr fnalgrid  951 Jun 22 20:17 bJetMatcher.py
-rw-r--r--  1 shardulr fnalgrid    0 Jun 22 20:17 docker_stderror
drwxrwxrwt  3 shardulr fnalgrid 4.0K Jun 22 20:17 var
drwxrwxrwt  2 shardulr fnalgrid 4.0K Jun 22 20:17 tmp
-rw-r--r--  1 shardulr fnalgrid  13K Jun 22 20:17 .update.ad
drwxr-xr-x  3 root     root     4.0K Jun 22 20:17 ..
srwxr-xr-x  1 shardulr fnalgrid    0 Jun 22 20:17 .docker_sock
-rw-r--r--  1 shardulr fnalgrid  113 Jun 22 20:17 _condor_stderr
drwx------  7 shardulr fnalgrid 4.0K Jun 22 20:17 .
drwxr-xr-x 17 shardulr fnalgrid 4.0K Jun 22 20:17 CMSSW_10_6_19_patch2
-rw-r--r--  1 shardulr fnalgrid  454 Jun 22 20:17 _condor_stdout
/storage/local/data1/condor/execute/dir_42958/CMSSW_10_6_19_patch2 is the CMSSW we created on the local worker node
Running over Data2018 files
Blinding data, only using CR cuts (0 loose b's)
Using UL 2018 campaign working points
Pre-select 170459 entries out of 1650739 (10.33%)
Processed    10000/  170459 entries,  5.87% (elapsed time    24.7s, curr speed    0.405 kHz, avg speed    0.405 kHz), accepted     2106/   10001 events (21.06%)
Processed    20000/  170459 entries, 11.73% (elapsed time    47.4s, curr speed    0.441 kHz, avg speed    0.422 kHz), accepted     4282/   20001 events (21.41%)
Processed    30000/  170459 entries, 17.60% (elapsed time    69.9s, curr speed    0.443 kHz, avg speed    0.429 kHz), accepted     6374/   30001 events (21.25%)
Processed    40000/  170459 entries, 23.47% (elapsed time    92.7s, curr speed    0.440 kHz, avg speed    0.432 kHz), accepted     8478/   40001 events (21.19%)
Processed    50000/  170459 entries, 29.33% (elapsed time   115.7s, curr speed    0.433 kHz, avg speed    0.432 kHz), accepted    10649/   50001 events (21.30%)
Processed    60000/  170459 entries, 35.20% (elapsed time   138.9s, curr speed    0.432 kHz, avg speed    0.432 kHz), accepted    12749/   60001 events (21.25%)
Processed    70000/  170459 entries, 41.07% (elapsed time   160.9s, curr speed    0.455 kHz, avg speed    0.435 kHz), accepted    14657/   70001 events (20.94%)
Processed    80000/  170459 entries, 46.93% (elapsed time   182.3s, curr speed    0.468 kHz, avg speed    0.439 kHz), accepted    16538/   80001 events (20.67%)
Processed    90000/  170459 entries, 52.80% (elapsed time   204.5s, curr speed    0.450 kHz, avg speed    0.440 kHz), accepted    18535/   90001 events (20.59%)
Processed   100000/  170459 entries, 58.67% (elapsed time   226.4s, curr speed    0.455 kHz, avg speed    0.442 kHz), accepted    20461/  100001 events (20.46%)
Processed   110000/  170459 entries, 64.53% (elapsed time   249.2s, curr speed    0.439 kHz, avg speed    0.441 kHz), accepted    22574/  110001 events (20.52%)
Processed   120000/  170459 entries, 70.40% (elapsed time   271.8s, curr speed    0.443 kHz, avg speed    0.442 kHz), accepted    24638/  120001 events (20.53%)
Processed   130000/  170459 entries, 76.26% (elapsed time   295.0s, curr speed    0.430 kHz, avg speed    0.441 kHz), accepted    26863/  130001 events (20.66%)
Processed   140000/  170459 entries, 82.13% (elapsed time   318.9s, curr speed    0.418 kHz, avg speed    0.439 kHz), accepted    29056/  140001 events (20.75%)
Processed   150000/  170459 entries, 88.00% (elapsed time   344.1s, curr speed    0.398 kHz, avg speed    0.436 kHz), accepted    31399/  150001 events (20.93%)
Processed   160000/  170459 entries, 93.86% (elapsed time   369.6s, curr speed    0.392 kHz, avg speed    0.433 kHz), accepted    33714/  160001 events (21.07%)
Processed   170000/  170459 entries, 99.73% (elapsed time   396.5s, curr speed    0.372 kHz, avg speed    0.429 kHz), accepted    36114/  170001 events (21.24%)
Processed 170459 preselected entries from root://cmsxrootd.fnal.gov//store/data/Run2018D/JetHT/NANOAOD/UL2018_MiniAODv2_NanoAODv9-v2/80000/15E840DC-5ACB-BD4E-AB79-ED6EFBB91FAC.root (1650739 entries). Finally selected 36215 entries
Total time 404.6 sec. to process 1650739 events. Rate = 4080.4 Hz.
Running pwd:
/storage/local/data1/condor/execute/dir_42958
Running ls -alrth:
total 176K
-rw-r--r--  1 shardulr fnalgrid 5.0K Jun 22 20:17 .job.ad
-rw-r--r--  1 shardulr fnalgrid  14K Jun 22 20:17 .machine.ad
-rwx------  1 shardulr fnalgrid   49 Jun 22 20:17 .chirp.config
-rw-------  1 shardulr fnalgrid  11K Jun 22 20:17 x509up
drwxr-xr-x  2 shardulr fnalgrid 4.0K Jun 22 20:17 samples
-rw-r--r--  1 shardulr fnalgrid  62K Jun 22 20:17 singleStopAnalyzer.py
-rwxr-xr-x  1 shardulr fnalgrid  705 Jun 22 20:17 condor_exec.exe
-rw-r--r--  1 shardulr fnalgrid  951 Jun 22 20:17 bJetMatcher.py
-rw-r--r--  1 shardulr fnalgrid    0 Jun 22 20:17 docker_stderror
drwxrwxrwt  3 shardulr fnalgrid 4.0K Jun 22 20:17 var
drwxrwxrwt  2 shardulr fnalgrid 4.0K Jun 22 20:17 tmp
drwxr-xr-x  3 root     root     4.0K Jun 22 20:17 ..
srwxr-xr-x  1 shardulr fnalgrid    0 Jun 22 20:17 .docker_sock
drwxr-xr-x 17 shardulr fnalgrid 4.0K Jun 22 20:17 CMSSW_10_6_19_patch2
drwxr-xr-x  2 shardulr fnalgrid 4.0K Jun 22 20:17 framework
-rw-r--r--  1 shardulr fnalgrid 1.7K Jun 22 20:17 bJetMatcher.pyc
drwxr-xr-x  3 shardulr fnalgrid 4.0K Jun 22 20:17 output
-rw-r--r--  1 shardulr fnalgrid  215 Jun 22 20:17 _condor_stderr
-rw-r--r--  1 shardulr fnalgrid  13K Jun 22 20:24 .update.ad
drwx------  8 shardulr fnalgrid 4.0K Jun 22 20:24 .
-rw-r--r--  1 shardulr fnalgrid 4.9K Jun 22 20:24 _condor_stdout
