[FERMIHTC-APPTAINER]: INFO -- No Apptainer image specified
[FERMIHTC-APPTAINER]: INFO -- Running job on the host machine

[FERMIHTC-APPTAINER]: INFO -- Running ./condor_exec.exe
Starting job on  Thu Jun 22 20:12:35 UTC 2023
Running on: Linux shardulr-32358499-232-cmswn2119.fnal.gov 3.10.0-1160.90.1.el7.x86_64 #1 SMP Thu Apr 27 13:14:20 CDT 2023 x86_64 x86_64 x86_64 GNU/Linux
System software: Scientific Linux release 7.9 (Nitrogen)
Running ls -alrth:
total 156K
-rw-r--r--  1 shardulr fnalgrid 5.0K Jun 22 20:12 .job.ad
-rw-r--r--  1 shardulr fnalgrid  12K Jun 22 20:12 .machine.ad
-rwx------  1 shardulr fnalgrid   49 Jun 22 20:12 .chirp.config
-rw-------  1 shardulr fnalgrid  11K Jun 22 20:12 x509up
drwxr-xr-x  2 shardulr fnalgrid 4.0K Jun 22 20:12 samples
drwxr-xr-x  2 shardulr fnalgrid 4.0K Jun 22 20:12 framework
-rw-r--r--  1 shardulr fnalgrid  62K Jun 22 20:12 singleStopAnalyzer.py
-rwxr-xr-x  1 shardulr fnalgrid  705 Jun 22 20:12 condor_exec.exe
-rw-r--r--  1 shardulr fnalgrid  951 Jun 22 20:12 bJetMatcher.py
-rw-r--r--  1 shardulr fnalgrid    0 Jun 22 20:12 docker_stderror
drwxrwxrwt  3 shardulr fnalgrid 4.0K Jun 22 20:12 var
drwxrwxrwt  2 shardulr fnalgrid 4.0K Jun 22 20:12 tmp
-rw-r--r--  1 shardulr fnalgrid  11K Jun 22 20:12 .update.ad
drwxr-xr-x  3 root     root     4.0K Jun 22 20:12 ..
srwxr-xr-x  1 shardulr fnalgrid    0 Jun 22 20:12 .docker_sock
-rw-r--r--  1 shardulr fnalgrid  113 Jun 22 20:12 _condor_stderr
drwx------  7 shardulr fnalgrid 4.0K Jun 22 20:12 .
drwxr-xr-x 17 shardulr fnalgrid 4.0K Jun 22 20:12 CMSSW_10_6_19_patch2
-rw-r--r--  1 shardulr fnalgrid  454 Jun 22 20:12 _condor_stdout
/storage/local/data1/condor/execute/dir_34782/CMSSW_10_6_19_patch2 is the CMSSW we created on the local worker node
Running over Data2018 files
Blinding data, only using CR cuts (0 loose b's)
Using UL 2018 campaign working points
Pre-select 164805 entries out of 1640830 (10.04%)
Processed    10000/  164805 entries,  6.07% (elapsed time    28.5s, curr speed    0.350 kHz, avg speed    0.350 kHz), accepted     1695/   10001 events (16.95%)
Processed    20000/  164805 entries, 12.14% (elapsed time    57.6s, curr speed    0.344 kHz, avg speed    0.347 kHz), accepted     3587/   20001 events (17.93%)
Processed    30000/  164805 entries, 18.20% (elapsed time    88.4s, curr speed    0.325 kHz, avg speed    0.339 kHz), accepted     5698/   30001 events (18.99%)
Processed    40000/  164805 entries, 24.27% (elapsed time   118.7s, curr speed    0.330 kHz, avg speed    0.337 kHz), accepted     7722/   40001 events (19.30%)
Processed    50000/  164805 entries, 30.34% (elapsed time   147.4s, curr speed    0.349 kHz, avg speed    0.339 kHz), accepted     9439/   50001 events (18.88%)
Processed    60000/  164805 entries, 36.41% (elapsed time   175.8s, curr speed    0.352 kHz, avg speed    0.341 kHz), accepted    11095/   60001 events (18.49%)
Processed    70000/  164805 entries, 42.47% (elapsed time   203.7s, curr speed    0.358 kHz, avg speed    0.344 kHz), accepted    12692/   70001 events (18.13%)
Processed    80000/  164805 entries, 48.54% (elapsed time   231.7s, curr speed    0.358 kHz, avg speed    0.345 kHz), accepted    14373/   80001 events (17.97%)
Processed    90000/  164805 entries, 54.61% (elapsed time   259.3s, curr speed    0.362 kHz, avg speed    0.347 kHz), accepted    15963/   90001 events (17.74%)
Processed   100000/  164805 entries, 60.68% (elapsed time   287.5s, curr speed    0.354 kHz, avg speed    0.348 kHz), accepted    17624/  100001 events (17.62%)
Processed   110000/  164805 entries, 66.75% (elapsed time   316.0s, curr speed    0.350 kHz, avg speed    0.348 kHz), accepted    19374/  110001 events (17.61%)
Processed   120000/  164805 entries, 72.81% (elapsed time   343.7s, curr speed    0.362 kHz, avg speed    0.349 kHz), accepted    20908/  120001 events (17.42%)
Processed   130000/  164805 entries, 78.88% (elapsed time   369.8s, curr speed    0.382 kHz, avg speed    0.351 kHz), accepted    22716/  130001 events (17.47%)
Processed   140000/  164805 entries, 84.95% (elapsed time   400.1s, curr speed    0.331 kHz, avg speed    0.350 kHz), accepted    24748/  140001 events (17.68%)
Processed   150000/  164805 entries, 91.02% (elapsed time   425.7s, curr speed    0.391 kHz, avg speed    0.352 kHz), accepted    26303/  150001 events (17.54%)
Processed   160000/  164805 entries, 97.08% (elapsed time   450.5s, curr speed    0.403 kHz, avg speed    0.355 kHz), accepted    27956/  160001 events (17.47%)
Processed 164805 preselected entries from root://cmsxrootd.fnal.gov//store/data/Run2018C/JetHT/NANOAOD/UL2018_MiniAODv2_NanoAODv9-v1/130000/EDB14366-8452-CB4D-B4A4-FFD4F53DF97F.root (1640830 entries). Finally selected 28739 entries
Total time 470.1 sec. to process 1640830 events. Rate = 3490.6 Hz.
Running pwd:
/storage/local/data1/condor/execute/dir_34782
Running ls -alrth:
total 168K
-rw-r--r--  1 shardulr fnalgrid 5.0K Jun 22 20:12 .job.ad
-rw-r--r--  1 shardulr fnalgrid  12K Jun 22 20:12 .machine.ad
-rwx------  1 shardulr fnalgrid   49 Jun 22 20:12 .chirp.config
-rw-------  1 shardulr fnalgrid  11K Jun 22 20:12 x509up
drwxr-xr-x  2 shardulr fnalgrid 4.0K Jun 22 20:12 samples
-rw-r--r--  1 shardulr fnalgrid  62K Jun 22 20:12 singleStopAnalyzer.py
-rwxr-xr-x  1 shardulr fnalgrid  705 Jun 22 20:12 condor_exec.exe
-rw-r--r--  1 shardulr fnalgrid  951 Jun 22 20:12 bJetMatcher.py
-rw-r--r--  1 shardulr fnalgrid    0 Jun 22 20:12 docker_stderror
drwxrwxrwt  3 shardulr fnalgrid 4.0K Jun 22 20:12 var
drwxrwxrwt  2 shardulr fnalgrid 4.0K Jun 22 20:12 tmp
drwxr-xr-x  3 root     root     4.0K Jun 22 20:12 ..
srwxr-xr-x  1 shardulr fnalgrid    0 Jun 22 20:12 .docker_sock
drwxr-xr-x 17 shardulr fnalgrid 4.0K Jun 22 20:12 CMSSW_10_6_19_patch2
drwxr-xr-x  2 shardulr fnalgrid 4.0K Jun 22 20:12 framework
-rw-r--r--  1 shardulr fnalgrid 1.7K Jun 22 20:12 bJetMatcher.pyc
drwxr-xr-x  3 shardulr fnalgrid 4.0K Jun 22 20:12 output
-rw-r--r--  1 shardulr fnalgrid  215 Jun 22 20:12 _condor_stderr
-rw-r--r--  1 shardulr fnalgrid  12K Jun 22 20:19 .update.ad
drwx------  8 shardulr fnalgrid 4.0K Jun 22 20:19 .
-rw-r--r--  1 shardulr fnalgrid 4.8K Jun 22 20:20 _condor_stdout
