[FERMIHTC-APPTAINER]: INFO -- No Apptainer image specified
[FERMIHTC-APPTAINER]: INFO -- Running job on the host machine

[FERMIHTC-APPTAINER]: INFO -- Running ./condor_exec.exe
Starting job on  Thu Jun 22 20:11:49 UTC 2023
Running on: Linux shardulr-32358499-172-cmswn2084.fnal.gov 3.10.0-1160.90.1.el7.x86_64 #1 SMP Thu Apr 27 13:14:20 CDT 2023 x86_64 x86_64 x86_64 GNU/Linux
System software: Scientific Linux release 7.9 (Nitrogen)
Running ls -alrth:
total 164K
-rw-r--r--  1 shardulr fnalgrid 5.0K Jun 22 20:11 .job.ad
-rw-r--r--  1 shardulr fnalgrid  13K Jun 22 20:11 .machine.ad
-rwx------  1 shardulr fnalgrid   49 Jun 22 20:11 .chirp.config
-rw-------  1 shardulr fnalgrid  11K Jun 22 20:11 x509up
drwxr-xr-x  2 shardulr fnalgrid 4.0K Jun 22 20:11 samples
drwxr-xr-x  2 shardulr fnalgrid 4.0K Jun 22 20:11 framework
-rw-r--r--  1 shardulr fnalgrid  62K Jun 22 20:11 singleStopAnalyzer.py
-rwxr-xr-x  1 shardulr fnalgrid  705 Jun 22 20:11 condor_exec.exe
-rw-r--r--  1 shardulr fnalgrid  951 Jun 22 20:11 bJetMatcher.py
-rw-r--r--  1 shardulr fnalgrid    0 Jun 22 20:11 docker_stderror
drwxrwxrwt  3 shardulr fnalgrid 4.0K Jun 22 20:11 var
drwxrwxrwt  2 shardulr fnalgrid 4.0K Jun 22 20:11 tmp
-rw-r--r--  1 shardulr fnalgrid  13K Jun 22 20:11 .update.ad
drwxr-xr-x  3 root     root     4.0K Jun 22 20:11 ..
srwxr-xr-x  1 shardulr fnalgrid    0 Jun 22 20:11 .docker_sock
-rw-r--r--  1 shardulr fnalgrid  113 Jun 22 20:11 _condor_stderr
drwx------  7 shardulr fnalgrid 4.0K Jun 22 20:11 .
drwxr-xr-x 17 shardulr fnalgrid 4.0K Jun 22 20:11 CMSSW_10_6_19_patch2
-rw-r--r--  1 shardulr fnalgrid  454 Jun 22 20:11 _condor_stdout
/storage/local/data1/condor/execute/dir_15946/CMSSW_10_6_19_patch2 is the CMSSW we created on the local worker node
Running over Data2018 files
Blinding data, only using CR cuts (0 loose b's)
Using UL 2018 campaign working points
Pre-select 154821 entries out of 1563345 (9.90%)
Processed    10000/  154821 entries,  6.46% (elapsed time    28.0s, curr speed    0.357 kHz, avg speed    0.357 kHz), accepted     1075/   10001 events (10.75%)
Processed    20000/  154821 entries, 12.92% (elapsed time    60.0s, curr speed    0.312 kHz, avg speed    0.333 kHz), accepted     2872/   20001 events (14.36%)
Processed    30000/  154821 entries, 19.38% (elapsed time    89.0s, curr speed    0.345 kHz, avg speed    0.337 kHz), accepted     4389/   30001 events (14.63%)
Processed    40000/  154821 entries, 25.84% (elapsed time   119.3s, curr speed    0.330 kHz, avg speed    0.335 kHz), accepted     6107/   40001 events (15.27%)
Processed    50000/  154821 entries, 32.30% (elapsed time   150.9s, curr speed    0.317 kHz, avg speed    0.331 kHz), accepted     8192/   50001 events (16.38%)
Processed    60000/  154821 entries, 38.75% (elapsed time   179.3s, curr speed    0.352 kHz, avg speed    0.335 kHz), accepted     9652/   60001 events (16.09%)
Processed    70000/  154821 entries, 45.21% (elapsed time   207.7s, curr speed    0.351 kHz, avg speed    0.337 kHz), accepted    11120/   70001 events (15.89%)
Processed    80000/  154821 entries, 51.67% (elapsed time   237.2s, curr speed    0.340 kHz, avg speed    0.337 kHz), accepted    12771/   80001 events (15.96%)
Processed    90000/  154821 entries, 58.13% (elapsed time   268.2s, curr speed    0.322 kHz, avg speed    0.336 kHz), accepted    14747/   90001 events (16.39%)
Processed   100000/  154821 entries, 64.59% (elapsed time   299.3s, curr speed    0.322 kHz, avg speed    0.334 kHz), accepted    16893/  100001 events (16.89%)
Processed   110000/  154821 entries, 71.05% (elapsed time   330.4s, curr speed    0.321 kHz, avg speed    0.333 kHz), accepted    19124/  110001 events (17.39%)
Processed   120000/  154821 entries, 77.51% (elapsed time   360.7s, curr speed    0.331 kHz, avg speed    0.333 kHz), accepted    21029/  120001 events (17.52%)
Processed   130000/  154821 entries, 83.97% (elapsed time   389.9s, curr speed    0.342 kHz, avg speed    0.333 kHz), accepted    22649/  130001 events (17.42%)
Processed   140000/  154821 entries, 90.43% (elapsed time   422.2s, curr speed    0.310 kHz, avg speed    0.332 kHz), accepted    24775/  140001 events (17.70%)
Processed   150000/  154821 entries, 96.89% (elapsed time   448.7s, curr speed    0.377 kHz, avg speed    0.334 kHz), accepted    25975/  150001 events (17.32%)
Processed 154821 preselected entries from root://cmsxrootd.fnal.gov//store/data/Run2018B/JetHT/NANOAOD/UL2018_MiniAODv2_NanoAODv9-v1/120000/30786414-B6F5-3A4F-B8F1-18D0F2BDE5D8.root (1563345 entries). Finally selected 26826 entries
Total time 481.2 sec. to process 1563345 events. Rate = 3248.5 Hz.
Running pwd:
/storage/local/data1/condor/execute/dir_15946
Running ls -alrth:
total 176K
-rw-r--r--  1 shardulr fnalgrid 5.0K Jun 22 20:11 .job.ad
-rw-r--r--  1 shardulr fnalgrid  13K Jun 22 20:11 .machine.ad
-rwx------  1 shardulr fnalgrid   49 Jun 22 20:11 .chirp.config
-rw-------  1 shardulr fnalgrid  11K Jun 22 20:11 x509up
drwxr-xr-x  2 shardulr fnalgrid 4.0K Jun 22 20:11 samples
-rw-r--r--  1 shardulr fnalgrid  62K Jun 22 20:11 singleStopAnalyzer.py
-rwxr-xr-x  1 shardulr fnalgrid  705 Jun 22 20:11 condor_exec.exe
-rw-r--r--  1 shardulr fnalgrid  951 Jun 22 20:11 bJetMatcher.py
-rw-r--r--  1 shardulr fnalgrid    0 Jun 22 20:11 docker_stderror
drwxrwxrwt  3 shardulr fnalgrid 4.0K Jun 22 20:11 var
drwxrwxrwt  2 shardulr fnalgrid 4.0K Jun 22 20:11 tmp
drwxr-xr-x  3 root     root     4.0K Jun 22 20:11 ..
srwxr-xr-x  1 shardulr fnalgrid    0 Jun 22 20:11 .docker_sock
drwxr-xr-x 17 shardulr fnalgrid 4.0K Jun 22 20:11 CMSSW_10_6_19_patch2
drwxr-xr-x  2 shardulr fnalgrid 4.0K Jun 22 20:11 framework
-rw-r--r--  1 shardulr fnalgrid 1.7K Jun 22 20:11 bJetMatcher.pyc
drwxr-xr-x  3 shardulr fnalgrid 4.0K Jun 22 20:11 output
-rw-r--r--  1 shardulr fnalgrid  215 Jun 22 20:11 _condor_stderr
-rw-r--r--  1 shardulr fnalgrid  13K Jun 22 20:19 .update.ad
drwx------  8 shardulr fnalgrid 4.0K Jun 22 20:19 .
-rw-r--r--  1 shardulr fnalgrid 4.6K Jun 22 20:19 _condor_stdout
