[FERMIHTC-APPTAINER]: INFO -- No Apptainer image specified
[FERMIHTC-APPTAINER]: INFO -- Running job on the host machine

[FERMIHTC-APPTAINER]: INFO -- Running ./condor_exec.exe
Starting job on  Thu Jun 22 20:08:52 UTC 2023
Running on: Linux shardulr-32358499-20-cmswn2095.fnal.gov 3.10.0-1160.90.1.el7.x86_64 #1 SMP Thu Apr 27 13:14:20 CDT 2023 x86_64 x86_64 x86_64 GNU/Linux
System software: Scientific Linux release 7.9 (Nitrogen)
Running ls -alrth:
total 164K
-rw-r--r--  1 shardulr fnalgrid 5.0K Jun 22 20:08 .job.ad
-rw-r--r--  1 shardulr fnalgrid  13K Jun 22 20:08 .machine.ad
-rwx------  1 shardulr fnalgrid   49 Jun 22 20:08 .chirp.config
-rw-------  1 shardulr fnalgrid  11K Jun 22 20:08 x509up
drwxr-xr-x  2 shardulr fnalgrid 4.0K Jun 22 20:08 samples
drwxr-xr-x  2 shardulr fnalgrid 4.0K Jun 22 20:08 framework
-rw-r--r--  1 shardulr fnalgrid  62K Jun 22 20:08 singleStopAnalyzer.py
-rwxr-xr-x  1 shardulr fnalgrid  704 Jun 22 20:08 condor_exec.exe
-rw-r--r--  1 shardulr fnalgrid  951 Jun 22 20:08 bJetMatcher.py
-rw-r--r--  1 shardulr fnalgrid    0 Jun 22 20:08 docker_stderror
drwxrwxrwt  3 shardulr fnalgrid 4.0K Jun 22 20:08 var
drwxrwxrwt  2 shardulr fnalgrid 4.0K Jun 22 20:08 tmp
-rw-r--r--  1 shardulr fnalgrid  13K Jun 22 20:08 .update.ad
drwxr-xr-x  3 root     root     4.0K Jun 22 20:08 ..
srwxr-xr-x  1 shardulr fnalgrid    0 Jun 22 20:08 .docker_sock
-rw-r--r--  1 shardulr fnalgrid  113 Jun 22 20:08 _condor_stderr
drwx------  7 shardulr fnalgrid 4.0K Jun 22 20:08 .
drwxr-xr-x 17 shardulr fnalgrid 4.0K Jun 22 20:08 CMSSW_10_6_19_patch2
-rw-r--r--  1 shardulr fnalgrid  453 Jun 22 20:08 _condor_stdout
/storage/local/data1/condor/execute/dir_64062/CMSSW_10_6_19_patch2 is the CMSSW we created on the local worker node
Running over Data2018 files
Blinding data, only using CR cuts (0 loose b's)
Using UL 2018 campaign working points
Pre-select 132559 entries out of 1449867 (9.14%)
Processed    10000/  132559 entries,  7.54% (elapsed time    25.6s, curr speed    0.390 kHz, avg speed    0.390 kHz), accepted     1966/   10001 events (19.66%)
Processed    20000/  132559 entries, 15.09% (elapsed time    51.7s, curr speed    0.383 kHz, avg speed    0.387 kHz), accepted     4000/   20001 events (20.00%)
Processed    30000/  132559 entries, 22.63% (elapsed time    78.9s, curr speed    0.369 kHz, avg speed    0.380 kHz), accepted     6085/   30001 events (20.28%)
Processed    40000/  132559 entries, 30.18% (elapsed time   104.6s, curr speed    0.388 kHz, avg speed    0.382 kHz), accepted     7884/   40001 events (19.71%)
Processed    50000/  132559 entries, 37.72% (elapsed time   131.1s, curr speed    0.377 kHz, avg speed    0.381 kHz), accepted     9858/   50001 events (19.72%)
Processed    60000/  132559 entries, 45.26% (elapsed time   157.4s, curr speed    0.381 kHz, avg speed    0.381 kHz), accepted    11798/   60001 events (19.66%)
Processed    70000/  132559 entries, 52.81% (elapsed time   183.4s, curr speed    0.384 kHz, avg speed    0.382 kHz), accepted    13739/   70001 events (19.63%)
Processed    80000/  132559 entries, 60.35% (elapsed time   209.7s, curr speed    0.380 kHz, avg speed    0.381 kHz), accepted    15871/   80001 events (19.84%)
Processed    90000/  132559 entries, 67.89% (elapsed time   235.2s, curr speed    0.392 kHz, avg speed    0.383 kHz), accepted    17947/   90001 events (19.94%)
Processed   100000/  132559 entries, 75.44% (elapsed time   261.4s, curr speed    0.382 kHz, avg speed    0.383 kHz), accepted    20098/  100001 events (20.10%)
Processed   110000/  132559 entries, 82.98% (elapsed time   286.6s, curr speed    0.397 kHz, avg speed    0.384 kHz), accepted    22090/  110001 events (20.08%)
Processed   120000/  132559 entries, 90.53% (elapsed time   310.8s, curr speed    0.413 kHz, avg speed    0.386 kHz), accepted    23791/  120001 events (19.83%)
Processed   130000/  132559 entries, 98.07% (elapsed time   335.7s, curr speed    0.402 kHz, avg speed    0.387 kHz), accepted    25632/  130001 events (19.72%)
Processed 132559 preselected entries from root://cmsxrootd.fnal.gov//store/data/Run2018A/JetHT/NANOAOD/UL2018_MiniAODv2_NanoAODv9-v2/100000/89D54C41-1FA8-DA4C-B449-F8B37D27ECC8.root (1449867 entries). Finally selected 26130 entries
Total time 355.3 sec. to process 1449867 events. Rate = 4080.6 Hz.
Running pwd:
/storage/local/data1/condor/execute/dir_64062
Running ls -alrth:
total 172K
-rw-r--r--  1 shardulr fnalgrid 5.0K Jun 22 20:08 .job.ad
-rw-r--r--  1 shardulr fnalgrid  13K Jun 22 20:08 .machine.ad
-rwx------  1 shardulr fnalgrid   49 Jun 22 20:08 .chirp.config
-rw-------  1 shardulr fnalgrid  11K Jun 22 20:08 x509up
drwxr-xr-x  2 shardulr fnalgrid 4.0K Jun 22 20:08 samples
-rw-r--r--  1 shardulr fnalgrid  62K Jun 22 20:08 singleStopAnalyzer.py
-rwxr-xr-x  1 shardulr fnalgrid  704 Jun 22 20:08 condor_exec.exe
-rw-r--r--  1 shardulr fnalgrid  951 Jun 22 20:08 bJetMatcher.py
-rw-r--r--  1 shardulr fnalgrid    0 Jun 22 20:08 docker_stderror
drwxrwxrwt  3 shardulr fnalgrid 4.0K Jun 22 20:08 var
drwxrwxrwt  2 shardulr fnalgrid 4.0K Jun 22 20:08 tmp
drwxr-xr-x  3 root     root     4.0K Jun 22 20:08 ..
srwxr-xr-x  1 shardulr fnalgrid    0 Jun 22 20:08 .docker_sock
drwxr-xr-x 17 shardulr fnalgrid 4.0K Jun 22 20:08 CMSSW_10_6_19_patch2
drwxr-xr-x  2 shardulr fnalgrid 4.0K Jun 22 20:08 framework
-rw-r--r--  1 shardulr fnalgrid 1.7K Jun 22 20:08 bJetMatcher.pyc
drwxr-xr-x  3 shardulr fnalgrid 4.0K Jun 22 20:08 output
-rw-r--r--  1 shardulr fnalgrid  215 Jun 22 20:08 _condor_stderr
-rw-r--r--  1 shardulr fnalgrid  13K Jun 22 20:14 .update.ad
drwx------  8 shardulr fnalgrid 4.0K Jun 22 20:14 .
-rw-r--r--  1 shardulr fnalgrid 1.9K Jun 22 20:14 _condor_stdout
