[FERMIHTC-APPTAINER]: INFO -- No Apptainer image specified
[FERMIHTC-APPTAINER]: INFO -- Running job on the host machine

[FERMIHTC-APPTAINER]: INFO -- Running ./condor_exec.exe
Starting job on  Thu Jun 22 20:16:20 UTC 2023
Running on: Linux shardulr-32358499-356-cmswn2025.fnal.gov 3.10.0-1160.90.1.el7.x86_64 #1 SMP Thu Apr 27 13:14:20 CDT 2023 x86_64 x86_64 x86_64 GNU/Linux
System software: Scientific Linux release 7.9 (Nitrogen)
Running ls -alrth:
total 164K
-rw-r--r--  1 shardulr fnalgrid  13K Jun 22 20:15 .machine.ad
-rw-r--r--  1 shardulr fnalgrid 5.0K Jun 22 20:15 .job.ad
-rwx------  1 shardulr fnalgrid   49 Jun 22 20:15 .chirp.config
-rw-------  1 shardulr fnalgrid  11K Jun 22 20:15 x509up
drwxr-xr-x  2 shardulr fnalgrid 4.0K Jun 22 20:15 samples
drwxr-xr-x  2 shardulr fnalgrid 4.0K Jun 22 20:15 framework
-rw-r--r--  1 shardulr fnalgrid  62K Jun 22 20:15 singleStopAnalyzer.py
-rwxr-xr-x  1 shardulr fnalgrid  705 Jun 22 20:15 condor_exec.exe
-rw-r--r--  1 shardulr fnalgrid  951 Jun 22 20:15 bJetMatcher.py
-rw-r--r--  1 shardulr fnalgrid    0 Jun 22 20:15 docker_stderror
drwxrwxrwt  2 shardulr fnalgrid 4.0K Jun 22 20:15 tmp
drwxrwxrwt  3 shardulr fnalgrid 4.0K Jun 22 20:15 var
-rw-r--r--  1 shardulr fnalgrid  13K Jun 22 20:16 .update.ad
drwxr-xr-x  3 root     root     4.0K Jun 22 20:16 ..
srwxr-xr-x  1 shardulr fnalgrid    0 Jun 22 20:16 .docker_sock
-rw-r--r--  1 shardulr fnalgrid  113 Jun 22 20:16 _condor_stderr
drwx------  7 shardulr fnalgrid 4.0K Jun 22 20:16 .
drwxr-xr-x 17 shardulr fnalgrid 4.0K Jun 22 20:16 CMSSW_10_6_19_patch2
-rw-r--r--  1 shardulr fnalgrid  454 Jun 22 20:16 _condor_stdout
/storage/local/data1/condor/execute/dir_54008/CMSSW_10_6_19_patch2 is the CMSSW we created on the local worker node
Running over Data2018 files
Blinding data, only using CR cuts (0 loose b's)
Using UL 2018 campaign working points
Pre-select 109918 entries out of 1132212 (9.71%)
Processed    10000/  109918 entries,  9.10% (elapsed time    28.6s, curr speed    0.349 kHz, avg speed    0.349 kHz), accepted     1746/   10001 events (17.46%)
Processed    20000/  109918 entries, 18.20% (elapsed time    55.9s, curr speed    0.367 kHz, avg speed    0.358 kHz), accepted     3554/   20001 events (17.77%)
Processed    30000/  109918 entries, 27.29% (elapsed time    86.7s, curr speed    0.325 kHz, avg speed    0.346 kHz), accepted     5685/   30001 events (18.95%)
Processed    40000/  109918 entries, 36.39% (elapsed time   114.8s, curr speed    0.356 kHz, avg speed    0.348 kHz), accepted     7513/   40001 events (18.78%)
Processed    50000/  109918 entries, 45.49% (elapsed time   138.3s, curr speed    0.425 kHz, avg speed    0.362 kHz), accepted     9334/   50001 events (18.67%)
Processed    60000/  109918 entries, 54.59% (elapsed time   163.3s, curr speed    0.400 kHz, avg speed    0.367 kHz), accepted    11404/   60001 events (19.01%)
Processed    70000/  109918 entries, 63.68% (elapsed time   188.8s, curr speed    0.391 kHz, avg speed    0.371 kHz), accepted    13602/   70001 events (19.43%)
Processed    80000/  109918 entries, 72.78% (elapsed time   215.7s, curr speed    0.372 kHz, avg speed    0.371 kHz), accepted    15889/   80001 events (19.86%)
Processed    90000/  109918 entries, 81.88% (elapsed time   240.7s, curr speed    0.400 kHz, avg speed    0.374 kHz), accepted    18096/   90001 events (20.11%)
Processed   100000/  109918 entries, 90.98% (elapsed time   267.0s, curr speed    0.380 kHz, avg speed    0.375 kHz), accepted    20308/  100001 events (20.31%)
Processed 109918 preselected entries from root://cmsxrootd.fnal.gov//store/data/Run2018D/JetHT/NANOAOD/UL2018_MiniAODv2_NanoAODv9-v2/2540000/48CA10B0-B2AC-BD4B-806F-5E5ACB0C184E.root (1132212 entries). Finally selected 22515 entries
Total time 305.9 sec. to process 1132212 events. Rate = 3701.1 Hz.
Running pwd:
/storage/local/data1/condor/execute/dir_54008
Running ls -alrth:
total 172K
-rw-r--r--  1 shardulr fnalgrid  13K Jun 22 20:15 .machine.ad
-rw-r--r--  1 shardulr fnalgrid 5.0K Jun 22 20:15 .job.ad
-rwx------  1 shardulr fnalgrid   49 Jun 22 20:15 .chirp.config
-rw-------  1 shardulr fnalgrid  11K Jun 22 20:15 x509up
drwxr-xr-x  2 shardulr fnalgrid 4.0K Jun 22 20:15 samples
-rw-r--r--  1 shardulr fnalgrid  62K Jun 22 20:15 singleStopAnalyzer.py
-rwxr-xr-x  1 shardulr fnalgrid  705 Jun 22 20:15 condor_exec.exe
-rw-r--r--  1 shardulr fnalgrid  951 Jun 22 20:15 bJetMatcher.py
-rw-r--r--  1 shardulr fnalgrid    0 Jun 22 20:15 docker_stderror
drwxrwxrwt  2 shardulr fnalgrid 4.0K Jun 22 20:15 tmp
drwxrwxrwt  3 shardulr fnalgrid 4.0K Jun 22 20:15 var
drwxr-xr-x  3 root     root     4.0K Jun 22 20:16 ..
srwxr-xr-x  1 shardulr fnalgrid    0 Jun 22 20:16 .docker_sock
drwxr-xr-x 17 shardulr fnalgrid 4.0K Jun 22 20:16 CMSSW_10_6_19_patch2
drwxr-xr-x  2 shardulr fnalgrid 4.0K Jun 22 20:16 framework
-rw-r--r--  1 shardulr fnalgrid 1.7K Jun 22 20:16 bJetMatcher.pyc
drwxr-xr-x  3 shardulr fnalgrid 4.0K Jun 22 20:16 output
-rw-r--r--  1 shardulr fnalgrid  215 Jun 22 20:16 _condor_stderr
-rw-r--r--  1 shardulr fnalgrid  13K Jun 22 20:21 .update.ad
drwx------  8 shardulr fnalgrid 4.0K Jun 22 20:21 .
-rw-r--r--  1 shardulr fnalgrid 3.9K Jun 22 20:21 _condor_stdout
