[FERMIHTC-APPTAINER]: INFO -- No Apptainer image specified
[FERMIHTC-APPTAINER]: INFO -- Running job on the host machine

[FERMIHTC-APPTAINER]: INFO -- Running ./condor_exec.exe
Starting job on  Thu Jun 22 20:15:17 UTC 2023
Running on: Linux shardulr-32358499-316-cmswn2096.fnal.gov 3.10.0-1160.90.1.el7.x86_64 #1 SMP Thu Apr 27 13:14:20 CDT 2023 x86_64 x86_64 x86_64 GNU/Linux
System software: Scientific Linux release 7.9 (Nitrogen)
Running ls -alrth:
total 164K
-rw-r--r--  1 shardulr fnalgrid 5.0K Jun 22 20:15 .job.ad
-rw-r--r--  1 shardulr fnalgrid  14K Jun 22 20:15 .machine.ad
-rwx------  1 shardulr fnalgrid   49 Jun 22 20:15 .chirp.config
-rw-------  1 shardulr fnalgrid  11K Jun 22 20:15 x509up
drwxr-xr-x  2 shardulr fnalgrid 4.0K Jun 22 20:15 samples
drwxr-xr-x  2 shardulr fnalgrid 4.0K Jun 22 20:15 framework
-rw-r--r--  1 shardulr fnalgrid  62K Jun 22 20:15 singleStopAnalyzer.py
-rw-r--r--  1 shardulr fnalgrid  951 Jun 22 20:15 bJetMatcher.py
-rwxr-xr-x  1 shardulr fnalgrid  705 Jun 22 20:15 condor_exec.exe
-rw-r--r--  1 shardulr fnalgrid    0 Jun 22 20:15 docker_stderror
drwxrwxrwt  3 shardulr fnalgrid 4.0K Jun 22 20:15 var
drwxrwxrwt  2 shardulr fnalgrid 4.0K Jun 22 20:15 tmp
drwxr-xr-x  3 root     root     4.0K Jun 22 20:15 ..
srwxr-xr-x  1 shardulr fnalgrid    0 Jun 22 20:15 .docker_sock
-rw-r--r--  1 shardulr fnalgrid  113 Jun 22 20:15 _condor_stderr
drwxr-xr-x 17 shardulr fnalgrid 4.0K Jun 22 20:15 CMSSW_10_6_19_patch2
-rw-r--r--  1 shardulr fnalgrid  13K Jun 22 20:15 .update.ad
drwx------  7 shardulr fnalgrid 4.0K Jun 22 20:15 .
-rw-r--r--  1 shardulr fnalgrid  454 Jun 22 20:15 _condor_stdout
/storage/local/data1/condor/execute/dir_41431/CMSSW_10_6_19_patch2 is the CMSSW we created on the local worker node
Running over Data2018 files
Blinding data, only using CR cuts (0 loose b's)
Using UL 2018 campaign working points
Pre-select 156131 entries out of 1619987 (9.64%)
Processed    10000/  156131 entries,  6.40% (elapsed time    27.6s, curr speed    0.362 kHz, avg speed    0.362 kHz), accepted     2081/   10001 events (20.81%)
Processed    20000/  156131 entries, 12.81% (elapsed time    54.9s, curr speed    0.366 kHz, avg speed    0.364 kHz), accepted     4198/   20001 events (20.99%)
Processed    30000/  156131 entries, 19.21% (elapsed time    80.4s, curr speed    0.393 kHz, avg speed    0.373 kHz), accepted     6105/   30001 events (20.35%)
Processed    40000/  156131 entries, 25.62% (elapsed time   106.9s, curr speed    0.376 kHz, avg speed    0.374 kHz), accepted     8137/   40001 events (20.34%)
Processed    50000/  156131 entries, 32.02% (elapsed time   132.8s, curr speed    0.386 kHz, avg speed    0.376 kHz), accepted    10121/   50001 events (20.24%)
Processed    60000/  156131 entries, 38.43% (elapsed time   159.2s, curr speed    0.379 kHz, avg speed    0.377 kHz), accepted    12206/   60001 events (20.34%)
Processed    70000/  156131 entries, 44.83% (elapsed time   186.0s, curr speed    0.373 kHz, avg speed    0.376 kHz), accepted    14310/   70001 events (20.44%)
Processed    80000/  156131 entries, 51.24% (elapsed time   212.8s, curr speed    0.373 kHz, avg speed    0.376 kHz), accepted    16553/   80001 events (20.69%)
Processed    90000/  156131 entries, 57.64% (elapsed time   239.5s, curr speed    0.375 kHz, avg speed    0.376 kHz), accepted    18725/   90001 events (20.81%)
Processed   100000/  156131 entries, 64.05% (elapsed time   263.9s, curr speed    0.409 kHz, avg speed    0.379 kHz), accepted    20512/  100001 events (20.51%)
Processed   110000/  156131 entries, 70.45% (elapsed time   290.3s, curr speed    0.379 kHz, avg speed    0.379 kHz), accepted    22474/  110001 events (20.43%)
Processed   120000/  156131 entries, 76.86% (elapsed time   316.9s, curr speed    0.376 kHz, avg speed    0.379 kHz), accepted    24450/  120001 events (20.37%)
Processed   130000/  156131 entries, 83.26% (elapsed time   343.5s, curr speed    0.376 kHz, avg speed    0.378 kHz), accepted    26386/  130001 events (20.30%)
Processed   140000/  156131 entries, 89.67% (elapsed time   370.2s, curr speed    0.374 kHz, avg speed    0.378 kHz), accepted    28347/  140001 events (20.25%)
Processed   150000/  156131 entries, 96.07% (elapsed time   397.7s, curr speed    0.363 kHz, avg speed    0.377 kHz), accepted    30226/  150001 events (20.15%)
Processed 156131 preselected entries from root://cmsxrootd.fnal.gov//store/data/Run2018D/JetHT/NANOAOD/UL2018_MiniAODv2_NanoAODv9-v2/2540000/BD75565A-9A0A-0C47-83A4-EC38640AC446.root (1619987 entries). Finally selected 31339 entries
Total time 437.1 sec. to process 1619987 events. Rate = 3706.5 Hz.
Running pwd:
/storage/local/data1/condor/execute/dir_41431
Running ls -alrth:
total 176K
-rw-r--r--  1 shardulr fnalgrid 5.0K Jun 22 20:15 .job.ad
-rw-r--r--  1 shardulr fnalgrid  14K Jun 22 20:15 .machine.ad
-rwx------  1 shardulr fnalgrid   49 Jun 22 20:15 .chirp.config
-rw-------  1 shardulr fnalgrid  11K Jun 22 20:15 x509up
drwxr-xr-x  2 shardulr fnalgrid 4.0K Jun 22 20:15 samples
-rw-r--r--  1 shardulr fnalgrid  62K Jun 22 20:15 singleStopAnalyzer.py
-rw-r--r--  1 shardulr fnalgrid  951 Jun 22 20:15 bJetMatcher.py
-rwxr-xr-x  1 shardulr fnalgrid  705 Jun 22 20:15 condor_exec.exe
-rw-r--r--  1 shardulr fnalgrid    0 Jun 22 20:15 docker_stderror
drwxrwxrwt  3 shardulr fnalgrid 4.0K Jun 22 20:15 var
drwxrwxrwt  2 shardulr fnalgrid 4.0K Jun 22 20:15 tmp
drwxr-xr-x  3 root     root     4.0K Jun 22 20:15 ..
srwxr-xr-x  1 shardulr fnalgrid    0 Jun 22 20:15 .docker_sock
drwxr-xr-x 17 shardulr fnalgrid 4.0K Jun 22 20:15 CMSSW_10_6_19_patch2
drwxr-xr-x  2 shardulr fnalgrid 4.0K Jun 22 20:15 framework
-rw-r--r--  1 shardulr fnalgrid 1.7K Jun 22 20:15 bJetMatcher.pyc
drwxr-xr-x  3 shardulr fnalgrid 4.0K Jun 22 20:15 output
-rw-r--r--  1 shardulr fnalgrid  215 Jun 22 20:15 _condor_stderr
-rw-r--r--  1 shardulr fnalgrid  13K Jun 22 20:22 .update.ad
drwx------  8 shardulr fnalgrid 4.0K Jun 22 20:22 .
-rw-r--r--  1 shardulr fnalgrid 4.6K Jun 22 20:22 _condor_stdout
