[FERMIHTC-APPTAINER]: INFO -- No Apptainer image specified
[FERMIHTC-APPTAINER]: INFO -- Running job on the host machine

[FERMIHTC-APPTAINER]: INFO -- Running ./condor_exec.exe
Starting job on  Thu Jun 22 20:11:28 UTC 2023
Running on: Linux shardulr-32358499-178-cmswn2039.fnal.gov 3.10.0-1160.90.1.el7.x86_64 #1 SMP Thu Apr 27 13:14:20 CDT 2023 x86_64 x86_64 x86_64 GNU/Linux
System software: Scientific Linux release 7.9 (Nitrogen)
Running ls -alrth:
total 164K
-rw-r--r--  1 shardulr fnalgrid  13K Jun 22 20:11 .machine.ad
-rw-r--r--  1 shardulr fnalgrid 5.0K Jun 22 20:11 .job.ad
-rwx------  1 shardulr fnalgrid   49 Jun 22 20:11 .chirp.config
-rw-------  1 shardulr fnalgrid  11K Jun 22 20:11 x509up
drwxr-xr-x  2 shardulr fnalgrid 4.0K Jun 22 20:11 samples
drwxr-xr-x  2 shardulr fnalgrid 4.0K Jun 22 20:11 framework
-rw-r--r--  1 shardulr fnalgrid  62K Jun 22 20:11 singleStopAnalyzer.py
-rwxr-xr-x  1 shardulr fnalgrid  705 Jun 22 20:11 condor_exec.exe
-rw-r--r--  1 shardulr fnalgrid  951 Jun 22 20:11 bJetMatcher.py
-rw-r--r--  1 shardulr fnalgrid    0 Jun 22 20:11 docker_stderror
drwxrwxrwt  2 shardulr fnalgrid 4.0K Jun 22 20:11 tmp
drwxrwxrwt  3 shardulr fnalgrid 4.0K Jun 22 20:11 var
-rw-r--r--  1 shardulr fnalgrid  13K Jun 22 20:11 .update.ad
drwxr-xr-x  3 root     root     4.0K Jun 22 20:11 ..
srwxr-xr-x  1 shardulr fnalgrid    0 Jun 22 20:11 .docker_sock
-rw-r--r--  1 shardulr fnalgrid  113 Jun 22 20:11 _condor_stderr
drwx------  7 shardulr fnalgrid 4.0K Jun 22 20:11 .
drwxr-xr-x 17 shardulr fnalgrid 4.0K Jun 22 20:11 CMSSW_10_6_19_patch2
-rw-r--r--  1 shardulr fnalgrid  454 Jun 22 20:11 _condor_stdout
/storage/local/data1/condor/execute/dir_26019/CMSSW_10_6_19_patch2 is the CMSSW we created on the local worker node
Running over Data2018 files
Blinding data, only using CR cuts (0 loose b's)
Using UL 2018 campaign working points
Pre-select 196499 entries out of 2011501 (9.77%)
Processed    10000/  196499 entries,  5.09% (elapsed time    40.6s, curr speed    0.246 kHz, avg speed    0.246 kHz), accepted     2155/   10001 events (21.55%)
Processed    20000/  196499 entries, 10.18% (elapsed time    80.8s, curr speed    0.249 kHz, avg speed    0.248 kHz), accepted     3967/   20001 events (19.83%)
Processed    30000/  196499 entries, 15.27% (elapsed time   119.9s, curr speed    0.256 kHz, avg speed    0.250 kHz), accepted     5571/   30001 events (18.57%)
Processed    40000/  196499 entries, 20.36% (elapsed time   160.0s, curr speed    0.250 kHz, avg speed    0.250 kHz), accepted     7528/   40001 events (18.82%)
Processed    50000/  196499 entries, 25.45% (elapsed time   200.5s, curr speed    0.247 kHz, avg speed    0.249 kHz), accepted     9608/   50001 events (19.22%)
Processed    60000/  196499 entries, 30.53% (elapsed time   241.6s, curr speed    0.243 kHz, avg speed    0.248 kHz), accepted    11807/   60001 events (19.68%)
Processed    70000/  196499 entries, 35.62% (elapsed time   282.4s, curr speed    0.245 kHz, avg speed    0.248 kHz), accepted    14137/   70001 events (20.20%)
Processed    80000/  196499 entries, 40.71% (elapsed time   322.6s, curr speed    0.249 kHz, avg speed    0.248 kHz), accepted    15820/   80001 events (19.77%)
Processed    90000/  196499 entries, 45.80% (elapsed time   361.9s, curr speed    0.254 kHz, avg speed    0.249 kHz), accepted    17568/   90001 events (19.52%)
Processed   100000/  196499 entries, 50.89% (elapsed time   402.5s, curr speed    0.247 kHz, avg speed    0.248 kHz), accepted    19742/  100001 events (19.74%)
Processed   110000/  196499 entries, 55.98% (elapsed time   443.2s, curr speed    0.246 kHz, avg speed    0.248 kHz), accepted    21680/  110001 events (19.71%)
Processed   120000/  196499 entries, 61.07% (elapsed time   482.4s, curr speed    0.255 kHz, avg speed    0.249 kHz), accepted    22954/  120001 events (19.13%)
Processed   130000/  196499 entries, 66.16% (elapsed time   526.1s, curr speed    0.229 kHz, avg speed    0.247 kHz), accepted    25021/  130001 events (19.25%)
Processed   140000/  196499 entries, 71.25% (elapsed time   568.5s, curr speed    0.236 kHz, avg speed    0.246 kHz), accepted    27152/  140001 events (19.39%)
Processed   150000/  196499 entries, 76.34% (elapsed time   607.7s, curr speed    0.255 kHz, avg speed    0.247 kHz), accepted    29254/  150001 events (19.50%)
Processed   160000/  196499 entries, 81.43% (elapsed time   647.8s, curr speed    0.249 kHz, avg speed    0.247 kHz), accepted    30833/  160001 events (19.27%)
Processed   170000/  196499 entries, 86.51% (elapsed time   685.9s, curr speed    0.263 kHz, avg speed    0.248 kHz), accepted    32415/  170001 events (19.07%)
Processed   180000/  196499 entries, 91.60% (elapsed time   724.8s, curr speed    0.257 kHz, avg speed    0.248 kHz), accepted    34458/  180001 events (19.14%)
Processed   190000/  196499 entries, 96.69% (elapsed time   762.8s, curr speed    0.263 kHz, avg speed    0.249 kHz), accepted    36271/  190001 events (19.09%)
Processed 196499 preselected entries from root://cmsxrootd.fnal.gov//store/data/Run2018B/JetHT/NANOAOD/UL2018_MiniAODv2_NanoAODv9-v1/120000/92955128-DD4A-594A-9C90-967056BC60AF.root (2011501 entries). Finally selected 37225 entries
Total time 867.8 sec. to process 2011501 events. Rate = 2317.8 Hz.
Running pwd:
/storage/local/data1/condor/execute/dir_26019
Running ls -alrth:
total 176K
-rw-r--r--  1 shardulr fnalgrid  13K Jun 22 20:11 .machine.ad
-rw-r--r--  1 shardulr fnalgrid 5.0K Jun 22 20:11 .job.ad
-rwx------  1 shardulr fnalgrid   49 Jun 22 20:11 .chirp.config
-rw-------  1 shardulr fnalgrid  11K Jun 22 20:11 x509up
drwxr-xr-x  2 shardulr fnalgrid 4.0K Jun 22 20:11 samples
-rw-r--r--  1 shardulr fnalgrid  62K Jun 22 20:11 singleStopAnalyzer.py
-rwxr-xr-x  1 shardulr fnalgrid  705 Jun 22 20:11 condor_exec.exe
-rw-r--r--  1 shardulr fnalgrid  951 Jun 22 20:11 bJetMatcher.py
-rw-r--r--  1 shardulr fnalgrid    0 Jun 22 20:11 docker_stderror
drwxrwxrwt  2 shardulr fnalgrid 4.0K Jun 22 20:11 tmp
drwxrwxrwt  3 shardulr fnalgrid 4.0K Jun 22 20:11 var
drwxr-xr-x  3 root     root     4.0K Jun 22 20:11 ..
srwxr-xr-x  1 shardulr fnalgrid    0 Jun 22 20:11 .docker_sock
-rw-r--r--  1 shardulr fnalgrid  113 Jun 22 20:11 _condor_stderr
drwxr-xr-x 17 shardulr fnalgrid 4.0K Jun 22 20:11 CMSSW_10_6_19_patch2
drwxr-xr-x  2 shardulr fnalgrid 4.0K Jun 22 20:11 framework
-rw-r--r--  1 shardulr fnalgrid 1.7K Jun 22 20:11 bJetMatcher.pyc
drwxr-xr-x  3 shardulr fnalgrid 4.0K Jun 22 20:11 output
-rw-r--r--  1 shardulr fnalgrid 5.3K Jun 22 20:26 _condor_stdout
-rw-r--r--  1 shardulr fnalgrid  13K Jun 22 20:26 .update.ad
drwx------  8 shardulr fnalgrid 4.0K Jun 22 20:26 .
