[FERMIHTC-APPTAINER]: INFO -- No Apptainer image specified
[FERMIHTC-APPTAINER]: INFO -- Running job on the host machine

[FERMIHTC-APPTAINER]: INFO -- Running ./condor_exec.exe
Starting job on  Thu Jun 22 20:17:38 UTC 2023
Running on: Linux shardulr-32358499-445-cmswn2095.fnal.gov 3.10.0-1160.90.1.el7.x86_64 #1 SMP Thu Apr 27 13:14:20 CDT 2023 x86_64 x86_64 x86_64 GNU/Linux
System software: Scientific Linux release 7.9 (Nitrogen)
Running ls -alrth:
total 164K
-rw-r--r--  1 shardulr fnalgrid  13K Jun 22 20:17 .machine.ad
-rw-r--r--  1 shardulr fnalgrid 5.0K Jun 22 20:17 .job.ad
-rwx------  1 shardulr fnalgrid   49 Jun 22 20:17 .chirp.config
-rw-------  1 shardulr fnalgrid  11K Jun 22 20:17 x509up
drwxr-xr-x  2 shardulr fnalgrid 4.0K Jun 22 20:17 samples
-rw-r--r--  1 shardulr fnalgrid  62K Jun 22 20:17 singleStopAnalyzer.py
drwxr-xr-x  2 shardulr fnalgrid 4.0K Jun 22 20:17 framework
-rwxr-xr-x  1 shardulr fnalgrid  705 Jun 22 20:17 condor_exec.exe
-rw-r--r--  1 shardulr fnalgrid  951 Jun 22 20:17 bJetMatcher.py
-rw-r--r--  1 shardulr fnalgrid    0 Jun 22 20:17 docker_stderror
drwxrwxrwt  3 shardulr fnalgrid 4.0K Jun 22 20:17 var
drwxrwxrwt  2 shardulr fnalgrid 4.0K Jun 22 20:17 tmp
-rw-r--r--  1 shardulr fnalgrid  13K Jun 22 20:17 .update.ad
drwxr-xr-x  3 root     root     4.0K Jun 22 20:17 ..
srwxr-xr-x  1 shardulr fnalgrid    0 Jun 22 20:17 .docker_sock
-rw-r--r--  1 shardulr fnalgrid  113 Jun 22 20:17 _condor_stderr
drwx------  7 shardulr fnalgrid 4.0K Jun 22 20:17 .
drwxr-xr-x 17 shardulr fnalgrid 4.0K Jun 22 20:17 CMSSW_10_6_19_patch2
-rw-r--r--  1 shardulr fnalgrid  454 Jun 22 20:17 _condor_stdout
/storage/local/data1/condor/execute/dir_9621/CMSSW_10_6_19_patch2 is the CMSSW we created on the local worker node
Running over Data2018 files
Blinding data, only using CR cuts (0 loose b's)
Using UL 2018 campaign working points
Pre-select 137338 entries out of 1352021 (10.16%)
Processed    10000/  137338 entries,  7.28% (elapsed time    28.4s, curr speed    0.352 kHz, avg speed    0.352 kHz), accepted     2019/   10001 events (20.19%)
Processed    20000/  137338 entries, 14.56% (elapsed time    55.5s, curr speed    0.369 kHz, avg speed    0.360 kHz), accepted     3856/   20001 events (19.28%)
Processed    30000/  137338 entries, 21.84% (elapsed time    81.4s, curr speed    0.387 kHz, avg speed    0.369 kHz), accepted     5567/   30001 events (18.56%)
Processed    40000/  137338 entries, 29.13% (elapsed time   108.8s, curr speed    0.365 kHz, avg speed    0.368 kHz), accepted     7490/   40001 events (18.72%)
Processed    50000/  137338 entries, 36.41% (elapsed time   136.4s, curr speed    0.362 kHz, avg speed    0.367 kHz), accepted     9622/   50001 events (19.24%)
Processed    60000/  137338 entries, 43.69% (elapsed time   164.0s, curr speed    0.362 kHz, avg speed    0.366 kHz), accepted    11670/   60001 events (19.45%)
Processed    70000/  137338 entries, 50.97% (elapsed time   190.5s, curr speed    0.377 kHz, avg speed    0.367 kHz), accepted    13393/   70001 events (19.13%)
Processed    80000/  137338 entries, 58.25% (elapsed time   216.5s, curr speed    0.385 kHz, avg speed    0.369 kHz), accepted    15099/   80001 events (18.87%)
Processed    90000/  137338 entries, 65.53% (elapsed time   244.7s, curr speed    0.354 kHz, avg speed    0.368 kHz), accepted    17126/   90001 events (19.03%)
Processed   100000/  137338 entries, 72.81% (elapsed time   272.9s, curr speed    0.356 kHz, avg speed    0.366 kHz), accepted    19110/  100001 events (19.11%)
Processed   110000/  137338 entries, 80.09% (elapsed time   302.1s, curr speed    0.342 kHz, avg speed    0.364 kHz), accepted    21152/  110001 events (19.23%)
Processed   120000/  137338 entries, 87.38% (elapsed time   332.1s, curr speed    0.334 kHz, avg speed    0.361 kHz), accepted    23275/  120001 events (19.40%)
Processed   130000/  137338 entries, 94.66% (elapsed time   362.0s, curr speed    0.334 kHz, avg speed    0.359 kHz), accepted    25280/  130001 events (19.45%)
Processed 137338 preselected entries from root://cmsxrootd.fnal.gov//store/data/Run2018D/JetHT/NANOAOD/UL2018_MiniAODv2_NanoAODv9-v2/2430000/7A5B164F-1202-9D4E-8354-D59E2C43D8A2.root (1352021 entries). Finally selected 26673 entries
Total time 409.0 sec. to process 1352021 events. Rate = 3305.9 Hz.
Running pwd:
/storage/local/data1/condor/execute/dir_9621
Running ls -alrth:
total 176K
-rw-r--r--  1 shardulr fnalgrid  13K Jun 22 20:17 .machine.ad
-rw-r--r--  1 shardulr fnalgrid 5.0K Jun 22 20:17 .job.ad
-rwx------  1 shardulr fnalgrid   49 Jun 22 20:17 .chirp.config
-rw-------  1 shardulr fnalgrid  11K Jun 22 20:17 x509up
drwxr-xr-x  2 shardulr fnalgrid 4.0K Jun 22 20:17 samples
-rw-r--r--  1 shardulr fnalgrid  62K Jun 22 20:17 singleStopAnalyzer.py
-rwxr-xr-x  1 shardulr fnalgrid  705 Jun 22 20:17 condor_exec.exe
-rw-r--r--  1 shardulr fnalgrid  951 Jun 22 20:17 bJetMatcher.py
-rw-r--r--  1 shardulr fnalgrid    0 Jun 22 20:17 docker_stderror
drwxrwxrwt  3 shardulr fnalgrid 4.0K Jun 22 20:17 var
drwxrwxrwt  2 shardulr fnalgrid 4.0K Jun 22 20:17 tmp
drwxr-xr-x  3 root     root     4.0K Jun 22 20:17 ..
srwxr-xr-x  1 shardulr fnalgrid    0 Jun 22 20:17 .docker_sock
drwxr-xr-x 17 shardulr fnalgrid 4.0K Jun 22 20:17 CMSSW_10_6_19_patch2
drwxr-xr-x  2 shardulr fnalgrid 4.0K Jun 22 20:17 framework
-rw-r--r--  1 shardulr fnalgrid 1.7K Jun 22 20:17 bJetMatcher.pyc
drwxr-xr-x  3 shardulr fnalgrid 4.0K Jun 22 20:17 output
-rw-r--r--  1 shardulr fnalgrid  215 Jun 22 20:17 _condor_stderr
-rw-r--r--  1 shardulr fnalgrid  13K Jun 22 20:24 .update.ad
drwx------  8 shardulr fnalgrid 4.0K Jun 22 20:24 .
-rw-r--r--  1 shardulr fnalgrid 4.3K Jun 22 20:24 _condor_stdout
