[FERMIHTC-APPTAINER]: INFO -- No Apptainer image specified
[FERMIHTC-APPTAINER]: INFO -- Running job on the host machine

[FERMIHTC-APPTAINER]: INFO -- Running ./condor_exec.exe
Starting job on  Thu Jun 22 20:16:37 UTC 2023
Running on: Linux shardulr-32358499-389-cmswn2112.fnal.gov 3.10.0-1160.90.1.el7.x86_64 #1 SMP Thu Apr 27 13:14:20 CDT 2023 x86_64 x86_64 x86_64 GNU/Linux
System software: Scientific Linux release 7.9 (Nitrogen)
Running ls -alrth:
total 156K
-rw-r--r--  1 shardulr fnalgrid 5.0K Jun 22 20:16 .job.ad
-rw-r--r--  1 shardulr fnalgrid  11K Jun 22 20:16 .machine.ad
-rwx------  1 shardulr fnalgrid   49 Jun 22 20:16 .chirp.config
-rw-------  1 shardulr fnalgrid  11K Jun 22 20:16 x509up
drwxr-xr-x  2 shardulr fnalgrid 4.0K Jun 22 20:16 samples
drwxr-xr-x  2 shardulr fnalgrid 4.0K Jun 22 20:16 framework
-rw-r--r--  1 shardulr fnalgrid  62K Jun 22 20:16 singleStopAnalyzer.py
-rw-r--r--  1 shardulr fnalgrid  951 Jun 22 20:16 bJetMatcher.py
-rwxr-xr-x  1 shardulr fnalgrid  705 Jun 22 20:16 condor_exec.exe
-rw-r--r--  1 shardulr fnalgrid    0 Jun 22 20:16 docker_stderror
drwxrwxrwt  3 shardulr fnalgrid 4.0K Jun 22 20:16 var
drwxrwxrwt  2 shardulr fnalgrid 4.0K Jun 22 20:16 tmp
-rw-r--r--  1 shardulr fnalgrid  11K Jun 22 20:16 .update.ad
drwxr-xr-x  3 root     root     4.0K Jun 22 20:16 ..
srwxr-xr-x  1 shardulr fnalgrid    0 Jun 22 20:16 .docker_sock
-rw-r--r--  1 shardulr fnalgrid  113 Jun 22 20:16 _condor_stderr
drwx------  7 shardulr fnalgrid 4.0K Jun 22 20:16 .
drwxr-xr-x 17 shardulr fnalgrid 4.0K Jun 22 20:16 CMSSW_10_6_19_patch2
-rw-r--r--  1 shardulr fnalgrid  454 Jun 22 20:16 _condor_stdout
/storage/local/data1/condor/execute/dir_26654/CMSSW_10_6_19_patch2 is the CMSSW we created on the local worker node
Running over Data2018 files
Blinding data, only using CR cuts (0 loose b's)
Using UL 2018 campaign working points
Pre-select 230447 entries out of 2197058 (10.49%)
Processed    10000/  230447 entries,  4.34% (elapsed time    32.3s, curr speed    0.310 kHz, avg speed    0.310 kHz), accepted     2022/   10001 events (20.22%)
Processed    20000/  230447 entries,  8.68% (elapsed time    62.0s, curr speed    0.337 kHz, avg speed    0.323 kHz), accepted     4032/   20001 events (20.16%)
Processed    30000/  230447 entries, 13.02% (elapsed time    91.6s, curr speed    0.338 kHz, avg speed    0.328 kHz), accepted     6093/   30001 events (20.31%)
Processed    40000/  230447 entries, 17.36% (elapsed time   123.0s, curr speed    0.318 kHz, avg speed    0.325 kHz), accepted     8254/   40001 events (20.63%)
Processed    50000/  230447 entries, 21.70% (elapsed time   153.9s, curr speed    0.323 kHz, avg speed    0.325 kHz), accepted    10440/   50001 events (20.88%)
Processed    60000/  230447 entries, 26.04% (elapsed time   183.3s, curr speed    0.340 kHz, avg speed    0.327 kHz), accepted    12515/   60001 events (20.86%)
Processed    70000/  230447 entries, 30.38% (elapsed time   213.5s, curr speed    0.332 kHz, avg speed    0.328 kHz), accepted    14556/   70001 events (20.79%)
Processed    80000/  230447 entries, 34.72% (elapsed time   243.3s, curr speed    0.335 kHz, avg speed    0.329 kHz), accepted    16588/   80001 events (20.73%)
Processed    90000/  230447 entries, 39.05% (elapsed time   272.7s, curr speed    0.340 kHz, avg speed    0.330 kHz), accepted    18603/   90001 events (20.67%)
Processed   100000/  230447 entries, 43.39% (elapsed time   301.7s, curr speed    0.345 kHz, avg speed    0.331 kHz), accepted    20600/  100001 events (20.60%)
Processed   110000/  230447 entries, 47.73% (elapsed time   330.9s, curr speed    0.343 kHz, avg speed    0.332 kHz), accepted    22591/  110001 events (20.54%)
Processed   120000/  230447 entries, 52.07% (elapsed time   360.8s, curr speed    0.334 kHz, avg speed    0.333 kHz), accepted    24721/  120001 events (20.60%)
Processed   130000/  230447 entries, 56.41% (elapsed time   390.3s, curr speed    0.338 kHz, avg speed    0.333 kHz), accepted    26785/  130001 events (20.60%)
Processed   140000/  230447 entries, 60.75% (elapsed time   420.8s, curr speed    0.328 kHz, avg speed    0.333 kHz), accepted    28824/  140001 events (20.59%)
Processed   150000/  230447 entries, 65.09% (elapsed time   450.8s, curr speed    0.334 kHz, avg speed    0.333 kHz), accepted    31022/  150001 events (20.68%)
Processed   160000/  230447 entries, 69.43% (elapsed time   481.8s, curr speed    0.322 kHz, avg speed    0.332 kHz), accepted    33196/  160001 events (20.75%)
Processed   170000/  230447 entries, 73.77% (elapsed time   512.5s, curr speed    0.326 kHz, avg speed    0.332 kHz), accepted    35400/  170001 events (20.82%)
Processed   180000/  230447 entries, 78.11% (elapsed time   542.5s, curr speed    0.333 kHz, avg speed    0.332 kHz), accepted    37425/  180001 events (20.79%)
Processed   190000/  230447 entries, 82.45% (elapsed time   571.7s, curr speed    0.342 kHz, avg speed    0.332 kHz), accepted    39396/  190001 events (20.73%)
Processed   200000/  230447 entries, 86.79% (elapsed time   600.2s, curr speed    0.351 kHz, avg speed    0.333 kHz), accepted    41362/  200001 events (20.68%)
Processed   210000/  230447 entries, 91.13% (elapsed time   630.8s, curr speed    0.327 kHz, avg speed    0.333 kHz), accepted    43508/  210001 events (20.72%)
Processed   220000/  230447 entries, 95.47% (elapsed time   657.2s, curr speed    0.378 kHz, avg speed    0.335 kHz), accepted    45270/  220001 events (20.58%)
Processed   230000/  230447 entries, 99.81% (elapsed time   684.9s, curr speed    0.361 kHz, avg speed    0.336 kHz), accepted    47083/  230001 events (20.47%)
Processed 230447 preselected entries from root://cmsxrootd.fnal.gov//store/data/Run2018D/JetHT/NANOAOD/UL2018_MiniAODv2_NanoAODv9-v2/2810000/AC5C7586-A5D4-DE42-82DD-2135FF2C6770.root (2197058 entries). Finally selected 47166 entries
Total time 701.4 sec. to process 2197058 events. Rate = 3132.5 Hz.
Running pwd:
/storage/local/data1/condor/execute/dir_26654
Running ls -alrth:
total 168K
-rw-r--r--  1 shardulr fnalgrid 5.0K Jun 22 20:16 .job.ad
-rw-r--r--  1 shardulr fnalgrid  11K Jun 22 20:16 .machine.ad
-rwx------  1 shardulr fnalgrid   49 Jun 22 20:16 .chirp.config
-rw-------  1 shardulr fnalgrid  11K Jun 22 20:16 x509up
drwxr-xr-x  2 shardulr fnalgrid 4.0K Jun 22 20:16 samples
-rw-r--r--  1 shardulr fnalgrid  62K Jun 22 20:16 singleStopAnalyzer.py
-rw-r--r--  1 shardulr fnalgrid  951 Jun 22 20:16 bJetMatcher.py
-rwxr-xr-x  1 shardulr fnalgrid  705 Jun 22 20:16 condor_exec.exe
-rw-r--r--  1 shardulr fnalgrid    0 Jun 22 20:16 docker_stderror
drwxrwxrwt  3 shardulr fnalgrid 4.0K Jun 22 20:16 var
drwxrwxrwt  2 shardulr fnalgrid 4.0K Jun 22 20:16 tmp
drwxr-xr-x  3 root     root     4.0K Jun 22 20:16 ..
srwxr-xr-x  1 shardulr fnalgrid    0 Jun 22 20:16 .docker_sock
drwxr-xr-x 17 shardulr fnalgrid 4.0K Jun 22 20:16 CMSSW_10_6_19_patch2
drwxr-xr-x  2 shardulr fnalgrid 4.0K Jun 22 20:16 framework
-rw-r--r--  1 shardulr fnalgrid 1.7K Jun 22 20:16 bJetMatcher.pyc
drwxr-xr-x  3 shardulr fnalgrid 4.0K Jun 22 20:16 output
-rw-r--r--  1 shardulr fnalgrid  215 Jun 22 20:16 _condor_stderr
-rw-r--r--  1 shardulr fnalgrid  11K Jun 22 20:27 .update.ad
drwx------  8 shardulr fnalgrid 4.0K Jun 22 20:27 .
-rw-r--r--  1 shardulr fnalgrid 5.9K Jun 22 20:28 _condor_stdout
