[FERMIHTC-APPTAINER]: INFO -- No Apptainer image specified
[FERMIHTC-APPTAINER]: INFO -- Running job on the host machine

[FERMIHTC-APPTAINER]: INFO -- Running ./condor_exec.exe
Starting job on  Thu Jun 22 20:16:33 UTC 2023
Running on: Linux shardulr-32358499-379-cmswn2104.fnal.gov 3.10.0-1160.90.1.el7.x86_64 #1 SMP Thu Apr 27 13:14:20 CDT 2023 x86_64 x86_64 x86_64 GNU/Linux
System software: Scientific Linux release 7.9 (Nitrogen)
Running ls -alrth:
total 164K
-rw-r--r--  1 shardulr fnalgrid  13K Jun 22 20:16 .machine.ad
-rw-r--r--  1 shardulr fnalgrid 5.0K Jun 22 20:16 .job.ad
-rwx------  1 shardulr fnalgrid   49 Jun 22 20:16 .chirp.config
-rw-------  1 shardulr fnalgrid  11K Jun 22 20:16 x509up
drwxr-xr-x  2 shardulr fnalgrid 4.0K Jun 22 20:16 samples
-rw-r--r--  1 shardulr fnalgrid  62K Jun 22 20:16 singleStopAnalyzer.py
drwxr-xr-x  2 shardulr fnalgrid 4.0K Jun 22 20:16 framework
-rwxr-xr-x  1 shardulr fnalgrid  705 Jun 22 20:16 condor_exec.exe
-rw-r--r--  1 shardulr fnalgrid  951 Jun 22 20:16 bJetMatcher.py
-rw-r--r--  1 shardulr fnalgrid    0 Jun 22 20:16 docker_stderror
drwxrwxrwt  3 shardulr fnalgrid 4.0K Jun 22 20:16 var
drwxrwxrwt  2 shardulr fnalgrid 4.0K Jun 22 20:16 tmp
drwxr-xr-x  3 root     root     4.0K Jun 22 20:16 ..
srwxr-xr-x  1 shardulr fnalgrid    0 Jun 22 20:16 .docker_sock
-rw-r--r--  1 shardulr fnalgrid  13K Jun 22 20:16 .update.ad
-rw-r--r--  1 shardulr fnalgrid  113 Jun 22 20:16 _condor_stderr
drwx------  7 shardulr fnalgrid 4.0K Jun 22 20:16 .
drwxr-xr-x 17 shardulr fnalgrid 4.0K Jun 22 20:16 CMSSW_10_6_19_patch2
-rw-r--r--  1 shardulr fnalgrid  454 Jun 22 20:16 _condor_stdout
/storage/local/data1/condor/execute/dir_60701/CMSSW_10_6_19_patch2 is the CMSSW we created on the local worker node
Running over Data2018 files
Blinding data, only using CR cuts (0 loose b's)
Using UL 2018 campaign working points
Pre-select 213616 entries out of 2069760 (10.32%)
Processed    10000/  213616 entries,  4.68% (elapsed time    14.4s, curr speed    0.697 kHz, avg speed    0.697 kHz), accepted      157/   10001 events ( 1.57%)
Processed    20000/  213616 entries,  9.36% (elapsed time    38.6s, curr speed    0.413 kHz, avg speed    0.518 kHz), accepted     1997/   20001 events ( 9.98%)
Processed    30000/  213616 entries, 14.04% (elapsed time    62.9s, curr speed    0.411 kHz, avg speed    0.477 kHz), accepted     3984/   30001 events (13.28%)
Processed    40000/  213616 entries, 18.73% (elapsed time    88.2s, curr speed    0.396 kHz, avg speed    0.453 kHz), accepted     6116/   40001 events (15.29%)
Processed    50000/  213616 entries, 23.41% (elapsed time   113.3s, curr speed    0.399 kHz, avg speed    0.441 kHz), accepted     8265/   50001 events (16.53%)
Processed    60000/  213616 entries, 28.09% (elapsed time   139.1s, curr speed    0.388 kHz, avg speed    0.431 kHz), accepted    10461/   60001 events (17.43%)
Processed    70000/  213616 entries, 32.77% (elapsed time   164.7s, curr speed    0.391 kHz, avg speed    0.425 kHz), accepted    12668/   70001 events (18.10%)
Processed    80000/  213616 entries, 37.45% (elapsed time   189.7s, curr speed    0.400 kHz, avg speed    0.422 kHz), accepted    14815/   80001 events (18.52%)
Processed    90000/  213616 entries, 42.13% (elapsed time   215.0s, curr speed    0.396 kHz, avg speed    0.419 kHz), accepted    17033/   90001 events (18.93%)
Processed   100000/  213616 entries, 46.81% (elapsed time   239.4s, curr speed    0.409 kHz, avg speed    0.418 kHz), accepted    18958/  100001 events (18.96%)
Processed   110000/  213616 entries, 51.49% (elapsed time   263.9s, curr speed    0.409 kHz, avg speed    0.417 kHz), accepted    20911/  110001 events (19.01%)
Processed   120000/  213616 entries, 56.18% (elapsed time   287.6s, curr speed    0.421 kHz, avg speed    0.417 kHz), accepted    22667/  120001 events (18.89%)
Processed   130000/  213616 entries, 60.86% (elapsed time   312.1s, curr speed    0.409 kHz, avg speed    0.417 kHz), accepted    24447/  130001 events (18.81%)
Processed   140000/  213616 entries, 65.54% (elapsed time   338.2s, curr speed    0.384 kHz, avg speed    0.414 kHz), accepted    26622/  140001 events (19.02%)
Processed   150000/  213616 entries, 70.22% (elapsed time   364.0s, curr speed    0.387 kHz, avg speed    0.412 kHz), accepted    28784/  150001 events (19.19%)
Processed   160000/  213616 entries, 74.90% (elapsed time   387.6s, curr speed    0.424 kHz, avg speed    0.413 kHz), accepted    30539/  160001 events (19.09%)
Processed   170000/  213616 entries, 79.58% (elapsed time   411.6s, curr speed    0.416 kHz, avg speed    0.413 kHz), accepted    32280/  170001 events (18.99%)
Processed   180000/  213616 entries, 84.26% (elapsed time   437.8s, curr speed    0.382 kHz, avg speed    0.411 kHz), accepted    34439/  180001 events (19.13%)
Processed   190000/  213616 entries, 88.94% (elapsed time   459.0s, curr speed    0.471 kHz, avg speed    0.414 kHz), accepted    35818/  190001 events (18.85%)
Processed   200000/  213616 entries, 93.63% (elapsed time   484.8s, curr speed    0.387 kHz, avg speed    0.413 kHz), accepted    37933/  200001 events (18.97%)
Processed   210000/  213616 entries, 98.31% (elapsed time   508.6s, curr speed    0.420 kHz, avg speed    0.413 kHz), accepted    39827/  210001 events (18.97%)
Processed 213616 preselected entries from root://cmsxrootd.fnal.gov//store/data/Run2018D/JetHT/NANOAOD/UL2018_MiniAODv2_NanoAODv9-v2/2810000/983EC287-BF73-3B4F-9067-2F5AFA841C5F.root (2069760 entries). Finally selected 40644 entries
Total time 529.1 sec. to process 2069760 events. Rate = 3911.5 Hz.
Running pwd:
/storage/local/data1/condor/execute/dir_60701
Running ls -alrth:
total 176K
-rw-r--r--  1 shardulr fnalgrid  13K Jun 22 20:16 .machine.ad
-rw-r--r--  1 shardulr fnalgrid 5.0K Jun 22 20:16 .job.ad
-rwx------  1 shardulr fnalgrid   49 Jun 22 20:16 .chirp.config
-rw-------  1 shardulr fnalgrid  11K Jun 22 20:16 x509up
drwxr-xr-x  2 shardulr fnalgrid 4.0K Jun 22 20:16 samples
-rw-r--r--  1 shardulr fnalgrid  62K Jun 22 20:16 singleStopAnalyzer.py
-rwxr-xr-x  1 shardulr fnalgrid  705 Jun 22 20:16 condor_exec.exe
-rw-r--r--  1 shardulr fnalgrid  951 Jun 22 20:16 bJetMatcher.py
-rw-r--r--  1 shardulr fnalgrid    0 Jun 22 20:16 docker_stderror
drwxrwxrwt  3 shardulr fnalgrid 4.0K Jun 22 20:16 var
drwxrwxrwt  2 shardulr fnalgrid 4.0K Jun 22 20:16 tmp
drwxr-xr-x  3 root     root     4.0K Jun 22 20:16 ..
srwxr-xr-x  1 shardulr fnalgrid    0 Jun 22 20:16 .docker_sock
drwxr-xr-x 17 shardulr fnalgrid 4.0K Jun 22 20:16 CMSSW_10_6_19_patch2
drwxr-xr-x  2 shardulr fnalgrid 4.0K Jun 22 20:16 framework
-rw-r--r--  1 shardulr fnalgrid 1.7K Jun 22 20:16 bJetMatcher.pyc
drwxr-xr-x  3 shardulr fnalgrid 4.0K Jun 22 20:16 output
-rw-r--r--  1 shardulr fnalgrid  215 Jun 22 20:16 _condor_stderr
-rw-r--r--  1 shardulr fnalgrid  13K Jun 22 20:25 .update.ad
drwx------  8 shardulr fnalgrid 4.0K Jun 22 20:25 .
-rw-r--r--  1 shardulr fnalgrid 5.6K Jun 22 20:25 _condor_stdout
