[FERMIHTC-APPTAINER]: INFO -- No Apptainer image specified
[FERMIHTC-APPTAINER]: INFO -- Running job on the host machine

[FERMIHTC-APPTAINER]: INFO -- Running ./condor_exec.exe
Starting job on  Thu Jun 22 20:14:20 UTC 2023
Running on: Linux shardulr-32358499-279-cmswn2098.fnal.gov 3.10.0-1160.90.1.el7.x86_64 #1 SMP Thu Apr 27 13:14:20 CDT 2023 x86_64 x86_64 x86_64 GNU/Linux
System software: Scientific Linux release 7.9 (Nitrogen)
Running ls -alrth:
total 164K
-rw-r--r--  1 shardulr fnalgrid 5.0K Jun 22 20:13 .job.ad
-rw-r--r--  1 shardulr fnalgrid  13K Jun 22 20:13 .machine.ad
-rwx------  1 shardulr fnalgrid   49 Jun 22 20:13 .chirp.config
-rw-------  1 shardulr fnalgrid  11K Jun 22 20:14 x509up
drwxr-xr-x  2 shardulr fnalgrid 4.0K Jun 22 20:14 samples
drwxr-xr-x  2 shardulr fnalgrid 4.0K Jun 22 20:14 framework
-rw-r--r--  1 shardulr fnalgrid  62K Jun 22 20:14 singleStopAnalyzer.py
-rwxr-xr-x  1 shardulr fnalgrid  705 Jun 22 20:14 condor_exec.exe
-rw-r--r--  1 shardulr fnalgrid  951 Jun 22 20:14 bJetMatcher.py
-rw-r--r--  1 shardulr fnalgrid    0 Jun 22 20:14 docker_stderror
drwxrwxrwt  2 shardulr fnalgrid 4.0K Jun 22 20:14 tmp
drwxrwxrwt  3 shardulr fnalgrid 4.0K Jun 22 20:14 var
drwxr-xr-x  3 root     root     4.0K Jun 22 20:14 ..
srwxr-xr-x  1 shardulr fnalgrid    0 Jun 22 20:14 .docker_sock
-rw-r--r--  1 shardulr fnalgrid  13K Jun 22 20:14 .update.ad
-rw-r--r--  1 shardulr fnalgrid  113 Jun 22 20:14 _condor_stderr
drwx------  7 shardulr fnalgrid 4.0K Jun 22 20:14 .
drwxr-xr-x 17 shardulr fnalgrid 4.0K Jun 22 20:14 CMSSW_10_6_19_patch2
-rw-r--r--  1 shardulr fnalgrid  454 Jun 22 20:14 _condor_stdout
/storage/local/data1/condor/execute/dir_42955/CMSSW_10_6_19_patch2 is the CMSSW we created on the local worker node
Running over Data2018 files
Blinding data, only using CR cuts (0 loose b's)
Using UL 2018 campaign working points
Pre-select 201270 entries out of 1983347 (10.15%)
Processed    10000/  201270 entries,  4.97% (elapsed time    27.1s, curr speed    0.369 kHz, avg speed    0.369 kHz), accepted     2153/   10001 events (21.53%)
Processed    20000/  201270 entries,  9.94% (elapsed time    53.4s, curr speed    0.380 kHz, avg speed    0.374 kHz), accepted     4297/   20001 events (21.48%)
Processed    30000/  201270 entries, 14.91% (elapsed time    78.8s, curr speed    0.394 kHz, avg speed    0.381 kHz), accepted     6479/   30001 events (21.60%)
Processed    40000/  201270 entries, 19.87% (elapsed time   104.2s, curr speed    0.394 kHz, avg speed    0.384 kHz), accepted     8659/   40001 events (21.65%)
Processed    50000/  201270 entries, 24.84% (elapsed time   129.8s, curr speed    0.390 kHz, avg speed    0.385 kHz), accepted    10946/   50001 events (21.89%)
Processed    60000/  201270 entries, 29.81% (elapsed time   155.1s, curr speed    0.396 kHz, avg speed    0.387 kHz), accepted    13139/   60001 events (21.90%)
Processed    70000/  201270 entries, 34.78% (elapsed time   180.0s, curr speed    0.401 kHz, avg speed    0.389 kHz), accepted    15301/   70001 events (21.86%)
Processed    80000/  201270 entries, 39.75% (elapsed time   205.6s, curr speed    0.391 kHz, avg speed    0.389 kHz), accepted    17568/   80001 events (21.96%)
Processed    90000/  201270 entries, 44.72% (elapsed time   231.7s, curr speed    0.384 kHz, avg speed    0.389 kHz), accepted    19777/   90001 events (21.97%)
Processed   100000/  201270 entries, 49.68% (elapsed time   252.1s, curr speed    0.489 kHz, avg speed    0.397 kHz), accepted    20898/  100001 events (20.90%)
Processed   110000/  201270 entries, 54.65% (elapsed time   279.1s, curr speed    0.370 kHz, avg speed    0.394 kHz), accepted    22886/  110001 events (20.81%)
Processed   120000/  201270 entries, 59.62% (elapsed time   311.7s, curr speed    0.306 kHz, avg speed    0.385 kHz), accepted    25073/  120001 events (20.89%)
Processed   130000/  201270 entries, 64.59% (elapsed time   341.1s, curr speed    0.340 kHz, avg speed    0.381 kHz), accepted    27209/  130001 events (20.93%)
Processed   140000/  201270 entries, 69.56% (elapsed time   370.7s, curr speed    0.339 kHz, avg speed    0.378 kHz), accepted    29392/  140001 events (20.99%)
Processed   150000/  201270 entries, 74.53% (elapsed time   400.2s, curr speed    0.339 kHz, avg speed    0.375 kHz), accepted    31522/  150001 events (21.01%)
Processed   160000/  201270 entries, 79.50% (elapsed time   427.9s, curr speed    0.361 kHz, avg speed    0.374 kHz), accepted    33928/  160001 events (21.20%)
Processed   170000/  201270 entries, 84.46% (elapsed time   453.5s, curr speed    0.390 kHz, avg speed    0.375 kHz), accepted    36300/  170001 events (21.35%)
Processed   180000/  201270 entries, 89.43% (elapsed time   480.9s, curr speed    0.365 kHz, avg speed    0.374 kHz), accepted    38665/  180001 events (21.48%)
Processed   190000/  201270 entries, 94.40% (elapsed time   508.0s, curr speed    0.369 kHz, avg speed    0.374 kHz), accepted    40991/  190001 events (21.57%)
Processed   200000/  201270 entries, 99.37% (elapsed time   534.6s, curr speed    0.377 kHz, avg speed    0.374 kHz), accepted    43259/  200001 events (21.63%)
Processed 201270 preselected entries from root://cmsxrootd.fnal.gov//store/data/Run2018D/JetHT/NANOAOD/UL2018_MiniAODv2_NanoAODv9-v2/2540000/EE5CB5C5-273F-A145-A68C-A06270118A32.root (1983347 entries). Finally selected 43570 entries
Total time 555.5 sec. to process 1983347 events. Rate = 3570.5 Hz.
Running pwd:
/storage/local/data1/condor/execute/dir_42955
Running ls -alrth:
total 176K
-rw-r--r--  1 shardulr fnalgrid 5.0K Jun 22 20:13 .job.ad
-rw-r--r--  1 shardulr fnalgrid  13K Jun 22 20:13 .machine.ad
-rwx------  1 shardulr fnalgrid   49 Jun 22 20:13 .chirp.config
-rw-------  1 shardulr fnalgrid  11K Jun 22 20:14 x509up
drwxr-xr-x  2 shardulr fnalgrid 4.0K Jun 22 20:14 samples
-rw-r--r--  1 shardulr fnalgrid  62K Jun 22 20:14 singleStopAnalyzer.py
-rwxr-xr-x  1 shardulr fnalgrid  705 Jun 22 20:14 condor_exec.exe
-rw-r--r--  1 shardulr fnalgrid  951 Jun 22 20:14 bJetMatcher.py
-rw-r--r--  1 shardulr fnalgrid    0 Jun 22 20:14 docker_stderror
drwxrwxrwt  2 shardulr fnalgrid 4.0K Jun 22 20:14 tmp
drwxrwxrwt  3 shardulr fnalgrid 4.0K Jun 22 20:14 var
drwxr-xr-x  3 root     root     4.0K Jun 22 20:14 ..
srwxr-xr-x  1 shardulr fnalgrid    0 Jun 22 20:14 .docker_sock
drwxr-xr-x 17 shardulr fnalgrid 4.0K Jun 22 20:14 CMSSW_10_6_19_patch2
drwxr-xr-x  2 shardulr fnalgrid 4.0K Jun 22 20:14 framework
-rw-r--r--  1 shardulr fnalgrid 1.7K Jun 22 20:14 bJetMatcher.pyc
drwxr-xr-x  3 shardulr fnalgrid 4.0K Jun 22 20:14 output
-rw-r--r--  1 shardulr fnalgrid  215 Jun 22 20:14 _condor_stderr
-rw-r--r--  1 shardulr fnalgrid  13K Jun 22 20:23 .update.ad
drwx------  8 shardulr fnalgrid 4.0K Jun 22 20:23 .
-rw-r--r--  1 shardulr fnalgrid 5.4K Jun 22 20:23 _condor_stdout
