[FERMIHTC-APPTAINER]: INFO -- No Apptainer image specified
[FERMIHTC-APPTAINER]: INFO -- Running job on the host machine

[FERMIHTC-APPTAINER]: INFO -- Running ./condor_exec.exe
Starting job on  Thu Jun 22 20:18:15 UTC 2023
Running on: Linux shardulr-32358499-470-cmswn2112.fnal.gov 3.10.0-1160.90.1.el7.x86_64 #1 SMP Thu Apr 27 13:14:20 CDT 2023 x86_64 x86_64 x86_64 GNU/Linux
System software: Scientific Linux release 7.9 (Nitrogen)
Running ls -alrth:
total 156K
-rw-r--r--  1 shardulr fnalgrid 5.0K Jun 22 20:18 .job.ad
-rw-r--r--  1 shardulr fnalgrid  11K Jun 22 20:18 .machine.ad
-rwx------  1 shardulr fnalgrid   49 Jun 22 20:18 .chirp.config
-rw-------  1 shardulr fnalgrid  11K Jun 22 20:18 x509up
drwxr-xr-x  2 shardulr fnalgrid 4.0K Jun 22 20:18 samples
drwxr-xr-x  2 shardulr fnalgrid 4.0K Jun 22 20:18 framework
-rw-r--r--  1 shardulr fnalgrid  62K Jun 22 20:18 singleStopAnalyzer.py
-rw-r--r--  1 shardulr fnalgrid  951 Jun 22 20:18 bJetMatcher.py
-rwxr-xr-x  1 shardulr fnalgrid  705 Jun 22 20:18 condor_exec.exe
-rw-r--r--  1 shardulr fnalgrid    0 Jun 22 20:18 docker_stderror
drwxrwxrwt  3 shardulr fnalgrid 4.0K Jun 22 20:18 var
drwxrwxrwt  2 shardulr fnalgrid 4.0K Jun 22 20:18 tmp
-rw-r--r--  1 shardulr fnalgrid  11K Jun 22 20:18 .update.ad
drwxr-xr-x  3 root     root     4.0K Jun 22 20:18 ..
srwxr-xr-x  1 shardulr fnalgrid    0 Jun 22 20:18 .docker_sock
-rw-r--r--  1 shardulr fnalgrid  113 Jun 22 20:18 _condor_stderr
drwx------  7 shardulr fnalgrid 4.0K Jun 22 20:18 .
drwxr-xr-x 17 shardulr fnalgrid 4.0K Jun 22 20:18 CMSSW_10_6_19_patch2
-rw-r--r--  1 shardulr fnalgrid  454 Jun 22 20:18 _condor_stdout
/storage/local/data1/condor/execute/dir_28536/CMSSW_10_6_19_patch2 is the CMSSW we created on the local worker node
Running over Data2018 files
Blinding data, only using CR cuts (0 loose b's)
Using UL 2018 campaign working points
Pre-select 137455 entries out of 1433236 (9.59%)
Processed    10000/  137455 entries,  7.28% (elapsed time    27.1s, curr speed    0.369 kHz, avg speed    0.369 kHz), accepted     1339/   10001 events (13.39%)
Processed    20000/  137455 entries, 14.55% (elapsed time    55.1s, curr speed    0.357 kHz, avg speed    0.363 kHz), accepted     2923/   20001 events (14.61%)
Processed    30000/  137455 entries, 21.83% (elapsed time    84.1s, curr speed    0.345 kHz, avg speed    0.357 kHz), accepted     4695/   30001 events (15.65%)
Processed    40000/  137455 entries, 29.10% (elapsed time   115.1s, curr speed    0.322 kHz, avg speed    0.348 kHz), accepted     6755/   40001 events (16.89%)
Processed    50000/  137455 entries, 36.38% (elapsed time   146.6s, curr speed    0.318 kHz, avg speed    0.341 kHz), accepted     8826/   50001 events (17.65%)
Processed    60000/  137455 entries, 43.65% (elapsed time   176.7s, curr speed    0.332 kHz, avg speed    0.340 kHz), accepted    10811/   60001 events (18.02%)
Processed    70000/  137455 entries, 50.93% (elapsed time   207.9s, curr speed    0.320 kHz, avg speed    0.337 kHz), accepted    12858/   70001 events (18.37%)
Processed    80000/  137455 entries, 58.20% (elapsed time   238.2s, curr speed    0.330 kHz, avg speed    0.336 kHz), accepted    14838/   80001 events (18.55%)
Processed    90000/  137455 entries, 65.48% (elapsed time   269.7s, curr speed    0.318 kHz, avg speed    0.334 kHz), accepted    16997/   90001 events (18.89%)
Processed   100000/  137455 entries, 72.75% (elapsed time   301.4s, curr speed    0.315 kHz, avg speed    0.332 kHz), accepted    19340/  100001 events (19.34%)
Processed   110000/  137455 entries, 80.03% (elapsed time   334.0s, curr speed    0.307 kHz, avg speed    0.329 kHz), accepted    21657/  110001 events (19.69%)
Processed   120000/  137455 entries, 87.30% (elapsed time   365.5s, curr speed    0.317 kHz, avg speed    0.328 kHz), accepted    23915/  120001 events (19.93%)
Processed   130000/  137455 entries, 94.58% (elapsed time   396.9s, curr speed    0.318 kHz, avg speed    0.328 kHz), accepted    26133/  130001 events (20.10%)
Processed 137455 preselected entries from root://cmsxrootd.fnal.gov//store/data/Run2018D/JetHT/NANOAOD/UL2018_MiniAODv2_NanoAODv9-v2/2430000/F5C41992-F0FC-484B-8346-44831FAB4600.root (1433236 entries). Finally selected 27883 entries
Total time 433.5 sec. to process 1433236 events. Rate = 3306.4 Hz.
Running pwd:
/storage/local/data1/condor/execute/dir_28536
Running ls -alrth:
total 168K
-rw-r--r--  1 shardulr fnalgrid 5.0K Jun 22 20:18 .job.ad
-rw-r--r--  1 shardulr fnalgrid  11K Jun 22 20:18 .machine.ad
-rwx------  1 shardulr fnalgrid   49 Jun 22 20:18 .chirp.config
-rw-------  1 shardulr fnalgrid  11K Jun 22 20:18 x509up
drwxr-xr-x  2 shardulr fnalgrid 4.0K Jun 22 20:18 samples
-rw-r--r--  1 shardulr fnalgrid  62K Jun 22 20:18 singleStopAnalyzer.py
-rw-r--r--  1 shardulr fnalgrid  951 Jun 22 20:18 bJetMatcher.py
-rwxr-xr-x  1 shardulr fnalgrid  705 Jun 22 20:18 condor_exec.exe
-rw-r--r--  1 shardulr fnalgrid    0 Jun 22 20:18 docker_stderror
drwxrwxrwt  3 shardulr fnalgrid 4.0K Jun 22 20:18 var
drwxrwxrwt  2 shardulr fnalgrid 4.0K Jun 22 20:18 tmp
drwxr-xr-x  3 root     root     4.0K Jun 22 20:18 ..
srwxr-xr-x  1 shardulr fnalgrid    0 Jun 22 20:18 .docker_sock
drwxr-xr-x 17 shardulr fnalgrid 4.0K Jun 22 20:18 CMSSW_10_6_19_patch2
drwxr-xr-x  2 shardulr fnalgrid 4.0K Jun 22 20:18 framework
-rw-r--r--  1 shardulr fnalgrid 1.7K Jun 22 20:18 bJetMatcher.pyc
drwxr-xr-x  3 shardulr fnalgrid 4.0K Jun 22 20:18 output
-rw-r--r--  1 shardulr fnalgrid  215 Jun 22 20:18 _condor_stderr
-rw-r--r--  1 shardulr fnalgrid  11K Jun 22 20:24 .update.ad
drwx------  8 shardulr fnalgrid 4.0K Jun 22 20:24 .
-rw-r--r--  1 shardulr fnalgrid 4.3K Jun 22 20:25 _condor_stdout
