[FERMIHTC-APPTAINER]: INFO -- No Apptainer image specified
[FERMIHTC-APPTAINER]: INFO -- Running job on the host machine

[FERMIHTC-APPTAINER]: INFO -- Running ./condor_exec.exe
Starting job on  Thu Jun 22 20:10:52 UTC 2023
Running on: Linux shardulr-32358499-101-cmswn2082.fnal.gov 3.10.0-1160.90.1.el7.x86_64 #1 SMP Thu Apr 27 13:14:20 CDT 2023 x86_64 x86_64 x86_64 GNU/Linux
System software: Scientific Linux release 7.9 (Nitrogen)
Running ls -alrth:
total 164K
-rw-r--r--  1 shardulr fnalgrid 5.0K Jun 22 20:10 .job.ad
-rw-r--r--  1 shardulr fnalgrid  13K Jun 22 20:10 .machine.ad
-rwx------  1 shardulr fnalgrid   49 Jun 22 20:10 .chirp.config
-rw-------  1 shardulr fnalgrid  11K Jun 22 20:10 x509up
drwxr-xr-x  2 shardulr fnalgrid 4.0K Jun 22 20:10 samples
drwxr-xr-x  2 shardulr fnalgrid 4.0K Jun 22 20:10 framework
-rw-r--r--  1 shardulr fnalgrid  62K Jun 22 20:10 singleStopAnalyzer.py
-rwxr-xr-x  1 shardulr fnalgrid  705 Jun 22 20:10 condor_exec.exe
-rw-r--r--  1 shardulr fnalgrid  951 Jun 22 20:10 bJetMatcher.py
-rw-r--r--  1 shardulr fnalgrid    0 Jun 22 20:10 docker_stderror
drwxrwxrwt  3 shardulr fnalgrid 4.0K Jun 22 20:10 var
drwxrwxrwt  2 shardulr fnalgrid 4.0K Jun 22 20:10 tmp
drwxr-xr-x  3 root     root     4.0K Jun 22 20:10 ..
srwxr-xr-x  1 shardulr fnalgrid    0 Jun 22 20:10 .docker_sock
-rw-r--r--  1 shardulr fnalgrid  13K Jun 22 20:10 .update.ad
-rw-r--r--  1 shardulr fnalgrid  113 Jun 22 20:10 _condor_stderr
drwx------  7 shardulr fnalgrid 4.0K Jun 22 20:10 .
drwxr-xr-x 17 shardulr fnalgrid 4.0K Jun 22 20:10 CMSSW_10_6_19_patch2
-rw-r--r--  1 shardulr fnalgrid  454 Jun 22 20:10 _condor_stdout
/storage/local/data1/condor/execute/dir_29822/CMSSW_10_6_19_patch2 is the CMSSW we created on the local worker node
Running over Data2018 files
Blinding data, only using CR cuts (0 loose b's)
Using UL 2018 campaign working points
Pre-select 132587 entries out of 1477637 (8.97%)
Processed    10000/  132587 entries,  7.54% (elapsed time    25.8s, curr speed    0.388 kHz, avg speed    0.388 kHz), accepted     1855/   10001 events (18.55%)
Processed    20000/  132587 entries, 15.08% (elapsed time    51.9s, curr speed    0.383 kHz, avg speed    0.385 kHz), accepted     3816/   20001 events (19.08%)
Processed    30000/  132587 entries, 22.63% (elapsed time    78.8s, curr speed    0.372 kHz, avg speed    0.381 kHz), accepted     5897/   30001 events (19.66%)
Processed    40000/  132587 entries, 30.17% (elapsed time   105.1s, curr speed    0.379 kHz, avg speed    0.381 kHz), accepted     8010/   40001 events (20.02%)
Processed    50000/  132587 entries, 37.71% (elapsed time   131.2s, curr speed    0.383 kHz, avg speed    0.381 kHz), accepted    10027/   50001 events (20.05%)
Processed    60000/  132587 entries, 45.25% (elapsed time   159.4s, curr speed    0.355 kHz, avg speed    0.376 kHz), accepted    12084/   60001 events (20.14%)
Processed    70000/  132587 entries, 52.80% (elapsed time   187.2s, curr speed    0.360 kHz, avg speed    0.374 kHz), accepted    14299/   70001 events (20.43%)
Processed    80000/  132587 entries, 60.34% (elapsed time   214.2s, curr speed    0.370 kHz, avg speed    0.373 kHz), accepted    16278/   80001 events (20.35%)
Processed    90000/  132587 entries, 67.88% (elapsed time   239.7s, curr speed    0.393 kHz, avg speed    0.376 kHz), accepted    18136/   90001 events (20.15%)
Processed   100000/  132587 entries, 75.42% (elapsed time   266.2s, curr speed    0.377 kHz, avg speed    0.376 kHz), accepted    20168/  100001 events (20.17%)
Processed   110000/  132587 entries, 82.96% (elapsed time   291.9s, curr speed    0.389 kHz, avg speed    0.377 kHz), accepted    22032/  110001 events (20.03%)
Processed   120000/  132587 entries, 90.51% (elapsed time   319.3s, curr speed    0.365 kHz, avg speed    0.376 kHz), accepted    24242/  120001 events (20.20%)
Processed   130000/  132587 entries, 98.05% (elapsed time   344.7s, curr speed    0.393 kHz, avg speed    0.377 kHz), accepted    26223/  130001 events (20.17%)
Processed 132587 preselected entries from root://cmsxrootd.fnal.gov//store/data/Run2018A/JetHT/NANOAOD/UL2018_MiniAODv2_NanoAODv9-v2/250000/29A1B708-AE28-0E4A-8945-9D9B2CE256AF.root (1477637 entries). Finally selected 26651 entries
Total time 362.7 sec. to process 1477637 events. Rate = 4073.5 Hz.
Running pwd:
/storage/local/data1/condor/execute/dir_29822
Running ls -alrth:
total 176K
-rw-r--r--  1 shardulr fnalgrid 5.0K Jun 22 20:10 .job.ad
-rw-r--r--  1 shardulr fnalgrid  13K Jun 22 20:10 .machine.ad
-rwx------  1 shardulr fnalgrid   49 Jun 22 20:10 .chirp.config
-rw-------  1 shardulr fnalgrid  11K Jun 22 20:10 x509up
drwxr-xr-x  2 shardulr fnalgrid 4.0K Jun 22 20:10 samples
-rw-r--r--  1 shardulr fnalgrid  62K Jun 22 20:10 singleStopAnalyzer.py
-rwxr-xr-x  1 shardulr fnalgrid  705 Jun 22 20:10 condor_exec.exe
-rw-r--r--  1 shardulr fnalgrid  951 Jun 22 20:10 bJetMatcher.py
-rw-r--r--  1 shardulr fnalgrid    0 Jun 22 20:10 docker_stderror
drwxrwxrwt  3 shardulr fnalgrid 4.0K Jun 22 20:10 var
drwxrwxrwt  2 shardulr fnalgrid 4.0K Jun 22 20:10 tmp
drwxr-xr-x  3 root     root     4.0K Jun 22 20:10 ..
srwxr-xr-x  1 shardulr fnalgrid    0 Jun 22 20:10 .docker_sock
drwxr-xr-x 17 shardulr fnalgrid 4.0K Jun 22 20:10 CMSSW_10_6_19_patch2
drwxr-xr-x  2 shardulr fnalgrid 4.0K Jun 22 20:10 framework
-rw-r--r--  1 shardulr fnalgrid 1.7K Jun 22 20:10 bJetMatcher.pyc
drwxr-xr-x  3 shardulr fnalgrid 4.0K Jun 22 20:10 output
-rw-r--r--  1 shardulr fnalgrid  215 Jun 22 20:10 _condor_stderr
-rw-r--r--  1 shardulr fnalgrid  13K Jun 22 20:16 .update.ad
drwx------  8 shardulr fnalgrid 4.0K Jun 22 20:16 .
-rw-r--r--  1 shardulr fnalgrid 4.3K Jun 22 20:17 _condor_stdout
