[FERMIHTC-APPTAINER]: INFO -- No Apptainer image specified
[FERMIHTC-APPTAINER]: INFO -- Running job on the host machine

[FERMIHTC-APPTAINER]: INFO -- Running ./condor_exec.exe
Starting job on  Thu Jun 22 20:18:22 UTC 2023
Running on: Linux shardulr-32358499-410-cmswn2053.fnal.gov 3.10.0-1160.90.1.el7.x86_64 #1 SMP Thu Apr 27 13:14:20 CDT 2023 x86_64 x86_64 x86_64 GNU/Linux
System software: Scientific Linux release 7.9 (Nitrogen)
Running ls -alrth:
total 164K
-rw-r--r--  1 shardulr fnalgrid  14K Jun 22 20:16 .machine.ad
-rw-r--r--  1 shardulr fnalgrid 5.0K Jun 22 20:16 .job.ad
-rwx------  1 shardulr fnalgrid   49 Jun 22 20:16 .chirp.config
-rw-------  1 shardulr fnalgrid  11K Jun 22 20:17 x509up
drwxr-xr-x  2 shardulr fnalgrid 4.0K Jun 22 20:17 samples
-rw-r--r--  1 shardulr fnalgrid  62K Jun 22 20:17 singleStopAnalyzer.py
drwxr-xr-x  2 shardulr fnalgrid 4.0K Jun 22 20:17 framework
-rwxr-xr-x  1 shardulr fnalgrid  705 Jun 22 20:17 condor_exec.exe
-rw-r--r--  1 shardulr fnalgrid  951 Jun 22 20:17 bJetMatcher.py
-rw-r--r--  1 shardulr fnalgrid    0 Jun 22 20:17 docker_stderror
drwxrwxrwt  3 shardulr fnalgrid 4.0K Jun 22 20:17 var
drwxrwxrwt  2 shardulr fnalgrid 4.0K Jun 22 20:17 tmp
drwxr-xr-x  3 root     root     4.0K Jun 22 20:17 ..
srwxr-xr-x  1 shardulr fnalgrid    0 Jun 22 20:17 .docker_sock
-rw-r--r--  1 shardulr fnalgrid  13K Jun 22 20:18 .update.ad
-rw-r--r--  1 shardulr fnalgrid  113 Jun 22 20:18 _condor_stderr
drwx------  7 shardulr fnalgrid 4.0K Jun 22 20:18 .
drwxr-xr-x 17 shardulr fnalgrid 4.0K Jun 22 20:18 CMSSW_10_6_19_patch2
-rw-r--r--  1 shardulr fnalgrid  454 Jun 22 20:18 _condor_stdout
/storage/local/data1/condor/execute/dir_20764/CMSSW_10_6_19_patch2 is the CMSSW we created on the local worker node
Running over Data2018 files
Blinding data, only using CR cuts (0 loose b's)
Using UL 2018 campaign working points
Pre-select 108230 entries out of 1146876 (9.44%)
Processed    10000/  108230 entries,  9.24% (elapsed time    23.0s, curr speed    0.434 kHz, avg speed    0.434 kHz), accepted     1647/   10001 events (16.47%)
Processed    20000/  108230 entries, 18.48% (elapsed time    45.2s, curr speed    0.452 kHz, avg speed    0.443 kHz), accepted     3348/   20001 events (16.74%)
Processed    30000/  108230 entries, 27.72% (elapsed time    67.9s, curr speed    0.440 kHz, avg speed    0.442 kHz), accepted     4990/   30001 events (16.63%)
Processed    40000/  108230 entries, 36.96% (elapsed time    90.2s, curr speed    0.449 kHz, avg speed    0.444 kHz), accepted     6644/   40001 events (16.61%)
Processed    50000/  108230 entries, 46.20% (elapsed time   112.0s, curr speed    0.458 kHz, avg speed    0.446 kHz), accepted     8261/   50001 events (16.52%)
Processed    60000/  108230 entries, 55.44% (elapsed time   133.8s, curr speed    0.459 kHz, avg speed    0.448 kHz), accepted     9857/   60001 events (16.43%)
Processed    70000/  108230 entries, 64.68% (elapsed time   156.1s, curr speed    0.447 kHz, avg speed    0.448 kHz), accepted    11502/   70001 events (16.43%)
Processed    80000/  108230 entries, 73.92% (elapsed time   178.8s, curr speed    0.440 kHz, avg speed    0.447 kHz), accepted    13189/   80001 events (16.49%)
Processed    90000/  108230 entries, 83.16% (elapsed time   202.3s, curr speed    0.427 kHz, avg speed    0.445 kHz), accepted    14955/   90001 events (16.62%)
Processed   100000/  108230 entries, 92.40% (elapsed time   225.7s, curr speed    0.427 kHz, avg speed    0.443 kHz), accepted    16770/  100001 events (16.77%)
Processed 108230 preselected entries from root://cmsxrootd.fnal.gov//store/data/Run2018D/JetHT/NANOAOD/UL2018_MiniAODv2_NanoAODv9-v2/2810000/A2AADE4C-ABF4-A14D-9BEE-8629F06A465A.root (1146876 entries). Finally selected 18298 entries
Total time 253.8 sec. to process 1146876 events. Rate = 4518.3 Hz.
Running pwd:
/storage/local/data1/condor/execute/dir_20764
Running ls -alrth:
total 172K
-rw-r--r--  1 shardulr fnalgrid  14K Jun 22 20:16 .machine.ad
-rw-r--r--  1 shardulr fnalgrid 5.0K Jun 22 20:16 .job.ad
-rwx------  1 shardulr fnalgrid   49 Jun 22 20:16 .chirp.config
-rw-------  1 shardulr fnalgrid  11K Jun 22 20:17 x509up
drwxr-xr-x  2 shardulr fnalgrid 4.0K Jun 22 20:17 samples
-rw-r--r--  1 shardulr fnalgrid  62K Jun 22 20:17 singleStopAnalyzer.py
-rwxr-xr-x  1 shardulr fnalgrid  705 Jun 22 20:17 condor_exec.exe
-rw-r--r--  1 shardulr fnalgrid  951 Jun 22 20:17 bJetMatcher.py
-rw-r--r--  1 shardulr fnalgrid    0 Jun 22 20:17 docker_stderror
drwxrwxrwt  3 shardulr fnalgrid 4.0K Jun 22 20:17 var
drwxrwxrwt  2 shardulr fnalgrid 4.0K Jun 22 20:17 tmp
drwxr-xr-x  3 root     root     4.0K Jun 22 20:17 ..
srwxr-xr-x  1 shardulr fnalgrid    0 Jun 22 20:17 .docker_sock
drwxr-xr-x 17 shardulr fnalgrid 4.0K Jun 22 20:18 CMSSW_10_6_19_patch2
drwxr-xr-x  2 shardulr fnalgrid 4.0K Jun 22 20:18 framework
-rw-r--r--  1 shardulr fnalgrid 1.7K Jun 22 20:18 bJetMatcher.pyc
drwxr-xr-x  3 shardulr fnalgrid 4.0K Jun 22 20:18 output
-rw-r--r--  1 shardulr fnalgrid  215 Jun 22 20:18 _condor_stderr
-rw-r--r--  1 shardulr fnalgrid  13K Jun 22 20:22 .update.ad
drwx------  8 shardulr fnalgrid 4.0K Jun 22 20:22 .
-rw-r--r--  1 shardulr fnalgrid 3.9K Jun 22 20:22 _condor_stdout
