[FERMIHTC-APPTAINER]: INFO -- No Apptainer image specified
[FERMIHTC-APPTAINER]: INFO -- Running job on the host machine

[FERMIHTC-APPTAINER]: INFO -- Running ./condor_exec.exe
Starting job on  Thu Jun 22 20:15:38 UTC 2023
Running on: Linux shardulr-32358499-325-cmswn2059.fnal.gov 3.10.0-1160.90.1.el7.x86_64 #1 SMP Thu Apr 27 13:14:20 CDT 2023 x86_64 x86_64 x86_64 GNU/Linux
System software: Scientific Linux release 7.9 (Nitrogen)
Running ls -alrth:
total 156K
-rw-r--r--  1 shardulr fnalgrid 5.0K Jun 22 20:15 .job.ad
-rw-r--r--  1 shardulr fnalgrid  12K Jun 22 20:15 .machine.ad
-rwx------  1 shardulr fnalgrid   49 Jun 22 20:15 .chirp.config
-rw-------  1 shardulr fnalgrid  11K Jun 22 20:15 x509up
drwxr-xr-x  2 shardulr fnalgrid 4.0K Jun 22 20:15 samples
drwxr-xr-x  2 shardulr fnalgrid 4.0K Jun 22 20:15 framework
-rw-r--r--  1 shardulr fnalgrid  62K Jun 22 20:15 singleStopAnalyzer.py
-rwxr-xr-x  1 shardulr fnalgrid  705 Jun 22 20:15 condor_exec.exe
-rw-r--r--  1 shardulr fnalgrid  951 Jun 22 20:15 bJetMatcher.py
-rw-r--r--  1 shardulr fnalgrid    0 Jun 22 20:15 docker_stderror
drwxrwxrwt  3 shardulr fnalgrid 4.0K Jun 22 20:15 var
drwxrwxrwt  2 shardulr fnalgrid 4.0K Jun 22 20:15 tmp
drwxr-xr-x  3 root     root     4.0K Jun 22 20:15 ..
srwxr-xr-x  1 shardulr fnalgrid    0 Jun 22 20:15 .docker_sock
-rw-r--r--  1 shardulr fnalgrid  12K Jun 22 20:15 .update.ad
-rw-r--r--  1 shardulr fnalgrid  113 Jun 22 20:15 _condor_stderr
drwx------  7 shardulr fnalgrid 4.0K Jun 22 20:15 .
drwxr-xr-x 17 shardulr fnalgrid 4.0K Jun 22 20:15 CMSSW_10_6_19_patch2
-rw-r--r--  1 shardulr fnalgrid  454 Jun 22 20:15 _condor_stdout
/storage/local/data1/condor/execute/dir_6553/CMSSW_10_6_19_patch2 is the CMSSW we created on the local worker node
Running over Data2018 files
Blinding data, only using CR cuts (0 loose b's)
Using UL 2018 campaign working points
Pre-select 168136 entries out of 1712508 (9.82%)
Processed    10000/  168136 entries,  5.95% (elapsed time    29.8s, curr speed    0.336 kHz, avg speed    0.336 kHz), accepted     1766/   10001 events (17.66%)
Processed    20000/  168136 entries, 11.90% (elapsed time    59.2s, curr speed    0.340 kHz, avg speed    0.338 kHz), accepted     3655/   20001 events (18.27%)
Processed    30000/  168136 entries, 17.84% (elapsed time    88.1s, curr speed    0.346 kHz, avg speed    0.341 kHz), accepted     5427/   30001 events (18.09%)
Processed    40000/  168136 entries, 23.79% (elapsed time   115.3s, curr speed    0.367 kHz, avg speed    0.347 kHz), accepted     6974/   40001 events (17.43%)
Processed    50000/  168136 entries, 29.74% (elapsed time   144.6s, curr speed    0.342 kHz, avg speed    0.346 kHz), accepted     8813/   50001 events (17.63%)
Processed    60000/  168136 entries, 35.69% (elapsed time   172.6s, curr speed    0.357 kHz, avg speed    0.348 kHz), accepted    10495/   60001 events (17.49%)
Processed    70000/  168136 entries, 41.63% (elapsed time   201.5s, curr speed    0.346 kHz, avg speed    0.347 kHz), accepted    12305/   70001 events (17.58%)
Processed    80000/  168136 entries, 47.58% (elapsed time   230.0s, curr speed    0.352 kHz, avg speed    0.348 kHz), accepted    14001/   80001 events (17.50%)
Processed    90000/  168136 entries, 53.53% (elapsed time   259.5s, curr speed    0.339 kHz, avg speed    0.347 kHz), accepted    15857/   90001 events (17.62%)
Processed   100000/  168136 entries, 59.48% (elapsed time   289.1s, curr speed    0.338 kHz, avg speed    0.346 kHz), accepted    17810/  100001 events (17.81%)
Processed   110000/  168136 entries, 65.42% (elapsed time   318.7s, curr speed    0.338 kHz, avg speed    0.345 kHz), accepted    19722/  110001 events (17.93%)
Processed   120000/  168136 entries, 71.37% (elapsed time   345.0s, curr speed    0.380 kHz, avg speed    0.348 kHz), accepted    21260/  120001 events (17.72%)
Processed   130000/  168136 entries, 77.32% (elapsed time   372.8s, curr speed    0.359 kHz, avg speed    0.349 kHz), accepted    23009/  130001 events (17.70%)
Processed   140000/  168136 entries, 83.27% (elapsed time   400.6s, curr speed    0.359 kHz, avg speed    0.349 kHz), accepted    24816/  140001 events (17.73%)
Processed   150000/  168136 entries, 89.21% (elapsed time   429.0s, curr speed    0.352 kHz, avg speed    0.350 kHz), accepted    26527/  150001 events (17.68%)
Processed   160000/  168136 entries, 95.16% (elapsed time   457.1s, curr speed    0.356 kHz, avg speed    0.350 kHz), accepted    28190/  160001 events (17.62%)
Processed 168136 preselected entries from root://cmsxrootd.fnal.gov//store/data/Run2018D/JetHT/NANOAOD/UL2018_MiniAODv2_NanoAODv9-v2/2540000/C7C943AD-888D-0841-8D42-A065DB099B5A.root (1712508 entries). Finally selected 29652 entries
Total time 489.4 sec. to process 1712508 events. Rate = 3499.4 Hz.
Running pwd:
/storage/local/data1/condor/execute/dir_6553
Running ls -alrth:
total 168K
-rw-r--r--  1 shardulr fnalgrid 5.0K Jun 22 20:15 .job.ad
-rw-r--r--  1 shardulr fnalgrid  12K Jun 22 20:15 .machine.ad
-rwx------  1 shardulr fnalgrid   49 Jun 22 20:15 .chirp.config
-rw-------  1 shardulr fnalgrid  11K Jun 22 20:15 x509up
drwxr-xr-x  2 shardulr fnalgrid 4.0K Jun 22 20:15 samples
-rw-r--r--  1 shardulr fnalgrid  62K Jun 22 20:15 singleStopAnalyzer.py
-rwxr-xr-x  1 shardulr fnalgrid  705 Jun 22 20:15 condor_exec.exe
-rw-r--r--  1 shardulr fnalgrid  951 Jun 22 20:15 bJetMatcher.py
-rw-r--r--  1 shardulr fnalgrid    0 Jun 22 20:15 docker_stderror
drwxrwxrwt  3 shardulr fnalgrid 4.0K Jun 22 20:15 var
drwxrwxrwt  2 shardulr fnalgrid 4.0K Jun 22 20:15 tmp
drwxr-xr-x  3 root     root     4.0K Jun 22 20:15 ..
srwxr-xr-x  1 shardulr fnalgrid    0 Jun 22 20:15 .docker_sock
drwxr-xr-x 17 shardulr fnalgrid 4.0K Jun 22 20:15 CMSSW_10_6_19_patch2
drwxr-xr-x  2 shardulr fnalgrid 4.0K Jun 22 20:15 framework
-rw-r--r--  1 shardulr fnalgrid 1.7K Jun 22 20:15 bJetMatcher.pyc
drwxr-xr-x  3 shardulr fnalgrid 4.0K Jun 22 20:15 output
-rw-r--r--  1 shardulr fnalgrid  215 Jun 22 20:15 _condor_stderr
-rw-r--r--  1 shardulr fnalgrid  12K Jun 22 20:22 .update.ad
drwx------  8 shardulr fnalgrid 4.0K Jun 22 20:22 .
-rw-r--r--  1 shardulr fnalgrid 4.8K Jun 22 20:23 _condor_stdout
