[FERMIHTC-APPTAINER]: INFO -- No Apptainer image specified
[FERMIHTC-APPTAINER]: INFO -- Running job on the host machine

[FERMIHTC-APPTAINER]: INFO -- Running ./condor_exec.exe
Starting job on  Thu Jun 22 20:09:24 UTC 2023
Running on: Linux shardulr-32358499-42-cmswn2041.fnal.gov 3.10.0-1160.90.1.el7.x86_64 #1 SMP Thu Apr 27 13:14:20 CDT 2023 x86_64 x86_64 x86_64 GNU/Linux
System software: Scientific Linux release 7.9 (Nitrogen)
Running ls -alrth:
total 164K
-rw-r--r--  1 shardulr fnalgrid 5.0K Jun 22 20:09 .job.ad
-rw-r--r--  1 shardulr fnalgrid  14K Jun 22 20:09 .machine.ad
-rwx------  1 shardulr fnalgrid   49 Jun 22 20:09 .chirp.config
-rw-------  1 shardulr fnalgrid  11K Jun 22 20:09 x509up
drwxr-xr-x  2 shardulr fnalgrid 4.0K Jun 22 20:09 samples
drwxr-xr-x  2 shardulr fnalgrid 4.0K Jun 22 20:09 framework
-rw-r--r--  1 shardulr fnalgrid  62K Jun 22 20:09 singleStopAnalyzer.py
-rw-r--r--  1 shardulr fnalgrid  951 Jun 22 20:09 bJetMatcher.py
-rwxr-xr-x  1 shardulr fnalgrid  704 Jun 22 20:09 condor_exec.exe
-rw-r--r--  1 shardulr fnalgrid    0 Jun 22 20:09 docker_stderror
drwxrwxrwt  3 shardulr fnalgrid 4.0K Jun 22 20:09 var
drwxrwxrwt  2 shardulr fnalgrid 4.0K Jun 22 20:09 tmp
-rw-r--r--  1 shardulr fnalgrid  13K Jun 22 20:09 .update.ad
drwxr-xr-x  3 root     root     4.0K Jun 22 20:09 ..
srwxr-xr-x  1 shardulr fnalgrid    0 Jun 22 20:09 .docker_sock
-rw-r--r--  1 shardulr fnalgrid  113 Jun 22 20:09 _condor_stderr
drwx------  7 shardulr fnalgrid 4.0K Jun 22 20:09 .
drwxr-xr-x 17 shardulr fnalgrid 4.0K Jun 22 20:09 CMSSW_10_6_19_patch2
-rw-r--r--  1 shardulr fnalgrid  453 Jun 22 20:09 _condor_stdout
/storage/local/data1/condor/execute/dir_29691/CMSSW_10_6_19_patch2 is the CMSSW we created on the local worker node
Running over Data2018 files
Blinding data, only using CR cuts (0 loose b's)
Using UL 2018 campaign working points
Pre-select 142919 entries out of 1716903 (8.32%)
Processed    10000/  142919 entries,  7.00% (elapsed time    27.1s, curr speed    0.369 kHz, avg speed    0.369 kHz), accepted     1690/   10001 events (16.90%)
Processed    20000/  142919 entries, 13.99% (elapsed time    53.0s, curr speed    0.386 kHz, avg speed    0.377 kHz), accepted     3431/   20001 events (17.15%)
Processed    30000/  142919 entries, 20.99% (elapsed time    77.7s, curr speed    0.404 kHz, avg speed    0.386 kHz), accepted     5336/   30001 events (17.79%)
Processed    40000/  142919 entries, 27.99% (elapsed time   101.3s, curr speed    0.424 kHz, avg speed    0.395 kHz), accepted     7316/   40001 events (18.29%)
Processed    50000/  142919 entries, 34.98% (elapsed time   124.7s, curr speed    0.429 kHz, avg speed    0.401 kHz), accepted     9107/   50001 events (18.21%)
Processed    60000/  142919 entries, 41.98% (elapsed time   148.4s, curr speed    0.422 kHz, avg speed    0.404 kHz), accepted    10925/   60001 events (18.21%)
Processed    70000/  142919 entries, 48.98% (elapsed time   172.4s, curr speed    0.416 kHz, avg speed    0.406 kHz), accepted    12810/   70001 events (18.30%)
Processed    80000/  142919 entries, 55.98% (elapsed time   197.0s, curr speed    0.407 kHz, avg speed    0.406 kHz), accepted    14756/   80001 events (18.44%)
Processed    90000/  142919 entries, 62.97% (elapsed time   221.2s, curr speed    0.413 kHz, avg speed    0.407 kHz), accepted    16743/   90001 events (18.60%)
Processed   100000/  142919 entries, 69.97% (elapsed time   244.1s, curr speed    0.435 kHz, avg speed    0.410 kHz), accepted    18543/  100001 events (18.54%)
Processed   110000/  142919 entries, 76.97% (elapsed time   268.0s, curr speed    0.419 kHz, avg speed    0.410 kHz), accepted    20539/  110001 events (18.67%)
Processed   120000/  142919 entries, 83.96% (elapsed time   291.5s, curr speed    0.426 kHz, avg speed    0.412 kHz), accepted    22535/  120001 events (18.78%)
Processed   130000/  142919 entries, 90.96% (elapsed time   313.8s, curr speed    0.449 kHz, avg speed    0.414 kHz), accepted    24329/  130001 events (18.71%)
Processed   140000/  142919 entries, 97.96% (elapsed time   337.0s, curr speed    0.430 kHz, avg speed    0.415 kHz), accepted    26217/  140001 events (18.73%)
Processed 142919 preselected entries from root://cmsxrootd.fnal.gov//store/data/Run2018A/JetHT/NANOAOD/UL2018_MiniAODv2_NanoAODv9-v2/250000/67201424-D0FD-A443-870D-572CF3569307.root (1716903 entries). Finally selected 26784 entries
Total time 352.3 sec. to process 1716903 events. Rate = 4873.8 Hz.
Running pwd:
/storage/local/data1/condor/execute/dir_29691
Running ls -alrth:
total 176K
-rw-r--r--  1 shardulr fnalgrid 5.0K Jun 22 20:09 .job.ad
-rw-r--r--  1 shardulr fnalgrid  14K Jun 22 20:09 .machine.ad
-rwx------  1 shardulr fnalgrid   49 Jun 22 20:09 .chirp.config
-rw-------  1 shardulr fnalgrid  11K Jun 22 20:09 x509up
drwxr-xr-x  2 shardulr fnalgrid 4.0K Jun 22 20:09 samples
-rw-r--r--  1 shardulr fnalgrid  62K Jun 22 20:09 singleStopAnalyzer.py
-rw-r--r--  1 shardulr fnalgrid  951 Jun 22 20:09 bJetMatcher.py
-rwxr-xr-x  1 shardulr fnalgrid  704 Jun 22 20:09 condor_exec.exe
-rw-r--r--  1 shardulr fnalgrid    0 Jun 22 20:09 docker_stderror
drwxrwxrwt  3 shardulr fnalgrid 4.0K Jun 22 20:09 var
drwxrwxrwt  2 shardulr fnalgrid 4.0K Jun 22 20:09 tmp
drwxr-xr-x  3 root     root     4.0K Jun 22 20:09 ..
srwxr-xr-x  1 shardulr fnalgrid    0 Jun 22 20:09 .docker_sock
drwxr-xr-x 17 shardulr fnalgrid 4.0K Jun 22 20:09 CMSSW_10_6_19_patch2
drwxr-xr-x  2 shardulr fnalgrid 4.0K Jun 22 20:09 framework
-rw-r--r--  1 shardulr fnalgrid 1.7K Jun 22 20:09 bJetMatcher.pyc
drwxr-xr-x  3 shardulr fnalgrid 4.0K Jun 22 20:09 output
-rw-r--r--  1 shardulr fnalgrid  215 Jun 22 20:09 _condor_stderr
-rw-r--r--  1 shardulr fnalgrid  13K Jun 22 20:15 .update.ad
drwx------  8 shardulr fnalgrid 4.0K Jun 22 20:15 .
-rw-r--r--  1 shardulr fnalgrid 4.5K Jun 22 20:15 _condor_stdout
