[FERMIHTC-APPTAINER]: INFO -- No Apptainer image specified
[FERMIHTC-APPTAINER]: INFO -- Running job on the host machine

[FERMIHTC-APPTAINER]: INFO -- Running ./condor_exec.exe
Starting job on  Thu Jun 22 20:10:42 UTC 2023
Running on: Linux shardulr-32358499-87-cmswn2102.fnal.gov 3.10.0-1160.90.1.el7.x86_64 #1 SMP Thu Apr 27 13:14:20 CDT 2023 x86_64 x86_64 x86_64 GNU/Linux
System software: Scientific Linux release 7.9 (Nitrogen)
Running ls -alrth:
total 156K
-rw-r--r--  1 shardulr fnalgrid  11K Jun 22 20:10 .machine.ad
-rw-r--r--  1 shardulr fnalgrid 5.0K Jun 22 20:10 .job.ad
-rwx------  1 shardulr fnalgrid   49 Jun 22 20:10 .chirp.config
-rw-------  1 shardulr fnalgrid  11K Jun 22 20:10 x509up
drwxr-xr-x  2 shardulr fnalgrid 4.0K Jun 22 20:10 samples
drwxr-xr-x  2 shardulr fnalgrid 4.0K Jun 22 20:10 framework
-rw-r--r--  1 shardulr fnalgrid  62K Jun 22 20:10 singleStopAnalyzer.py
-rw-r--r--  1 shardulr fnalgrid  951 Jun 22 20:10 bJetMatcher.py
-rwxr-xr-x  1 shardulr fnalgrid  704 Jun 22 20:10 condor_exec.exe
-rw-r--r--  1 shardulr fnalgrid    0 Jun 22 20:10 docker_stderror
drwxrwxrwt  3 shardulr fnalgrid 4.0K Jun 22 20:10 var
drwxrwxrwt  2 shardulr fnalgrid 4.0K Jun 22 20:10 tmp
drwxr-xr-x  3 root     root     4.0K Jun 22 20:10 ..
srwxr-xr-x  1 shardulr fnalgrid    0 Jun 22 20:10 .docker_sock
-rw-r--r--  1 shardulr fnalgrid  11K Jun 22 20:10 .update.ad
-rw-r--r--  1 shardulr fnalgrid  113 Jun 22 20:10 _condor_stderr
drwx------  7 shardulr fnalgrid 4.0K Jun 22 20:10 .
drwxr-xr-x 17 shardulr fnalgrid 4.0K Jun 22 20:10 CMSSW_10_6_19_patch2
-rw-r--r--  1 shardulr fnalgrid  453 Jun 22 20:10 _condor_stdout
/storage/local/data1/condor/execute/dir_34863/CMSSW_10_6_19_patch2 is the CMSSW we created on the local worker node
Running over Data2018 files
Blinding data, only using CR cuts (0 loose b's)
Using UL 2018 campaign working points
Pre-select 150616 entries out of 1473265 (10.22%)
Processed    10000/  150616 entries,  6.64% (elapsed time    31.8s, curr speed    0.315 kHz, avg speed    0.315 kHz), accepted     2100/   10001 events (21.00%)
Processed    20000/  150616 entries, 13.28% (elapsed time    62.6s, curr speed    0.325 kHz, avg speed    0.320 kHz), accepted     4145/   20001 events (20.72%)
Processed    30000/  150616 entries, 19.92% (elapsed time    93.0s, curr speed    0.329 kHz, avg speed    0.323 kHz), accepted     6162/   30001 events (20.54%)
Processed    40000/  150616 entries, 26.56% (elapsed time   123.2s, curr speed    0.331 kHz, avg speed    0.325 kHz), accepted     8092/   40001 events (20.23%)
Processed    50000/  150616 entries, 33.20% (elapsed time   154.2s, curr speed    0.322 kHz, avg speed    0.324 kHz), accepted    10147/   50001 events (20.29%)
Processed    60000/  150616 entries, 39.84% (elapsed time   184.5s, curr speed    0.330 kHz, avg speed    0.325 kHz), accepted    12138/   60001 events (20.23%)
Processed    70000/  150616 entries, 46.48% (elapsed time   214.4s, curr speed    0.335 kHz, avg speed    0.327 kHz), accepted    14083/   70001 events (20.12%)
Processed    80000/  150616 entries, 53.12% (elapsed time   244.3s, curr speed    0.334 kHz, avg speed    0.327 kHz), accepted    16006/   80001 events (20.01%)
Processed    90000/  150616 entries, 59.75% (elapsed time   276.1s, curr speed    0.315 kHz, avg speed    0.326 kHz), accepted    18117/   90001 events (20.13%)
Processed   100000/  150616 entries, 66.39% (elapsed time   306.5s, curr speed    0.329 kHz, avg speed    0.326 kHz), accepted    20095/  100001 events (20.09%)
Processed   110000/  150616 entries, 73.03% (elapsed time   336.7s, curr speed    0.330 kHz, avg speed    0.327 kHz), accepted    22155/  110001 events (20.14%)
Processed   120000/  150616 entries, 79.67% (elapsed time   367.3s, curr speed    0.327 kHz, avg speed    0.327 kHz), accepted    24224/  120001 events (20.19%)
Processed   130000/  150616 entries, 86.31% (elapsed time   398.9s, curr speed    0.316 kHz, avg speed    0.326 kHz), accepted    26391/  130001 events (20.30%)
Processed   140000/  150616 entries, 92.95% (elapsed time   430.3s, curr speed    0.319 kHz, avg speed    0.325 kHz), accepted    28572/  140001 events (20.41%)
Processed   150000/  150616 entries, 99.59% (elapsed time   461.6s, curr speed    0.319 kHz, avg speed    0.325 kHz), accepted    30728/  150001 events (20.49%)
Processed 150616 preselected entries from root://cmsxrootd.fnal.gov//store/data/Run2018A/JetHT/NANOAOD/UL2018_MiniAODv2_NanoAODv9-v2/250000/47BFC602-660C-CB4E-B0E8-2DD930CB0075.root (1473265 entries). Finally selected 30874 entries
Total time 476.2 sec. to process 1473265 events. Rate = 3093.5 Hz.
Running pwd:
/storage/local/data1/condor/execute/dir_34863
Running ls -alrth:
total 168K
-rw-r--r--  1 shardulr fnalgrid  11K Jun 22 20:10 .machine.ad
-rw-r--r--  1 shardulr fnalgrid 5.0K Jun 22 20:10 .job.ad
-rwx------  1 shardulr fnalgrid   49 Jun 22 20:10 .chirp.config
-rw-------  1 shardulr fnalgrid  11K Jun 22 20:10 x509up
drwxr-xr-x  2 shardulr fnalgrid 4.0K Jun 22 20:10 samples
-rw-r--r--  1 shardulr fnalgrid  62K Jun 22 20:10 singleStopAnalyzer.py
-rw-r--r--  1 shardulr fnalgrid  951 Jun 22 20:10 bJetMatcher.py
-rwxr-xr-x  1 shardulr fnalgrid  704 Jun 22 20:10 condor_exec.exe
-rw-r--r--  1 shardulr fnalgrid    0 Jun 22 20:10 docker_stderror
drwxrwxrwt  3 shardulr fnalgrid 4.0K Jun 22 20:10 var
drwxrwxrwt  2 shardulr fnalgrid 4.0K Jun 22 20:10 tmp
drwxr-xr-x  3 root     root     4.0K Jun 22 20:10 ..
srwxr-xr-x  1 shardulr fnalgrid    0 Jun 22 20:10 .docker_sock
drwxr-xr-x 17 shardulr fnalgrid 4.0K Jun 22 20:10 CMSSW_10_6_19_patch2
drwxr-xr-x  2 shardulr fnalgrid 4.0K Jun 22 20:10 framework
-rw-r--r--  1 shardulr fnalgrid 1.7K Jun 22 20:10 bJetMatcher.pyc
drwxr-xr-x  3 shardulr fnalgrid 4.0K Jun 22 20:10 output
-rw-r--r--  1 shardulr fnalgrid  215 Jun 22 20:10 _condor_stderr
-rw-r--r--  1 shardulr fnalgrid  11K Jun 22 20:18 .update.ad
drwx------  8 shardulr fnalgrid 4.0K Jun 22 20:18 .
-rw-r--r--  1 shardulr fnalgrid 4.6K Jun 22 20:18 _condor_stdout
