[FERMIHTC-APPTAINER]: INFO -- No Apptainer image specified
[FERMIHTC-APPTAINER]: INFO -- Running job on the host machine

[FERMIHTC-APPTAINER]: INFO -- Running ./condor_exec.exe
Starting job on  Thu Jun 22 20:15:50 UTC 2023
Running on: Linux shardulr-32358499-344-cmswn2096.fnal.gov 3.10.0-1160.90.1.el7.x86_64 #1 SMP Thu Apr 27 13:14:20 CDT 2023 x86_64 x86_64 x86_64 GNU/Linux
System software: Scientific Linux release 7.9 (Nitrogen)
Running ls -alrth:
total 164K
-rw-r--r--  1 shardulr fnalgrid 5.0K Jun 22 20:15 .job.ad
-rw-r--r--  1 shardulr fnalgrid  14K Jun 22 20:15 .machine.ad
-rwx------  1 shardulr fnalgrid   49 Jun 22 20:15 .chirp.config
-rw-------  1 shardulr fnalgrid  11K Jun 22 20:15 x509up
drwxr-xr-x  2 shardulr fnalgrid 4.0K Jun 22 20:15 samples
drwxr-xr-x  2 shardulr fnalgrid 4.0K Jun 22 20:15 framework
-rw-r--r--  1 shardulr fnalgrid  62K Jun 22 20:15 singleStopAnalyzer.py
-rwxr-xr-x  1 shardulr fnalgrid  705 Jun 22 20:15 condor_exec.exe
-rw-r--r--  1 shardulr fnalgrid  951 Jun 22 20:15 bJetMatcher.py
-rw-r--r--  1 shardulr fnalgrid    0 Jun 22 20:15 docker_stderror
drwxrwxrwt  3 shardulr fnalgrid 4.0K Jun 22 20:15 var
drwxrwxrwt  2 shardulr fnalgrid 4.0K Jun 22 20:15 tmp
-rw-r--r--  1 shardulr fnalgrid  13K Jun 22 20:15 .update.ad
drwxr-xr-x  3 root     root     4.0K Jun 22 20:15 ..
srwxr-xr-x  1 shardulr fnalgrid    0 Jun 22 20:15 .docker_sock
-rw-r--r--  1 shardulr fnalgrid  113 Jun 22 20:15 _condor_stderr
drwx------  7 shardulr fnalgrid 4.0K Jun 22 20:15 .
drwxr-xr-x 17 shardulr fnalgrid 4.0K Jun 22 20:15 CMSSW_10_6_19_patch2
-rw-r--r--  1 shardulr fnalgrid  454 Jun 22 20:15 _condor_stdout
/storage/local/data1/condor/execute/dir_42265/CMSSW_10_6_19_patch2 is the CMSSW we created on the local worker node
Running over Data2018 files
Blinding data, only using CR cuts (0 loose b's)
Using UL 2018 campaign working points
Pre-select 127173 entries out of 1274213 (9.98%)
Processed    10000/  127173 entries,  7.86% (elapsed time    26.5s, curr speed    0.377 kHz, avg speed    0.377 kHz), accepted     1950/   10001 events (19.50%)
Processed    20000/  127173 entries, 15.73% (elapsed time    51.4s, curr speed    0.402 kHz, avg speed    0.389 kHz), accepted     3726/   20001 events (18.63%)
Processed    30000/  127173 entries, 23.59% (elapsed time    78.1s, curr speed    0.376 kHz, avg speed    0.384 kHz), accepted     5829/   30001 events (19.43%)
Processed    40000/  127173 entries, 31.45% (elapsed time   105.0s, curr speed    0.371 kHz, avg speed    0.381 kHz), accepted     8019/   40001 events (20.05%)
Processed    50000/  127173 entries, 39.32% (elapsed time   128.7s, curr speed    0.422 kHz, avg speed    0.389 kHz), accepted     9552/   50001 events (19.10%)
Processed    60000/  127173 entries, 47.18% (elapsed time   155.9s, curr speed    0.367 kHz, avg speed    0.385 kHz), accepted    11595/   60001 events (19.32%)
Processed    70000/  127173 entries, 55.04% (elapsed time   181.2s, curr speed    0.396 kHz, avg speed    0.386 kHz), accepted    13754/   70001 events (19.65%)
Processed    80000/  127173 entries, 62.91% (elapsed time   206.7s, curr speed    0.392 kHz, avg speed    0.387 kHz), accepted    15684/   80001 events (19.60%)
Processed    90000/  127173 entries, 70.77% (elapsed time   232.2s, curr speed    0.392 kHz, avg speed    0.388 kHz), accepted    17607/   90001 events (19.56%)
Processed   100000/  127173 entries, 78.63% (elapsed time   257.7s, curr speed    0.392 kHz, avg speed    0.388 kHz), accepted    19622/  100001 events (19.62%)
Processed   110000/  127173 entries, 86.50% (elapsed time   285.0s, curr speed    0.366 kHz, avg speed    0.386 kHz), accepted    21717/  110001 events (19.74%)
Processed   120000/  127173 entries, 94.36% (elapsed time   312.4s, curr speed    0.366 kHz, avg speed    0.384 kHz), accepted    23981/  120001 events (19.98%)
Processed 127173 preselected entries from root://cmsxrootd.fnal.gov//store/data/Run2018D/JetHT/NANOAOD/UL2018_MiniAODv2_NanoAODv9-v2/2540000/5BF3DDAA-A87D-BF42-B48E-9215970F129C.root (1274213 entries). Finally selected 25691 entries
Total time 352.8 sec. to process 1274213 events. Rate = 3612.2 Hz.
Running pwd:
/storage/local/data1/condor/execute/dir_42265
Running ls -alrth:
total 176K
-rw-r--r--  1 shardulr fnalgrid 5.0K Jun 22 20:15 .job.ad
-rw-r--r--  1 shardulr fnalgrid  14K Jun 22 20:15 .machine.ad
-rwx------  1 shardulr fnalgrid   49 Jun 22 20:15 .chirp.config
-rw-------  1 shardulr fnalgrid  11K Jun 22 20:15 x509up
drwxr-xr-x  2 shardulr fnalgrid 4.0K Jun 22 20:15 samples
-rw-r--r--  1 shardulr fnalgrid  62K Jun 22 20:15 singleStopAnalyzer.py
-rwxr-xr-x  1 shardulr fnalgrid  705 Jun 22 20:15 condor_exec.exe
-rw-r--r--  1 shardulr fnalgrid  951 Jun 22 20:15 bJetMatcher.py
-rw-r--r--  1 shardulr fnalgrid    0 Jun 22 20:15 docker_stderror
drwxrwxrwt  3 shardulr fnalgrid 4.0K Jun 22 20:15 var
drwxrwxrwt  2 shardulr fnalgrid 4.0K Jun 22 20:15 tmp
drwxr-xr-x  3 root     root     4.0K Jun 22 20:15 ..
srwxr-xr-x  1 shardulr fnalgrid    0 Jun 22 20:15 .docker_sock
drwxr-xr-x 17 shardulr fnalgrid 4.0K Jun 22 20:15 CMSSW_10_6_19_patch2
drwxr-xr-x  2 shardulr fnalgrid 4.0K Jun 22 20:15 framework
-rw-r--r--  1 shardulr fnalgrid 1.7K Jun 22 20:15 bJetMatcher.pyc
drwxr-xr-x  3 shardulr fnalgrid 4.0K Jun 22 20:15 output
-rw-r--r--  1 shardulr fnalgrid  215 Jun 22 20:15 _condor_stderr
-rw-r--r--  1 shardulr fnalgrid  13K Jun 22 20:21 .update.ad
drwx------  8 shardulr fnalgrid 4.0K Jun 22 20:21 .
-rw-r--r--  1 shardulr fnalgrid 4.2K Jun 22 20:21 _condor_stdout
