[FERMIHTC-APPTAINER]: INFO -- No Apptainer image specified
[FERMIHTC-APPTAINER]: INFO -- Running job on the host machine

[FERMIHTC-APPTAINER]: INFO -- Running ./condor_exec.exe
Starting job on  Thu Jun 22 20:17:24 UTC 2023
Running on: Linux shardulr-32358499-385-cmswn2098.fnal.gov 3.10.0-1160.90.1.el7.x86_64 #1 SMP Thu Apr 27 13:14:20 CDT 2023 x86_64 x86_64 x86_64 GNU/Linux
System software: Scientific Linux release 7.9 (Nitrogen)
Running ls -alrth:
total 164K
-rw-r--r--  1 shardulr fnalgrid  14K Jun 22 20:16 .machine.ad
-rw-r--r--  1 shardulr fnalgrid 5.0K Jun 22 20:16 .job.ad
-rwx------  1 shardulr fnalgrid   49 Jun 22 20:16 .chirp.config
-rw-------  1 shardulr fnalgrid  11K Jun 22 20:16 x509up
drwxr-xr-x  2 shardulr fnalgrid 4.0K Jun 22 20:16 samples
-rw-r--r--  1 shardulr fnalgrid  62K Jun 22 20:16 singleStopAnalyzer.py
drwxr-xr-x  2 shardulr fnalgrid 4.0K Jun 22 20:16 framework
-rwxr-xr-x  1 shardulr fnalgrid  705 Jun 22 20:16 condor_exec.exe
-rw-r--r--  1 shardulr fnalgrid  951 Jun 22 20:16 bJetMatcher.py
-rw-r--r--  1 shardulr fnalgrid    0 Jun 22 20:16 docker_stderror
drwxrwxrwt  2 shardulr fnalgrid 4.0K Jun 22 20:16 tmp
drwxrwxrwt  3 shardulr fnalgrid 4.0K Jun 22 20:16 var
drwxr-xr-x  3 root     root     4.0K Jun 22 20:16 ..
srwxr-xr-x  1 shardulr fnalgrid    0 Jun 22 20:16 .docker_sock
-rw-r--r--  1 shardulr fnalgrid  13K Jun 22 20:17 .update.ad
-rw-r--r--  1 shardulr fnalgrid  113 Jun 22 20:17 _condor_stderr
drwx------  7 shardulr fnalgrid 4.0K Jun 22 20:17 .
drwxr-xr-x 17 shardulr fnalgrid 4.0K Jun 22 20:17 CMSSW_10_6_19_patch2
-rw-r--r--  1 shardulr fnalgrid  454 Jun 22 20:17 _condor_stdout
/storage/local/data1/condor/execute/dir_46182/CMSSW_10_6_19_patch2 is the CMSSW we created on the local worker node
Running over Data2018 files
Blinding data, only using CR cuts (0 loose b's)
Using UL 2018 campaign working points
Pre-select 225742 entries out of 2297125 (9.83%)
Processed    10000/  225742 entries,  4.43% (elapsed time    28.8s, curr speed    0.348 kHz, avg speed    0.348 kHz), accepted     2079/   10001 events (20.79%)
Processed    20000/  225742 entries,  8.86% (elapsed time    57.3s, curr speed    0.350 kHz, avg speed    0.349 kHz), accepted     4245/   20001 events (21.22%)
Processed    30000/  225742 entries, 13.29% (elapsed time    85.0s, curr speed    0.362 kHz, avg speed    0.353 kHz), accepted     6033/   30001 events (20.11%)
Processed    40000/  225742 entries, 17.72% (elapsed time   113.3s, curr speed    0.353 kHz, avg speed    0.353 kHz), accepted     7830/   40001 events (19.57%)
Processed    50000/  225742 entries, 22.15% (elapsed time   143.0s, curr speed    0.337 kHz, avg speed    0.350 kHz), accepted     9850/   50001 events (19.70%)
Processed    60000/  225742 entries, 26.58% (elapsed time   174.0s, curr speed    0.323 kHz, avg speed    0.345 kHz), accepted    12035/   60001 events (20.06%)
Processed    70000/  225742 entries, 31.01% (elapsed time   204.8s, curr speed    0.325 kHz, avg speed    0.342 kHz), accepted    14282/   70001 events (20.40%)
Processed    80000/  225742 entries, 35.44% (elapsed time   234.2s, curr speed    0.340 kHz, avg speed    0.342 kHz), accepted    16328/   80001 events (20.41%)
Processed    90000/  225742 entries, 39.87% (elapsed time   260.3s, curr speed    0.382 kHz, avg speed    0.346 kHz), accepted    17964/   90001 events (19.96%)
Processed   100000/  225742 entries, 44.30% (elapsed time   288.5s, curr speed    0.356 kHz, avg speed    0.347 kHz), accepted    19713/  100001 events (19.71%)
Processed   110000/  225742 entries, 48.73% (elapsed time   317.2s, curr speed    0.348 kHz, avg speed    0.347 kHz), accepted    21480/  110001 events (19.53%)
Processed   120000/  225742 entries, 53.16% (elapsed time   345.3s, curr speed    0.355 kHz, avg speed    0.347 kHz), accepted    23275/  120001 events (19.40%)
Processed   130000/  225742 entries, 57.59% (elapsed time   375.4s, curr speed    0.333 kHz, avg speed    0.346 kHz), accepted    25480/  130001 events (19.60%)
Processed   140000/  225742 entries, 62.02% (elapsed time   405.5s, curr speed    0.332 kHz, avg speed    0.345 kHz), accepted    27683/  140001 events (19.77%)
Processed   150000/  225742 entries, 66.45% (elapsed time   433.6s, curr speed    0.355 kHz, avg speed    0.346 kHz), accepted    29914/  150001 events (19.94%)
Processed   160000/  225742 entries, 70.88% (elapsed time   461.5s, curr speed    0.359 kHz, avg speed    0.347 kHz), accepted    32083/  160001 events (20.05%)
Processed   170000/  225742 entries, 75.31% (elapsed time   488.6s, curr speed    0.369 kHz, avg speed    0.348 kHz), accepted    34224/  170001 events (20.13%)
Processed   180000/  225742 entries, 79.74% (elapsed time   517.1s, curr speed    0.351 kHz, avg speed    0.348 kHz), accepted    36369/  180001 events (20.20%)
Processed   190000/  225742 entries, 84.17% (elapsed time   544.7s, curr speed    0.363 kHz, avg speed    0.349 kHz), accepted    38171/  190001 events (20.09%)
Processed   200000/  225742 entries, 88.60% (elapsed time   571.9s, curr speed    0.367 kHz, avg speed    0.350 kHz), accepted    39997/  200001 events (20.00%)
Processed   210000/  225742 entries, 93.03% (elapsed time   600.4s, curr speed    0.351 kHz, avg speed    0.350 kHz), accepted    42044/  210001 events (20.02%)
Processed   220000/  225742 entries, 97.46% (elapsed time   628.5s, curr speed    0.355 kHz, avg speed    0.350 kHz), accepted    44184/  220001 events (20.08%)
Processed 225742 preselected entries from root://cmsxrootd.fnal.gov//store/data/Run2018D/JetHT/NANOAOD/UL2018_MiniAODv2_NanoAODv9-v2/2810000/5F81E428-8674-6E4B-8503-D4ADDD238595.root (2297125 entries). Finally selected 45429 entries
Total time 660.2 sec. to process 2297125 events. Rate = 3479.6 Hz.
Running pwd:
/storage/local/data1/condor/execute/dir_46182
Running ls -alrth:
total 176K
-rw-r--r--  1 shardulr fnalgrid  14K Jun 22 20:16 .machine.ad
-rw-r--r--  1 shardulr fnalgrid 5.0K Jun 22 20:16 .job.ad
-rwx------  1 shardulr fnalgrid   49 Jun 22 20:16 .chirp.config
-rw-------  1 shardulr fnalgrid  11K Jun 22 20:16 x509up
drwxr-xr-x  2 shardulr fnalgrid 4.0K Jun 22 20:16 samples
-rw-r--r--  1 shardulr fnalgrid  62K Jun 22 20:16 singleStopAnalyzer.py
-rwxr-xr-x  1 shardulr fnalgrid  705 Jun 22 20:16 condor_exec.exe
-rw-r--r--  1 shardulr fnalgrid  951 Jun 22 20:16 bJetMatcher.py
-rw-r--r--  1 shardulr fnalgrid    0 Jun 22 20:16 docker_stderror
drwxrwxrwt  2 shardulr fnalgrid 4.0K Jun 22 20:16 tmp
drwxrwxrwt  3 shardulr fnalgrid 4.0K Jun 22 20:16 var
drwxr-xr-x  3 root     root     4.0K Jun 22 20:16 ..
srwxr-xr-x  1 shardulr fnalgrid    0 Jun 22 20:16 .docker_sock
drwxr-xr-x 17 shardulr fnalgrid 4.0K Jun 22 20:17 CMSSW_10_6_19_patch2
drwxr-xr-x  2 shardulr fnalgrid 4.0K Jun 22 20:17 framework
-rw-r--r--  1 shardulr fnalgrid 1.7K Jun 22 20:17 bJetMatcher.pyc
drwxr-xr-x  3 shardulr fnalgrid 4.0K Jun 22 20:17 output
-rw-r--r--  1 shardulr fnalgrid  215 Jun 22 20:17 _condor_stderr
-rw-r--r--  1 shardulr fnalgrid  13K Jun 22 20:27 .update.ad
drwx------  8 shardulr fnalgrid 4.0K Jun 22 20:27 .
-rw-r--r--  1 shardulr fnalgrid 5.7K Jun 22 20:28 _condor_stdout
