[FERMIHTC-APPTAINER]: INFO -- No Apptainer image specified
[FERMIHTC-APPTAINER]: INFO -- Running job on the host machine

[FERMIHTC-APPTAINER]: INFO -- Running ./condor_exec.exe
Starting job on  Thu Jun 22 20:15:43 UTC 2023
Running on: Linux shardulr-32358499-336-cmswn2070.fnal.gov 3.10.0-1160.90.1.el7.x86_64 #1 SMP Thu Apr 27 13:14:20 CDT 2023 x86_64 x86_64 x86_64 GNU/Linux
System software: Scientific Linux release 7.9 (Nitrogen)
Running ls -alrth:
total 164K
-rw-r--r--  1 shardulr fnalgrid 5.0K Jun 22 20:15 .job.ad
-rw-r--r--  1 shardulr fnalgrid  13K Jun 22 20:15 .machine.ad
-rwx------  1 shardulr fnalgrid   49 Jun 22 20:15 .chirp.config
-rw-------  1 shardulr fnalgrid  11K Jun 22 20:15 x509up
drwxr-xr-x  2 shardulr fnalgrid 4.0K Jun 22 20:15 samples
-rw-r--r--  1 shardulr fnalgrid  62K Jun 22 20:15 singleStopAnalyzer.py
drwxr-xr-x  2 shardulr fnalgrid 4.0K Jun 22 20:15 framework
-rwxr-xr-x  1 shardulr fnalgrid  705 Jun 22 20:15 condor_exec.exe
-rw-r--r--  1 shardulr fnalgrid  951 Jun 22 20:15 bJetMatcher.py
-rw-r--r--  1 shardulr fnalgrid    0 Jun 22 20:15 docker_stderror
drwxrwxrwt  3 shardulr fnalgrid 4.0K Jun 22 20:15 var
drwxrwxrwt  2 shardulr fnalgrid 4.0K Jun 22 20:15 tmp
-rw-r--r--  1 shardulr fnalgrid  13K Jun 22 20:15 .update.ad
drwxr-xr-x  3 root     root     4.0K Jun 22 20:15 ..
srwxr-xr-x  1 shardulr fnalgrid    0 Jun 22 20:15 .docker_sock
-rw-r--r--  1 shardulr fnalgrid  113 Jun 22 20:15 _condor_stderr
drwx------  7 shardulr fnalgrid 4.0K Jun 22 20:15 .
drwxr-xr-x 17 shardulr fnalgrid 4.0K Jun 22 20:15 CMSSW_10_6_19_patch2
-rw-r--r--  1 shardulr fnalgrid  454 Jun 22 20:15 _condor_stdout
/storage/local/data1/condor/execute/dir_13702/CMSSW_10_6_19_patch2 is the CMSSW we created on the local worker node
Running over Data2018 files
Blinding data, only using CR cuts (0 loose b's)
Using UL 2018 campaign working points
Pre-select 184338 entries out of 1809029 (10.19%)
Processed    10000/  184338 entries,  5.42% (elapsed time    32.7s, curr speed    0.306 kHz, avg speed    0.306 kHz), accepted     2182/   10001 events (21.82%)
Processed    20000/  184338 entries, 10.85% (elapsed time    63.2s, curr speed    0.328 kHz, avg speed    0.316 kHz), accepted     4221/   20001 events (21.10%)
Processed    30000/  184338 entries, 16.27% (elapsed time    94.0s, curr speed    0.324 kHz, avg speed    0.319 kHz), accepted     6400/   30001 events (21.33%)
Processed    40000/  184338 entries, 21.70% (elapsed time   125.6s, curr speed    0.317 kHz, avg speed    0.318 kHz), accepted     8550/   40001 events (21.37%)
Processed    50000/  184338 entries, 27.12% (elapsed time   158.2s, curr speed    0.307 kHz, avg speed    0.316 kHz), accepted    10744/   50001 events (21.49%)
Processed    60000/  184338 entries, 32.55% (elapsed time   191.4s, curr speed    0.301 kHz, avg speed    0.314 kHz), accepted    12978/   60001 events (21.63%)
Processed    70000/  184338 entries, 37.97% (elapsed time   224.6s, curr speed    0.301 kHz, avg speed    0.312 kHz), accepted    15283/   70001 events (21.83%)
Processed    80000/  184338 entries, 43.40% (elapsed time   255.8s, curr speed    0.321 kHz, avg speed    0.313 kHz), accepted    17384/   80001 events (21.73%)
Processed    90000/  184338 entries, 48.82% (elapsed time   288.0s, curr speed    0.311 kHz, avg speed    0.313 kHz), accepted    19589/   90001 events (21.77%)
Processed   100000/  184338 entries, 54.25% (elapsed time   318.2s, curr speed    0.331 kHz, avg speed    0.314 kHz), accepted    21435/  100001 events (21.43%)
Processed   110000/  184338 entries, 59.67% (elapsed time   346.5s, curr speed    0.354 kHz, avg speed    0.317 kHz), accepted    23173/  110001 events (21.07%)
Processed   120000/  184338 entries, 65.10% (elapsed time   379.6s, curr speed    0.302 kHz, avg speed    0.316 kHz), accepted    25296/  120001 events (21.08%)
Processed   130000/  184338 entries, 70.52% (elapsed time   409.4s, curr speed    0.335 kHz, avg speed    0.318 kHz), accepted    27026/  130001 events (20.79%)
Processed   140000/  184338 entries, 75.95% (elapsed time   438.7s, curr speed    0.342 kHz, avg speed    0.319 kHz), accepted    28713/  140001 events (20.51%)
Processed   150000/  184338 entries, 81.37% (elapsed time   470.5s, curr speed    0.314 kHz, avg speed    0.319 kHz), accepted    30836/  150001 events (20.56%)
Processed   160000/  184338 entries, 86.80% (elapsed time   503.8s, curr speed    0.300 kHz, avg speed    0.318 kHz), accepted    33128/  160001 events (20.70%)
Processed   170000/  184338 entries, 92.22% (elapsed time   535.6s, curr speed    0.315 kHz, avg speed    0.317 kHz), accepted    35156/  170001 events (20.68%)
Processed   180000/  184338 entries, 97.65% (elapsed time   567.0s, curr speed    0.318 kHz, avg speed    0.317 kHz), accepted    37204/  180001 events (20.67%)
Processed 184338 preselected entries from root://cmsxrootd.fnal.gov//store/data/Run2018D/JetHT/NANOAOD/UL2018_MiniAODv2_NanoAODv9-v2/2540000/B65F31E5-CC24-9C41-8F11-7EE1E294F0DF.root (1809029 entries). Finally selected 38082 entries
Total time 589.9 sec. to process 1809029 events. Rate = 3066.6 Hz.
Running pwd:
/storage/local/data1/condor/execute/dir_13702
Running ls -alrth:
total 176K
-rw-r--r--  1 shardulr fnalgrid 5.0K Jun 22 20:15 .job.ad
-rw-r--r--  1 shardulr fnalgrid  13K Jun 22 20:15 .machine.ad
-rwx------  1 shardulr fnalgrid   49 Jun 22 20:15 .chirp.config
-rw-------  1 shardulr fnalgrid  11K Jun 22 20:15 x509up
drwxr-xr-x  2 shardulr fnalgrid 4.0K Jun 22 20:15 samples
-rw-r--r--  1 shardulr fnalgrid  62K Jun 22 20:15 singleStopAnalyzer.py
-rwxr-xr-x  1 shardulr fnalgrid  705 Jun 22 20:15 condor_exec.exe
-rw-r--r--  1 shardulr fnalgrid  951 Jun 22 20:15 bJetMatcher.py
-rw-r--r--  1 shardulr fnalgrid    0 Jun 22 20:15 docker_stderror
drwxrwxrwt  3 shardulr fnalgrid 4.0K Jun 22 20:15 var
drwxrwxrwt  2 shardulr fnalgrid 4.0K Jun 22 20:15 tmp
drwxr-xr-x  3 root     root     4.0K Jun 22 20:15 ..
srwxr-xr-x  1 shardulr fnalgrid    0 Jun 22 20:15 .docker_sock
drwxr-xr-x 17 shardulr fnalgrid 4.0K Jun 22 20:15 CMSSW_10_6_19_patch2
drwxr-xr-x  2 shardulr fnalgrid 4.0K Jun 22 20:15 framework
-rw-r--r--  1 shardulr fnalgrid 1.7K Jun 22 20:15 bJetMatcher.pyc
drwxr-xr-x  3 shardulr fnalgrid 4.0K Jun 22 20:15 output
-rw-r--r--  1 shardulr fnalgrid  215 Jun 22 20:15 _condor_stderr
-rw-r--r--  1 shardulr fnalgrid  13K Jun 22 20:25 .update.ad
drwx------  8 shardulr fnalgrid 4.0K Jun 22 20:25 .
-rw-r--r--  1 shardulr fnalgrid 5.1K Jun 22 20:25 _condor_stdout
