[FERMIHTC-APPTAINER]: INFO -- No Apptainer image specified
[FERMIHTC-APPTAINER]: INFO -- Running job on the host machine

[FERMIHTC-APPTAINER]: INFO -- Running ./condor_exec.exe
Starting job on  Tue Jun 27 18:23:59 UTC 2023
Running on: Linux shardulr-2169568-106-cmswn2023.fnal.gov 3.10.0-1160.90.1.el7.x86_64 #1 SMP Thu Apr 27 13:14:20 CDT 2023 x86_64 x86_64 x86_64 GNU/Linux
System software: Scientific Linux release 7.9 (Nitrogen)
Running ls -alrth:
total 160K
-rw-r--r--  1 shardulr fnalgrid 5.0K Jun 27 18:23 .job.ad
-rw-r--r--  1 shardulr fnalgrid  13K Jun 27 18:23 .machine.ad
-rwx------  1 shardulr fnalgrid   49 Jun 27 18:23 .chirp.config
-rw-------  1 shardulr fnalgrid  11K Jun 27 18:23 x509up
drwxr-xr-x  2 shardulr fnalgrid 4.0K Jun 27 18:23 samples
drwxr-xr-x  2 shardulr fnalgrid 4.0K Jun 27 18:23 framework
-rw-r--r--  1 shardulr fnalgrid  62K Jun 27 18:23 singleStopAnalyzer.py
-rwxr-xr-x  1 shardulr fnalgrid  698 Jun 27 18:23 condor_exec.exe
-rw-r--r--  1 shardulr fnalgrid  951 Jun 27 18:23 bJetMatcher.py
-rw-r--r--  1 shardulr fnalgrid    0 Jun 27 18:23 docker_stderror
drwxrwxrwt  3 shardulr fnalgrid 4.0K Jun 27 18:23 var
drwxrwxrwt  2 shardulr fnalgrid 4.0K Jun 27 18:23 tmp
-rw-r--r--  1 shardulr fnalgrid  12K Jun 27 18:23 .update.ad
drwxr-xr-x  3 root     root     4.0K Jun 27 18:23 ..
srwxr-xr-x  1 shardulr fnalgrid    0 Jun 27 18:23 .docker_sock
-rw-r--r--  1 shardulr fnalgrid  113 Jun 27 18:24 _condor_stderr
drwx------  7 shardulr fnalgrid 4.0K Jun 27 18:24 .
drwxr-xr-x 17 shardulr fnalgrid 4.0K Jun 27 18:24 CMSSW_10_6_19_patch2
-rw-r--r--  1 shardulr fnalgrid  453 Jun 27 18:24 _condor_stdout
/storage/local/data1/condor/execute/dir_18478/CMSSW_10_6_19_patch2 is the CMSSW we created on the local worker node
Running over Data2018 files
Blinding data, only using CR cuts (0 loose b's)
Using UL 2018 campaign working points
Pre-select 180594 entries out of 1308553 (13.80%)
Processed    10000/  180594 entries,  5.54% (elapsed time    27.6s, curr speed    0.362 kHz, avg speed    0.362 kHz), accepted     1293/   10001 events (12.93%)
Processed    20000/  180594 entries, 11.07% (elapsed time    54.7s, curr speed    0.369 kHz, avg speed    0.366 kHz), accepted     2642/   20001 events (13.21%)
Processed    30000/  180594 entries, 16.61% (elapsed time    82.7s, curr speed    0.357 kHz, avg speed    0.363 kHz), accepted     4093/   30001 events (13.64%)
Processed    40000/  180594 entries, 22.15% (elapsed time   110.9s, curr speed    0.355 kHz, avg speed    0.361 kHz), accepted     5610/   40001 events (14.02%)
Processed    50000/  180594 entries, 27.69% (elapsed time   140.3s, curr speed    0.339 kHz, avg speed    0.356 kHz), accepted     7201/   50001 events (14.40%)
Processed    60000/  180594 entries, 33.22% (elapsed time   167.7s, curr speed    0.365 kHz, avg speed    0.358 kHz), accepted     8674/   60001 events (14.46%)
Processed    70000/  180594 entries, 38.76% (elapsed time   195.0s, curr speed    0.367 kHz, avg speed    0.359 kHz), accepted    10116/   70001 events (14.45%)
Processed    80000/  180594 entries, 44.30% (elapsed time   221.8s, curr speed    0.374 kHz, avg speed    0.361 kHz), accepted    11540/   80001 events (14.42%)
Processed    90000/  180594 entries, 49.84% (elapsed time   249.3s, curr speed    0.364 kHz, avg speed    0.361 kHz), accepted    12999/   90001 events (14.44%)
Processed   100000/  180594 entries, 55.37% (elapsed time   277.3s, curr speed    0.357 kHz, avg speed    0.361 kHz), accepted    14442/  100001 events (14.44%)
Processed   110000/  180594 entries, 60.91% (elapsed time   304.8s, curr speed    0.363 kHz, avg speed    0.361 kHz), accepted    15873/  110001 events (14.43%)
Processed   120000/  180594 entries, 66.45% (elapsed time   332.2s, curr speed    0.365 kHz, avg speed    0.361 kHz), accepted    17306/  120001 events (14.42%)
Processed   130000/  180594 entries, 71.98% (elapsed time   359.7s, curr speed    0.364 kHz, avg speed    0.361 kHz), accepted    18771/  130001 events (14.44%)
Processed   140000/  180594 entries, 77.52% (elapsed time   387.1s, curr speed    0.365 kHz, avg speed    0.362 kHz), accepted    20245/  140001 events (14.46%)
Processed   150000/  180594 entries, 83.06% (elapsed time   414.2s, curr speed    0.369 kHz, avg speed    0.362 kHz), accepted    21640/  150001 events (14.43%)
Processed   160000/  180594 entries, 88.60% (elapsed time   441.6s, curr speed    0.365 kHz, avg speed    0.362 kHz), accepted    23052/  160001 events (14.41%)
Processed   170000/  180594 entries, 94.13% (elapsed time   468.9s, curr speed    0.366 kHz, avg speed    0.363 kHz), accepted    24423/  170001 events (14.37%)
Processed   180000/  180594 entries, 99.67% (elapsed time   498.7s, curr speed    0.336 kHz, avg speed    0.361 kHz), accepted    25871/  180001 events (14.37%)
Processed 180594 preselected entries from root://cmsxrootd.fnal.gov//store/data/Run2018A/JetHT/NANOAOD/UL2018_MiniAODv2_NanoAODv9-v2/250000/086B75A4-5A54-7249-B1F1-17BF98CD5A9D.root (1308553 entries). Finally selected 25989 entries
Total time 510.5 sec. to process 1308553 events. Rate = 2563.2 Hz.
Running pwd:
/storage/local/data1/condor/execute/dir_18478
Running ls -alrth:
total 176K
-rw-r--r--  1 shardulr fnalgrid 5.0K Jun 27 18:23 .job.ad
-rw-r--r--  1 shardulr fnalgrid  13K Jun 27 18:23 .machine.ad
-rwx------  1 shardulr fnalgrid   49 Jun 27 18:23 .chirp.config
-rw-------  1 shardulr fnalgrid  11K Jun 27 18:23 x509up
drwxr-xr-x  2 shardulr fnalgrid 4.0K Jun 27 18:23 samples
-rw-r--r--  1 shardulr fnalgrid  62K Jun 27 18:23 singleStopAnalyzer.py
-rwxr-xr-x  1 shardulr fnalgrid  698 Jun 27 18:23 condor_exec.exe
-rw-r--r--  1 shardulr fnalgrid  951 Jun 27 18:23 bJetMatcher.py
-rw-r--r--  1 shardulr fnalgrid    0 Jun 27 18:23 docker_stderror
drwxrwxrwt  3 shardulr fnalgrid 4.0K Jun 27 18:23 var
drwxrwxrwt  2 shardulr fnalgrid 4.0K Jun 27 18:23 tmp
drwxr-xr-x  3 root     root     4.0K Jun 27 18:23 ..
srwxr-xr-x  1 shardulr fnalgrid    0 Jun 27 18:23 .docker_sock
drwxr-xr-x 17 shardulr fnalgrid 4.0K Jun 27 18:24 CMSSW_10_6_19_patch2
drwxr-xr-x  2 shardulr fnalgrid 4.0K Jun 27 18:24 framework
-rw-r--r--  1 shardulr fnalgrid 1.7K Jun 27 18:24 bJetMatcher.pyc
drwxr-xr-x  3 shardulr fnalgrid 4.0K Jun 27 18:24 output
-rw-r--r--  1 shardulr fnalgrid  215 Jun 27 18:24 _condor_stderr
-rw-r--r--  1 shardulr fnalgrid  13K Jun 27 18:30 .update.ad
drwx------  8 shardulr fnalgrid 4.0K Jun 27 18:30 .
-rw-r--r--  1 shardulr fnalgrid 5.1K Jun 27 18:32 _condor_stdout
