[FERMIHTC-APPTAINER]: INFO -- No Apptainer image specified
[FERMIHTC-APPTAINER]: INFO -- Running job on the host machine

[FERMIHTC-APPTAINER]: INFO -- Running ./condor_exec.exe
Starting job on  Tue Jun 27 18:29:17 UTC 2023
Running on: Linux shardulr-2169568-182-cmswn2119.fnal.gov 3.10.0-1160.90.1.el7.x86_64 #1 SMP Thu Apr 27 13:14:20 CDT 2023 x86_64 x86_64 x86_64 GNU/Linux
System software: Scientific Linux release 7.9 (Nitrogen)
Running ls -alrth:
total 160K
-rw-r--r--  1 shardulr fnalgrid 5.0K Jun 27 18:29 .job.ad
-rw-r--r--  1 shardulr fnalgrid  13K Jun 27 18:29 .machine.ad
-rwx------  1 shardulr fnalgrid   49 Jun 27 18:29 .chirp.config
-rw-------  1 shardulr fnalgrid  11K Jun 27 18:29 x509up
drwxr-xr-x  2 shardulr fnalgrid 4.0K Jun 27 18:29 samples
-rw-r--r--  1 shardulr fnalgrid  62K Jun 27 18:29 singleStopAnalyzer.py
drwxr-xr-x  2 shardulr fnalgrid 4.0K Jun 27 18:29 framework
-rw-r--r--  1 shardulr fnalgrid  951 Jun 27 18:29 bJetMatcher.py
-rwxr-xr-x  1 shardulr fnalgrid  698 Jun 27 18:29 condor_exec.exe
-rw-r--r--  1 shardulr fnalgrid    0 Jun 27 18:29 docker_stderror
drwxrwxrwt  3 shardulr fnalgrid 4.0K Jun 27 18:29 var
drwxrwxrwt  2 shardulr fnalgrid 4.0K Jun 27 18:29 tmp
-rw-r--r--  1 shardulr fnalgrid  12K Jun 27 18:29 .update.ad
drwxr-xr-x  3 root     root     4.0K Jun 27 18:29 ..
srwxr-xr-x  1 shardulr fnalgrid    0 Jun 27 18:29 .docker_sock
-rw-r--r--  1 shardulr fnalgrid  113 Jun 27 18:29 _condor_stderr
drwx------  7 shardulr fnalgrid 4.0K Jun 27 18:29 .
drwxr-xr-x 17 shardulr fnalgrid 4.0K Jun 27 18:29 CMSSW_10_6_19_patch2
-rw-r--r--  1 shardulr fnalgrid  453 Jun 27 18:29 _condor_stdout
/storage/local/data1/condor/execute/dir_51700/CMSSW_10_6_19_patch2 is the CMSSW we created on the local worker node
Running over Data2018 files
Blinding data, only using CR cuts (0 loose b's)
Using UL 2018 campaign working points
Pre-select 309414 entries out of 2222407 (13.92%)
Processed    10000/  309414 entries,  3.23% (elapsed time    26.7s, curr speed    0.375 kHz, avg speed    0.375 kHz), accepted     1437/   10001 events (14.37%)
Processed    20000/  309414 entries,  6.46% (elapsed time    52.6s, curr speed    0.386 kHz, avg speed    0.380 kHz), accepted     2842/   20001 events (14.21%)
Processed    30000/  309414 entries,  9.70% (elapsed time    78.4s, curr speed    0.387 kHz, avg speed    0.383 kHz), accepted     4264/   30001 events (14.21%)
Processed    40000/  309414 entries, 12.93% (elapsed time   104.6s, curr speed    0.381 kHz, avg speed    0.382 kHz), accepted     5729/   40001 events (14.32%)
Processed    50000/  309414 entries, 16.16% (elapsed time   132.1s, curr speed    0.364 kHz, avg speed    0.378 kHz), accepted     7320/   50001 events (14.64%)
Processed    60000/  309414 entries, 19.39% (elapsed time   158.7s, curr speed    0.376 kHz, avg speed    0.378 kHz), accepted     8817/   60001 events (14.69%)
Processed    70000/  309414 entries, 22.62% (elapsed time   183.4s, curr speed    0.406 kHz, avg speed    0.382 kHz), accepted    10038/   70001 events (14.34%)
Processed    80000/  309414 entries, 25.86% (elapsed time   210.2s, curr speed    0.373 kHz, avg speed    0.381 kHz), accepted    11608/   80001 events (14.51%)
Processed    90000/  309414 entries, 29.09% (elapsed time   236.0s, curr speed    0.387 kHz, avg speed    0.381 kHz), accepted    13012/   90001 events (14.46%)
Processed   100000/  309414 entries, 32.32% (elapsed time   260.7s, curr speed    0.406 kHz, avg speed    0.384 kHz), accepted    14218/  100001 events (14.22%)
Processed   110000/  309414 entries, 35.55% (elapsed time   287.1s, curr speed    0.379 kHz, avg speed    0.383 kHz), accepted    15668/  110001 events (14.24%)
Processed   120000/  309414 entries, 38.78% (elapsed time   313.0s, curr speed    0.386 kHz, avg speed    0.383 kHz), accepted    17104/  120001 events (14.25%)
Processed   130000/  309414 entries, 42.01% (elapsed time   338.8s, curr speed    0.387 kHz, avg speed    0.384 kHz), accepted    18512/  130001 events (14.24%)
Processed   140000/  309414 entries, 45.25% (elapsed time   364.5s, curr speed    0.389 kHz, avg speed    0.384 kHz), accepted    19935/  140001 events (14.24%)
Processed   150000/  309414 entries, 48.48% (elapsed time   389.9s, curr speed    0.393 kHz, avg speed    0.385 kHz), accepted    21311/  150001 events (14.21%)
Processed   160000/  309414 entries, 51.71% (elapsed time   415.2s, curr speed    0.396 kHz, avg speed    0.385 kHz), accepted    22675/  160001 events (14.17%)
Processed   170000/  309414 entries, 54.94% (elapsed time   440.2s, curr speed    0.400 kHz, avg speed    0.386 kHz), accepted    23958/  170001 events (14.09%)
Processed   180000/  309414 entries, 58.17% (elapsed time   466.1s, curr speed    0.386 kHz, avg speed    0.386 kHz), accepted    25340/  180001 events (14.08%)
Processed   190000/  309414 entries, 61.41% (elapsed time   490.8s, curr speed    0.405 kHz, avg speed    0.387 kHz), accepted    26569/  190001 events (13.98%)
Processed   200000/  309414 entries, 64.64% (elapsed time   514.8s, curr speed    0.415 kHz, avg speed    0.388 kHz), accepted    27712/  200001 events (13.86%)
Processed   210000/  309414 entries, 67.87% (elapsed time   539.9s, curr speed    0.399 kHz, avg speed    0.389 kHz), accepted    29007/  210001 events (13.81%)
Processed   220000/  309414 entries, 71.10% (elapsed time   565.5s, curr speed    0.390 kHz, avg speed    0.389 kHz), accepted    30342/  220001 events (13.79%)
Processed   230000/  309414 entries, 74.33% (elapsed time   591.8s, curr speed    0.380 kHz, avg speed    0.389 kHz), accepted    31703/  230001 events (13.78%)
Processed   240000/  309414 entries, 77.57% (elapsed time   617.0s, curr speed    0.396 kHz, avg speed    0.389 kHz), accepted    33028/  240001 events (13.76%)
Processed   250000/  309414 entries, 80.80% (elapsed time   640.8s, curr speed    0.421 kHz, avg speed    0.390 kHz), accepted    34142/  250001 events (13.66%)
Processed   260000/  309414 entries, 84.03% (elapsed time   665.1s, curr speed    0.412 kHz, avg speed    0.391 kHz), accepted    35280/  260001 events (13.57%)
Processed   270000/  309414 entries, 87.26% (elapsed time   689.0s, curr speed    0.418 kHz, avg speed    0.392 kHz), accepted    36369/  270001 events (13.47%)
Processed   280000/  309414 entries, 90.49% (elapsed time   715.1s, curr speed    0.383 kHz, avg speed    0.392 kHz), accepted    37795/  280001 events (13.50%)
Processed   290000/  309414 entries, 93.73% (elapsed time   741.6s, curr speed    0.377 kHz, avg speed    0.391 kHz), accepted    39277/  290001 events (13.54%)
Processed   300000/  309414 entries, 96.96% (elapsed time   767.8s, curr speed    0.381 kHz, avg speed    0.391 kHz), accepted    40729/  300001 events (13.58%)
Processed 309414 preselected entries from root://cmsxrootd.fnal.gov//store/data/Run2018B/JetHT/NANOAOD/UL2018_MiniAODv2_NanoAODv9-v1/120000/F94577DA-A523-C54B-9589-605BCE5F8331.root (2222407 entries). Finally selected 42102 entries
Total time 805.1 sec. to process 2222407 events. Rate = 2760.2 Hz.
Running pwd:
/storage/local/data1/condor/execute/dir_51700
Running ls -alrth:
total 176K
-rw-r--r--  1 shardulr fnalgrid 5.0K Jun 27 18:29 .job.ad
-rw-r--r--  1 shardulr fnalgrid  13K Jun 27 18:29 .machine.ad
-rwx------  1 shardulr fnalgrid   49 Jun 27 18:29 .chirp.config
-rw-------  1 shardulr fnalgrid  11K Jun 27 18:29 x509up
drwxr-xr-x  2 shardulr fnalgrid 4.0K Jun 27 18:29 samples
-rw-r--r--  1 shardulr fnalgrid  62K Jun 27 18:29 singleStopAnalyzer.py
-rw-r--r--  1 shardulr fnalgrid  951 Jun 27 18:29 bJetMatcher.py
-rwxr-xr-x  1 shardulr fnalgrid  698 Jun 27 18:29 condor_exec.exe
-rw-r--r--  1 shardulr fnalgrid    0 Jun 27 18:29 docker_stderror
drwxrwxrwt  3 shardulr fnalgrid 4.0K Jun 27 18:29 var
drwxrwxrwt  2 shardulr fnalgrid 4.0K Jun 27 18:29 tmp
drwxr-xr-x  3 root     root     4.0K Jun 27 18:29 ..
srwxr-xr-x  1 shardulr fnalgrid    0 Jun 27 18:29 .docker_sock
drwxr-xr-x 17 shardulr fnalgrid 4.0K Jun 27 18:29 CMSSW_10_6_19_patch2
drwxr-xr-x  2 shardulr fnalgrid 4.0K Jun 27 18:29 framework
-rw-r--r--  1 shardulr fnalgrid 1.7K Jun 27 18:29 bJetMatcher.pyc
drwxr-xr-x  3 shardulr fnalgrid 4.0K Jun 27 18:29 output
-rw-r--r--  1 shardulr fnalgrid  215 Jun 27 18:29 _condor_stderr
-rw-r--r--  1 shardulr fnalgrid  13K Jun 27 18:42 .update.ad
drwx------  8 shardulr fnalgrid 4.0K Jun 27 18:42 .
-rw-r--r--  1 shardulr fnalgrid 7.0K Jun 27 18:42 _condor_stdout
