[FERMIHTC-APPTAINER]: INFO -- No Apptainer image specified
[FERMIHTC-APPTAINER]: INFO -- Running job on the host machine

[FERMIHTC-APPTAINER]: INFO -- Running ./condor_exec.exe
Starting job on  Tue Jun 27 18:25:03 UTC 2023
Running on: Linux shardulr-2169568-121-cmswn2111.fnal.gov 3.10.0-1160.90.1.el7.x86_64 #1 SMP Thu Apr 27 13:14:20 CDT 2023 x86_64 x86_64 x86_64 GNU/Linux
System software: Scientific Linux release 7.9 (Nitrogen)
Running ls -alrth:
total 164K
-rw-r--r--  1 shardulr fnalgrid 5.0K Jun 27 18:24 .job.ad
-rw-r--r--  1 shardulr fnalgrid  13K Jun 27 18:24 .machine.ad
-rwx------  1 shardulr fnalgrid   49 Jun 27 18:24 .chirp.config
-rw-------  1 shardulr fnalgrid  11K Jun 27 18:24 x509up
drwxr-xr-x  2 shardulr fnalgrid 4.0K Jun 27 18:24 samples
drwxr-xr-x  2 shardulr fnalgrid 4.0K Jun 27 18:24 framework
-rw-r--r--  1 shardulr fnalgrid  62K Jun 27 18:24 singleStopAnalyzer.py
-rw-r--r--  1 shardulr fnalgrid  951 Jun 27 18:24 bJetMatcher.py
-rwxr-xr-x  1 shardulr fnalgrid  698 Jun 27 18:24 condor_exec.exe
-rw-r--r--  1 shardulr fnalgrid    0 Jun 27 18:24 docker_stderror
drwxrwxrwt  3 shardulr fnalgrid 4.0K Jun 27 18:24 var
drwxrwxrwt  2 shardulr fnalgrid 4.0K Jun 27 18:24 tmp
-rw-r--r--  1 shardulr fnalgrid  13K Jun 27 18:25 .update.ad
drwxr-xr-x  3 root     root     4.0K Jun 27 18:25 ..
srwxr-xr-x  1 shardulr fnalgrid    0 Jun 27 18:25 .docker_sock
-rw-r--r--  1 shardulr fnalgrid  113 Jun 27 18:25 _condor_stderr
drwx------  7 shardulr fnalgrid 4.0K Jun 27 18:25 .
drwxr-xr-x 17 shardulr fnalgrid 4.0K Jun 27 18:25 CMSSW_10_6_19_patch2
-rw-r--r--  1 shardulr fnalgrid  453 Jun 27 18:25 _condor_stdout
/storage/local/data1/condor/execute/dir_1797/CMSSW_10_6_19_patch2 is the CMSSW we created on the local worker node
Running over Data2018 files
Blinding data, only using CR cuts (0 loose b's)
Using UL 2018 campaign working points
Pre-select 35302 entries out of 285744 (12.35%)
Processed    10000/   35302 entries, 28.33% (elapsed time    24.1s, curr speed    0.414 kHz, avg speed    0.414 kHz), accepted     1164/   10001 events (11.64%)
Processed    20000/   35302 entries, 56.65% (elapsed time    48.9s, curr speed    0.404 kHz, avg speed    0.409 kHz), accepted     2440/   20001 events (12.20%)
Processed    30000/   35302 entries, 84.98% (elapsed time    73.2s, curr speed    0.412 kHz, avg speed    0.410 kHz), accepted     3776/   30001 events (12.59%)
Processed 35302 preselected entries from root://cmsxrootd.fnal.gov//store/data/Run2018A/JetHT/NANOAOD/UL2018_MiniAODv2_NanoAODv9-v2/250000/3F9734AA-7593-7A4A-B658-78EFF5A9AA4C.root (285744 entries). Finally selected 4505 entries
Total time 90.7 sec. to process 285744 events. Rate = 3149.9 Hz.
Running pwd:
/storage/local/data1/condor/execute/dir_1797
Running ls -alrth:
total 172K
-rw-r--r--  1 shardulr fnalgrid 5.0K Jun 27 18:24 .job.ad
-rw-r--r--  1 shardulr fnalgrid  13K Jun 27 18:24 .machine.ad
-rwx------  1 shardulr fnalgrid   49 Jun 27 18:24 .chirp.config
-rw-------  1 shardulr fnalgrid  11K Jun 27 18:24 x509up
drwxr-xr-x  2 shardulr fnalgrid 4.0K Jun 27 18:24 samples
-rw-r--r--  1 shardulr fnalgrid  62K Jun 27 18:24 singleStopAnalyzer.py
-rw-r--r--  1 shardulr fnalgrid  951 Jun 27 18:24 bJetMatcher.py
-rwxr-xr-x  1 shardulr fnalgrid  698 Jun 27 18:24 condor_exec.exe
-rw-r--r--  1 shardulr fnalgrid    0 Jun 27 18:24 docker_stderror
drwxrwxrwt  3 shardulr fnalgrid 4.0K Jun 27 18:24 var
drwxrwxrwt  2 shardulr fnalgrid 4.0K Jun 27 18:24 tmp
drwxr-xr-x  3 root     root     4.0K Jun 27 18:25 ..
srwxr-xr-x  1 shardulr fnalgrid    0 Jun 27 18:25 .docker_sock
drwxr-xr-x 17 shardulr fnalgrid 4.0K Jun 27 18:25 CMSSW_10_6_19_patch2
drwxr-xr-x  2 shardulr fnalgrid 4.0K Jun 27 18:25 framework
-rw-r--r--  1 shardulr fnalgrid 1.7K Jun 27 18:25 bJetMatcher.pyc
drwxr-xr-x  3 shardulr fnalgrid 4.0K Jun 27 18:25 output
-rw-r--r--  1 shardulr fnalgrid  215 Jun 27 18:25 _condor_stderr
-rw-r--r--  1 shardulr fnalgrid  13K Jun 27 18:26 .update.ad
drwx------  8 shardulr fnalgrid 4.0K Jun 27 18:26 .
-rw-r--r--  1 shardulr fnalgrid 2.7K Jun 27 18:26 _condor_stdout
