[FERMIHTC-APPTAINER]: INFO -- No Apptainer image specified
[FERMIHTC-APPTAINER]: INFO -- Running job on the host machine

[FERMIHTC-APPTAINER]: INFO -- Running ./condor_exec.exe
Starting job on  Tue Jun 27 18:29:51 UTC 2023
Running on: Linux shardulr-2169568-335-cmswn2048.fnal.gov 3.10.0-1160.90.1.el7.x86_64 #1 SMP Thu Apr 27 13:14:20 CDT 2023 x86_64 x86_64 x86_64 GNU/Linux
System software: Scientific Linux release 7.9 (Nitrogen)
Running ls -alrth:
total 164K
-rw-r--r--  1 shardulr fnalgrid 5.0K Jun 27 18:29 .job.ad
-rw-r--r--  1 shardulr fnalgrid  13K Jun 27 18:29 .machine.ad
-rwx------  1 shardulr fnalgrid   49 Jun 27 18:29 .chirp.config
-rw-------  1 shardulr fnalgrid  11K Jun 27 18:29 x509up
drwxr-xr-x  2 shardulr fnalgrid 4.0K Jun 27 18:29 samples
drwxr-xr-x  2 shardulr fnalgrid 4.0K Jun 27 18:29 framework
-rw-r--r--  1 shardulr fnalgrid  62K Jun 27 18:29 singleStopAnalyzer.py
-rwxr-xr-x  1 shardulr fnalgrid  698 Jun 27 18:29 condor_exec.exe
-rw-r--r--  1 shardulr fnalgrid  951 Jun 27 18:29 bJetMatcher.py
-rw-r--r--  1 shardulr fnalgrid    0 Jun 27 18:29 docker_stderror
drwxrwxrwt  3 shardulr fnalgrid 4.0K Jun 27 18:29 var
drwxrwxrwt  2 shardulr fnalgrid 4.0K Jun 27 18:29 tmp
drwxr-xr-x  3 root     root     4.0K Jun 27 18:29 ..
srwxr-xr-x  1 shardulr fnalgrid    0 Jun 27 18:29 .docker_sock
-rw-r--r--  1 shardulr fnalgrid  13K Jun 27 18:29 .update.ad
-rw-r--r--  1 shardulr fnalgrid  113 Jun 27 18:29 _condor_stderr
drwx------  7 shardulr fnalgrid 4.0K Jun 27 18:29 .
drwxr-xr-x 17 shardulr fnalgrid 4.0K Jun 27 18:29 CMSSW_10_6_19_patch2
-rw-r--r--  1 shardulr fnalgrid  453 Jun 27 18:29 _condor_stdout
/storage/local/data1/condor/execute/dir_44921/CMSSW_10_6_19_patch2 is the CMSSW we created on the local worker node
Running over Data2018 files
Blinding data, only using CR cuts (0 loose b's)
Using UL 2018 campaign working points
Pre-select 163335 entries out of 1081376 (15.10%)
Processed    10000/  163335 entries,  6.12% (elapsed time    26.6s, curr speed    0.376 kHz, avg speed    0.376 kHz), accepted     1544/   10001 events (15.44%)
Processed    20000/  163335 entries, 12.24% (elapsed time    51.6s, curr speed    0.401 kHz, avg speed    0.388 kHz), accepted     3107/   20001 events (15.53%)
Processed    30000/  163335 entries, 18.37% (elapsed time    75.7s, curr speed    0.414 kHz, avg speed    0.396 kHz), accepted     4621/   30001 events (15.40%)
Processed    40000/  163335 entries, 24.49% (elapsed time    99.9s, curr speed    0.415 kHz, avg speed    0.401 kHz), accepted     6166/   40001 events (15.41%)
Processed    50000/  163335 entries, 30.61% (elapsed time   123.5s, curr speed    0.423 kHz, avg speed    0.405 kHz), accepted     7666/   50001 events (15.33%)
Processed    60000/  163335 entries, 36.73% (elapsed time   148.2s, curr speed    0.405 kHz, avg speed    0.405 kHz), accepted     9317/   60001 events (15.53%)
Processed    70000/  163335 entries, 42.86% (elapsed time   172.6s, curr speed    0.409 kHz, avg speed    0.405 kHz), accepted    10749/   70001 events (15.36%)
Processed    80000/  163335 entries, 48.98% (elapsed time   197.4s, curr speed    0.404 kHz, avg speed    0.405 kHz), accepted    12275/   80001 events (15.34%)
Processed    90000/  163335 entries, 55.10% (elapsed time   221.3s, curr speed    0.418 kHz, avg speed    0.407 kHz), accepted    13691/   90001 events (15.21%)
Processed   100000/  163335 entries, 61.22% (elapsed time   245.8s, curr speed    0.408 kHz, avg speed    0.407 kHz), accepted    15223/  100001 events (15.22%)
Processed   110000/  163335 entries, 67.35% (elapsed time   270.6s, curr speed    0.403 kHz, avg speed    0.407 kHz), accepted    16777/  110001 events (15.25%)
Processed   120000/  163335 entries, 73.47% (elapsed time   295.7s, curr speed    0.398 kHz, avg speed    0.406 kHz), accepted    18428/  120001 events (15.36%)
Processed   130000/  163335 entries, 79.59% (elapsed time   319.8s, curr speed    0.415 kHz, avg speed    0.407 kHz), accepted    19713/  130001 events (15.16%)
Processed   140000/  163335 entries, 85.71% (elapsed time   343.5s, curr speed    0.423 kHz, avg speed    0.408 kHz), accepted    21074/  140001 events (15.05%)
Processed   150000/  163335 entries, 91.84% (elapsed time   367.9s, curr speed    0.410 kHz, avg speed    0.408 kHz), accepted    22529/  150001 events (15.02%)
Processed   160000/  163335 entries, 97.96% (elapsed time   392.9s, curr speed    0.399 kHz, avg speed    0.407 kHz), accepted    24053/  160001 events (15.03%)
Processed 163335 preselected entries from root://cmsxrootd.fnal.gov//store/data/Run2018D/JetHT/NANOAOD/UL2018_MiniAODv2_NanoAODv9-v2/2540000/709EABAE-3BED-104F-884F-EFE1F649BA03.root (1081376 entries). Finally selected 24613 entries
Total time 412.1 sec. to process 1081376 events. Rate = 2623.8 Hz.
Running pwd:
/storage/local/data1/condor/execute/dir_44921
Running ls -alrth:
total 176K
-rw-r--r--  1 shardulr fnalgrid 5.0K Jun 27 18:29 .job.ad
-rw-r--r--  1 shardulr fnalgrid  13K Jun 27 18:29 .machine.ad
-rwx------  1 shardulr fnalgrid   49 Jun 27 18:29 .chirp.config
-rw-------  1 shardulr fnalgrid  11K Jun 27 18:29 x509up
drwxr-xr-x  2 shardulr fnalgrid 4.0K Jun 27 18:29 samples
-rw-r--r--  1 shardulr fnalgrid  62K Jun 27 18:29 singleStopAnalyzer.py
-rwxr-xr-x  1 shardulr fnalgrid  698 Jun 27 18:29 condor_exec.exe
-rw-r--r--  1 shardulr fnalgrid  951 Jun 27 18:29 bJetMatcher.py
-rw-r--r--  1 shardulr fnalgrid    0 Jun 27 18:29 docker_stderror
drwxrwxrwt  3 shardulr fnalgrid 4.0K Jun 27 18:29 var
drwxrwxrwt  2 shardulr fnalgrid 4.0K Jun 27 18:29 tmp
drwxr-xr-x  3 root     root     4.0K Jun 27 18:29 ..
srwxr-xr-x  1 shardulr fnalgrid    0 Jun 27 18:29 .docker_sock
drwxr-xr-x 17 shardulr fnalgrid 4.0K Jun 27 18:29 CMSSW_10_6_19_patch2
drwxr-xr-x  2 shardulr fnalgrid 4.0K Jun 27 18:29 framework
-rw-r--r--  1 shardulr fnalgrid 1.7K Jun 27 18:29 bJetMatcher.pyc
drwxr-xr-x  3 shardulr fnalgrid 4.0K Jun 27 18:29 output
-rw-r--r--  1 shardulr fnalgrid  215 Jun 27 18:29 _condor_stderr
-rw-r--r--  1 shardulr fnalgrid  13K Jun 27 18:36 .update.ad
drwx------  8 shardulr fnalgrid 4.0K Jun 27 18:36 .
-rw-r--r--  1 shardulr fnalgrid 4.8K Jun 27 18:36 _condor_stdout
