[FERMIHTC-APPTAINER]: INFO -- No Apptainer image specified
[FERMIHTC-APPTAINER]: INFO -- Running job on the host machine

[FERMIHTC-APPTAINER]: INFO -- Running ./condor_exec.exe
Starting job on  Tue Jun 27 18:25:20 UTC 2023
Running on: Linux shardulr-2169568-128-cmswn2034.fnal.gov 3.10.0-1160.90.1.el7.x86_64 #1 SMP Thu Apr 27 13:14:20 CDT 2023 x86_64 x86_64 x86_64 GNU/Linux
System software: Scientific Linux release 7.9 (Nitrogen)
Running ls -alrth:
total 156K
-rw-r--r--  1 shardulr fnalgrid 5.0K Jun 27 18:25 .job.ad
-rw-r--r--  1 shardulr fnalgrid  12K Jun 27 18:25 .machine.ad
-rwx------  1 shardulr fnalgrid   49 Jun 27 18:25 .chirp.config
-rw-------  1 shardulr fnalgrid  11K Jun 27 18:25 x509up
drwxr-xr-x  2 shardulr fnalgrid 4.0K Jun 27 18:25 samples
drwxr-xr-x  2 shardulr fnalgrid 4.0K Jun 27 18:25 framework
-rw-r--r--  1 shardulr fnalgrid  62K Jun 27 18:25 singleStopAnalyzer.py
-rwxr-xr-x  1 shardulr fnalgrid  698 Jun 27 18:25 condor_exec.exe
-rw-r--r--  1 shardulr fnalgrid  951 Jun 27 18:25 bJetMatcher.py
-rw-r--r--  1 shardulr fnalgrid    0 Jun 27 18:25 docker_stderror
drwxrwxrwt  3 shardulr fnalgrid 4.0K Jun 27 18:25 var
drwxrwxrwt  2 shardulr fnalgrid 4.0K Jun 27 18:25 tmp
-rw-r--r--  1 shardulr fnalgrid  12K Jun 27 18:25 .update.ad
drwxr-xr-x  3 root     root     4.0K Jun 27 18:25 ..
srwxr-xr-x  1 shardulr fnalgrid    0 Jun 27 18:25 .docker_sock
-rw-r--r--  1 shardulr fnalgrid  113 Jun 27 18:25 _condor_stderr
drwx------  7 shardulr fnalgrid 4.0K Jun 27 18:25 .
drwxr-xr-x 17 shardulr fnalgrid 4.0K Jun 27 18:25 CMSSW_10_6_19_patch2
-rw-r--r--  1 shardulr fnalgrid  453 Jun 27 18:25 _condor_stdout
/storage/local/data1/condor/execute/dir_28804/CMSSW_10_6_19_patch2 is the CMSSW we created on the local worker node
Running over Data2018 files
Blinding data, only using CR cuts (0 loose b's)
Using UL 2018 campaign working points
Pre-select 150725 entries out of 1032624 (14.60%)
Processed    10000/  150725 entries,  6.63% (elapsed time    21.8s, curr speed    0.458 kHz, avg speed    0.458 kHz), accepted     1585/   10001 events (15.85%)
Processed    20000/  150725 entries, 13.27% (elapsed time    41.8s, curr speed    0.501 kHz, avg speed    0.478 kHz), accepted     2969/   20001 events (14.84%)
Processed    30000/  150725 entries, 19.90% (elapsed time    60.5s, curr speed    0.535 kHz, avg speed    0.496 kHz), accepted     4270/   30001 events (14.23%)
Processed    40000/  150725 entries, 26.54% (elapsed time    77.4s, curr speed    0.591 kHz, avg speed    0.517 kHz), accepted     5321/   40001 events (13.30%)
Processed    50000/  150725 entries, 33.17% (elapsed time    96.7s, curr speed    0.519 kHz, avg speed    0.517 kHz), accepted     6819/   50001 events (13.64%)
Processed    60000/  150725 entries, 39.81% (elapsed time   116.6s, curr speed    0.503 kHz, avg speed    0.515 kHz), accepted     8482/   60001 events (14.14%)
Processed    70000/  150725 entries, 46.44% (elapsed time   135.8s, curr speed    0.520 kHz, avg speed    0.515 kHz), accepted    10019/   70001 events (14.31%)
Processed    80000/  150725 entries, 53.08% (elapsed time   154.6s, curr speed    0.532 kHz, avg speed    0.517 kHz), accepted    11410/   80001 events (14.26%)
Processed    90000/  150725 entries, 59.71% (elapsed time   174.1s, curr speed    0.513 kHz, avg speed    0.517 kHz), accepted    12787/   90001 events (14.21%)
Processed   100000/  150725 entries, 66.35% (elapsed time   193.1s, curr speed    0.526 kHz, avg speed    0.518 kHz), accepted    14278/  100001 events (14.28%)
Processed   110000/  150725 entries, 72.98% (elapsed time   211.2s, curr speed    0.554 kHz, avg speed    0.521 kHz), accepted    15608/  110001 events (14.19%)
Processed   120000/  150725 entries, 79.62% (elapsed time   230.9s, curr speed    0.505 kHz, avg speed    0.520 kHz), accepted    17159/  120001 events (14.30%)
Processed   130000/  150725 entries, 86.25% (elapsed time   252.1s, curr speed    0.473 kHz, avg speed    0.516 kHz), accepted    18548/  130001 events (14.27%)
Processed   140000/  150725 entries, 92.88% (elapsed time   276.5s, curr speed    0.409 kHz, avg speed    0.506 kHz), accepted    20115/  140001 events (14.37%)
Processed   150000/  150725 entries, 99.52% (elapsed time   300.8s, curr speed    0.412 kHz, avg speed    0.499 kHz), accepted    21459/  150001 events (14.31%)
Processed 150725 preselected entries from root://cmsxrootd.fnal.gov//store/data/Run2018A/JetHT/NANOAOD/UL2018_MiniAODv2_NanoAODv9-v2/250000/EBC810B9-34AE-9B4C-8130-C108B5BF3327.root (1032624 entries). Finally selected 21556 entries
Total time 312.1 sec. to process 1032624 events. Rate = 3308.5 Hz.
Running pwd:
/storage/local/data1/condor/execute/dir_28804
Running ls -alrth:
total 172K
-rw-r--r--  1 shardulr fnalgrid 5.0K Jun 27 18:25 .job.ad
-rw-r--r--  1 shardulr fnalgrid  12K Jun 27 18:25 .machine.ad
-rwx------  1 shardulr fnalgrid   49 Jun 27 18:25 .chirp.config
-rw-------  1 shardulr fnalgrid  11K Jun 27 18:25 x509up
drwxr-xr-x  2 shardulr fnalgrid 4.0K Jun 27 18:25 samples
-rw-r--r--  1 shardulr fnalgrid  62K Jun 27 18:25 singleStopAnalyzer.py
-rwxr-xr-x  1 shardulr fnalgrid  698 Jun 27 18:25 condor_exec.exe
-rw-r--r--  1 shardulr fnalgrid  951 Jun 27 18:25 bJetMatcher.py
-rw-r--r--  1 shardulr fnalgrid    0 Jun 27 18:25 docker_stderror
drwxrwxrwt  3 shardulr fnalgrid 4.0K Jun 27 18:25 var
drwxrwxrwt  2 shardulr fnalgrid 4.0K Jun 27 18:25 tmp
drwxr-xr-x  3 root     root     4.0K Jun 27 18:25 ..
srwxr-xr-x  1 shardulr fnalgrid    0 Jun 27 18:25 .docker_sock
drwxr-xr-x 17 shardulr fnalgrid 4.0K Jun 27 18:25 CMSSW_10_6_19_patch2
drwxr-xr-x  2 shardulr fnalgrid 4.0K Jun 27 18:25 framework
-rw-r--r--  1 shardulr fnalgrid 1.7K Jun 27 18:25 bJetMatcher.pyc
drwxr-xr-x  3 shardulr fnalgrid 4.0K Jun 27 18:25 output
-rw-r--r--  1 shardulr fnalgrid  215 Jun 27 18:25 _condor_stderr
-rw-r--r--  1 shardulr fnalgrid  13K Jun 27 18:30 .update.ad
drwx------  8 shardulr fnalgrid 4.0K Jun 27 18:30 .
-rw-r--r--  1 shardulr fnalgrid 4.6K Jun 27 18:30 _condor_stdout
