[FERMIHTC-APPTAINER]: INFO -- No Apptainer image specified
[FERMIHTC-APPTAINER]: INFO -- Running job on the host machine

[FERMIHTC-APPTAINER]: INFO -- Running ./condor_exec.exe
Starting job on  Tue Jun 27 18:30:13 UTC 2023
Running on: Linux shardulr-2169568-371-cmswn2024.fnal.gov 3.10.0-1160.90.1.el7.x86_64 #1 SMP Thu Apr 27 13:14:20 CDT 2023 x86_64 x86_64 x86_64 GNU/Linux
System software: Scientific Linux release 7.9 (Nitrogen)
Running ls -alrth:
total 164K
-rw-r--r--  1 shardulr fnalgrid  13K Jun 27 18:29 .machine.ad
-rw-r--r--  1 shardulr fnalgrid 5.0K Jun 27 18:29 .job.ad
-rwx------  1 shardulr fnalgrid   49 Jun 27 18:29 .chirp.config
-rw-------  1 shardulr fnalgrid  11K Jun 27 18:29 x509up
drwxr-xr-x  2 shardulr fnalgrid 4.0K Jun 27 18:29 samples
drwxr-xr-x  2 shardulr fnalgrid 4.0K Jun 27 18:29 framework
-rw-r--r--  1 shardulr fnalgrid  62K Jun 27 18:29 singleStopAnalyzer.py
-rwxr-xr-x  1 shardulr fnalgrid  698 Jun 27 18:29 condor_exec.exe
-rw-r--r--  1 shardulr fnalgrid  951 Jun 27 18:29 bJetMatcher.py
-rw-r--r--  1 shardulr fnalgrid    0 Jun 27 18:29 docker_stderror
drwxrwxrwt  3 shardulr fnalgrid 4.0K Jun 27 18:29 var
drwxrwxrwt  2 shardulr fnalgrid 4.0K Jun 27 18:29 tmp
drwxr-xr-x  3 root     root     4.0K Jun 27 18:29 ..
srwxr-xr-x  1 shardulr fnalgrid    0 Jun 27 18:30 .docker_sock
-rw-r--r--  1 shardulr fnalgrid  13K Jun 27 18:30 .update.ad
-rw-r--r--  1 shardulr fnalgrid  113 Jun 27 18:30 _condor_stderr
drwx------  7 shardulr fnalgrid 4.0K Jun 27 18:30 .
drwxr-xr-x 17 shardulr fnalgrid 4.0K Jun 27 18:30 CMSSW_10_6_19_patch2
-rw-r--r--  1 shardulr fnalgrid  453 Jun 27 18:30 _condor_stdout
/storage/local/data1/condor/execute/dir_23690/CMSSW_10_6_19_patch2 is the CMSSW we created on the local worker node
Running over Data2018 files
Blinding data, only using CR cuts (0 loose b's)
Using UL 2018 campaign working points
Pre-select 278001 entries out of 1889523 (14.71%)
Processed    10000/  278001 entries,  3.60% (elapsed time    25.3s, curr speed    0.395 kHz, avg speed    0.395 kHz), accepted     1464/   10001 events (14.64%)
Processed    20000/  278001 entries,  7.19% (elapsed time    52.2s, curr speed    0.372 kHz, avg speed    0.383 kHz), accepted     3080/   20001 events (15.40%)
Processed    30000/  278001 entries, 10.79% (elapsed time    79.3s, curr speed    0.369 kHz, avg speed    0.378 kHz), accepted     4629/   30001 events (15.43%)
Processed    40000/  278001 entries, 14.39% (elapsed time   106.9s, curr speed    0.363 kHz, avg speed    0.374 kHz), accepted     6216/   40001 events (15.54%)
Processed    50000/  278001 entries, 17.99% (elapsed time   134.9s, curr speed    0.357 kHz, avg speed    0.371 kHz), accepted     7851/   50001 events (15.70%)
Processed    60000/  278001 entries, 21.58% (elapsed time   161.8s, curr speed    0.372 kHz, avg speed    0.371 kHz), accepted     9245/   60001 events (15.41%)
Processed    70000/  278001 entries, 25.18% (elapsed time   189.5s, curr speed    0.362 kHz, avg speed    0.369 kHz), accepted    10599/   70001 events (15.14%)
Processed    80000/  278001 entries, 28.78% (elapsed time   215.9s, curr speed    0.379 kHz, avg speed    0.371 kHz), accepted    11903/   80001 events (14.88%)
Processed    90000/  278001 entries, 32.37% (elapsed time   242.4s, curr speed    0.376 kHz, avg speed    0.371 kHz), accepted    13143/   90001 events (14.60%)
Processed   100000/  278001 entries, 35.97% (elapsed time   268.2s, curr speed    0.388 kHz, avg speed    0.373 kHz), accepted    14334/  100001 events (14.33%)
Processed   110000/  278001 entries, 39.57% (elapsed time   294.8s, curr speed    0.376 kHz, avg speed    0.373 kHz), accepted    15606/  110001 events (14.19%)
Processed   120000/  278001 entries, 43.17% (elapsed time   322.6s, curr speed    0.360 kHz, avg speed    0.372 kHz), accepted    17137/  120001 events (14.28%)
Processed   130000/  278001 entries, 46.76% (elapsed time   349.8s, curr speed    0.367 kHz, avg speed    0.372 kHz), accepted    18618/  130001 events (14.32%)
Processed   140000/  278001 entries, 50.36% (elapsed time   377.8s, curr speed    0.358 kHz, avg speed    0.371 kHz), accepted    20187/  140001 events (14.42%)
Processed   150000/  278001 entries, 53.96% (elapsed time   404.9s, curr speed    0.370 kHz, avg speed    0.371 kHz), accepted    21694/  150001 events (14.46%)
Processed   160000/  278001 entries, 57.55% (elapsed time   432.0s, curr speed    0.368 kHz, avg speed    0.370 kHz), accepted    23224/  160001 events (14.51%)
Processed   170000/  278001 entries, 61.15% (elapsed time   453.5s, curr speed    0.465 kHz, avg speed    0.375 kHz), accepted    24055/  170001 events (14.15%)
Processed   180000/  278001 entries, 64.75% (elapsed time   479.1s, curr speed    0.391 kHz, avg speed    0.376 kHz), accepted    25427/  180001 events (14.13%)
Processed   190000/  278001 entries, 68.35% (elapsed time   507.1s, curr speed    0.357 kHz, avg speed    0.375 kHz), accepted    27059/  190001 events (14.24%)
Processed   200000/  278001 entries, 71.94% (elapsed time   536.7s, curr speed    0.338 kHz, avg speed    0.373 kHz), accepted    28810/  200001 events (14.40%)
Processed   210000/  278001 entries, 75.54% (elapsed time   565.2s, curr speed    0.351 kHz, avg speed    0.372 kHz), accepted    30525/  210001 events (14.54%)
Processed   220000/  278001 entries, 79.14% (elapsed time   593.7s, curr speed    0.351 kHz, avg speed    0.371 kHz), accepted    32053/  220001 events (14.57%)
Processed   230000/  278001 entries, 82.73% (elapsed time   622.1s, curr speed    0.352 kHz, avg speed    0.370 kHz), accepted    33746/  230001 events (14.67%)
Processed   240000/  278001 entries, 86.33% (elapsed time   652.0s, curr speed    0.335 kHz, avg speed    0.368 kHz), accepted    35496/  240001 events (14.79%)
Processed   250000/  278001 entries, 89.93% (elapsed time   679.4s, curr speed    0.365 kHz, avg speed    0.368 kHz), accepted    37186/  250001 events (14.87%)
Processed   260000/  278001 entries, 93.52% (elapsed time   707.6s, curr speed    0.354 kHz, avg speed    0.367 kHz), accepted    38964/  260001 events (14.99%)
Processed   270000/  278001 entries, 97.12% (elapsed time   735.0s, curr speed    0.366 kHz, avg speed    0.367 kHz), accepted    40676/  270001 events (15.07%)
Processed 278001 preselected entries from root://cmsxrootd.fnal.gov//store/data/Run2018D/JetHT/NANOAOD/UL2018_MiniAODv2_NanoAODv9-v2/2810000/86A6CE9E-3A44-1843-8072-93120836016A.root (1889523 entries). Finally selected 42177 entries
Total time 773.8 sec. to process 1889523 events. Rate = 2441.8 Hz.
Running pwd:
/storage/local/data1/condor/execute/dir_23690
Running ls -alrth:
total 176K
-rw-r--r--  1 shardulr fnalgrid  13K Jun 27 18:29 .machine.ad
-rw-r--r--  1 shardulr fnalgrid 5.0K Jun 27 18:29 .job.ad
-rwx------  1 shardulr fnalgrid   49 Jun 27 18:29 .chirp.config
-rw-------  1 shardulr fnalgrid  11K Jun 27 18:29 x509up
drwxr-xr-x  2 shardulr fnalgrid 4.0K Jun 27 18:29 samples
-rw-r--r--  1 shardulr fnalgrid  62K Jun 27 18:29 singleStopAnalyzer.py
-rwxr-xr-x  1 shardulr fnalgrid  698 Jun 27 18:29 condor_exec.exe
-rw-r--r--  1 shardulr fnalgrid  951 Jun 27 18:29 bJetMatcher.py
-rw-r--r--  1 shardulr fnalgrid    0 Jun 27 18:29 docker_stderror
drwxrwxrwt  3 shardulr fnalgrid 4.0K Jun 27 18:29 var
drwxrwxrwt  2 shardulr fnalgrid 4.0K Jun 27 18:29 tmp
drwxr-xr-x  3 root     root     4.0K Jun 27 18:29 ..
srwxr-xr-x  1 shardulr fnalgrid    0 Jun 27 18:30 .docker_sock
drwxr-xr-x 17 shardulr fnalgrid 4.0K Jun 27 18:30 CMSSW_10_6_19_patch2
drwxr-xr-x  2 shardulr fnalgrid 4.0K Jun 27 18:30 framework
-rw-r--r--  1 shardulr fnalgrid 1.7K Jun 27 18:30 bJetMatcher.pyc
drwxr-xr-x  3 shardulr fnalgrid 4.0K Jun 27 18:30 output
-rw-r--r--  1 shardulr fnalgrid  215 Jun 27 18:30 _condor_stderr
-rw-r--r--  1 shardulr fnalgrid  13K Jun 27 18:42 .update.ad
drwx------  8 shardulr fnalgrid 4.0K Jun 27 18:42 .
-rw-r--r--  1 shardulr fnalgrid 6.5K Jun 27 18:43 _condor_stdout
