[FERMIHTC-APPTAINER]: INFO -- No Apptainer image specified
[FERMIHTC-APPTAINER]: INFO -- Running job on the host machine

[FERMIHTC-APPTAINER]: INFO -- Running ./condor_exec.exe
Starting job on  Tue Jun 27 18:29:26 UTC 2023
Running on: Linux shardulr-2169568-210-cmswn2077.fnal.gov 3.10.0-1160.90.1.el7.x86_64 #1 SMP Thu Apr 27 13:14:20 CDT 2023 x86_64 x86_64 x86_64 GNU/Linux
System software: Scientific Linux release 7.9 (Nitrogen)
Running ls -alrth:
total 164K
-rw-r--r--  1 shardulr fnalgrid  13K Jun 27 18:29 .machine.ad
-rw-r--r--  1 shardulr fnalgrid 5.0K Jun 27 18:29 .job.ad
-rwx------  1 shardulr fnalgrid   49 Jun 27 18:29 .chirp.config
-rw-------  1 shardulr fnalgrid  11K Jun 27 18:29 x509up
drwxr-xr-x  2 shardulr fnalgrid 4.0K Jun 27 18:29 samples
drwxr-xr-x  2 shardulr fnalgrid 4.0K Jun 27 18:29 framework
-rw-r--r--  1 shardulr fnalgrid  62K Jun 27 18:29 singleStopAnalyzer.py
-rwxr-xr-x  1 shardulr fnalgrid  698 Jun 27 18:29 condor_exec.exe
-rw-r--r--  1 shardulr fnalgrid  951 Jun 27 18:29 bJetMatcher.py
-rw-r--r--  1 shardulr fnalgrid    0 Jun 27 18:29 docker_stderror
drwxrwxrwt  3 shardulr fnalgrid 4.0K Jun 27 18:29 var
drwxrwxrwt  2 shardulr fnalgrid 4.0K Jun 27 18:29 tmp
-rw-r--r--  1 shardulr fnalgrid  13K Jun 27 18:29 .update.ad
drwxr-xr-x  3 root     root     4.0K Jun 27 18:29 ..
srwxr-xr-x  1 shardulr fnalgrid    0 Jun 27 18:29 .docker_sock
-rw-r--r--  1 shardulr fnalgrid  113 Jun 27 18:29 _condor_stderr
drwx------  7 shardulr fnalgrid 4.0K Jun 27 18:29 .
drwxr-xr-x 17 shardulr fnalgrid 4.0K Jun 27 18:29 CMSSW_10_6_19_patch2
-rw-r--r--  1 shardulr fnalgrid  453 Jun 27 18:29 _condor_stdout
/storage/local/data1/condor/execute/dir_30480/CMSSW_10_6_19_patch2 is the CMSSW we created on the local worker node
Running over Data2018 files
Blinding data, only using CR cuts (0 loose b's)
Using UL 2018 campaign working points
Pre-select 203324 entries out of 1299303 (15.65%)
Processed    10000/  203324 entries,  4.92% (elapsed time    27.1s, curr speed    0.369 kHz, avg speed    0.369 kHz), accepted     1281/   10001 events (12.81%)
Processed    20000/  203324 entries,  9.84% (elapsed time    53.3s, curr speed    0.381 kHz, avg speed    0.375 kHz), accepted     2511/   20001 events (12.55%)
Processed    30000/  203324 entries, 14.75% (elapsed time    80.4s, curr speed    0.369 kHz, avg speed    0.373 kHz), accepted     3962/   30001 events (13.21%)
Processed    40000/  203324 entries, 19.67% (elapsed time   107.6s, curr speed    0.368 kHz, avg speed    0.372 kHz), accepted     5453/   40001 events (13.63%)
Processed    50000/  203324 entries, 24.59% (elapsed time   135.8s, curr speed    0.354 kHz, avg speed    0.368 kHz), accepted     7027/   50001 events (14.05%)
Processed    60000/  203324 entries, 29.51% (elapsed time   165.1s, curr speed    0.341 kHz, avg speed    0.363 kHz), accepted     8659/   60001 events (14.43%)
Processed    70000/  203324 entries, 34.43% (elapsed time   193.3s, curr speed    0.356 kHz, avg speed    0.362 kHz), accepted    10181/   70001 events (14.54%)
Processed    80000/  203324 entries, 39.35% (elapsed time   221.0s, curr speed    0.360 kHz, avg speed    0.362 kHz), accepted    11773/   80001 events (14.72%)
Processed    90000/  203324 entries, 44.26% (elapsed time   248.5s, curr speed    0.364 kHz, avg speed    0.362 kHz), accepted    13251/   90001 events (14.72%)
Processed   100000/  203324 entries, 49.18% (elapsed time   275.2s, curr speed    0.375 kHz, avg speed    0.363 kHz), accepted    14641/  100001 events (14.64%)
Processed   110000/  203324 entries, 54.10% (elapsed time   301.9s, curr speed    0.375 kHz, avg speed    0.364 kHz), accepted    16033/  110001 events (14.58%)
Processed   120000/  203324 entries, 59.02% (elapsed time   329.7s, curr speed    0.359 kHz, avg speed    0.364 kHz), accepted    17565/  120001 events (14.64%)
Processed   130000/  203324 entries, 63.94% (elapsed time   357.1s, curr speed    0.365 kHz, avg speed    0.364 kHz), accepted    19113/  130001 events (14.70%)
Processed   140000/  203324 entries, 68.86% (elapsed time   384.5s, curr speed    0.364 kHz, avg speed    0.364 kHz), accepted    20644/  140001 events (14.75%)
Processed   150000/  203324 entries, 73.77% (elapsed time   409.1s, curr speed    0.407 kHz, avg speed    0.367 kHz), accepted    21888/  150001 events (14.59%)
Processed   160000/  203324 entries, 78.69% (elapsed time   434.8s, curr speed    0.389 kHz, avg speed    0.368 kHz), accepted    23281/  160001 events (14.55%)
Processed   170000/  203324 entries, 83.61% (elapsed time   466.5s, curr speed    0.316 kHz, avg speed    0.364 kHz), accepted    24712/  170001 events (14.54%)
Processed   180000/  203324 entries, 88.53% (elapsed time   502.1s, curr speed    0.281 kHz, avg speed    0.358 kHz), accepted    26250/  180001 events (14.58%)
Processed   190000/  203324 entries, 93.45% (elapsed time   536.8s, curr speed    0.288 kHz, avg speed    0.354 kHz), accepted    27569/  190001 events (14.51%)
Processed   200000/  203324 entries, 98.37% (elapsed time   570.3s, curr speed    0.298 kHz, avg speed    0.351 kHz), accepted    28836/  200001 events (14.42%)
Processed 203324 preselected entries from root://cmsxrootd.fnal.gov//store/data/Run2018C/JetHT/NANOAOD/UL2018_MiniAODv2_NanoAODv9-v1/130000/201BA411-EC95-E24A-A3D8-A109FB498A60.root (1299303 entries). Finally selected 29330 entries
Total time 596.4 sec. to process 1299303 events. Rate = 2178.6 Hz.
Running pwd:
/storage/local/data1/condor/execute/dir_30480
Running ls -alrth:
total 176K
-rw-r--r--  1 shardulr fnalgrid  13K Jun 27 18:29 .machine.ad
-rw-r--r--  1 shardulr fnalgrid 5.0K Jun 27 18:29 .job.ad
-rwx------  1 shardulr fnalgrid   49 Jun 27 18:29 .chirp.config
-rw-------  1 shardulr fnalgrid  11K Jun 27 18:29 x509up
drwxr-xr-x  2 shardulr fnalgrid 4.0K Jun 27 18:29 samples
-rw-r--r--  1 shardulr fnalgrid  62K Jun 27 18:29 singleStopAnalyzer.py
-rwxr-xr-x  1 shardulr fnalgrid  698 Jun 27 18:29 condor_exec.exe
-rw-r--r--  1 shardulr fnalgrid  951 Jun 27 18:29 bJetMatcher.py
-rw-r--r--  1 shardulr fnalgrid    0 Jun 27 18:29 docker_stderror
drwxrwxrwt  3 shardulr fnalgrid 4.0K Jun 27 18:29 var
drwxrwxrwt  2 shardulr fnalgrid 4.0K Jun 27 18:29 tmp
drwxr-xr-x  3 root     root     4.0K Jun 27 18:29 ..
srwxr-xr-x  1 shardulr fnalgrid    0 Jun 27 18:29 .docker_sock
drwxr-xr-x 17 shardulr fnalgrid 4.0K Jun 27 18:29 CMSSW_10_6_19_patch2
drwxr-xr-x  2 shardulr fnalgrid 4.0K Jun 27 18:29 framework
-rw-r--r--  1 shardulr fnalgrid 1.7K Jun 27 18:29 bJetMatcher.pyc
drwxr-xr-x  3 shardulr fnalgrid 4.0K Jun 27 18:29 output
-rw-r--r--  1 shardulr fnalgrid  215 Jun 27 18:29 _condor_stderr
-rw-r--r--  1 shardulr fnalgrid  13K Jun 27 18:39 .update.ad
drwx------  8 shardulr fnalgrid 4.0K Jun 27 18:39 .
-rw-r--r--  1 shardulr fnalgrid 5.4K Jun 27 18:39 _condor_stdout
