[FERMIHTC-APPTAINER]: INFO -- No Apptainer image specified
[FERMIHTC-APPTAINER]: INFO -- Running job on the host machine

[FERMIHTC-APPTAINER]: INFO -- Running ./condor_exec.exe
Starting job on  Tue Jun 27 18:29:37 UTC 2023
Running on: Linux shardulr-2169568-258-cmswn2067.fnal.gov 3.10.0-1160.90.1.el7.x86_64 #1 SMP Thu Apr 27 13:14:20 CDT 2023 x86_64 x86_64 x86_64 GNU/Linux
System software: Scientific Linux release 7.9 (Nitrogen)
Running ls -alrth:
total 164K
-rw-r--r--  1 shardulr fnalgrid  13K Jun 27 18:29 .machine.ad
-rw-r--r--  1 shardulr fnalgrid 5.0K Jun 27 18:29 .job.ad
-rwx------  1 shardulr fnalgrid   49 Jun 27 18:29 .chirp.config
-rw-------  1 shardulr fnalgrid  11K Jun 27 18:29 x509up
drwxr-xr-x  2 shardulr fnalgrid 4.0K Jun 27 18:29 samples
drwxr-xr-x  2 shardulr fnalgrid 4.0K Jun 27 18:29 framework
-rw-r--r--  1 shardulr fnalgrid  62K Jun 27 18:29 singleStopAnalyzer.py
-rwxr-xr-x  1 shardulr fnalgrid  698 Jun 27 18:29 condor_exec.exe
-rw-r--r--  1 shardulr fnalgrid  951 Jun 27 18:29 bJetMatcher.py
-rw-r--r--  1 shardulr fnalgrid    0 Jun 27 18:29 docker_stderror
drwxrwxrwt  3 shardulr fnalgrid 4.0K Jun 27 18:29 var
drwxrwxrwt  2 shardulr fnalgrid 4.0K Jun 27 18:29 tmp
drwxr-xr-x  3 root     root     4.0K Jun 27 18:29 ..
srwxr-xr-x  1 shardulr fnalgrid    0 Jun 27 18:29 .docker_sock
-rw-r--r--  1 shardulr fnalgrid  113 Jun 27 18:29 _condor_stderr
-rw-r--r--  1 shardulr fnalgrid  13K Jun 27 18:29 .update.ad
drwx------  7 shardulr fnalgrid 4.0K Jun 27 18:29 .
drwxr-xr-x 17 shardulr fnalgrid 4.0K Jun 27 18:29 CMSSW_10_6_19_patch2
-rw-r--r--  1 shardulr fnalgrid  453 Jun 27 18:29 _condor_stdout
/storage/local/data1/condor/execute/dir_36616/CMSSW_10_6_19_patch2 is the CMSSW we created on the local worker node
Running over Data2018 files
Blinding data, only using CR cuts (0 loose b's)
Using UL 2018 campaign working points
Pre-select 264198 entries out of 1750456 (15.09%)
Processed    10000/  264198 entries,  3.79% (elapsed time    28.1s, curr speed    0.355 kHz, avg speed    0.355 kHz), accepted     1786/   10001 events (17.86%)
Processed    20000/  264198 entries,  7.57% (elapsed time    56.5s, curr speed    0.353 kHz, avg speed    0.354 kHz), accepted     3509/   20001 events (17.54%)
Processed    30000/  264198 entries, 11.36% (elapsed time    82.0s, curr speed    0.392 kHz, avg speed    0.366 kHz), accepted     4844/   30001 events (16.15%)
Processed    40000/  264198 entries, 15.14% (elapsed time   108.0s, curr speed    0.385 kHz, avg speed    0.370 kHz), accepted     6125/   40001 events (15.31%)
Processed    50000/  264198 entries, 18.93% (elapsed time   134.5s, curr speed    0.378 kHz, avg speed    0.372 kHz), accepted     7425/   50001 events (14.85%)
Processed    60000/  264198 entries, 22.71% (elapsed time   160.9s, curr speed    0.378 kHz, avg speed    0.373 kHz), accepted     8796/   60001 events (14.66%)
Processed    70000/  264198 entries, 26.50% (elapsed time   188.6s, curr speed    0.361 kHz, avg speed    0.371 kHz), accepted    10318/   70001 events (14.74%)
Processed    80000/  264198 entries, 30.28% (elapsed time   216.0s, curr speed    0.365 kHz, avg speed    0.370 kHz), accepted    11833/   80001 events (14.79%)
Processed    90000/  264198 entries, 34.07% (elapsed time   243.5s, curr speed    0.363 kHz, avg speed    0.370 kHz), accepted    13390/   90001 events (14.88%)
Processed   100000/  264198 entries, 37.85% (elapsed time   270.7s, curr speed    0.368 kHz, avg speed    0.369 kHz), accepted    14917/  100001 events (14.92%)
Processed   110000/  264198 entries, 41.64% (elapsed time   298.3s, curr speed    0.362 kHz, avg speed    0.369 kHz), accepted    16440/  110001 events (14.95%)
Processed   120000/  264198 entries, 45.42% (elapsed time   325.7s, curr speed    0.365 kHz, avg speed    0.368 kHz), accepted    17798/  120001 events (14.83%)
Processed   130000/  264198 entries, 49.21% (elapsed time   353.0s, curr speed    0.367 kHz, avg speed    0.368 kHz), accepted    19187/  130001 events (14.76%)
Processed   140000/  264198 entries, 52.99% (elapsed time   379.7s, curr speed    0.374 kHz, avg speed    0.369 kHz), accepted    20573/  140001 events (14.69%)
Processed   150000/  264198 entries, 56.78% (elapsed time   406.8s, curr speed    0.369 kHz, avg speed    0.369 kHz), accepted    22011/  150001 events (14.67%)
Processed   160000/  264198 entries, 60.56% (elapsed time   434.4s, curr speed    0.362 kHz, avg speed    0.368 kHz), accepted    23452/  160001 events (14.66%)
Processed   170000/  264198 entries, 64.35% (elapsed time   461.1s, curr speed    0.375 kHz, avg speed    0.369 kHz), accepted    24844/  170001 events (14.61%)
Processed   180000/  264198 entries, 68.13% (elapsed time   488.7s, curr speed    0.362 kHz, avg speed    0.368 kHz), accepted    26320/  180001 events (14.62%)
Processed   190000/  264198 entries, 71.92% (elapsed time   516.3s, curr speed    0.362 kHz, avg speed    0.368 kHz), accepted    27806/  190001 events (14.63%)
Processed   200000/  264198 entries, 75.70% (elapsed time   542.3s, curr speed    0.385 kHz, avg speed    0.369 kHz), accepted    29169/  200001 events (14.58%)
Processed   210000/  264198 entries, 79.49% (elapsed time   567.7s, curr speed    0.395 kHz, avg speed    0.370 kHz), accepted    30479/  210001 events (14.51%)
Processed   220000/  264198 entries, 83.27% (elapsed time   593.6s, curr speed    0.386 kHz, avg speed    0.371 kHz), accepted    31919/  220001 events (14.51%)
Processed   230000/  264198 entries, 87.06% (elapsed time   621.0s, curr speed    0.365 kHz, avg speed    0.370 kHz), accepted    33355/  230001 events (14.50%)
Processed   240000/  264198 entries, 90.84% (elapsed time   648.7s, curr speed    0.361 kHz, avg speed    0.370 kHz), accepted    34965/  240001 events (14.57%)
Processed   250000/  264198 entries, 94.63% (elapsed time   677.4s, curr speed    0.348 kHz, avg speed    0.369 kHz), accepted    36551/  250001 events (14.62%)
Processed   260000/  264198 entries, 98.41% (elapsed time   704.9s, curr speed    0.364 kHz, avg speed    0.369 kHz), accepted    38097/  260001 events (14.65%)
Processed 264198 preselected entries from root://cmsxrootd.fnal.gov//store/data/Run2018D/JetHT/NANOAOD/UL2018_MiniAODv2_NanoAODv9-v2/2540000/AB7E923F-32D1-8441-A123-8194C0D85314.root (1750456 entries). Finally selected 38725 entries
Total time 733.6 sec. to process 1750456 events. Rate = 2386.1 Hz.
Running pwd:
/storage/local/data1/condor/execute/dir_36616
Running ls -alrth:
total 176K
-rw-r--r--  1 shardulr fnalgrid  13K Jun 27 18:29 .machine.ad
-rw-r--r--  1 shardulr fnalgrid 5.0K Jun 27 18:29 .job.ad
-rwx------  1 shardulr fnalgrid   49 Jun 27 18:29 .chirp.config
-rw-------  1 shardulr fnalgrid  11K Jun 27 18:29 x509up
drwxr-xr-x  2 shardulr fnalgrid 4.0K Jun 27 18:29 samples
-rw-r--r--  1 shardulr fnalgrid  62K Jun 27 18:29 singleStopAnalyzer.py
-rwxr-xr-x  1 shardulr fnalgrid  698 Jun 27 18:29 condor_exec.exe
-rw-r--r--  1 shardulr fnalgrid  951 Jun 27 18:29 bJetMatcher.py
-rw-r--r--  1 shardulr fnalgrid    0 Jun 27 18:29 docker_stderror
drwxrwxrwt  3 shardulr fnalgrid 4.0K Jun 27 18:29 var
drwxrwxrwt  2 shardulr fnalgrid 4.0K Jun 27 18:29 tmp
drwxr-xr-x  3 root     root     4.0K Jun 27 18:29 ..
srwxr-xr-x  1 shardulr fnalgrid    0 Jun 27 18:29 .docker_sock
drwxr-xr-x 17 shardulr fnalgrid 4.0K Jun 27 18:29 CMSSW_10_6_19_patch2
drwxr-xr-x  2 shardulr fnalgrid 4.0K Jun 27 18:29 framework
-rw-r--r--  1 shardulr fnalgrid 1.7K Jun 27 18:29 bJetMatcher.pyc
drwxr-xr-x  3 shardulr fnalgrid 4.0K Jun 27 18:29 output
-rw-r--r--  1 shardulr fnalgrid  215 Jun 27 18:29 _condor_stderr
-rw-r--r--  1 shardulr fnalgrid  13K Jun 27 18:41 .update.ad
drwx------  8 shardulr fnalgrid 4.0K Jun 27 18:41 .
-rw-r--r--  1 shardulr fnalgrid 6.4K Jun 27 18:41 _condor_stdout
