[FERMIHTC-APPTAINER]: INFO -- No Apptainer image specified
[FERMIHTC-APPTAINER]: INFO -- Running job on the host machine

[FERMIHTC-APPTAINER]: INFO -- Running ./condor_exec.exe
Starting job on  Tue Jun 27 18:29:53 UTC 2023
Running on: Linux shardulr-2169568-339-cmswn2042.fnal.gov 3.10.0-1160.90.1.el7.x86_64 #1 SMP Thu Apr 27 13:14:20 CDT 2023 x86_64 x86_64 x86_64 GNU/Linux
System software: Scientific Linux release 7.9 (Nitrogen)
Running ls -alrth:
total 164K
-rw-r--r--  1 shardulr fnalgrid  13K Jun 27 18:29 .machine.ad
-rw-r--r--  1 shardulr fnalgrid 5.0K Jun 27 18:29 .job.ad
-rwx------  1 shardulr fnalgrid   49 Jun 27 18:29 .chirp.config
-rw-------  1 shardulr fnalgrid  11K Jun 27 18:29 x509up
drwxr-xr-x  2 shardulr fnalgrid 4.0K Jun 27 18:29 samples
drwxr-xr-x  2 shardulr fnalgrid 4.0K Jun 27 18:29 framework
-rw-r--r--  1 shardulr fnalgrid  62K Jun 27 18:29 singleStopAnalyzer.py
-rwxr-xr-x  1 shardulr fnalgrid  698 Jun 27 18:29 condor_exec.exe
-rw-r--r--  1 shardulr fnalgrid  951 Jun 27 18:29 bJetMatcher.py
-rw-r--r--  1 shardulr fnalgrid    0 Jun 27 18:29 docker_stderror
drwxrwxrwt  2 shardulr fnalgrid 4.0K Jun 27 18:29 tmp
drwxrwxrwt  3 shardulr fnalgrid 4.0K Jun 27 18:29 var
drwxr-xr-x  3 root     root     4.0K Jun 27 18:29 ..
srwxr-xr-x  1 shardulr fnalgrid    0 Jun 27 18:29 .docker_sock
-rw-r--r--  1 shardulr fnalgrid  113 Jun 27 18:29 _condor_stderr
-rw-r--r--  1 shardulr fnalgrid  13K Jun 27 18:29 .update.ad
drwx------  7 shardulr fnalgrid 4.0K Jun 27 18:29 .
drwxr-xr-x 17 shardulr fnalgrid 4.0K Jun 27 18:29 CMSSW_10_6_19_patch2
-rw-r--r--  1 shardulr fnalgrid  453 Jun 27 18:29 _condor_stdout
/storage/local/data1/condor/execute/dir_7991/CMSSW_10_6_19_patch2 is the CMSSW we created on the local worker node
Running over Data2018 files
Blinding data, only using CR cuts (0 loose b's)
Using UL 2018 campaign working points
Pre-select 191769 entries out of 1272659 (15.07%)
Processed    10000/  191769 entries,  5.21% (elapsed time    26.9s, curr speed    0.371 kHz, avg speed    0.371 kHz), accepted     1335/   10001 events (13.35%)
Processed    20000/  191769 entries, 10.43% (elapsed time    55.0s, curr speed    0.356 kHz, avg speed    0.363 kHz), accepted     2873/   20001 events (14.36%)
Processed    30000/  191769 entries, 15.64% (elapsed time    81.5s, curr speed    0.378 kHz, avg speed    0.368 kHz), accepted     4168/   30001 events (13.89%)
Processed    40000/  191769 entries, 20.86% (elapsed time   108.8s, curr speed    0.367 kHz, avg speed    0.368 kHz), accepted     5509/   40001 events (13.77%)
Processed    50000/  191769 entries, 26.07% (elapsed time   136.0s, curr speed    0.367 kHz, avg speed    0.368 kHz), accepted     6964/   50001 events (13.93%)
Processed    60000/  191769 entries, 31.29% (elapsed time   164.2s, curr speed    0.354 kHz, avg speed    0.365 kHz), accepted     8557/   60001 events (14.26%)
Processed    70000/  191769 entries, 36.50% (elapsed time   190.7s, curr speed    0.379 kHz, avg speed    0.367 kHz), accepted     9959/   70001 events (14.23%)
Processed    80000/  191769 entries, 41.72% (elapsed time   217.2s, curr speed    0.376 kHz, avg speed    0.368 kHz), accepted    11338/   80001 events (14.17%)
Processed    90000/  191769 entries, 46.93% (elapsed time   238.3s, curr speed    0.474 kHz, avg speed    0.378 kHz), accepted    12310/   90001 events (13.68%)
Processed   100000/  191769 entries, 52.15% (elapsed time   263.9s, curr speed    0.391 kHz, avg speed    0.379 kHz), accepted    13599/  100001 events (13.60%)
Processed   110000/  191769 entries, 57.36% (elapsed time   290.2s, curr speed    0.380 kHz, avg speed    0.379 kHz), accepted    14888/  110001 events (13.53%)
Processed   120000/  191769 entries, 62.58% (elapsed time   317.0s, curr speed    0.373 kHz, avg speed    0.379 kHz), accepted    16164/  120001 events (13.47%)
Processed   130000/  191769 entries, 67.79% (elapsed time   343.6s, curr speed    0.377 kHz, avg speed    0.378 kHz), accepted    17596/  130001 events (13.54%)
Processed   140000/  191769 entries, 73.00% (elapsed time   370.8s, curr speed    0.367 kHz, avg speed    0.378 kHz), accepted    18975/  140001 events (13.55%)
Processed   150000/  191769 entries, 78.22% (elapsed time   393.6s, curr speed    0.438 kHz, avg speed    0.381 kHz), accepted    20391/  150001 events (13.59%)
Processed   160000/  191769 entries, 83.43% (elapsed time   417.6s, curr speed    0.417 kHz, avg speed    0.383 kHz), accepted    21667/  160001 events (13.54%)
Processed   170000/  191769 entries, 88.65% (elapsed time   449.4s, curr speed    0.315 kHz, avg speed    0.378 kHz), accepted    23208/  170001 events (13.65%)
Processed   180000/  191769 entries, 93.86% (elapsed time   483.0s, curr speed    0.298 kHz, avg speed    0.373 kHz), accepted    24806/  180001 events (13.78%)
Processed   190000/  191769 entries, 99.08% (elapsed time   518.8s, curr speed    0.279 kHz, avg speed    0.366 kHz), accepted    26514/  190001 events (13.95%)
Processed 191769 preselected entries from root://cmsxrootd.fnal.gov//store/data/Run2018D/JetHT/NANOAOD/UL2018_MiniAODv2_NanoAODv9-v2/2540000/FEE6561F-4D97-B046-B3E4-D3E065FB25FD.root (1272659 entries). Finally selected 26782 entries
Total time 537.0 sec. to process 1272659 events. Rate = 2369.7 Hz.
Running pwd:
/storage/local/data1/condor/execute/dir_7991
Running ls -alrth:
total 176K
-rw-r--r--  1 shardulr fnalgrid  13K Jun 27 18:29 .machine.ad
-rw-r--r--  1 shardulr fnalgrid 5.0K Jun 27 18:29 .job.ad
-rwx------  1 shardulr fnalgrid   49 Jun 27 18:29 .chirp.config
-rw-------  1 shardulr fnalgrid  11K Jun 27 18:29 x509up
drwxr-xr-x  2 shardulr fnalgrid 4.0K Jun 27 18:29 samples
-rw-r--r--  1 shardulr fnalgrid  62K Jun 27 18:29 singleStopAnalyzer.py
-rwxr-xr-x  1 shardulr fnalgrid  698 Jun 27 18:29 condor_exec.exe
-rw-r--r--  1 shardulr fnalgrid  951 Jun 27 18:29 bJetMatcher.py
-rw-r--r--  1 shardulr fnalgrid    0 Jun 27 18:29 docker_stderror
drwxrwxrwt  2 shardulr fnalgrid 4.0K Jun 27 18:29 tmp
drwxrwxrwt  3 shardulr fnalgrid 4.0K Jun 27 18:29 var
drwxr-xr-x  3 root     root     4.0K Jun 27 18:29 ..
srwxr-xr-x  1 shardulr fnalgrid    0 Jun 27 18:29 .docker_sock
drwxr-xr-x 17 shardulr fnalgrid 4.0K Jun 27 18:29 CMSSW_10_6_19_patch2
drwxr-xr-x  2 shardulr fnalgrid 4.0K Jun 27 18:29 framework
-rw-r--r--  1 shardulr fnalgrid 1.7K Jun 27 18:29 bJetMatcher.pyc
drwxr-xr-x  3 shardulr fnalgrid 4.0K Jun 27 18:29 output
-rw-r--r--  1 shardulr fnalgrid  215 Jun 27 18:29 _condor_stderr
-rw-r--r--  1 shardulr fnalgrid  13K Jun 27 18:38 .update.ad
drwx------  8 shardulr fnalgrid 4.0K Jun 27 18:38 .
-rw-r--r--  1 shardulr fnalgrid 5.3K Jun 27 18:38 _condor_stdout
