[FERMIHTC-APPTAINER]: INFO -- No Apptainer image specified
[FERMIHTC-APPTAINER]: INFO -- Running job on the host machine

[FERMIHTC-APPTAINER]: INFO -- Running ./condor_exec.exe
Starting job on  Tue Jun 27 18:29:44 UTC 2023
Running on: Linux shardulr-2169568-282-cmswn2104.fnal.gov 3.10.0-1160.90.1.el7.x86_64 #1 SMP Thu Apr 27 13:14:20 CDT 2023 x86_64 x86_64 x86_64 GNU/Linux
System software: Scientific Linux release 7.9 (Nitrogen)
Running ls -alrth:
total 164K
-rw-r--r--  1 shardulr fnalgrid 5.0K Jun 27 18:29 .job.ad
-rw-r--r--  1 shardulr fnalgrid  13K Jun 27 18:29 .machine.ad
-rwx------  1 shardulr fnalgrid   49 Jun 27 18:29 .chirp.config
-rw-------  1 shardulr fnalgrid  11K Jun 27 18:29 x509up
drwxr-xr-x  2 shardulr fnalgrid 4.0K Jun 27 18:29 samples
drwxr-xr-x  2 shardulr fnalgrid 4.0K Jun 27 18:29 framework
-rw-r--r--  1 shardulr fnalgrid  62K Jun 27 18:29 singleStopAnalyzer.py
-rw-r--r--  1 shardulr fnalgrid  951 Jun 27 18:29 bJetMatcher.py
-rwxr-xr-x  1 shardulr fnalgrid  698 Jun 27 18:29 condor_exec.exe
-rw-r--r--  1 shardulr fnalgrid    0 Jun 27 18:29 docker_stderror
drwxrwxrwt  3 shardulr fnalgrid 4.0K Jun 27 18:29 var
drwxrwxrwt  2 shardulr fnalgrid 4.0K Jun 27 18:29 tmp
drwxr-xr-x  3 root     root     4.0K Jun 27 18:29 ..
srwxr-xr-x  1 shardulr fnalgrid    0 Jun 27 18:29 .docker_sock
-rw-r--r--  1 shardulr fnalgrid  113 Jun 27 18:29 _condor_stderr
-rw-r--r--  1 shardulr fnalgrid  13K Jun 27 18:29 .update.ad
drwx------  7 shardulr fnalgrid 4.0K Jun 27 18:29 .
drwxr-xr-x 17 shardulr fnalgrid 4.0K Jun 27 18:29 CMSSW_10_6_19_patch2
-rw-r--r--  1 shardulr fnalgrid  453 Jun 27 18:29 _condor_stdout
/storage/local/data1/condor/execute/dir_36290/CMSSW_10_6_19_patch2 is the CMSSW we created on the local worker node
Running over Data2018 files
Blinding data, only using CR cuts (0 loose b's)
Using UL 2018 campaign working points
Pre-select 199257 entries out of 1380345 (14.44%)
Processed    10000/  199257 entries,  5.02% (elapsed time    24.8s, curr speed    0.403 kHz, avg speed    0.403 kHz), accepted     1350/   10001 events (13.50%)
Processed    20000/  199257 entries, 10.04% (elapsed time    49.0s, curr speed    0.413 kHz, avg speed    0.408 kHz), accepted     2718/   20001 events (13.59%)
Processed    30000/  199257 entries, 15.06% (elapsed time    72.6s, curr speed    0.424 kHz, avg speed    0.413 kHz), accepted     4042/   30001 events (13.47%)
Processed    40000/  199257 entries, 20.07% (elapsed time    96.4s, curr speed    0.420 kHz, avg speed    0.415 kHz), accepted     5367/   40001 events (13.42%)
Processed    50000/  199257 entries, 25.09% (elapsed time   121.8s, curr speed    0.395 kHz, avg speed    0.411 kHz), accepted     6882/   50001 events (13.76%)
Processed    60000/  199257 entries, 30.11% (elapsed time   147.7s, curr speed    0.386 kHz, avg speed    0.406 kHz), accepted     8429/   60001 events (14.05%)
Processed    70000/  199257 entries, 35.13% (elapsed time   172.6s, curr speed    0.402 kHz, avg speed    0.406 kHz), accepted     9939/   70001 events (14.20%)
Processed    80000/  199257 entries, 40.15% (elapsed time   197.9s, curr speed    0.395 kHz, avg speed    0.404 kHz), accepted    11471/   80001 events (14.34%)
Processed    90000/  199257 entries, 45.17% (elapsed time   219.9s, curr speed    0.455 kHz, avg speed    0.409 kHz), accepted    12511/   90001 events (13.90%)
Processed   100000/  199257 entries, 50.19% (elapsed time   244.4s, curr speed    0.408 kHz, avg speed    0.409 kHz), accepted    13870/  100001 events (13.87%)
Processed   110000/  199257 entries, 55.21% (elapsed time   268.4s, curr speed    0.417 kHz, avg speed    0.410 kHz), accepted    15154/  110001 events (13.78%)
Processed   120000/  199257 entries, 60.22% (elapsed time   293.0s, curr speed    0.406 kHz, avg speed    0.410 kHz), accepted    16510/  120001 events (13.76%)
Processed   130000/  199257 entries, 65.24% (elapsed time   321.0s, curr speed    0.357 kHz, avg speed    0.405 kHz), accepted    18311/  130001 events (14.09%)
Processed   140000/  199257 entries, 70.26% (elapsed time   348.5s, curr speed    0.364 kHz, avg speed    0.402 kHz), accepted    20062/  140001 events (14.33%)
Processed   150000/  199257 entries, 75.28% (elapsed time   376.8s, curr speed    0.353 kHz, avg speed    0.398 kHz), accepted    21820/  150001 events (14.55%)
Processed   160000/  199257 entries, 80.30% (elapsed time   404.8s, curr speed    0.357 kHz, avg speed    0.395 kHz), accepted    23644/  160001 events (14.78%)
Processed   170000/  199257 entries, 85.32% (elapsed time   433.0s, curr speed    0.354 kHz, avg speed    0.393 kHz), accepted    25477/  170001 events (14.99%)
Processed   180000/  199257 entries, 90.34% (elapsed time   461.2s, curr speed    0.355 kHz, avg speed    0.390 kHz), accepted    27295/  180001 events (15.16%)
Processed   190000/  199257 entries, 95.35% (elapsed time   489.2s, curr speed    0.357 kHz, avg speed    0.388 kHz), accepted    29141/  190001 events (15.34%)
Processed 199257 preselected entries from root://cmsxrootd.fnal.gov//store/data/Run2018D/JetHT/NANOAOD/UL2018_MiniAODv2_NanoAODv9-v2/2540000/B8D222B8-CAEA-764E-B57E-0AE311273791.root (1380345 entries). Finally selected 30848 entries
Total time 523.0 sec. to process 1380345 events. Rate = 2639.4 Hz.
Running pwd:
/storage/local/data1/condor/execute/dir_36290
Running ls -alrth:
total 176K
-rw-r--r--  1 shardulr fnalgrid 5.0K Jun 27 18:29 .job.ad
-rw-r--r--  1 shardulr fnalgrid  13K Jun 27 18:29 .machine.ad
-rwx------  1 shardulr fnalgrid   49 Jun 27 18:29 .chirp.config
-rw-------  1 shardulr fnalgrid  11K Jun 27 18:29 x509up
drwxr-xr-x  2 shardulr fnalgrid 4.0K Jun 27 18:29 samples
-rw-r--r--  1 shardulr fnalgrid  62K Jun 27 18:29 singleStopAnalyzer.py
-rw-r--r--  1 shardulr fnalgrid  951 Jun 27 18:29 bJetMatcher.py
-rwxr-xr-x  1 shardulr fnalgrid  698 Jun 27 18:29 condor_exec.exe
-rw-r--r--  1 shardulr fnalgrid    0 Jun 27 18:29 docker_stderror
drwxrwxrwt  3 shardulr fnalgrid 4.0K Jun 27 18:29 var
drwxrwxrwt  2 shardulr fnalgrid 4.0K Jun 27 18:29 tmp
drwxr-xr-x  3 root     root     4.0K Jun 27 18:29 ..
srwxr-xr-x  1 shardulr fnalgrid    0 Jun 27 18:29 .docker_sock
drwxr-xr-x 17 shardulr fnalgrid 4.0K Jun 27 18:29 CMSSW_10_6_19_patch2
drwxr-xr-x  2 shardulr fnalgrid 4.0K Jun 27 18:29 framework
-rw-r--r--  1 shardulr fnalgrid 1.7K Jun 27 18:29 bJetMatcher.pyc
drwxr-xr-x  3 shardulr fnalgrid 4.0K Jun 27 18:29 output
-rw-r--r--  1 shardulr fnalgrid  215 Jun 27 18:29 _condor_stderr
-rw-r--r--  1 shardulr fnalgrid  13K Jun 27 18:38 .update.ad
drwx------  8 shardulr fnalgrid 4.0K Jun 27 18:38 .
-rw-r--r--  1 shardulr fnalgrid 5.3K Jun 27 18:38 _condor_stdout
