[FERMIHTC-APPTAINER]: INFO -- No Apptainer image specified
[FERMIHTC-APPTAINER]: INFO -- Running job on the host machine

[FERMIHTC-APPTAINER]: INFO -- Running ./condor_exec.exe
Starting job on  Tue Jun 27 18:30:20 UTC 2023
Running on: Linux shardulr-2169568-440-cmswn2101.fnal.gov 3.10.0-1160.90.1.el7.x86_64 #1 SMP Thu Apr 27 13:14:20 CDT 2023 x86_64 x86_64 x86_64 GNU/Linux
System software: Scientific Linux release 7.9 (Nitrogen)
Running ls -alrth:
total 156K
-rw-r--r--  1 shardulr fnalgrid  12K Jun 27 18:30 .machine.ad
-rw-r--r--  1 shardulr fnalgrid 5.0K Jun 27 18:30 .job.ad
-rwx------  1 shardulr fnalgrid   49 Jun 27 18:30 .chirp.config
-rw-------  1 shardulr fnalgrid  11K Jun 27 18:30 x509up
drwxr-xr-x  2 shardulr fnalgrid 4.0K Jun 27 18:30 samples
drwxr-xr-x  2 shardulr fnalgrid 4.0K Jun 27 18:30 framework
-rw-r--r--  1 shardulr fnalgrid  62K Jun 27 18:30 singleStopAnalyzer.py
-rw-r--r--  1 shardulr fnalgrid  951 Jun 27 18:30 bJetMatcher.py
-rwxr-xr-x  1 shardulr fnalgrid  698 Jun 27 18:30 condor_exec.exe
-rw-r--r--  1 shardulr fnalgrid    0 Jun 27 18:30 docker_stderror
drwxrwxrwt  3 shardulr fnalgrid 4.0K Jun 27 18:30 var
drwxrwxrwt  2 shardulr fnalgrid 4.0K Jun 27 18:30 tmp
-rw-r--r--  1 shardulr fnalgrid  12K Jun 27 18:30 .update.ad
drwxr-xr-x  3 root     root     4.0K Jun 27 18:30 ..
srwxr-xr-x  1 shardulr fnalgrid    0 Jun 27 18:30 .docker_sock
-rw-r--r--  1 shardulr fnalgrid  113 Jun 27 18:30 _condor_stderr
drwx------  7 shardulr fnalgrid 4.0K Jun 27 18:30 .
drwxr-xr-x 17 shardulr fnalgrid 4.0K Jun 27 18:30 CMSSW_10_6_19_patch2
-rw-r--r--  1 shardulr fnalgrid  453 Jun 27 18:30 _condor_stdout
/storage/local/data1/condor/execute/dir_47230/CMSSW_10_6_19_patch2 is the CMSSW we created on the local worker node
Running over Data2018 files
Blinding data, only using CR cuts (0 loose b's)
Using UL 2018 campaign working points
Pre-select 205425 entries out of 1185408 (17.33%)
Processed    10000/  205425 entries,  4.87% (elapsed time    31.6s, curr speed    0.316 kHz, avg speed    0.316 kHz), accepted        0/   10001 events ( 0.00%)
Processed    20000/  205425 entries,  9.74% (elapsed time    62.4s, curr speed    0.325 kHz, avg speed    0.321 kHz), accepted        0/   20001 events ( 0.00%)
Processed    30000/  205425 entries, 14.60% (elapsed time    92.8s, curr speed    0.328 kHz, avg speed    0.323 kHz), accepted        0/   30001 events ( 0.00%)
Processed    40000/  205425 entries, 19.47% (elapsed time   119.2s, curr speed    0.379 kHz, avg speed    0.335 kHz), accepted      559/   40001 events ( 1.40%)
Processed    50000/  205425 entries, 24.34% (elapsed time   137.2s, curr speed    0.557 kHz, avg speed    0.364 kHz), accepted     1869/   50001 events ( 3.74%)
Processed    60000/  205425 entries, 29.21% (elapsed time   155.5s, curr speed    0.547 kHz, avg speed    0.386 kHz), accepted     3201/   60001 events ( 5.33%)
Processed    70000/  205425 entries, 34.08% (elapsed time   173.8s, curr speed    0.547 kHz, avg speed    0.403 kHz), accepted     4539/   70001 events ( 6.48%)
Processed    80000/  205425 entries, 38.94% (elapsed time   192.6s, curr speed    0.531 kHz, avg speed    0.415 kHz), accepted     5968/   80001 events ( 7.46%)
Processed    90000/  205425 entries, 43.81% (elapsed time   211.4s, curr speed    0.531 kHz, avg speed    0.426 kHz), accepted     7386/   90001 events ( 8.21%)
Processed   100000/  205425 entries, 48.68% (elapsed time   229.9s, curr speed    0.542 kHz, avg speed    0.435 kHz), accepted     8752/  100001 events ( 8.75%)
Processed   110000/  205425 entries, 53.55% (elapsed time   248.7s, curr speed    0.530 kHz, avg speed    0.442 kHz), accepted    10152/  110001 events ( 9.23%)
Processed   120000/  205425 entries, 58.42% (elapsed time   268.1s, curr speed    0.517 kHz, avg speed    0.448 kHz), accepted    11596/  120001 events ( 9.66%)
Processed   130000/  205425 entries, 63.28% (elapsed time   286.8s, curr speed    0.535 kHz, avg speed    0.453 kHz), accepted    12996/  130001 events (10.00%)
Processed   140000/  205425 entries, 68.15% (elapsed time   305.4s, curr speed    0.536 kHz, avg speed    0.458 kHz), accepted    14419/  140001 events (10.30%)
Processed   150000/  205425 entries, 73.02% (elapsed time   324.0s, curr speed    0.537 kHz, avg speed    0.463 kHz), accepted    15831/  150001 events (10.55%)
Processed   160000/  205425 entries, 77.89% (elapsed time   343.1s, curr speed    0.524 kHz, avg speed    0.466 kHz), accepted    17293/  160001 events (10.81%)
Processed   170000/  205425 entries, 82.76% (elapsed time   362.0s, curr speed    0.529 kHz, avg speed    0.470 kHz), accepted    18750/  170001 events (11.03%)
Processed   180000/  205425 entries, 87.62% (elapsed time   380.9s, curr speed    0.531 kHz, avg speed    0.473 kHz), accepted    20153/  180001 events (11.20%)
Processed   190000/  205425 entries, 92.49% (elapsed time   399.9s, curr speed    0.525 kHz, avg speed    0.475 kHz), accepted    21627/  190001 events (11.38%)
Processed   200000/  205425 entries, 97.36% (elapsed time   419.6s, curr speed    0.508 kHz, avg speed    0.477 kHz), accepted    23147/  200001 events (11.57%)
Processed 205425 preselected entries from root://cmsxrootd.fnal.gov//store/data/Run2018D/JetHT/NANOAOD/UL2018_MiniAODv2_NanoAODv9-v2/80000/BEF69E2B-DABA-9740-BA86-107F64D69652.root (1185408 entries). Finally selected 23996 entries
Total time 447.4 sec. to process 1185408 events. Rate = 2649.4 Hz.
Running pwd:
/storage/local/data1/condor/execute/dir_47230
Running ls -alrth:
total 168K
-rw-r--r--  1 shardulr fnalgrid  12K Jun 27 18:30 .machine.ad
-rw-r--r--  1 shardulr fnalgrid 5.0K Jun 27 18:30 .job.ad
-rwx------  1 shardulr fnalgrid   49 Jun 27 18:30 .chirp.config
-rw-------  1 shardulr fnalgrid  11K Jun 27 18:30 x509up
drwxr-xr-x  2 shardulr fnalgrid 4.0K Jun 27 18:30 samples
-rw-r--r--  1 shardulr fnalgrid  62K Jun 27 18:30 singleStopAnalyzer.py
-rw-r--r--  1 shardulr fnalgrid  951 Jun 27 18:30 bJetMatcher.py
-rwxr-xr-x  1 shardulr fnalgrid  698 Jun 27 18:30 condor_exec.exe
-rw-r--r--  1 shardulr fnalgrid    0 Jun 27 18:30 docker_stderror
drwxrwxrwt  3 shardulr fnalgrid 4.0K Jun 27 18:30 var
drwxrwxrwt  2 shardulr fnalgrid 4.0K Jun 27 18:30 tmp
drwxr-xr-x  3 root     root     4.0K Jun 27 18:30 ..
srwxr-xr-x  1 shardulr fnalgrid    0 Jun 27 18:30 .docker_sock
drwxr-xr-x 17 shardulr fnalgrid 4.0K Jun 27 18:30 CMSSW_10_6_19_patch2
drwxr-xr-x  2 shardulr fnalgrid 4.0K Jun 27 18:30 framework
-rw-r--r--  1 shardulr fnalgrid 1.7K Jun 27 18:30 bJetMatcher.pyc
drwxr-xr-x  3 shardulr fnalgrid 4.0K Jun 27 18:30 output
-rw-r--r--  1 shardulr fnalgrid  215 Jun 27 18:30 _condor_stderr
-rw-r--r--  1 shardulr fnalgrid  12K Jun 27 18:36 .update.ad
drwx------  8 shardulr fnalgrid 4.0K Jun 27 18:36 .
-rw-r--r--  1 shardulr fnalgrid 5.4K Jun 27 18:37 _condor_stdout
