[FERMIHTC-APPTAINER]: INFO -- No Apptainer image specified
[FERMIHTC-APPTAINER]: INFO -- Running job on the host machine

[FERMIHTC-APPTAINER]: INFO -- Running ./condor_exec.exe
Starting job on  Tue Jun 27 18:25:12 UTC 2023
Running on: Linux shardulr-2169568-127-cmswn2119.fnal.gov 3.10.0-1160.90.1.el7.x86_64 #1 SMP Thu Apr 27 13:14:20 CDT 2023 x86_64 x86_64 x86_64 GNU/Linux
System software: Scientific Linux release 7.9 (Nitrogen)
Running ls -alrth:
total 160K
-rw-r--r--  1 shardulr fnalgrid 5.0K Jun 27 18:25 .job.ad
-rw-r--r--  1 shardulr fnalgrid  13K Jun 27 18:25 .machine.ad
-rwx------  1 shardulr fnalgrid   49 Jun 27 18:25 .chirp.config
-rw-------  1 shardulr fnalgrid  11K Jun 27 18:25 x509up
drwxr-xr-x  2 shardulr fnalgrid 4.0K Jun 27 18:25 samples
-rw-r--r--  1 shardulr fnalgrid  62K Jun 27 18:25 singleStopAnalyzer.py
drwxr-xr-x  2 shardulr fnalgrid 4.0K Jun 27 18:25 framework
-rw-r--r--  1 shardulr fnalgrid  951 Jun 27 18:25 bJetMatcher.py
-rwxr-xr-x  1 shardulr fnalgrid  698 Jun 27 18:25 condor_exec.exe
-rw-r--r--  1 shardulr fnalgrid    0 Jun 27 18:25 docker_stderror
drwxrwxrwt  3 shardulr fnalgrid 4.0K Jun 27 18:25 var
drwxrwxrwt  2 shardulr fnalgrid 4.0K Jun 27 18:25 tmp
-rw-r--r--  1 shardulr fnalgrid  12K Jun 27 18:25 .update.ad
drwxr-xr-x  3 root     root     4.0K Jun 27 18:25 ..
srwxr-xr-x  1 shardulr fnalgrid    0 Jun 27 18:25 .docker_sock
-rw-r--r--  1 shardulr fnalgrid  113 Jun 27 18:25 _condor_stderr
drwx------  7 shardulr fnalgrid 4.0K Jun 27 18:25 .
drwxr-xr-x 17 shardulr fnalgrid 4.0K Jun 27 18:25 CMSSW_10_6_19_patch2
-rw-r--r--  1 shardulr fnalgrid  453 Jun 27 18:25 _condor_stdout
/storage/local/data1/condor/execute/dir_49897/CMSSW_10_6_19_patch2 is the CMSSW we created on the local worker node
Running over Data2018 files
Blinding data, only using CR cuts (0 loose b's)
Using UL 2018 campaign working points
Pre-select 209460 entries out of 1648548 (12.71%)
Processed    10000/  209460 entries,  4.77% (elapsed time    28.5s, curr speed    0.351 kHz, avg speed    0.351 kHz), accepted     1473/   10001 events (14.73%)
Processed    20000/  209460 entries,  9.55% (elapsed time    55.1s, curr speed    0.376 kHz, avg speed    0.363 kHz), accepted     2869/   20001 events (14.34%)
Processed    30000/  209460 entries, 14.32% (elapsed time    82.4s, curr speed    0.367 kHz, avg speed    0.364 kHz), accepted     4334/   30001 events (14.45%)
Processed    40000/  209460 entries, 19.10% (elapsed time   108.3s, curr speed    0.386 kHz, avg speed    0.369 kHz), accepted     5419/   40001 events (13.55%)
Processed    50000/  209460 entries, 23.87% (elapsed time   134.9s, curr speed    0.376 kHz, avg speed    0.371 kHz), accepted     6595/   50001 events (13.19%)
Processed    60000/  209460 entries, 28.65% (elapsed time   162.0s, curr speed    0.369 kHz, avg speed    0.370 kHz), accepted     7731/   60001 events (12.88%)
Processed    70000/  209460 entries, 33.42% (elapsed time   189.2s, curr speed    0.368 kHz, avg speed    0.370 kHz), accepted     8867/   70001 events (12.67%)
Processed    80000/  209460 entries, 38.19% (elapsed time   215.7s, curr speed    0.378 kHz, avg speed    0.371 kHz), accepted     9994/   80001 events (12.49%)
Processed    90000/  209460 entries, 42.97% (elapsed time   243.0s, curr speed    0.366 kHz, avg speed    0.370 kHz), accepted    11225/   90001 events (12.47%)
Processed   100000/  209460 entries, 47.74% (elapsed time   270.0s, curr speed    0.370 kHz, avg speed    0.370 kHz), accepted    12625/  100001 events (12.62%)
Processed   110000/  209460 entries, 52.52% (elapsed time   296.4s, curr speed    0.378 kHz, avg speed    0.371 kHz), accepted    14015/  110001 events (12.74%)
Processed   120000/  209460 entries, 57.29% (elapsed time   323.4s, curr speed    0.371 kHz, avg speed    0.371 kHz), accepted    15492/  120001 events (12.91%)
Processed   130000/  209460 entries, 62.06% (elapsed time   350.7s, curr speed    0.367 kHz, avg speed    0.371 kHz), accepted    16980/  130001 events (13.06%)
Processed   140000/  209460 entries, 66.84% (elapsed time   376.4s, curr speed    0.389 kHz, avg speed    0.372 kHz), accepted    18321/  140001 events (13.09%)
Processed   150000/  209460 entries, 71.61% (elapsed time   401.8s, curr speed    0.393 kHz, avg speed    0.373 kHz), accepted    19466/  150001 events (12.98%)
Processed   160000/  209460 entries, 76.39% (elapsed time   429.0s, curr speed    0.368 kHz, avg speed    0.373 kHz), accepted    20621/  160001 events (12.89%)
Processed   170000/  209460 entries, 81.16% (elapsed time   454.1s, curr speed    0.398 kHz, avg speed    0.374 kHz), accepted    21856/  170001 events (12.86%)
Processed   180000/  209460 entries, 85.94% (elapsed time   480.4s, curr speed    0.380 kHz, avg speed    0.375 kHz), accepted    23259/  180001 events (12.92%)
Processed   190000/  209460 entries, 90.71% (elapsed time   507.2s, curr speed    0.374 kHz, avg speed    0.375 kHz), accepted    24709/  190001 events (13.00%)
Processed   200000/  209460 entries, 95.48% (elapsed time   533.7s, curr speed    0.377 kHz, avg speed    0.375 kHz), accepted    26157/  200001 events (13.08%)
Processed 209460 preselected entries from root://cmsxrootd.fnal.gov//store/data/Run2018A/JetHT/NANOAOD/UL2018_MiniAODv2_NanoAODv9-v2/250000/E6DE0B06-C31A-ED45-8905-8090D2238559.root (1648548 entries). Finally selected 27635 entries
Total time 576.0 sec. to process 1648548 events. Rate = 2862.3 Hz.
Running pwd:
/storage/local/data1/condor/execute/dir_49897
Running ls -alrth:
total 176K
-rw-r--r--  1 shardulr fnalgrid 5.0K Jun 27 18:25 .job.ad
-rw-r--r--  1 shardulr fnalgrid  13K Jun 27 18:25 .machine.ad
-rwx------  1 shardulr fnalgrid   49 Jun 27 18:25 .chirp.config
-rw-------  1 shardulr fnalgrid  11K Jun 27 18:25 x509up
drwxr-xr-x  2 shardulr fnalgrid 4.0K Jun 27 18:25 samples
-rw-r--r--  1 shardulr fnalgrid  62K Jun 27 18:25 singleStopAnalyzer.py
-rw-r--r--  1 shardulr fnalgrid  951 Jun 27 18:25 bJetMatcher.py
-rwxr-xr-x  1 shardulr fnalgrid  698 Jun 27 18:25 condor_exec.exe
-rw-r--r--  1 shardulr fnalgrid    0 Jun 27 18:25 docker_stderror
drwxrwxrwt  3 shardulr fnalgrid 4.0K Jun 27 18:25 var
drwxrwxrwt  2 shardulr fnalgrid 4.0K Jun 27 18:25 tmp
drwxr-xr-x  3 root     root     4.0K Jun 27 18:25 ..
srwxr-xr-x  1 shardulr fnalgrid    0 Jun 27 18:25 .docker_sock
drwxr-xr-x 17 shardulr fnalgrid 4.0K Jun 27 18:25 CMSSW_10_6_19_patch2
drwxr-xr-x  2 shardulr fnalgrid 4.0K Jun 27 18:25 framework
-rw-r--r--  1 shardulr fnalgrid 1.7K Jun 27 18:25 bJetMatcher.pyc
drwxr-xr-x  3 shardulr fnalgrid 4.0K Jun 27 18:25 output
-rw-r--r--  1 shardulr fnalgrid  215 Jun 27 18:25 _condor_stderr
-rw-r--r--  1 shardulr fnalgrid  13K Jun 27 18:30 .update.ad
drwx------  8 shardulr fnalgrid 4.0K Jun 27 18:30 .
-rw-r--r--  1 shardulr fnalgrid 5.4K Jun 27 18:34 _condor_stdout
