[FERMIHTC-APPTAINER]: INFO -- No Apptainer image specified
[FERMIHTC-APPTAINER]: INFO -- Running job on the host machine

[FERMIHTC-APPTAINER]: INFO -- Running ./condor_exec.exe
Starting job on  Tue Jun 27 18:29:24 UTC 2023
Running on: Linux shardulr-2169568-204-cmswn2073.fnal.gov 3.10.0-1160.90.1.el7.x86_64 #1 SMP Thu Apr 27 13:14:20 CDT 2023 x86_64 x86_64 x86_64 GNU/Linux
System software: Scientific Linux release 7.9 (Nitrogen)
Running ls -alrth:
total 164K
-rw-r--r--  1 shardulr fnalgrid 5.0K Jun 27 18:29 .job.ad
-rw-r--r--  1 shardulr fnalgrid  13K Jun 27 18:29 .machine.ad
-rwx------  1 shardulr fnalgrid   49 Jun 27 18:29 .chirp.config
-rw-------  1 shardulr fnalgrid  11K Jun 27 18:29 x509up
drwxr-xr-x  2 shardulr fnalgrid 4.0K Jun 27 18:29 samples
-rw-r--r--  1 shardulr fnalgrid  62K Jun 27 18:29 singleStopAnalyzer.py
drwxr-xr-x  2 shardulr fnalgrid 4.0K Jun 27 18:29 framework
-rwxr-xr-x  1 shardulr fnalgrid  698 Jun 27 18:29 condor_exec.exe
-rw-r--r--  1 shardulr fnalgrid  951 Jun 27 18:29 bJetMatcher.py
-rw-r--r--  1 shardulr fnalgrid    0 Jun 27 18:29 docker_stderror
drwxrwxrwt  3 shardulr fnalgrid 4.0K Jun 27 18:29 var
drwxrwxrwt  2 shardulr fnalgrid 4.0K Jun 27 18:29 tmp
-rw-r--r--  1 shardulr fnalgrid  13K Jun 27 18:29 .update.ad
drwxr-xr-x  3 root     root     4.0K Jun 27 18:29 ..
srwxr-xr-x  1 shardulr fnalgrid    0 Jun 27 18:29 .docker_sock
-rw-r--r--  1 shardulr fnalgrid  113 Jun 27 18:29 _condor_stderr
drwx------  7 shardulr fnalgrid 4.0K Jun 27 18:29 .
drwxr-xr-x 17 shardulr fnalgrid 4.0K Jun 27 18:29 CMSSW_10_6_19_patch2
-rw-r--r--  1 shardulr fnalgrid  453 Jun 27 18:29 _condor_stdout
/storage/local/data1/condor/execute/dir_13342/CMSSW_10_6_19_patch2 is the CMSSW we created on the local worker node
Running over Data2018 files
Blinding data, only using CR cuts (0 loose b's)
Using UL 2018 campaign working points
Pre-select 339344 entries out of 2271957 (14.94%)
Processed    10000/  339344 entries,  2.95% (elapsed time    26.8s, curr speed    0.373 kHz, avg speed    0.373 kHz), accepted     1499/   10001 events (14.99%)
Processed    20000/  339344 entries,  5.89% (elapsed time    52.8s, curr speed    0.385 kHz, avg speed    0.379 kHz), accepted     2923/   20001 events (14.61%)
Processed    30000/  339344 entries,  8.84% (elapsed time    79.4s, curr speed    0.375 kHz, avg speed    0.378 kHz), accepted     4412/   30001 events (14.71%)
Processed    40000/  339344 entries, 11.79% (elapsed time   105.8s, curr speed    0.378 kHz, avg speed    0.378 kHz), accepted     5908/   40001 events (14.77%)
Processed    50000/  339344 entries, 14.73% (elapsed time   132.8s, curr speed    0.371 kHz, avg speed    0.376 kHz), accepted     7435/   50001 events (14.87%)
Processed    60000/  339344 entries, 17.68% (elapsed time   160.0s, curr speed    0.368 kHz, avg speed    0.375 kHz), accepted     8981/   60001 events (14.97%)
Processed    70000/  339344 entries, 20.63% (elapsed time   187.3s, curr speed    0.366 kHz, avg speed    0.374 kHz), accepted    10572/   70001 events (15.10%)
Processed    80000/  339344 entries, 23.57% (elapsed time   213.8s, curr speed    0.377 kHz, avg speed    0.374 kHz), accepted    12086/   80001 events (15.11%)
Processed    90000/  339344 entries, 26.52% (elapsed time   240.7s, curr speed    0.372 kHz, avg speed    0.374 kHz), accepted    13620/   90001 events (15.13%)
Processed   100000/  339344 entries, 29.47% (elapsed time   266.8s, curr speed    0.382 kHz, avg speed    0.375 kHz), accepted    15103/  100001 events (15.10%)
Processed   110000/  339344 entries, 32.42% (elapsed time   293.5s, curr speed    0.375 kHz, avg speed    0.375 kHz), accepted    16609/  110001 events (15.10%)
Processed   120000/  339344 entries, 35.36% (elapsed time   320.1s, curr speed    0.376 kHz, avg speed    0.375 kHz), accepted    18081/  120001 events (15.07%)
Processed   130000/  339344 entries, 38.31% (elapsed time   346.6s, curr speed    0.376 kHz, avg speed    0.375 kHz), accepted    19607/  130001 events (15.08%)
Processed   140000/  339344 entries, 41.26% (elapsed time   373.8s, curr speed    0.368 kHz, avg speed    0.374 kHz), accepted    21108/  140001 events (15.08%)
Processed   150000/  339344 entries, 44.20% (elapsed time   400.1s, curr speed    0.381 kHz, avg speed    0.375 kHz), accepted    22551/  150001 events (15.03%)
Processed   160000/  339344 entries, 47.15% (elapsed time   427.1s, curr speed    0.370 kHz, avg speed    0.375 kHz), accepted    24052/  160001 events (15.03%)
Processed   170000/  339344 entries, 50.10% (elapsed time   454.7s, curr speed    0.362 kHz, avg speed    0.374 kHz), accepted    25617/  170001 events (15.07%)
Processed   180000/  339344 entries, 53.04% (elapsed time   481.8s, curr speed    0.369 kHz, avg speed    0.374 kHz), accepted    27183/  180001 events (15.10%)
Processed   190000/  339344 entries, 55.99% (elapsed time   509.7s, curr speed    0.358 kHz, avg speed    0.373 kHz), accepted    28802/  190001 events (15.16%)
Processed   200000/  339344 entries, 58.94% (elapsed time   537.1s, curr speed    0.365 kHz, avg speed    0.372 kHz), accepted    30342/  200001 events (15.17%)
Processed   210000/  339344 entries, 61.88% (elapsed time   563.9s, curr speed    0.373 kHz, avg speed    0.372 kHz), accepted    31863/  210001 events (15.17%)
Processed   220000/  339344 entries, 64.83% (elapsed time   589.6s, curr speed    0.389 kHz, avg speed    0.373 kHz), accepted    33169/  220001 events (15.08%)
Processed   230000/  339344 entries, 67.78% (elapsed time   615.4s, curr speed    0.387 kHz, avg speed    0.374 kHz), accepted    34361/  230001 events (14.94%)
Processed   240000/  339344 entries, 70.72% (elapsed time   640.6s, curr speed    0.398 kHz, avg speed    0.375 kHz), accepted    35578/  240001 events (14.82%)
Processed   250000/  339344 entries, 73.67% (elapsed time   665.2s, curr speed    0.406 kHz, avg speed    0.376 kHz), accepted    36770/  250001 events (14.71%)
Processed   260000/  339344 entries, 76.62% (elapsed time   688.5s, curr speed    0.429 kHz, avg speed    0.378 kHz), accepted    37604/  260001 events (14.46%)
Processed   270000/  339344 entries, 79.57% (elapsed time   713.1s, curr speed    0.407 kHz, avg speed    0.379 kHz), accepted    38602/  270001 events (14.30%)
Processed   280000/  339344 entries, 82.51% (elapsed time   737.4s, curr speed    0.411 kHz, avg speed    0.380 kHz), accepted    39638/  280001 events (14.16%)
Processed   290000/  339344 entries, 85.46% (elapsed time   761.5s, curr speed    0.414 kHz, avg speed    0.381 kHz), accepted    40687/  290001 events (14.03%)
Processed   300000/  339344 entries, 88.41% (elapsed time   786.0s, curr speed    0.409 kHz, avg speed    0.382 kHz), accepted    41870/  300001 events (13.96%)
Processed   310000/  339344 entries, 91.35% (elapsed time   810.7s, curr speed    0.405 kHz, avg speed    0.382 kHz), accepted    43064/  310001 events (13.89%)
Processed   320000/  339344 entries, 94.30% (elapsed time   836.1s, curr speed    0.394 kHz, avg speed    0.383 kHz), accepted    44383/  320001 events (13.87%)
Processed   330000/  339344 entries, 97.25% (elapsed time   862.3s, curr speed    0.382 kHz, avg speed    0.383 kHz), accepted    45781/  330001 events (13.87%)
Processed 339344 preselected entries from root://cmsxrootd.fnal.gov//store/data/Run2018C/JetHT/NANOAOD/UL2018_MiniAODv2_NanoAODv9-v1/130000/B6232B98-22F2-4245-90AE-DED20D2A4E8B.root (2271957 entries). Finally selected 47080 entries
Total time 902.1 sec. to process 2271957 events. Rate = 2518.5 Hz.
Running pwd:
/storage/local/data1/condor/execute/dir_13342
Running ls -alrth:
total 176K
-rw-r--r--  1 shardulr fnalgrid 5.0K Jun 27 18:29 .job.ad
-rw-r--r--  1 shardulr fnalgrid  13K Jun 27 18:29 .machine.ad
-rwx------  1 shardulr fnalgrid   49 Jun 27 18:29 .chirp.config
-rw-------  1 shardulr fnalgrid  11K Jun 27 18:29 x509up
drwxr-xr-x  2 shardulr fnalgrid 4.0K Jun 27 18:29 samples
-rw-r--r--  1 shardulr fnalgrid  62K Jun 27 18:29 singleStopAnalyzer.py
-rwxr-xr-x  1 shardulr fnalgrid  698 Jun 27 18:29 condor_exec.exe
-rw-r--r--  1 shardulr fnalgrid  951 Jun 27 18:29 bJetMatcher.py
-rw-r--r--  1 shardulr fnalgrid    0 Jun 27 18:29 docker_stderror
drwxrwxrwt  3 shardulr fnalgrid 4.0K Jun 27 18:29 var
drwxrwxrwt  2 shardulr fnalgrid 4.0K Jun 27 18:29 tmp
drwxr-xr-x  3 root     root     4.0K Jun 27 18:29 ..
srwxr-xr-x  1 shardulr fnalgrid    0 Jun 27 18:29 .docker_sock
drwxr-xr-x 17 shardulr fnalgrid 4.0K Jun 27 18:29 CMSSW_10_6_19_patch2
drwxr-xr-x  2 shardulr fnalgrid 4.0K Jun 27 18:29 framework
-rw-r--r--  1 shardulr fnalgrid 1.7K Jun 27 18:29 bJetMatcher.pyc
drwxr-xr-x  3 shardulr fnalgrid 4.0K Jun 27 18:29 output
-rw-r--r--  1 shardulr fnalgrid  215 Jun 27 18:29 _condor_stderr
-rw-r--r--  1 shardulr fnalgrid  13K Jun 27 18:43 .update.ad
drwx------  8 shardulr fnalgrid 4.0K Jun 27 18:43 .
-rw-r--r--  1 shardulr fnalgrid 7.5K Jun 27 18:44 _condor_stdout
