[FERMIHTC-APPTAINER]: INFO -- No Apptainer image specified
[FERMIHTC-APPTAINER]: INFO -- Running job on the host machine

[FERMIHTC-APPTAINER]: INFO -- Running ./condor_exec.exe
Starting job on  Tue Jun 27 18:24:05 UTC 2023
Running on: Linux shardulr-2169568-111-cmswn2119.fnal.gov 3.10.0-1160.90.1.el7.x86_64 #1 SMP Thu Apr 27 13:14:20 CDT 2023 x86_64 x86_64 x86_64 GNU/Linux
System software: Scientific Linux release 7.9 (Nitrogen)
Running ls -alrth:
total 160K
-rw-r--r--  1 shardulr fnalgrid 5.0K Jun 27 18:24 .job.ad
-rw-r--r--  1 shardulr fnalgrid  13K Jun 27 18:24 .machine.ad
-rwx------  1 shardulr fnalgrid   49 Jun 27 18:24 .chirp.config
-rw-------  1 shardulr fnalgrid  11K Jun 27 18:24 x509up
drwxr-xr-x  2 shardulr fnalgrid 4.0K Jun 27 18:24 samples
drwxr-xr-x  2 shardulr fnalgrid 4.0K Jun 27 18:24 framework
-rw-r--r--  1 shardulr fnalgrid  62K Jun 27 18:24 singleStopAnalyzer.py
-rw-r--r--  1 shardulr fnalgrid  951 Jun 27 18:24 bJetMatcher.py
-rwxr-xr-x  1 shardulr fnalgrid  698 Jun 27 18:24 condor_exec.exe
-rw-r--r--  1 shardulr fnalgrid    0 Jun 27 18:24 docker_stderror
drwxrwxrwt  2 shardulr fnalgrid 4.0K Jun 27 18:24 tmp
drwxrwxrwt  3 shardulr fnalgrid 4.0K Jun 27 18:24 var
-rw-r--r--  1 shardulr fnalgrid  12K Jun 27 18:24 .update.ad
drwxr-xr-x  3 root     root     4.0K Jun 27 18:24 ..
srwxr-xr-x  1 shardulr fnalgrid    0 Jun 27 18:24 .docker_sock
-rw-r--r--  1 shardulr fnalgrid  113 Jun 27 18:24 _condor_stderr
drwx------  7 shardulr fnalgrid 4.0K Jun 27 18:24 .
drwxr-xr-x 17 shardulr fnalgrid 4.0K Jun 27 18:24 CMSSW_10_6_19_patch2
-rw-r--r--  1 shardulr fnalgrid  453 Jun 27 18:24 _condor_stdout
/storage/local/data1/condor/execute/dir_49372/CMSSW_10_6_19_patch2 is the CMSSW we created on the local worker node
Running over Data2018 files
Blinding data, only using CR cuts (0 loose b's)
Using UL 2018 campaign working points
Pre-select 168900 entries out of 1324710 (12.75%)
Processed    10000/  168900 entries,  5.92% (elapsed time    27.6s, curr speed    0.362 kHz, avg speed    0.362 kHz), accepted     1277/   10001 events (12.77%)
Processed    20000/  168900 entries, 11.84% (elapsed time    53.8s, curr speed    0.381 kHz, avg speed    0.371 kHz), accepted     2629/   20001 events (13.14%)
Processed    30000/  168900 entries, 17.76% (elapsed time    80.4s, curr speed    0.377 kHz, avg speed    0.373 kHz), accepted     3966/   30001 events (13.22%)
Processed    40000/  168900 entries, 23.68% (elapsed time   107.6s, curr speed    0.367 kHz, avg speed    0.372 kHz), accepted     5512/   40001 events (13.78%)
Processed    50000/  168900 entries, 29.60% (elapsed time   134.3s, curr speed    0.374 kHz, avg speed    0.372 kHz), accepted     7041/   50001 events (14.08%)
Processed    60000/  168900 entries, 35.52% (elapsed time   161.0s, curr speed    0.376 kHz, avg speed    0.373 kHz), accepted     8512/   60001 events (14.19%)
Processed    70000/  168900 entries, 41.44% (elapsed time   186.9s, curr speed    0.385 kHz, avg speed    0.374 kHz), accepted     9975/   70001 events (14.25%)
Processed    80000/  168900 entries, 47.37% (elapsed time   212.4s, curr speed    0.393 kHz, avg speed    0.377 kHz), accepted    11382/   80001 events (14.23%)
Processed    90000/  168900 entries, 53.29% (elapsed time   239.6s, curr speed    0.369 kHz, avg speed    0.376 kHz), accepted    12871/   90001 events (14.30%)
Processed   100000/  168900 entries, 59.21% (elapsed time   265.4s, curr speed    0.388 kHz, avg speed    0.377 kHz), accepted    14210/  100001 events (14.21%)
Processed   110000/  168900 entries, 65.13% (elapsed time   290.8s, curr speed    0.392 kHz, avg speed    0.378 kHz), accepted    15476/  110001 events (14.07%)
Processed   120000/  168900 entries, 71.05% (elapsed time   316.6s, curr speed    0.388 kHz, avg speed    0.379 kHz), accepted    16781/  120001 events (13.98%)
Processed   130000/  168900 entries, 76.97% (elapsed time   342.2s, curr speed    0.391 kHz, avg speed    0.380 kHz), accepted    18136/  130001 events (13.95%)
Processed   140000/  168900 entries, 82.89% (elapsed time   368.8s, curr speed    0.376 kHz, avg speed    0.380 kHz), accepted    19699/  140001 events (14.07%)
Processed   150000/  168900 entries, 88.81% (elapsed time   395.5s, curr speed    0.375 kHz, avg speed    0.379 kHz), accepted    21217/  150001 events (14.14%)
Processed   160000/  168900 entries, 94.73% (elapsed time   421.3s, curr speed    0.387 kHz, avg speed    0.380 kHz), accepted    22704/  160001 events (14.19%)
Processed 168900 preselected entries from root://cmsxrootd.fnal.gov//store/data/Run2018A/JetHT/NANOAOD/UL2018_MiniAODv2_NanoAODv9-v2/250000/46ACC178-4724-8448-AFBF-E60E79C722E6.root (1324710 entries). Finally selected 24022 entries
Total time 459.9 sec. to process 1324710 events. Rate = 2880.2 Hz.
Running pwd:
/storage/local/data1/condor/execute/dir_49372
Running ls -alrth:
total 176K
-rw-r--r--  1 shardulr fnalgrid 5.0K Jun 27 18:24 .job.ad
-rw-r--r--  1 shardulr fnalgrid  13K Jun 27 18:24 .machine.ad
-rwx------  1 shardulr fnalgrid   49 Jun 27 18:24 .chirp.config
-rw-------  1 shardulr fnalgrid  11K Jun 27 18:24 x509up
drwxr-xr-x  2 shardulr fnalgrid 4.0K Jun 27 18:24 samples
-rw-r--r--  1 shardulr fnalgrid  62K Jun 27 18:24 singleStopAnalyzer.py
-rw-r--r--  1 shardulr fnalgrid  951 Jun 27 18:24 bJetMatcher.py
-rwxr-xr-x  1 shardulr fnalgrid  698 Jun 27 18:24 condor_exec.exe
-rw-r--r--  1 shardulr fnalgrid    0 Jun 27 18:24 docker_stderror
drwxrwxrwt  2 shardulr fnalgrid 4.0K Jun 27 18:24 tmp
drwxrwxrwt  3 shardulr fnalgrid 4.0K Jun 27 18:24 var
drwxr-xr-x  3 root     root     4.0K Jun 27 18:24 ..
srwxr-xr-x  1 shardulr fnalgrid    0 Jun 27 18:24 .docker_sock
drwxr-xr-x 17 shardulr fnalgrid 4.0K Jun 27 18:24 CMSSW_10_6_19_patch2
drwxr-xr-x  2 shardulr fnalgrid 4.0K Jun 27 18:24 framework
-rw-r--r--  1 shardulr fnalgrid 1.7K Jun 27 18:24 bJetMatcher.pyc
drwxr-xr-x  3 shardulr fnalgrid 4.0K Jun 27 18:24 output
-rw-r--r--  1 shardulr fnalgrid  215 Jun 27 18:24 _condor_stderr
-rw-r--r--  1 shardulr fnalgrid  13K Jun 27 18:30 .update.ad
drwx------  8 shardulr fnalgrid 4.0K Jun 27 18:30 .
-rw-r--r--  1 shardulr fnalgrid 4.8K Jun 27 18:31 _condor_stdout
