[FERMIHTC-APPTAINER]: INFO -- No Apptainer image specified
[FERMIHTC-APPTAINER]: INFO -- Running job on the host machine

[FERMIHTC-APPTAINER]: INFO -- Running ./condor_exec.exe
Starting job on  Tue Jun 27 18:18:32 UTC 2023
Running on: Linux shardulr-2169568-40-cmswn2048.fnal.gov 3.10.0-1160.90.1.el7.x86_64 #1 SMP Thu Apr 27 13:14:20 CDT 2023 x86_64 x86_64 x86_64 GNU/Linux
System software: Scientific Linux release 7.9 (Nitrogen)
Running ls -alrth:
total 156K
-rw-r--r--  1 shardulr fnalgrid 5.0K Jun 27 18:18 .job.ad
-rw-r--r--  1 shardulr fnalgrid  12K Jun 27 18:18 .machine.ad
-rwx------  1 shardulr fnalgrid   49 Jun 27 18:18 .chirp.config
-rw-------  1 shardulr fnalgrid  11K Jun 27 18:18 x509up
drwxr-xr-x  2 shardulr fnalgrid 4.0K Jun 27 18:18 samples
drwxr-xr-x  2 shardulr fnalgrid 4.0K Jun 27 18:18 framework
-rw-r--r--  1 shardulr fnalgrid  62K Jun 27 18:18 singleStopAnalyzer.py
-rwxr-xr-x  1 shardulr fnalgrid  697 Jun 27 18:18 condor_exec.exe
-rw-r--r--  1 shardulr fnalgrid  951 Jun 27 18:18 bJetMatcher.py
-rw-r--r--  1 shardulr fnalgrid    0 Jun 27 18:18 docker_stderror
drwxrwxrwt  3 shardulr fnalgrid 4.0K Jun 27 18:18 var
drwxrwxrwt  2 shardulr fnalgrid 4.0K Jun 27 18:18 tmp
drwxr-xr-x  3 root     root     4.0K Jun 27 18:18 ..
srwxr-xr-x  1 shardulr fnalgrid    0 Jun 27 18:18 .docker_sock
-rw-r--r--  1 shardulr fnalgrid  12K Jun 27 18:18 .update.ad
-rw-r--r--  1 shardulr fnalgrid  113 Jun 27 18:18 _condor_stderr
drwx------  7 shardulr fnalgrid 4.0K Jun 27 18:18 .
drwxr-xr-x 17 shardulr fnalgrid 4.0K Jun 27 18:18 CMSSW_10_6_19_patch2
-rw-r--r--  1 shardulr fnalgrid  452 Jun 27 18:18 _condor_stdout
/storage/local/data1/condor/execute/dir_29926/CMSSW_10_6_19_patch2 is the CMSSW we created on the local worker node
Running over Data2018 files
Blinding data, only using CR cuts (0 loose b's)
Using UL 2018 campaign working points
Pre-select 175732 entries out of 1224163 (14.36%)
Processed    10000/  175732 entries,  5.69% (elapsed time    26.0s, curr speed    0.385 kHz, avg speed    0.385 kHz), accepted     1382/   10001 events (13.82%)
Processed    20000/  175732 entries, 11.38% (elapsed time    50.8s, curr speed    0.403 kHz, avg speed    0.394 kHz), accepted     2661/   20001 events (13.30%)
Processed    30000/  175732 entries, 17.07% (elapsed time    75.9s, curr speed    0.399 kHz, avg speed    0.395 kHz), accepted     3975/   30001 events (13.25%)
Processed    40000/  175732 entries, 22.76% (elapsed time   102.1s, curr speed    0.381 kHz, avg speed    0.392 kHz), accepted     5502/   40001 events (13.75%)
Processed    50000/  175732 entries, 28.45% (elapsed time   127.6s, curr speed    0.391 kHz, avg speed    0.392 kHz), accepted     6952/   50001 events (13.90%)
Processed    60000/  175732 entries, 34.14% (elapsed time   153.2s, curr speed    0.391 kHz, avg speed    0.392 kHz), accepted     8484/   60001 events (14.14%)
Processed    70000/  175732 entries, 39.83% (elapsed time   179.1s, curr speed    0.387 kHz, avg speed    0.391 kHz), accepted    10005/   70001 events (14.29%)
Processed    80000/  175732 entries, 45.52% (elapsed time   205.6s, curr speed    0.377 kHz, avg speed    0.389 kHz), accepted    11687/   80001 events (14.61%)
Processed    90000/  175732 entries, 51.21% (elapsed time   229.6s, curr speed    0.417 kHz, avg speed    0.392 kHz), accepted    12954/   90001 events (14.39%)
Processed   100000/  175732 entries, 56.90% (elapsed time   254.8s, curr speed    0.396 kHz, avg speed    0.392 kHz), accepted    14418/  100001 events (14.42%)
Processed   110000/  175732 entries, 62.60% (elapsed time   280.3s, curr speed    0.391 kHz, avg speed    0.392 kHz), accepted    15954/  110001 events (14.50%)
Processed   120000/  175732 entries, 68.29% (elapsed time   302.6s, curr speed    0.449 kHz, avg speed    0.397 kHz), accepted    17000/  120001 events (14.17%)
Processed   130000/  175732 entries, 73.98% (elapsed time   326.6s, curr speed    0.417 kHz, avg speed    0.398 kHz), accepted    18293/  130001 events (14.07%)
Processed   140000/  175732 entries, 79.67% (elapsed time   352.4s, curr speed    0.387 kHz, avg speed    0.397 kHz), accepted    19862/  140001 events (14.19%)
Processed   150000/  175732 entries, 85.36% (elapsed time   377.7s, curr speed    0.395 kHz, avg speed    0.397 kHz), accepted    21358/  150001 events (14.24%)
Processed   160000/  175732 entries, 91.05% (elapsed time   404.2s, curr speed    0.377 kHz, avg speed    0.396 kHz), accepted    22939/  160001 events (14.34%)
Processed   170000/  175732 entries, 96.74% (elapsed time   426.3s, curr speed    0.453 kHz, avg speed    0.399 kHz), accepted    23974/  170001 events (14.10%)
Processed 175732 preselected entries from root://cmsxrootd.fnal.gov//store/data/Run2018A/JetHT/NANOAOD/UL2018_MiniAODv2_NanoAODv9-v2/250000/A9186884-315C-F542-9639-66BBBDE8906F.root (1224163 entries). Finally selected 24680 entries
Total time 447.4 sec. to process 1224163 events. Rate = 2736.2 Hz.
Running pwd:
/storage/local/data1/condor/execute/dir_29926
Running ls -alrth:
total 168K
-rw-r--r--  1 shardulr fnalgrid 5.0K Jun 27 18:18 .job.ad
-rw-r--r--  1 shardulr fnalgrid  12K Jun 27 18:18 .machine.ad
-rwx------  1 shardulr fnalgrid   49 Jun 27 18:18 .chirp.config
-rw-------  1 shardulr fnalgrid  11K Jun 27 18:18 x509up
drwxr-xr-x  2 shardulr fnalgrid 4.0K Jun 27 18:18 samples
-rw-r--r--  1 shardulr fnalgrid  62K Jun 27 18:18 singleStopAnalyzer.py
-rwxr-xr-x  1 shardulr fnalgrid  697 Jun 27 18:18 condor_exec.exe
-rw-r--r--  1 shardulr fnalgrid  951 Jun 27 18:18 bJetMatcher.py
-rw-r--r--  1 shardulr fnalgrid    0 Jun 27 18:18 docker_stderror
drwxrwxrwt  3 shardulr fnalgrid 4.0K Jun 27 18:18 var
drwxrwxrwt  2 shardulr fnalgrid 4.0K Jun 27 18:18 tmp
drwxr-xr-x  3 root     root     4.0K Jun 27 18:18 ..
srwxr-xr-x  1 shardulr fnalgrid    0 Jun 27 18:18 .docker_sock
drwxr-xr-x 17 shardulr fnalgrid 4.0K Jun 27 18:18 CMSSW_10_6_19_patch2
drwxr-xr-x  2 shardulr fnalgrid 4.0K Jun 27 18:18 framework
-rw-r--r--  1 shardulr fnalgrid 1.7K Jun 27 18:18 bJetMatcher.pyc
drwxr-xr-x  3 shardulr fnalgrid 4.0K Jun 27 18:18 output
-rw-r--r--  1 shardulr fnalgrid  215 Jun 27 18:18 _condor_stderr
-rw-r--r--  1 shardulr fnalgrid  12K Jun 27 18:23 .update.ad
drwx------  8 shardulr fnalgrid 4.0K Jun 27 18:23 .
-rw-r--r--  1 shardulr fnalgrid 5.0K Jun 27 18:26 _condor_stdout
