[FERMIHTC-APPTAINER]: INFO -- No Apptainer image specified
[FERMIHTC-APPTAINER]: INFO -- Running job on the host machine

[FERMIHTC-APPTAINER]: INFO -- Running ./condor_exec.exe
Starting job on  Tue Jun 27 18:30:14 UTC 2023
Running on: Linux shardulr-2169568-415-cmswn2073.fnal.gov 3.10.0-1160.90.1.el7.x86_64 #1 SMP Thu Apr 27 13:14:20 CDT 2023 x86_64 x86_64 x86_64 GNU/Linux
System software: Scientific Linux release 7.9 (Nitrogen)
Running ls -alrth:
total 164K
-rw-r--r--  1 shardulr fnalgrid 5.0K Jun 27 18:30 .job.ad
-rw-r--r--  1 shardulr fnalgrid  13K Jun 27 18:30 .machine.ad
-rwx------  1 shardulr fnalgrid   49 Jun 27 18:30 .chirp.config
-rw-------  1 shardulr fnalgrid  11K Jun 27 18:30 x509up
drwxr-xr-x  2 shardulr fnalgrid 4.0K Jun 27 18:30 samples
-rw-r--r--  1 shardulr fnalgrid  62K Jun 27 18:30 singleStopAnalyzer.py
drwxr-xr-x  2 shardulr fnalgrid 4.0K Jun 27 18:30 framework
-rwxr-xr-x  1 shardulr fnalgrid  698 Jun 27 18:30 condor_exec.exe
-rw-r--r--  1 shardulr fnalgrid  951 Jun 27 18:30 bJetMatcher.py
-rw-r--r--  1 shardulr fnalgrid    0 Jun 27 18:30 docker_stderror
drwxrwxrwt  3 shardulr fnalgrid 4.0K Jun 27 18:30 var
drwxrwxrwt  2 shardulr fnalgrid 4.0K Jun 27 18:30 tmp
-rw-r--r--  1 shardulr fnalgrid  13K Jun 27 18:30 .update.ad
drwxr-xr-x  3 root     root     4.0K Jun 27 18:30 ..
srwxr-xr-x  1 shardulr fnalgrid    0 Jun 27 18:30 .docker_sock
-rw-r--r--  1 shardulr fnalgrid  113 Jun 27 18:30 _condor_stderr
drwx------  7 shardulr fnalgrid 4.0K Jun 27 18:30 .
drwxr-xr-x 17 shardulr fnalgrid 4.0K Jun 27 18:30 CMSSW_10_6_19_patch2
-rw-r--r--  1 shardulr fnalgrid  453 Jun 27 18:30 _condor_stdout
/storage/local/data1/condor/execute/dir_16001/CMSSW_10_6_19_patch2 is the CMSSW we created on the local worker node
Running over Data2018 files
Blinding data, only using CR cuts (0 loose b's)
Using UL 2018 campaign working points
Pre-select 336412 entries out of 2263620 (14.86%)
Processed    10000/  336412 entries,  2.97% (elapsed time    24.0s, curr speed    0.417 kHz, avg speed    0.417 kHz), accepted     1480/   10001 events (14.80%)
Processed    20000/  336412 entries,  5.95% (elapsed time    48.0s, curr speed    0.416 kHz, avg speed    0.416 kHz), accepted     3018/   20001 events (15.09%)
Processed    30000/  336412 entries,  8.92% (elapsed time    72.4s, curr speed    0.410 kHz, avg speed    0.414 kHz), accepted     4561/   30001 events (15.20%)
Processed    40000/  336412 entries, 11.89% (elapsed time    96.7s, curr speed    0.411 kHz, avg speed    0.413 kHz), accepted     6112/   40001 events (15.28%)
Processed    50000/  336412 entries, 14.86% (elapsed time   120.0s, curr speed    0.430 kHz, avg speed    0.417 kHz), accepted     7512/   50001 events (15.02%)
Processed    60000/  336412 entries, 17.84% (elapsed time   142.0s, curr speed    0.454 kHz, avg speed    0.422 kHz), accepted     8735/   60001 events (14.56%)
Processed    70000/  336412 entries, 20.81% (elapsed time   164.3s, curr speed    0.448 kHz, avg speed    0.426 kHz), accepted     9995/   70001 events (14.28%)
Processed    80000/  336412 entries, 23.78% (elapsed time   186.6s, curr speed    0.450 kHz, avg speed    0.429 kHz), accepted    11281/   80001 events (14.10%)
Processed    90000/  336412 entries, 26.75% (elapsed time   208.4s, curr speed    0.458 kHz, avg speed    0.432 kHz), accepted    12514/   90001 events (13.90%)
Processed   100000/  336412 entries, 29.73% (elapsed time   230.8s, curr speed    0.446 kHz, avg speed    0.433 kHz), accepted    13818/  100001 events (13.82%)
Processed   110000/  336412 entries, 32.70% (elapsed time   253.0s, curr speed    0.451 kHz, avg speed    0.435 kHz), accepted    15095/  110001 events (13.72%)
Processed   120000/  336412 entries, 35.67% (elapsed time   274.5s, curr speed    0.466 kHz, avg speed    0.437 kHz), accepted    16274/  120001 events (13.56%)
Processed   130000/  336412 entries, 38.64% (elapsed time   297.2s, curr speed    0.439 kHz, avg speed    0.437 kHz), accepted    17606/  130001 events (13.54%)
Processed   140000/  336412 entries, 41.62% (elapsed time   319.9s, curr speed    0.441 kHz, avg speed    0.438 kHz), accepted    18926/  140001 events (13.52%)
Processed   150000/  336412 entries, 44.59% (elapsed time   343.5s, curr speed    0.423 kHz, avg speed    0.437 kHz), accepted    20295/  150001 events (13.53%)
Processed   160000/  336412 entries, 47.56% (elapsed time   367.1s, curr speed    0.425 kHz, avg speed    0.436 kHz), accepted    21658/  160001 events (13.54%)
Processed   170000/  336412 entries, 50.53% (elapsed time   390.5s, curr speed    0.427 kHz, avg speed    0.435 kHz), accepted    23015/  170001 events (13.54%)
Processed   180000/  336412 entries, 53.51% (elapsed time   414.2s, curr speed    0.422 kHz, avg speed    0.435 kHz), accepted    24341/  180001 events (13.52%)
Processed   190000/  336412 entries, 56.48% (elapsed time   437.0s, curr speed    0.438 kHz, avg speed    0.435 kHz), accepted    25590/  190001 events (13.47%)
Processed   200000/  336412 entries, 59.45% (elapsed time   460.3s, curr speed    0.429 kHz, avg speed    0.434 kHz), accepted    26862/  200001 events (13.43%)
Processed   210000/  336412 entries, 62.42% (elapsed time   483.9s, curr speed    0.424 kHz, avg speed    0.434 kHz), accepted    28104/  210001 events (13.38%)
Processed   220000/  336412 entries, 65.40% (elapsed time   509.0s, curr speed    0.399 kHz, avg speed    0.432 kHz), accepted    29552/  220001 events (13.43%)
Processed   230000/  336412 entries, 68.37% (elapsed time   532.7s, curr speed    0.422 kHz, avg speed    0.432 kHz), accepted    30770/  230001 events (13.38%)
Processed   240000/  336412 entries, 71.34% (elapsed time   556.0s, curr speed    0.429 kHz, avg speed    0.432 kHz), accepted    32046/  240001 events (13.35%)
Processed   250000/  336412 entries, 74.31% (elapsed time   579.8s, curr speed    0.421 kHz, avg speed    0.431 kHz), accepted    33392/  250001 events (13.36%)
Processed   260000/  336412 entries, 77.29% (elapsed time   603.7s, curr speed    0.418 kHz, avg speed    0.431 kHz), accepted    34707/  260001 events (13.35%)
Processed   270000/  336412 entries, 80.26% (elapsed time   626.1s, curr speed    0.446 kHz, avg speed    0.431 kHz), accepted    35819/  270001 events (13.27%)
Processed   280000/  336412 entries, 83.23% (elapsed time   649.5s, curr speed    0.428 kHz, avg speed    0.431 kHz), accepted    36968/  280001 events (13.20%)
Processed   290000/  336412 entries, 86.20% (elapsed time   672.3s, curr speed    0.438 kHz, avg speed    0.431 kHz), accepted    38180/  290001 events (13.17%)
Processed   300000/  336412 entries, 89.18% (elapsed time   694.9s, curr speed    0.444 kHz, avg speed    0.432 kHz), accepted    39358/  300001 events (13.12%)
Processed   310000/  336412 entries, 92.15% (elapsed time   715.5s, curr speed    0.485 kHz, avg speed    0.433 kHz), accepted    40649/  310001 events (13.11%)
Processed   320000/  336412 entries, 95.12% (elapsed time   736.0s, curr speed    0.488 kHz, avg speed    0.435 kHz), accepted    41959/  320001 events (13.11%)
Processed   330000/  336412 entries, 98.09% (elapsed time   755.5s, curr speed    0.512 kHz, avg speed    0.437 kHz), accepted    43334/  330001 events (13.13%)
Processed 336412 preselected entries from root://cmsxrootd.fnal.gov//store/data/Run2018D/JetHT/NANOAOD/UL2018_MiniAODv2_NanoAODv9-v2/2810000/0FA6D168-E590-FE4F-A8FB-B55C4FD1E282.root (2263620 entries). Finally selected 44200 entries
Total time 779.4 sec. to process 2263620 events. Rate = 2904.5 Hz.
Running pwd:
/storage/local/data1/condor/execute/dir_16001
Running ls -alrth:
total 176K
-rw-r--r--  1 shardulr fnalgrid 5.0K Jun 27 18:30 .job.ad
-rw-r--r--  1 shardulr fnalgrid  13K Jun 27 18:30 .machine.ad
-rwx------  1 shardulr fnalgrid   49 Jun 27 18:30 .chirp.config
-rw-------  1 shardulr fnalgrid  11K Jun 27 18:30 x509up
drwxr-xr-x  2 shardulr fnalgrid 4.0K Jun 27 18:30 samples
-rw-r--r--  1 shardulr fnalgrid  62K Jun 27 18:30 singleStopAnalyzer.py
-rwxr-xr-x  1 shardulr fnalgrid  698 Jun 27 18:30 condor_exec.exe
-rw-r--r--  1 shardulr fnalgrid  951 Jun 27 18:30 bJetMatcher.py
-rw-r--r--  1 shardulr fnalgrid    0 Jun 27 18:30 docker_stderror
drwxrwxrwt  3 shardulr fnalgrid 4.0K Jun 27 18:30 var
drwxrwxrwt  2 shardulr fnalgrid 4.0K Jun 27 18:30 tmp
drwxr-xr-x  3 root     root     4.0K Jun 27 18:30 ..
srwxr-xr-x  1 shardulr fnalgrid    0 Jun 27 18:30 .docker_sock
drwxr-xr-x 17 shardulr fnalgrid 4.0K Jun 27 18:30 CMSSW_10_6_19_patch2
drwxr-xr-x  2 shardulr fnalgrid 4.0K Jun 27 18:30 framework
-rw-r--r--  1 shardulr fnalgrid 1.7K Jun 27 18:30 bJetMatcher.pyc
drwxr-xr-x  3 shardulr fnalgrid 4.0K Jun 27 18:30 output
-rw-r--r--  1 shardulr fnalgrid  215 Jun 27 18:30 _condor_stderr
-rw-r--r--  1 shardulr fnalgrid  13K Jun 27 18:43 .update.ad
drwx------  8 shardulr fnalgrid 4.0K Jun 27 18:43 .
-rw-r--r--  1 shardulr fnalgrid 7.5K Jun 27 18:43 _condor_stdout
