[FERMIHTC-APPTAINER]: INFO -- No Apptainer image specified
[FERMIHTC-APPTAINER]: INFO -- Running job on the host machine

[FERMIHTC-APPTAINER]: INFO -- Running ./condor_exec.exe
Starting job on  Tue Jun 27 18:29:22 UTC 2023
Running on: Linux shardulr-2169568-189-cmswn2064.fnal.gov 3.10.0-1160.90.1.el7.x86_64 #1 SMP Thu Apr 27 13:14:20 CDT 2023 x86_64 x86_64 x86_64 GNU/Linux
System software: Scientific Linux release 7.9 (Nitrogen)
Running ls -alrth:
total 164K
-rw-r--r--  1 shardulr fnalgrid 5.0K Jun 27 18:29 .job.ad
-rw-r--r--  1 shardulr fnalgrid  13K Jun 27 18:29 .machine.ad
-rwx------  1 shardulr fnalgrid   49 Jun 27 18:29 .chirp.config
-rw-------  1 shardulr fnalgrid  11K Jun 27 18:29 x509up
drwxr-xr-x  2 shardulr fnalgrid 4.0K Jun 27 18:29 samples
drwxr-xr-x  2 shardulr fnalgrid 4.0K Jun 27 18:29 framework
-rw-r--r--  1 shardulr fnalgrid  62K Jun 27 18:29 singleStopAnalyzer.py
-rwxr-xr-x  1 shardulr fnalgrid  698 Jun 27 18:29 condor_exec.exe
-rw-r--r--  1 shardulr fnalgrid  951 Jun 27 18:29 bJetMatcher.py
-rw-r--r--  1 shardulr fnalgrid    0 Jun 27 18:29 docker_stderror
drwxrwxrwt  3 shardulr fnalgrid 4.0K Jun 27 18:29 var
drwxrwxrwt  2 shardulr fnalgrid 4.0K Jun 27 18:29 tmp
drwxr-xr-x  3 root     root     4.0K Jun 27 18:29 ..
srwxr-xr-x  1 shardulr fnalgrid    0 Jun 27 18:29 .docker_sock
-rw-r--r--  1 shardulr fnalgrid  113 Jun 27 18:29 _condor_stderr
drwxr-xr-x 17 shardulr fnalgrid 4.0K Jun 27 18:29 CMSSW_10_6_19_patch2
-rw-r--r--  1 shardulr fnalgrid  13K Jun 27 18:29 .update.ad
drwx------  7 shardulr fnalgrid 4.0K Jun 27 18:29 .
-rw-r--r--  1 shardulr fnalgrid  453 Jun 27 18:29 _condor_stdout
/storage/local/data1/condor/execute/dir_32201/CMSSW_10_6_19_patch2 is the CMSSW we created on the local worker node
Running over Data2018 files
Blinding data, only using CR cuts (0 loose b's)
Using UL 2018 campaign working points
Pre-select 222496 entries out of 1687500 (13.18%)
Processed    10000/  222496 entries,  4.49% (elapsed time    28.3s, curr speed    0.353 kHz, avg speed    0.353 kHz), accepted     1233/   10001 events (12.33%)
Processed    20000/  222496 entries,  8.99% (elapsed time    54.6s, curr speed    0.380 kHz, avg speed    0.366 kHz), accepted     2366/   20001 events (11.83%)
Processed    30000/  222496 entries, 13.48% (elapsed time    81.9s, curr speed    0.366 kHz, avg speed    0.366 kHz), accepted     3659/   30001 events (12.20%)
Processed    40000/  222496 entries, 17.98% (elapsed time   109.9s, curr speed    0.357 kHz, avg speed    0.364 kHz), accepted     4935/   40001 events (12.34%)
Processed    50000/  222496 entries, 22.47% (elapsed time   137.0s, curr speed    0.369 kHz, avg speed    0.365 kHz), accepted     6155/   50001 events (12.31%)
Processed    60000/  222496 entries, 26.97% (elapsed time   163.9s, curr speed    0.372 kHz, avg speed    0.366 kHz), accepted     7385/   60001 events (12.31%)
Processed    70000/  222496 entries, 31.46% (elapsed time   191.0s, curr speed    0.369 kHz, avg speed    0.366 kHz), accepted     8615/   70001 events (12.31%)
Processed    80000/  222496 entries, 35.96% (elapsed time   219.0s, curr speed    0.357 kHz, avg speed    0.365 kHz), accepted     9955/   80001 events (12.44%)
Processed    90000/  222496 entries, 40.45% (elapsed time   246.7s, curr speed    0.361 kHz, avg speed    0.365 kHz), accepted    11178/   90001 events (12.42%)
Processed   100000/  222496 entries, 44.94% (elapsed time   274.3s, curr speed    0.361 kHz, avg speed    0.365 kHz), accepted    12391/  100001 events (12.39%)
Processed   110000/  222496 entries, 49.44% (elapsed time   300.9s, curr speed    0.376 kHz, avg speed    0.366 kHz), accepted    13530/  110001 events (12.30%)
Processed   120000/  222496 entries, 53.93% (elapsed time   327.1s, curr speed    0.381 kHz, avg speed    0.367 kHz), accepted    14542/  120001 events (12.12%)
Processed   130000/  222496 entries, 58.43% (elapsed time   354.9s, curr speed    0.360 kHz, avg speed    0.366 kHz), accepted    15847/  130001 events (12.19%)
Processed   140000/  222496 entries, 62.92% (elapsed time   383.6s, curr speed    0.348 kHz, avg speed    0.365 kHz), accepted    16853/  140001 events (12.04%)
Processed   150000/  222496 entries, 67.42% (elapsed time   410.2s, curr speed    0.376 kHz, avg speed    0.366 kHz), accepted    17922/  150001 events (11.95%)
Processed   160000/  222496 entries, 71.91% (elapsed time   437.1s, curr speed    0.372 kHz, avg speed    0.366 kHz), accepted    19033/  160001 events (11.90%)
Processed   170000/  222496 entries, 76.41% (elapsed time   463.8s, curr speed    0.375 kHz, avg speed    0.367 kHz), accepted    20111/  170001 events (11.83%)
Processed   180000/  222496 entries, 80.90% (elapsed time   491.1s, curr speed    0.367 kHz, avg speed    0.367 kHz), accepted    21239/  180001 events (11.80%)
Processed   190000/  222496 entries, 85.39% (elapsed time   519.1s, curr speed    0.357 kHz, avg speed    0.366 kHz), accepted    22401/  190001 events (11.79%)
Processed   200000/  222496 entries, 89.89% (elapsed time   545.5s, curr speed    0.378 kHz, avg speed    0.367 kHz), accepted    23517/  200001 events (11.76%)
Processed   210000/  222496 entries, 94.38% (elapsed time   572.8s, curr speed    0.367 kHz, avg speed    0.367 kHz), accepted    24658/  210001 events (11.74%)
Processed   220000/  222496 entries, 98.88% (elapsed time   599.0s, curr speed    0.382 kHz, avg speed    0.367 kHz), accepted    25745/  220001 events (11.70%)
Processed 222496 preselected entries from root://cmsxrootd.fnal.gov//store/data/Run2018B/JetHT/NANOAOD/UL2018_MiniAODv2_NanoAODv9-v1/120000/489A99A7-38D3-F14D-BDBB-271DA597B575.root (1687500 entries). Finally selected 26036 entries
Total time 623.3 sec. to process 1687500 events. Rate = 2707.5 Hz.
Running pwd:
/storage/local/data1/condor/execute/dir_32201
Running ls -alrth:
total 176K
-rw-r--r--  1 shardulr fnalgrid 5.0K Jun 27 18:29 .job.ad
-rw-r--r--  1 shardulr fnalgrid  13K Jun 27 18:29 .machine.ad
-rwx------  1 shardulr fnalgrid   49 Jun 27 18:29 .chirp.config
-rw-------  1 shardulr fnalgrid  11K Jun 27 18:29 x509up
drwxr-xr-x  2 shardulr fnalgrid 4.0K Jun 27 18:29 samples
-rw-r--r--  1 shardulr fnalgrid  62K Jun 27 18:29 singleStopAnalyzer.py
-rwxr-xr-x  1 shardulr fnalgrid  698 Jun 27 18:29 condor_exec.exe
-rw-r--r--  1 shardulr fnalgrid  951 Jun 27 18:29 bJetMatcher.py
-rw-r--r--  1 shardulr fnalgrid    0 Jun 27 18:29 docker_stderror
drwxrwxrwt  3 shardulr fnalgrid 4.0K Jun 27 18:29 var
drwxrwxrwt  2 shardulr fnalgrid 4.0K Jun 27 18:29 tmp
drwxr-xr-x  3 root     root     4.0K Jun 27 18:29 ..
srwxr-xr-x  1 shardulr fnalgrid    0 Jun 27 18:29 .docker_sock
drwxr-xr-x 17 shardulr fnalgrid 4.0K Jun 27 18:29 CMSSW_10_6_19_patch2
drwxr-xr-x  2 shardulr fnalgrid 4.0K Jun 27 18:29 framework
-rw-r--r--  1 shardulr fnalgrid 1.7K Jun 27 18:29 bJetMatcher.pyc
drwxr-xr-x  3 shardulr fnalgrid 4.0K Jun 27 18:29 output
-rw-r--r--  1 shardulr fnalgrid  215 Jun 27 18:29 _condor_stderr
-rw-r--r--  1 shardulr fnalgrid  13K Jun 27 18:39 .update.ad
drwx------  8 shardulr fnalgrid 4.0K Jun 27 18:39 .
-rw-r--r--  1 shardulr fnalgrid 5.7K Jun 27 18:39 _condor_stdout
