[FERMIHTC-APPTAINER]: INFO -- No Apptainer image specified
[FERMIHTC-APPTAINER]: INFO -- Running job on the host machine

[FERMIHTC-APPTAINER]: INFO -- Running ./condor_exec.exe
Starting job on  Tue Jun 27 18:30:27 UTC 2023
Running on: Linux shardulr-2169568-464-cmswn2050.fnal.gov 3.10.0-1160.90.1.el7.x86_64 #1 SMP Thu Apr 27 13:14:20 CDT 2023 x86_64 x86_64 x86_64 GNU/Linux
System software: Scientific Linux release 7.9 (Nitrogen)
Running ls -alrth:
total 164K
-rw-r--r--  1 shardulr fnalgrid  13K Jun 27 18:30 .machine.ad
-rw-r--r--  1 shardulr fnalgrid 5.0K Jun 27 18:30 .job.ad
-rwx------  1 shardulr fnalgrid   49 Jun 27 18:30 .chirp.config
-rw-------  1 shardulr fnalgrid  11K Jun 27 18:30 x509up
drwxr-xr-x  2 shardulr fnalgrid 4.0K Jun 27 18:30 samples
-rw-r--r--  1 shardulr fnalgrid  62K Jun 27 18:30 singleStopAnalyzer.py
drwxr-xr-x  2 shardulr fnalgrid 4.0K Jun 27 18:30 framework
-rwxr-xr-x  1 shardulr fnalgrid  698 Jun 27 18:30 condor_exec.exe
-rw-r--r--  1 shardulr fnalgrid  951 Jun 27 18:30 bJetMatcher.py
-rw-r--r--  1 shardulr fnalgrid    0 Jun 27 18:30 docker_stderror
drwxrwxrwt  3 shardulr fnalgrid 4.0K Jun 27 18:30 var
drwxrwxrwt  2 shardulr fnalgrid 4.0K Jun 27 18:30 tmp
-rw-r--r--  1 shardulr fnalgrid  13K Jun 27 18:30 .update.ad
drwxr-xr-x  3 root     root     4.0K Jun 27 18:30 ..
srwxr-xr-x  1 shardulr fnalgrid    0 Jun 27 18:30 .docker_sock
-rw-r--r--  1 shardulr fnalgrid  113 Jun 27 18:30 _condor_stderr
drwx------  7 shardulr fnalgrid 4.0K Jun 27 18:30 .
drwxr-xr-x 17 shardulr fnalgrid 4.0K Jun 27 18:30 CMSSW_10_6_19_patch2
-rw-r--r--  1 shardulr fnalgrid  453 Jun 27 18:30 _condor_stdout
/storage/local/data1/condor/execute/dir_22904/CMSSW_10_6_19_patch2 is the CMSSW we created on the local worker node
Running over Data2018 files
Blinding data, only using CR cuts (0 loose b's)
Using UL 2018 campaign working points
Pre-select 333362 entries out of 2263562 (14.73%)
Processed    10000/  333362 entries,  3.00% (elapsed time    25.6s, curr speed    0.391 kHz, avg speed    0.391 kHz), accepted     1175/   10001 events (11.75%)
Processed    20000/  333362 entries,  6.00% (elapsed time    50.8s, curr speed    0.396 kHz, avg speed    0.394 kHz), accepted     2412/   20001 events (12.06%)
Processed    30000/  333362 entries,  9.00% (elapsed time    75.8s, curr speed    0.399 kHz, avg speed    0.396 kHz), accepted     3632/   30001 events (12.11%)
Processed    40000/  333362 entries, 12.00% (elapsed time   101.3s, curr speed    0.393 kHz, avg speed    0.395 kHz), accepted     4906/   40001 events (12.26%)
Processed    50000/  333362 entries, 15.00% (elapsed time   126.9s, curr speed    0.390 kHz, avg speed    0.394 kHz), accepted     6288/   50001 events (12.58%)
Processed    60000/  333362 entries, 18.00% (elapsed time   151.8s, curr speed    0.402 kHz, avg speed    0.395 kHz), accepted     7583/   60001 events (12.64%)
Processed    70000/  333362 entries, 21.00% (elapsed time   176.7s, curr speed    0.401 kHz, avg speed    0.396 kHz), accepted     8845/   70001 events (12.64%)
Processed    80000/  333362 entries, 24.00% (elapsed time   202.6s, curr speed    0.386 kHz, avg speed    0.395 kHz), accepted    10168/   80001 events (12.71%)
Processed    90000/  333362 entries, 27.00% (elapsed time   228.3s, curr speed    0.388 kHz, avg speed    0.394 kHz), accepted    11498/   90001 events (12.78%)
Processed   100000/  333362 entries, 30.00% (elapsed time   254.2s, curr speed    0.386 kHz, avg speed    0.393 kHz), accepted    12853/  100001 events (12.85%)
Processed   110000/  333362 entries, 33.00% (elapsed time   280.5s, curr speed    0.381 kHz, avg speed    0.392 kHz), accepted    14284/  110001 events (12.99%)
Processed   120000/  333362 entries, 36.00% (elapsed time   306.1s, curr speed    0.390 kHz, avg speed    0.392 kHz), accepted    15774/  120001 events (13.14%)
Processed   130000/  333362 entries, 39.00% (elapsed time   333.0s, curr speed    0.372 kHz, avg speed    0.390 kHz), accepted    17252/  130001 events (13.27%)
Processed   140000/  333362 entries, 42.00% (elapsed time   357.7s, curr speed    0.403 kHz, avg speed    0.391 kHz), accepted    18505/  140001 events (13.22%)
Processed   150000/  333362 entries, 45.00% (elapsed time   383.3s, curr speed    0.392 kHz, avg speed    0.391 kHz), accepted    19859/  150001 events (13.24%)
Processed   160000/  333362 entries, 48.00% (elapsed time   408.8s, curr speed    0.392 kHz, avg speed    0.391 kHz), accepted    21233/  160001 events (13.27%)
Processed   170000/  333362 entries, 51.00% (elapsed time   433.7s, curr speed    0.400 kHz, avg speed    0.392 kHz), accepted    22529/  170001 events (13.25%)
Processed   180000/  333362 entries, 54.00% (elapsed time   459.4s, curr speed    0.389 kHz, avg speed    0.392 kHz), accepted    23938/  180001 events (13.30%)
Processed   190000/  333362 entries, 57.00% (elapsed time   485.6s, curr speed    0.383 kHz, avg speed    0.391 kHz), accepted    25274/  190001 events (13.30%)
Processed   200000/  333362 entries, 59.99% (elapsed time   511.6s, curr speed    0.384 kHz, avg speed    0.391 kHz), accepted    26701/  200001 events (13.35%)
Processed   210000/  333362 entries, 62.99% (elapsed time   539.5s, curr speed    0.358 kHz, avg speed    0.389 kHz), accepted    28113/  210001 events (13.39%)
Processed   220000/  333362 entries, 65.99% (elapsed time   565.8s, curr speed    0.381 kHz, avg speed    0.389 kHz), accepted    29472/  220001 events (13.40%)
Processed   230000/  333362 entries, 68.99% (elapsed time   591.7s, curr speed    0.386 kHz, avg speed    0.389 kHz), accepted    30896/  230001 events (13.43%)
Processed   240000/  333362 entries, 71.99% (elapsed time   618.6s, curr speed    0.372 kHz, avg speed    0.388 kHz), accepted    32358/  240001 events (13.48%)
Processed   250000/  333362 entries, 74.99% (elapsed time   644.6s, curr speed    0.385 kHz, avg speed    0.388 kHz), accepted    33815/  250001 events (13.53%)
Processed   260000/  333362 entries, 77.99% (elapsed time   671.1s, curr speed    0.377 kHz, avg speed    0.387 kHz), accepted    35284/  260001 events (13.57%)
Processed   270000/  333362 entries, 80.99% (elapsed time   696.8s, curr speed    0.389 kHz, avg speed    0.387 kHz), accepted    36683/  270001 events (13.59%)
Processed   280000/  333362 entries, 83.99% (elapsed time   721.9s, curr speed    0.398 kHz, avg speed    0.388 kHz), accepted    37977/  280001 events (13.56%)
Processed   290000/  333362 entries, 86.99% (elapsed time   747.4s, curr speed    0.393 kHz, avg speed    0.388 kHz), accepted    39357/  290001 events (13.57%)
Processed   300000/  333362 entries, 89.99% (elapsed time   772.8s, curr speed    0.393 kHz, avg speed    0.388 kHz), accepted    40867/  300001 events (13.62%)
Processed   310000/  333362 entries, 92.99% (elapsed time   794.7s, curr speed    0.457 kHz, avg speed    0.390 kHz), accepted    42397/  310001 events (13.68%)
Processed   320000/  333362 entries, 95.99% (elapsed time   817.3s, curr speed    0.444 kHz, avg speed    0.392 kHz), accepted    43985/  320001 events (13.75%)
Processed   330000/  333362 entries, 98.99% (elapsed time   840.8s, curr speed    0.424 kHz, avg speed    0.392 kHz), accepted    45584/  330001 events (13.81%)
Processed 333362 preselected entries from root://cmsxrootd.fnal.gov//store/data/Run2018D/JetHT/NANOAOD/UL2018_MiniAODv2_NanoAODv9-v2/2430000/8CA5132E-E9B3-5842-AFB7-3498C7218905.root (2263562 entries). Finally selected 46094 entries
Total time 868.1 sec. to process 2263562 events. Rate = 2607.6 Hz.
Running pwd:
/storage/local/data1/condor/execute/dir_22904
Running ls -alrth:
total 176K
-rw-r--r--  1 shardulr fnalgrid  13K Jun 27 18:30 .machine.ad
-rw-r--r--  1 shardulr fnalgrid 5.0K Jun 27 18:30 .job.ad
-rwx------  1 shardulr fnalgrid   49 Jun 27 18:30 .chirp.config
-rw-------  1 shardulr fnalgrid  11K Jun 27 18:30 x509up
drwxr-xr-x  2 shardulr fnalgrid 4.0K Jun 27 18:30 samples
-rw-r--r--  1 shardulr fnalgrid  62K Jun 27 18:30 singleStopAnalyzer.py
-rwxr-xr-x  1 shardulr fnalgrid  698 Jun 27 18:30 condor_exec.exe
-rw-r--r--  1 shardulr fnalgrid  951 Jun 27 18:30 bJetMatcher.py
-rw-r--r--  1 shardulr fnalgrid    0 Jun 27 18:30 docker_stderror
drwxrwxrwt  3 shardulr fnalgrid 4.0K Jun 27 18:30 var
drwxrwxrwt  2 shardulr fnalgrid 4.0K Jun 27 18:30 tmp
drwxr-xr-x  3 root     root     4.0K Jun 27 18:30 ..
srwxr-xr-x  1 shardulr fnalgrid    0 Jun 27 18:30 .docker_sock
drwxr-xr-x 17 shardulr fnalgrid 4.0K Jun 27 18:30 CMSSW_10_6_19_patch2
drwxr-xr-x  2 shardulr fnalgrid 4.0K Jun 27 18:30 framework
-rw-r--r--  1 shardulr fnalgrid 1.7K Jun 27 18:30 bJetMatcher.pyc
drwxr-xr-x  3 shardulr fnalgrid 4.0K Jun 27 18:30 output
-rw-r--r--  1 shardulr fnalgrid  215 Jun 27 18:30 _condor_stderr
-rw-r--r--  1 shardulr fnalgrid  13K Jun 27 18:44 .update.ad
drwx------  8 shardulr fnalgrid 4.0K Jun 27 18:44 .
-rw-r--r--  1 shardulr fnalgrid 7.5K Jun 27 18:45 _condor_stdout
