[FERMIHTC-APPTAINER]: INFO -- No Apptainer image specified
[FERMIHTC-APPTAINER]: INFO -- Running job on the host machine

[FERMIHTC-APPTAINER]: INFO -- Running ./condor_exec.exe
Starting job on  Tue Jun 27 18:11:39 UTC 2023
Running on: Linux shardulr-2169568-12-cmswn2111.fnal.gov 3.10.0-1160.90.1.el7.x86_64 #1 SMP Thu Apr 27 13:14:20 CDT 2023 x86_64 x86_64 x86_64 GNU/Linux
System software: Scientific Linux release 7.9 (Nitrogen)
Running ls -alrth:
total 164K
-rw-r--r--  1 shardulr fnalgrid 5.1K Jun 27 18:11 .job.ad
-rw-r--r--  1 shardulr fnalgrid  13K Jun 27 18:11 .machine.ad
-rwx------  1 shardulr fnalgrid   49 Jun 27 18:11 .chirp.config
-rw-------  1 shardulr fnalgrid  11K Jun 27 18:11 x509up
drwxr-xr-x  2 shardulr fnalgrid 4.0K Jun 27 18:11 samples
-rw-r--r--  1 shardulr fnalgrid  62K Jun 27 18:11 singleStopAnalyzer.py
drwxr-xr-x  2 shardulr fnalgrid 4.0K Jun 27 18:11 framework
-rwxr-xr-x  1 shardulr fnalgrid  697 Jun 27 18:11 condor_exec.exe
-rw-r--r--  1 shardulr fnalgrid  951 Jun 27 18:11 bJetMatcher.py
-rw-r--r--  1 shardulr fnalgrid    0 Jun 27 18:11 docker_stderror
drwxrwxrwt  3 shardulr fnalgrid 4.0K Jun 27 18:11 var
drwxrwxrwt  2 shardulr fnalgrid 4.0K Jun 27 18:11 tmp
-rw-r--r--  1 shardulr fnalgrid  13K Jun 27 18:11 .update.ad
drwxr-xr-x  3 root     root     4.0K Jun 27 18:11 ..
srwxr-xr-x  1 shardulr fnalgrid    0 Jun 27 18:11 .docker_sock
-rw-r--r--  1 shardulr fnalgrid  113 Jun 27 18:11 _condor_stderr
drwx------  7 shardulr fnalgrid 4.0K Jun 27 18:11 .
drwxr-xr-x 17 shardulr fnalgrid 4.0K Jun 27 18:11 CMSSW_10_6_19_patch2
-rw-r--r--  1 shardulr fnalgrid  452 Jun 27 18:11 _condor_stdout
/storage/local/data1/condor/execute/dir_59719/CMSSW_10_6_19_patch2 is the CMSSW we created on the local worker node
Running over Data2018 files
Blinding data, only using CR cuts (0 loose b's)
Using UL 2018 campaign working points
Pre-select 160817 entries out of 1288744 (12.48%)
Processed    10000/  160817 entries,  6.22% (elapsed time    23.9s, curr speed    0.419 kHz, avg speed    0.419 kHz), accepted     1332/   10001 events (13.32%)
Processed    20000/  160817 entries, 12.44% (elapsed time    47.3s, curr speed    0.427 kHz, avg speed    0.423 kHz), accepted     2745/   20001 events (13.72%)
Processed    30000/  160817 entries, 18.65% (elapsed time    68.8s, curr speed    0.465 kHz, avg speed    0.436 kHz), accepted     3860/   30001 events (12.87%)
Processed    40000/  160817 entries, 24.87% (elapsed time    91.0s, curr speed    0.451 kHz, avg speed    0.440 kHz), accepted     5047/   40001 events (12.62%)
Processed    50000/  160817 entries, 31.09% (elapsed time   113.5s, curr speed    0.443 kHz, avg speed    0.440 kHz), accepted     6364/   50001 events (12.73%)
Processed    60000/  160817 entries, 37.31% (elapsed time   136.1s, curr speed    0.443 kHz, avg speed    0.441 kHz), accepted     7661/   60001 events (12.77%)
Processed    70000/  160817 entries, 43.53% (elapsed time   158.4s, curr speed    0.449 kHz, avg speed    0.442 kHz), accepted     8988/   70001 events (12.84%)
Processed    80000/  160817 entries, 49.75% (elapsed time   181.1s, curr speed    0.440 kHz, avg speed    0.442 kHz), accepted    10388/   80001 events (12.98%)
Processed    90000/  160817 entries, 55.96% (elapsed time   203.9s, curr speed    0.439 kHz, avg speed    0.441 kHz), accepted    11791/   90001 events (13.10%)
Processed   100000/  160817 entries, 62.18% (elapsed time   225.8s, curr speed    0.456 kHz, avg speed    0.443 kHz), accepted    13066/  100001 events (13.07%)
Processed   110000/  160817 entries, 68.40% (elapsed time   247.7s, curr speed    0.456 kHz, avg speed    0.444 kHz), accepted    14342/  110001 events (13.04%)
Processed   120000/  160817 entries, 74.62% (elapsed time   269.7s, curr speed    0.455 kHz, avg speed    0.445 kHz), accepted    15632/  120001 events (13.03%)
Processed   130000/  160817 entries, 80.84% (elapsed time   292.6s, curr speed    0.436 kHz, avg speed    0.444 kHz), accepted    17065/  130001 events (13.13%)
Processed   140000/  160817 entries, 87.06% (elapsed time   314.8s, curr speed    0.452 kHz, avg speed    0.445 kHz), accepted    18370/  140001 events (13.12%)
Processed   150000/  160817 entries, 93.27% (elapsed time   337.2s, curr speed    0.445 kHz, avg speed    0.445 kHz), accepted    19777/  150001 events (13.18%)
Processed   160000/  160817 entries, 99.49% (elapsed time   359.9s, curr speed    0.442 kHz, avg speed    0.445 kHz), accepted    21233/  160001 events (13.27%)
Processed 160817 preselected entries from root://cmsxrootd.fnal.gov//store/data/Run2018A/JetHT/NANOAOD/UL2018_MiniAODv2_NanoAODv9-v2/250000/629E3F39-5D4A-F342-A89E-1DEC77D5315A.root (1288744 entries). Finally selected 21344 entries
Total time 369.8 sec. to process 1288744 events. Rate = 3484.7 Hz.
Running pwd:
/storage/local/data1/condor/execute/dir_59719
Running ls -alrth:
total 176K
-rw-r--r--  1 shardulr fnalgrid 5.1K Jun 27 18:11 .job.ad
-rw-r--r--  1 shardulr fnalgrid  13K Jun 27 18:11 .machine.ad
-rwx------  1 shardulr fnalgrid   49 Jun 27 18:11 .chirp.config
-rw-------  1 shardulr fnalgrid  11K Jun 27 18:11 x509up
drwxr-xr-x  2 shardulr fnalgrid 4.0K Jun 27 18:11 samples
-rw-r--r--  1 shardulr fnalgrid  62K Jun 27 18:11 singleStopAnalyzer.py
-rwxr-xr-x  1 shardulr fnalgrid  697 Jun 27 18:11 condor_exec.exe
-rw-r--r--  1 shardulr fnalgrid  951 Jun 27 18:11 bJetMatcher.py
-rw-r--r--  1 shardulr fnalgrid    0 Jun 27 18:11 docker_stderror
drwxrwxrwt  3 shardulr fnalgrid 4.0K Jun 27 18:11 var
drwxrwxrwt  2 shardulr fnalgrid 4.0K Jun 27 18:11 tmp
drwxr-xr-x  3 root     root     4.0K Jun 27 18:11 ..
srwxr-xr-x  1 shardulr fnalgrid    0 Jun 27 18:11 .docker_sock
drwxr-xr-x 17 shardulr fnalgrid 4.0K Jun 27 18:11 CMSSW_10_6_19_patch2
drwxr-xr-x  2 shardulr fnalgrid 4.0K Jun 27 18:11 framework
-rw-r--r--  1 shardulr fnalgrid 1.7K Jun 27 18:11 bJetMatcher.pyc
drwxr-xr-x  3 shardulr fnalgrid 4.0K Jun 27 18:11 output
-rw-r--r--  1 shardulr fnalgrid  215 Jun 27 18:11 _condor_stderr
-rw-r--r--  1 shardulr fnalgrid  13K Jun 27 18:14 .update.ad
drwx------  8 shardulr fnalgrid 4.0K Jun 27 18:14 .
-rw-r--r--  1 shardulr fnalgrid 4.8K Jun 27 18:18 _condor_stdout
