[FERMIHTC-APPTAINER]: INFO -- No Apptainer image specified
[FERMIHTC-APPTAINER]: INFO -- Running job on the host machine

[FERMIHTC-APPTAINER]: INFO -- Running ./condor_exec.exe
Starting job on  Tue Jun 27 18:30:03 UTC 2023
Running on: Linux shardulr-2169568-353-cmswn2080.fnal.gov 3.10.0-1160.90.1.el7.x86_64 #1 SMP Thu Apr 27 13:14:20 CDT 2023 x86_64 x86_64 x86_64 GNU/Linux
System software: Scientific Linux release 7.9 (Nitrogen)
Running ls -alrth:
total 164K
-rw-r--r--  1 shardulr fnalgrid  13K Jun 27 18:29 .machine.ad
-rw-r--r--  1 shardulr fnalgrid 5.0K Jun 27 18:29 .job.ad
-rwx------  1 shardulr fnalgrid   49 Jun 27 18:29 .chirp.config
-rw-------  1 shardulr fnalgrid  11K Jun 27 18:29 x509up
drwxr-xr-x  2 shardulr fnalgrid 4.0K Jun 27 18:29 samples
drwxr-xr-x  2 shardulr fnalgrid 4.0K Jun 27 18:29 framework
-rw-r--r--  1 shardulr fnalgrid  62K Jun 27 18:29 singleStopAnalyzer.py
-rw-r--r--  1 shardulr fnalgrid  951 Jun 27 18:29 bJetMatcher.py
-rwxr-xr-x  1 shardulr fnalgrid  698 Jun 27 18:29 condor_exec.exe
-rw-r--r--  1 shardulr fnalgrid    0 Jun 27 18:29 docker_stderror
drwxrwxrwt  3 shardulr fnalgrid 4.0K Jun 27 18:29 var
drwxrwxrwt  2 shardulr fnalgrid 4.0K Jun 27 18:29 tmp
drwxr-xr-x  3 root     root     4.0K Jun 27 18:29 ..
-rw-r--r--  1 shardulr fnalgrid  13K Jun 27 18:29 .update.ad
srwxr-xr-x  1 shardulr fnalgrid    0 Jun 27 18:30 .docker_sock
-rw-r--r--  1 shardulr fnalgrid  113 Jun 27 18:30 _condor_stderr
drwx------  7 shardulr fnalgrid 4.0K Jun 27 18:30 .
drwxr-xr-x 17 shardulr fnalgrid 4.0K Jun 27 18:30 CMSSW_10_6_19_patch2
-rw-r--r--  1 shardulr fnalgrid  453 Jun 27 18:30 _condor_stdout
/storage/local/data1/condor/execute/dir_58539/CMSSW_10_6_19_patch2 is the CMSSW we created on the local worker node
Running over Data2018 files
Blinding data, only using CR cuts (0 loose b's)
Using UL 2018 campaign working points
Pre-select 273209 entries out of 1885514 (14.49%)
Processed    10000/  273209 entries,  3.66% (elapsed time    24.3s, curr speed    0.412 kHz, avg speed    0.412 kHz), accepted     1179/   10001 events (11.79%)
Processed    20000/  273209 entries,  7.32% (elapsed time    48.0s, curr speed    0.423 kHz, avg speed    0.417 kHz), accepted     2423/   20001 events (12.11%)
Processed    30000/  273209 entries, 10.98% (elapsed time    71.6s, curr speed    0.422 kHz, avg speed    0.419 kHz), accepted     3686/   30001 events (12.29%)
Processed    40000/  273209 entries, 14.64% (elapsed time    96.1s, curr speed    0.409 kHz, avg speed    0.416 kHz), accepted     5013/   40001 events (12.53%)
Processed    50000/  273209 entries, 18.30% (elapsed time   121.1s, curr speed    0.401 kHz, avg speed    0.413 kHz), accepted     6408/   50001 events (12.82%)
Processed    60000/  273209 entries, 21.96% (elapsed time   145.2s, curr speed    0.415 kHz, avg speed    0.413 kHz), accepted     7742/   60001 events (12.90%)
Processed    70000/  273209 entries, 25.62% (elapsed time   169.9s, curr speed    0.405 kHz, avg speed    0.412 kHz), accepted     9117/   70001 events (13.02%)
Processed    80000/  273209 entries, 29.28% (elapsed time   194.5s, curr speed    0.405 kHz, avg speed    0.411 kHz), accepted    10520/   80001 events (13.15%)
Processed    90000/  273209 entries, 32.94% (elapsed time   218.9s, curr speed    0.411 kHz, avg speed    0.411 kHz), accepted    11909/   90001 events (13.23%)
Processed   100000/  273209 entries, 36.60% (elapsed time   241.8s, curr speed    0.436 kHz, avg speed    0.414 kHz), accepted    13087/  100001 events (13.09%)
Processed   110000/  273209 entries, 40.26% (elapsed time   265.3s, curr speed    0.425 kHz, avg speed    0.415 kHz), accepted    14338/  110001 events (13.03%)
Processed   120000/  273209 entries, 43.92% (elapsed time   292.6s, curr speed    0.366 kHz, avg speed    0.410 kHz), accepted    16040/  120001 events (13.37%)
Processed   130000/  273209 entries, 47.58% (elapsed time   319.4s, curr speed    0.373 kHz, avg speed    0.407 kHz), accepted    17727/  130001 events (13.64%)
Processed   140000/  273209 entries, 51.24% (elapsed time   346.6s, curr speed    0.368 kHz, avg speed    0.404 kHz), accepted    19468/  140001 events (13.91%)
Processed   150000/  273209 entries, 54.90% (elapsed time   374.0s, curr speed    0.365 kHz, avg speed    0.401 kHz), accepted    21070/  150001 events (14.05%)
Processed   160000/  273209 entries, 58.56% (elapsed time   403.6s, curr speed    0.337 kHz, avg speed    0.396 kHz), accepted    22756/  160001 events (14.22%)
Processed   170000/  273209 entries, 62.22% (elapsed time   431.6s, curr speed    0.358 kHz, avg speed    0.394 kHz), accepted    24409/  170001 events (14.36%)
Processed   180000/  273209 entries, 65.88% (elapsed time   458.6s, curr speed    0.371 kHz, avg speed    0.393 kHz), accepted    26041/  180001 events (14.47%)
Processed   190000/  273209 entries, 69.54% (elapsed time   486.2s, curr speed    0.361 kHz, avg speed    0.391 kHz), accepted    27639/  190001 events (14.55%)
Processed   200000/  273209 entries, 73.20% (elapsed time   510.1s, curr speed    0.420 kHz, avg speed    0.392 kHz), accepted    28623/  200001 events (14.31%)
Processed   210000/  273209 entries, 76.86% (elapsed time   536.9s, curr speed    0.372 kHz, avg speed    0.391 kHz), accepted    30145/  210001 events (14.35%)
Processed   220000/  273209 entries, 80.52% (elapsed time   563.6s, curr speed    0.376 kHz, avg speed    0.390 kHz), accepted    31507/  220001 events (14.32%)
Processed   230000/  273209 entries, 84.18% (elapsed time   589.7s, curr speed    0.383 kHz, avg speed    0.390 kHz), accepted    32931/  230001 events (14.32%)
Processed   240000/  273209 entries, 87.84% (elapsed time   615.4s, curr speed    0.388 kHz, avg speed    0.390 kHz), accepted    34338/  240001 events (14.31%)
Processed   250000/  273209 entries, 91.51% (elapsed time   641.7s, curr speed    0.381 kHz, avg speed    0.390 kHz), accepted    35756/  250001 events (14.30%)
Processed   260000/  273209 entries, 95.17% (elapsed time   667.5s, curr speed    0.388 kHz, avg speed    0.390 kHz), accepted    37177/  260001 events (14.30%)
Processed   270000/  273209 entries, 98.83% (elapsed time   694.2s, curr speed    0.374 kHz, avg speed    0.389 kHz), accepted    38645/  270001 events (14.31%)
Processed 273209 preselected entries from root://cmsxrootd.fnal.gov//store/data/Run2018D/JetHT/NANOAOD/UL2018_MiniAODv2_NanoAODv9-v2/2540000/3D0D36EA-774E-304B-8BD5-8F38E14BBF77.root (1885514 entries). Finally selected 39108 entries
Total time 719.1 sec. to process 1885514 events. Rate = 2622.0 Hz.
Running pwd:
/storage/local/data1/condor/execute/dir_58539
Running ls -alrth:
total 176K
-rw-r--r--  1 shardulr fnalgrid  13K Jun 27 18:29 .machine.ad
-rw-r--r--  1 shardulr fnalgrid 5.0K Jun 27 18:29 .job.ad
-rwx------  1 shardulr fnalgrid   49 Jun 27 18:29 .chirp.config
-rw-------  1 shardulr fnalgrid  11K Jun 27 18:29 x509up
drwxr-xr-x  2 shardulr fnalgrid 4.0K Jun 27 18:29 samples
-rw-r--r--  1 shardulr fnalgrid  62K Jun 27 18:29 singleStopAnalyzer.py
-rw-r--r--  1 shardulr fnalgrid  951 Jun 27 18:29 bJetMatcher.py
-rwxr-xr-x  1 shardulr fnalgrid  698 Jun 27 18:29 condor_exec.exe
-rw-r--r--  1 shardulr fnalgrid    0 Jun 27 18:29 docker_stderror
drwxrwxrwt  3 shardulr fnalgrid 4.0K Jun 27 18:29 var
drwxrwxrwt  2 shardulr fnalgrid 4.0K Jun 27 18:29 tmp
drwxr-xr-x  3 root     root     4.0K Jun 27 18:29 ..
srwxr-xr-x  1 shardulr fnalgrid    0 Jun 27 18:30 .docker_sock
drwxr-xr-x 17 shardulr fnalgrid 4.0K Jun 27 18:30 CMSSW_10_6_19_patch2
drwxr-xr-x  2 shardulr fnalgrid 4.0K Jun 27 18:30 framework
-rw-r--r--  1 shardulr fnalgrid 1.7K Jun 27 18:30 bJetMatcher.pyc
drwxr-xr-x  3 shardulr fnalgrid 4.0K Jun 27 18:30 output
-rw-r--r--  1 shardulr fnalgrid  215 Jun 27 18:30 _condor_stderr
-rw-r--r--  1 shardulr fnalgrid  13K Jun 27 18:42 .update.ad
drwx------  8 shardulr fnalgrid 4.0K Jun 27 18:42 .
-rw-r--r--  1 shardulr fnalgrid 6.5K Jun 27 18:42 _condor_stdout
