[FERMIHTC-APPTAINER]: INFO -- No Apptainer image specified
[FERMIHTC-APPTAINER]: INFO -- Running job on the host machine

[FERMIHTC-APPTAINER]: INFO -- Running ./condor_exec.exe
Starting job on  Tue Jun 27 18:29:35 UTC 2023
Running on: Linux shardulr-2169568-249-cmswn2064.fnal.gov 3.10.0-1160.90.1.el7.x86_64 #1 SMP Thu Apr 27 13:14:20 CDT 2023 x86_64 x86_64 x86_64 GNU/Linux
System software: Scientific Linux release 7.9 (Nitrogen)
Running ls -alrth:
total 164K
-rw-r--r--  1 shardulr fnalgrid 5.0K Jun 27 18:29 .job.ad
-rw-r--r--  1 shardulr fnalgrid  13K Jun 27 18:29 .machine.ad
-rwx------  1 shardulr fnalgrid   49 Jun 27 18:29 .chirp.config
-rw-------  1 shardulr fnalgrid  11K Jun 27 18:29 x509up
drwxr-xr-x  2 shardulr fnalgrid 4.0K Jun 27 18:29 samples
drwxr-xr-x  2 shardulr fnalgrid 4.0K Jun 27 18:29 framework
-rw-r--r--  1 shardulr fnalgrid  62K Jun 27 18:29 singleStopAnalyzer.py
-rw-r--r--  1 shardulr fnalgrid  951 Jun 27 18:29 bJetMatcher.py
-rwxr-xr-x  1 shardulr fnalgrid  698 Jun 27 18:29 condor_exec.exe
-rw-r--r--  1 shardulr fnalgrid    0 Jun 27 18:29 docker_stderror
drwxrwxrwt  3 shardulr fnalgrid 4.0K Jun 27 18:29 var
drwxrwxrwt  2 shardulr fnalgrid 4.0K Jun 27 18:29 tmp
drwxr-xr-x  3 root     root     4.0K Jun 27 18:29 ..
srwxr-xr-x  1 shardulr fnalgrid    0 Jun 27 18:29 .docker_sock
-rw-r--r--  1 shardulr fnalgrid  13K Jun 27 18:29 .update.ad
-rw-r--r--  1 shardulr fnalgrid  113 Jun 27 18:29 _condor_stderr
drwx------  7 shardulr fnalgrid 4.0K Jun 27 18:29 .
drwxr-xr-x 17 shardulr fnalgrid 4.0K Jun 27 18:29 CMSSW_10_6_19_patch2
-rw-r--r--  1 shardulr fnalgrid  453 Jun 27 18:29 _condor_stdout
/storage/local/data1/condor/execute/dir_32635/CMSSW_10_6_19_patch2 is the CMSSW we created on the local worker node
Running over Data2018 files
Blinding data, only using CR cuts (0 loose b's)
Using UL 2018 campaign working points
Pre-select 182229 entries out of 1156155 (15.76%)
Processed    10000/  182229 entries,  5.49% (elapsed time    40.3s, curr speed    0.248 kHz, avg speed    0.248 kHz), accepted      125/   10001 events ( 1.25%)
Processed    20000/  182229 entries, 10.98% (elapsed time    64.8s, curr speed    0.408 kHz, avg speed    0.309 kHz), accepted     1659/   20001 events ( 8.29%)
Processed    30000/  182229 entries, 16.46% (elapsed time    88.5s, curr speed    0.421 kHz, avg speed    0.339 kHz), accepted     3199/   30001 events (10.66%)
Processed    40000/  182229 entries, 21.95% (elapsed time   113.7s, curr speed    0.398 kHz, avg speed    0.352 kHz), accepted     4801/   40001 events (12.00%)
Processed    50000/  182229 entries, 27.44% (elapsed time   137.4s, curr speed    0.421 kHz, avg speed    0.364 kHz), accepted     6192/   50001 events (12.38%)
Processed    60000/  182229 entries, 32.93% (elapsed time   160.4s, curr speed    0.435 kHz, avg speed    0.374 kHz), accepted     7449/   60001 events (12.41%)
Processed    70000/  182229 entries, 38.41% (elapsed time   184.8s, curr speed    0.410 kHz, avg speed    0.379 kHz), accepted     9036/   70001 events (12.91%)
Processed    80000/  182229 entries, 43.90% (elapsed time   210.0s, curr speed    0.398 kHz, avg speed    0.381 kHz), accepted    10657/   80001 events (13.32%)
Processed    90000/  182229 entries, 49.39% (elapsed time   234.8s, curr speed    0.404 kHz, avg speed    0.383 kHz), accepted    12207/   90001 events (13.56%)
Processed   100000/  182229 entries, 54.88% (elapsed time   259.7s, curr speed    0.400 kHz, avg speed    0.385 kHz), accepted    13786/  100001 events (13.79%)
Processed   110000/  182229 entries, 60.36% (elapsed time   284.2s, curr speed    0.409 kHz, avg speed    0.387 kHz), accepted    15388/  110001 events (13.99%)
Processed   120000/  182229 entries, 65.85% (elapsed time   303.9s, curr speed    0.506 kHz, avg speed    0.395 kHz), accepted    16213/  120001 events (13.51%)
Processed   130000/  182229 entries, 71.34% (elapsed time   327.7s, curr speed    0.420 kHz, avg speed    0.397 kHz), accepted    17597/  130001 events (13.54%)
Processed   140000/  182229 entries, 76.83% (elapsed time   351.7s, curr speed    0.417 kHz, avg speed    0.398 kHz), accepted    19021/  140001 events (13.59%)
Processed   150000/  182229 entries, 82.31% (elapsed time   370.7s, curr speed    0.527 kHz, avg speed    0.405 kHz), accepted    19874/  150001 events (13.25%)
Processed   160000/  182229 entries, 87.80% (elapsed time   394.3s, curr speed    0.423 kHz, avg speed    0.406 kHz), accepted    21313/  160001 events (13.32%)
Processed   170000/  182229 entries, 93.29% (elapsed time   418.7s, curr speed    0.410 kHz, avg speed    0.406 kHz), accepted    22790/  170001 events (13.41%)
Processed   180000/  182229 entries, 98.78% (elapsed time   443.5s, curr speed    0.404 kHz, avg speed    0.406 kHz), accepted    24307/  180001 events (13.50%)
Processed 182229 preselected entries from root://cmsxrootd.fnal.gov//store/data/Run2018D/JetHT/NANOAOD/UL2018_MiniAODv2_NanoAODv9-v2/2540000/6DA882C7-8447-E142-B171-23CCEDD29697.root (1156155 entries). Finally selected 24636 entries
Total time 456.6 sec. to process 1156155 events. Rate = 2531.8 Hz.
Running pwd:
/storage/local/data1/condor/execute/dir_32635
Running ls -alrth:
total 176K
-rw-r--r--  1 shardulr fnalgrid 5.0K Jun 27 18:29 .job.ad
-rw-r--r--  1 shardulr fnalgrid  13K Jun 27 18:29 .machine.ad
-rwx------  1 shardulr fnalgrid   49 Jun 27 18:29 .chirp.config
-rw-------  1 shardulr fnalgrid  11K Jun 27 18:29 x509up
drwxr-xr-x  2 shardulr fnalgrid 4.0K Jun 27 18:29 samples
-rw-r--r--  1 shardulr fnalgrid  62K Jun 27 18:29 singleStopAnalyzer.py
-rw-r--r--  1 shardulr fnalgrid  951 Jun 27 18:29 bJetMatcher.py
-rwxr-xr-x  1 shardulr fnalgrid  698 Jun 27 18:29 condor_exec.exe
-rw-r--r--  1 shardulr fnalgrid    0 Jun 27 18:29 docker_stderror
drwxrwxrwt  3 shardulr fnalgrid 4.0K Jun 27 18:29 var
drwxrwxrwt  2 shardulr fnalgrid 4.0K Jun 27 18:29 tmp
drwxr-xr-x  3 root     root     4.0K Jun 27 18:29 ..
srwxr-xr-x  1 shardulr fnalgrid    0 Jun 27 18:29 .docker_sock
drwxr-xr-x 17 shardulr fnalgrid 4.0K Jun 27 18:29 CMSSW_10_6_19_patch2
drwxr-xr-x  2 shardulr fnalgrid 4.0K Jun 27 18:29 framework
-rw-r--r--  1 shardulr fnalgrid 1.7K Jun 27 18:29 bJetMatcher.pyc
drwxr-xr-x  3 shardulr fnalgrid 4.0K Jun 27 18:29 output
-rw-r--r--  1 shardulr fnalgrid  215 Jun 27 18:29 _condor_stderr
-rw-r--r--  1 shardulr fnalgrid  13K Jun 27 18:34 .update.ad
drwx------  8 shardulr fnalgrid 4.0K Jun 27 18:34 .
-rw-r--r--  1 shardulr fnalgrid 5.1K Jun 27 18:37 _condor_stdout
