[FERMIHTC-APPTAINER]: INFO -- No Apptainer image specified
[FERMIHTC-APPTAINER]: INFO -- Running job on the host machine

[FERMIHTC-APPTAINER]: INFO -- Running ./condor_exec.exe
Starting job on  Tue Jun 27 18:29:54 UTC 2023
Running on: Linux shardulr-2169568-333-cmswn2077.fnal.gov 3.10.0-1160.90.1.el7.x86_64 #1 SMP Thu Apr 27 13:14:20 CDT 2023 x86_64 x86_64 x86_64 GNU/Linux
System software: Scientific Linux release 7.9 (Nitrogen)
Running ls -alrth:
total 164K
-rw-r--r--  1 shardulr fnalgrid  13K Jun 27 18:29 .machine.ad
-rw-r--r--  1 shardulr fnalgrid 5.0K Jun 27 18:29 .job.ad
-rwx------  1 shardulr fnalgrid   49 Jun 27 18:29 .chirp.config
-rw-------  1 shardulr fnalgrid  11K Jun 27 18:29 x509up
drwxr-xr-x  2 shardulr fnalgrid 4.0K Jun 27 18:29 samples
-rw-r--r--  1 shardulr fnalgrid  62K Jun 27 18:29 singleStopAnalyzer.py
drwxr-xr-x  2 shardulr fnalgrid 4.0K Jun 27 18:29 framework
-rwxr-xr-x  1 shardulr fnalgrid  698 Jun 27 18:29 condor_exec.exe
-rw-r--r--  1 shardulr fnalgrid  951 Jun 27 18:29 bJetMatcher.py
-rw-r--r--  1 shardulr fnalgrid    0 Jun 27 18:29 docker_stderror
drwxrwxrwt  3 shardulr fnalgrid 4.0K Jun 27 18:29 var
drwxrwxrwt  2 shardulr fnalgrid 4.0K Jun 27 18:29 tmp
drwxr-xr-x  3 root     root     4.0K Jun 27 18:29 ..
srwxr-xr-x  1 shardulr fnalgrid    0 Jun 27 18:29 .docker_sock
-rw-r--r--  1 shardulr fnalgrid  13K Jun 27 18:29 .update.ad
-rw-r--r--  1 shardulr fnalgrid  113 Jun 27 18:29 _condor_stderr
drwx------  7 shardulr fnalgrid 4.0K Jun 27 18:29 .
drwxr-xr-x 17 shardulr fnalgrid 4.0K Jun 27 18:29 CMSSW_10_6_19_patch2
-rw-r--r--  1 shardulr fnalgrid  453 Jun 27 18:29 _condor_stdout
/storage/local/data1/condor/execute/dir_31559/CMSSW_10_6_19_patch2 is the CMSSW we created on the local worker node
Running over Data2018 files
Blinding data, only using CR cuts (0 loose b's)
Using UL 2018 campaign working points
Pre-select 128610 entries out of 667427 (19.27%)
Processed    10000/  128610 entries,  7.78% (elapsed time    40.9s, curr speed    0.245 kHz, avg speed    0.245 kHz), accepted        0/   10001 events ( 0.00%)
Processed    20000/  128610 entries, 15.55% (elapsed time    82.3s, curr speed    0.242 kHz, avg speed    0.243 kHz), accepted        0/   20001 events ( 0.00%)
Processed    30000/  128610 entries, 23.33% (elapsed time   123.3s, curr speed    0.243 kHz, avg speed    0.243 kHz), accepted        0/   30001 events ( 0.00%)
Processed    40000/  128610 entries, 31.10% (elapsed time   159.6s, curr speed    0.276 kHz, avg speed    0.251 kHz), accepted      525/   40001 events ( 1.31%)
Processed    50000/  128610 entries, 38.88% (elapsed time   184.4s, curr speed    0.403 kHz, avg speed    0.271 kHz), accepted     2118/   50001 events ( 4.24%)
Processed    60000/  128610 entries, 46.65% (elapsed time   207.8s, curr speed    0.428 kHz, avg speed    0.289 kHz), accepted     3562/   60001 events ( 5.94%)
Processed    70000/  128610 entries, 54.43% (elapsed time   232.3s, curr speed    0.408 kHz, avg speed    0.301 kHz), accepted     5051/   70001 events ( 7.22%)
Processed    80000/  128610 entries, 62.20% (elapsed time   256.6s, curr speed    0.411 kHz, avg speed    0.312 kHz), accepted     6487/   80001 events ( 8.11%)
Processed    90000/  128610 entries, 69.98% (elapsed time   280.4s, curr speed    0.421 kHz, avg speed    0.321 kHz), accepted     7867/   90001 events ( 8.74%)
Processed   100000/  128610 entries, 77.75% (elapsed time   303.4s, curr speed    0.434 kHz, avg speed    0.330 kHz), accepted     9216/  100001 events ( 9.22%)
Processed   110000/  128610 entries, 85.53% (elapsed time   326.3s, curr speed    0.436 kHz, avg speed    0.337 kHz), accepted    10472/  110001 events ( 9.52%)
Processed   120000/  128610 entries, 93.31% (elapsed time   350.4s, curr speed    0.416 kHz, avg speed    0.342 kHz), accepted    11925/  120001 events ( 9.94%)
Processed 128610 preselected entries from root://cmsxrootd.fnal.gov//store/data/Run2018D/JetHT/NANOAOD/UL2018_MiniAODv2_NanoAODv9-v2/2540000/1BDB374F-1CF9-AE4A-B293-387A79A1436C.root (667427 entries). Finally selected 13255 entries
Total time 381.7 sec. to process 667427 events. Rate = 1748.5 Hz.
Running pwd:
/storage/local/data1/condor/execute/dir_31559
Running ls -alrth:
total 176K
-rw-r--r--  1 shardulr fnalgrid  13K Jun 27 18:29 .machine.ad
-rw-r--r--  1 shardulr fnalgrid 5.0K Jun 27 18:29 .job.ad
-rwx------  1 shardulr fnalgrid   49 Jun 27 18:29 .chirp.config
-rw-------  1 shardulr fnalgrid  11K Jun 27 18:29 x509up
drwxr-xr-x  2 shardulr fnalgrid 4.0K Jun 27 18:29 samples
-rw-r--r--  1 shardulr fnalgrid  62K Jun 27 18:29 singleStopAnalyzer.py
-rwxr-xr-x  1 shardulr fnalgrid  698 Jun 27 18:29 condor_exec.exe
-rw-r--r--  1 shardulr fnalgrid  951 Jun 27 18:29 bJetMatcher.py
-rw-r--r--  1 shardulr fnalgrid    0 Jun 27 18:29 docker_stderror
drwxrwxrwt  3 shardulr fnalgrid 4.0K Jun 27 18:29 var
drwxrwxrwt  2 shardulr fnalgrid 4.0K Jun 27 18:29 tmp
drwxr-xr-x  3 root     root     4.0K Jun 27 18:29 ..
srwxr-xr-x  1 shardulr fnalgrid    0 Jun 27 18:29 .docker_sock
drwxr-xr-x 17 shardulr fnalgrid 4.0K Jun 27 18:29 CMSSW_10_6_19_patch2
drwxr-xr-x  2 shardulr fnalgrid 4.0K Jun 27 18:29 framework
-rw-r--r--  1 shardulr fnalgrid 1.7K Jun 27 18:29 bJetMatcher.pyc
drwxr-xr-x  3 shardulr fnalgrid 4.0K Jun 27 18:29 output
-rw-r--r--  1 shardulr fnalgrid  215 Jun 27 18:30 _condor_stderr
-rw-r--r--  1 shardulr fnalgrid  13K Jun 27 18:36 .update.ad
drwx------  8 shardulr fnalgrid 4.0K Jun 27 18:36 .
-rw-r--r--  1 shardulr fnalgrid 4.2K Jun 27 18:36 _condor_stdout
