[FERMIHTC-APPTAINER]: INFO -- No Apptainer image specified
[FERMIHTC-APPTAINER]: INFO -- Running job on the host machine

[FERMIHTC-APPTAINER]: INFO -- Running ./condor_exec.exe
Starting job on  Tue Jun 27 18:29:24 UTC 2023
Running on: Linux shardulr-2169568-200-cmswn2102.fnal.gov 3.10.0-1160.90.1.el7.x86_64 #1 SMP Thu Apr 27 13:14:20 CDT 2023 x86_64 x86_64 x86_64 GNU/Linux
System software: Scientific Linux release 7.9 (Nitrogen)
Running ls -alrth:
total 164K
-rw-r--r--  1 shardulr fnalgrid 5.0K Jun 27 18:29 .job.ad
-rw-r--r--  1 shardulr fnalgrid  13K Jun 27 18:29 .machine.ad
-rwx------  1 shardulr fnalgrid   49 Jun 27 18:29 .chirp.config
-rw-------  1 shardulr fnalgrid  11K Jun 27 18:29 x509up
drwxr-xr-x  2 shardulr fnalgrid 4.0K Jun 27 18:29 samples
drwxr-xr-x  2 shardulr fnalgrid 4.0K Jun 27 18:29 framework
-rw-r--r--  1 shardulr fnalgrid  62K Jun 27 18:29 singleStopAnalyzer.py
-rwxr-xr-x  1 shardulr fnalgrid  698 Jun 27 18:29 condor_exec.exe
-rw-r--r--  1 shardulr fnalgrid  951 Jun 27 18:29 bJetMatcher.py
-rw-r--r--  1 shardulr fnalgrid    0 Jun 27 18:29 docker_stderror
drwxrwxrwt  3 shardulr fnalgrid 4.0K Jun 27 18:29 var
drwxrwxrwt  2 shardulr fnalgrid 4.0K Jun 27 18:29 tmp
-rw-r--r--  1 shardulr fnalgrid  13K Jun 27 18:29 .update.ad
drwxr-xr-x  3 root     root     4.0K Jun 27 18:29 ..
srwxr-xr-x  1 shardulr fnalgrid    0 Jun 27 18:29 .docker_sock
-rw-r--r--  1 shardulr fnalgrid  113 Jun 27 18:29 _condor_stderr
drwx------  7 shardulr fnalgrid 4.0K Jun 27 18:29 .
drwxr-xr-x 17 shardulr fnalgrid 4.0K Jun 27 18:29 CMSSW_10_6_19_patch2
-rw-r--r--  1 shardulr fnalgrid  453 Jun 27 18:29 _condor_stdout
/storage/local/data1/condor/execute/dir_4014/CMSSW_10_6_19_patch2 is the CMSSW we created on the local worker node
Running over Data2018 files
Blinding data, only using CR cuts (0 loose b's)
Using UL 2018 campaign working points
Pre-select 130433 entries out of 863533 (15.10%)
Processed    10000/  130433 entries,  7.67% (elapsed time    23.5s, curr speed    0.426 kHz, avg speed    0.426 kHz), accepted     1364/   10001 events (13.64%)
Processed    20000/  130433 entries, 15.33% (elapsed time    47.3s, curr speed    0.420 kHz, avg speed    0.423 kHz), accepted     2933/   20001 events (14.66%)
Processed    30000/  130433 entries, 23.00% (elapsed time    71.1s, curr speed    0.421 kHz, avg speed    0.422 kHz), accepted     4411/   30001 events (14.70%)
Processed    40000/  130433 entries, 30.67% (elapsed time    95.2s, curr speed    0.413 kHz, avg speed    0.420 kHz), accepted     6038/   40001 events (15.09%)
Processed    50000/  130433 entries, 38.33% (elapsed time   119.1s, curr speed    0.418 kHz, avg speed    0.420 kHz), accepted     7698/   50001 events (15.40%)
Processed    60000/  130433 entries, 46.00% (elapsed time   140.8s, curr speed    0.461 kHz, avg speed    0.426 kHz), accepted     8952/   60001 events (14.92%)
Processed    70000/  130433 entries, 53.67% (elapsed time   163.6s, curr speed    0.439 kHz, avg speed    0.428 kHz), accepted    10309/   70001 events (14.73%)
Processed    80000/  130433 entries, 61.33% (elapsed time   186.8s, curr speed    0.430 kHz, avg speed    0.428 kHz), accepted    11794/   80001 events (14.74%)
Processed    90000/  130433 entries, 69.00% (elapsed time   207.7s, curr speed    0.479 kHz, avg speed    0.433 kHz), accepted    12983/   90001 events (14.43%)
Processed   100000/  130433 entries, 76.67% (elapsed time   228.9s, curr speed    0.474 kHz, avg speed    0.437 kHz), accepted    14267/  100001 events (14.27%)
Processed   110000/  130433 entries, 84.33% (elapsed time   251.1s, curr speed    0.451 kHz, avg speed    0.438 kHz), accepted    15638/  110001 events (14.22%)
Processed   120000/  130433 entries, 92.00% (elapsed time   272.9s, curr speed    0.457 kHz, avg speed    0.440 kHz), accepted    16974/  120001 events (14.14%)
Processed   130000/  130433 entries, 99.67% (elapsed time   295.1s, curr speed    0.451 kHz, avg speed    0.441 kHz), accepted    18349/  130001 events (14.11%)
Processed 130433 preselected entries from root://cmsxrootd.fnal.gov//store/data/Run2018C/JetHT/NANOAOD/UL2018_MiniAODv2_NanoAODv9-v1/130000/2015FE93-05CC-4143-8FD7-C63ED0742DC0.root (863533 entries). Finally selected 18408 entries
Total time 307.3 sec. to process 863533 events. Rate = 2810.0 Hz.
Running pwd:
/storage/local/data1/condor/execute/dir_4014
Running ls -alrth:
total 176K
-rw-r--r--  1 shardulr fnalgrid 5.0K Jun 27 18:29 .job.ad
-rw-r--r--  1 shardulr fnalgrid  13K Jun 27 18:29 .machine.ad
-rwx------  1 shardulr fnalgrid   49 Jun 27 18:29 .chirp.config
-rw-------  1 shardulr fnalgrid  11K Jun 27 18:29 x509up
drwxr-xr-x  2 shardulr fnalgrid 4.0K Jun 27 18:29 samples
-rw-r--r--  1 shardulr fnalgrid  62K Jun 27 18:29 singleStopAnalyzer.py
-rwxr-xr-x  1 shardulr fnalgrid  698 Jun 27 18:29 condor_exec.exe
-rw-r--r--  1 shardulr fnalgrid  951 Jun 27 18:29 bJetMatcher.py
-rw-r--r--  1 shardulr fnalgrid    0 Jun 27 18:29 docker_stderror
drwxrwxrwt  3 shardulr fnalgrid 4.0K Jun 27 18:29 var
drwxrwxrwt  2 shardulr fnalgrid 4.0K Jun 27 18:29 tmp
drwxr-xr-x  3 root     root     4.0K Jun 27 18:29 ..
srwxr-xr-x  1 shardulr fnalgrid    0 Jun 27 18:29 .docker_sock
drwxr-xr-x 17 shardulr fnalgrid 4.0K Jun 27 18:29 CMSSW_10_6_19_patch2
drwxr-xr-x  2 shardulr fnalgrid 4.0K Jun 27 18:29 framework
-rw-r--r--  1 shardulr fnalgrid 1.7K Jun 27 18:29 bJetMatcher.pyc
drwxr-xr-x  3 shardulr fnalgrid 4.0K Jun 27 18:29 output
-rw-r--r--  1 shardulr fnalgrid  215 Jun 27 18:29 _condor_stderr
-rw-r--r--  1 shardulr fnalgrid  13K Jun 27 18:34 .update.ad
drwx------  8 shardulr fnalgrid 4.0K Jun 27 18:34 .
-rw-r--r--  1 shardulr fnalgrid 4.3K Jun 27 18:34 _condor_stdout
