[FERMIHTC-APPTAINER]: INFO -- No Apptainer image specified
[FERMIHTC-APPTAINER]: INFO -- Running job on the host machine

[FERMIHTC-APPTAINER]: INFO -- Running ./condor_exec.exe
Starting job on  Tue Jun 27 18:23:58 UTC 2023
Running on: Linux shardulr-2169568-108-cmswn2036.fnal.gov 3.10.0-1160.90.1.el7.x86_64 #1 SMP Thu Apr 27 13:14:20 CDT 2023 x86_64 x86_64 x86_64 GNU/Linux
System software: Scientific Linux release 7.9 (Nitrogen)
Running ls -alrth:
total 156K
-rw-r--r--  1 shardulr fnalgrid 5.0K Jun 27 18:23 .job.ad
-rw-r--r--  1 shardulr fnalgrid  12K Jun 27 18:23 .machine.ad
-rwx------  1 shardulr fnalgrid   49 Jun 27 18:23 .chirp.config
-rw-------  1 shardulr fnalgrid  11K Jun 27 18:23 x509up
drwxr-xr-x  2 shardulr fnalgrid 4.0K Jun 27 18:23 samples
drwxr-xr-x  2 shardulr fnalgrid 4.0K Jun 27 18:23 framework
-rw-r--r--  1 shardulr fnalgrid  62K Jun 27 18:23 singleStopAnalyzer.py
-rwxr-xr-x  1 shardulr fnalgrid  698 Jun 27 18:23 condor_exec.exe
-rw-r--r--  1 shardulr fnalgrid  951 Jun 27 18:23 bJetMatcher.py
-rw-r--r--  1 shardulr fnalgrid    0 Jun 27 18:23 docker_stderror
drwxrwxrwt  3 shardulr fnalgrid 4.0K Jun 27 18:23 var
drwxrwxrwt  2 shardulr fnalgrid 4.0K Jun 27 18:23 tmp
-rw-r--r--  1 shardulr fnalgrid  12K Jun 27 18:23 .update.ad
drwxr-xr-x  3 root     root     4.0K Jun 27 18:23 ..
srwxr-xr-x  1 shardulr fnalgrid    0 Jun 27 18:23 .docker_sock
-rw-r--r--  1 shardulr fnalgrid  113 Jun 27 18:23 _condor_stderr
drwx------  7 shardulr fnalgrid 4.0K Jun 27 18:23 .
drwxr-xr-x 17 shardulr fnalgrid 4.0K Jun 27 18:23 CMSSW_10_6_19_patch2
-rw-r--r--  1 shardulr fnalgrid  453 Jun 27 18:24 _condor_stdout
/storage/local/data1/condor/execute/dir_1830/CMSSW_10_6_19_patch2 is the CMSSW we created on the local worker node
Running over Data2018 files
Blinding data, only using CR cuts (0 loose b's)
Using UL 2018 campaign working points
Pre-select 170083 entries out of 1291370 (13.17%)
Processed    10000/  170083 entries,  5.88% (elapsed time    25.1s, curr speed    0.399 kHz, avg speed    0.399 kHz), accepted     1263/   10001 events (12.63%)
Processed    20000/  170083 entries, 11.76% (elapsed time    51.0s, curr speed    0.386 kHz, avg speed    0.392 kHz), accepted     2636/   20001 events (13.18%)
Processed    30000/  170083 entries, 17.64% (elapsed time    77.9s, curr speed    0.372 kHz, avg speed    0.385 kHz), accepted     4150/   30001 events (13.83%)
Processed    40000/  170083 entries, 23.52% (elapsed time   103.4s, curr speed    0.392 kHz, avg speed    0.387 kHz), accepted     5555/   40001 events (13.89%)
Processed    50000/  170083 entries, 29.40% (elapsed time   129.4s, curr speed    0.385 kHz, avg speed    0.386 kHz), accepted     6979/   50001 events (13.96%)
Processed    60000/  170083 entries, 35.28% (elapsed time   154.3s, curr speed    0.401 kHz, avg speed    0.389 kHz), accepted     8405/   60001 events (14.01%)
Processed    70000/  170083 entries, 41.16% (elapsed time   180.7s, curr speed    0.380 kHz, avg speed    0.387 kHz), accepted     9837/   70001 events (14.05%)
Processed    80000/  170083 entries, 47.04% (elapsed time   206.7s, curr speed    0.384 kHz, avg speed    0.387 kHz), accepted    11245/   80001 events (14.06%)
Processed    90000/  170083 entries, 52.92% (elapsed time   231.8s, curr speed    0.398 kHz, avg speed    0.388 kHz), accepted    12694/   90001 events (14.10%)
Processed   100000/  170083 entries, 58.79% (elapsed time   255.8s, curr speed    0.416 kHz, avg speed    0.391 kHz), accepted    14177/  100001 events (14.18%)
Processed   110000/  170083 entries, 64.67% (elapsed time   280.7s, curr speed    0.402 kHz, avg speed    0.392 kHz), accepted    15545/  110001 events (14.13%)
Processed   120000/  170083 entries, 70.55% (elapsed time   306.3s, curr speed    0.390 kHz, avg speed    0.392 kHz), accepted    16968/  120001 events (14.14%)
Processed   130000/  170083 entries, 76.43% (elapsed time   331.3s, curr speed    0.400 kHz, avg speed    0.392 kHz), accepted    18294/  130001 events (14.07%)
Processed   140000/  170083 entries, 82.31% (elapsed time   355.1s, curr speed    0.419 kHz, avg speed    0.394 kHz), accepted    19637/  140001 events (14.03%)
Processed   150000/  170083 entries, 88.19% (elapsed time   378.6s, curr speed    0.427 kHz, avg speed    0.396 kHz), accepted    21044/  150001 events (14.03%)
Processed   160000/  170083 entries, 94.07% (elapsed time   404.8s, curr speed    0.382 kHz, avg speed    0.395 kHz), accepted    22624/  160001 events (14.14%)
Processed   170000/  170083 entries, 99.95% (elapsed time   431.9s, curr speed    0.368 kHz, avg speed    0.394 kHz), accepted    24236/  170001 events (14.26%)
Processed 170083 preselected entries from root://cmsxrootd.fnal.gov//store/data/Run2018A/JetHT/NANOAOD/UL2018_MiniAODv2_NanoAODv9-v2/250000/5962E920-F770-9242-8BD0-7920F9355688.root (1291370 entries). Finally selected 24249 entries
Total time 446.5 sec. to process 1291370 events. Rate = 2892.1 Hz.
Running pwd:
/storage/local/data1/condor/execute/dir_1830
Running ls -alrth:
total 172K
-rw-r--r--  1 shardulr fnalgrid 5.0K Jun 27 18:23 .job.ad
-rw-r--r--  1 shardulr fnalgrid  12K Jun 27 18:23 .machine.ad
-rwx------  1 shardulr fnalgrid   49 Jun 27 18:23 .chirp.config
-rw-------  1 shardulr fnalgrid  11K Jun 27 18:23 x509up
drwxr-xr-x  2 shardulr fnalgrid 4.0K Jun 27 18:23 samples
-rw-r--r--  1 shardulr fnalgrid  62K Jun 27 18:23 singleStopAnalyzer.py
-rwxr-xr-x  1 shardulr fnalgrid  698 Jun 27 18:23 condor_exec.exe
-rw-r--r--  1 shardulr fnalgrid  951 Jun 27 18:23 bJetMatcher.py
-rw-r--r--  1 shardulr fnalgrid    0 Jun 27 18:23 docker_stderror
drwxrwxrwt  3 shardulr fnalgrid 4.0K Jun 27 18:23 var
drwxrwxrwt  2 shardulr fnalgrid 4.0K Jun 27 18:23 tmp
drwxr-xr-x  3 root     root     4.0K Jun 27 18:23 ..
srwxr-xr-x  1 shardulr fnalgrid    0 Jun 27 18:23 .docker_sock
drwxr-xr-x 17 shardulr fnalgrid 4.0K Jun 27 18:23 CMSSW_10_6_19_patch2
drwxr-xr-x  2 shardulr fnalgrid 4.0K Jun 27 18:24 framework
-rw-r--r--  1 shardulr fnalgrid 1.7K Jun 27 18:24 bJetMatcher.pyc
drwxr-xr-x  3 shardulr fnalgrid 4.0K Jun 27 18:24 output
-rw-r--r--  1 shardulr fnalgrid  215 Jun 27 18:24 _condor_stderr
-rw-r--r--  1 shardulr fnalgrid  13K Jun 27 18:31 .update.ad
drwx------  8 shardulr fnalgrid 4.0K Jun 27 18:31 .
-rw-r--r--  1 shardulr fnalgrid 5.0K Jun 27 18:31 _condor_stdout
