[FERMIHTC-APPTAINER]: INFO -- No Apptainer image specified
[FERMIHTC-APPTAINER]: INFO -- Running job on the host machine

[FERMIHTC-APPTAINER]: INFO -- Running ./condor_exec.exe
Starting job on  Tue Jun 27 18:29:50 UTC 2023
Running on: Linux shardulr-2169568-306-cmswn2039.fnal.gov 3.10.0-1160.90.1.el7.x86_64 #1 SMP Thu Apr 27 13:14:20 CDT 2023 x86_64 x86_64 x86_64 GNU/Linux
System software: Scientific Linux release 7.9 (Nitrogen)
Running ls -alrth:
total 164K
-rw-r--r--  1 shardulr fnalgrid 5.0K Jun 27 18:29 .job.ad
-rw-r--r--  1 shardulr fnalgrid  13K Jun 27 18:29 .machine.ad
-rwx------  1 shardulr fnalgrid   49 Jun 27 18:29 .chirp.config
-rw-------  1 shardulr fnalgrid  11K Jun 27 18:29 x509up
drwxr-xr-x  2 shardulr fnalgrid 4.0K Jun 27 18:29 samples
drwxr-xr-x  2 shardulr fnalgrid 4.0K Jun 27 18:29 framework
-rw-r--r--  1 shardulr fnalgrid  62K Jun 27 18:29 singleStopAnalyzer.py
-rwxr-xr-x  1 shardulr fnalgrid  698 Jun 27 18:29 condor_exec.exe
-rw-r--r--  1 shardulr fnalgrid  951 Jun 27 18:29 bJetMatcher.py
-rw-r--r--  1 shardulr fnalgrid    0 Jun 27 18:29 docker_stderror
drwxrwxrwt  2 shardulr fnalgrid 4.0K Jun 27 18:29 tmp
drwxrwxrwt  3 shardulr fnalgrid 4.0K Jun 27 18:29 var
drwxr-xr-x  3 root     root     4.0K Jun 27 18:29 ..
srwxr-xr-x  1 shardulr fnalgrid    0 Jun 27 18:29 .docker_sock
-rw-r--r--  1 shardulr fnalgrid  113 Jun 27 18:29 _condor_stderr
drwxr-xr-x 17 shardulr fnalgrid 4.0K Jun 27 18:29 CMSSW_10_6_19_patch2
-rw-r--r--  1 shardulr fnalgrid  13K Jun 27 18:29 .update.ad
drwx------  7 shardulr fnalgrid 4.0K Jun 27 18:29 .
-rw-r--r--  1 shardulr fnalgrid  453 Jun 27 18:29 _condor_stdout
/storage/local/data1/condor/execute/dir_12621/CMSSW_10_6_19_patch2 is the CMSSW we created on the local worker node
Running over Data2018 files
Blinding data, only using CR cuts (0 loose b's)
Using UL 2018 campaign working points
Pre-select 174629 entries out of 1255998 (13.90%)
Processed    10000/  174629 entries,  5.73% (elapsed time    29.9s, curr speed    0.335 kHz, avg speed    0.335 kHz), accepted     1740/   10001 events (17.40%)
Processed    20000/  174629 entries, 11.45% (elapsed time    51.6s, curr speed    0.460 kHz, avg speed    0.388 kHz), accepted     2786/   20001 events (13.93%)
Processed    30000/  174629 entries, 17.18% (elapsed time    77.6s, curr speed    0.384 kHz, avg speed    0.387 kHz), accepted     4361/   30001 events (14.54%)
Processed    40000/  174629 entries, 22.91% (elapsed time   103.8s, curr speed    0.381 kHz, avg speed    0.385 kHz), accepted     5973/   40001 events (14.93%)
Processed    50000/  174629 entries, 28.63% (elapsed time   129.3s, curr speed    0.392 kHz, avg speed    0.387 kHz), accepted     7501/   50001 events (15.00%)
Processed    60000/  174629 entries, 34.36% (elapsed time   154.4s, curr speed    0.399 kHz, avg speed    0.389 kHz), accepted     8846/   60001 events (14.74%)
Processed    70000/  174629 entries, 40.08% (elapsed time   181.1s, curr speed    0.374 kHz, avg speed    0.387 kHz), accepted    10509/   70001 events (15.01%)
Processed    80000/  174629 entries, 45.81% (elapsed time   206.3s, curr speed    0.396 kHz, avg speed    0.388 kHz), accepted    12010/   80001 events (15.01%)
Processed    90000/  174629 entries, 51.54% (elapsed time   228.3s, curr speed    0.456 kHz, avg speed    0.394 kHz), accepted    13108/   90001 events (14.56%)
Processed   100000/  174629 entries, 57.26% (elapsed time   253.7s, curr speed    0.393 kHz, avg speed    0.394 kHz), accepted    14633/  100001 events (14.63%)
Processed   110000/  174629 entries, 62.99% (elapsed time   279.2s, curr speed    0.393 kHz, avg speed    0.394 kHz), accepted    16181/  110001 events (14.71%)
Processed   120000/  174629 entries, 68.72% (elapsed time   305.8s, curr speed    0.376 kHz, avg speed    0.392 kHz), accepted    17827/  120001 events (14.86%)
Processed   130000/  174629 entries, 74.44% (elapsed time   331.5s, curr speed    0.389 kHz, avg speed    0.392 kHz), accepted    19364/  130001 events (14.90%)
Processed   140000/  174629 entries, 80.17% (elapsed time   357.4s, curr speed    0.387 kHz, avg speed    0.392 kHz), accepted    20993/  140001 events (14.99%)
Processed   150000/  174629 entries, 85.90% (elapsed time   381.2s, curr speed    0.419 kHz, avg speed    0.393 kHz), accepted    22308/  150001 events (14.87%)
Processed   160000/  174629 entries, 91.62% (elapsed time   405.9s, curr speed    0.405 kHz, avg speed    0.394 kHz), accepted    23704/  160001 events (14.81%)
Processed   170000/  174629 entries, 97.35% (elapsed time   433.2s, curr speed    0.365 kHz, avg speed    0.392 kHz), accepted    25236/  170001 events (14.84%)
Processed 174629 preselected entries from root://cmsxrootd.fnal.gov//store/data/Run2018D/JetHT/NANOAOD/UL2018_MiniAODv2_NanoAODv9-v2/2540000/1DD888C4-82F0-2A4E-AA99-F5F26560D3C9.root (1255998 entries). Finally selected 26029 entries
Total time 452.4 sec. to process 1255998 events. Rate = 2776.2 Hz.
Running pwd:
/storage/local/data1/condor/execute/dir_12621
Running ls -alrth:
total 176K
-rw-r--r--  1 shardulr fnalgrid 5.0K Jun 27 18:29 .job.ad
-rw-r--r--  1 shardulr fnalgrid  13K Jun 27 18:29 .machine.ad
-rwx------  1 shardulr fnalgrid   49 Jun 27 18:29 .chirp.config
-rw-------  1 shardulr fnalgrid  11K Jun 27 18:29 x509up
drwxr-xr-x  2 shardulr fnalgrid 4.0K Jun 27 18:29 samples
-rw-r--r--  1 shardulr fnalgrid  62K Jun 27 18:29 singleStopAnalyzer.py
-rwxr-xr-x  1 shardulr fnalgrid  698 Jun 27 18:29 condor_exec.exe
-rw-r--r--  1 shardulr fnalgrid  951 Jun 27 18:29 bJetMatcher.py
-rw-r--r--  1 shardulr fnalgrid    0 Jun 27 18:29 docker_stderror
drwxrwxrwt  2 shardulr fnalgrid 4.0K Jun 27 18:29 tmp
drwxrwxrwt  3 shardulr fnalgrid 4.0K Jun 27 18:29 var
drwxr-xr-x  3 root     root     4.0K Jun 27 18:29 ..
srwxr-xr-x  1 shardulr fnalgrid    0 Jun 27 18:29 .docker_sock
drwxr-xr-x 17 shardulr fnalgrid 4.0K Jun 27 18:29 CMSSW_10_6_19_patch2
drwxr-xr-x  2 shardulr fnalgrid 4.0K Jun 27 18:29 framework
-rw-r--r--  1 shardulr fnalgrid 1.7K Jun 27 18:29 bJetMatcher.pyc
drwxr-xr-x  3 shardulr fnalgrid 4.0K Jun 27 18:29 output
-rw-r--r--  1 shardulr fnalgrid  215 Jun 27 18:29 _condor_stderr
-rw-r--r--  1 shardulr fnalgrid  13K Jun 27 18:36 .update.ad
drwx------  8 shardulr fnalgrid 4.0K Jun 27 18:36 .
-rw-r--r--  1 shardulr fnalgrid 5.0K Jun 27 18:37 _condor_stdout
