[FERMIHTC-APPTAINER]: INFO -- No Apptainer image specified
[FERMIHTC-APPTAINER]: INFO -- Running job on the host machine

[FERMIHTC-APPTAINER]: INFO -- Running ./condor_exec.exe
Starting job on  Tue Jun 27 18:18:36 UTC 2023
Running on: Linux shardulr-2169568-46-cmswn2061.fnal.gov 3.10.0-1160.90.1.el7.x86_64 #1 SMP Thu Apr 27 13:14:20 CDT 2023 x86_64 x86_64 x86_64 GNU/Linux
System software: Scientific Linux release 7.9 (Nitrogen)
Running ls -alrth:
total 156K
-rw-r--r--  1 shardulr fnalgrid 5.0K Jun 27 18:18 .job.ad
-rw-r--r--  1 shardulr fnalgrid  12K Jun 27 18:18 .machine.ad
-rwx------  1 shardulr fnalgrid   49 Jun 27 18:18 .chirp.config
-rw-------  1 shardulr fnalgrid  11K Jun 27 18:18 x509up
drwxr-xr-x  2 shardulr fnalgrid 4.0K Jun 27 18:18 samples
drwxr-xr-x  2 shardulr fnalgrid 4.0K Jun 27 18:18 framework
-rw-r--r--  1 shardulr fnalgrid  62K Jun 27 18:18 singleStopAnalyzer.py
-rwxr-xr-x  1 shardulr fnalgrid  697 Jun 27 18:18 condor_exec.exe
-rw-r--r--  1 shardulr fnalgrid  951 Jun 27 18:18 bJetMatcher.py
-rw-r--r--  1 shardulr fnalgrid    0 Jun 27 18:18 docker_stderror
drwxrwxrwt  3 shardulr fnalgrid 4.0K Jun 27 18:18 var
drwxrwxrwt  2 shardulr fnalgrid 4.0K Jun 27 18:18 tmp
-rw-r--r--  1 shardulr fnalgrid  12K Jun 27 18:18 .update.ad
drwxr-xr-x  3 root     root     4.0K Jun 27 18:18 ..
srwxr-xr-x  1 shardulr fnalgrid    0 Jun 27 18:18 .docker_sock
-rw-r--r--  1 shardulr fnalgrid  113 Jun 27 18:18 _condor_stderr
drwx------  7 shardulr fnalgrid 4.0K Jun 27 18:18 .
drwxr-xr-x 17 shardulr fnalgrid 4.0K Jun 27 18:18 CMSSW_10_6_19_patch2
-rw-r--r--  1 shardulr fnalgrid  452 Jun 27 18:18 _condor_stdout
/storage/local/data1/condor/execute/dir_56399/CMSSW_10_6_19_patch2 is the CMSSW we created on the local worker node
Running over Data2018 files
Blinding data, only using CR cuts (0 loose b's)
Using UL 2018 campaign working points
Pre-select 139452 entries out of 952654 (14.64%)
Processed    10000/  139452 entries,  7.17% (elapsed time    26.4s, curr speed    0.379 kHz, avg speed    0.379 kHz), accepted     1423/   10001 events (14.23%)
Processed    20000/  139452 entries, 14.34% (elapsed time    52.4s, curr speed    0.384 kHz, avg speed    0.381 kHz), accepted     2903/   20001 events (14.51%)
Processed    30000/  139452 entries, 21.51% (elapsed time    71.9s, curr speed    0.513 kHz, avg speed    0.417 kHz), accepted     3652/   30001 events (12.17%)
Processed    40000/  139452 entries, 28.68% (elapsed time    94.3s, curr speed    0.446 kHz, avg speed    0.424 kHz), accepted     4740/   40001 events (11.85%)
Processed    50000/  139452 entries, 35.85% (elapsed time   119.1s, curr speed    0.404 kHz, avg speed    0.420 kHz), accepted     6124/   50001 events (12.25%)
Processed    60000/  139452 entries, 43.03% (elapsed time   145.2s, curr speed    0.383 kHz, avg speed    0.413 kHz), accepted     7657/   60001 events (12.76%)
Processed    70000/  139452 entries, 50.20% (elapsed time   170.6s, curr speed    0.394 kHz, avg speed    0.410 kHz), accepted     9077/   70001 events (12.97%)
Processed    80000/  139452 entries, 57.37% (elapsed time   197.1s, curr speed    0.377 kHz, avg speed    0.406 kHz), accepted    10730/   80001 events (13.41%)
Processed    90000/  139452 entries, 64.54% (elapsed time   221.3s, curr speed    0.414 kHz, avg speed    0.407 kHz), accepted    11993/   90001 events (13.33%)
Processed   100000/  139452 entries, 71.71% (elapsed time   247.3s, curr speed    0.385 kHz, avg speed    0.404 kHz), accepted    13539/  100001 events (13.54%)
Processed   110000/  139452 entries, 78.88% (elapsed time   273.4s, curr speed    0.383 kHz, avg speed    0.402 kHz), accepted    15082/  110001 events (13.71%)
Processed   120000/  139452 entries, 86.05% (elapsed time   298.9s, curr speed    0.393 kHz, avg speed    0.402 kHz), accepted    16521/  120001 events (13.77%)
Processed   130000/  139452 entries, 93.22% (elapsed time   324.2s, curr speed    0.395 kHz, avg speed    0.401 kHz), accepted    17930/  130001 events (13.79%)
Processed 139452 preselected entries from root://cmsxrootd.fnal.gov//store/data/Run2018A/JetHT/NANOAOD/UL2018_MiniAODv2_NanoAODv9-v2/250000/2F422EC0-8AD9-EC44-AA4F-AE3FF5BA9D8C.root (952654 entries). Finally selected 19298 entries
Total time 354.2 sec. to process 952654 events. Rate = 2689.5 Hz.
Running pwd:
/storage/local/data1/condor/execute/dir_56399
Running ls -alrth:
total 168K
-rw-r--r--  1 shardulr fnalgrid 5.0K Jun 27 18:18 .job.ad
-rw-r--r--  1 shardulr fnalgrid  12K Jun 27 18:18 .machine.ad
-rwx------  1 shardulr fnalgrid   49 Jun 27 18:18 .chirp.config
-rw-------  1 shardulr fnalgrid  11K Jun 27 18:18 x509up
drwxr-xr-x  2 shardulr fnalgrid 4.0K Jun 27 18:18 samples
-rw-r--r--  1 shardulr fnalgrid  62K Jun 27 18:18 singleStopAnalyzer.py
-rwxr-xr-x  1 shardulr fnalgrid  697 Jun 27 18:18 condor_exec.exe
-rw-r--r--  1 shardulr fnalgrid  951 Jun 27 18:18 bJetMatcher.py
-rw-r--r--  1 shardulr fnalgrid    0 Jun 27 18:18 docker_stderror
drwxrwxrwt  3 shardulr fnalgrid 4.0K Jun 27 18:18 var
drwxrwxrwt  2 shardulr fnalgrid 4.0K Jun 27 18:18 tmp
drwxr-xr-x  3 root     root     4.0K Jun 27 18:18 ..
srwxr-xr-x  1 shardulr fnalgrid    0 Jun 27 18:18 .docker_sock
drwxr-xr-x 17 shardulr fnalgrid 4.0K Jun 27 18:18 CMSSW_10_6_19_patch2
drwxr-xr-x  2 shardulr fnalgrid 4.0K Jun 27 18:18 framework
-rw-r--r--  1 shardulr fnalgrid 1.7K Jun 27 18:18 bJetMatcher.pyc
drwxr-xr-x  3 shardulr fnalgrid 4.0K Jun 27 18:18 output
-rw-r--r--  1 shardulr fnalgrid  215 Jun 27 18:18 _condor_stderr
-rw-r--r--  1 shardulr fnalgrid  12K Jun 27 18:24 .update.ad
drwx------  8 shardulr fnalgrid 4.0K Jun 27 18:24 .
-rw-r--r--  1 shardulr fnalgrid 4.3K Jun 27 18:24 _condor_stdout
