[FERMIHTC-APPTAINER]: INFO -- No Apptainer image specified
[FERMIHTC-APPTAINER]: INFO -- Running job on the host machine

[FERMIHTC-APPTAINER]: INFO -- Running ./condor_exec.exe
Starting job on  Tue Jun 27 18:18:37 UTC 2023
Running on: Linux shardulr-2169568-42-cmswn2023.fnal.gov 3.10.0-1160.90.1.el7.x86_64 #1 SMP Thu Apr 27 13:14:20 CDT 2023 x86_64 x86_64 x86_64 GNU/Linux
System software: Scientific Linux release 7.9 (Nitrogen)
Running ls -alrth:
total 156K
-rw-r--r--  1 shardulr fnalgrid  12K Jun 27 18:18 .machine.ad
-rw-r--r--  1 shardulr fnalgrid 5.0K Jun 27 18:18 .job.ad
-rwx------  1 shardulr fnalgrid   49 Jun 27 18:18 .chirp.config
-rw-------  1 shardulr fnalgrid  11K Jun 27 18:18 x509up
drwxr-xr-x  2 shardulr fnalgrid 4.0K Jun 27 18:18 samples
-rw-r--r--  1 shardulr fnalgrid  62K Jun 27 18:18 singleStopAnalyzer.py
drwxr-xr-x  2 shardulr fnalgrid 4.0K Jun 27 18:18 framework
-rwxr-xr-x  1 shardulr fnalgrid  697 Jun 27 18:18 condor_exec.exe
-rw-r--r--  1 shardulr fnalgrid  951 Jun 27 18:18 bJetMatcher.py
-rw-r--r--  1 shardulr fnalgrid    0 Jun 27 18:18 docker_stderror
drwxrwxrwt  3 shardulr fnalgrid 4.0K Jun 27 18:18 var
drwxrwxrwt  2 shardulr fnalgrid 4.0K Jun 27 18:18 tmp
-rw-r--r--  1 shardulr fnalgrid  12K Jun 27 18:18 .update.ad
drwxr-xr-x  3 root     root     4.0K Jun 27 18:18 ..
srwxr-xr-x  1 shardulr fnalgrid    0 Jun 27 18:18 .docker_sock
-rw-r--r--  1 shardulr fnalgrid  113 Jun 27 18:18 _condor_stderr
drwx------  7 shardulr fnalgrid 4.0K Jun 27 18:18 .
drwxr-xr-x 17 shardulr fnalgrid 4.0K Jun 27 18:18 CMSSW_10_6_19_patch2
-rw-r--r--  1 shardulr fnalgrid  452 Jun 27 18:18 _condor_stdout
/storage/local/data1/condor/execute/dir_13890/CMSSW_10_6_19_patch2 is the CMSSW we created on the local worker node
Running over Data2018 files
Blinding data, only using CR cuts (0 loose b's)
Using UL 2018 campaign working points
Pre-select 212651 entries out of 1716903 (12.39%)
Processed    10000/  212651 entries,  4.70% (elapsed time    26.6s, curr speed    0.376 kHz, avg speed    0.376 kHz), accepted     1215/   10001 events (12.15%)
Processed    20000/  212651 entries,  9.41% (elapsed time    52.0s, curr speed    0.394 kHz, avg speed    0.385 kHz), accepted     2417/   20001 events (12.08%)
Processed    30000/  212651 entries, 14.11% (elapsed time    77.6s, curr speed    0.391 kHz, avg speed    0.387 kHz), accepted     3686/   30001 events (12.29%)
Processed    40000/  212651 entries, 18.81% (elapsed time   103.8s, curr speed    0.381 kHz, avg speed    0.385 kHz), accepted     5048/   40001 events (12.62%)
Processed    50000/  212651 entries, 23.51% (elapsed time   129.8s, curr speed    0.385 kHz, avg speed    0.385 kHz), accepted     6413/   50001 events (12.83%)
Processed    60000/  212651 entries, 28.22% (elapsed time   156.5s, curr speed    0.375 kHz, avg speed    0.383 kHz), accepted     7849/   60001 events (13.08%)
Processed    70000/  212651 entries, 32.92% (elapsed time   182.4s, curr speed    0.386 kHz, avg speed    0.384 kHz), accepted     9144/   70001 events (13.06%)
Processed    80000/  212651 entries, 37.62% (elapsed time   208.3s, curr speed    0.387 kHz, avg speed    0.384 kHz), accepted    10441/   80001 events (13.05%)
Processed    90000/  212651 entries, 42.32% (elapsed time   234.4s, curr speed    0.383 kHz, avg speed    0.384 kHz), accepted    11747/   90001 events (13.05%)
Processed   100000/  212651 entries, 47.03% (elapsed time   260.7s, curr speed    0.380 kHz, avg speed    0.384 kHz), accepted    13089/  100001 events (13.09%)
Processed   110000/  212651 entries, 51.73% (elapsed time   287.1s, curr speed    0.380 kHz, avg speed    0.383 kHz), accepted    14458/  110001 events (13.14%)
Processed   120000/  212651 entries, 56.43% (elapsed time   313.5s, curr speed    0.378 kHz, avg speed    0.383 kHz), accepted    15828/  120001 events (13.19%)
Processed   130000/  212651 entries, 61.13% (elapsed time   339.7s, curr speed    0.382 kHz, avg speed    0.383 kHz), accepted    17233/  130001 events (13.26%)
Processed   140000/  212651 entries, 65.84% (elapsed time   365.8s, curr speed    0.383 kHz, avg speed    0.383 kHz), accepted    18620/  140001 events (13.30%)
Processed   150000/  212651 entries, 70.54% (elapsed time   391.4s, curr speed    0.391 kHz, avg speed    0.383 kHz), accepted    19932/  150001 events (13.29%)
Processed   160000/  212651 entries, 75.24% (elapsed time   417.6s, curr speed    0.381 kHz, avg speed    0.383 kHz), accepted    21356/  160001 events (13.35%)
Processed   170000/  212651 entries, 79.94% (elapsed time   444.6s, curr speed    0.370 kHz, avg speed    0.382 kHz), accepted    22823/  170001 events (13.43%)
Processed   180000/  212651 entries, 84.65% (elapsed time   471.3s, curr speed    0.375 kHz, avg speed    0.382 kHz), accepted    24207/  180001 events (13.45%)
Processed   190000/  212651 entries, 89.35% (elapsed time   496.9s, curr speed    0.391 kHz, avg speed    0.382 kHz), accepted    25502/  190001 events (13.42%)
Processed   200000/  212651 entries, 94.05% (elapsed time   522.5s, curr speed    0.390 kHz, avg speed    0.383 kHz), accepted    26854/  200001 events (13.43%)
Processed   210000/  212651 entries, 98.75% (elapsed time   547.7s, curr speed    0.397 kHz, avg speed    0.383 kHz), accepted    28193/  210001 events (13.43%)
Processed 212651 preselected entries from root://cmsxrootd.fnal.gov//store/data/Run2018A/JetHT/NANOAOD/UL2018_MiniAODv2_NanoAODv9-v2/250000/67201424-D0FD-A443-870D-572CF3569307.root (1716903 entries). Finally selected 28562 entries
Total time 564.0 sec. to process 1716903 events. Rate = 3044.1 Hz.
Running pwd:
/storage/local/data1/condor/execute/dir_13890
Running ls -alrth:
total 172K
-rw-r--r--  1 shardulr fnalgrid  12K Jun 27 18:18 .machine.ad
-rw-r--r--  1 shardulr fnalgrid 5.0K Jun 27 18:18 .job.ad
-rwx------  1 shardulr fnalgrid   49 Jun 27 18:18 .chirp.config
-rw-------  1 shardulr fnalgrid  11K Jun 27 18:18 x509up
drwxr-xr-x  2 shardulr fnalgrid 4.0K Jun 27 18:18 samples
-rw-r--r--  1 shardulr fnalgrid  62K Jun 27 18:18 singleStopAnalyzer.py
-rwxr-xr-x  1 shardulr fnalgrid  697 Jun 27 18:18 condor_exec.exe
-rw-r--r--  1 shardulr fnalgrid  951 Jun 27 18:18 bJetMatcher.py
-rw-r--r--  1 shardulr fnalgrid    0 Jun 27 18:18 docker_stderror
drwxrwxrwt  3 shardulr fnalgrid 4.0K Jun 27 18:18 var
drwxrwxrwt  2 shardulr fnalgrid 4.0K Jun 27 18:18 tmp
drwxr-xr-x  3 root     root     4.0K Jun 27 18:18 ..
srwxr-xr-x  1 shardulr fnalgrid    0 Jun 27 18:18 .docker_sock
drwxr-xr-x 17 shardulr fnalgrid 4.0K Jun 27 18:18 CMSSW_10_6_19_patch2
drwxr-xr-x  2 shardulr fnalgrid 4.0K Jun 27 18:18 framework
-rw-r--r--  1 shardulr fnalgrid 1.7K Jun 27 18:18 bJetMatcher.pyc
drwxr-xr-x  3 shardulr fnalgrid 4.0K Jun 27 18:18 output
-rw-r--r--  1 shardulr fnalgrid  215 Jun 27 18:18 _condor_stderr
-rw-r--r--  1 shardulr fnalgrid  13K Jun 27 18:23 .update.ad
drwx------  8 shardulr fnalgrid 4.0K Jun 27 18:23 .
-rw-r--r--  1 shardulr fnalgrid 5.6K Jun 27 18:28 _condor_stdout
