[FERMIHTC-APPTAINER]: INFO -- No Apptainer image specified
[FERMIHTC-APPTAINER]: INFO -- Running job on the host machine

[FERMIHTC-APPTAINER]: INFO -- Running ./condor_exec.exe
Starting job on  Tue Jun 27 18:18:08 UTC 2023
Running on: Linux shardulr-2169568-30-cmswn2104.fnal.gov 3.10.0-1160.90.1.el7.x86_64 #1 SMP Thu Apr 27 13:14:20 CDT 2023 x86_64 x86_64 x86_64 GNU/Linux
System software: Scientific Linux release 7.9 (Nitrogen)
Running ls -alrth:
total 160K
-rw-r--r--  1 shardulr fnalgrid  13K Jun 27 18:18 .machine.ad
-rw-r--r--  1 shardulr fnalgrid 5.0K Jun 27 18:18 .job.ad
-rwx------  1 shardulr fnalgrid   49 Jun 27 18:18 .chirp.config
-rw-------  1 shardulr fnalgrid  11K Jun 27 18:18 x509up
drwxr-xr-x  2 shardulr fnalgrid 4.0K Jun 27 18:18 samples
drwxr-xr-x  2 shardulr fnalgrid 4.0K Jun 27 18:18 framework
-rw-r--r--  1 shardulr fnalgrid  62K Jun 27 18:18 singleStopAnalyzer.py
-rw-r--r--  1 shardulr fnalgrid  951 Jun 27 18:18 bJetMatcher.py
-rwxr-xr-x  1 shardulr fnalgrid  697 Jun 27 18:18 condor_exec.exe
-rw-r--r--  1 shardulr fnalgrid    0 Jun 27 18:18 docker_stderror
drwxrwxrwt  3 shardulr fnalgrid 4.0K Jun 27 18:18 var
drwxrwxrwt  2 shardulr fnalgrid 4.0K Jun 27 18:18 tmp
-rw-r--r--  1 shardulr fnalgrid  12K Jun 27 18:18 .update.ad
drwxr-xr-x  3 root     root     4.0K Jun 27 18:18 ..
srwxr-xr-x  1 shardulr fnalgrid    0 Jun 27 18:18 .docker_sock
-rw-r--r--  1 shardulr fnalgrid  113 Jun 27 18:18 _condor_stderr
drwx------  7 shardulr fnalgrid 4.0K Jun 27 18:18 .
drwxr-xr-x 17 shardulr fnalgrid 4.0K Jun 27 18:18 CMSSW_10_6_19_patch2
-rw-r--r--  1 shardulr fnalgrid  452 Jun 27 18:18 _condor_stdout
/storage/local/data1/condor/execute/dir_27661/CMSSW_10_6_19_patch2 is the CMSSW we created on the local worker node
Running over Data2018 files
Blinding data, only using CR cuts (0 loose b's)
Using UL 2018 campaign working points
Pre-select 171521 entries out of 1357076 (12.64%)
Processed    10000/  171521 entries,  5.83% (elapsed time    25.8s, curr speed    0.388 kHz, avg speed    0.388 kHz), accepted     1174/   10001 events (11.74%)
Processed    20000/  171521 entries, 11.66% (elapsed time    51.8s, curr speed    0.384 kHz, avg speed    0.386 kHz), accepted     2524/   20001 events (12.62%)
Processed    30000/  171521 entries, 17.49% (elapsed time    78.7s, curr speed    0.373 kHz, avg speed    0.381 kHz), accepted     3901/   30001 events (13.00%)
Processed    40000/  171521 entries, 23.32% (elapsed time   105.0s, curr speed    0.379 kHz, avg speed    0.381 kHz), accepted     5270/   40001 events (13.17%)
Processed    50000/  171521 entries, 29.15% (elapsed time   130.5s, curr speed    0.393 kHz, avg speed    0.383 kHz), accepted     6510/   50001 events (13.02%)
Processed    60000/  171521 entries, 34.98% (elapsed time   156.6s, curr speed    0.382 kHz, avg speed    0.383 kHz), accepted     7796/   60001 events (12.99%)
Processed    70000/  171521 entries, 40.81% (elapsed time   183.6s, curr speed    0.371 kHz, avg speed    0.381 kHz), accepted     9252/   70001 events (13.22%)
Processed    80000/  171521 entries, 46.64% (elapsed time   210.2s, curr speed    0.376 kHz, avg speed    0.381 kHz), accepted    10598/   80001 events (13.25%)
Processed    90000/  171521 entries, 52.47% (elapsed time   236.5s, curr speed    0.381 kHz, avg speed    0.381 kHz), accepted    11974/   90001 events (13.30%)
Processed   100000/  171521 entries, 58.30% (elapsed time   262.2s, curr speed    0.389 kHz, avg speed    0.381 kHz), accepted    13369/  100001 events (13.37%)
Processed   110000/  171521 entries, 64.13% (elapsed time   289.2s, curr speed    0.370 kHz, avg speed    0.380 kHz), accepted    14932/  110001 events (13.57%)
Processed   120000/  171521 entries, 69.96% (elapsed time   315.1s, curr speed    0.386 kHz, avg speed    0.381 kHz), accepted    16381/  120001 events (13.65%)
Processed   130000/  171521 entries, 75.79% (elapsed time   341.4s, curr speed    0.381 kHz, avg speed    0.381 kHz), accepted    17852/  130001 events (13.73%)
Processed   140000/  171521 entries, 81.62% (elapsed time   367.5s, curr speed    0.383 kHz, avg speed    0.381 kHz), accepted    19293/  140001 events (13.78%)
Processed   150000/  171521 entries, 87.45% (elapsed time   394.9s, curr speed    0.366 kHz, avg speed    0.380 kHz), accepted    20872/  150001 events (13.91%)
Processed   160000/  171521 entries, 93.28% (elapsed time   420.2s, curr speed    0.395 kHz, avg speed    0.381 kHz), accepted    22149/  160001 events (13.84%)
Processed   170000/  171521 entries, 99.11% (elapsed time   445.9s, curr speed    0.389 kHz, avg speed    0.381 kHz), accepted    23498/  170001 events (13.82%)
Processed 171521 preselected entries from root://cmsxrootd.fnal.gov//store/data/Run2018A/JetHT/NANOAOD/UL2018_MiniAODv2_NanoAODv9-v2/100000/94D79456-EF47-7C4C-8D7E-E35D0EB5B1DB.root (1357076 entries). Finally selected 23715 entries
Total time 458.3 sec. to process 1357076 events. Rate = 2961.2 Hz.
Running pwd:
/storage/local/data1/condor/execute/dir_27661
Running ls -alrth:
total 172K
-rw-r--r--  1 shardulr fnalgrid  13K Jun 27 18:18 .machine.ad
-rw-r--r--  1 shardulr fnalgrid 5.0K Jun 27 18:18 .job.ad
-rwx------  1 shardulr fnalgrid   49 Jun 27 18:18 .chirp.config
-rw-------  1 shardulr fnalgrid  11K Jun 27 18:18 x509up
drwxr-xr-x  2 shardulr fnalgrid 4.0K Jun 27 18:18 samples
-rw-r--r--  1 shardulr fnalgrid  62K Jun 27 18:18 singleStopAnalyzer.py
-rw-r--r--  1 shardulr fnalgrid  951 Jun 27 18:18 bJetMatcher.py
-rwxr-xr-x  1 shardulr fnalgrid  697 Jun 27 18:18 condor_exec.exe
-rw-r--r--  1 shardulr fnalgrid    0 Jun 27 18:18 docker_stderror
drwxrwxrwt  3 shardulr fnalgrid 4.0K Jun 27 18:18 var
drwxrwxrwt  2 shardulr fnalgrid 4.0K Jun 27 18:18 tmp
drwxr-xr-x  3 root     root     4.0K Jun 27 18:18 ..
srwxr-xr-x  1 shardulr fnalgrid    0 Jun 27 18:18 .docker_sock
drwxr-xr-x 17 shardulr fnalgrid 4.0K Jun 27 18:18 CMSSW_10_6_19_patch2
drwxr-xr-x  2 shardulr fnalgrid 4.0K Jun 27 18:18 framework
-rw-r--r--  1 shardulr fnalgrid 1.7K Jun 27 18:18 bJetMatcher.pyc
drwxr-xr-x  3 shardulr fnalgrid 4.0K Jun 27 18:18 output
-rw-r--r--  1 shardulr fnalgrid  215 Jun 27 18:18 _condor_stderr
-rw-r--r--  1 shardulr fnalgrid  12K Jun 27 18:23 .update.ad
drwx------  8 shardulr fnalgrid 4.0K Jun 27 18:23 .
-rw-r--r--  1 shardulr fnalgrid 5.0K Jun 27 18:25 _condor_stdout
