[FERMIHTC-APPTAINER]: INFO -- No Apptainer image specified
[FERMIHTC-APPTAINER]: INFO -- Running job on the host machine

[FERMIHTC-APPTAINER]: INFO -- Running ./condor_exec.exe
Starting job on  Tue Jun 27 18:25:51 UTC 2023
Running on: Linux shardulr-2169568-133-cmswn2071.fnal.gov 3.10.0-1160.90.1.el7.x86_64 #1 SMP Thu Apr 27 13:14:20 CDT 2023 x86_64 x86_64 x86_64 GNU/Linux
System software: Scientific Linux release 7.9 (Nitrogen)
Running ls -alrth:
total 160K
-rw-r--r--  1 shardulr fnalgrid 5.1K Jun 27 18:25 .job.ad
-rw-r--r--  1 shardulr fnalgrid  13K Jun 27 18:25 .machine.ad
-rwx------  1 shardulr fnalgrid   49 Jun 27 18:25 .chirp.config
-rw-------  1 shardulr fnalgrid  11K Jun 27 18:25 x509up
drwxr-xr-x  2 shardulr fnalgrid 4.0K Jun 27 18:25 samples
drwxr-xr-x  2 shardulr fnalgrid 4.0K Jun 27 18:25 framework
-rw-r--r--  1 shardulr fnalgrid  62K Jun 27 18:25 singleStopAnalyzer.py
-rwxr-xr-x  1 shardulr fnalgrid  698 Jun 27 18:25 condor_exec.exe
-rw-r--r--  1 shardulr fnalgrid  951 Jun 27 18:25 bJetMatcher.py
-rw-r--r--  1 shardulr fnalgrid    0 Jun 27 18:25 docker_stderror
drwxrwxrwt  3 shardulr fnalgrid 4.0K Jun 27 18:25 var
drwxrwxrwt  2 shardulr fnalgrid 4.0K Jun 27 18:25 tmp
-rw-r--r--  1 shardulr fnalgrid  12K Jun 27 18:25 .update.ad
drwxr-xr-x  3 root     root     4.0K Jun 27 18:25 ..
srwxr-xr-x  1 shardulr fnalgrid    0 Jun 27 18:25 .docker_sock
-rw-r--r--  1 shardulr fnalgrid  113 Jun 27 18:25 _condor_stderr
drwx------  7 shardulr fnalgrid 4.0K Jun 27 18:25 .
drwxr-xr-x 17 shardulr fnalgrid 4.0K Jun 27 18:25 CMSSW_10_6_19_patch2
-rw-r--r--  1 shardulr fnalgrid  453 Jun 27 18:25 _condor_stdout
/storage/local/data1/condor/execute/dir_42794/CMSSW_10_6_19_patch2 is the CMSSW we created on the local worker node
Running over Data2018 files
Blinding data, only using CR cuts (0 loose b's)
Using UL 2018 campaign working points
Pre-select 145016 entries out of 1062068 (13.65%)
Processed    10000/  145016 entries,  6.90% (elapsed time    28.1s, curr speed    0.356 kHz, avg speed    0.356 kHz), accepted     1339/   10001 events (13.39%)
Processed    20000/  145016 entries, 13.79% (elapsed time    54.9s, curr speed    0.373 kHz, avg speed    0.364 kHz), accepted     2656/   20001 events (13.28%)
Processed    30000/  145016 entries, 20.69% (elapsed time    82.7s, curr speed    0.360 kHz, avg speed    0.363 kHz), accepted     3862/   30001 events (12.87%)
Processed    40000/  145016 entries, 27.58% (elapsed time   111.6s, curr speed    0.345 kHz, avg speed    0.358 kHz), accepted     5388/   40001 events (13.47%)
Processed    50000/  145016 entries, 34.48% (elapsed time   139.6s, curr speed    0.357 kHz, avg speed    0.358 kHz), accepted     6826/   50001 events (13.65%)
Processed    60000/  145016 entries, 41.37% (elapsed time   167.7s, curr speed    0.356 kHz, avg speed    0.358 kHz), accepted     8312/   60001 events (13.85%)
Processed    70000/  145016 entries, 48.27% (elapsed time   195.9s, curr speed    0.354 kHz, avg speed    0.357 kHz), accepted     9834/   70001 events (14.05%)
Processed    80000/  145016 entries, 55.17% (elapsed time   223.6s, curr speed    0.362 kHz, avg speed    0.358 kHz), accepted    11241/   80001 events (14.05%)
Processed    90000/  145016 entries, 62.06% (elapsed time   252.3s, curr speed    0.348 kHz, avg speed    0.357 kHz), accepted    12828/   90001 events (14.25%)
Processed   100000/  145016 entries, 68.96% (elapsed time   279.8s, curr speed    0.364 kHz, avg speed    0.357 kHz), accepted    14320/  100001 events (14.32%)
Processed   110000/  145016 entries, 75.85% (elapsed time   307.6s, curr speed    0.359 kHz, avg speed    0.358 kHz), accepted    15740/  110001 events (14.31%)
Processed   120000/  145016 entries, 82.75% (elapsed time   332.8s, curr speed    0.397 kHz, avg speed    0.361 kHz), accepted    16811/  120001 events (14.01%)
Processed   130000/  145016 entries, 89.65% (elapsed time   361.0s, curr speed    0.355 kHz, avg speed    0.360 kHz), accepted    18302/  130001 events (14.08%)
Processed   140000/  145016 entries, 96.54% (elapsed time   388.0s, curr speed    0.370 kHz, avg speed    0.361 kHz), accepted    19678/  140001 events (14.06%)
Processed 145016 preselected entries from root://cmsxrootd.fnal.gov//store/data/Run2018A/JetHT/NANOAOD/UL2018_MiniAODv2_NanoAODv9-v2/250000/9053BF93-F7A0-4A46-B262-891F3E4ECBA2.root (1062068 entries). Finally selected 20449 entries
Total time 413.0 sec. to process 1062068 events. Rate = 2571.4 Hz.
Running pwd:
/storage/local/data1/condor/execute/dir_42794
Running ls -alrth:
total 176K
-rw-r--r--  1 shardulr fnalgrid 5.1K Jun 27 18:25 .job.ad
-rw-r--r--  1 shardulr fnalgrid  13K Jun 27 18:25 .machine.ad
-rwx------  1 shardulr fnalgrid   49 Jun 27 18:25 .chirp.config
-rw-------  1 shardulr fnalgrid  11K Jun 27 18:25 x509up
drwxr-xr-x  2 shardulr fnalgrid 4.0K Jun 27 18:25 samples
-rw-r--r--  1 shardulr fnalgrid  62K Jun 27 18:25 singleStopAnalyzer.py
-rwxr-xr-x  1 shardulr fnalgrid  698 Jun 27 18:25 condor_exec.exe
-rw-r--r--  1 shardulr fnalgrid  951 Jun 27 18:25 bJetMatcher.py
-rw-r--r--  1 shardulr fnalgrid    0 Jun 27 18:25 docker_stderror
drwxrwxrwt  3 shardulr fnalgrid 4.0K Jun 27 18:25 var
drwxrwxrwt  2 shardulr fnalgrid 4.0K Jun 27 18:25 tmp
drwxr-xr-x  3 root     root     4.0K Jun 27 18:25 ..
srwxr-xr-x  1 shardulr fnalgrid    0 Jun 27 18:25 .docker_sock
drwxr-xr-x 17 shardulr fnalgrid 4.0K Jun 27 18:25 CMSSW_10_6_19_patch2
drwxr-xr-x  2 shardulr fnalgrid 4.0K Jun 27 18:25 framework
-rw-r--r--  1 shardulr fnalgrid 1.7K Jun 27 18:25 bJetMatcher.pyc
drwxr-xr-x  3 shardulr fnalgrid 4.0K Jun 27 18:25 output
-rw-r--r--  1 shardulr fnalgrid  215 Jun 27 18:25 _condor_stderr
-rw-r--r--  1 shardulr fnalgrid  13K Jun 27 18:32 .update.ad
drwx------  8 shardulr fnalgrid 4.0K Jun 27 18:32 .
-rw-r--r--  1 shardulr fnalgrid 4.5K Jun 27 18:32 _condor_stdout
