[FERMIHTC-APPTAINER]: INFO -- No Apptainer image specified
[FERMIHTC-APPTAINER]: INFO -- Running job on the host machine

[FERMIHTC-APPTAINER]: INFO -- Running ./condor_exec.exe
Starting job on  Tue Jun 27 18:29:51 UTC 2023
Running on: Linux shardulr-2169568-334-cmswn2064.fnal.gov 3.10.0-1160.90.1.el7.x86_64 #1 SMP Thu Apr 27 13:14:20 CDT 2023 x86_64 x86_64 x86_64 GNU/Linux
System software: Scientific Linux release 7.9 (Nitrogen)
Running ls -alrth:
total 164K
-rw-r--r--  1 shardulr fnalgrid 5.0K Jun 27 18:29 .job.ad
-rw-r--r--  1 shardulr fnalgrid  13K Jun 27 18:29 .machine.ad
-rwx------  1 shardulr fnalgrid   49 Jun 27 18:29 .chirp.config
-rw-------  1 shardulr fnalgrid  11K Jun 27 18:29 x509up
drwxr-xr-x  2 shardulr fnalgrid 4.0K Jun 27 18:29 samples
drwxr-xr-x  2 shardulr fnalgrid 4.0K Jun 27 18:29 framework
-rw-r--r--  1 shardulr fnalgrid  62K Jun 27 18:29 singleStopAnalyzer.py
-rwxr-xr-x  1 shardulr fnalgrid  698 Jun 27 18:29 condor_exec.exe
-rw-r--r--  1 shardulr fnalgrid  951 Jun 27 18:29 bJetMatcher.py
-rw-r--r--  1 shardulr fnalgrid    0 Jun 27 18:29 docker_stderror
drwxrwxrwt  2 shardulr fnalgrid 4.0K Jun 27 18:29 tmp
drwxrwxrwt  3 shardulr fnalgrid 4.0K Jun 27 18:29 var
-rw-r--r--  1 shardulr fnalgrid  13K Jun 27 18:29 .update.ad
drwxr-xr-x  3 root     root     4.0K Jun 27 18:29 ..
srwxr-xr-x  1 shardulr fnalgrid    0 Jun 27 18:29 .docker_sock
-rw-r--r--  1 shardulr fnalgrid  113 Jun 27 18:29 _condor_stderr
drwx------  7 shardulr fnalgrid 4.0K Jun 27 18:29 .
drwxr-xr-x 17 shardulr fnalgrid 4.0K Jun 27 18:29 CMSSW_10_6_19_patch2
-rw-r--r--  1 shardulr fnalgrid  453 Jun 27 18:29 _condor_stdout
/storage/local/data1/condor/execute/dir_33233/CMSSW_10_6_19_patch2 is the CMSSW we created on the local worker node
Running over Data2018 files
Blinding data, only using CR cuts (0 loose b's)
Using UL 2018 campaign working points
Pre-select 292819 entries out of 1915245 (15.29%)
Processed    10000/  292819 entries,  3.42% (elapsed time    31.0s, curr speed    0.323 kHz, avg speed    0.323 kHz), accepted     1140/   10001 events (11.40%)
Processed    20000/  292819 entries,  6.83% (elapsed time    58.9s, curr speed    0.357 kHz, avg speed    0.339 kHz), accepted     2729/   20001 events (13.64%)
Processed    30000/  292819 entries, 10.25% (elapsed time    87.0s, curr speed    0.357 kHz, avg speed    0.345 kHz), accepted     4217/   30001 events (14.06%)
Processed    40000/  292819 entries, 13.66% (elapsed time   108.5s, curr speed    0.464 kHz, avg speed    0.369 kHz), accepted     5121/   40001 events (12.80%)
Processed    50000/  292819 entries, 17.08% (elapsed time   135.3s, curr speed    0.374 kHz, avg speed    0.370 kHz), accepted     6588/   50001 events (13.18%)
Processed    60000/  292819 entries, 20.49% (elapsed time   162.9s, curr speed    0.362 kHz, avg speed    0.368 kHz), accepted     8066/   60001 events (13.44%)
Processed    70000/  292819 entries, 23.91% (elapsed time   190.6s, curr speed    0.361 kHz, avg speed    0.367 kHz), accepted     9575/   70001 events (13.68%)
Processed    80000/  292819 entries, 27.32% (elapsed time   218.5s, curr speed    0.359 kHz, avg speed    0.366 kHz), accepted    11135/   80001 events (13.92%)
Processed    90000/  292819 entries, 30.74% (elapsed time   245.4s, curr speed    0.371 kHz, avg speed    0.367 kHz), accepted    12656/   90001 events (14.06%)
Processed   100000/  292819 entries, 34.15% (elapsed time   273.1s, curr speed    0.362 kHz, avg speed    0.366 kHz), accepted    14266/  100001 events (14.27%)
Processed   110000/  292819 entries, 37.57% (elapsed time   299.9s, curr speed    0.373 kHz, avg speed    0.367 kHz), accepted    15890/  110001 events (14.45%)
Processed   120000/  292819 entries, 40.98% (elapsed time   326.8s, curr speed    0.371 kHz, avg speed    0.367 kHz), accepted    17480/  120001 events (14.57%)
Processed   130000/  292819 entries, 44.40% (elapsed time   354.4s, curr speed    0.362 kHz, avg speed    0.367 kHz), accepted    19108/  130001 events (14.70%)
Processed   140000/  292819 entries, 47.81% (elapsed time   381.6s, curr speed    0.368 kHz, avg speed    0.367 kHz), accepted    20668/  140001 events (14.76%)
Processed   150000/  292819 entries, 51.23% (elapsed time   408.8s, curr speed    0.367 kHz, avg speed    0.367 kHz), accepted    22211/  150001 events (14.81%)
Processed   160000/  292819 entries, 54.64% (elapsed time   435.4s, curr speed    0.377 kHz, avg speed    0.367 kHz), accepted    23677/  160001 events (14.80%)
Processed   170000/  292819 entries, 58.06% (elapsed time   462.1s, curr speed    0.374 kHz, avg speed    0.368 kHz), accepted    25176/  170001 events (14.81%)
Processed   180000/  292819 entries, 61.47% (elapsed time   489.3s, curr speed    0.368 kHz, avg speed    0.368 kHz), accepted    26797/  180001 events (14.89%)
Processed   190000/  292819 entries, 64.89% (elapsed time   512.7s, curr speed    0.427 kHz, avg speed    0.371 kHz), accepted    27980/  190001 events (14.73%)
Processed   200000/  292819 entries, 68.30% (elapsed time   538.2s, curr speed    0.392 kHz, avg speed    0.372 kHz), accepted    29308/  200001 events (14.65%)
Processed   210000/  292819 entries, 71.72% (elapsed time   564.3s, curr speed    0.384 kHz, avg speed    0.372 kHz), accepted    30818/  210001 events (14.68%)
Processed   220000/  292819 entries, 75.13% (elapsed time   589.9s, curr speed    0.391 kHz, avg speed    0.373 kHz), accepted    32364/  220001 events (14.71%)
Processed   230000/  292819 entries, 78.55% (elapsed time   613.6s, curr speed    0.421 kHz, avg speed    0.375 kHz), accepted    33754/  230001 events (14.68%)
Processed   240000/  292819 entries, 81.96% (elapsed time   638.0s, curr speed    0.410 kHz, avg speed    0.376 kHz), accepted    35237/  240001 events (14.68%)
Processed   250000/  292819 entries, 85.38% (elapsed time   662.4s, curr speed    0.410 kHz, avg speed    0.377 kHz), accepted    36599/  250001 events (14.64%)
Processed   260000/  292819 entries, 88.79% (elapsed time   685.6s, curr speed    0.432 kHz, avg speed    0.379 kHz), accepted    37971/  260001 events (14.60%)
Processed   270000/  292819 entries, 92.21% (elapsed time   708.8s, curr speed    0.430 kHz, avg speed    0.381 kHz), accepted    39284/  270001 events (14.55%)
Processed   280000/  292819 entries, 95.62% (elapsed time   732.3s, curr speed    0.427 kHz, avg speed    0.382 kHz), accepted    40511/  280001 events (14.47%)
Processed   290000/  292819 entries, 99.04% (elapsed time   756.8s, curr speed    0.407 kHz, avg speed    0.383 kHz), accepted    41998/  290001 events (14.48%)
Processed 292819 preselected entries from root://cmsxrootd.fnal.gov//store/data/Run2018D/JetHT/NANOAOD/UL2018_MiniAODv2_NanoAODv9-v2/2540000/DC4C17E6-30A2-704E-A87D-B429491106A9.root (1915245 entries). Finally selected 42405 entries
Total time 783.4 sec. to process 1915245 events. Rate = 2444.8 Hz.
Running pwd:
/storage/local/data1/condor/execute/dir_33233
Running ls -alrth:
total 176K
-rw-r--r--  1 shardulr fnalgrid 5.0K Jun 27 18:29 .job.ad
-rw-r--r--  1 shardulr fnalgrid  13K Jun 27 18:29 .machine.ad
-rwx------  1 shardulr fnalgrid   49 Jun 27 18:29 .chirp.config
-rw-------  1 shardulr fnalgrid  11K Jun 27 18:29 x509up
drwxr-xr-x  2 shardulr fnalgrid 4.0K Jun 27 18:29 samples
-rw-r--r--  1 shardulr fnalgrid  62K Jun 27 18:29 singleStopAnalyzer.py
-rwxr-xr-x  1 shardulr fnalgrid  698 Jun 27 18:29 condor_exec.exe
-rw-r--r--  1 shardulr fnalgrid  951 Jun 27 18:29 bJetMatcher.py
-rw-r--r--  1 shardulr fnalgrid    0 Jun 27 18:29 docker_stderror
drwxrwxrwt  2 shardulr fnalgrid 4.0K Jun 27 18:29 tmp
drwxrwxrwt  3 shardulr fnalgrid 4.0K Jun 27 18:29 var
drwxr-xr-x  3 root     root     4.0K Jun 27 18:29 ..
srwxr-xr-x  1 shardulr fnalgrid    0 Jun 27 18:29 .docker_sock
drwxr-xr-x 17 shardulr fnalgrid 4.0K Jun 27 18:29 CMSSW_10_6_19_patch2
drwxr-xr-x  2 shardulr fnalgrid 4.0K Jun 27 18:29 framework
-rw-r--r--  1 shardulr fnalgrid 1.7K Jun 27 18:29 bJetMatcher.pyc
drwxr-xr-x  3 shardulr fnalgrid 4.0K Jun 27 18:29 output
-rw-r--r--  1 shardulr fnalgrid  215 Jun 27 18:29 _condor_stderr
-rw-r--r--  1 shardulr fnalgrid  13K Jun 27 18:42 .update.ad
drwx------  8 shardulr fnalgrid 4.0K Jun 27 18:42 .
-rw-r--r--  1 shardulr fnalgrid 6.8K Jun 27 18:42 _condor_stdout
