[FERMIHTC-APPTAINER]: INFO -- No Apptainer image specified
[FERMIHTC-APPTAINER]: INFO -- Running job on the host machine

[FERMIHTC-APPTAINER]: INFO -- Running ./condor_exec.exe
Starting job on  Tue Jun 27 18:18:10 UTC 2023
Running on: Linux shardulr-2169568-32-cmswn2111.fnal.gov 3.10.0-1160.90.1.el7.x86_64 #1 SMP Thu Apr 27 13:14:20 CDT 2023 x86_64 x86_64 x86_64 GNU/Linux
System software: Scientific Linux release 7.9 (Nitrogen)
Running ls -alrth:
total 164K
-rw-r--r--  1 shardulr fnalgrid 5.0K Jun 27 18:18 .job.ad
-rw-r--r--  1 shardulr fnalgrid  13K Jun 27 18:18 .machine.ad
-rwx------  1 shardulr fnalgrid   49 Jun 27 18:18 .chirp.config
-rw-------  1 shardulr fnalgrid  11K Jun 27 18:18 x509up
drwxr-xr-x  2 shardulr fnalgrid 4.0K Jun 27 18:18 samples
drwxr-xr-x  2 shardulr fnalgrid 4.0K Jun 27 18:18 framework
-rw-r--r--  1 shardulr fnalgrid  62K Jun 27 18:18 singleStopAnalyzer.py
-rwxr-xr-x  1 shardulr fnalgrid  697 Jun 27 18:18 condor_exec.exe
-rw-r--r--  1 shardulr fnalgrid  951 Jun 27 18:18 bJetMatcher.py
-rw-r--r--  1 shardulr fnalgrid    0 Jun 27 18:18 docker_stderror
drwxrwxrwt  2 shardulr fnalgrid 4.0K Jun 27 18:18 tmp
drwxrwxrwt  3 shardulr fnalgrid 4.0K Jun 27 18:18 var
-rw-r--r--  1 shardulr fnalgrid  13K Jun 27 18:18 .update.ad
drwxr-xr-x  3 root     root     4.0K Jun 27 18:18 ..
srwxr-xr-x  1 shardulr fnalgrid    0 Jun 27 18:18 .docker_sock
-rw-r--r--  1 shardulr fnalgrid  113 Jun 27 18:18 _condor_stderr
drwx------  7 shardulr fnalgrid 4.0K Jun 27 18:18 .
drwxr-xr-x 17 shardulr fnalgrid 4.0K Jun 27 18:18 CMSSW_10_6_19_patch2
-rw-r--r--  1 shardulr fnalgrid  452 Jun 27 18:18 _condor_stdout
/storage/local/data1/condor/execute/dir_62204/CMSSW_10_6_19_patch2 is the CMSSW we created on the local worker node
Running over Data2018 files
Blinding data, only using CR cuts (0 loose b's)
Using UL 2018 campaign working points
Pre-select 159491 entries out of 1197595 (13.32%)
Processed    10000/  159491 entries,  6.27% (elapsed time    36.0s, curr speed    0.278 kHz, avg speed    0.278 kHz), accepted     1220/   10001 events (12.20%)
Processed    20000/  159491 entries, 12.54% (elapsed time    71.8s, curr speed    0.279 kHz, avg speed    0.278 kHz), accepted     2488/   20001 events (12.44%)
Processed    30000/  159491 entries, 18.81% (elapsed time   106.5s, curr speed    0.289 kHz, avg speed    0.282 kHz), accepted     3747/   30001 events (12.49%)
Processed    40000/  159491 entries, 25.08% (elapsed time   141.1s, curr speed    0.289 kHz, avg speed    0.283 kHz), accepted     5007/   40001 events (12.52%)
Processed    50000/  159491 entries, 31.35% (elapsed time   173.4s, curr speed    0.310 kHz, avg speed    0.288 kHz), accepted     6247/   50001 events (12.49%)
Processed    60000/  159491 entries, 37.62% (elapsed time   204.3s, curr speed    0.324 kHz, avg speed    0.294 kHz), accepted     7525/   60001 events (12.54%)
Processed    70000/  159491 entries, 43.89% (elapsed time   235.6s, curr speed    0.319 kHz, avg speed    0.297 kHz), accepted     8927/   70001 events (12.75%)
Processed    80000/  159491 entries, 50.16% (elapsed time   266.9s, curr speed    0.320 kHz, avg speed    0.300 kHz), accepted    10363/   80001 events (12.95%)
Processed    90000/  159491 entries, 56.43% (elapsed time   300.2s, curr speed    0.300 kHz, avg speed    0.300 kHz), accepted    11589/   90001 events (12.88%)
Processed   100000/  159491 entries, 62.70% (elapsed time   333.9s, curr speed    0.297 kHz, avg speed    0.300 kHz), accepted    13027/  100001 events (13.03%)
Processed   110000/  159491 entries, 68.97% (elapsed time   367.4s, curr speed    0.298 kHz, avg speed    0.299 kHz), accepted    14499/  110001 events (13.18%)
Processed   120000/  159491 entries, 75.24% (elapsed time   401.7s, curr speed    0.292 kHz, avg speed    0.299 kHz), accepted    15789/  120001 events (13.16%)
Processed   130000/  159491 entries, 81.51% (elapsed time   435.3s, curr speed    0.298 kHz, avg speed    0.299 kHz), accepted    17212/  130001 events (13.24%)
Processed   140000/  159491 entries, 87.78% (elapsed time   469.2s, curr speed    0.294 kHz, avg speed    0.298 kHz), accepted    18781/  140001 events (13.41%)
Processed   150000/  159491 entries, 94.05% (elapsed time   503.7s, curr speed    0.290 kHz, avg speed    0.298 kHz), accepted    20149/  150001 events (13.43%)
Processed 159491 preselected entries from root://cmsxrootd.fnal.gov//store/data/Run2018A/JetHT/NANOAOD/UL2018_MiniAODv2_NanoAODv9-v2/100000/C97226FC-998D-D940-B104-7A2F01E6195D.root (1197595 entries). Finally selected 21426 entries
Total time 584.8 sec. to process 1197595 events. Rate = 2048.0 Hz.
Running pwd:
/storage/local/data1/condor/execute/dir_62204
Running ls -alrth:
total 176K
-rw-r--r--  1 shardulr fnalgrid 5.0K Jun 27 18:18 .job.ad
-rw-r--r--  1 shardulr fnalgrid  13K Jun 27 18:18 .machine.ad
-rwx------  1 shardulr fnalgrid   49 Jun 27 18:18 .chirp.config
-rw-------  1 shardulr fnalgrid  11K Jun 27 18:18 x509up
drwxr-xr-x  2 shardulr fnalgrid 4.0K Jun 27 18:18 samples
-rw-r--r--  1 shardulr fnalgrid  62K Jun 27 18:18 singleStopAnalyzer.py
-rwxr-xr-x  1 shardulr fnalgrid  697 Jun 27 18:18 condor_exec.exe
-rw-r--r--  1 shardulr fnalgrid  951 Jun 27 18:18 bJetMatcher.py
-rw-r--r--  1 shardulr fnalgrid    0 Jun 27 18:18 docker_stderror
drwxrwxrwt  2 shardulr fnalgrid 4.0K Jun 27 18:18 tmp
drwxrwxrwt  3 shardulr fnalgrid 4.0K Jun 27 18:18 var
drwxr-xr-x  3 root     root     4.0K Jun 27 18:18 ..
srwxr-xr-x  1 shardulr fnalgrid    0 Jun 27 18:18 .docker_sock
-rw-r--r--  1 shardulr fnalgrid  113 Jun 27 18:18 _condor_stderr
drwxr-xr-x 17 shardulr fnalgrid 4.0K Jun 27 18:18 CMSSW_10_6_19_patch2
drwxr-xr-x  2 shardulr fnalgrid 4.0K Jun 27 18:18 framework
-rw-r--r--  1 shardulr fnalgrid 1.7K Jun 27 18:18 bJetMatcher.pyc
drwxr-xr-x  3 shardulr fnalgrid 4.0K Jun 27 18:18 output
-rw-r--r--  1 shardulr fnalgrid  13K Jun 27 18:26 .update.ad
drwx------  8 shardulr fnalgrid 4.0K Jun 27 18:26 .
-rw-r--r--  1 shardulr fnalgrid 4.6K Jun 27 18:28 _condor_stdout
