[FERMIHTC-APPTAINER]: INFO -- No Apptainer image specified
[FERMIHTC-APPTAINER]: INFO -- Running job on the host machine

[FERMIHTC-APPTAINER]: INFO -- Running ./condor_exec.exe
Starting job on  Tue Jun 27 18:30:29 UTC 2023
Running on: Linux shardulr-2169568-398-cmswn2039.fnal.gov 3.10.0-1160.90.1.el7.x86_64 #1 SMP Thu Apr 27 13:14:20 CDT 2023 x86_64 x86_64 x86_64 GNU/Linux
System software: Scientific Linux release 7.9 (Nitrogen)
Running ls -alrth:
total 164K
-rw-r--r--  1 shardulr fnalgrid 5.0K Jun 27 18:30 .job.ad
-rw-r--r--  1 shardulr fnalgrid  13K Jun 27 18:30 .machine.ad
-rwx------  1 shardulr fnalgrid   49 Jun 27 18:30 .chirp.config
-rw-------  1 shardulr fnalgrid  11K Jun 27 18:30 x509up
drwxr-xr-x  2 shardulr fnalgrid 4.0K Jun 27 18:30 samples
drwxr-xr-x  2 shardulr fnalgrid 4.0K Jun 27 18:30 framework
-rw-r--r--  1 shardulr fnalgrid  62K Jun 27 18:30 singleStopAnalyzer.py
-rw-r--r--  1 shardulr fnalgrid  951 Jun 27 18:30 bJetMatcher.py
-rwxr-xr-x  1 shardulr fnalgrid  698 Jun 27 18:30 condor_exec.exe
-rw-r--r--  1 shardulr fnalgrid    0 Jun 27 18:30 docker_stderror
drwxrwxrwt  3 shardulr fnalgrid 4.0K Jun 27 18:30 var
drwxrwxrwt  2 shardulr fnalgrid 4.0K Jun 27 18:30 tmp
drwxr-xr-x  3 root     root     4.0K Jun 27 18:30 ..
srwxr-xr-x  1 shardulr fnalgrid    0 Jun 27 18:30 .docker_sock
-rw-r--r--  1 shardulr fnalgrid  13K Jun 27 18:30 .update.ad
-rw-r--r--  1 shardulr fnalgrid  113 Jun 27 18:30 _condor_stderr
drwx------  7 shardulr fnalgrid 4.0K Jun 27 18:30 .
drwxr-xr-x 17 shardulr fnalgrid 4.0K Jun 27 18:30 CMSSW_10_6_19_patch2
-rw-r--r--  1 shardulr fnalgrid  453 Jun 27 18:30 _condor_stdout
/storage/local/data1/condor/execute/dir_13353/CMSSW_10_6_19_patch2 is the CMSSW we created on the local worker node
Running over Data2018 files
Blinding data, only using CR cuts (0 loose b's)
Using UL 2018 campaign working points
Pre-select 324557 entries out of 2155396 (15.06%)
Processed    10000/  324557 entries,  3.08% (elapsed time    24.4s, curr speed    0.410 kHz, avg speed    0.410 kHz), accepted     1297/   10001 events (12.97%)
Processed    20000/  324557 entries,  6.16% (elapsed time    48.8s, curr speed    0.409 kHz, avg speed    0.409 kHz), accepted     2620/   20001 events (13.10%)
Processed    30000/  324557 entries,  9.24% (elapsed time    73.8s, curr speed    0.401 kHz, avg speed    0.407 kHz), accepted     4066/   30001 events (13.55%)
Processed    40000/  324557 entries, 12.32% (elapsed time    98.8s, curr speed    0.400 kHz, avg speed    0.405 kHz), accepted     5529/   40001 events (13.82%)
Processed    50000/  324557 entries, 15.41% (elapsed time   124.0s, curr speed    0.396 kHz, avg speed    0.403 kHz), accepted     7028/   50001 events (14.06%)
Processed    60000/  324557 entries, 18.49% (elapsed time   149.9s, curr speed    0.387 kHz, avg speed    0.400 kHz), accepted     8632/   60001 events (14.39%)
Processed    70000/  324557 entries, 21.57% (elapsed time   176.0s, curr speed    0.383 kHz, avg speed    0.398 kHz), accepted    10221/   70001 events (14.60%)
Processed    80000/  324557 entries, 24.65% (elapsed time   200.0s, curr speed    0.416 kHz, avg speed    0.400 kHz), accepted    11566/   80001 events (14.46%)
Processed    90000/  324557 entries, 27.73% (elapsed time   225.5s, curr speed    0.392 kHz, avg speed    0.399 kHz), accepted    13114/   90001 events (14.57%)
Processed   100000/  324557 entries, 30.81% (elapsed time   252.3s, curr speed    0.374 kHz, avg speed    0.396 kHz), accepted    14695/  100001 events (14.69%)
Processed   110000/  324557 entries, 33.89% (elapsed time   278.5s, curr speed    0.380 kHz, avg speed    0.395 kHz), accepted    16313/  110001 events (14.83%)
Processed   120000/  324557 entries, 36.97% (elapsed time   304.8s, curr speed    0.381 kHz, avg speed    0.394 kHz), accepted    17982/  120001 events (14.98%)
Processed   130000/  324557 entries, 40.05% (elapsed time   331.2s, curr speed    0.378 kHz, avg speed    0.393 kHz), accepted    19684/  130001 events (15.14%)
Processed   140000/  324557 entries, 43.14% (elapsed time   356.8s, curr speed    0.391 kHz, avg speed    0.392 kHz), accepted    21153/  140001 events (15.11%)
Processed   150000/  324557 entries, 46.22% (elapsed time   383.6s, curr speed    0.373 kHz, avg speed    0.391 kHz), accepted    22865/  150001 events (15.24%)
Processed   160000/  324557 entries, 49.30% (elapsed time   408.5s, curr speed    0.401 kHz, avg speed    0.392 kHz), accepted    24316/  160001 events (15.20%)
Processed   170000/  324557 entries, 52.38% (elapsed time   431.7s, curr speed    0.431 kHz, avg speed    0.394 kHz), accepted    25525/  170001 events (15.01%)
Processed   180000/  324557 entries, 55.46% (elapsed time   454.8s, curr speed    0.433 kHz, avg speed    0.396 kHz), accepted    26716/  180001 events (14.84%)
Processed   190000/  324557 entries, 58.54% (elapsed time   478.4s, curr speed    0.424 kHz, avg speed    0.397 kHz), accepted    27968/  190001 events (14.72%)
Processed   200000/  324557 entries, 61.62% (elapsed time   501.9s, curr speed    0.426 kHz, avg speed    0.398 kHz), accepted    29196/  200001 events (14.60%)
Processed   210000/  324557 entries, 64.70% (elapsed time   528.1s, curr speed    0.382 kHz, avg speed    0.398 kHz), accepted    30775/  210001 events (14.65%)
Processed   220000/  324557 entries, 67.78% (elapsed time   554.1s, curr speed    0.384 kHz, avg speed    0.397 kHz), accepted    32406/  220001 events (14.73%)
Processed   230000/  324557 entries, 70.87% (elapsed time   580.2s, curr speed    0.383 kHz, avg speed    0.396 kHz), accepted    34031/  230001 events (14.80%)
Processed   240000/  324557 entries, 73.95% (elapsed time   605.8s, curr speed    0.391 kHz, avg speed    0.396 kHz), accepted    35571/  240001 events (14.82%)
Processed   250000/  324557 entries, 77.03% (elapsed time   629.8s, curr speed    0.416 kHz, avg speed    0.397 kHz), accepted    36894/  250001 events (14.76%)
Processed   260000/  324557 entries, 80.11% (elapsed time   654.8s, curr speed    0.400 kHz, avg speed    0.397 kHz), accepted    38360/  260001 events (14.75%)
Processed   270000/  324557 entries, 83.19% (elapsed time   679.9s, curr speed    0.399 kHz, avg speed    0.397 kHz), accepted    39782/  270001 events (14.73%)
Processed   280000/  324557 entries, 86.27% (elapsed time   705.5s, curr speed    0.390 kHz, avg speed    0.397 kHz), accepted    41363/  280001 events (14.77%)
Processed   290000/  324557 entries, 89.35% (elapsed time   728.2s, curr speed    0.440 kHz, avg speed    0.398 kHz), accepted    42746/  290001 events (14.74%)
Processed   300000/  324557 entries, 92.43% (elapsed time   750.0s, curr speed    0.458 kHz, avg speed    0.400 kHz), accepted    44118/  300001 events (14.71%)
Processed   310000/  324557 entries, 95.51% (elapsed time   769.9s, curr speed    0.504 kHz, avg speed    0.403 kHz), accepted    45504/  310001 events (14.68%)
Processed   320000/  324557 entries, 98.60% (elapsed time   793.9s, curr speed    0.417 kHz, avg speed    0.403 kHz), accepted    47142/  320001 events (14.73%)
Processed 324557 preselected entries from root://cmsxrootd.fnal.gov//store/data/Run2018D/JetHT/NANOAOD/UL2018_MiniAODv2_NanoAODv9-v2/2810000/2A3D7733-CDF7-0249-A895-DFF72B5DC7D2.root (2155396 entries). Finally selected 47826 entries
Total time 814.3 sec. to process 2155396 events. Rate = 2646.9 Hz.
Running pwd:
/storage/local/data1/condor/execute/dir_13353
Running ls -alrth:
total 176K
-rw-r--r--  1 shardulr fnalgrid 5.0K Jun 27 18:30 .job.ad
-rw-r--r--  1 shardulr fnalgrid  13K Jun 27 18:30 .machine.ad
-rwx------  1 shardulr fnalgrid   49 Jun 27 18:30 .chirp.config
-rw-------  1 shardulr fnalgrid  11K Jun 27 18:30 x509up
drwxr-xr-x  2 shardulr fnalgrid 4.0K Jun 27 18:30 samples
-rw-r--r--  1 shardulr fnalgrid  62K Jun 27 18:30 singleStopAnalyzer.py
-rw-r--r--  1 shardulr fnalgrid  951 Jun 27 18:30 bJetMatcher.py
-rwxr-xr-x  1 shardulr fnalgrid  698 Jun 27 18:30 condor_exec.exe
-rw-r--r--  1 shardulr fnalgrid    0 Jun 27 18:30 docker_stderror
drwxrwxrwt  3 shardulr fnalgrid 4.0K Jun 27 18:30 var
drwxrwxrwt  2 shardulr fnalgrid 4.0K Jun 27 18:30 tmp
drwxr-xr-x  3 root     root     4.0K Jun 27 18:30 ..
srwxr-xr-x  1 shardulr fnalgrid    0 Jun 27 18:30 .docker_sock
drwxr-xr-x 17 shardulr fnalgrid 4.0K Jun 27 18:30 CMSSW_10_6_19_patch2
drwxr-xr-x  2 shardulr fnalgrid 4.0K Jun 27 18:30 framework
-rw-r--r--  1 shardulr fnalgrid 1.7K Jun 27 18:30 bJetMatcher.pyc
drwxr-xr-x  3 shardulr fnalgrid 4.0K Jun 27 18:30 output
-rw-r--r--  1 shardulr fnalgrid  215 Jun 27 18:30 _condor_stderr
-rw-r--r--  1 shardulr fnalgrid  13K Jun 27 18:43 .update.ad
drwx------  8 shardulr fnalgrid 4.0K Jun 27 18:43 .
-rw-r--r--  1 shardulr fnalgrid 7.3K Jun 27 18:44 _condor_stdout
