[FERMIHTC-APPTAINER]: INFO -- No Apptainer image specified
[FERMIHTC-APPTAINER]: INFO -- Running job on the host machine

[FERMIHTC-APPTAINER]: INFO -- Running ./condor_exec.exe
Starting job on  Tue Jun 27 18:30:23 UTC 2023
Running on: Linux shardulr-2169568-438-cmswn2050.fnal.gov 3.10.0-1160.90.1.el7.x86_64 #1 SMP Thu Apr 27 13:14:20 CDT 2023 x86_64 x86_64 x86_64 GNU/Linux
System software: Scientific Linux release 7.9 (Nitrogen)
Running ls -alrth:
total 164K
-rw-r--r--  1 shardulr fnalgrid 5.0K Jun 27 18:30 .job.ad
-rw-r--r--  1 shardulr fnalgrid  13K Jun 27 18:30 .machine.ad
-rwx------  1 shardulr fnalgrid   49 Jun 27 18:30 .chirp.config
-rw-------  1 shardulr fnalgrid  11K Jun 27 18:30 x509up
drwxr-xr-x  2 shardulr fnalgrid 4.0K Jun 27 18:30 samples
drwxr-xr-x  2 shardulr fnalgrid 4.0K Jun 27 18:30 framework
-rw-r--r--  1 shardulr fnalgrid  62K Jun 27 18:30 singleStopAnalyzer.py
-rwxr-xr-x  1 shardulr fnalgrid  698 Jun 27 18:30 condor_exec.exe
-rw-r--r--  1 shardulr fnalgrid  951 Jun 27 18:30 bJetMatcher.py
-rw-r--r--  1 shardulr fnalgrid    0 Jun 27 18:30 docker_stderror
drwxrwxrwt  3 shardulr fnalgrid 4.0K Jun 27 18:30 var
drwxrwxrwt  2 shardulr fnalgrid 4.0K Jun 27 18:30 tmp
drwxr-xr-x  3 root     root     4.0K Jun 27 18:30 ..
-rw-r--r--  1 shardulr fnalgrid  13K Jun 27 18:30 .update.ad
srwxr-xr-x  1 shardulr fnalgrid    0 Jun 27 18:30 .docker_sock
-rw-r--r--  1 shardulr fnalgrid  113 Jun 27 18:30 _condor_stderr
drwx------  7 shardulr fnalgrid 4.0K Jun 27 18:30 .
drwxr-xr-x 17 shardulr fnalgrid 4.0K Jun 27 18:30 CMSSW_10_6_19_patch2
-rw-r--r--  1 shardulr fnalgrid  453 Jun 27 18:30 _condor_stdout
/storage/local/data1/condor/execute/dir_22449/CMSSW_10_6_19_patch2 is the CMSSW we created on the local worker node
Running over Data2018 files
Blinding data, only using CR cuts (0 loose b's)
Using UL 2018 campaign working points
Pre-select 247713 entries out of 1652244 (14.99%)
Processed    10000/  247713 entries,  4.04% (elapsed time    24.5s, curr speed    0.408 kHz, avg speed    0.408 kHz), accepted     1450/   10001 events (14.50%)
Processed    20000/  247713 entries,  8.07% (elapsed time    49.1s, curr speed    0.406 kHz, avg speed    0.407 kHz), accepted     2867/   20001 events (14.33%)
Processed    30000/  247713 entries, 12.11% (elapsed time    74.1s, curr speed    0.401 kHz, avg speed    0.405 kHz), accepted     4358/   30001 events (14.53%)
Processed    40000/  247713 entries, 16.15% (elapsed time    99.4s, curr speed    0.394 kHz, avg speed    0.402 kHz), accepted     5893/   40001 events (14.73%)
Processed    50000/  247713 entries, 20.18% (elapsed time   124.5s, curr speed    0.398 kHz, avg speed    0.401 kHz), accepted     7406/   50001 events (14.81%)
Processed    60000/  247713 entries, 24.22% (elapsed time   149.5s, curr speed    0.400 kHz, avg speed    0.401 kHz), accepted     8926/   60001 events (14.88%)
Processed    70000/  247713 entries, 28.26% (elapsed time   174.3s, curr speed    0.404 kHz, avg speed    0.402 kHz), accepted    10425/   70001 events (14.89%)
Processed    80000/  247713 entries, 32.30% (elapsed time   199.2s, curr speed    0.400 kHz, avg speed    0.402 kHz), accepted    11972/   80001 events (14.96%)
Processed    90000/  247713 entries, 36.33% (elapsed time   224.2s, curr speed    0.401 kHz, avg speed    0.402 kHz), accepted    13490/   90001 events (14.99%)
Processed   100000/  247713 entries, 40.37% (elapsed time   247.6s, curr speed    0.427 kHz, avg speed    0.404 kHz), accepted    14794/  100001 events (14.79%)
Processed   110000/  247713 entries, 44.41% (elapsed time   271.8s, curr speed    0.412 kHz, avg speed    0.405 kHz), accepted    16199/  110001 events (14.73%)
Processed   120000/  247713 entries, 48.44% (elapsed time   295.7s, curr speed    0.418 kHz, avg speed    0.406 kHz), accepted    17583/  120001 events (14.65%)
Processed   130000/  247713 entries, 52.48% (elapsed time   319.4s, curr speed    0.423 kHz, avg speed    0.407 kHz), accepted    18934/  130001 events (14.56%)
Processed   140000/  247713 entries, 56.52% (elapsed time   343.2s, curr speed    0.419 kHz, avg speed    0.408 kHz), accepted    20266/  140001 events (14.48%)
Processed   150000/  247713 entries, 60.55% (elapsed time   367.8s, curr speed    0.407 kHz, avg speed    0.408 kHz), accepted    21677/  150001 events (14.45%)
Processed   160000/  247713 entries, 64.59% (elapsed time   392.0s, curr speed    0.413 kHz, avg speed    0.408 kHz), accepted    23059/  160001 events (14.41%)
Processed   170000/  247713 entries, 68.63% (elapsed time   416.4s, curr speed    0.410 kHz, avg speed    0.408 kHz), accepted    24514/  170001 events (14.42%)
Processed   180000/  247713 entries, 72.66% (elapsed time   439.6s, curr speed    0.430 kHz, avg speed    0.409 kHz), accepted    25792/  180001 events (14.33%)
Processed   190000/  247713 entries, 76.70% (elapsed time   462.6s, curr speed    0.436 kHz, avg speed    0.411 kHz), accepted    27056/  190001 events (14.24%)
Processed   200000/  247713 entries, 80.74% (elapsed time   485.0s, curr speed    0.446 kHz, avg speed    0.412 kHz), accepted    28243/  200001 events (14.12%)
Processed   210000/  247713 entries, 84.78% (elapsed time   505.3s, curr speed    0.494 kHz, avg speed    0.416 kHz), accepted    29124/  210001 events (13.87%)
Processed   220000/  247713 entries, 88.81% (elapsed time   528.5s, curr speed    0.431 kHz, avg speed    0.416 kHz), accepted    30406/  220001 events (13.82%)
Processed   230000/  247713 entries, 92.85% (elapsed time   552.4s, curr speed    0.417 kHz, avg speed    0.416 kHz), accepted    31754/  230001 events (13.81%)
Processed   240000/  247713 entries, 96.89% (elapsed time   576.9s, curr speed    0.409 kHz, avg speed    0.416 kHz), accepted    33148/  240001 events (13.81%)
Processed 247713 preselected entries from root://cmsxrootd.fnal.gov//store/data/Run2018D/JetHT/NANOAOD/UL2018_MiniAODv2_NanoAODv9-v2/80000/5AD59F60-2B31-1946-B47A-34D0D2CF9926.root (1652244 entries). Finally selected 34197 entries
Total time 603.9 sec. to process 1652244 events. Rate = 2736.0 Hz.
Running pwd:
/storage/local/data1/condor/execute/dir_22449
Running ls -alrth:
total 176K
-rw-r--r--  1 shardulr fnalgrid 5.0K Jun 27 18:30 .job.ad
-rw-r--r--  1 shardulr fnalgrid  13K Jun 27 18:30 .machine.ad
-rwx------  1 shardulr fnalgrid   49 Jun 27 18:30 .chirp.config
-rw-------  1 shardulr fnalgrid  11K Jun 27 18:30 x509up
drwxr-xr-x  2 shardulr fnalgrid 4.0K Jun 27 18:30 samples
-rw-r--r--  1 shardulr fnalgrid  62K Jun 27 18:30 singleStopAnalyzer.py
-rwxr-xr-x  1 shardulr fnalgrid  698 Jun 27 18:30 condor_exec.exe
-rw-r--r--  1 shardulr fnalgrid  951 Jun 27 18:30 bJetMatcher.py
-rw-r--r--  1 shardulr fnalgrid    0 Jun 27 18:30 docker_stderror
drwxrwxrwt  3 shardulr fnalgrid 4.0K Jun 27 18:30 var
drwxrwxrwt  2 shardulr fnalgrid 4.0K Jun 27 18:30 tmp
drwxr-xr-x  3 root     root     4.0K Jun 27 18:30 ..
srwxr-xr-x  1 shardulr fnalgrid    0 Jun 27 18:30 .docker_sock
drwxr-xr-x 17 shardulr fnalgrid 4.0K Jun 27 18:30 CMSSW_10_6_19_patch2
drwxr-xr-x  2 shardulr fnalgrid 4.0K Jun 27 18:30 framework
-rw-r--r--  1 shardulr fnalgrid 1.7K Jun 27 18:30 bJetMatcher.pyc
drwxr-xr-x  3 shardulr fnalgrid 4.0K Jun 27 18:30 output
-rw-r--r--  1 shardulr fnalgrid  215 Jun 27 18:30 _condor_stderr
-rw-r--r--  1 shardulr fnalgrid  13K Jun 27 18:40 .update.ad
drwx------  8 shardulr fnalgrid 4.0K Jun 27 18:40 .
-rw-r--r--  1 shardulr fnalgrid 6.1K Jun 27 18:40 _condor_stdout
