[FERMIHTC-APPTAINER]: INFO -- No Apptainer image specified
[FERMIHTC-APPTAINER]: INFO -- Running job on the host machine

[FERMIHTC-APPTAINER]: INFO -- Running ./condor_exec.exe
Starting job on  Tue Jun 27 18:30:04 UTC 2023
Running on: Linux shardulr-2169568-372-cmswn2064.fnal.gov 3.10.0-1160.90.1.el7.x86_64 #1 SMP Thu Apr 27 13:14:20 CDT 2023 x86_64 x86_64 x86_64 GNU/Linux
System software: Scientific Linux release 7.9 (Nitrogen)
Running ls -alrth:
total 164K
-rw-r--r--  1 shardulr fnalgrid 5.0K Jun 27 18:29 .job.ad
-rw-r--r--  1 shardulr fnalgrid  13K Jun 27 18:29 .machine.ad
-rwx------  1 shardulr fnalgrid   49 Jun 27 18:29 .chirp.config
-rw-------  1 shardulr fnalgrid  11K Jun 27 18:29 x509up
drwxr-xr-x  2 shardulr fnalgrid 4.0K Jun 27 18:29 samples
drwxr-xr-x  2 shardulr fnalgrid 4.0K Jun 27 18:29 framework
-rw-r--r--  1 shardulr fnalgrid  62K Jun 27 18:29 singleStopAnalyzer.py
-rw-r--r--  1 shardulr fnalgrid  951 Jun 27 18:29 bJetMatcher.py
-rwxr-xr-x  1 shardulr fnalgrid  698 Jun 27 18:29 condor_exec.exe
-rw-r--r--  1 shardulr fnalgrid    0 Jun 27 18:29 docker_stderror
drwxrwxrwt  3 shardulr fnalgrid 4.0K Jun 27 18:29 var
drwxrwxrwt  2 shardulr fnalgrid 4.0K Jun 27 18:29 tmp
drwxr-xr-x  3 root     root     4.0K Jun 27 18:30 ..
-rw-r--r--  1 shardulr fnalgrid  13K Jun 27 18:30 .update.ad
srwxr-xr-x  1 shardulr fnalgrid    0 Jun 27 18:30 .docker_sock
-rw-r--r--  1 shardulr fnalgrid  113 Jun 27 18:30 _condor_stderr
drwx------  7 shardulr fnalgrid 4.0K Jun 27 18:30 .
drwxr-xr-x 17 shardulr fnalgrid 4.0K Jun 27 18:30 CMSSW_10_6_19_patch2
-rw-r--r--  1 shardulr fnalgrid  453 Jun 27 18:30 _condor_stdout
/storage/local/data1/condor/execute/dir_33728/CMSSW_10_6_19_patch2 is the CMSSW we created on the local worker node
Running over Data2018 files
Blinding data, only using CR cuts (0 loose b's)
Using UL 2018 campaign working points
Pre-select 222516 entries out of 1476672 (15.07%)
Processed    10000/  222516 entries,  4.49% (elapsed time    24.9s, curr speed    0.401 kHz, avg speed    0.401 kHz), accepted     1437/   10001 events (14.37%)
Processed    20000/  222516 entries,  8.99% (elapsed time    51.8s, curr speed    0.372 kHz, avg speed    0.386 kHz), accepted     3125/   20001 events (15.62%)
Processed    30000/  222516 entries, 13.48% (elapsed time    78.4s, curr speed    0.376 kHz, avg speed    0.383 kHz), accepted     4694/   30001 events (15.65%)
Processed    40000/  222516 entries, 17.98% (elapsed time   103.2s, curr speed    0.402 kHz, avg speed    0.387 kHz), accepted     6061/   40001 events (15.15%)
Processed    50000/  222516 entries, 22.47% (elapsed time   119.5s, curr speed    0.616 kHz, avg speed    0.418 kHz), accepted     6657/   50001 events (13.31%)
Processed    60000/  222516 entries, 26.96% (elapsed time   146.1s, curr speed    0.376 kHz, avg speed    0.411 kHz), accepted     8312/   60001 events (13.85%)
Processed    70000/  222516 entries, 31.46% (elapsed time   173.1s, curr speed    0.370 kHz, avg speed    0.404 kHz), accepted     9958/   70001 events (14.23%)
Processed    80000/  222516 entries, 35.95% (elapsed time   198.2s, curr speed    0.399 kHz, avg speed    0.404 kHz), accepted    11440/   80001 events (14.30%)
Processed    90000/  222516 entries, 40.45% (elapsed time   224.2s, curr speed    0.384 kHz, avg speed    0.401 kHz), accepted    13047/   90001 events (14.50%)
Processed   100000/  222516 entries, 44.94% (elapsed time   249.5s, curr speed    0.395 kHz, avg speed    0.401 kHz), accepted    14482/  100001 events (14.48%)
Processed   110000/  222516 entries, 49.43% (elapsed time   277.7s, curr speed    0.355 kHz, avg speed    0.396 kHz), accepted    16008/  110001 events (14.55%)
Processed   120000/  222516 entries, 53.93% (elapsed time   306.4s, curr speed    0.349 kHz, avg speed    0.392 kHz), accepted    17663/  120001 events (14.72%)
Processed   130000/  222516 entries, 58.42% (elapsed time   330.8s, curr speed    0.409 kHz, avg speed    0.393 kHz), accepted    18807/  130001 events (14.47%)
Processed   140000/  222516 entries, 62.92% (elapsed time   354.7s, curr speed    0.419 kHz, avg speed    0.395 kHz), accepted    20064/  140001 events (14.33%)
Processed   150000/  222516 entries, 67.41% (elapsed time   380.6s, curr speed    0.386 kHz, avg speed    0.394 kHz), accepted    21499/  150001 events (14.33%)
Processed   160000/  222516 entries, 71.90% (elapsed time   406.9s, curr speed    0.380 kHz, avg speed    0.393 kHz), accepted    22927/  160001 events (14.33%)
Processed   170000/  222516 entries, 76.40% (elapsed time   433.1s, curr speed    0.382 kHz, avg speed    0.393 kHz), accepted    24329/  170001 events (14.31%)
Processed   180000/  222516 entries, 80.89% (elapsed time   460.4s, curr speed    0.366 kHz, avg speed    0.391 kHz), accepted    25834/  180001 events (14.35%)
Processed   190000/  222516 entries, 85.39% (elapsed time   487.9s, curr speed    0.364 kHz, avg speed    0.389 kHz), accepted    27575/  190001 events (14.51%)
Processed   200000/  222516 entries, 89.88% (elapsed time   515.0s, curr speed    0.369 kHz, avg speed    0.388 kHz), accepted    29193/  200001 events (14.60%)
Processed   210000/  222516 entries, 94.38% (elapsed time   541.3s, curr speed    0.380 kHz, avg speed    0.388 kHz), accepted    30638/  210001 events (14.59%)
Processed   220000/  222516 entries, 98.87% (elapsed time   568.2s, curr speed    0.371 kHz, avg speed    0.387 kHz), accepted    32197/  220001 events (14.63%)
Processed 222516 preselected entries from root://cmsxrootd.fnal.gov//store/data/Run2018D/JetHT/NANOAOD/UL2018_MiniAODv2_NanoAODv9-v2/2810000/867E368A-E46B-454D-A317-0719D863573E.root (1476672 entries). Finally selected 32645 entries
Total time 587.2 sec. to process 1476672 events. Rate = 2514.9 Hz.
Running pwd:
/storage/local/data1/condor/execute/dir_33728
Running ls -alrth:
total 176K
-rw-r--r--  1 shardulr fnalgrid 5.0K Jun 27 18:29 .job.ad
-rw-r--r--  1 shardulr fnalgrid  13K Jun 27 18:29 .machine.ad
-rwx------  1 shardulr fnalgrid   49 Jun 27 18:29 .chirp.config
-rw-------  1 shardulr fnalgrid  11K Jun 27 18:29 x509up
drwxr-xr-x  2 shardulr fnalgrid 4.0K Jun 27 18:29 samples
-rw-r--r--  1 shardulr fnalgrid  62K Jun 27 18:29 singleStopAnalyzer.py
-rw-r--r--  1 shardulr fnalgrid  951 Jun 27 18:29 bJetMatcher.py
-rwxr-xr-x  1 shardulr fnalgrid  698 Jun 27 18:29 condor_exec.exe
-rw-r--r--  1 shardulr fnalgrid    0 Jun 27 18:29 docker_stderror
drwxrwxrwt  3 shardulr fnalgrid 4.0K Jun 27 18:29 var
drwxrwxrwt  2 shardulr fnalgrid 4.0K Jun 27 18:29 tmp
drwxr-xr-x  3 root     root     4.0K Jun 27 18:30 ..
srwxr-xr-x  1 shardulr fnalgrid    0 Jun 27 18:30 .docker_sock
drwxr-xr-x 17 shardulr fnalgrid 4.0K Jun 27 18:30 CMSSW_10_6_19_patch2
drwxr-xr-x  2 shardulr fnalgrid 4.0K Jun 27 18:30 framework
-rw-r--r--  1 shardulr fnalgrid 1.7K Jun 27 18:30 bJetMatcher.pyc
drwxr-xr-x  3 shardulr fnalgrid 4.0K Jun 27 18:30 output
-rw-r--r--  1 shardulr fnalgrid  215 Jun 27 18:30 _condor_stderr
-rw-r--r--  1 shardulr fnalgrid  13K Jun 27 18:39 .update.ad
drwx------  8 shardulr fnalgrid 4.0K Jun 27 18:39 .
-rw-r--r--  1 shardulr fnalgrid 5.7K Jun 27 18:39 _condor_stdout
