[FERMIHTC-APPTAINER]: INFO -- No Apptainer image specified
[FERMIHTC-APPTAINER]: INFO -- Running job on the host machine

[FERMIHTC-APPTAINER]: INFO -- Running ./condor_exec.exe
Starting job on  Tue Jun 27 18:25:27 UTC 2023
Running on: Linux shardulr-2169568-130-cmswn2067.fnal.gov 3.10.0-1160.90.1.el7.x86_64 #1 SMP Thu Apr 27 13:14:20 CDT 2023 x86_64 x86_64 x86_64 GNU/Linux
System software: Scientific Linux release 7.9 (Nitrogen)
Running ls -alrth:
total 156K
-rw-r--r--  1 shardulr fnalgrid 5.1K Jun 27 18:25 .job.ad
-rw-r--r--  1 shardulr fnalgrid  12K Jun 27 18:25 .machine.ad
-rwx------  1 shardulr fnalgrid   49 Jun 27 18:25 .chirp.config
-rw-------  1 shardulr fnalgrid  11K Jun 27 18:25 x509up
drwxr-xr-x  2 shardulr fnalgrid 4.0K Jun 27 18:25 samples
drwxr-xr-x  2 shardulr fnalgrid 4.0K Jun 27 18:25 framework
-rw-r--r--  1 shardulr fnalgrid  62K Jun 27 18:25 singleStopAnalyzer.py
-rw-r--r--  1 shardulr fnalgrid  951 Jun 27 18:25 bJetMatcher.py
-rwxr-xr-x  1 shardulr fnalgrid  698 Jun 27 18:25 condor_exec.exe
-rw-r--r--  1 shardulr fnalgrid    0 Jun 27 18:25 docker_stderror
drwxrwxrwt  2 shardulr fnalgrid 4.0K Jun 27 18:25 tmp
drwxrwxrwt  3 shardulr fnalgrid 4.0K Jun 27 18:25 var
-rw-r--r--  1 shardulr fnalgrid  12K Jun 27 18:25 .update.ad
drwxr-xr-x  3 root     root     4.0K Jun 27 18:25 ..
srwxr-xr-x  1 shardulr fnalgrid    0 Jun 27 18:25 .docker_sock
-rw-r--r--  1 shardulr fnalgrid  113 Jun 27 18:25 _condor_stderr
drwx------  7 shardulr fnalgrid 4.0K Jun 27 18:25 .
drwxr-xr-x 17 shardulr fnalgrid 4.0K Jun 27 18:25 CMSSW_10_6_19_patch2
-rw-r--r--  1 shardulr fnalgrid  453 Jun 27 18:25 _condor_stdout
/storage/local/data1/condor/execute/dir_34209/CMSSW_10_6_19_patch2 is the CMSSW we created on the local worker node
Running over Data2018 files
Blinding data, only using CR cuts (0 loose b's)
Using UL 2018 campaign working points
Pre-select 99795 entries out of 697744 (14.30%)
Processed    10000/   99795 entries, 10.02% (elapsed time    23.4s, curr speed    0.427 kHz, avg speed    0.427 kHz), accepted     1235/   10001 events (12.35%)
Processed    20000/   99795 entries, 20.04% (elapsed time    45.9s, curr speed    0.446 kHz, avg speed    0.436 kHz), accepted     2591/   20001 events (12.95%)
Processed    30000/   99795 entries, 30.06% (elapsed time    68.3s, curr speed    0.445 kHz, avg speed    0.439 kHz), accepted     3953/   30001 events (13.18%)
Processed    40000/   99795 entries, 40.08% (elapsed time    91.2s, curr speed    0.437 kHz, avg speed    0.439 kHz), accepted     5400/   40001 events (13.50%)
Processed    50000/   99795 entries, 50.10% (elapsed time   113.5s, curr speed    0.449 kHz, avg speed    0.441 kHz), accepted     6690/   50001 events (13.38%)
Processed    60000/   99795 entries, 60.12% (elapsed time   136.5s, curr speed    0.434 kHz, avg speed    0.440 kHz), accepted     8186/   60001 events (13.64%)
Processed    70000/   99795 entries, 70.14% (elapsed time   159.0s, curr speed    0.445 kHz, avg speed    0.440 kHz), accepted     9561/   70001 events (13.66%)
Processed    80000/   99795 entries, 80.16% (elapsed time   181.4s, curr speed    0.445 kHz, avg speed    0.441 kHz), accepted    11022/   80001 events (13.78%)
Processed    90000/   99795 entries, 90.18% (elapsed time   203.2s, curr speed    0.459 kHz, avg speed    0.443 kHz), accepted    12194/   90001 events (13.55%)
Processed 99795 preselected entries from root://cmsxrootd.fnal.gov//store/data/Run2018A/JetHT/NANOAOD/UL2018_MiniAODv2_NanoAODv9-v2/250000/DB3A3200-4F40-FF4C-800E-1AD9BC73EBD7.root (697744 entries). Finally selected 13568 entries
Total time 232.6 sec. to process 697744 events. Rate = 3000.1 Hz.
Running pwd:
/storage/local/data1/condor/execute/dir_34209
Running ls -alrth:
total 168K
-rw-r--r--  1 shardulr fnalgrid 5.1K Jun 27 18:25 .job.ad
-rw-r--r--  1 shardulr fnalgrid  12K Jun 27 18:25 .machine.ad
-rwx------  1 shardulr fnalgrid   49 Jun 27 18:25 .chirp.config
-rw-------  1 shardulr fnalgrid  11K Jun 27 18:25 x509up
drwxr-xr-x  2 shardulr fnalgrid 4.0K Jun 27 18:25 samples
-rw-r--r--  1 shardulr fnalgrid  62K Jun 27 18:25 singleStopAnalyzer.py
-rw-r--r--  1 shardulr fnalgrid  951 Jun 27 18:25 bJetMatcher.py
-rwxr-xr-x  1 shardulr fnalgrid  698 Jun 27 18:25 condor_exec.exe
-rw-r--r--  1 shardulr fnalgrid    0 Jun 27 18:25 docker_stderror
drwxrwxrwt  2 shardulr fnalgrid 4.0K Jun 27 18:25 tmp
drwxrwxrwt  3 shardulr fnalgrid 4.0K Jun 27 18:25 var
drwxr-xr-x  3 root     root     4.0K Jun 27 18:25 ..
srwxr-xr-x  1 shardulr fnalgrid    0 Jun 27 18:25 .docker_sock
drwxr-xr-x 17 shardulr fnalgrid 4.0K Jun 27 18:25 CMSSW_10_6_19_patch2
drwxr-xr-x  2 shardulr fnalgrid 4.0K Jun 27 18:25 framework
-rw-r--r--  1 shardulr fnalgrid 1.7K Jun 27 18:25 bJetMatcher.pyc
drwxr-xr-x  3 shardulr fnalgrid 4.0K Jun 27 18:25 output
-rw-r--r--  1 shardulr fnalgrid  215 Jun 27 18:25 _condor_stderr
-rw-r--r--  1 shardulr fnalgrid  13K Jun 27 18:29 .update.ad
drwx------  8 shardulr fnalgrid 4.0K Jun 27 18:29 .
-rw-r--r--  1 shardulr fnalgrid 3.7K Jun 27 18:29 _condor_stdout
