[FERMIHTC-APPTAINER]: INFO -- No Apptainer image specified
[FERMIHTC-APPTAINER]: INFO -- Running job on the host machine

[FERMIHTC-APPTAINER]: INFO -- Running ./condor_exec.exe
Starting job on  Tue Jun 27 18:29:32 UTC 2023
Running on: Linux shardulr-2169568-236-cmswn2046.fnal.gov 3.10.0-1160.90.1.el7.x86_64 #1 SMP Thu Apr 27 13:14:20 CDT 2023 x86_64 x86_64 x86_64 GNU/Linux
System software: Scientific Linux release 7.9 (Nitrogen)
Running ls -alrth:
total 160K
-rw-r--r--  1 shardulr fnalgrid  13K Jun 27 18:29 .machine.ad
-rw-r--r--  1 shardulr fnalgrid 5.0K Jun 27 18:29 .job.ad
-rwx------  1 shardulr fnalgrid   49 Jun 27 18:29 .chirp.config
-rw-------  1 shardulr fnalgrid  11K Jun 27 18:29 x509up
drwxr-xr-x  2 shardulr fnalgrid 4.0K Jun 27 18:29 samples
-rw-r--r--  1 shardulr fnalgrid  62K Jun 27 18:29 singleStopAnalyzer.py
drwxr-xr-x  2 shardulr fnalgrid 4.0K Jun 27 18:29 framework
-rw-r--r--  1 shardulr fnalgrid  951 Jun 27 18:29 bJetMatcher.py
-rwxr-xr-x  1 shardulr fnalgrid  698 Jun 27 18:29 condor_exec.exe
-rw-r--r--  1 shardulr fnalgrid    0 Jun 27 18:29 docker_stderror
drwxrwxrwt  3 shardulr fnalgrid 4.0K Jun 27 18:29 var
drwxrwxrwt  2 shardulr fnalgrid 4.0K Jun 27 18:29 tmp
-rw-r--r--  1 shardulr fnalgrid  12K Jun 27 18:29 .update.ad
drwxr-xr-x  3 root     root     4.0K Jun 27 18:29 ..
srwxr-xr-x  1 shardulr fnalgrid    0 Jun 27 18:29 .docker_sock
-rw-r--r--  1 shardulr fnalgrid  113 Jun 27 18:29 _condor_stderr
drwx------  7 shardulr fnalgrid 4.0K Jun 27 18:29 .
drwxr-xr-x 17 shardulr fnalgrid 4.0K Jun 27 18:29 CMSSW_10_6_19_patch2
-rw-r--r--  1 shardulr fnalgrid  453 Jun 27 18:29 _condor_stdout
/storage/local/data1/condor/execute/dir_28662/CMSSW_10_6_19_patch2 is the CMSSW we created on the local worker node
Running over Data2018 files
Blinding data, only using CR cuts (0 loose b's)
Using UL 2018 campaign working points
Pre-select 350049 entries out of 2258919 (15.50%)
Processed    10000/  350049 entries,  2.86% (elapsed time    24.0s, curr speed    0.417 kHz, avg speed    0.417 kHz), accepted     1378/   10001 events (13.78%)
Processed    20000/  350049 entries,  5.71% (elapsed time    48.6s, curr speed    0.406 kHz, avg speed    0.412 kHz), accepted     2801/   20001 events (14.00%)
Processed    30000/  350049 entries,  8.57% (elapsed time    74.2s, curr speed    0.391 kHz, avg speed    0.404 kHz), accepted     4244/   30001 events (14.15%)
Processed    40000/  350049 entries, 11.43% (elapsed time    98.4s, curr speed    0.413 kHz, avg speed    0.406 kHz), accepted     5717/   40001 events (14.29%)
Processed    50000/  350049 entries, 14.28% (elapsed time   123.6s, curr speed    0.398 kHz, avg speed    0.405 kHz), accepted     7293/   50001 events (14.59%)
Processed    60000/  350049 entries, 17.14% (elapsed time   148.4s, curr speed    0.402 kHz, avg speed    0.404 kHz), accepted     8880/   60001 events (14.80%)
Processed    70000/  350049 entries, 20.00% (elapsed time   174.0s, curr speed    0.391 kHz, avg speed    0.402 kHz), accepted    10538/   70001 events (15.05%)
Processed    80000/  350049 entries, 22.85% (elapsed time   200.0s, curr speed    0.385 kHz, avg speed    0.400 kHz), accepted    12246/   80001 events (15.31%)
Processed    90000/  350049 entries, 25.71% (elapsed time   224.3s, curr speed    0.412 kHz, avg speed    0.401 kHz), accepted    13626/   90001 events (15.14%)
Processed   100000/  350049 entries, 28.57% (elapsed time   249.0s, curr speed    0.403 kHz, avg speed    0.402 kHz), accepted    15113/  100001 events (15.11%)
Processed   110000/  350049 entries, 31.42% (elapsed time   274.6s, curr speed    0.391 kHz, avg speed    0.401 kHz), accepted    16695/  110001 events (15.18%)
Processed   120000/  350049 entries, 34.28% (elapsed time   299.9s, curr speed    0.395 kHz, avg speed    0.400 kHz), accepted    18255/  120001 events (15.21%)
Processed   130000/  350049 entries, 37.14% (elapsed time   325.1s, curr speed    0.397 kHz, avg speed    0.400 kHz), accepted    19823/  130001 events (15.25%)
Processed   140000/  350049 entries, 39.99% (elapsed time   350.0s, curr speed    0.402 kHz, avg speed    0.400 kHz), accepted    21367/  140001 events (15.26%)
Processed   150000/  350049 entries, 42.85% (elapsed time   375.0s, curr speed    0.399 kHz, avg speed    0.400 kHz), accepted    22897/  150001 events (15.26%)
Processed   160000/  350049 entries, 45.71% (elapsed time   399.6s, curr speed    0.406 kHz, avg speed    0.400 kHz), accepted    24309/  160001 events (15.19%)
Processed   170000/  350049 entries, 48.56% (elapsed time   424.5s, curr speed    0.402 kHz, avg speed    0.400 kHz), accepted    25792/  170001 events (15.17%)
Processed   180000/  350049 entries, 51.42% (elapsed time   449.7s, curr speed    0.397 kHz, avg speed    0.400 kHz), accepted    27303/  180001 events (15.17%)
Processed   190000/  350049 entries, 54.28% (elapsed time   473.1s, curr speed    0.427 kHz, avg speed    0.402 kHz), accepted    28572/  190001 events (15.04%)
Processed   200000/  350049 entries, 57.13% (elapsed time   496.0s, curr speed    0.437 kHz, avg speed    0.403 kHz), accepted    29727/  200001 events (14.86%)
Processed   210000/  350049 entries, 59.99% (elapsed time   519.9s, curr speed    0.418 kHz, avg speed    0.404 kHz), accepted    30929/  210001 events (14.73%)
Processed   220000/  350049 entries, 62.85% (elapsed time   543.5s, curr speed    0.424 kHz, avg speed    0.405 kHz), accepted    32203/  220001 events (14.64%)
Processed   230000/  350049 entries, 65.71% (elapsed time   568.1s, curr speed    0.406 kHz, avg speed    0.405 kHz), accepted    33649/  230001 events (14.63%)
Processed   240000/  350049 entries, 68.56% (elapsed time   594.8s, curr speed    0.375 kHz, avg speed    0.404 kHz), accepted    35215/  240001 events (14.67%)
Processed   250000/  350049 entries, 71.42% (elapsed time   620.3s, curr speed    0.392 kHz, avg speed    0.403 kHz), accepted    36761/  250001 events (14.70%)
Processed   260000/  350049 entries, 74.28% (elapsed time   646.0s, curr speed    0.389 kHz, avg speed    0.402 kHz), accepted    38342/  260001 events (14.75%)
Processed   270000/  350049 entries, 77.13% (elapsed time   672.9s, curr speed    0.372 kHz, avg speed    0.401 kHz), accepted    39934/  270001 events (14.79%)
Processed   280000/  350049 entries, 79.99% (elapsed time   699.3s, curr speed    0.378 kHz, avg speed    0.400 kHz), accepted    41503/  280001 events (14.82%)
Processed   290000/  350049 entries, 82.85% (elapsed time   725.6s, curr speed    0.381 kHz, avg speed    0.400 kHz), accepted    43068/  290001 events (14.85%)
Processed   300000/  350049 entries, 85.70% (elapsed time   753.0s, curr speed    0.365 kHz, avg speed    0.398 kHz), accepted    44700/  300001 events (14.90%)
Processed   310000/  350049 entries, 88.56% (elapsed time   777.3s, curr speed    0.412 kHz, avg speed    0.399 kHz), accepted    45917/  310001 events (14.81%)
Processed   320000/  350049 entries, 91.42% (elapsed time   801.5s, curr speed    0.412 kHz, avg speed    0.399 kHz), accepted    47158/  320001 events (14.74%)
Processed   330000/  350049 entries, 94.27% (elapsed time   825.0s, curr speed    0.425 kHz, avg speed    0.400 kHz), accepted    48399/  330001 events (14.67%)
Processed   340000/  350049 entries, 97.13% (elapsed time   849.0s, curr speed    0.418 kHz, avg speed    0.400 kHz), accepted    49709/  340001 events (14.62%)
Processed   350000/  350049 entries, 99.99% (elapsed time   873.8s, curr speed    0.403 kHz, avg speed    0.401 kHz), accepted    51052/  350001 events (14.59%)
Processed 350049 preselected entries from root://cmsxrootd.fnal.gov//store/data/Run2018C/JetHT/NANOAOD/UL2018_MiniAODv2_NanoAODv9-v1/130000/AC2585F8-5355-D649-AC37-1DA5440CE26F.root (2258919 entries). Finally selected 51058 entries
Total time 884.6 sec. to process 2258919 events. Rate = 2553.7 Hz.
Running pwd:
/storage/local/data1/condor/execute/dir_28662
Running ls -alrth:
total 176K
-rw-r--r--  1 shardulr fnalgrid  13K Jun 27 18:29 .machine.ad
-rw-r--r--  1 shardulr fnalgrid 5.0K Jun 27 18:29 .job.ad
-rwx------  1 shardulr fnalgrid   49 Jun 27 18:29 .chirp.config
-rw-------  1 shardulr fnalgrid  11K Jun 27 18:29 x509up
drwxr-xr-x  2 shardulr fnalgrid 4.0K Jun 27 18:29 samples
-rw-r--r--  1 shardulr fnalgrid  62K Jun 27 18:29 singleStopAnalyzer.py
-rw-r--r--  1 shardulr fnalgrid  951 Jun 27 18:29 bJetMatcher.py
-rwxr-xr-x  1 shardulr fnalgrid  698 Jun 27 18:29 condor_exec.exe
-rw-r--r--  1 shardulr fnalgrid    0 Jun 27 18:29 docker_stderror
drwxrwxrwt  3 shardulr fnalgrid 4.0K Jun 27 18:29 var
drwxrwxrwt  2 shardulr fnalgrid 4.0K Jun 27 18:29 tmp
drwxr-xr-x  3 root     root     4.0K Jun 27 18:29 ..
srwxr-xr-x  1 shardulr fnalgrid    0 Jun 27 18:29 .docker_sock
drwxr-xr-x 17 shardulr fnalgrid 4.0K Jun 27 18:29 CMSSW_10_6_19_patch2
drwxr-xr-x  2 shardulr fnalgrid 4.0K Jun 27 18:29 framework
-rw-r--r--  1 shardulr fnalgrid 1.7K Jun 27 18:29 bJetMatcher.pyc
drwxr-xr-x  3 shardulr fnalgrid 4.0K Jun 27 18:29 output
-rw-r--r--  1 shardulr fnalgrid  215 Jun 27 18:29 _condor_stderr
-rw-r--r--  1 shardulr fnalgrid  13K Jun 27 18:44 .update.ad
drwx------  8 shardulr fnalgrid 4.0K Jun 27 18:44 .
-rw-r--r--  1 shardulr fnalgrid 7.8K Jun 27 18:44 _condor_stdout
