[FERMIHTC-APPTAINER]: INFO -- No Apptainer image specified
[FERMIHTC-APPTAINER]: INFO -- Running job on the host machine

[FERMIHTC-APPTAINER]: INFO -- Running ./condor_exec.exe
Starting job on  Tue Jun 27 18:29:49 UTC 2023
Running on: Linux shardulr-2169568-327-cmswn2038.fnal.gov 3.10.0-1160.90.1.el7.x86_64 #1 SMP Thu Apr 27 13:14:20 CDT 2023 x86_64 x86_64 x86_64 GNU/Linux
System software: Scientific Linux release 7.9 (Nitrogen)
Running ls -alrth:
total 164K
-rw-r--r--  1 shardulr fnalgrid 5.0K Jun 27 18:29 .job.ad
-rw-r--r--  1 shardulr fnalgrid  13K Jun 27 18:29 .machine.ad
-rwx------  1 shardulr fnalgrid   49 Jun 27 18:29 .chirp.config
-rw-------  1 shardulr fnalgrid  11K Jun 27 18:29 x509up
drwxr-xr-x  2 shardulr fnalgrid 4.0K Jun 27 18:29 samples
drwxr-xr-x  2 shardulr fnalgrid 4.0K Jun 27 18:29 framework
-rw-r--r--  1 shardulr fnalgrid  62K Jun 27 18:29 singleStopAnalyzer.py
-rwxr-xr-x  1 shardulr fnalgrid  698 Jun 27 18:29 condor_exec.exe
-rw-r--r--  1 shardulr fnalgrid  951 Jun 27 18:29 bJetMatcher.py
-rw-r--r--  1 shardulr fnalgrid    0 Jun 27 18:29 docker_stderror
drwxrwxrwt  3 shardulr fnalgrid 4.0K Jun 27 18:29 var
drwxrwxrwt  2 shardulr fnalgrid 4.0K Jun 27 18:29 tmp
-rw-r--r--  1 shardulr fnalgrid  13K Jun 27 18:29 .update.ad
drwxr-xr-x  3 root     root     4.0K Jun 27 18:29 ..
srwxr-xr-x  1 shardulr fnalgrid    0 Jun 27 18:29 .docker_sock
-rw-r--r--  1 shardulr fnalgrid  113 Jun 27 18:29 _condor_stderr
drwx------  7 shardulr fnalgrid 4.0K Jun 27 18:29 .
drwxr-xr-x 17 shardulr fnalgrid 4.0K Jun 27 18:29 CMSSW_10_6_19_patch2
-rw-r--r--  1 shardulr fnalgrid  453 Jun 27 18:29 _condor_stdout
/storage/local/data1/condor/execute/dir_14372/CMSSW_10_6_19_patch2 is the CMSSW we created on the local worker node
Running over Data2018 files
Blinding data, only using CR cuts (0 loose b's)
Using UL 2018 campaign working points
Pre-select 2320 entries out of 2563 (90.52%)
Processed 2320 preselected entries from root://cmsxrootd.fnal.gov//store/data/Run2018D/JetHT/NANOAOD/UL2018_MiniAODv2_NanoAODv9-v2/2540000/738AB2DB-1023-8946-83AD-629C88912DA2.root (2563 entries). Finally selected 0 entries
Total time 12.0 sec. to process 2563 events. Rate = 213.3 Hz.
Running pwd:
/storage/local/data1/condor/execute/dir_14372
Running ls -alrth:
total 172K
-rw-r--r--  1 shardulr fnalgrid 5.0K Jun 27 18:29 .job.ad
-rw-r--r--  1 shardulr fnalgrid  13K Jun 27 18:29 .machine.ad
-rwx------  1 shardulr fnalgrid   49 Jun 27 18:29 .chirp.config
-rw-------  1 shardulr fnalgrid  11K Jun 27 18:29 x509up
drwxr-xr-x  2 shardulr fnalgrid 4.0K Jun 27 18:29 samples
-rw-r--r--  1 shardulr fnalgrid  62K Jun 27 18:29 singleStopAnalyzer.py
-rwxr-xr-x  1 shardulr fnalgrid  698 Jun 27 18:29 condor_exec.exe
-rw-r--r--  1 shardulr fnalgrid  951 Jun 27 18:29 bJetMatcher.py
-rw-r--r--  1 shardulr fnalgrid    0 Jun 27 18:29 docker_stderror
drwxrwxrwt  3 shardulr fnalgrid 4.0K Jun 27 18:29 var
drwxrwxrwt  2 shardulr fnalgrid 4.0K Jun 27 18:29 tmp
drwxr-xr-x  3 root     root     4.0K Jun 27 18:29 ..
srwxr-xr-x  1 shardulr fnalgrid    0 Jun 27 18:29 .docker_sock
drwxr-xr-x 17 shardulr fnalgrid 4.0K Jun 27 18:29 CMSSW_10_6_19_patch2
drwxr-xr-x  2 shardulr fnalgrid 4.0K Jun 27 18:29 framework
-rw-r--r--  1 shardulr fnalgrid 1.7K Jun 27 18:29 bJetMatcher.pyc
drwxr-xr-x  3 shardulr fnalgrid 4.0K Jun 27 18:29 output
-rw-r--r--  1 shardulr fnalgrid  215 Jun 27 18:29 _condor_stderr
-rw-r--r--  1 shardulr fnalgrid  13K Jun 27 18:30 .update.ad
drwx------  8 shardulr fnalgrid 4.0K Jun 27 18:30 .
-rw-r--r--  1 shardulr fnalgrid 2.3K Jun 27 18:30 _condor_stdout
