[FERMIHTC-APPTAINER]: INFO -- No Apptainer image specified
[FERMIHTC-APPTAINER]: INFO -- Running job on the host machine

[FERMIHTC-APPTAINER]: INFO -- Running ./condor_exec.exe
Starting job on  Tue Jun 27 18:23:32 UTC 2023
Running on: Linux shardulr-2169568-89-cmswn2044.fnal.gov 3.10.0-1160.90.1.el7.x86_64 #1 SMP Thu Apr 27 13:14:20 CDT 2023 x86_64 x86_64 x86_64 GNU/Linux
System software: Scientific Linux release 7.9 (Nitrogen)
Running ls -alrth:
total 156K
-rw-r--r--  1 shardulr fnalgrid  12K Jun 27 18:23 .machine.ad
-rw-r--r--  1 shardulr fnalgrid 5.0K Jun 27 18:23 .job.ad
-rwx------  1 shardulr fnalgrid   49 Jun 27 18:23 .chirp.config
-rw-------  1 shardulr fnalgrid  11K Jun 27 18:23 x509up
drwxr-xr-x  2 shardulr fnalgrid 4.0K Jun 27 18:23 samples
drwxr-xr-x  2 shardulr fnalgrid 4.0K Jun 27 18:23 framework
-rw-r--r--  1 shardulr fnalgrid  62K Jun 27 18:23 singleStopAnalyzer.py
-rwxr-xr-x  1 shardulr fnalgrid  697 Jun 27 18:23 condor_exec.exe
-rw-r--r--  1 shardulr fnalgrid  951 Jun 27 18:23 bJetMatcher.py
-rw-r--r--  1 shardulr fnalgrid    0 Jun 27 18:23 docker_stderror
drwxrwxrwt  2 shardulr fnalgrid 4.0K Jun 27 18:23 tmp
drwxrwxrwt  3 shardulr fnalgrid 4.0K Jun 27 18:23 var
-rw-r--r--  1 shardulr fnalgrid  12K Jun 27 18:23 .update.ad
drwxr-xr-x  3 root     root     4.0K Jun 27 18:23 ..
srwxr-xr-x  1 shardulr fnalgrid    0 Jun 27 18:23 .docker_sock
-rw-r--r--  1 shardulr fnalgrid  113 Jun 27 18:23 _condor_stderr
drwx------  7 shardulr fnalgrid 4.0K Jun 27 18:23 .
drwxr-xr-x 17 shardulr fnalgrid 4.0K Jun 27 18:23 CMSSW_10_6_19_patch2
-rw-r--r--  1 shardulr fnalgrid  452 Jun 27 18:23 _condor_stdout
/storage/local/data1/condor/execute/dir_12180/CMSSW_10_6_19_patch2 is the CMSSW we created on the local worker node
Running over Data2018 files
Blinding data, only using CR cuts (0 loose b's)
Using UL 2018 campaign working points
Pre-select 183751 entries out of 1297660 (14.16%)
Processed    10000/  183751 entries,  5.44% (elapsed time    23.6s, curr speed    0.423 kHz, avg speed    0.423 kHz), accepted     1461/   10001 events (14.61%)
Processed    20000/  183751 entries, 10.88% (elapsed time    47.5s, curr speed    0.418 kHz, avg speed    0.421 kHz), accepted     2909/   20001 events (14.54%)
Processed    30000/  183751 entries, 16.33% (elapsed time    70.8s, curr speed    0.430 kHz, avg speed    0.424 kHz), accepted     4459/   30001 events (14.86%)
Processed    40000/  183751 entries, 21.77% (elapsed time    96.0s, curr speed    0.396 kHz, avg speed    0.417 kHz), accepted     6055/   40001 events (15.14%)
Processed    50000/  183751 entries, 27.21% (elapsed time   117.7s, curr speed    0.461 kHz, avg speed    0.425 kHz), accepted     7128/   50001 events (14.26%)
Processed    60000/  183751 entries, 32.65% (elapsed time   139.8s, curr speed    0.453 kHz, avg speed    0.429 kHz), accepted     8203/   60001 events (13.67%)
Processed    70000/  183751 entries, 38.10% (elapsed time   161.2s, curr speed    0.467 kHz, avg speed    0.434 kHz), accepted     9247/   70001 events (13.21%)
Processed    80000/  183751 entries, 43.54% (elapsed time   184.0s, curr speed    0.440 kHz, avg speed    0.435 kHz), accepted    10395/   80001 events (12.99%)
Processed    90000/  183751 entries, 48.98% (elapsed time   205.0s, curr speed    0.475 kHz, avg speed    0.439 kHz), accepted    11462/   90001 events (12.74%)
Processed   100000/  183751 entries, 54.42% (elapsed time   227.7s, curr speed    0.442 kHz, avg speed    0.439 kHz), accepted    12739/  100001 events (12.74%)
Processed   110000/  183751 entries, 59.86% (elapsed time   250.5s, curr speed    0.438 kHz, avg speed    0.439 kHz), accepted    14054/  110001 events (12.78%)
Processed   120000/  183751 entries, 65.31% (elapsed time   273.0s, curr speed    0.444 kHz, avg speed    0.439 kHz), accepted    15306/  120001 events (12.75%)
Processed   130000/  183751 entries, 70.75% (elapsed time   296.0s, curr speed    0.435 kHz, avg speed    0.439 kHz), accepted    16598/  130001 events (12.77%)
Processed   140000/  183751 entries, 76.19% (elapsed time   318.7s, curr speed    0.441 kHz, avg speed    0.439 kHz), accepted    17964/  140001 events (12.83%)
Processed   150000/  183751 entries, 81.63% (elapsed time   341.6s, curr speed    0.437 kHz, avg speed    0.439 kHz), accepted    19358/  150001 events (12.91%)
Processed   160000/  183751 entries, 87.07% (elapsed time   366.6s, curr speed    0.399 kHz, avg speed    0.436 kHz), accepted    20928/  160001 events (13.08%)
Processed   170000/  183751 entries, 92.52% (elapsed time   390.1s, curr speed    0.427 kHz, avg speed    0.436 kHz), accepted    22029/  170001 events (12.96%)
Processed   180000/  183751 entries, 97.96% (elapsed time   414.0s, curr speed    0.418 kHz, avg speed    0.435 kHz), accepted    23256/  180001 events (12.92%)
Processed 183751 preselected entries from root://cmsxrootd.fnal.gov//store/data/Run2018A/JetHT/NANOAOD/UL2018_MiniAODv2_NanoAODv9-v2/250000/A4E19A87-D0CF-5E43-B3E2-AF5EA543C6ED.root (1297660 entries). Finally selected 23692 entries
Total time 435.4 sec. to process 1297660 events. Rate = 2980.6 Hz.
Running pwd:
/storage/local/data1/condor/execute/dir_12180
Running ls -alrth:
total 172K
-rw-r--r--  1 shardulr fnalgrid  12K Jun 27 18:23 .machine.ad
-rw-r--r--  1 shardulr fnalgrid 5.0K Jun 27 18:23 .job.ad
-rwx------  1 shardulr fnalgrid   49 Jun 27 18:23 .chirp.config
-rw-------  1 shardulr fnalgrid  11K Jun 27 18:23 x509up
drwxr-xr-x  2 shardulr fnalgrid 4.0K Jun 27 18:23 samples
-rw-r--r--  1 shardulr fnalgrid  62K Jun 27 18:23 singleStopAnalyzer.py
-rwxr-xr-x  1 shardulr fnalgrid  697 Jun 27 18:23 condor_exec.exe
-rw-r--r--  1 shardulr fnalgrid  951 Jun 27 18:23 bJetMatcher.py
-rw-r--r--  1 shardulr fnalgrid    0 Jun 27 18:23 docker_stderror
drwxrwxrwt  2 shardulr fnalgrid 4.0K Jun 27 18:23 tmp
drwxrwxrwt  3 shardulr fnalgrid 4.0K Jun 27 18:23 var
drwxr-xr-x  3 root     root     4.0K Jun 27 18:23 ..
srwxr-xr-x  1 shardulr fnalgrid    0 Jun 27 18:23 .docker_sock
drwxr-xr-x 17 shardulr fnalgrid 4.0K Jun 27 18:23 CMSSW_10_6_19_patch2
drwxr-xr-x  2 shardulr fnalgrid 4.0K Jun 27 18:23 framework
-rw-r--r--  1 shardulr fnalgrid 1.7K Jun 27 18:23 bJetMatcher.pyc
drwxr-xr-x  3 shardulr fnalgrid 4.0K Jun 27 18:23 output
-rw-r--r--  1 shardulr fnalgrid  215 Jun 27 18:23 _condor_stderr
-rw-r--r--  1 shardulr fnalgrid  13K Jun 27 18:30 .update.ad
drwx------  8 shardulr fnalgrid 4.0K Jun 27 18:30 .
-rw-r--r--  1 shardulr fnalgrid 5.1K Jun 27 18:30 _condor_stdout
