[FERMIHTC-APPTAINER]: INFO -- No Apptainer image specified
[FERMIHTC-APPTAINER]: INFO -- Running job on the host machine

[FERMIHTC-APPTAINER]: INFO -- Running ./condor_exec.exe
Starting job on  Tue Jun 27 18:30:03 UTC 2023
Running on: Linux shardulr-2169568-375-cmswn2046.fnal.gov 3.10.0-1160.90.1.el7.x86_64 #1 SMP Thu Apr 27 13:14:20 CDT 2023 x86_64 x86_64 x86_64 GNU/Linux
System software: Scientific Linux release 7.9 (Nitrogen)
Running ls -alrth:
total 164K
-rw-r--r--  1 shardulr fnalgrid 5.0K Jun 27 18:29 .job.ad
-rw-r--r--  1 shardulr fnalgrid  13K Jun 27 18:29 .machine.ad
-rwx------  1 shardulr fnalgrid   49 Jun 27 18:29 .chirp.config
-rw-------  1 shardulr fnalgrid  11K Jun 27 18:29 x509up
drwxr-xr-x  2 shardulr fnalgrid 4.0K Jun 27 18:29 samples
drwxr-xr-x  2 shardulr fnalgrid 4.0K Jun 27 18:29 framework
-rw-r--r--  1 shardulr fnalgrid  62K Jun 27 18:29 singleStopAnalyzer.py
-rwxr-xr-x  1 shardulr fnalgrid  698 Jun 27 18:29 condor_exec.exe
-rw-r--r--  1 shardulr fnalgrid  951 Jun 27 18:29 bJetMatcher.py
-rw-r--r--  1 shardulr fnalgrid    0 Jun 27 18:29 docker_stderror
drwxrwxrwt  3 shardulr fnalgrid 4.0K Jun 27 18:29 var
drwxrwxrwt  2 shardulr fnalgrid 4.0K Jun 27 18:29 tmp
drwxr-xr-x  3 root     root     4.0K Jun 27 18:30 ..
srwxr-xr-x  1 shardulr fnalgrid    0 Jun 27 18:30 .docker_sock
-rw-r--r--  1 shardulr fnalgrid  13K Jun 27 18:30 .update.ad
-rw-r--r--  1 shardulr fnalgrid  113 Jun 27 18:30 _condor_stderr
drwx------  7 shardulr fnalgrid 4.0K Jun 27 18:30 .
drwxr-xr-x 17 shardulr fnalgrid 4.0K Jun 27 18:30 CMSSW_10_6_19_patch2
-rw-r--r--  1 shardulr fnalgrid  453 Jun 27 18:30 _condor_stdout
/storage/local/data1/condor/execute/dir_30365/CMSSW_10_6_19_patch2 is the CMSSW we created on the local worker node
Running over Data2018 files
Blinding data, only using CR cuts (0 loose b's)
Using UL 2018 campaign working points
Pre-select 220566 entries out of 1528744 (14.43%)
Processed    10000/  220566 entries,  4.53% (elapsed time    23.0s, curr speed    0.436 kHz, avg speed    0.436 kHz), accepted     1517/   10001 events (15.17%)
Processed    20000/  220566 entries,  9.07% (elapsed time    46.3s, curr speed    0.428 kHz, avg speed    0.432 kHz), accepted     2852/   20001 events (14.26%)
Processed    30000/  220566 entries, 13.60% (elapsed time    70.0s, curr speed    0.422 kHz, avg speed    0.429 kHz), accepted     4212/   30001 events (14.04%)
Processed    40000/  220566 entries, 18.14% (elapsed time    93.3s, curr speed    0.429 kHz, avg speed    0.429 kHz), accepted     5470/   40001 events (13.67%)
Processed    50000/  220566 entries, 22.67% (elapsed time   117.6s, curr speed    0.411 kHz, avg speed    0.425 kHz), accepted     6894/   50001 events (13.79%)
Processed    60000/  220566 entries, 27.20% (elapsed time   142.0s, curr speed    0.410 kHz, avg speed    0.423 kHz), accepted     8406/   60001 events (14.01%)
Processed    70000/  220566 entries, 31.74% (elapsed time   166.7s, curr speed    0.404 kHz, avg speed    0.420 kHz), accepted     9991/   70001 events (14.27%)
Processed    80000/  220566 entries, 36.27% (elapsed time   193.1s, curr speed    0.379 kHz, avg speed    0.414 kHz), accepted    11627/   80001 events (14.53%)
Processed    90000/  220566 entries, 40.80% (elapsed time   218.5s, curr speed    0.394 kHz, avg speed    0.412 kHz), accepted    13255/   90001 events (14.73%)
Processed   100000/  220566 entries, 45.34% (elapsed time   245.0s, curr speed    0.378 kHz, avg speed    0.408 kHz), accepted    14997/  100001 events (15.00%)
Processed   110000/  220566 entries, 49.87% (elapsed time   270.8s, curr speed    0.388 kHz, avg speed    0.406 kHz), accepted    16686/  110001 events (15.17%)
Processed   120000/  220566 entries, 54.41% (elapsed time   295.4s, curr speed    0.406 kHz, avg speed    0.406 kHz), accepted    18220/  120001 events (15.18%)
Processed   130000/  220566 entries, 58.94% (elapsed time   320.6s, curr speed    0.397 kHz, avg speed    0.406 kHz), accepted    19786/  130001 events (15.22%)
Processed   140000/  220566 entries, 63.47% (elapsed time   346.0s, curr speed    0.393 kHz, avg speed    0.405 kHz), accepted    21431/  140001 events (15.31%)
Processed   150000/  220566 entries, 68.01% (elapsed time   372.1s, curr speed    0.383 kHz, avg speed    0.403 kHz), accepted    23111/  150001 events (15.41%)
Processed   160000/  220566 entries, 72.54% (elapsed time   397.5s, curr speed    0.393 kHz, avg speed    0.402 kHz), accepted    24738/  160001 events (15.46%)
Processed   170000/  220566 entries, 77.07% (elapsed time   424.4s, curr speed    0.373 kHz, avg speed    0.401 kHz), accepted    26407/  170001 events (15.53%)
Processed   180000/  220566 entries, 81.61% (elapsed time   449.6s, curr speed    0.395 kHz, avg speed    0.400 kHz), accepted    28054/  180001 events (15.59%)
Processed   190000/  220566 entries, 86.14% (elapsed time   474.7s, curr speed    0.399 kHz, avg speed    0.400 kHz), accepted    29601/  190001 events (15.58%)
Processed   200000/  220566 entries, 90.68% (elapsed time   499.7s, curr speed    0.401 kHz, avg speed    0.400 kHz), accepted    31096/  200001 events (15.55%)
Processed   210000/  220566 entries, 95.21% (elapsed time   523.9s, curr speed    0.413 kHz, avg speed    0.401 kHz), accepted    32404/  210001 events (15.43%)
Processed   220000/  220566 entries, 99.74% (elapsed time   550.3s, curr speed    0.379 kHz, avg speed    0.400 kHz), accepted    34102/  220001 events (15.50%)
Processed 220566 preselected entries from root://cmsxrootd.fnal.gov//store/data/Run2018D/JetHT/NANOAOD/UL2018_MiniAODv2_NanoAODv9-v2/2810000/660F0A11-F04A-AE43-A7B9-BA40FD0EC686.root (1528744 entries). Finally selected 34203 entries
Total time 559.0 sec. to process 1528744 events. Rate = 2734.9 Hz.
Running pwd:
/storage/local/data1/condor/execute/dir_30365
Running ls -alrth:
total 176K
-rw-r--r--  1 shardulr fnalgrid 5.0K Jun 27 18:29 .job.ad
-rw-r--r--  1 shardulr fnalgrid  13K Jun 27 18:29 .machine.ad
-rwx------  1 shardulr fnalgrid   49 Jun 27 18:29 .chirp.config
-rw-------  1 shardulr fnalgrid  11K Jun 27 18:29 x509up
drwxr-xr-x  2 shardulr fnalgrid 4.0K Jun 27 18:29 samples
-rw-r--r--  1 shardulr fnalgrid  62K Jun 27 18:29 singleStopAnalyzer.py
-rwxr-xr-x  1 shardulr fnalgrid  698 Jun 27 18:29 condor_exec.exe
-rw-r--r--  1 shardulr fnalgrid  951 Jun 27 18:29 bJetMatcher.py
-rw-r--r--  1 shardulr fnalgrid    0 Jun 27 18:29 docker_stderror
drwxrwxrwt  3 shardulr fnalgrid 4.0K Jun 27 18:29 var
drwxrwxrwt  2 shardulr fnalgrid 4.0K Jun 27 18:29 tmp
drwxr-xr-x  3 root     root     4.0K Jun 27 18:30 ..
srwxr-xr-x  1 shardulr fnalgrid    0 Jun 27 18:30 .docker_sock
drwxr-xr-x 17 shardulr fnalgrid 4.0K Jun 27 18:30 CMSSW_10_6_19_patch2
drwxr-xr-x  2 shardulr fnalgrid 4.0K Jun 27 18:30 framework
-rw-r--r--  1 shardulr fnalgrid 1.7K Jun 27 18:30 bJetMatcher.pyc
drwxr-xr-x  3 shardulr fnalgrid 4.0K Jun 27 18:30 output
-rw-r--r--  1 shardulr fnalgrid  215 Jun 27 18:30 _condor_stderr
-rw-r--r--  1 shardulr fnalgrid  13K Jun 27 18:39 .update.ad
drwx------  8 shardulr fnalgrid 4.0K Jun 27 18:39 .
-rw-r--r--  1 shardulr fnalgrid 5.7K Jun 27 18:39 _condor_stdout
