[FERMIHTC-APPTAINER]: INFO -- No Apptainer image specified
[FERMIHTC-APPTAINER]: INFO -- Running job on the host machine

[FERMIHTC-APPTAINER]: INFO -- Running ./condor_exec.exe
Starting job on  Tue Jun 27 18:29:42 UTC 2023
Running on: Linux shardulr-2169568-276-cmswn2103.fnal.gov 3.10.0-1160.90.1.el7.x86_64 #1 SMP Thu Apr 27 13:14:20 CDT 2023 x86_64 x86_64 x86_64 GNU/Linux
System software: Scientific Linux release 7.9 (Nitrogen)
Running ls -alrth:
total 160K
-rw-r--r--  1 shardulr fnalgrid 5.0K Jun 27 18:29 .job.ad
-rw-r--r--  1 shardulr fnalgrid  13K Jun 27 18:29 .machine.ad
-rwx------  1 shardulr fnalgrid   49 Jun 27 18:29 .chirp.config
-rw-------  1 shardulr fnalgrid  11K Jun 27 18:29 x509up
drwxr-xr-x  2 shardulr fnalgrid 4.0K Jun 27 18:29 samples
drwxr-xr-x  2 shardulr fnalgrid 4.0K Jun 27 18:29 framework
-rw-r--r--  1 shardulr fnalgrid  62K Jun 27 18:29 singleStopAnalyzer.py
-rw-r--r--  1 shardulr fnalgrid  951 Jun 27 18:29 bJetMatcher.py
-rwxr-xr-x  1 shardulr fnalgrid  698 Jun 27 18:29 condor_exec.exe
-rw-r--r--  1 shardulr fnalgrid    0 Jun 27 18:29 docker_stderror
drwxrwxrwt  3 shardulr fnalgrid 4.0K Jun 27 18:29 var
drwxrwxrwt  2 shardulr fnalgrid 4.0K Jun 27 18:29 tmp
drwxr-xr-x  3 root     root     4.0K Jun 27 18:29 ..
srwxr-xr-x  1 shardulr fnalgrid    0 Jun 27 18:29 .docker_sock
-rw-r--r--  1 shardulr fnalgrid  12K Jun 27 18:29 .update.ad
-rw-r--r--  1 shardulr fnalgrid  113 Jun 27 18:29 _condor_stderr
drwx------  7 shardulr fnalgrid 4.0K Jun 27 18:29 .
drwxr-xr-x 17 shardulr fnalgrid 4.0K Jun 27 18:29 CMSSW_10_6_19_patch2
-rw-r--r--  1 shardulr fnalgrid  453 Jun 27 18:29 _condor_stdout
/storage/local/data1/condor/execute/dir_40513/CMSSW_10_6_19_patch2 is the CMSSW we created on the local worker node
Running over Data2018 files
Blinding data, only using CR cuts (0 loose b's)
Using UL 2018 campaign working points
Pre-select 334266 entries out of 2287697 (14.61%)
Processed    10000/  334266 entries,  2.99% (elapsed time    30.6s, curr speed    0.326 kHz, avg speed    0.326 kHz), accepted     1769/   10001 events (17.69%)
Processed    20000/  334266 entries,  5.98% (elapsed time    61.6s, curr speed    0.323 kHz, avg speed    0.325 kHz), accepted     3560/   20001 events (17.80%)
Processed    30000/  334266 entries,  8.97% (elapsed time    92.2s, curr speed    0.327 kHz, avg speed    0.325 kHz), accepted     5337/   30001 events (17.79%)
Processed    40000/  334266 entries, 11.97% (elapsed time   113.7s, curr speed    0.466 kHz, avg speed    0.352 kHz), accepted     6117/   40001 events (15.29%)
Processed    50000/  334266 entries, 14.96% (elapsed time   133.3s, curr speed    0.508 kHz, avg speed    0.375 kHz), accepted     6657/   50001 events (13.31%)
Processed    60000/  334266 entries, 17.95% (elapsed time   159.0s, curr speed    0.390 kHz, avg speed    0.377 kHz), accepted     7843/   60001 events (13.07%)
Processed    70000/  334266 entries, 20.94% (elapsed time   186.1s, curr speed    0.369 kHz, avg speed    0.376 kHz), accepted     9285/   70001 events (13.26%)
Processed    80000/  334266 entries, 23.93% (elapsed time   211.7s, curr speed    0.391 kHz, avg speed    0.378 kHz), accepted    10613/   80001 events (13.27%)
Processed    90000/  334266 entries, 26.92% (elapsed time   238.1s, curr speed    0.378 kHz, avg speed    0.378 kHz), accepted    11954/   90001 events (13.28%)
Processed   100000/  334266 entries, 29.92% (elapsed time   263.6s, curr speed    0.393 kHz, avg speed    0.379 kHz), accepted    13193/  100001 events (13.19%)
Processed   110000/  334266 entries, 32.91% (elapsed time   289.2s, curr speed    0.391 kHz, avg speed    0.380 kHz), accepted    14535/  110001 events (13.21%)
Processed   120000/  334266 entries, 35.90% (elapsed time   314.1s, curr speed    0.402 kHz, avg speed    0.382 kHz), accepted    15733/  120001 events (13.11%)
Processed   130000/  334266 entries, 38.89% (elapsed time   338.9s, curr speed    0.402 kHz, avg speed    0.384 kHz), accepted    16965/  130001 events (13.05%)
Processed   140000/  334266 entries, 41.88% (elapsed time   364.6s, curr speed    0.389 kHz, avg speed    0.384 kHz), accepted    18236/  140001 events (13.03%)
Processed   150000/  334266 entries, 44.87% (elapsed time   390.1s, curr speed    0.393 kHz, avg speed    0.385 kHz), accepted    19560/  150001 events (13.04%)
Processed   160000/  334266 entries, 47.87% (elapsed time   415.7s, curr speed    0.390 kHz, avg speed    0.385 kHz), accepted    20930/  160001 events (13.08%)
Processed   170000/  334266 entries, 50.86% (elapsed time   442.6s, curr speed    0.373 kHz, avg speed    0.384 kHz), accepted    22355/  170001 events (13.15%)
Processed   180000/  334266 entries, 53.85% (elapsed time   469.1s, curr speed    0.376 kHz, avg speed    0.384 kHz), accepted    23823/  180001 events (13.23%)
Processed   190000/  334266 entries, 56.84% (elapsed time   496.6s, curr speed    0.364 kHz, avg speed    0.383 kHz), accepted    25290/  190001 events (13.31%)
Processed   200000/  334266 entries, 59.83% (elapsed time   523.4s, curr speed    0.373 kHz, avg speed    0.382 kHz), accepted    26710/  200001 events (13.35%)
Processed   210000/  334266 entries, 62.82% (elapsed time   550.4s, curr speed    0.370 kHz, avg speed    0.382 kHz), accepted    28087/  210001 events (13.37%)
Processed   220000/  334266 entries, 65.82% (elapsed time   575.3s, curr speed    0.402 kHz, avg speed    0.382 kHz), accepted    29554/  220001 events (13.43%)
Processed   230000/  334266 entries, 68.81% (elapsed time   599.2s, curr speed    0.418 kHz, avg speed    0.384 kHz), accepted    30994/  230001 events (13.48%)
Processed   240000/  334266 entries, 71.80% (elapsed time   624.5s, curr speed    0.396 kHz, avg speed    0.384 kHz), accepted    32451/  240001 events (13.52%)
Processed   250000/  334266 entries, 74.79% (elapsed time   651.4s, curr speed    0.371 kHz, avg speed    0.384 kHz), accepted    34038/  250001 events (13.62%)
Processed   260000/  334266 entries, 77.78% (elapsed time   678.8s, curr speed    0.365 kHz, avg speed    0.383 kHz), accepted    35707/  260001 events (13.73%)
Processed   270000/  334266 entries, 80.77% (elapsed time   706.3s, curr speed    0.364 kHz, avg speed    0.382 kHz), accepted    37356/  270001 events (13.84%)
Processed   280000/  334266 entries, 83.77% (elapsed time   733.3s, curr speed    0.370 kHz, avg speed    0.382 kHz), accepted    38744/  280001 events (13.84%)
Processed   290000/  334266 entries, 86.76% (elapsed time   759.4s, curr speed    0.384 kHz, avg speed    0.382 kHz), accepted    40067/  290001 events (13.82%)
Processed   300000/  334266 entries, 89.75% (elapsed time   785.4s, curr speed    0.384 kHz, avg speed    0.382 kHz), accepted    41383/  300001 events (13.79%)
Processed   310000/  334266 entries, 92.74% (elapsed time   811.7s, curr speed    0.381 kHz, avg speed    0.382 kHz), accepted    42695/  310001 events (13.77%)
Processed   320000/  334266 entries, 95.73% (elapsed time   838.6s, curr speed    0.372 kHz, avg speed    0.382 kHz), accepted    44127/  320001 events (13.79%)
Processed   330000/  334266 entries, 98.72% (elapsed time   864.2s, curr speed    0.391 kHz, avg speed    0.382 kHz), accepted    45450/  330001 events (13.77%)
Processed 334266 preselected entries from root://cmsxrootd.fnal.gov//store/data/Run2018D/JetHT/NANOAOD/UL2018_MiniAODv2_NanoAODv9-v2/2540000/A0D629E3-E4FE-1A47-B825-FD63F2265874.root (2287697 entries). Finally selected 46019 entries
Total time 897.5 sec. to process 2287697 events. Rate = 2548.9 Hz.
Running pwd:
/storage/local/data1/condor/execute/dir_40513
Running ls -alrth:
total 176K
-rw-r--r--  1 shardulr fnalgrid 5.0K Jun 27 18:29 .job.ad
-rw-r--r--  1 shardulr fnalgrid  13K Jun 27 18:29 .machine.ad
-rwx------  1 shardulr fnalgrid   49 Jun 27 18:29 .chirp.config
-rw-------  1 shardulr fnalgrid  11K Jun 27 18:29 x509up
drwxr-xr-x  2 shardulr fnalgrid 4.0K Jun 27 18:29 samples
-rw-r--r--  1 shardulr fnalgrid  62K Jun 27 18:29 singleStopAnalyzer.py
-rw-r--r--  1 shardulr fnalgrid  951 Jun 27 18:29 bJetMatcher.py
-rwxr-xr-x  1 shardulr fnalgrid  698 Jun 27 18:29 condor_exec.exe
-rw-r--r--  1 shardulr fnalgrid    0 Jun 27 18:29 docker_stderror
drwxrwxrwt  3 shardulr fnalgrid 4.0K Jun 27 18:29 var
drwxrwxrwt  2 shardulr fnalgrid 4.0K Jun 27 18:29 tmp
drwxr-xr-x  3 root     root     4.0K Jun 27 18:29 ..
srwxr-xr-x  1 shardulr fnalgrid    0 Jun 27 18:29 .docker_sock
drwxr-xr-x 17 shardulr fnalgrid 4.0K Jun 27 18:29 CMSSW_10_6_19_patch2
drwxr-xr-x  2 shardulr fnalgrid 4.0K Jun 27 18:29 framework
-rw-r--r--  1 shardulr fnalgrid 1.7K Jun 27 18:29 bJetMatcher.pyc
drwxr-xr-x  3 shardulr fnalgrid 4.0K Jun 27 18:29 output
-rw-r--r--  1 shardulr fnalgrid  215 Jun 27 18:29 _condor_stderr
-rw-r--r--  1 shardulr fnalgrid  13K Jun 27 18:44 .update.ad
drwx------  8 shardulr fnalgrid 4.0K Jun 27 18:44 .
-rw-r--r--  1 shardulr fnalgrid 7.5K Jun 27 18:44 _condor_stdout
