[FERMIHTC-APPTAINER]: INFO -- No Apptainer image specified
[FERMIHTC-APPTAINER]: INFO -- Running job on the host machine

[FERMIHTC-APPTAINER]: INFO -- Running ./condor_exec.exe
Starting job on  Tue Jun 27 18:30:15 UTC 2023
Running on: Linux shardulr-2169568-418-cmswn2038.fnal.gov 3.10.0-1160.90.1.el7.x86_64 #1 SMP Thu Apr 27 13:14:20 CDT 2023 x86_64 x86_64 x86_64 GNU/Linux
System software: Scientific Linux release 7.9 (Nitrogen)
Running ls -alrth:
total 164K
-rw-r--r--  1 shardulr fnalgrid 5.0K Jun 27 18:30 .job.ad
-rw-r--r--  1 shardulr fnalgrid  13K Jun 27 18:30 .machine.ad
-rwx------  1 shardulr fnalgrid   49 Jun 27 18:30 .chirp.config
-rw-------  1 shardulr fnalgrid  11K Jun 27 18:30 x509up
drwxr-xr-x  2 shardulr fnalgrid 4.0K Jun 27 18:30 samples
-rw-r--r--  1 shardulr fnalgrid  62K Jun 27 18:30 singleStopAnalyzer.py
drwxr-xr-x  2 shardulr fnalgrid 4.0K Jun 27 18:30 framework
-rwxr-xr-x  1 shardulr fnalgrid  698 Jun 27 18:30 condor_exec.exe
-rw-r--r--  1 shardulr fnalgrid  951 Jun 27 18:30 bJetMatcher.py
-rw-r--r--  1 shardulr fnalgrid    0 Jun 27 18:30 docker_stderror
drwxrwxrwt  3 shardulr fnalgrid 4.0K Jun 27 18:30 var
drwxrwxrwt  2 shardulr fnalgrid 4.0K Jun 27 18:30 tmp
-rw-r--r--  1 shardulr fnalgrid  13K Jun 27 18:30 .update.ad
drwxr-xr-x  3 root     root     4.0K Jun 27 18:30 ..
srwxr-xr-x  1 shardulr fnalgrid    0 Jun 27 18:30 .docker_sock
-rw-r--r--  1 shardulr fnalgrid  113 Jun 27 18:30 _condor_stderr
drwx------  7 shardulr fnalgrid 4.0K Jun 27 18:30 .
drwxr-xr-x 17 shardulr fnalgrid 4.0K Jun 27 18:30 CMSSW_10_6_19_patch2
-rw-r--r--  1 shardulr fnalgrid  453 Jun 27 18:30 _condor_stdout
/storage/local/data1/condor/execute/dir_15600/CMSSW_10_6_19_patch2 is the CMSSW we created on the local worker node
Running over Data2018 files
Blinding data, only using CR cuts (0 loose b's)
Using UL 2018 campaign working points
Pre-select 212108 entries out of 1430330 (14.83%)
Processed    10000/  212108 entries,  4.71% (elapsed time    26.0s, curr speed    0.385 kHz, avg speed    0.385 kHz), accepted     1463/   10001 events (14.63%)
Processed    20000/  212108 entries,  9.43% (elapsed time    52.0s, curr speed    0.384 kHz, avg speed    0.385 kHz), accepted     2874/   20001 events (14.37%)
Processed    30000/  212108 entries, 14.14% (elapsed time    78.7s, curr speed    0.375 kHz, avg speed    0.381 kHz), accepted     4292/   30001 events (14.31%)
Processed    40000/  212108 entries, 18.86% (elapsed time   104.8s, curr speed    0.382 kHz, avg speed    0.382 kHz), accepted     5722/   40001 events (14.30%)
Processed    50000/  212108 entries, 23.57% (elapsed time   131.9s, curr speed    0.370 kHz, avg speed    0.379 kHz), accepted     7229/   50001 events (14.46%)
Processed    60000/  212108 entries, 28.29% (elapsed time   158.3s, curr speed    0.378 kHz, avg speed    0.379 kHz), accepted     8687/   60001 events (14.48%)
Processed    70000/  212108 entries, 33.00% (elapsed time   185.3s, curr speed    0.371 kHz, avg speed    0.378 kHz), accepted    10183/   70001 events (14.55%)
Processed    80000/  212108 entries, 37.72% (elapsed time   212.1s, curr speed    0.372 kHz, avg speed    0.377 kHz), accepted    11673/   80001 events (14.59%)
Processed    90000/  212108 entries, 42.43% (elapsed time   239.4s, curr speed    0.366 kHz, avg speed    0.376 kHz), accepted    13126/   90001 events (14.58%)
Processed   100000/  212108 entries, 47.15% (elapsed time   265.3s, curr speed    0.386 kHz, avg speed    0.377 kHz), accepted    14253/  100001 events (14.25%)
Processed   110000/  212108 entries, 51.86% (elapsed time   291.3s, curr speed    0.386 kHz, avg speed    0.378 kHz), accepted    15426/  110001 events (14.02%)
Processed   120000/  212108 entries, 56.57% (elapsed time   316.8s, curr speed    0.391 kHz, avg speed    0.379 kHz), accepted    16614/  120001 events (13.84%)
Processed   130000/  212108 entries, 61.29% (elapsed time   343.3s, curr speed    0.378 kHz, avg speed    0.379 kHz), accepted    17892/  130001 events (13.76%)
Processed   140000/  212108 entries, 66.00% (elapsed time   369.4s, curr speed    0.384 kHz, avg speed    0.379 kHz), accepted    19255/  140001 events (13.75%)
Processed   150000/  212108 entries, 70.72% (elapsed time   396.6s, curr speed    0.367 kHz, avg speed    0.378 kHz), accepted    20663/  150001 events (13.78%)
Processed   160000/  212108 entries, 75.43% (elapsed time   420.3s, curr speed    0.422 kHz, avg speed    0.381 kHz), accepted    22085/  160001 events (13.80%)
Processed   170000/  212108 entries, 80.15% (elapsed time   445.9s, curr speed    0.391 kHz, avg speed    0.381 kHz), accepted    23507/  170001 events (13.83%)
Processed   180000/  212108 entries, 84.86% (elapsed time   471.1s, curr speed    0.397 kHz, avg speed    0.382 kHz), accepted    25055/  180001 events (13.92%)
Processed   190000/  212108 entries, 89.58% (elapsed time   504.0s, curr speed    0.304 kHz, avg speed    0.377 kHz), accepted    26583/  190001 events (13.99%)
Processed   200000/  212108 entries, 94.29% (elapsed time   536.9s, curr speed    0.304 kHz, avg speed    0.373 kHz), accepted    28153/  200001 events (14.08%)
Processed   210000/  212108 entries, 99.01% (elapsed time   570.9s, curr speed    0.294 kHz, avg speed    0.368 kHz), accepted    29713/  210001 events (14.15%)
Processed 212108 preselected entries from root://cmsxrootd.fnal.gov//store/data/Run2018D/JetHT/NANOAOD/UL2018_MiniAODv2_NanoAODv9-v2/2810000/9764C1E8-460E-3741-BA3C-E54C78DD60C6.root (1430330 entries). Finally selected 30019 entries
Total time 591.8 sec. to process 1430330 events. Rate = 2417.0 Hz.
Running pwd:
/storage/local/data1/condor/execute/dir_15600
Running ls -alrth:
total 176K
-rw-r--r--  1 shardulr fnalgrid 5.0K Jun 27 18:30 .job.ad
-rw-r--r--  1 shardulr fnalgrid  13K Jun 27 18:30 .machine.ad
-rwx------  1 shardulr fnalgrid   49 Jun 27 18:30 .chirp.config
-rw-------  1 shardulr fnalgrid  11K Jun 27 18:30 x509up
drwxr-xr-x  2 shardulr fnalgrid 4.0K Jun 27 18:30 samples
-rw-r--r--  1 shardulr fnalgrid  62K Jun 27 18:30 singleStopAnalyzer.py
-rwxr-xr-x  1 shardulr fnalgrid  698 Jun 27 18:30 condor_exec.exe
-rw-r--r--  1 shardulr fnalgrid  951 Jun 27 18:30 bJetMatcher.py
-rw-r--r--  1 shardulr fnalgrid    0 Jun 27 18:30 docker_stderror
drwxrwxrwt  3 shardulr fnalgrid 4.0K Jun 27 18:30 var
drwxrwxrwt  2 shardulr fnalgrid 4.0K Jun 27 18:30 tmp
drwxr-xr-x  3 root     root     4.0K Jun 27 18:30 ..
srwxr-xr-x  1 shardulr fnalgrid    0 Jun 27 18:30 .docker_sock
drwxr-xr-x 17 shardulr fnalgrid 4.0K Jun 27 18:30 CMSSW_10_6_19_patch2
drwxr-xr-x  2 shardulr fnalgrid 4.0K Jun 27 18:30 framework
-rw-r--r--  1 shardulr fnalgrid 1.7K Jun 27 18:30 bJetMatcher.pyc
drwxr-xr-x  3 shardulr fnalgrid 4.0K Jun 27 18:30 output
-rw-r--r--  1 shardulr fnalgrid  215 Jun 27 18:30 _condor_stderr
-rw-r--r--  1 shardulr fnalgrid  13K Jun 27 18:39 .update.ad
drwx------  8 shardulr fnalgrid 4.0K Jun 27 18:39 .
-rw-r--r--  1 shardulr fnalgrid 5.6K Jun 27 18:40 _condor_stdout
