[FERMIHTC-APPTAINER]: INFO -- No Apptainer image specified
[FERMIHTC-APPTAINER]: INFO -- Running job on the host machine

[FERMIHTC-APPTAINER]: INFO -- Running ./condor_exec.exe
Starting job on  Tue Jun 27 18:30:25 UTC 2023
Running on: Linux shardulr-2169568-362-cmswn2039.fnal.gov 3.10.0-1160.90.1.el7.x86_64 #1 SMP Thu Apr 27 13:14:20 CDT 2023 x86_64 x86_64 x86_64 GNU/Linux
System software: Scientific Linux release 7.9 (Nitrogen)
Running ls -alrth:
total 164K
-rw-r--r--  1 shardulr fnalgrid  13K Jun 27 18:29 .machine.ad
-rw-r--r--  1 shardulr fnalgrid 5.0K Jun 27 18:29 .job.ad
-rwx------  1 shardulr fnalgrid   49 Jun 27 18:29 .chirp.config
-rw-------  1 shardulr fnalgrid  11K Jun 27 18:29 x509up
drwxr-xr-x  2 shardulr fnalgrid 4.0K Jun 27 18:29 samples
-rw-r--r--  1 shardulr fnalgrid  62K Jun 27 18:29 singleStopAnalyzer.py
drwxr-xr-x  2 shardulr fnalgrid 4.0K Jun 27 18:29 framework
-rwxr-xr-x  1 shardulr fnalgrid  698 Jun 27 18:29 condor_exec.exe
-rw-r--r--  1 shardulr fnalgrid  951 Jun 27 18:29 bJetMatcher.py
-rw-r--r--  1 shardulr fnalgrid    0 Jun 27 18:29 docker_stderror
drwxrwxrwt  3 shardulr fnalgrid 4.0K Jun 27 18:29 var
drwxrwxrwt  2 shardulr fnalgrid 4.0K Jun 27 18:29 tmp
drwxr-xr-x  3 root     root     4.0K Jun 27 18:30 ..
srwxr-xr-x  1 shardulr fnalgrid    0 Jun 27 18:30 .docker_sock
-rw-r--r--  1 shardulr fnalgrid  113 Jun 27 18:30 _condor_stderr
-rw-r--r--  1 shardulr fnalgrid  13K Jun 27 18:30 .update.ad
drwx------  7 shardulr fnalgrid 4.0K Jun 27 18:30 .
drwxr-xr-x 17 shardulr fnalgrid 4.0K Jun 27 18:30 CMSSW_10_6_19_patch2
-rw-r--r--  1 shardulr fnalgrid  453 Jun 27 18:30 _condor_stdout
/storage/local/data1/condor/execute/dir_13243/CMSSW_10_6_19_patch2 is the CMSSW we created on the local worker node
Running over Data2018 files
Blinding data, only using CR cuts (0 loose b's)
Using UL 2018 campaign working points
Pre-select 218286 entries out of 1515128 (14.41%)
Processed    10000/  218286 entries,  4.58% (elapsed time    24.6s, curr speed    0.406 kHz, avg speed    0.406 kHz), accepted     1526/   10001 events (15.26%)
Processed    20000/  218286 entries,  9.16% (elapsed time    48.4s, curr speed    0.421 kHz, avg speed    0.413 kHz), accepted     3030/   20001 events (15.15%)
Processed    30000/  218286 entries, 13.74% (elapsed time    72.2s, curr speed    0.420 kHz, avg speed    0.416 kHz), accepted     4544/   30001 events (15.15%)
Processed    40000/  218286 entries, 18.32% (elapsed time    92.6s, curr speed    0.488 kHz, avg speed    0.432 kHz), accepted     5579/   40001 events (13.95%)
Processed    50000/  218286 entries, 22.91% (elapsed time   115.0s, curr speed    0.447 kHz, avg speed    0.435 kHz), accepted     6817/   50001 events (13.63%)
Processed    60000/  218286 entries, 27.49% (elapsed time   136.5s, curr speed    0.465 kHz, avg speed    0.440 kHz), accepted     8017/   60001 events (13.36%)
Processed    70000/  218286 entries, 32.07% (elapsed time   159.0s, curr speed    0.445 kHz, avg speed    0.440 kHz), accepted     9282/   70001 events (13.26%)
Processed    80000/  218286 entries, 36.65% (elapsed time   181.2s, curr speed    0.451 kHz, avg speed    0.442 kHz), accepted    10547/   80001 events (13.18%)
Processed    90000/  218286 entries, 41.23% (elapsed time   203.3s, curr speed    0.452 kHz, avg speed    0.443 kHz), accepted    11785/   90001 events (13.09%)
Processed   100000/  218286 entries, 45.81% (elapsed time   225.5s, curr speed    0.450 kHz, avg speed    0.443 kHz), accepted    13037/  100001 events (13.04%)
Processed   110000/  218286 entries, 50.39% (elapsed time   247.4s, curr speed    0.456 kHz, avg speed    0.445 kHz), accepted    14275/  110001 events (12.98%)
Processed   120000/  218286 entries, 54.97% (elapsed time   269.4s, curr speed    0.454 kHz, avg speed    0.445 kHz), accepted    15546/  120001 events (12.95%)
Processed   130000/  218286 entries, 59.55% (elapsed time   291.7s, curr speed    0.450 kHz, avg speed    0.446 kHz), accepted    16824/  130001 events (12.94%)
Processed   140000/  218286 entries, 64.14% (elapsed time   313.6s, curr speed    0.455 kHz, avg speed    0.446 kHz), accepted    18082/  140001 events (12.92%)
Processed   150000/  218286 entries, 68.72% (elapsed time   336.5s, curr speed    0.438 kHz, avg speed    0.446 kHz), accepted    19445/  150001 events (12.96%)
Processed   160000/  218286 entries, 73.30% (elapsed time   359.0s, curr speed    0.443 kHz, avg speed    0.446 kHz), accepted    20781/  160001 events (12.99%)
Processed   170000/  218286 entries, 77.88% (elapsed time   383.0s, curr speed    0.417 kHz, avg speed    0.444 kHz), accepted    22269/  170001 events (13.10%)
Processed   180000/  218286 entries, 82.46% (elapsed time   407.2s, curr speed    0.413 kHz, avg speed    0.442 kHz), accepted    23797/  180001 events (13.22%)
Processed   190000/  218286 entries, 87.04% (elapsed time   429.5s, curr speed    0.449 kHz, avg speed    0.442 kHz), accepted    25100/  190001 events (13.21%)
Processed   200000/  218286 entries, 91.62% (elapsed time   452.9s, curr speed    0.428 kHz, avg speed    0.442 kHz), accepted    26469/  200001 events (13.23%)
Processed   210000/  218286 entries, 96.20% (elapsed time   476.7s, curr speed    0.419 kHz, avg speed    0.441 kHz), accepted    27901/  210001 events (13.29%)
Processed 218286 preselected entries from root://cmsxrootd.fnal.gov//store/data/Run2018D/JetHT/NANOAOD/UL2018_MiniAODv2_NanoAODv9-v2/2540000/498B6D16-39E6-E640-ABA2-A57C07064C3F.root (1515128 entries). Finally selected 29075 entries
Total time 508.7 sec. to process 1515128 events. Rate = 2978.5 Hz.
Running pwd:
/storage/local/data1/condor/execute/dir_13243
Running ls -alrth:
total 176K
-rw-r--r--  1 shardulr fnalgrid  13K Jun 27 18:29 .machine.ad
-rw-r--r--  1 shardulr fnalgrid 5.0K Jun 27 18:29 .job.ad
-rwx------  1 shardulr fnalgrid   49 Jun 27 18:29 .chirp.config
-rw-------  1 shardulr fnalgrid  11K Jun 27 18:29 x509up
drwxr-xr-x  2 shardulr fnalgrid 4.0K Jun 27 18:29 samples
-rw-r--r--  1 shardulr fnalgrid  62K Jun 27 18:29 singleStopAnalyzer.py
-rwxr-xr-x  1 shardulr fnalgrid  698 Jun 27 18:29 condor_exec.exe
-rw-r--r--  1 shardulr fnalgrid  951 Jun 27 18:29 bJetMatcher.py
-rw-r--r--  1 shardulr fnalgrid    0 Jun 27 18:29 docker_stderror
drwxrwxrwt  3 shardulr fnalgrid 4.0K Jun 27 18:29 var
drwxrwxrwt  2 shardulr fnalgrid 4.0K Jun 27 18:29 tmp
drwxr-xr-x  3 root     root     4.0K Jun 27 18:30 ..
srwxr-xr-x  1 shardulr fnalgrid    0 Jun 27 18:30 .docker_sock
drwxr-xr-x 17 shardulr fnalgrid 4.0K Jun 27 18:30 CMSSW_10_6_19_patch2
drwxr-xr-x  2 shardulr fnalgrid 4.0K Jun 27 18:30 framework
-rw-r--r--  1 shardulr fnalgrid 1.7K Jun 27 18:30 bJetMatcher.pyc
drwxr-xr-x  3 shardulr fnalgrid 4.0K Jun 27 18:30 output
-rw-r--r--  1 shardulr fnalgrid  215 Jun 27 18:30 _condor_stderr
-rw-r--r--  1 shardulr fnalgrid  13K Jun 27 18:38 .update.ad
drwx------  8 shardulr fnalgrid 4.0K Jun 27 18:38 .
-rw-r--r--  1 shardulr fnalgrid 5.6K Jun 27 18:39 _condor_stdout
