[FERMIHTC-APPTAINER]: INFO -- No Apptainer image specified
[FERMIHTC-APPTAINER]: INFO -- Running job on the host machine

[FERMIHTC-APPTAINER]: INFO -- Running ./condor_exec.exe
Starting job on  Tue Jun 27 18:30:07 UTC 2023
Running on: Linux shardulr-2169568-386-cmswn2073.fnal.gov 3.10.0-1160.90.1.el7.x86_64 #1 SMP Thu Apr 27 13:14:20 CDT 2023 x86_64 x86_64 x86_64 GNU/Linux
System software: Scientific Linux release 7.9 (Nitrogen)
Running ls -alrth:
total 164K
-rw-r--r--  1 shardulr fnalgrid 5.0K Jun 27 18:30 .job.ad
-rw-r--r--  1 shardulr fnalgrid  13K Jun 27 18:30 .machine.ad
-rwx------  1 shardulr fnalgrid   49 Jun 27 18:30 .chirp.config
-rw-------  1 shardulr fnalgrid  11K Jun 27 18:30 x509up
drwxr-xr-x  2 shardulr fnalgrid 4.0K Jun 27 18:30 samples
drwxr-xr-x  2 shardulr fnalgrid 4.0K Jun 27 18:30 framework
-rw-r--r--  1 shardulr fnalgrid  62K Jun 27 18:30 singleStopAnalyzer.py
-rwxr-xr-x  1 shardulr fnalgrid  698 Jun 27 18:30 condor_exec.exe
-rw-r--r--  1 shardulr fnalgrid  951 Jun 27 18:30 bJetMatcher.py
-rw-r--r--  1 shardulr fnalgrid    0 Jun 27 18:30 docker_stderror
drwxrwxrwt  3 shardulr fnalgrid 4.0K Jun 27 18:30 var
drwxrwxrwt  2 shardulr fnalgrid 4.0K Jun 27 18:30 tmp
drwxr-xr-x  3 root     root     4.0K Jun 27 18:30 ..
srwxr-xr-x  1 shardulr fnalgrid    0 Jun 27 18:30 .docker_sock
-rw-r--r--  1 shardulr fnalgrid  113 Jun 27 18:30 _condor_stderr
-rw-r--r--  1 shardulr fnalgrid  13K Jun 27 18:30 .update.ad
drwx------  7 shardulr fnalgrid 4.0K Jun 27 18:30 .
drwxr-xr-x 17 shardulr fnalgrid 4.0K Jun 27 18:30 CMSSW_10_6_19_patch2
-rw-r--r--  1 shardulr fnalgrid  453 Jun 27 18:30 _condor_stdout
/storage/local/data1/condor/execute/dir_15557/CMSSW_10_6_19_patch2 is the CMSSW we created on the local worker node
Running over Data2018 files
Blinding data, only using CR cuts (0 loose b's)
Using UL 2018 campaign working points
Pre-select 269309 entries out of 1863010 (14.46%)
Processed    10000/  269309 entries,  3.71% (elapsed time    23.2s, curr speed    0.431 kHz, avg speed    0.431 kHz), accepted     1440/   10001 events (14.40%)
Processed    20000/  269309 entries,  7.43% (elapsed time    48.3s, curr speed    0.399 kHz, avg speed    0.414 kHz), accepted     2912/   20001 events (14.56%)
Processed    30000/  269309 entries, 11.14% (elapsed time    73.7s, curr speed    0.393 kHz, avg speed    0.407 kHz), accepted     4461/   30001 events (14.87%)
Processed    40000/  269309 entries, 14.85% (elapsed time    99.9s, curr speed    0.382 kHz, avg speed    0.400 kHz), accepted     6164/   40001 events (15.41%)
Processed    50000/  269309 entries, 18.57% (elapsed time   126.4s, curr speed    0.378 kHz, avg speed    0.396 kHz), accepted     7880/   50001 events (15.76%)
Processed    60000/  269309 entries, 22.28% (elapsed time   151.9s, curr speed    0.393 kHz, avg speed    0.395 kHz), accepted     9464/   60001 events (15.77%)
Processed    70000/  269309 entries, 25.99% (elapsed time   177.6s, curr speed    0.389 kHz, avg speed    0.394 kHz), accepted    11065/   70001 events (15.81%)
Processed    80000/  269309 entries, 29.71% (elapsed time   202.5s, curr speed    0.401 kHz, avg speed    0.395 kHz), accepted    12603/   80001 events (15.75%)
Processed    90000/  269309 entries, 33.42% (elapsed time   227.4s, curr speed    0.402 kHz, avg speed    0.396 kHz), accepted    14171/   90001 events (15.75%)
Processed   100000/  269309 entries, 37.13% (elapsed time   252.5s, curr speed    0.399 kHz, avg speed    0.396 kHz), accepted    15699/  100001 events (15.70%)
Processed   110000/  269309 entries, 40.85% (elapsed time   278.0s, curr speed    0.392 kHz, avg speed    0.396 kHz), accepted    17270/  110001 events (15.70%)
Processed   120000/  269309 entries, 44.56% (elapsed time   303.4s, curr speed    0.394 kHz, avg speed    0.396 kHz), accepted    18878/  120001 events (15.73%)
Processed   130000/  269309 entries, 48.27% (elapsed time   329.4s, curr speed    0.385 kHz, avg speed    0.395 kHz), accepted    20530/  130001 events (15.79%)
Processed   140000/  269309 entries, 51.98% (elapsed time   355.1s, curr speed    0.388 kHz, avg speed    0.394 kHz), accepted    22128/  140001 events (15.81%)
Processed   150000/  269309 entries, 55.70% (elapsed time   381.1s, curr speed    0.384 kHz, avg speed    0.394 kHz), accepted    23732/  150001 events (15.82%)
Processed   160000/  269309 entries, 59.41% (elapsed time   406.5s, curr speed    0.394 kHz, avg speed    0.394 kHz), accepted    25297/  160001 events (15.81%)
Processed   170000/  269309 entries, 63.12% (elapsed time   431.3s, curr speed    0.403 kHz, avg speed    0.394 kHz), accepted    26750/  170001 events (15.74%)
Processed   180000/  269309 entries, 66.84% (elapsed time   457.0s, curr speed    0.389 kHz, avg speed    0.394 kHz), accepted    28276/  180001 events (15.71%)
Processed   190000/  269309 entries, 70.55% (elapsed time   483.2s, curr speed    0.382 kHz, avg speed    0.393 kHz), accepted    29859/  190001 events (15.72%)
Processed   200000/  269309 entries, 74.26% (elapsed time   510.8s, curr speed    0.361 kHz, avg speed    0.392 kHz), accepted    31640/  200001 events (15.82%)
Processed   210000/  269309 entries, 77.98% (elapsed time   538.4s, curr speed    0.363 kHz, avg speed    0.390 kHz), accepted    33378/  210001 events (15.89%)
Processed   220000/  269309 entries, 81.69% (elapsed time   563.9s, curr speed    0.392 kHz, avg speed    0.390 kHz), accepted    35087/  220001 events (15.95%)
Processed   230000/  269309 entries, 85.40% (elapsed time   586.4s, curr speed    0.443 kHz, avg speed    0.392 kHz), accepted    36732/  230001 events (15.97%)
Processed   240000/  269309 entries, 89.12% (elapsed time   610.6s, curr speed    0.413 kHz, avg speed    0.393 kHz), accepted    38436/  240001 events (16.01%)
Processed   250000/  269309 entries, 92.83% (elapsed time   634.6s, curr speed    0.418 kHz, avg speed    0.394 kHz), accepted    40102/  250001 events (16.04%)
Processed   260000/  269309 entries, 96.54% (elapsed time   658.5s, curr speed    0.418 kHz, avg speed    0.395 kHz), accepted    41855/  260001 events (16.10%)
Processed 269309 preselected entries from root://cmsxrootd.fnal.gov//store/data/Run2018D/JetHT/NANOAOD/UL2018_MiniAODv2_NanoAODv9-v2/2810000/B0D0CBEE-3E53-294A-A285-EC8E757428DC.root (1863010 entries). Finally selected 43369 entries
Total time 689.3 sec. to process 1863010 events. Rate = 2702.8 Hz.
Running pwd:
/storage/local/data1/condor/execute/dir_15557
Running ls -alrth:
total 176K
-rw-r--r--  1 shardulr fnalgrid 5.0K Jun 27 18:30 .job.ad
-rw-r--r--  1 shardulr fnalgrid  13K Jun 27 18:30 .machine.ad
-rwx------  1 shardulr fnalgrid   49 Jun 27 18:30 .chirp.config
-rw-------  1 shardulr fnalgrid  11K Jun 27 18:30 x509up
drwxr-xr-x  2 shardulr fnalgrid 4.0K Jun 27 18:30 samples
-rw-r--r--  1 shardulr fnalgrid  62K Jun 27 18:30 singleStopAnalyzer.py
-rwxr-xr-x  1 shardulr fnalgrid  698 Jun 27 18:30 condor_exec.exe
-rw-r--r--  1 shardulr fnalgrid  951 Jun 27 18:30 bJetMatcher.py
-rw-r--r--  1 shardulr fnalgrid    0 Jun 27 18:30 docker_stderror
drwxrwxrwt  3 shardulr fnalgrid 4.0K Jun 27 18:30 var
drwxrwxrwt  2 shardulr fnalgrid 4.0K Jun 27 18:30 tmp
drwxr-xr-x  3 root     root     4.0K Jun 27 18:30 ..
srwxr-xr-x  1 shardulr fnalgrid    0 Jun 27 18:30 .docker_sock
drwxr-xr-x 17 shardulr fnalgrid 4.0K Jun 27 18:30 CMSSW_10_6_19_patch2
drwxr-xr-x  2 shardulr fnalgrid 4.0K Jun 27 18:30 framework
-rw-r--r--  1 shardulr fnalgrid 1.7K Jun 27 18:30 bJetMatcher.pyc
drwxr-xr-x  3 shardulr fnalgrid 4.0K Jun 27 18:30 output
-rw-r--r--  1 shardulr fnalgrid  215 Jun 27 18:30 _condor_stderr
-rw-r--r--  1 shardulr fnalgrid  13K Jun 27 18:41 .update.ad
drwx------  8 shardulr fnalgrid 4.0K Jun 27 18:41 .
-rw-r--r--  1 shardulr fnalgrid 6.4K Jun 27 18:41 _condor_stdout
