[FERMIHTC-APPTAINER]: INFO -- No Apptainer image specified
[FERMIHTC-APPTAINER]: INFO -- Running job on the host machine

[FERMIHTC-APPTAINER]: INFO -- Running ./condor_exec.exe
Starting job on  Tue Jun 27 18:29:40 UTC 2023
Running on: Linux shardulr-2169568-266-cmswn2036.fnal.gov 3.10.0-1160.90.1.el7.x86_64 #1 SMP Thu Apr 27 13:14:20 CDT 2023 x86_64 x86_64 x86_64 GNU/Linux
System software: Scientific Linux release 7.9 (Nitrogen)
Running ls -alrth:
total 160K
-rw-r--r--  1 shardulr fnalgrid 5.0K Jun 27 18:29 .job.ad
-rw-r--r--  1 shardulr fnalgrid  13K Jun 27 18:29 .machine.ad
-rwx------  1 shardulr fnalgrid   49 Jun 27 18:29 .chirp.config
-rw-------  1 shardulr fnalgrid  11K Jun 27 18:29 x509up
drwxr-xr-x  2 shardulr fnalgrid 4.0K Jun 27 18:29 samples
-rw-r--r--  1 shardulr fnalgrid  62K Jun 27 18:29 singleStopAnalyzer.py
drwxr-xr-x  2 shardulr fnalgrid 4.0K Jun 27 18:29 framework
-rw-r--r--  1 shardulr fnalgrid  951 Jun 27 18:29 bJetMatcher.py
-rwxr-xr-x  1 shardulr fnalgrid  698 Jun 27 18:29 condor_exec.exe
-rw-r--r--  1 shardulr fnalgrid    0 Jun 27 18:29 docker_stderror
drwxrwxrwt  3 shardulr fnalgrid 4.0K Jun 27 18:29 var
drwxrwxrwt  2 shardulr fnalgrid 4.0K Jun 27 18:29 tmp
-rw-r--r--  1 shardulr fnalgrid  12K Jun 27 18:29 .update.ad
drwxr-xr-x  3 root     root     4.0K Jun 27 18:29 ..
srwxr-xr-x  1 shardulr fnalgrid    0 Jun 27 18:29 .docker_sock
-rw-r--r--  1 shardulr fnalgrid  113 Jun 27 18:29 _condor_stderr
drwx------  7 shardulr fnalgrid 4.0K Jun 27 18:29 .
drwxr-xr-x 17 shardulr fnalgrid 4.0K Jun 27 18:29 CMSSW_10_6_19_patch2
-rw-r--r--  1 shardulr fnalgrid  453 Jun 27 18:29 _condor_stdout
/storage/local/data1/condor/execute/dir_5482/CMSSW_10_6_19_patch2 is the CMSSW we created on the local worker node
Running over Data2018 files
Blinding data, only using CR cuts (0 loose b's)
Using UL 2018 campaign working points
Pre-select 201848 entries out of 1335535 (15.11%)
Processed    10000/  201848 entries,  4.95% (elapsed time    27.6s, curr speed    0.362 kHz, avg speed    0.362 kHz), accepted     1567/   10001 events (15.67%)
Processed    20000/  201848 entries,  9.91% (elapsed time    55.3s, curr speed    0.361 kHz, avg speed    0.361 kHz), accepted     3219/   20001 events (16.09%)
Processed    30000/  201848 entries, 14.86% (elapsed time    82.4s, curr speed    0.369 kHz, avg speed    0.364 kHz), accepted     4849/   30001 events (16.16%)
Processed    40000/  201848 entries, 19.82% (elapsed time   109.3s, curr speed    0.372 kHz, avg speed    0.366 kHz), accepted     6468/   40001 events (16.17%)
Processed    50000/  201848 entries, 24.77% (elapsed time   131.7s, curr speed    0.445 kHz, avg speed    0.380 kHz), accepted     7520/   50001 events (15.04%)
Processed    60000/  201848 entries, 29.73% (elapsed time   158.1s, curr speed    0.380 kHz, avg speed    0.380 kHz), accepted     9066/   60001 events (15.11%)
Processed    70000/  201848 entries, 34.68% (elapsed time   184.8s, curr speed    0.375 kHz, avg speed    0.379 kHz), accepted    10635/   70001 events (15.19%)
Processed    80000/  201848 entries, 39.63% (elapsed time   211.9s, curr speed    0.368 kHz, avg speed    0.378 kHz), accepted    12264/   80001 events (15.33%)
Processed    90000/  201848 entries, 44.59% (elapsed time   237.5s, curr speed    0.391 kHz, avg speed    0.379 kHz), accepted    13666/   90001 events (15.18%)
Processed   100000/  201848 entries, 49.54% (elapsed time   263.6s, curr speed    0.382 kHz, avg speed    0.379 kHz), accepted    15192/  100001 events (15.19%)
Processed   110000/  201848 entries, 54.50% (elapsed time   290.0s, curr speed    0.380 kHz, avg speed    0.379 kHz), accepted    16703/  110001 events (15.18%)
Processed   120000/  201848 entries, 59.45% (elapsed time   315.5s, curr speed    0.391 kHz, avg speed    0.380 kHz), accepted    18222/  120001 events (15.18%)
Processed   130000/  201848 entries, 64.40% (elapsed time   341.2s, curr speed    0.390 kHz, avg speed    0.381 kHz), accepted    19712/  130001 events (15.16%)
Processed   140000/  201848 entries, 69.36% (elapsed time   366.8s, curr speed    0.390 kHz, avg speed    0.382 kHz), accepted    21199/  140001 events (15.14%)
Processed   150000/  201848 entries, 74.31% (elapsed time   392.8s, curr speed    0.385 kHz, avg speed    0.382 kHz), accepted    22686/  150001 events (15.12%)
Processed   160000/  201848 entries, 79.27% (elapsed time   421.7s, curr speed    0.346 kHz, avg speed    0.379 kHz), accepted    24499/  160001 events (15.31%)
Processed   170000/  201848 entries, 84.22% (elapsed time   449.8s, curr speed    0.356 kHz, avg speed    0.378 kHz), accepted    26171/  170001 events (15.39%)
Processed   180000/  201848 entries, 89.18% (elapsed time   478.3s, curr speed    0.350 kHz, avg speed    0.376 kHz), accepted    27858/  180001 events (15.48%)
Processed   190000/  201848 entries, 94.13% (elapsed time   507.2s, curr speed    0.347 kHz, avg speed    0.375 kHz), accepted    29549/  190001 events (15.55%)
Processed   200000/  201848 entries, 99.08% (elapsed time   535.1s, curr speed    0.358 kHz, avg speed    0.374 kHz), accepted    31187/  200001 events (15.59%)
Processed 201848 preselected entries from root://cmsxrootd.fnal.gov//store/data/Run2018D/JetHT/NANOAOD/UL2018_MiniAODv2_NanoAODv9-v2/2540000/5435EB34-E38C-7D43-A5BE-9624D936A48D.root (1335535 entries). Finally selected 31485 entries
Total time 548.8 sec. to process 1335535 events. Rate = 2433.8 Hz.
Running pwd:
/storage/local/data1/condor/execute/dir_5482
Running ls -alrth:
total 176K
-rw-r--r--  1 shardulr fnalgrid 5.0K Jun 27 18:29 .job.ad
-rw-r--r--  1 shardulr fnalgrid  13K Jun 27 18:29 .machine.ad
-rwx------  1 shardulr fnalgrid   49 Jun 27 18:29 .chirp.config
-rw-------  1 shardulr fnalgrid  11K Jun 27 18:29 x509up
drwxr-xr-x  2 shardulr fnalgrid 4.0K Jun 27 18:29 samples
-rw-r--r--  1 shardulr fnalgrid  62K Jun 27 18:29 singleStopAnalyzer.py
-rw-r--r--  1 shardulr fnalgrid  951 Jun 27 18:29 bJetMatcher.py
-rwxr-xr-x  1 shardulr fnalgrid  698 Jun 27 18:29 condor_exec.exe
-rw-r--r--  1 shardulr fnalgrid    0 Jun 27 18:29 docker_stderror
drwxrwxrwt  3 shardulr fnalgrid 4.0K Jun 27 18:29 var
drwxrwxrwt  2 shardulr fnalgrid 4.0K Jun 27 18:29 tmp
drwxr-xr-x  3 root     root     4.0K Jun 27 18:29 ..
srwxr-xr-x  1 shardulr fnalgrid    0 Jun 27 18:29 .docker_sock
drwxr-xr-x 17 shardulr fnalgrid 4.0K Jun 27 18:29 CMSSW_10_6_19_patch2
drwxr-xr-x  2 shardulr fnalgrid 4.0K Jun 27 18:29 framework
-rw-r--r--  1 shardulr fnalgrid 1.7K Jun 27 18:29 bJetMatcher.pyc
drwxr-xr-x  3 shardulr fnalgrid 4.0K Jun 27 18:29 output
-rw-r--r--  1 shardulr fnalgrid  215 Jun 27 18:29 _condor_stderr
-rw-r--r--  1 shardulr fnalgrid  13K Jun 27 18:38 .update.ad
drwx------  8 shardulr fnalgrid 4.0K Jun 27 18:38 .
-rw-r--r--  1 shardulr fnalgrid 5.4K Jun 27 18:38 _condor_stdout
