[FERMIHTC-APPTAINER]: INFO -- No Apptainer image specified
[FERMIHTC-APPTAINER]: INFO -- Running job on the host machine

[FERMIHTC-APPTAINER]: INFO -- Running ./condor_exec.exe
Starting job on  Tue Jun 27 18:29:40 UTC 2023
Running on: Linux shardulr-2169568-279-cmswn2050.fnal.gov 3.10.0-1160.90.1.el7.x86_64 #1 SMP Thu Apr 27 13:14:20 CDT 2023 x86_64 x86_64 x86_64 GNU/Linux
System software: Scientific Linux release 7.9 (Nitrogen)
Running ls -alrth:
total 164K
-rw-r--r--  1 shardulr fnalgrid 5.0K Jun 27 18:29 .job.ad
-rw-r--r--  1 shardulr fnalgrid  13K Jun 27 18:29 .machine.ad
-rwx------  1 shardulr fnalgrid   49 Jun 27 18:29 .chirp.config
-rw-------  1 shardulr fnalgrid  11K Jun 27 18:29 x509up
drwxr-xr-x  2 shardulr fnalgrid 4.0K Jun 27 18:29 samples
-rw-r--r--  1 shardulr fnalgrid  62K Jun 27 18:29 singleStopAnalyzer.py
drwxr-xr-x  2 shardulr fnalgrid 4.0K Jun 27 18:29 framework
-rwxr-xr-x  1 shardulr fnalgrid  698 Jun 27 18:29 condor_exec.exe
-rw-r--r--  1 shardulr fnalgrid  951 Jun 27 18:29 bJetMatcher.py
-rw-r--r--  1 shardulr fnalgrid    0 Jun 27 18:29 docker_stderror
drwxrwxrwt  2 shardulr fnalgrid 4.0K Jun 27 18:29 tmp
drwxrwxrwt  3 shardulr fnalgrid 4.0K Jun 27 18:29 var
-rw-r--r--  1 shardulr fnalgrid  13K Jun 27 18:29 .update.ad
drwxr-xr-x  3 root     root     4.0K Jun 27 18:29 ..
srwxr-xr-x  1 shardulr fnalgrid    0 Jun 27 18:29 .docker_sock
-rw-r--r--  1 shardulr fnalgrid  113 Jun 27 18:29 _condor_stderr
drwx------  7 shardulr fnalgrid 4.0K Jun 27 18:29 .
drwxr-xr-x 17 shardulr fnalgrid 4.0K Jun 27 18:29 CMSSW_10_6_19_patch2
-rw-r--r--  1 shardulr fnalgrid  453 Jun 27 18:29 _condor_stdout
/storage/local/data1/condor/execute/dir_20120/CMSSW_10_6_19_patch2 is the CMSSW we created on the local worker node
Running over Data2018 files
Blinding data, only using CR cuts (0 loose b's)
Using UL 2018 campaign working points
Pre-select 297634 entries out of 1983347 (15.01%)
Processed    10000/  297634 entries,  3.36% (elapsed time    29.0s, curr speed    0.344 kHz, avg speed    0.344 kHz), accepted     1567/   10001 events (15.67%)
Processed    20000/  297634 entries,  6.72% (elapsed time    56.5s, curr speed    0.364 kHz, avg speed    0.354 kHz), accepted     3105/   20001 events (15.52%)
Processed    30000/  297634 entries, 10.08% (elapsed time    83.6s, curr speed    0.369 kHz, avg speed    0.359 kHz), accepted     4616/   30001 events (15.39%)
Processed    40000/  297634 entries, 13.44% (elapsed time   111.2s, curr speed    0.362 kHz, avg speed    0.360 kHz), accepted     6188/   40001 events (15.47%)
Processed    50000/  297634 entries, 16.80% (elapsed time   138.8s, curr speed    0.363 kHz, avg speed    0.360 kHz), accepted     7751/   50001 events (15.50%)
Processed    60000/  297634 entries, 20.16% (elapsed time   166.8s, curr speed    0.356 kHz, avg speed    0.360 kHz), accepted     9349/   60001 events (15.58%)
Processed    70000/  297634 entries, 23.52% (elapsed time   194.7s, curr speed    0.359 kHz, avg speed    0.360 kHz), accepted    10996/   70001 events (15.71%)
Processed    80000/  297634 entries, 26.88% (elapsed time   222.3s, curr speed    0.362 kHz, avg speed    0.360 kHz), accepted    12639/   80001 events (15.80%)
Processed    90000/  297634 entries, 30.24% (elapsed time   249.8s, curr speed    0.363 kHz, avg speed    0.360 kHz), accepted    14198/   90001 events (15.78%)
Processed   100000/  297634 entries, 33.60% (elapsed time   276.7s, curr speed    0.373 kHz, avg speed    0.361 kHz), accepted    15754/  100001 events (15.75%)
Processed   110000/  297634 entries, 36.96% (elapsed time   304.3s, curr speed    0.362 kHz, avg speed    0.362 kHz), accepted    17415/  110001 events (15.83%)
Processed   120000/  297634 entries, 40.32% (elapsed time   332.0s, curr speed    0.361 kHz, avg speed    0.361 kHz), accepted    19051/  120001 events (15.88%)
Processed   130000/  297634 entries, 43.68% (elapsed time   359.1s, curr speed    0.368 kHz, avg speed    0.362 kHz), accepted    20648/  130001 events (15.88%)
Processed   140000/  297634 entries, 47.04% (elapsed time   384.3s, curr speed    0.398 kHz, avg speed    0.364 kHz), accepted    21907/  140001 events (15.65%)
Processed   150000/  297634 entries, 50.40% (elapsed time   404.9s, curr speed    0.486 kHz, avg speed    0.370 kHz), accepted    22582/  150001 events (15.05%)
Processed   160000/  297634 entries, 53.76% (elapsed time   430.8s, curr speed    0.386 kHz, avg speed    0.371 kHz), accepted    23955/  160001 events (14.97%)
Processed   170000/  297634 entries, 57.12% (elapsed time   458.1s, curr speed    0.367 kHz, avg speed    0.371 kHz), accepted    25526/  170001 events (15.02%)
Processed   180000/  297634 entries, 60.48% (elapsed time   485.7s, curr speed    0.361 kHz, avg speed    0.371 kHz), accepted    27081/  180001 events (15.04%)
Processed   190000/  297634 entries, 63.84% (elapsed time   513.2s, curr speed    0.364 kHz, avg speed    0.370 kHz), accepted    28618/  190001 events (15.06%)
Processed   200000/  297634 entries, 67.20% (elapsed time   540.9s, curr speed    0.362 kHz, avg speed    0.370 kHz), accepted    30164/  200001 events (15.08%)
Processed   210000/  297634 entries, 70.56% (elapsed time   568.0s, curr speed    0.369 kHz, avg speed    0.370 kHz), accepted    31686/  210001 events (15.09%)
Processed   220000/  297634 entries, 73.92% (elapsed time   594.9s, curr speed    0.371 kHz, avg speed    0.370 kHz), accepted    33199/  220001 events (15.09%)
Processed   230000/  297634 entries, 77.28% (elapsed time   623.1s, curr speed    0.355 kHz, avg speed    0.369 kHz), accepted    34894/  230001 events (15.17%)
Processed   240000/  297634 entries, 80.64% (elapsed time   652.3s, curr speed    0.341 kHz, avg speed    0.368 kHz), accepted    36698/  240001 events (15.29%)
Processed   250000/  297634 entries, 84.00% (elapsed time   680.9s, curr speed    0.351 kHz, avg speed    0.367 kHz), accepted    38401/  250001 events (15.36%)
Processed   260000/  297634 entries, 87.36% (elapsed time   709.6s, curr speed    0.348 kHz, avg speed    0.366 kHz), accepted    40108/  260001 events (15.43%)
Processed   270000/  297634 entries, 90.72% (elapsed time   738.8s, curr speed    0.342 kHz, avg speed    0.365 kHz), accepted    41848/  270001 events (15.50%)
Processed   280000/  297634 entries, 94.08% (elapsed time   767.4s, curr speed    0.350 kHz, avg speed    0.365 kHz), accepted    43514/  280001 events (15.54%)
Processed   290000/  297634 entries, 97.44% (elapsed time   794.8s, curr speed    0.364 kHz, avg speed    0.365 kHz), accepted    45117/  290001 events (15.56%)
Processed 297634 preselected entries from root://cmsxrootd.fnal.gov//store/data/Run2018D/JetHT/NANOAOD/UL2018_MiniAODv2_NanoAODv9-v2/2540000/EE5CB5C5-273F-A145-A68C-A06270118A32.root (1983347 entries). Finally selected 46450 entries
Total time 827.3 sec. to process 1983347 events. Rate = 2397.4 Hz.
Running pwd:
/storage/local/data1/condor/execute/dir_20120
Running ls -alrth:
total 176K
-rw-r--r--  1 shardulr fnalgrid 5.0K Jun 27 18:29 .job.ad
-rw-r--r--  1 shardulr fnalgrid  13K Jun 27 18:29 .machine.ad
-rwx------  1 shardulr fnalgrid   49 Jun 27 18:29 .chirp.config
-rw-------  1 shardulr fnalgrid  11K Jun 27 18:29 x509up
drwxr-xr-x  2 shardulr fnalgrid 4.0K Jun 27 18:29 samples
-rw-r--r--  1 shardulr fnalgrid  62K Jun 27 18:29 singleStopAnalyzer.py
-rwxr-xr-x  1 shardulr fnalgrid  698 Jun 27 18:29 condor_exec.exe
-rw-r--r--  1 shardulr fnalgrid  951 Jun 27 18:29 bJetMatcher.py
-rw-r--r--  1 shardulr fnalgrid    0 Jun 27 18:29 docker_stderror
drwxrwxrwt  2 shardulr fnalgrid 4.0K Jun 27 18:29 tmp
drwxrwxrwt  3 shardulr fnalgrid 4.0K Jun 27 18:29 var
drwxr-xr-x  3 root     root     4.0K Jun 27 18:29 ..
srwxr-xr-x  1 shardulr fnalgrid    0 Jun 27 18:29 .docker_sock
drwxr-xr-x 17 shardulr fnalgrid 4.0K Jun 27 18:29 CMSSW_10_6_19_patch2
drwxr-xr-x  2 shardulr fnalgrid 4.0K Jun 27 18:29 framework
-rw-r--r--  1 shardulr fnalgrid 1.7K Jun 27 18:29 bJetMatcher.pyc
drwxr-xr-x  3 shardulr fnalgrid 4.0K Jun 27 18:29 output
-rw-r--r--  1 shardulr fnalgrid  215 Jun 27 18:29 _condor_stderr
-rw-r--r--  1 shardulr fnalgrid  13K Jun 27 18:43 .update.ad
drwx------  8 shardulr fnalgrid 4.0K Jun 27 18:43 .
-rw-r--r--  1 shardulr fnalgrid 6.8K Jun 27 18:43 _condor_stdout
