[FERMIHTC-APPTAINER]: INFO -- No Apptainer image specified
[FERMIHTC-APPTAINER]: INFO -- Running job on the host machine

[FERMIHTC-APPTAINER]: INFO -- Running ./condor_exec.exe
Starting job on  Tue Jun 27 18:30:03 UTC 2023
Running on: Linux shardulr-2169568-376-cmswn2089.fnal.gov 3.10.0-1160.90.1.el7.x86_64 #1 SMP Thu Apr 27 13:14:20 CDT 2023 x86_64 x86_64 x86_64 GNU/Linux
System software: Scientific Linux release 7.9 (Nitrogen)
Running ls -alrth:
total 164K
-rw-r--r--  1 shardulr fnalgrid 5.0K Jun 27 18:29 .job.ad
-rw-r--r--  1 shardulr fnalgrid  13K Jun 27 18:29 .machine.ad
-rwx------  1 shardulr fnalgrid   49 Jun 27 18:29 .chirp.config
-rw-------  1 shardulr fnalgrid  11K Jun 27 18:29 x509up
drwxr-xr-x  2 shardulr fnalgrid 4.0K Jun 27 18:29 samples
drwxr-xr-x  2 shardulr fnalgrid 4.0K Jun 27 18:29 framework
-rw-r--r--  1 shardulr fnalgrid  62K Jun 27 18:29 singleStopAnalyzer.py
-rwxr-xr-x  1 shardulr fnalgrid  698 Jun 27 18:29 condor_exec.exe
-rw-r--r--  1 shardulr fnalgrid  951 Jun 27 18:29 bJetMatcher.py
-rw-r--r--  1 shardulr fnalgrid    0 Jun 27 18:29 docker_stderror
drwxrwxrwt  2 shardulr fnalgrid 4.0K Jun 27 18:29 tmp
drwxrwxrwt  3 shardulr fnalgrid 4.0K Jun 27 18:29 var
drwxr-xr-x  3 root     root     4.0K Jun 27 18:29 ..
-rw-r--r--  1 shardulr fnalgrid  13K Jun 27 18:30 .update.ad
srwxr-xr-x  1 shardulr fnalgrid    0 Jun 27 18:30 .docker_sock
-rw-r--r--  1 shardulr fnalgrid  113 Jun 27 18:30 _condor_stderr
drwx------  7 shardulr fnalgrid 4.0K Jun 27 18:30 .
drwxr-xr-x 17 shardulr fnalgrid 4.0K Jun 27 18:30 CMSSW_10_6_19_patch2
-rw-r--r--  1 shardulr fnalgrid  453 Jun 27 18:30 _condor_stdout
/storage/local/data1/condor/execute/dir_36957/CMSSW_10_6_19_patch2 is the CMSSW we created on the local worker node
Running over Data2018 files
Blinding data, only using CR cuts (0 loose b's)
Using UL 2018 campaign working points
Pre-select 263770 entries out of 1802503 (14.63%)
Processed    10000/  263770 entries,  3.79% (elapsed time    25.6s, curr speed    0.390 kHz, avg speed    0.390 kHz), accepted     1456/   10001 events (14.56%)
Processed    20000/  263770 entries,  7.58% (elapsed time    51.1s, curr speed    0.392 kHz, avg speed    0.391 kHz), accepted     2927/   20001 events (14.63%)
Processed    30000/  263770 entries, 11.37% (elapsed time    76.5s, curr speed    0.394 kHz, avg speed    0.392 kHz), accepted     4367/   30001 events (14.56%)
Processed    40000/  263770 entries, 15.16% (elapsed time   100.4s, curr speed    0.418 kHz, avg speed    0.398 kHz), accepted     5561/   40001 events (13.90%)
Processed    50000/  263770 entries, 18.96% (elapsed time   126.6s, curr speed    0.382 kHz, avg speed    0.395 kHz), accepted     7060/   50001 events (14.12%)
Processed    60000/  263770 entries, 22.75% (elapsed time   152.9s, curr speed    0.380 kHz, avg speed    0.392 kHz), accepted     8492/   60001 events (14.15%)
Processed    70000/  263770 entries, 26.54% (elapsed time   179.4s, curr speed    0.378 kHz, avg speed    0.390 kHz), accepted     9928/   70001 events (14.18%)
Processed    80000/  263770 entries, 30.33% (elapsed time   205.3s, curr speed    0.386 kHz, avg speed    0.390 kHz), accepted    11328/   80001 events (14.16%)
Processed    90000/  263770 entries, 34.12% (elapsed time   230.3s, curr speed    0.399 kHz, avg speed    0.391 kHz), accepted    12595/   90001 events (13.99%)
Processed   100000/  263770 entries, 37.91% (elapsed time   255.1s, curr speed    0.404 kHz, avg speed    0.392 kHz), accepted    13895/  100001 events (13.89%)
Processed   110000/  263770 entries, 41.70% (elapsed time   280.1s, curr speed    0.400 kHz, avg speed    0.393 kHz), accepted    15308/  110001 events (13.92%)
Processed   120000/  263770 entries, 45.49% (elapsed time   305.2s, curr speed    0.398 kHz, avg speed    0.393 kHz), accepted    16719/  120001 events (13.93%)
Processed   130000/  263770 entries, 49.29% (elapsed time   331.5s, curr speed    0.381 kHz, avg speed    0.392 kHz), accepted    18167/  130001 events (13.97%)
Processed   140000/  263770 entries, 53.08% (elapsed time   358.2s, curr speed    0.373 kHz, avg speed    0.391 kHz), accepted    19664/  140001 events (14.05%)
Processed   150000/  263770 entries, 56.87% (elapsed time   384.7s, curr speed    0.378 kHz, avg speed    0.390 kHz), accepted    21200/  150001 events (14.13%)
Processed   160000/  263770 entries, 60.66% (elapsed time   410.6s, curr speed    0.387 kHz, avg speed    0.390 kHz), accepted    22731/  160001 events (14.21%)
Processed   170000/  263770 entries, 64.45% (elapsed time   437.6s, curr speed    0.371 kHz, avg speed    0.389 kHz), accepted    24346/  170001 events (14.32%)
Processed   180000/  263770 entries, 68.24% (elapsed time   465.4s, curr speed    0.360 kHz, avg speed    0.387 kHz), accepted    26045/  180001 events (14.47%)
Processed   190000/  263770 entries, 72.03% (elapsed time   492.1s, curr speed    0.375 kHz, avg speed    0.386 kHz), accepted    27656/  190001 events (14.56%)
Processed   200000/  263770 entries, 75.82% (elapsed time   518.2s, curr speed    0.383 kHz, avg speed    0.386 kHz), accepted    29158/  200001 events (14.58%)
Processed   210000/  263770 entries, 79.61% (elapsed time   544.5s, curr speed    0.379 kHz, avg speed    0.386 kHz), accepted    30671/  210001 events (14.61%)
Processed   220000/  263770 entries, 83.41% (elapsed time   572.1s, curr speed    0.362 kHz, avg speed    0.385 kHz), accepted    32304/  220001 events (14.68%)
Processed   230000/  263770 entries, 87.20% (elapsed time   599.6s, curr speed    0.364 kHz, avg speed    0.384 kHz), accepted    34020/  230001 events (14.79%)
Processed   240000/  263770 entries, 90.99% (elapsed time   627.0s, curr speed    0.364 kHz, avg speed    0.383 kHz), accepted    35736/  240001 events (14.89%)
Processed   250000/  263770 entries, 94.78% (elapsed time   654.4s, curr speed    0.365 kHz, avg speed    0.382 kHz), accepted    37457/  250001 events (14.98%)
Processed   260000/  263770 entries, 98.57% (elapsed time   682.0s, curr speed    0.362 kHz, avg speed    0.381 kHz), accepted    39202/  260001 events (15.08%)
Processed 263770 preselected entries from root://cmsxrootd.fnal.gov//store/data/Run2018D/JetHT/NANOAOD/UL2018_MiniAODv2_NanoAODv9-v2/2810000/A582B88E-F937-454C-91E0-B890F7DD2B8C.root (1802503 entries). Finally selected 39866 entries
Total time 709.6 sec. to process 1802503 events. Rate = 2540.2 Hz.
Running pwd:
/storage/local/data1/condor/execute/dir_36957
Running ls -alrth:
total 176K
-rw-r--r--  1 shardulr fnalgrid 5.0K Jun 27 18:29 .job.ad
-rw-r--r--  1 shardulr fnalgrid  13K Jun 27 18:29 .machine.ad
-rwx------  1 shardulr fnalgrid   49 Jun 27 18:29 .chirp.config
-rw-------  1 shardulr fnalgrid  11K Jun 27 18:29 x509up
drwxr-xr-x  2 shardulr fnalgrid 4.0K Jun 27 18:29 samples
-rw-r--r--  1 shardulr fnalgrid  62K Jun 27 18:29 singleStopAnalyzer.py
-rwxr-xr-x  1 shardulr fnalgrid  698 Jun 27 18:29 condor_exec.exe
-rw-r--r--  1 shardulr fnalgrid  951 Jun 27 18:29 bJetMatcher.py
-rw-r--r--  1 shardulr fnalgrid    0 Jun 27 18:29 docker_stderror
drwxrwxrwt  2 shardulr fnalgrid 4.0K Jun 27 18:29 tmp
drwxrwxrwt  3 shardulr fnalgrid 4.0K Jun 27 18:29 var
drwxr-xr-x  3 root     root     4.0K Jun 27 18:29 ..
srwxr-xr-x  1 shardulr fnalgrid    0 Jun 27 18:30 .docker_sock
drwxr-xr-x 17 shardulr fnalgrid 4.0K Jun 27 18:30 CMSSW_10_6_19_patch2
drwxr-xr-x  2 shardulr fnalgrid 4.0K Jun 27 18:30 framework
-rw-r--r--  1 shardulr fnalgrid 1.7K Jun 27 18:30 bJetMatcher.pyc
drwxr-xr-x  3 shardulr fnalgrid 4.0K Jun 27 18:30 output
-rw-r--r--  1 shardulr fnalgrid  215 Jun 27 18:30 _condor_stderr
-rw-r--r--  1 shardulr fnalgrid  13K Jun 27 18:41 .update.ad
drwx------  8 shardulr fnalgrid 4.0K Jun 27 18:41 .
-rw-r--r--  1 shardulr fnalgrid 6.4K Jun 27 18:41 _condor_stdout
