[FERMIHTC-APPTAINER]: INFO -- No Apptainer image specified
[FERMIHTC-APPTAINER]: INFO -- Running job on the host machine

[FERMIHTC-APPTAINER]: INFO -- Running ./condor_exec.exe
Starting job on  Tue Jun 27 18:28:31 UTC 2023
Running on: Linux shardulr-2169568-173-cmswn2041.fnal.gov 3.10.0-1160.90.1.el7.x86_64 #1 SMP Thu Apr 27 13:14:20 CDT 2023 x86_64 x86_64 x86_64 GNU/Linux
System software: Scientific Linux release 7.9 (Nitrogen)
Running ls -alrth:
total 156K
-rw-r--r--  1 shardulr fnalgrid  12K Jun 27 18:28 .machine.ad
-rw-r--r--  1 shardulr fnalgrid 5.1K Jun 27 18:28 .job.ad
-rwx------  1 shardulr fnalgrid   49 Jun 27 18:28 .chirp.config
-rw-------  1 shardulr fnalgrid  11K Jun 27 18:28 x509up
drwxr-xr-x  2 shardulr fnalgrid 4.0K Jun 27 18:28 samples
drwxr-xr-x  2 shardulr fnalgrid 4.0K Jun 27 18:28 framework
-rw-r--r--  1 shardulr fnalgrid  62K Jun 27 18:28 singleStopAnalyzer.py
-rw-r--r--  1 shardulr fnalgrid  951 Jun 27 18:28 bJetMatcher.py
-rwxr-xr-x  1 shardulr fnalgrid  698 Jun 27 18:28 condor_exec.exe
-rw-r--r--  1 shardulr fnalgrid    0 Jun 27 18:28 docker_stderror
drwxrwxrwt  3 shardulr fnalgrid 4.0K Jun 27 18:28 var
drwxrwxrwt  2 shardulr fnalgrid 4.0K Jun 27 18:28 tmp
-rw-r--r--  1 shardulr fnalgrid  12K Jun 27 18:28 .update.ad
drwxr-xr-x  3 root     root     4.0K Jun 27 18:28 ..
srwxr-xr-x  1 shardulr fnalgrid    0 Jun 27 18:28 .docker_sock
-rw-r--r--  1 shardulr fnalgrid  113 Jun 27 18:28 _condor_stderr
drwx------  7 shardulr fnalgrid 4.0K Jun 27 18:28 .
drwxr-xr-x 17 shardulr fnalgrid 4.0K Jun 27 18:28 CMSSW_10_6_19_patch2
-rw-r--r--  1 shardulr fnalgrid  453 Jun 27 18:28 _condor_stdout
/storage/local/data1/condor/execute/dir_37655/CMSSW_10_6_19_patch2 is the CMSSW we created on the local worker node
Running over Data2018 files
Blinding data, only using CR cuts (0 loose b's)
Using UL 2018 campaign working points
Pre-select 40207 entries out of 287717 (13.97%)
Processed    10000/   40207 entries, 24.87% (elapsed time    19.4s, curr speed    0.517 kHz, avg speed    0.517 kHz), accepted      892/   10001 events ( 8.92%)
Processed    20000/   40207 entries, 49.74% (elapsed time    38.9s, curr speed    0.511 kHz, avg speed    0.514 kHz), accepted     1927/   20001 events ( 9.63%)
Processed    30000/   40207 entries, 74.61% (elapsed time    58.6s, curr speed    0.509 kHz, avg speed    0.512 kHz), accepted     2998/   30001 events ( 9.99%)
Processed    40000/   40207 entries, 99.49% (elapsed time    78.5s, curr speed    0.502 kHz, avg speed    0.510 kHz), accepted     4106/   40001 events (10.26%)
Processed 40207 preselected entries from root://cmsxrootd.fnal.gov//store/data/Run2018B/JetHT/NANOAOD/UL2018_MiniAODv2_NanoAODv9-v1/130000/409CD910-965A-834D-A823-B0CBF46CCB68.root (287717 entries). Finally selected 4134 entries
Total time 81.8 sec. to process 287717 events. Rate = 3517.4 Hz.
Running pwd:
/storage/local/data1/condor/execute/dir_37655
Running ls -alrth:
total 164K
-rw-r--r--  1 shardulr fnalgrid  12K Jun 27 18:28 .machine.ad
-rw-r--r--  1 shardulr fnalgrid 5.1K Jun 27 18:28 .job.ad
-rwx------  1 shardulr fnalgrid   49 Jun 27 18:28 .chirp.config
-rw-------  1 shardulr fnalgrid  11K Jun 27 18:28 x509up
drwxr-xr-x  2 shardulr fnalgrid 4.0K Jun 27 18:28 samples
-rw-r--r--  1 shardulr fnalgrid  62K Jun 27 18:28 singleStopAnalyzer.py
-rw-r--r--  1 shardulr fnalgrid  951 Jun 27 18:28 bJetMatcher.py
-rwxr-xr-x  1 shardulr fnalgrid  698 Jun 27 18:28 condor_exec.exe
-rw-r--r--  1 shardulr fnalgrid    0 Jun 27 18:28 docker_stderror
drwxrwxrwt  3 shardulr fnalgrid 4.0K Jun 27 18:28 var
drwxrwxrwt  2 shardulr fnalgrid 4.0K Jun 27 18:28 tmp
drwxr-xr-x  3 root     root     4.0K Jun 27 18:28 ..
srwxr-xr-x  1 shardulr fnalgrid    0 Jun 27 18:28 .docker_sock
drwxr-xr-x 17 shardulr fnalgrid 4.0K Jun 27 18:28 CMSSW_10_6_19_patch2
drwxr-xr-x  2 shardulr fnalgrid 4.0K Jun 27 18:28 framework
-rw-r--r--  1 shardulr fnalgrid 1.7K Jun 27 18:28 bJetMatcher.pyc
drwxr-xr-x  3 shardulr fnalgrid 4.0K Jun 27 18:28 output
-rw-r--r--  1 shardulr fnalgrid  215 Jun 27 18:28 _condor_stderr
-rw-r--r--  1 shardulr fnalgrid  12K Jun 27 18:29 .update.ad
drwx------  8 shardulr fnalgrid 4.0K Jun 27 18:29 .
-rw-r--r--  1 shardulr fnalgrid 2.9K Jun 27 18:29 _condor_stdout
