[FERMIHTC-APPTAINER]: INFO -- No Apptainer image specified
[FERMIHTC-APPTAINER]: INFO -- Running job on the host machine

[FERMIHTC-APPTAINER]: INFO -- Running ./condor_exec.exe
Starting job on  Tue Jun 27 18:26:21 UTC 2023
Running on: Linux shardulr-2169568-141-cmswn2039.fnal.gov 3.10.0-1160.90.1.el7.x86_64 #1 SMP Thu Apr 27 13:14:20 CDT 2023 x86_64 x86_64 x86_64 GNU/Linux
System software: Scientific Linux release 7.9 (Nitrogen)
Running ls -alrth:
total 156K
-rw-r--r--  1 shardulr fnalgrid 5.0K Jun 27 18:26 .job.ad
-rw-r--r--  1 shardulr fnalgrid  12K Jun 27 18:26 .machine.ad
-rwx------  1 shardulr fnalgrid   49 Jun 27 18:26 .chirp.config
-rw-------  1 shardulr fnalgrid  11K Jun 27 18:26 x509up
drwxr-xr-x  2 shardulr fnalgrid 4.0K Jun 27 18:26 samples
drwxr-xr-x  2 shardulr fnalgrid 4.0K Jun 27 18:26 framework
-rw-r--r--  1 shardulr fnalgrid  62K Jun 27 18:26 singleStopAnalyzer.py
-rwxr-xr-x  1 shardulr fnalgrid  698 Jun 27 18:26 condor_exec.exe
-rw-r--r--  1 shardulr fnalgrid  951 Jun 27 18:26 bJetMatcher.py
-rw-r--r--  1 shardulr fnalgrid    0 Jun 27 18:26 docker_stderror
drwxrwxrwt  2 shardulr fnalgrid 4.0K Jun 27 18:26 tmp
drwxrwxrwt  3 shardulr fnalgrid 4.0K Jun 27 18:26 var
-rw-r--r--  1 shardulr fnalgrid  12K Jun 27 18:26 .update.ad
drwxr-xr-x  3 root     root     4.0K Jun 27 18:26 ..
srwxr-xr-x  1 shardulr fnalgrid    0 Jun 27 18:26 .docker_sock
-rw-r--r--  1 shardulr fnalgrid  113 Jun 27 18:26 _condor_stderr
drwx------  7 shardulr fnalgrid 4.0K Jun 27 18:26 .
drwxr-xr-x 17 shardulr fnalgrid 4.0K Jun 27 18:26 CMSSW_10_6_19_patch2
-rw-r--r--  1 shardulr fnalgrid  453 Jun 27 18:26 _condor_stdout
/storage/local/data1/condor/execute/dir_9968/CMSSW_10_6_19_patch2 is the CMSSW we created on the local worker node
Running over Data2018 files
Blinding data, only using CR cuts (0 loose b's)
Using UL 2018 campaign working points
Pre-select 9030 entries out of 62243 (14.51%)
Processed 9030 preselected entries from root://cmsxrootd.fnal.gov//store/data/Run2018A/JetHT/NANOAOD/UL2018_MiniAODv2_NanoAODv9-v2/2430000/81935700-C3D7-E340-8B85-6709722BCCBC.root (62243 entries). Finally selected 1253 entries
Total time 25.3 sec. to process 62243 events. Rate = 2456.7 Hz.
Running pwd:
/storage/local/data1/condor/execute/dir_9968
Running ls -alrth:
total 164K
-rw-r--r--  1 shardulr fnalgrid 5.0K Jun 27 18:26 .job.ad
-rw-r--r--  1 shardulr fnalgrid  12K Jun 27 18:26 .machine.ad
-rwx------  1 shardulr fnalgrid   49 Jun 27 18:26 .chirp.config
-rw-------  1 shardulr fnalgrid  11K Jun 27 18:26 x509up
drwxr-xr-x  2 shardulr fnalgrid 4.0K Jun 27 18:26 samples
-rw-r--r--  1 shardulr fnalgrid  62K Jun 27 18:26 singleStopAnalyzer.py
-rwxr-xr-x  1 shardulr fnalgrid  698 Jun 27 18:26 condor_exec.exe
-rw-r--r--  1 shardulr fnalgrid  951 Jun 27 18:26 bJetMatcher.py
-rw-r--r--  1 shardulr fnalgrid    0 Jun 27 18:26 docker_stderror
drwxrwxrwt  2 shardulr fnalgrid 4.0K Jun 27 18:26 tmp
drwxrwxrwt  3 shardulr fnalgrid 4.0K Jun 27 18:26 var
-rw-r--r--  1 shardulr fnalgrid  12K Jun 27 18:26 .update.ad
drwxr-xr-x  3 root     root     4.0K Jun 27 18:26 ..
srwxr-xr-x  1 shardulr fnalgrid    0 Jun 27 18:26 .docker_sock
drwxr-xr-x 17 shardulr fnalgrid 4.0K Jun 27 18:26 CMSSW_10_6_19_patch2
drwxr-xr-x  2 shardulr fnalgrid 4.0K Jun 27 18:26 framework
-rw-r--r--  1 shardulr fnalgrid 1.7K Jun 27 18:26 bJetMatcher.pyc
drwxr-xr-x  3 shardulr fnalgrid 4.0K Jun 27 18:26 output
drwx------  8 shardulr fnalgrid 4.0K Jun 27 18:26 .
-rw-r--r--  1 shardulr fnalgrid  215 Jun 27 18:26 _condor_stderr
-rw-r--r--  1 shardulr fnalgrid 2.3K Jun 27 18:26 _condor_stdout
