[FERMIHTC-APPTAINER]: INFO -- No Apptainer image specified
[FERMIHTC-APPTAINER]: INFO -- Running job on the host machine

[FERMIHTC-APPTAINER]: INFO -- Running ./condor_exec.exe
Starting job on  Tue Jun 27 18:29:46 UTC 2023
Running on: Linux shardulr-2169568-299-cmswn2024.fnal.gov 3.10.0-1160.90.1.el7.x86_64 #1 SMP Thu Apr 27 13:14:20 CDT 2023 x86_64 x86_64 x86_64 GNU/Linux
System software: Scientific Linux release 7.9 (Nitrogen)
Running ls -alrth:
total 164K
-rw-r--r--  1 shardulr fnalgrid 5.0K Jun 27 18:29 .job.ad
-rw-r--r--  1 shardulr fnalgrid  13K Jun 27 18:29 .machine.ad
-rwx------  1 shardulr fnalgrid   49 Jun 27 18:29 .chirp.config
-rw-------  1 shardulr fnalgrid  11K Jun 27 18:29 x509up
drwxr-xr-x  2 shardulr fnalgrid 4.0K Jun 27 18:29 samples
drwxr-xr-x  2 shardulr fnalgrid 4.0K Jun 27 18:29 framework
-rw-r--r--  1 shardulr fnalgrid  62K Jun 27 18:29 singleStopAnalyzer.py
-rwxr-xr-x  1 shardulr fnalgrid  698 Jun 27 18:29 condor_exec.exe
-rw-r--r--  1 shardulr fnalgrid  951 Jun 27 18:29 bJetMatcher.py
-rw-r--r--  1 shardulr fnalgrid    0 Jun 27 18:29 docker_stderror
drwxrwxrwt  2 shardulr fnalgrid 4.0K Jun 27 18:29 tmp
drwxrwxrwt  3 shardulr fnalgrid 4.0K Jun 27 18:29 var
-rw-r--r--  1 shardulr fnalgrid  13K Jun 27 18:29 .update.ad
drwxr-xr-x  3 root     root     4.0K Jun 27 18:29 ..
srwxr-xr-x  1 shardulr fnalgrid    0 Jun 27 18:29 .docker_sock
-rw-r--r--  1 shardulr fnalgrid  113 Jun 27 18:29 _condor_stderr
drwx------  7 shardulr fnalgrid 4.0K Jun 27 18:29 .
drwxr-xr-x 17 shardulr fnalgrid 4.0K Jun 27 18:29 CMSSW_10_6_19_patch2
-rw-r--r--  1 shardulr fnalgrid  453 Jun 27 18:29 _condor_stdout
/storage/local/data1/condor/execute/dir_22737/CMSSW_10_6_19_patch2 is the CMSSW we created on the local worker node
Running over Data2018 files
Blinding data, only using CR cuts (0 loose b's)
Using UL 2018 campaign working points
Pre-select 179965 entries out of 1255674 (14.33%)
Processed    10000/  179965 entries,  5.56% (elapsed time    27.9s, curr speed    0.358 kHz, avg speed    0.358 kHz), accepted     1670/   10001 events (16.70%)
Processed    20000/  179965 entries, 11.11% (elapsed time    54.7s, curr speed    0.373 kHz, avg speed    0.365 kHz), accepted     3392/   20001 events (16.96%)
Processed    30000/  179965 entries, 16.67% (elapsed time    80.2s, curr speed    0.393 kHz, avg speed    0.374 kHz), accepted     4931/   30001 events (16.44%)
Processed    40000/  179965 entries, 22.23% (elapsed time   104.6s, curr speed    0.410 kHz, avg speed    0.382 kHz), accepted     6332/   40001 events (15.83%)
Processed    50000/  179965 entries, 27.78% (elapsed time   128.5s, curr speed    0.417 kHz, avg speed    0.389 kHz), accepted     7701/   50001 events (15.40%)
Processed    60000/  179965 entries, 33.34% (elapsed time   153.4s, curr speed    0.402 kHz, avg speed    0.391 kHz), accepted     9169/   60001 events (15.28%)
Processed    70000/  179965 entries, 38.90% (elapsed time   178.2s, curr speed    0.404 kHz, avg speed    0.393 kHz), accepted    10650/   70001 events (15.21%)
Processed    80000/  179965 entries, 44.45% (elapsed time   203.2s, curr speed    0.399 kHz, avg speed    0.394 kHz), accepted    12176/   80001 events (15.22%)
Processed    90000/  179965 entries, 50.01% (elapsed time   228.5s, curr speed    0.396 kHz, avg speed    0.394 kHz), accepted    13721/   90001 events (15.25%)
Processed   100000/  179965 entries, 55.57% (elapsed time   253.9s, curr speed    0.393 kHz, avg speed    0.394 kHz), accepted    15302/  100001 events (15.30%)
Processed   110000/  179965 entries, 61.12% (elapsed time   279.0s, curr speed    0.398 kHz, avg speed    0.394 kHz), accepted    16759/  110001 events (15.24%)
Processed   120000/  179965 entries, 66.68% (elapsed time   303.7s, curr speed    0.405 kHz, avg speed    0.395 kHz), accepted    18140/  120001 events (15.12%)
Processed   130000/  179965 entries, 72.24% (elapsed time   328.9s, curr speed    0.397 kHz, avg speed    0.395 kHz), accepted    19657/  130001 events (15.12%)
Processed   140000/  179965 entries, 77.79% (elapsed time   353.9s, curr speed    0.400 kHz, avg speed    0.396 kHz), accepted    21115/  140001 events (15.08%)
Processed   150000/  179965 entries, 83.35% (elapsed time   380.3s, curr speed    0.378 kHz, avg speed    0.394 kHz), accepted    22732/  150001 events (15.15%)
Processed   160000/  179965 entries, 88.91% (elapsed time   407.8s, curr speed    0.363 kHz, avg speed    0.392 kHz), accepted    24524/  160001 events (15.33%)
Processed   170000/  179965 entries, 94.46% (elapsed time   435.5s, curr speed    0.362 kHz, avg speed    0.390 kHz), accepted    26267/  170001 events (15.45%)
Processed 179965 preselected entries from root://cmsxrootd.fnal.gov//store/data/Run2018D/JetHT/NANOAOD/UL2018_MiniAODv2_NanoAODv9-v2/2540000/93DDF01A-5816-5149-BDD6-DF37B087384F.root (1255674 entries). Finally selected 27975 entries
Total time 472.7 sec. to process 1255674 events. Rate = 2656.5 Hz.
Running pwd:
/storage/local/data1/condor/execute/dir_22737
Running ls -alrth:
total 176K
-rw-r--r--  1 shardulr fnalgrid 5.0K Jun 27 18:29 .job.ad
-rw-r--r--  1 shardulr fnalgrid  13K Jun 27 18:29 .machine.ad
-rwx------  1 shardulr fnalgrid   49 Jun 27 18:29 .chirp.config
-rw-------  1 shardulr fnalgrid  11K Jun 27 18:29 x509up
drwxr-xr-x  2 shardulr fnalgrid 4.0K Jun 27 18:29 samples
-rw-r--r--  1 shardulr fnalgrid  62K Jun 27 18:29 singleStopAnalyzer.py
-rwxr-xr-x  1 shardulr fnalgrid  698 Jun 27 18:29 condor_exec.exe
-rw-r--r--  1 shardulr fnalgrid  951 Jun 27 18:29 bJetMatcher.py
-rw-r--r--  1 shardulr fnalgrid    0 Jun 27 18:29 docker_stderror
drwxrwxrwt  2 shardulr fnalgrid 4.0K Jun 27 18:29 tmp
drwxrwxrwt  3 shardulr fnalgrid 4.0K Jun 27 18:29 var
drwxr-xr-x  3 root     root     4.0K Jun 27 18:29 ..
srwxr-xr-x  1 shardulr fnalgrid    0 Jun 27 18:29 .docker_sock
drwxr-xr-x 17 shardulr fnalgrid 4.0K Jun 27 18:29 CMSSW_10_6_19_patch2
drwxr-xr-x  2 shardulr fnalgrid 4.0K Jun 27 18:29 framework
-rw-r--r--  1 shardulr fnalgrid 1.7K Jun 27 18:29 bJetMatcher.pyc
drwxr-xr-x  3 shardulr fnalgrid 4.0K Jun 27 18:29 output
-rw-r--r--  1 shardulr fnalgrid  215 Jun 27 18:29 _condor_stderr
-rw-r--r--  1 shardulr fnalgrid  13K Jun 27 18:37 .update.ad
drwx------  8 shardulr fnalgrid 4.0K Jun 27 18:37 .
-rw-r--r--  1 shardulr fnalgrid 5.0K Jun 27 18:37 _condor_stdout
