[FERMIHTC-APPTAINER]: INFO -- No Apptainer image specified
[FERMIHTC-APPTAINER]: INFO -- Running job on the host machine

[FERMIHTC-APPTAINER]: INFO -- Running ./condor_exec.exe
Starting job on  Tue Jun 27 18:30:23 UTC 2023
Running on: Linux shardulr-2169568-402-cmswn2024.fnal.gov 3.10.0-1160.90.1.el7.x86_64 #1 SMP Thu Apr 27 13:14:20 CDT 2023 x86_64 x86_64 x86_64 GNU/Linux
System software: Scientific Linux release 7.9 (Nitrogen)
Running ls -alrth:
total 164K
-rw-r--r--  1 shardulr fnalgrid 5.0K Jun 27 18:30 .job.ad
-rw-r--r--  1 shardulr fnalgrid  13K Jun 27 18:30 .machine.ad
-rwx------  1 shardulr fnalgrid   49 Jun 27 18:30 .chirp.config
-rw-------  1 shardulr fnalgrid  11K Jun 27 18:30 x509up
drwxr-xr-x  2 shardulr fnalgrid 4.0K Jun 27 18:30 samples
drwxr-xr-x  2 shardulr fnalgrid 4.0K Jun 27 18:30 framework
-rw-r--r--  1 shardulr fnalgrid  62K Jun 27 18:30 singleStopAnalyzer.py
-rw-r--r--  1 shardulr fnalgrid  951 Jun 27 18:30 bJetMatcher.py
-rwxr-xr-x  1 shardulr fnalgrid  698 Jun 27 18:30 condor_exec.exe
-rw-r--r--  1 shardulr fnalgrid    0 Jun 27 18:30 docker_stderror
drwxrwxrwt  3 shardulr fnalgrid 4.0K Jun 27 18:30 var
drwxrwxrwt  2 shardulr fnalgrid 4.0K Jun 27 18:30 tmp
-rw-r--r--  1 shardulr fnalgrid  13K Jun 27 18:30 .update.ad
drwxr-xr-x  3 root     root     4.0K Jun 27 18:30 ..
srwxr-xr-x  1 shardulr fnalgrid    0 Jun 27 18:30 .docker_sock
-rw-r--r--  1 shardulr fnalgrid  113 Jun 27 18:30 _condor_stderr
drwx------  7 shardulr fnalgrid 4.0K Jun 27 18:30 .
drwxr-xr-x 17 shardulr fnalgrid 4.0K Jun 27 18:30 CMSSW_10_6_19_patch2
-rw-r--r--  1 shardulr fnalgrid  453 Jun 27 18:30 _condor_stdout
/storage/local/data1/condor/execute/dir_23921/CMSSW_10_6_19_patch2 is the CMSSW we created on the local worker node
Running over Data2018 files
Blinding data, only using CR cuts (0 loose b's)
Using UL 2018 campaign working points
Pre-select 213424 entries out of 1431891 (14.91%)
Processed    10000/  213424 entries,  4.69% (elapsed time    23.8s, curr speed    0.420 kHz, avg speed    0.420 kHz), accepted     1567/   10001 events (15.67%)
Processed    20000/  213424 entries,  9.37% (elapsed time    48.6s, curr speed    0.404 kHz, avg speed    0.412 kHz), accepted     3114/   20001 events (15.57%)
Processed    30000/  213424 entries, 14.06% (elapsed time    74.7s, curr speed    0.383 kHz, avg speed    0.402 kHz), accepted     4768/   30001 events (15.89%)
Processed    40000/  213424 entries, 18.74% (elapsed time   101.0s, curr speed    0.380 kHz, avg speed    0.396 kHz), accepted     6465/   40001 events (16.16%)
Processed    50000/  213424 entries, 23.43% (elapsed time   125.3s, curr speed    0.412 kHz, avg speed    0.399 kHz), accepted     7880/   50001 events (15.76%)
Processed    60000/  213424 entries, 28.11% (elapsed time   150.1s, curr speed    0.403 kHz, avg speed    0.400 kHz), accepted     9210/   60001 events (15.35%)
Processed    70000/  213424 entries, 32.80% (elapsed time   174.3s, curr speed    0.413 kHz, avg speed    0.402 kHz), accepted    10523/   70001 events (15.03%)
Processed    80000/  213424 entries, 37.48% (elapsed time   200.1s, curr speed    0.388 kHz, avg speed    0.400 kHz), accepted    11873/   80001 events (14.84%)
Processed    90000/  213424 entries, 42.17% (elapsed time   226.1s, curr speed    0.384 kHz, avg speed    0.398 kHz), accepted    13198/   90001 events (14.66%)
Processed   100000/  213424 entries, 46.86% (elapsed time   252.9s, curr speed    0.373 kHz, avg speed    0.395 kHz), accepted    14569/  100001 events (14.57%)
Processed   110000/  213424 entries, 51.54% (elapsed time   279.2s, curr speed    0.381 kHz, avg speed    0.394 kHz), accepted    15923/  110001 events (14.48%)
Processed   120000/  213424 entries, 56.23% (elapsed time   305.5s, curr speed    0.380 kHz, avg speed    0.393 kHz), accepted    17358/  120001 events (14.46%)
Processed   130000/  213424 entries, 60.91% (elapsed time   330.8s, curr speed    0.395 kHz, avg speed    0.393 kHz), accepted    18779/  130001 events (14.45%)
Processed   140000/  213424 entries, 65.60% (elapsed time   356.9s, curr speed    0.383 kHz, avg speed    0.392 kHz), accepted    20257/  140001 events (14.47%)
Processed   150000/  213424 entries, 70.28% (elapsed time   383.2s, curr speed    0.381 kHz, avg speed    0.391 kHz), accepted    21739/  150001 events (14.49%)
Processed   160000/  213424 entries, 74.97% (elapsed time   409.7s, curr speed    0.377 kHz, avg speed    0.391 kHz), accepted    23314/  160001 events (14.57%)
Processed   170000/  213424 entries, 79.65% (elapsed time   436.2s, curr speed    0.377 kHz, avg speed    0.390 kHz), accepted    24875/  170001 events (14.63%)
Processed   180000/  213424 entries, 84.34% (elapsed time   462.7s, curr speed    0.378 kHz, avg speed    0.389 kHz), accepted    26411/  180001 events (14.67%)
Processed   190000/  213424 entries, 89.02% (elapsed time   488.6s, curr speed    0.386 kHz, avg speed    0.389 kHz), accepted    27982/  190001 events (14.73%)
Processed   200000/  213424 entries, 93.71% (elapsed time   514.2s, curr speed    0.391 kHz, avg speed    0.389 kHz), accepted    29500/  200001 events (14.75%)
Processed   210000/  213424 entries, 98.40% (elapsed time   541.2s, curr speed    0.371 kHz, avg speed    0.388 kHz), accepted    31107/  210001 events (14.81%)
Processed 213424 preselected entries from root://cmsxrootd.fnal.gov//store/data/Run2018D/JetHT/NANOAOD/UL2018_MiniAODv2_NanoAODv9-v2/2810000/0D888BE2-E170-0847-99F5-B80C8805D9E4.root (1431891 entries). Finally selected 31631 entries
Total time 564.2 sec. to process 1431891 events. Rate = 2537.8 Hz.
Running pwd:
/storage/local/data1/condor/execute/dir_23921
Running ls -alrth:
total 176K
-rw-r--r--  1 shardulr fnalgrid 5.0K Jun 27 18:30 .job.ad
-rw-r--r--  1 shardulr fnalgrid  13K Jun 27 18:30 .machine.ad
-rwx------  1 shardulr fnalgrid   49 Jun 27 18:30 .chirp.config
-rw-------  1 shardulr fnalgrid  11K Jun 27 18:30 x509up
drwxr-xr-x  2 shardulr fnalgrid 4.0K Jun 27 18:30 samples
-rw-r--r--  1 shardulr fnalgrid  62K Jun 27 18:30 singleStopAnalyzer.py
-rw-r--r--  1 shardulr fnalgrid  951 Jun 27 18:30 bJetMatcher.py
-rwxr-xr-x  1 shardulr fnalgrid  698 Jun 27 18:30 condor_exec.exe
-rw-r--r--  1 shardulr fnalgrid    0 Jun 27 18:30 docker_stderror
drwxrwxrwt  3 shardulr fnalgrid 4.0K Jun 27 18:30 var
drwxrwxrwt  2 shardulr fnalgrid 4.0K Jun 27 18:30 tmp
drwxr-xr-x  3 root     root     4.0K Jun 27 18:30 ..
srwxr-xr-x  1 shardulr fnalgrid    0 Jun 27 18:30 .docker_sock
drwxr-xr-x 17 shardulr fnalgrid 4.0K Jun 27 18:30 CMSSW_10_6_19_patch2
drwxr-xr-x  2 shardulr fnalgrid 4.0K Jun 27 18:30 framework
-rw-r--r--  1 shardulr fnalgrid 1.7K Jun 27 18:30 bJetMatcher.pyc
drwxr-xr-x  3 shardulr fnalgrid 4.0K Jun 27 18:30 output
-rw-r--r--  1 shardulr fnalgrid  215 Jun 27 18:30 _condor_stderr
-rw-r--r--  1 shardulr fnalgrid  13K Jun 27 18:39 .update.ad
drwx------  8 shardulr fnalgrid 4.0K Jun 27 18:39 .
-rw-r--r--  1 shardulr fnalgrid 5.6K Jun 27 18:39 _condor_stdout
