[FERMIHTC-APPTAINER]: INFO -- No Apptainer image specified
[FERMIHTC-APPTAINER]: INFO -- Running job on the host machine

[FERMIHTC-APPTAINER]: INFO -- Running ./condor_exec.exe
Starting job on  Tue Jun 27 18:20:10 UTC 2023
Running on: Linux shardulr-2169568-55-cmswn2059.fnal.gov 3.10.0-1160.90.1.el7.x86_64 #1 SMP Thu Apr 27 13:14:20 CDT 2023 x86_64 x86_64 x86_64 GNU/Linux
System software: Scientific Linux release 7.9 (Nitrogen)
Running ls -alrth:
total 156K
-rw-r--r--  1 shardulr fnalgrid 5.1K Jun 27 18:20 .job.ad
-rw-r--r--  1 shardulr fnalgrid  12K Jun 27 18:20 .machine.ad
-rwx------  1 shardulr fnalgrid   49 Jun 27 18:20 .chirp.config
-rw-------  1 shardulr fnalgrid  11K Jun 27 18:20 x509up
drwxr-xr-x  2 shardulr fnalgrid 4.0K Jun 27 18:20 samples
drwxr-xr-x  2 shardulr fnalgrid 4.0K Jun 27 18:20 framework
-rw-r--r--  1 shardulr fnalgrid  62K Jun 27 18:20 singleStopAnalyzer.py
-rwxr-xr-x  1 shardulr fnalgrid  697 Jun 27 18:20 condor_exec.exe
-rw-r--r--  1 shardulr fnalgrid  951 Jun 27 18:20 bJetMatcher.py
-rw-r--r--  1 shardulr fnalgrid    0 Jun 27 18:20 docker_stderror
drwxrwxrwt  3 shardulr fnalgrid 4.0K Jun 27 18:20 var
drwxrwxrwt  2 shardulr fnalgrid 4.0K Jun 27 18:20 tmp
-rw-r--r--  1 shardulr fnalgrid  12K Jun 27 18:20 .update.ad
drwxr-xr-x  3 root     root     4.0K Jun 27 18:20 ..
srwxr-xr-x  1 shardulr fnalgrid    0 Jun 27 18:20 .docker_sock
-rw-r--r--  1 shardulr fnalgrid  113 Jun 27 18:20 _condor_stderr
drwx------  7 shardulr fnalgrid 4.0K Jun 27 18:20 .
drwxr-xr-x 17 shardulr fnalgrid 4.0K Jun 27 18:20 CMSSW_10_6_19_patch2
-rw-r--r--  1 shardulr fnalgrid  452 Jun 27 18:20 _condor_stdout
/storage/local/data1/condor/execute/dir_37532/CMSSW_10_6_19_patch2 is the CMSSW we created on the local worker node
Running over Data2018 files
Blinding data, only using CR cuts (0 loose b's)
Using UL 2018 campaign working points
Pre-select 209449 entries out of 1416288 (14.79%)
Processed    10000/  209449 entries,  4.77% (elapsed time    25.3s, curr speed    0.396 kHz, avg speed    0.396 kHz), accepted     1267/   10001 events (12.67%)
Processed    20000/  209449 entries,  9.55% (elapsed time    51.1s, curr speed    0.388 kHz, avg speed    0.392 kHz), accepted     2595/   20001 events (12.97%)
Processed    30000/  209449 entries, 14.32% (elapsed time    76.1s, curr speed    0.399 kHz, avg speed    0.394 kHz), accepted     4082/   30001 events (13.61%)
Processed    40000/  209449 entries, 19.10% (elapsed time   100.8s, curr speed    0.404 kHz, avg speed    0.397 kHz), accepted     5536/   40001 events (13.84%)
Processed    50000/  209449 entries, 23.87% (elapsed time   125.2s, curr speed    0.410 kHz, avg speed    0.399 kHz), accepted     6817/   50001 events (13.63%)
Processed    60000/  209449 entries, 28.65% (elapsed time   150.8s, curr speed    0.392 kHz, avg speed    0.398 kHz), accepted     8061/   60001 events (13.43%)
Processed    70000/  209449 entries, 33.42% (elapsed time   175.7s, curr speed    0.401 kHz, avg speed    0.398 kHz), accepted     9375/   70001 events (13.39%)
Processed    80000/  209449 entries, 38.20% (elapsed time   200.4s, curr speed    0.404 kHz, avg speed    0.399 kHz), accepted    10664/   80001 events (13.33%)
Processed    90000/  209449 entries, 42.97% (elapsed time   225.4s, curr speed    0.400 kHz, avg speed    0.399 kHz), accepted    12015/   90001 events (13.35%)
Processed   100000/  209449 entries, 47.74% (elapsed time   249.9s, curr speed    0.408 kHz, avg speed    0.400 kHz), accepted    13224/  100001 events (13.22%)
Processed   110000/  209449 entries, 52.52% (elapsed time   275.5s, curr speed    0.392 kHz, avg speed    0.399 kHz), accepted    14601/  110001 events (13.27%)
Processed   120000/  209449 entries, 57.29% (elapsed time   301.6s, curr speed    0.382 kHz, avg speed    0.398 kHz), accepted    16009/  120001 events (13.34%)
Processed   130000/  209449 entries, 62.07% (elapsed time   327.7s, curr speed    0.383 kHz, avg speed    0.397 kHz), accepted    17468/  130001 events (13.44%)
Processed   140000/  209449 entries, 66.84% (elapsed time   354.4s, curr speed    0.375 kHz, avg speed    0.395 kHz), accepted    18971/  140001 events (13.55%)
Processed   150000/  209449 entries, 71.62% (elapsed time   380.4s, curr speed    0.384 kHz, avg speed    0.394 kHz), accepted    20498/  150001 events (13.67%)
Processed   160000/  209449 entries, 76.39% (elapsed time   406.2s, curr speed    0.388 kHz, avg speed    0.394 kHz), accepted    21997/  160001 events (13.75%)
Processed   170000/  209449 entries, 81.17% (elapsed time   431.7s, curr speed    0.393 kHz, avg speed    0.394 kHz), accepted    23580/  170001 events (13.87%)
Processed   180000/  209449 entries, 85.94% (elapsed time   454.8s, curr speed    0.431 kHz, avg speed    0.396 kHz), accepted    24801/  180001 events (13.78%)
Processed   190000/  209449 entries, 90.71% (elapsed time   476.2s, curr speed    0.469 kHz, avg speed    0.399 kHz), accepted    26123/  190001 events (13.75%)
Processed   200000/  209449 entries, 95.49% (elapsed time   496.7s, curr speed    0.488 kHz, avg speed    0.403 kHz), accepted    27405/  200001 events (13.70%)
Processed 209449 preselected entries from root://cmsxrootd.fnal.gov//store/data/Run2018A/JetHT/NANOAOD/UL2018_MiniAODv2_NanoAODv9-v2/250000/15E7A1AE-B0C0-7A46-81F7-13270C57C5D4.root (1416288 entries). Finally selected 28674 entries
Total time 528.1 sec. to process 1416288 events. Rate = 2681.6 Hz.
Running pwd:
/storage/local/data1/condor/execute/dir_37532
Running ls -alrth:
total 168K
-rw-r--r--  1 shardulr fnalgrid 5.1K Jun 27 18:20 .job.ad
-rw-r--r--  1 shardulr fnalgrid  12K Jun 27 18:20 .machine.ad
-rwx------  1 shardulr fnalgrid   49 Jun 27 18:20 .chirp.config
-rw-------  1 shardulr fnalgrid  11K Jun 27 18:20 x509up
drwxr-xr-x  2 shardulr fnalgrid 4.0K Jun 27 18:20 samples
-rw-r--r--  1 shardulr fnalgrid  62K Jun 27 18:20 singleStopAnalyzer.py
-rwxr-xr-x  1 shardulr fnalgrid  697 Jun 27 18:20 condor_exec.exe
-rw-r--r--  1 shardulr fnalgrid  951 Jun 27 18:20 bJetMatcher.py
-rw-r--r--  1 shardulr fnalgrid    0 Jun 27 18:20 docker_stderror
drwxrwxrwt  3 shardulr fnalgrid 4.0K Jun 27 18:20 var
drwxrwxrwt  2 shardulr fnalgrid 4.0K Jun 27 18:20 tmp
drwxr-xr-x  3 root     root     4.0K Jun 27 18:20 ..
srwxr-xr-x  1 shardulr fnalgrid    0 Jun 27 18:20 .docker_sock
drwxr-xr-x 17 shardulr fnalgrid 4.0K Jun 27 18:20 CMSSW_10_6_19_patch2
drwxr-xr-x  2 shardulr fnalgrid 4.0K Jun 27 18:20 framework
-rw-r--r--  1 shardulr fnalgrid 1.7K Jun 27 18:20 bJetMatcher.pyc
drwxr-xr-x  3 shardulr fnalgrid 4.0K Jun 27 18:20 output
-rw-r--r--  1 shardulr fnalgrid  215 Jun 27 18:20 _condor_stderr
-rw-r--r--  1 shardulr fnalgrid  12K Jun 27 18:28 .update.ad
drwx------  8 shardulr fnalgrid 4.0K Jun 27 18:28 .
-rw-r--r--  1 shardulr fnalgrid 5.4K Jun 27 18:29 _condor_stdout
