[FERMIHTC-APPTAINER]: INFO -- No Apptainer image specified
[FERMIHTC-APPTAINER]: INFO -- Running job on the host machine

[FERMIHTC-APPTAINER]: INFO -- Running ./condor_exec.exe
Starting job on  Tue Jun 27 18:16:18 UTC 2023
Running on: Linux shardulr-2169568-14-cmswn2052.fnal.gov 3.10.0-1160.90.1.el7.x86_64 #1 SMP Thu Apr 27 13:14:20 CDT 2023 x86_64 x86_64 x86_64 GNU/Linux
System software: Scientific Linux release 7.9 (Nitrogen)
Running ls -alrth:
total 164K
-rw-r--r--  1 shardulr fnalgrid 5.1K Jun 27 18:16 .job.ad
-rw-r--r--  1 shardulr fnalgrid  13K Jun 27 18:16 .machine.ad
-rwx------  1 shardulr fnalgrid   49 Jun 27 18:16 .chirp.config
-rw-------  1 shardulr fnalgrid  11K Jun 27 18:16 x509up
drwxr-xr-x  2 shardulr fnalgrid 4.0K Jun 27 18:16 samples
drwxr-xr-x  2 shardulr fnalgrid 4.0K Jun 27 18:16 framework
-rw-r--r--  1 shardulr fnalgrid  62K Jun 27 18:16 singleStopAnalyzer.py
-rwxr-xr-x  1 shardulr fnalgrid  697 Jun 27 18:16 condor_exec.exe
-rw-r--r--  1 shardulr fnalgrid  951 Jun 27 18:16 bJetMatcher.py
-rw-r--r--  1 shardulr fnalgrid    0 Jun 27 18:16 docker_stderror
drwxrwxrwt  3 shardulr fnalgrid 4.0K Jun 27 18:16 var
drwxrwxrwt  2 shardulr fnalgrid 4.0K Jun 27 18:16 tmp
-rw-r--r--  1 shardulr fnalgrid  13K Jun 27 18:16 .update.ad
drwxr-xr-x  3 root     root     4.0K Jun 27 18:16 ..
srwxr-xr-x  1 shardulr fnalgrid    0 Jun 27 18:16 .docker_sock
-rw-r--r--  1 shardulr fnalgrid  113 Jun 27 18:16 _condor_stderr
drwx------  7 shardulr fnalgrid 4.0K Jun 27 18:16 .
drwxr-xr-x 17 shardulr fnalgrid 4.0K Jun 27 18:16 CMSSW_10_6_19_patch2
-rw-r--r--  1 shardulr fnalgrid  452 Jun 27 18:16 _condor_stdout
/storage/local/data1/condor/execute/dir_55424/CMSSW_10_6_19_patch2 is the CMSSW we created on the local worker node
Running over Data2018 files
Blinding data, only using CR cuts (0 loose b's)
Using UL 2018 campaign working points
Pre-select 28072 entries out of 216849 (12.95%)
Processed    10000/   28072 entries, 35.62% (elapsed time    27.8s, curr speed    0.360 kHz, avg speed    0.360 kHz), accepted     1456/   10001 events (14.56%)
Processed    20000/   28072 entries, 71.25% (elapsed time    56.3s, curr speed    0.351 kHz, avg speed    0.355 kHz), accepted     2981/   20001 events (14.90%)
Processed 28072 preselected entries from root://cmsxrootd.fnal.gov//store/data/Run2018A/JetHT/NANOAOD/UL2018_MiniAODv2_NanoAODv9-v2/100000/F7224D2C-0676-8643-8010-055F7B3CEEF6.root (216849 entries). Finally selected 3802 entries
Total time 80.3 sec. to process 216849 events. Rate = 2701.9 Hz.
Running pwd:
/storage/local/data1/condor/execute/dir_55424
Running ls -alrth:
total 172K
-rw-r--r--  1 shardulr fnalgrid 5.1K Jun 27 18:16 .job.ad
-rw-r--r--  1 shardulr fnalgrid  13K Jun 27 18:16 .machine.ad
-rwx------  1 shardulr fnalgrid   49 Jun 27 18:16 .chirp.config
-rw-------  1 shardulr fnalgrid  11K Jun 27 18:16 x509up
drwxr-xr-x  2 shardulr fnalgrid 4.0K Jun 27 18:16 samples
-rw-r--r--  1 shardulr fnalgrid  62K Jun 27 18:16 singleStopAnalyzer.py
-rwxr-xr-x  1 shardulr fnalgrid  697 Jun 27 18:16 condor_exec.exe
-rw-r--r--  1 shardulr fnalgrid  951 Jun 27 18:16 bJetMatcher.py
-rw-r--r--  1 shardulr fnalgrid    0 Jun 27 18:16 docker_stderror
drwxrwxrwt  3 shardulr fnalgrid 4.0K Jun 27 18:16 var
drwxrwxrwt  2 shardulr fnalgrid 4.0K Jun 27 18:16 tmp
drwxr-xr-x  3 root     root     4.0K Jun 27 18:16 ..
srwxr-xr-x  1 shardulr fnalgrid    0 Jun 27 18:16 .docker_sock
drwxr-xr-x 17 shardulr fnalgrid 4.0K Jun 27 18:16 CMSSW_10_6_19_patch2
drwxr-xr-x  2 shardulr fnalgrid 4.0K Jun 27 18:16 framework
-rw-r--r--  1 shardulr fnalgrid 1.7K Jun 27 18:16 bJetMatcher.pyc
drwxr-xr-x  3 shardulr fnalgrid 4.0K Jun 27 18:16 output
-rw-r--r--  1 shardulr fnalgrid  215 Jun 27 18:16 _condor_stderr
-rw-r--r--  1 shardulr fnalgrid  13K Jun 27 18:17 .update.ad
drwx------  8 shardulr fnalgrid 4.0K Jun 27 18:17 .
-rw-r--r--  1 shardulr fnalgrid 2.6K Jun 27 18:17 _condor_stdout
