[FERMIHTC-APPTAINER]: INFO -- No Apptainer image specified
[FERMIHTC-APPTAINER]: INFO -- Running job on the host machine

[FERMIHTC-APPTAINER]: INFO -- Running ./condor_exec.exe
Starting job on  Tue Jun 27 18:30:40 UTC 2023
Running on: Linux shardulr-2169568-471-cmswn2070.fnal.gov 3.10.0-1160.90.1.el7.x86_64 #1 SMP Thu Apr 27 13:14:20 CDT 2023 x86_64 x86_64 x86_64 GNU/Linux
System software: Scientific Linux release 7.9 (Nitrogen)
Running ls -alrth:
total 164K
-rw-r--r--  1 shardulr fnalgrid  13K Jun 27 18:30 .machine.ad
-rw-r--r--  1 shardulr fnalgrid 5.0K Jun 27 18:30 .job.ad
-rwx------  1 shardulr fnalgrid   49 Jun 27 18:30 .chirp.config
-rw-------  1 shardulr fnalgrid  11K Jun 27 18:30 x509up
drwxr-xr-x  2 shardulr fnalgrid 4.0K Jun 27 18:30 samples
drwxr-xr-x  2 shardulr fnalgrid 4.0K Jun 27 18:30 framework
-rw-r--r--  1 shardulr fnalgrid  62K Jun 27 18:30 singleStopAnalyzer.py
-rwxr-xr-x  1 shardulr fnalgrid  698 Jun 27 18:30 condor_exec.exe
-rw-r--r--  1 shardulr fnalgrid  951 Jun 27 18:30 bJetMatcher.py
-rw-r--r--  1 shardulr fnalgrid    0 Jun 27 18:30 docker_stderror
drwxrwxrwt  3 shardulr fnalgrid 4.0K Jun 27 18:30 var
drwxrwxrwt  2 shardulr fnalgrid 4.0K Jun 27 18:30 tmp
drwxr-xr-x  3 root     root     4.0K Jun 27 18:30 ..
srwxr-xr-x  1 shardulr fnalgrid    0 Jun 27 18:30 .docker_sock
-rw-r--r--  1 shardulr fnalgrid  13K Jun 27 18:30 .update.ad
-rw-r--r--  1 shardulr fnalgrid  113 Jun 27 18:30 _condor_stderr
drwx------  7 shardulr fnalgrid 4.0K Jun 27 18:30 .
drwxr-xr-x 17 shardulr fnalgrid 4.0K Jun 27 18:30 CMSSW_10_6_19_patch2
-rw-r--r--  1 shardulr fnalgrid  453 Jun 27 18:30 _condor_stdout
/storage/local/data1/condor/execute/dir_58316/CMSSW_10_6_19_patch2 is the CMSSW we created on the local worker node
Running over Data2018 files
Blinding data, only using CR cuts (0 loose b's)
Using UL 2018 campaign working points
Pre-select 81961 entries out of 577677 (14.19%)
Processed    10000/   81961 entries, 12.20% (elapsed time    25.7s, curr speed    0.389 kHz, avg speed    0.389 kHz), accepted     1323/   10001 events (13.23%)
Processed    20000/   81961 entries, 24.40% (elapsed time    47.2s, curr speed    0.466 kHz, avg speed    0.424 kHz), accepted     2597/   20001 events (12.98%)
Processed    30000/   81961 entries, 36.60% (elapsed time    69.4s, curr speed    0.449 kHz, avg speed    0.432 kHz), accepted     3915/   30001 events (13.05%)
Processed    40000/   81961 entries, 48.80% (elapsed time    91.1s, curr speed    0.460 kHz, avg speed    0.439 kHz), accepted     5259/   40001 events (13.15%)
Processed    50000/   81961 entries, 61.00% (elapsed time   114.6s, curr speed    0.427 kHz, avg speed    0.436 kHz), accepted     6826/   50001 events (13.65%)
Processed    60000/   81961 entries, 73.21% (elapsed time   137.7s, curr speed    0.433 kHz, avg speed    0.436 kHz), accepted     8450/   60001 events (14.08%)
Processed    70000/   81961 entries, 85.41% (elapsed time   160.6s, curr speed    0.435 kHz, avg speed    0.436 kHz), accepted    10083/   70001 events (14.40%)
Processed    80000/   81961 entries, 97.61% (elapsed time   182.6s, curr speed    0.456 kHz, avg speed    0.438 kHz), accepted    11609/   80001 events (14.51%)
Processed 81961 preselected entries from root://cmsxrootd.fnal.gov//store/data/Run2018D/JetHT/NANOAOD/UL2018_MiniAODv2_NanoAODv9-v2/2430000/02405CFC-7BCA-CC4E-AE29-BD491E484E80.root (577677 entries). Finally selected 11886 entries
Total time 193.3 sec. to process 577677 events. Rate = 2988.8 Hz.
Running pwd:
/storage/local/data1/condor/execute/dir_58316
Running ls -alrth:
total 172K
-rw-r--r--  1 shardulr fnalgrid  13K Jun 27 18:30 .machine.ad
-rw-r--r--  1 shardulr fnalgrid 5.0K Jun 27 18:30 .job.ad
-rwx------  1 shardulr fnalgrid   49 Jun 27 18:30 .chirp.config
-rw-------  1 shardulr fnalgrid  11K Jun 27 18:30 x509up
drwxr-xr-x  2 shardulr fnalgrid 4.0K Jun 27 18:30 samples
-rw-r--r--  1 shardulr fnalgrid  62K Jun 27 18:30 singleStopAnalyzer.py
-rwxr-xr-x  1 shardulr fnalgrid  698 Jun 27 18:30 condor_exec.exe
-rw-r--r--  1 shardulr fnalgrid  951 Jun 27 18:30 bJetMatcher.py
-rw-r--r--  1 shardulr fnalgrid    0 Jun 27 18:30 docker_stderror
drwxrwxrwt  3 shardulr fnalgrid 4.0K Jun 27 18:30 var
drwxrwxrwt  2 shardulr fnalgrid 4.0K Jun 27 18:30 tmp
drwxr-xr-x  3 root     root     4.0K Jun 27 18:30 ..
srwxr-xr-x  1 shardulr fnalgrid    0 Jun 27 18:30 .docker_sock
drwxr-xr-x 17 shardulr fnalgrid 4.0K Jun 27 18:30 CMSSW_10_6_19_patch2
drwxr-xr-x  2 shardulr fnalgrid 4.0K Jun 27 18:30 framework
-rw-r--r--  1 shardulr fnalgrid 1.7K Jun 27 18:30 bJetMatcher.pyc
drwxr-xr-x  3 shardulr fnalgrid 4.0K Jun 27 18:30 output
-rw-r--r--  1 shardulr fnalgrid  215 Jun 27 18:30 _condor_stderr
-rw-r--r--  1 shardulr fnalgrid  13K Jun 27 18:33 .update.ad
drwx------  8 shardulr fnalgrid 4.0K Jun 27 18:33 .
-rw-r--r--  1 shardulr fnalgrid 3.5K Jun 27 18:34 _condor_stdout
