[FERMIHTC-APPTAINER]: INFO -- No Apptainer image specified
[FERMIHTC-APPTAINER]: INFO -- Running job on the host machine

[FERMIHTC-APPTAINER]: INFO -- Running ./condor_exec.exe
Starting job on  Tue Jun 27 18:30:19 UTC 2023
Running on: Linux shardulr-2169568-433-cmswn2025.fnal.gov 3.10.0-1160.90.1.el7.x86_64 #1 SMP Thu Apr 27 13:14:20 CDT 2023 x86_64 x86_64 x86_64 GNU/Linux
System software: Scientific Linux release 7.9 (Nitrogen)
Running ls -alrth:
total 164K
-rw-r--r--  1 shardulr fnalgrid 5.0K Jun 27 18:30 .job.ad
-rw-r--r--  1 shardulr fnalgrid  13K Jun 27 18:30 .machine.ad
-rwx------  1 shardulr fnalgrid   49 Jun 27 18:30 .chirp.config
-rw-------  1 shardulr fnalgrid  11K Jun 27 18:30 x509up
drwxr-xr-x  2 shardulr fnalgrid 4.0K Jun 27 18:30 samples
drwxr-xr-x  2 shardulr fnalgrid 4.0K Jun 27 18:30 framework
-rw-r--r--  1 shardulr fnalgrid  62K Jun 27 18:30 singleStopAnalyzer.py
-rw-r--r--  1 shardulr fnalgrid  951 Jun 27 18:30 bJetMatcher.py
-rwxr-xr-x  1 shardulr fnalgrid  698 Jun 27 18:30 condor_exec.exe
-rw-r--r--  1 shardulr fnalgrid    0 Jun 27 18:30 docker_stderror
drwxrwxrwt  3 shardulr fnalgrid 4.0K Jun 27 18:30 var
drwxrwxrwt  2 shardulr fnalgrid 4.0K Jun 27 18:30 tmp
-rw-r--r--  1 shardulr fnalgrid  13K Jun 27 18:30 .update.ad
drwxr-xr-x  3 root     root     4.0K Jun 27 18:30 ..
srwxr-xr-x  1 shardulr fnalgrid    0 Jun 27 18:30 .docker_sock
-rw-r--r--  1 shardulr fnalgrid  113 Jun 27 18:30 _condor_stderr
drwx------  7 shardulr fnalgrid 4.0K Jun 27 18:30 .
drwxr-xr-x 17 shardulr fnalgrid 4.0K Jun 27 18:30 CMSSW_10_6_19_patch2
-rw-r--r--  1 shardulr fnalgrid  453 Jun 27 18:30 _condor_stdout
/storage/local/data1/condor/execute/dir_31978/CMSSW_10_6_19_patch2 is the CMSSW we created on the local worker node
Running over Data2018 files
Blinding data, only using CR cuts (0 loose b's)
Using UL 2018 campaign working points
Pre-select 185263 entries out of 1266293 (14.63%)
Processed    10000/  185263 entries,  5.40% (elapsed time    24.2s, curr speed    0.414 kHz, avg speed    0.414 kHz), accepted     1534/   10001 events (15.34%)
Processed    20000/  185263 entries, 10.80% (elapsed time    48.6s, curr speed    0.409 kHz, avg speed    0.411 kHz), accepted     3037/   20001 events (15.18%)
Processed    30000/  185263 entries, 16.19% (elapsed time    73.3s, curr speed    0.405 kHz, avg speed    0.409 kHz), accepted     4571/   30001 events (15.24%)
Processed    40000/  185263 entries, 21.59% (elapsed time    98.2s, curr speed    0.401 kHz, avg speed    0.407 kHz), accepted     6119/   40001 events (15.30%)
Processed    50000/  185263 entries, 26.99% (elapsed time   122.1s, curr speed    0.419 kHz, avg speed    0.410 kHz), accepted     7540/   50001 events (15.08%)
Processed    60000/  185263 entries, 32.39% (elapsed time   145.0s, curr speed    0.436 kHz, avg speed    0.414 kHz), accepted     8745/   60001 events (14.57%)
Processed    70000/  185263 entries, 37.78% (elapsed time   169.0s, curr speed    0.417 kHz, avg speed    0.414 kHz), accepted    10057/   70001 events (14.37%)
Processed    80000/  185263 entries, 43.18% (elapsed time   193.9s, curr speed    0.401 kHz, avg speed    0.413 kHz), accepted    11526/   80001 events (14.41%)
Processed    90000/  185263 entries, 48.58% (elapsed time   219.2s, curr speed    0.395 kHz, avg speed    0.411 kHz), accepted    13032/   90001 events (14.48%)
Processed   100000/  185263 entries, 53.98% (elapsed time   244.2s, curr speed    0.401 kHz, avg speed    0.410 kHz), accepted    14527/  100001 events (14.53%)
Processed   110000/  185263 entries, 59.38% (elapsed time   269.5s, curr speed    0.395 kHz, avg speed    0.408 kHz), accepted    16104/  110001 events (14.64%)
Processed   120000/  185263 entries, 64.77% (elapsed time   294.8s, curr speed    0.395 kHz, avg speed    0.407 kHz), accepted    17614/  120001 events (14.68%)
Processed   130000/  185263 entries, 70.17% (elapsed time   320.2s, curr speed    0.393 kHz, avg speed    0.406 kHz), accepted    19166/  130001 events (14.74%)
Processed   140000/  185263 entries, 75.57% (elapsed time   347.7s, curr speed    0.364 kHz, avg speed    0.403 kHz), accepted    20883/  140001 events (14.92%)
Processed   150000/  185263 entries, 80.97% (elapsed time   375.5s, curr speed    0.360 kHz, avg speed    0.400 kHz), accepted    22590/  150001 events (15.06%)
Processed   160000/  185263 entries, 86.36% (elapsed time   403.3s, curr speed    0.359 kHz, avg speed    0.397 kHz), accepted    24357/  160001 events (15.22%)
Processed   170000/  185263 entries, 91.76% (elapsed time   431.9s, curr speed    0.350 kHz, avg speed    0.394 kHz), accepted    26232/  170001 events (15.43%)
Processed   180000/  185263 entries, 97.16% (elapsed time   460.9s, curr speed    0.344 kHz, avg speed    0.391 kHz), accepted    28082/  180001 events (15.60%)
Processed 185263 preselected entries from root://cmsxrootd.fnal.gov//store/data/Run2018D/JetHT/NANOAOD/UL2018_MiniAODv2_NanoAODv9-v2/80000/32E46649-2C45-D840-9985-01D5026036A9.root (1266293 entries). Finally selected 29049 entries
Total time 484.1 sec. to process 1266293 events. Rate = 2615.9 Hz.
Running pwd:
/storage/local/data1/condor/execute/dir_31978
Running ls -alrth:
total 176K
-rw-r--r--  1 shardulr fnalgrid 5.0K Jun 27 18:30 .job.ad
-rw-r--r--  1 shardulr fnalgrid  13K Jun 27 18:30 .machine.ad
-rwx------  1 shardulr fnalgrid   49 Jun 27 18:30 .chirp.config
-rw-------  1 shardulr fnalgrid  11K Jun 27 18:30 x509up
drwxr-xr-x  2 shardulr fnalgrid 4.0K Jun 27 18:30 samples
-rw-r--r--  1 shardulr fnalgrid  62K Jun 27 18:30 singleStopAnalyzer.py
-rw-r--r--  1 shardulr fnalgrid  951 Jun 27 18:30 bJetMatcher.py
-rwxr-xr-x  1 shardulr fnalgrid  698 Jun 27 18:30 condor_exec.exe
-rw-r--r--  1 shardulr fnalgrid    0 Jun 27 18:30 docker_stderror
drwxrwxrwt  3 shardulr fnalgrid 4.0K Jun 27 18:30 var
drwxrwxrwt  2 shardulr fnalgrid 4.0K Jun 27 18:30 tmp
drwxr-xr-x  3 root     root     4.0K Jun 27 18:30 ..
srwxr-xr-x  1 shardulr fnalgrid    0 Jun 27 18:30 .docker_sock
drwxr-xr-x 17 shardulr fnalgrid 4.0K Jun 27 18:30 CMSSW_10_6_19_patch2
drwxr-xr-x  2 shardulr fnalgrid 4.0K Jun 27 18:30 framework
-rw-r--r--  1 shardulr fnalgrid 1.7K Jun 27 18:30 bJetMatcher.pyc
drwxr-xr-x  3 shardulr fnalgrid 4.0K Jun 27 18:30 output
-rw-r--r--  1 shardulr fnalgrid  215 Jun 27 18:30 _condor_stderr
-rw-r--r--  1 shardulr fnalgrid  13K Jun 27 18:38 .update.ad
drwx------  8 shardulr fnalgrid 4.0K Jun 27 18:38 .
-rw-r--r--  1 shardulr fnalgrid 5.1K Jun 27 18:38 _condor_stdout
