[FERMIHTC-APPTAINER]: INFO -- No Apptainer image specified
[FERMIHTC-APPTAINER]: INFO -- Running job on the host machine

[FERMIHTC-APPTAINER]: INFO -- Running ./condor_exec.exe
Starting job on  Tue Jun 27 18:21:43 UTC 2023
Running on: Linux shardulr-2169568-67-cmswn2102.fnal.gov 3.10.0-1160.90.1.el7.x86_64 #1 SMP Thu Apr 27 13:14:20 CDT 2023 x86_64 x86_64 x86_64 GNU/Linux
System software: Scientific Linux release 7.9 (Nitrogen)
Running ls -alrth:
total 156K
-rw-r--r--  1 shardulr fnalgrid  12K Jun 27 18:21 .machine.ad
-rw-r--r--  1 shardulr fnalgrid 5.0K Jun 27 18:21 .job.ad
-rwx------  1 shardulr fnalgrid   49 Jun 27 18:21 .chirp.config
-rw-------  1 shardulr fnalgrid  11K Jun 27 18:21 x509up
drwxr-xr-x  2 shardulr fnalgrid 4.0K Jun 27 18:21 samples
drwxr-xr-x  2 shardulr fnalgrid 4.0K Jun 27 18:21 framework
-rw-r--r--  1 shardulr fnalgrid  62K Jun 27 18:21 singleStopAnalyzer.py
-rwxr-xr-x  1 shardulr fnalgrid  697 Jun 27 18:21 condor_exec.exe
-rw-r--r--  1 shardulr fnalgrid  951 Jun 27 18:21 bJetMatcher.py
-rw-r--r--  1 shardulr fnalgrid    0 Jun 27 18:21 docker_stderror
drwxrwxrwt  3 shardulr fnalgrid 4.0K Jun 27 18:21 var
drwxrwxrwt  2 shardulr fnalgrid 4.0K Jun 27 18:21 tmp
-rw-r--r--  1 shardulr fnalgrid  12K Jun 27 18:21 .update.ad
drwxr-xr-x  3 root     root     4.0K Jun 27 18:21 ..
srwxr-xr-x  1 shardulr fnalgrid    0 Jun 27 18:21 .docker_sock
-rw-r--r--  1 shardulr fnalgrid  113 Jun 27 18:21 _condor_stderr
drwx------  7 shardulr fnalgrid 4.0K Jun 27 18:21 .
drwxr-xr-x 17 shardulr fnalgrid 4.0K Jun 27 18:21 CMSSW_10_6_19_patch2
-rw-r--r--  1 shardulr fnalgrid  452 Jun 27 18:21 _condor_stdout
/storage/local/data1/condor/execute/dir_339/CMSSW_10_6_19_patch2 is the CMSSW we created on the local worker node
Running over Data2018 files
Blinding data, only using CR cuts (0 loose b's)
Using UL 2018 campaign working points
Pre-select 147779 entries out of 1142762 (12.93%)
Processed    10000/  147779 entries,  6.77% (elapsed time    24.9s, curr speed    0.402 kHz, avg speed    0.402 kHz), accepted     1291/   10001 events (12.91%)
Processed    20000/  147779 entries, 13.53% (elapsed time    48.8s, curr speed    0.419 kHz, avg speed    0.410 kHz), accepted     2600/   20001 events (13.00%)
Processed    30000/  147779 entries, 20.30% (elapsed time    73.0s, curr speed    0.413 kHz, avg speed    0.411 kHz), accepted     4068/   30001 events (13.56%)
Processed    40000/  147779 entries, 27.07% (elapsed time    95.8s, curr speed    0.438 kHz, avg speed    0.418 kHz), accepted     5386/   40001 events (13.46%)
Processed    50000/  147779 entries, 33.83% (elapsed time   120.0s, curr speed    0.414 kHz, avg speed    0.417 kHz), accepted     6817/   50001 events (13.63%)
Processed    60000/  147779 entries, 40.60% (elapsed time   144.4s, curr speed    0.409 kHz, avg speed    0.415 kHz), accepted     8342/   60001 events (13.90%)
Processed    70000/  147779 entries, 47.37% (elapsed time   168.5s, curr speed    0.415 kHz, avg speed    0.415 kHz), accepted     9789/   70001 events (13.98%)
Processed    80000/  147779 entries, 54.13% (elapsed time   192.8s, curr speed    0.413 kHz, avg speed    0.415 kHz), accepted    11248/   80001 events (14.06%)
Processed    90000/  147779 entries, 60.90% (elapsed time   215.9s, curr speed    0.431 kHz, avg speed    0.417 kHz), accepted    12622/   90001 events (14.02%)
Processed   100000/  147779 entries, 67.67% (elapsed time   239.8s, curr speed    0.420 kHz, avg speed    0.417 kHz), accepted    14041/  100001 events (14.04%)
Processed   110000/  147779 entries, 74.44% (elapsed time   262.4s, curr speed    0.442 kHz, avg speed    0.419 kHz), accepted    15262/  110001 events (13.87%)
Processed   120000/  147779 entries, 81.20% (elapsed time   286.3s, curr speed    0.419 kHz, avg speed    0.419 kHz), accepted    16708/  120001 events (13.92%)
Processed   130000/  147779 entries, 87.97% (elapsed time   309.3s, curr speed    0.434 kHz, avg speed    0.420 kHz), accepted    18060/  130001 events (13.89%)
Processed   140000/  147779 entries, 94.74% (elapsed time   333.3s, curr speed    0.416 kHz, avg speed    0.420 kHz), accepted    19634/  140001 events (14.02%)
Processed 147779 preselected entries from root://cmsxrootd.fnal.gov//store/data/Run2018A/JetHT/NANOAOD/UL2018_MiniAODv2_NanoAODv9-v2/250000/0E21B14E-3A72-B544-8462-FC6E88E6D2A1.root (1142762 entries). Finally selected 20748 entries
Total time 358.9 sec. to process 1142762 events. Rate = 3183.7 Hz.
Running pwd:
/storage/local/data1/condor/execute/dir_339
Running ls -alrth:
total 168K
-rw-r--r--  1 shardulr fnalgrid  12K Jun 27 18:21 .machine.ad
-rw-r--r--  1 shardulr fnalgrid 5.0K Jun 27 18:21 .job.ad
-rwx------  1 shardulr fnalgrid   49 Jun 27 18:21 .chirp.config
-rw-------  1 shardulr fnalgrid  11K Jun 27 18:21 x509up
drwxr-xr-x  2 shardulr fnalgrid 4.0K Jun 27 18:21 samples
-rw-r--r--  1 shardulr fnalgrid  62K Jun 27 18:21 singleStopAnalyzer.py
-rwxr-xr-x  1 shardulr fnalgrid  697 Jun 27 18:21 condor_exec.exe
-rw-r--r--  1 shardulr fnalgrid  951 Jun 27 18:21 bJetMatcher.py
-rw-r--r--  1 shardulr fnalgrid    0 Jun 27 18:21 docker_stderror
drwxrwxrwt  3 shardulr fnalgrid 4.0K Jun 27 18:21 var
drwxrwxrwt  2 shardulr fnalgrid 4.0K Jun 27 18:21 tmp
drwxr-xr-x  3 root     root     4.0K Jun 27 18:21 ..
srwxr-xr-x  1 shardulr fnalgrid    0 Jun 27 18:21 .docker_sock
drwxr-xr-x 17 shardulr fnalgrid 4.0K Jun 27 18:21 CMSSW_10_6_19_patch2
drwxr-xr-x  2 shardulr fnalgrid 4.0K Jun 27 18:21 framework
-rw-r--r--  1 shardulr fnalgrid 1.7K Jun 27 18:21 bJetMatcher.pyc
drwxr-xr-x  3 shardulr fnalgrid 4.0K Jun 27 18:21 output
-rw-r--r--  1 shardulr fnalgrid  215 Jun 27 18:21 _condor_stderr
-rw-r--r--  1 shardulr fnalgrid  12K Jun 27 18:23 .update.ad
drwx------  8 shardulr fnalgrid 4.0K Jun 27 18:23 .
-rw-r--r--  1 shardulr fnalgrid 4.5K Jun 27 18:27 _condor_stdout
