[FERMIHTC-APPTAINER]: INFO -- No Apptainer image specified
[FERMIHTC-APPTAINER]: INFO -- Running job on the host machine

[FERMIHTC-APPTAINER]: INFO -- Running ./condor_exec.exe
Starting job on  Tue Jun 27 18:23:35 UTC 2023
Running on: Linux shardulr-2169568-94-cmswn2047.fnal.gov 3.10.0-1160.90.1.el7.x86_64 #1 SMP Thu Apr 27 13:14:20 CDT 2023 x86_64 x86_64 x86_64 GNU/Linux
System software: Scientific Linux release 7.9 (Nitrogen)
Running ls -alrth:
total 156K
-rw-r--r--  1 shardulr fnalgrid 5.0K Jun 27 18:23 .job.ad
-rw-r--r--  1 shardulr fnalgrid  12K Jun 27 18:23 .machine.ad
-rwx------  1 shardulr fnalgrid   49 Jun 27 18:23 .chirp.config
-rw-------  1 shardulr fnalgrid  11K Jun 27 18:23 x509up
drwxr-xr-x  2 shardulr fnalgrid 4.0K Jun 27 18:23 samples
drwxr-xr-x  2 shardulr fnalgrid 4.0K Jun 27 18:23 framework
-rw-r--r--  1 shardulr fnalgrid  62K Jun 27 18:23 singleStopAnalyzer.py
-rw-r--r--  1 shardulr fnalgrid  951 Jun 27 18:23 bJetMatcher.py
-rwxr-xr-x  1 shardulr fnalgrid  697 Jun 27 18:23 condor_exec.exe
-rw-r--r--  1 shardulr fnalgrid    0 Jun 27 18:23 docker_stderror
drwxrwxrwt  3 shardulr fnalgrid 4.0K Jun 27 18:23 var
drwxrwxrwt  2 shardulr fnalgrid 4.0K Jun 27 18:23 tmp
-rw-r--r--  1 shardulr fnalgrid  12K Jun 27 18:23 .update.ad
drwxr-xr-x  3 root     root     4.0K Jun 27 18:23 ..
srwxr-xr-x  1 shardulr fnalgrid    0 Jun 27 18:23 .docker_sock
-rw-r--r--  1 shardulr fnalgrid  113 Jun 27 18:23 _condor_stderr
drwx------  7 shardulr fnalgrid 4.0K Jun 27 18:23 .
drwxr-xr-x 17 shardulr fnalgrid 4.0K Jun 27 18:23 CMSSW_10_6_19_patch2
-rw-r--r--  1 shardulr fnalgrid  452 Jun 27 18:23 _condor_stdout
/storage/local/data1/condor/execute/dir_43288/CMSSW_10_6_19_patch2 is the CMSSW we created on the local worker node
Running over Data2018 files
Blinding data, only using CR cuts (0 loose b's)
Using UL 2018 campaign working points
Pre-select 179263 entries out of 1376302 (13.02%)
Processed    10000/  179263 entries,  5.58% (elapsed time    24.2s, curr speed    0.413 kHz, avg speed    0.413 kHz), accepted     1326/   10001 events (13.26%)
Processed    20000/  179263 entries, 11.16% (elapsed time    47.9s, curr speed    0.422 kHz, avg speed    0.418 kHz), accepted     2601/   20001 events (13.00%)
Processed    30000/  179263 entries, 16.74% (elapsed time    70.8s, curr speed    0.436 kHz, avg speed    0.424 kHz), accepted     3839/   30001 events (12.80%)
Processed    40000/  179263 entries, 22.31% (elapsed time    94.3s, curr speed    0.427 kHz, avg speed    0.424 kHz), accepted     5176/   40001 events (12.94%)
Processed    50000/  179263 entries, 27.89% (elapsed time   117.5s, curr speed    0.430 kHz, avg speed    0.425 kHz), accepted     6338/   50001 events (12.68%)
Processed    60000/  179263 entries, 33.47% (elapsed time   141.5s, curr speed    0.417 kHz, avg speed    0.424 kHz), accepted     7551/   60001 events (12.58%)
Processed    70000/  179263 entries, 39.05% (elapsed time   165.2s, curr speed    0.422 kHz, avg speed    0.424 kHz), accepted     8748/   70001 events (12.50%)
Processed    80000/  179263 entries, 44.63% (elapsed time   188.5s, curr speed    0.428 kHz, avg speed    0.424 kHz), accepted     9947/   80001 events (12.43%)
Processed    90000/  179263 entries, 50.21% (elapsed time   212.2s, curr speed    0.422 kHz, avg speed    0.424 kHz), accepted    11171/   90001 events (12.41%)
Processed   100000/  179263 entries, 55.78% (elapsed time   235.7s, curr speed    0.426 kHz, avg speed    0.424 kHz), accepted    12384/  100001 events (12.38%)
Processed   110000/  179263 entries, 61.36% (elapsed time   260.7s, curr speed    0.400 kHz, avg speed    0.422 kHz), accepted    13878/  110001 events (12.62%)
Processed   120000/  179263 entries, 66.94% (elapsed time   285.5s, curr speed    0.403 kHz, avg speed    0.420 kHz), accepted    15444/  120001 events (12.87%)
Processed   130000/  179263 entries, 72.52% (elapsed time   311.7s, curr speed    0.383 kHz, avg speed    0.417 kHz), accepted    17098/  130001 events (13.15%)
Processed   140000/  179263 entries, 78.10% (elapsed time   334.6s, curr speed    0.436 kHz, avg speed    0.418 kHz), accepted    18448/  140001 events (13.18%)
Processed   150000/  179263 entries, 83.68% (elapsed time   360.2s, curr speed    0.390 kHz, avg speed    0.416 kHz), accepted    20056/  150001 events (13.37%)
Processed   160000/  179263 entries, 89.25% (elapsed time   386.6s, curr speed    0.379 kHz, avg speed    0.414 kHz), accepted    21657/  160001 events (13.54%)
Processed   170000/  179263 entries, 94.83% (elapsed time   412.4s, curr speed    0.387 kHz, avg speed    0.412 kHz), accepted    23290/  170001 events (13.70%)
Processed 179263 preselected entries from root://cmsxrootd.fnal.gov//store/data/Run2018A/JetHT/NANOAOD/UL2018_MiniAODv2_NanoAODv9-v2/250000/A546C277-19C1-3549-8318-CDFA39D1DA51.root (1376302 entries). Finally selected 24779 entries
Total time 444.6 sec. to process 1376302 events. Rate = 3095.3 Hz.
Running pwd:
/storage/local/data1/condor/execute/dir_43288
Running ls -alrth:
total 172K
-rw-r--r--  1 shardulr fnalgrid 5.0K Jun 27 18:23 .job.ad
-rw-r--r--  1 shardulr fnalgrid  12K Jun 27 18:23 .machine.ad
-rwx------  1 shardulr fnalgrid   49 Jun 27 18:23 .chirp.config
-rw-------  1 shardulr fnalgrid  11K Jun 27 18:23 x509up
drwxr-xr-x  2 shardulr fnalgrid 4.0K Jun 27 18:23 samples
-rw-r--r--  1 shardulr fnalgrid  62K Jun 27 18:23 singleStopAnalyzer.py
-rw-r--r--  1 shardulr fnalgrid  951 Jun 27 18:23 bJetMatcher.py
-rwxr-xr-x  1 shardulr fnalgrid  697 Jun 27 18:23 condor_exec.exe
-rw-r--r--  1 shardulr fnalgrid    0 Jun 27 18:23 docker_stderror
drwxrwxrwt  3 shardulr fnalgrid 4.0K Jun 27 18:23 var
drwxrwxrwt  2 shardulr fnalgrid 4.0K Jun 27 18:23 tmp
drwxr-xr-x  3 root     root     4.0K Jun 27 18:23 ..
srwxr-xr-x  1 shardulr fnalgrid    0 Jun 27 18:23 .docker_sock
drwxr-xr-x 17 shardulr fnalgrid 4.0K Jun 27 18:23 CMSSW_10_6_19_patch2
drwxr-xr-x  2 shardulr fnalgrid 4.0K Jun 27 18:23 framework
-rw-r--r--  1 shardulr fnalgrid 1.7K Jun 27 18:23 bJetMatcher.pyc
drwxr-xr-x  3 shardulr fnalgrid 4.0K Jun 27 18:23 output
-rw-r--r--  1 shardulr fnalgrid  215 Jun 27 18:23 _condor_stderr
-rw-r--r--  1 shardulr fnalgrid  13K Jun 27 18:30 .update.ad
drwx------  8 shardulr fnalgrid 4.0K Jun 27 18:30 .
-rw-r--r--  1 shardulr fnalgrid 5.0K Jun 27 18:31 _condor_stdout
