[FERMIHTC-APPTAINER]: INFO -- No Apptainer image specified
[FERMIHTC-APPTAINER]: INFO -- Running job on the host machine

[FERMIHTC-APPTAINER]: INFO -- Running ./condor_exec.exe
Starting job on  Tue Jun 27 18:29:37 UTC 2023
Running on: Linux shardulr-2169568-250-cmswn2024.fnal.gov 3.10.0-1160.90.1.el7.x86_64 #1 SMP Thu Apr 27 13:14:20 CDT 2023 x86_64 x86_64 x86_64 GNU/Linux
System software: Scientific Linux release 7.9 (Nitrogen)
Running ls -alrth:
total 156K
-rw-r--r--  1 shardulr fnalgrid 5.0K Jun 27 18:29 .job.ad
-rw-r--r--  1 shardulr fnalgrid  12K Jun 27 18:29 .machine.ad
-rwx------  1 shardulr fnalgrid   49 Jun 27 18:29 .chirp.config
-rw-------  1 shardulr fnalgrid  11K Jun 27 18:29 x509up
drwxr-xr-x  2 shardulr fnalgrid 4.0K Jun 27 18:29 samples
-rw-r--r--  1 shardulr fnalgrid  62K Jun 27 18:29 singleStopAnalyzer.py
drwxr-xr-x  2 shardulr fnalgrid 4.0K Jun 27 18:29 framework
-rwxr-xr-x  1 shardulr fnalgrid  698 Jun 27 18:29 condor_exec.exe
-rw-r--r--  1 shardulr fnalgrid  951 Jun 27 18:29 bJetMatcher.py
-rw-r--r--  1 shardulr fnalgrid    0 Jun 27 18:29 docker_stderror
drwxrwxrwt  3 shardulr fnalgrid 4.0K Jun 27 18:29 var
drwxrwxrwt  2 shardulr fnalgrid 4.0K Jun 27 18:29 tmp
drwxr-xr-x  3 root     root     4.0K Jun 27 18:29 ..
srwxr-xr-x  1 shardulr fnalgrid    0 Jun 27 18:29 .docker_sock
-rw-r--r--  1 shardulr fnalgrid  12K Jun 27 18:29 .update.ad
-rw-r--r--  1 shardulr fnalgrid  113 Jun 27 18:29 _condor_stderr
drwx------  7 shardulr fnalgrid 4.0K Jun 27 18:29 .
drwxr-xr-x 17 shardulr fnalgrid 4.0K Jun 27 18:29 CMSSW_10_6_19_patch2
-rw-r--r--  1 shardulr fnalgrid  453 Jun 27 18:29 _condor_stdout
/storage/local/data1/condor/execute/dir_22233/CMSSW_10_6_19_patch2 is the CMSSW we created on the local worker node
Running over Data2018 files
Blinding data, only using CR cuts (0 loose b's)
Using UL 2018 campaign working points
Pre-select 184150 entries out of 1181221 (15.59%)
Processed    10000/  184150 entries,  5.43% (elapsed time    36.9s, curr speed    0.271 kHz, avg speed    0.271 kHz), accepted      439/   10001 events ( 4.39%)
Processed    20000/  184150 entries, 10.86% (elapsed time    60.6s, curr speed    0.422 kHz, avg speed    0.330 kHz), accepted     1898/   20001 events ( 9.49%)
Processed    30000/  184150 entries, 16.29% (elapsed time    83.2s, curr speed    0.442 kHz, avg speed    0.360 kHz), accepted     3134/   30001 events (10.45%)
Processed    40000/  184150 entries, 21.72% (elapsed time   108.0s, curr speed    0.404 kHz, avg speed    0.371 kHz), accepted     4693/   40001 events (11.73%)
Processed    50000/  184150 entries, 27.15% (elapsed time   130.6s, curr speed    0.441 kHz, avg speed    0.383 kHz), accepted     6013/   50001 events (12.03%)
Processed    60000/  184150 entries, 32.58% (elapsed time   156.0s, curr speed    0.395 kHz, avg speed    0.385 kHz), accepted     7636/   60001 events (12.73%)
Processed    70000/  184150 entries, 38.01% (elapsed time   181.8s, curr speed    0.388 kHz, avg speed    0.385 kHz), accepted     9308/   70001 events (13.30%)
Processed    80000/  184150 entries, 43.44% (elapsed time   206.4s, curr speed    0.407 kHz, avg speed    0.388 kHz), accepted    10807/   80001 events (13.51%)
Processed    90000/  184150 entries, 48.87% (elapsed time   227.9s, curr speed    0.464 kHz, avg speed    0.395 kHz), accepted    12335/   90001 events (13.71%)
Processed   100000/  184150 entries, 54.30% (elapsed time   244.8s, curr speed    0.591 kHz, avg speed    0.408 kHz), accepted    13288/  100001 events (13.29%)
Processed   110000/  184150 entries, 59.73% (elapsed time   265.2s, curr speed    0.490 kHz, avg speed    0.415 kHz), accepted    14704/  110001 events (13.37%)
Processed   120000/  184150 entries, 65.16% (elapsed time   285.8s, curr speed    0.485 kHz, avg speed    0.420 kHz), accepted    16145/  120001 events (13.45%)
Processed   130000/  184150 entries, 70.59% (elapsed time   306.7s, curr speed    0.480 kHz, avg speed    0.424 kHz), accepted    17613/  130001 events (13.55%)
Processed   140000/  184150 entries, 76.02% (elapsed time   327.1s, curr speed    0.490 kHz, avg speed    0.428 kHz), accepted    19064/  140001 events (13.62%)
Processed   150000/  184150 entries, 81.46% (elapsed time   347.7s, curr speed    0.484 kHz, avg speed    0.431 kHz), accepted    20632/  150001 events (13.75%)
Processed   160000/  184150 entries, 86.89% (elapsed time   368.2s, curr speed    0.490 kHz, avg speed    0.435 kHz), accepted    22128/  160001 events (13.83%)
Processed   170000/  184150 entries, 92.32% (elapsed time   388.8s, curr speed    0.485 kHz, avg speed    0.437 kHz), accepted    23626/  170001 events (13.90%)
Processed   180000/  184150 entries, 97.75% (elapsed time   407.7s, curr speed    0.530 kHz, avg speed    0.442 kHz), accepted    24895/  180001 events (13.83%)
Processed 184150 preselected entries from root://cmsxrootd.fnal.gov//store/data/Run2018D/JetHT/NANOAOD/UL2018_MiniAODv2_NanoAODv9-v2/2540000/0C5DD8DC-3A6F-464A-AB52-D47803129A7E.root (1181221 entries). Finally selected 25578 entries
Total time 423.7 sec. to process 1181221 events. Rate = 2787.6 Hz.
Running pwd:
/storage/local/data1/condor/execute/dir_22233
Running ls -alrth:
total 172K
-rw-r--r--  1 shardulr fnalgrid 5.0K Jun 27 18:29 .job.ad
-rw-r--r--  1 shardulr fnalgrid  12K Jun 27 18:29 .machine.ad
-rwx------  1 shardulr fnalgrid   49 Jun 27 18:29 .chirp.config
-rw-------  1 shardulr fnalgrid  11K Jun 27 18:29 x509up
drwxr-xr-x  2 shardulr fnalgrid 4.0K Jun 27 18:29 samples
-rw-r--r--  1 shardulr fnalgrid  62K Jun 27 18:29 singleStopAnalyzer.py
-rwxr-xr-x  1 shardulr fnalgrid  698 Jun 27 18:29 condor_exec.exe
-rw-r--r--  1 shardulr fnalgrid  951 Jun 27 18:29 bJetMatcher.py
-rw-r--r--  1 shardulr fnalgrid    0 Jun 27 18:29 docker_stderror
drwxrwxrwt  3 shardulr fnalgrid 4.0K Jun 27 18:29 var
drwxrwxrwt  2 shardulr fnalgrid 4.0K Jun 27 18:29 tmp
drwxr-xr-x  3 root     root     4.0K Jun 27 18:29 ..
srwxr-xr-x  1 shardulr fnalgrid    0 Jun 27 18:29 .docker_sock
drwxr-xr-x 17 shardulr fnalgrid 4.0K Jun 27 18:29 CMSSW_10_6_19_patch2
drwxr-xr-x  2 shardulr fnalgrid 4.0K Jun 27 18:29 framework
-rw-r--r--  1 shardulr fnalgrid 1.7K Jun 27 18:29 bJetMatcher.pyc
drwxr-xr-x  3 shardulr fnalgrid 4.0K Jun 27 18:29 output
-rw-r--r--  1 shardulr fnalgrid  215 Jun 27 18:29 _condor_stderr
-rw-r--r--  1 shardulr fnalgrid  13K Jun 27 18:34 .update.ad
drwx------  8 shardulr fnalgrid 4.0K Jun 27 18:34 .
-rw-r--r--  1 shardulr fnalgrid 5.1K Jun 27 18:36 _condor_stdout
