[FERMIHTC-APPTAINER]: INFO -- No Apptainer image specified
[FERMIHTC-APPTAINER]: INFO -- Running job on the host machine

[FERMIHTC-APPTAINER]: INFO -- Running ./condor_exec.exe
Starting job on  Tue Jun 27 18:29:38 UTC 2023
Running on: Linux shardulr-2169568-261-cmswn2034.fnal.gov 3.10.0-1160.90.1.el7.x86_64 #1 SMP Thu Apr 27 13:14:20 CDT 2023 x86_64 x86_64 x86_64 GNU/Linux
System software: Scientific Linux release 7.9 (Nitrogen)
Running ls -alrth:
total 156K
-rw-r--r--  1 shardulr fnalgrid 5.0K Jun 27 18:29 .job.ad
-rw-r--r--  1 shardulr fnalgrid  12K Jun 27 18:29 .machine.ad
-rwx------  1 shardulr fnalgrid   49 Jun 27 18:29 .chirp.config
-rw-------  1 shardulr fnalgrid  11K Jun 27 18:29 x509up
drwxr-xr-x  2 shardulr fnalgrid 4.0K Jun 27 18:29 samples
drwxr-xr-x  2 shardulr fnalgrid 4.0K Jun 27 18:29 framework
-rw-r--r--  1 shardulr fnalgrid  62K Jun 27 18:29 singleStopAnalyzer.py
-rwxr-xr-x  1 shardulr fnalgrid  698 Jun 27 18:29 condor_exec.exe
-rw-r--r--  1 shardulr fnalgrid  951 Jun 27 18:29 bJetMatcher.py
-rw-r--r--  1 shardulr fnalgrid    0 Jun 27 18:29 docker_stderror
drwxrwxrwt  3 shardulr fnalgrid 4.0K Jun 27 18:29 var
drwxrwxrwt  2 shardulr fnalgrid 4.0K Jun 27 18:29 tmp
drwxr-xr-x  3 root     root     4.0K Jun 27 18:29 ..
srwxr-xr-x  1 shardulr fnalgrid    0 Jun 27 18:29 .docker_sock
-rw-r--r--  1 shardulr fnalgrid  12K Jun 27 18:29 .update.ad
-rw-r--r--  1 shardulr fnalgrid  113 Jun 27 18:29 _condor_stderr
drwx------  7 shardulr fnalgrid 4.0K Jun 27 18:29 .
drwxr-xr-x 17 shardulr fnalgrid 4.0K Jun 27 18:29 CMSSW_10_6_19_patch2
-rw-r--r--  1 shardulr fnalgrid  453 Jun 27 18:29 _condor_stdout
/storage/local/data1/condor/execute/dir_30642/CMSSW_10_6_19_patch2 is the CMSSW we created on the local worker node
Running over Data2018 files
Blinding data, only using CR cuts (0 loose b's)
Using UL 2018 campaign working points
Pre-select 209298 entries out of 1398663 (14.96%)
Processed    10000/  209298 entries,  4.78% (elapsed time    26.1s, curr speed    0.383 kHz, avg speed    0.383 kHz), accepted     1362/   10001 events (13.62%)
Processed    20000/  209298 entries,  9.56% (elapsed time    50.0s, curr speed    0.419 kHz, avg speed    0.400 kHz), accepted     2724/   20001 events (13.62%)
Processed    30000/  209298 entries, 14.33% (elapsed time    71.4s, curr speed    0.467 kHz, avg speed    0.420 kHz), accepted     4113/   30001 events (13.71%)
Processed    40000/  209298 entries, 19.11% (elapsed time    91.3s, curr speed    0.502 kHz, avg speed    0.438 kHz), accepted     5333/   40001 events (13.33%)
Processed    50000/  209298 entries, 23.89% (elapsed time   111.1s, curr speed    0.507 kHz, avg speed    0.450 kHz), accepted     6535/   50001 events (13.07%)
Processed    60000/  209298 entries, 28.67% (elapsed time   131.5s, curr speed    0.488 kHz, avg speed    0.456 kHz), accepted     7745/   60001 events (12.91%)
Processed    70000/  209298 entries, 33.45% (elapsed time   152.9s, curr speed    0.468 kHz, avg speed    0.458 kHz), accepted     9280/   70001 events (13.26%)
Processed    80000/  209298 entries, 38.22% (elapsed time   174.3s, curr speed    0.469 kHz, avg speed    0.459 kHz), accepted    10654/   80001 events (13.32%)
Processed    90000/  209298 entries, 43.00% (elapsed time   194.2s, curr speed    0.503 kHz, avg speed    0.464 kHz), accepted    11845/   90001 events (13.16%)
Processed   100000/  209298 entries, 47.78% (elapsed time   214.6s, curr speed    0.489 kHz, avg speed    0.466 kHz), accepted    13235/  100001 events (13.23%)
Processed   110000/  209298 entries, 52.56% (elapsed time   236.2s, curr speed    0.464 kHz, avg speed    0.466 kHz), accepted    14654/  110001 events (13.32%)
Processed   120000/  209298 entries, 57.33% (elapsed time   255.2s, curr speed    0.525 kHz, avg speed    0.470 kHz), accepted    15758/  120001 events (13.13%)
Processed   130000/  209298 entries, 62.11% (elapsed time   275.0s, curr speed    0.504 kHz, avg speed    0.473 kHz), accepted    17070/  130001 events (13.13%)
Processed   140000/  209298 entries, 66.89% (elapsed time   295.9s, curr speed    0.480 kHz, avg speed    0.473 kHz), accepted    18356/  140001 events (13.11%)
Processed   150000/  209298 entries, 71.67% (elapsed time   316.2s, curr speed    0.493 kHz, avg speed    0.474 kHz), accepted    19644/  150001 events (13.10%)
Processed   160000/  209298 entries, 76.45% (elapsed time   337.5s, curr speed    0.468 kHz, avg speed    0.474 kHz), accepted    21085/  160001 events (13.18%)
Processed   170000/  209298 entries, 81.22% (elapsed time   360.3s, curr speed    0.438 kHz, avg speed    0.472 kHz), accepted    22721/  170001 events (13.37%)
Processed   180000/  209298 entries, 86.00% (elapsed time   383.0s, curr speed    0.441 kHz, avg speed    0.470 kHz), accepted    24351/  180001 events (13.53%)
Processed   190000/  209298 entries, 90.78% (elapsed time   406.2s, curr speed    0.432 kHz, avg speed    0.468 kHz), accepted    26012/  190001 events (13.69%)
Processed   200000/  209298 entries, 95.56% (elapsed time   429.5s, curr speed    0.428 kHz, avg speed    0.466 kHz), accepted    27690/  200001 events (13.84%)
Processed 209298 preselected entries from root://cmsxrootd.fnal.gov//store/data/Run2018D/JetHT/NANOAOD/UL2018_MiniAODv2_NanoAODv9-v2/2540000/06EF8663-1753-C744-AFB5-D66846B47B7F.root (1398663 entries). Finally selected 29099 entries
Total time 463.1 sec. to process 1398663 events. Rate = 3020.4 Hz.
Running pwd:
/storage/local/data1/condor/execute/dir_30642
Running ls -alrth:
total 172K
-rw-r--r--  1 shardulr fnalgrid 5.0K Jun 27 18:29 .job.ad
-rw-r--r--  1 shardulr fnalgrid  12K Jun 27 18:29 .machine.ad
-rwx------  1 shardulr fnalgrid   49 Jun 27 18:29 .chirp.config
-rw-------  1 shardulr fnalgrid  11K Jun 27 18:29 x509up
drwxr-xr-x  2 shardulr fnalgrid 4.0K Jun 27 18:29 samples
-rw-r--r--  1 shardulr fnalgrid  62K Jun 27 18:29 singleStopAnalyzer.py
-rwxr-xr-x  1 shardulr fnalgrid  698 Jun 27 18:29 condor_exec.exe
-rw-r--r--  1 shardulr fnalgrid  951 Jun 27 18:29 bJetMatcher.py
-rw-r--r--  1 shardulr fnalgrid    0 Jun 27 18:29 docker_stderror
drwxrwxrwt  3 shardulr fnalgrid 4.0K Jun 27 18:29 var
drwxrwxrwt  2 shardulr fnalgrid 4.0K Jun 27 18:29 tmp
drwxr-xr-x  3 root     root     4.0K Jun 27 18:29 ..
srwxr-xr-x  1 shardulr fnalgrid    0 Jun 27 18:29 .docker_sock
drwxr-xr-x 17 shardulr fnalgrid 4.0K Jun 27 18:29 CMSSW_10_6_19_patch2
drwxr-xr-x  2 shardulr fnalgrid 4.0K Jun 27 18:29 framework
-rw-r--r--  1 shardulr fnalgrid 1.7K Jun 27 18:29 bJetMatcher.pyc
drwxr-xr-x  3 shardulr fnalgrid 4.0K Jun 27 18:29 output
-rw-r--r--  1 shardulr fnalgrid  215 Jun 27 18:29 _condor_stderr
-rw-r--r--  1 shardulr fnalgrid  13K Jun 27 18:36 .update.ad
drwx------  8 shardulr fnalgrid 4.0K Jun 27 18:36 .
-rw-r--r--  1 shardulr fnalgrid 5.4K Jun 27 18:37 _condor_stdout
