[FERMIHTC-APPTAINER]: INFO -- No Apptainer image specified
[FERMIHTC-APPTAINER]: INFO -- Running job on the host machine

[FERMIHTC-APPTAINER]: INFO -- Running ./condor_exec.exe
Starting job on  Tue Jun 27 18:30:06 UTC 2023
Running on: Linux shardulr-2169568-378-cmswn2050.fnal.gov 3.10.0-1160.90.1.el7.x86_64 #1 SMP Thu Apr 27 13:14:20 CDT 2023 x86_64 x86_64 x86_64 GNU/Linux
System software: Scientific Linux release 7.9 (Nitrogen)
Running ls -alrth:
total 164K
-rw-r--r--  1 shardulr fnalgrid 5.0K Jun 27 18:29 .job.ad
-rw-r--r--  1 shardulr fnalgrid  13K Jun 27 18:29 .machine.ad
-rwx------  1 shardulr fnalgrid   49 Jun 27 18:29 .chirp.config
-rw-------  1 shardulr fnalgrid  11K Jun 27 18:29 x509up
drwxr-xr-x  2 shardulr fnalgrid 4.0K Jun 27 18:29 samples
drwxr-xr-x  2 shardulr fnalgrid 4.0K Jun 27 18:29 framework
-rw-r--r--  1 shardulr fnalgrid  62K Jun 27 18:29 singleStopAnalyzer.py
-rwxr-xr-x  1 shardulr fnalgrid  698 Jun 27 18:29 condor_exec.exe
-rw-r--r--  1 shardulr fnalgrid  951 Jun 27 18:29 bJetMatcher.py
-rw-r--r--  1 shardulr fnalgrid    0 Jun 27 18:29 docker_stderror
drwxrwxrwt  3 shardulr fnalgrid 4.0K Jun 27 18:29 var
drwxrwxrwt  2 shardulr fnalgrid 4.0K Jun 27 18:29 tmp
drwxr-xr-x  3 root     root     4.0K Jun 27 18:30 ..
srwxr-xr-x  1 shardulr fnalgrid    0 Jun 27 18:30 .docker_sock
-rw-r--r--  1 shardulr fnalgrid  113 Jun 27 18:30 _condor_stderr
-rw-r--r--  1 shardulr fnalgrid  13K Jun 27 18:30 .update.ad
drwx------  7 shardulr fnalgrid 4.0K Jun 27 18:30 .
drwxr-xr-x 17 shardulr fnalgrid 4.0K Jun 27 18:30 CMSSW_10_6_19_patch2
-rw-r--r--  1 shardulr fnalgrid  453 Jun 27 18:30 _condor_stdout
/storage/local/data1/condor/execute/dir_21156/CMSSW_10_6_19_patch2 is the CMSSW we created on the local worker node
Running over Data2018 files
Blinding data, only using CR cuts (0 loose b's)
Using UL 2018 campaign working points
Pre-select 185438 entries out of 1287725 (14.40%)
Processed    10000/  185438 entries,  5.39% (elapsed time    23.0s, curr speed    0.435 kHz, avg speed    0.435 kHz), accepted     1363/   10001 events (13.63%)
Processed    20000/  185438 entries, 10.79% (elapsed time    45.2s, curr speed    0.451 kHz, avg speed    0.443 kHz), accepted     2781/   20001 events (13.90%)
Processed    30000/  185438 entries, 16.18% (elapsed time    67.6s, curr speed    0.446 kHz, avg speed    0.444 kHz), accepted     4178/   30001 events (13.93%)
Processed    40000/  185438 entries, 21.57% (elapsed time    90.7s, curr speed    0.432 kHz, avg speed    0.441 kHz), accepted     5624/   40001 events (14.06%)
Processed    50000/  185438 entries, 26.96% (elapsed time   112.7s, curr speed    0.456 kHz, avg speed    0.444 kHz), accepted     6950/   50001 events (13.90%)
Processed    60000/  185438 entries, 32.36% (elapsed time   136.6s, curr speed    0.417 kHz, avg speed    0.439 kHz), accepted     8598/   60001 events (14.33%)
Processed    70000/  185438 entries, 37.75% (elapsed time   160.4s, curr speed    0.421 kHz, avg speed    0.436 kHz), accepted    10253/   70001 events (14.65%)
Processed    80000/  185438 entries, 43.14% (elapsed time   183.8s, curr speed    0.427 kHz, avg speed    0.435 kHz), accepted    11838/   80001 events (14.80%)
Processed    90000/  185438 entries, 48.53% (elapsed time   207.1s, curr speed    0.430 kHz, avg speed    0.435 kHz), accepted    13400/   90001 events (14.89%)
Processed   100000/  185438 entries, 53.93% (elapsed time   230.0s, curr speed    0.437 kHz, avg speed    0.435 kHz), accepted    14844/  100001 events (14.84%)
Processed   110000/  185438 entries, 59.32% (elapsed time   252.2s, curr speed    0.449 kHz, avg speed    0.436 kHz), accepted    16216/  110001 events (14.74%)
Processed   120000/  185438 entries, 64.71% (elapsed time   274.8s, curr speed    0.442 kHz, avg speed    0.437 kHz), accepted    17636/  120001 events (14.70%)
Processed   130000/  185438 entries, 70.10% (elapsed time   297.0s, curr speed    0.451 kHz, avg speed    0.438 kHz), accepted    18979/  130001 events (14.60%)
Processed   140000/  185438 entries, 75.50% (elapsed time   319.7s, curr speed    0.441 kHz, avg speed    0.438 kHz), accepted    20477/  140001 events (14.63%)
Processed   150000/  185438 entries, 80.89% (elapsed time   342.6s, curr speed    0.437 kHz, avg speed    0.438 kHz), accepted    22007/  150001 events (14.67%)
Processed   160000/  185438 entries, 86.28% (elapsed time   364.9s, curr speed    0.447 kHz, avg speed    0.438 kHz), accepted    23359/  160001 events (14.60%)
Processed   170000/  185438 entries, 91.67% (elapsed time   387.8s, curr speed    0.437 kHz, avg speed    0.438 kHz), accepted    24691/  170001 events (14.52%)
Processed   180000/  185438 entries, 97.07% (elapsed time   411.5s, curr speed    0.423 kHz, avg speed    0.437 kHz), accepted    26222/  180001 events (14.57%)
Processed 185438 preselected entries from root://cmsxrootd.fnal.gov//store/data/Run2018D/JetHT/NANOAOD/UL2018_MiniAODv2_NanoAODv9-v2/2810000/5FA8574F-9901-B645-B6B5-22F89B5A3451.root (1287725 entries). Finally selected 27039 entries
Total time 431.4 sec. to process 1287725 events. Rate = 2985.1 Hz.
Running pwd:
/storage/local/data1/condor/execute/dir_21156
Running ls -alrth:
total 176K
-rw-r--r--  1 shardulr fnalgrid 5.0K Jun 27 18:29 .job.ad
-rw-r--r--  1 shardulr fnalgrid  13K Jun 27 18:29 .machine.ad
-rwx------  1 shardulr fnalgrid   49 Jun 27 18:29 .chirp.config
-rw-------  1 shardulr fnalgrid  11K Jun 27 18:29 x509up
drwxr-xr-x  2 shardulr fnalgrid 4.0K Jun 27 18:29 samples
-rw-r--r--  1 shardulr fnalgrid  62K Jun 27 18:29 singleStopAnalyzer.py
-rwxr-xr-x  1 shardulr fnalgrid  698 Jun 27 18:29 condor_exec.exe
-rw-r--r--  1 shardulr fnalgrid  951 Jun 27 18:29 bJetMatcher.py
-rw-r--r--  1 shardulr fnalgrid    0 Jun 27 18:29 docker_stderror
drwxrwxrwt  3 shardulr fnalgrid 4.0K Jun 27 18:29 var
drwxrwxrwt  2 shardulr fnalgrid 4.0K Jun 27 18:29 tmp
drwxr-xr-x  3 root     root     4.0K Jun 27 18:30 ..
srwxr-xr-x  1 shardulr fnalgrid    0 Jun 27 18:30 .docker_sock
drwxr-xr-x 17 shardulr fnalgrid 4.0K Jun 27 18:30 CMSSW_10_6_19_patch2
drwxr-xr-x  2 shardulr fnalgrid 4.0K Jun 27 18:30 framework
-rw-r--r--  1 shardulr fnalgrid 1.7K Jun 27 18:30 bJetMatcher.pyc
drwxr-xr-x  3 shardulr fnalgrid 4.0K Jun 27 18:30 output
-rw-r--r--  1 shardulr fnalgrid  215 Jun 27 18:30 _condor_stderr
-rw-r--r--  1 shardulr fnalgrid  13K Jun 27 18:35 .update.ad
drwx------  8 shardulr fnalgrid 4.0K Jun 27 18:35 .
-rw-r--r--  1 shardulr fnalgrid 5.1K Jun 27 18:37 _condor_stdout
