[FERMIHTC-APPTAINER]: INFO -- No Apptainer image specified
[FERMIHTC-APPTAINER]: INFO -- Running job on the host machine

[FERMIHTC-APPTAINER]: INFO -- Running ./condor_exec.exe
Starting job on  Tue Jun 27 18:29:36 UTC 2023
Running on: Linux shardulr-2169568-252-cmswn2098.fnal.gov 3.10.0-1160.90.1.el7.x86_64 #1 SMP Thu Apr 27 13:14:20 CDT 2023 x86_64 x86_64 x86_64 GNU/Linux
System software: Scientific Linux release 7.9 (Nitrogen)
Running ls -alrth:
total 160K
-rw-r--r--  1 shardulr fnalgrid 5.0K Jun 27 18:29 .job.ad
-rw-r--r--  1 shardulr fnalgrid  13K Jun 27 18:29 .machine.ad
-rwx------  1 shardulr fnalgrid   49 Jun 27 18:29 .chirp.config
-rw-------  1 shardulr fnalgrid  11K Jun 27 18:29 x509up
drwxr-xr-x  2 shardulr fnalgrid 4.0K Jun 27 18:29 samples
drwxr-xr-x  2 shardulr fnalgrid 4.0K Jun 27 18:29 framework
-rw-r--r--  1 shardulr fnalgrid  62K Jun 27 18:29 singleStopAnalyzer.py
-rw-r--r--  1 shardulr fnalgrid  951 Jun 27 18:29 bJetMatcher.py
-rwxr-xr-x  1 shardulr fnalgrid  698 Jun 27 18:29 condor_exec.exe
-rw-r--r--  1 shardulr fnalgrid    0 Jun 27 18:29 docker_stderror
drwxrwxrwt  3 shardulr fnalgrid 4.0K Jun 27 18:29 var
drwxrwxrwt  2 shardulr fnalgrid 4.0K Jun 27 18:29 tmp
drwxr-xr-x  3 root     root     4.0K Jun 27 18:29 ..
srwxr-xr-x  1 shardulr fnalgrid    0 Jun 27 18:29 .docker_sock
-rw-r--r--  1 shardulr fnalgrid  113 Jun 27 18:29 _condor_stderr
-rw-r--r--  1 shardulr fnalgrid  12K Jun 27 18:29 .update.ad
drwx------  7 shardulr fnalgrid 4.0K Jun 27 18:29 .
drwxr-xr-x 17 shardulr fnalgrid 4.0K Jun 27 18:29 CMSSW_10_6_19_patch2
-rw-r--r--  1 shardulr fnalgrid  453 Jun 27 18:29 _condor_stdout
/storage/local/data1/condor/execute/dir_20542/CMSSW_10_6_19_patch2 is the CMSSW we created on the local worker node
Running over Data2018 files
Blinding data, only using CR cuts (0 loose b's)
Using UL 2018 campaign working points
Pre-select 173582 entries out of 1144675 (15.16%)
Processed    10000/  173582 entries,  5.76% (elapsed time    25.2s, curr speed    0.396 kHz, avg speed    0.396 kHz), accepted     1602/   10001 events (16.02%)
Processed    20000/  173582 entries, 11.52% (elapsed time    49.4s, curr speed    0.415 kHz, avg speed    0.405 kHz), accepted     3193/   20001 events (15.96%)
Processed    30000/  173582 entries, 17.28% (elapsed time    73.6s, curr speed    0.412 kHz, avg speed    0.408 kHz), accepted     4617/   30001 events (15.39%)
Processed    40000/  173582 entries, 23.04% (elapsed time    96.6s, curr speed    0.435 kHz, avg speed    0.414 kHz), accepted     6001/   40001 events (15.00%)
Processed    50000/  173582 entries, 28.80% (elapsed time   120.6s, curr speed    0.417 kHz, avg speed    0.415 kHz), accepted     7570/   50001 events (15.14%)
Processed    60000/  173582 entries, 34.57% (elapsed time   144.2s, curr speed    0.425 kHz, avg speed    0.416 kHz), accepted     9080/   60001 events (15.13%)
Processed    70000/  173582 entries, 40.33% (elapsed time   164.9s, curr speed    0.482 kHz, avg speed    0.425 kHz), accepted    10291/   70001 events (14.70%)
Processed    80000/  173582 entries, 46.09% (elapsed time   189.1s, curr speed    0.414 kHz, avg speed    0.423 kHz), accepted    11839/   80001 events (14.80%)
Processed    90000/  173582 entries, 51.85% (elapsed time   214.0s, curr speed    0.401 kHz, avg speed    0.421 kHz), accepted    13532/   90001 events (15.04%)
Processed   100000/  173582 entries, 57.61% (elapsed time   233.6s, curr speed    0.510 kHz, avg speed    0.428 kHz), accepted    14372/  100001 events (14.37%)
Processed   110000/  173582 entries, 63.37% (elapsed time   257.1s, curr speed    0.426 kHz, avg speed    0.428 kHz), accepted    15835/  110001 events (14.40%)
Processed   120000/  173582 entries, 69.13% (elapsed time   281.6s, curr speed    0.409 kHz, avg speed    0.426 kHz), accepted    17464/  120001 events (14.55%)
Processed   130000/  173582 entries, 74.89% (elapsed time   304.9s, curr speed    0.429 kHz, avg speed    0.426 kHz), accepted    18918/  130001 events (14.55%)
Processed   140000/  173582 entries, 80.65% (elapsed time   327.9s, curr speed    0.435 kHz, avg speed    0.427 kHz), accepted    20288/  140001 events (14.49%)
Processed   150000/  173582 entries, 86.41% (elapsed time   350.7s, curr speed    0.438 kHz, avg speed    0.428 kHz), accepted    21654/  150001 events (14.44%)
Processed   160000/  173582 entries, 92.18% (elapsed time   374.3s, curr speed    0.423 kHz, avg speed    0.427 kHz), accepted    23123/  160001 events (14.45%)
Processed   170000/  173582 entries, 97.94% (elapsed time   398.8s, curr speed    0.408 kHz, avg speed    0.426 kHz), accepted    24766/  170001 events (14.57%)
Processed 173582 preselected entries from root://cmsxrootd.fnal.gov//store/data/Run2018D/JetHT/NANOAOD/UL2018_MiniAODv2_NanoAODv9-v2/2540000/EDE47B5C-9DD9-4444-BAAF-2A6BB5ED4912.root (1144675 entries). Finally selected 25361 entries
Total time 416.3 sec. to process 1144675 events. Rate = 2749.5 Hz.
Running pwd:
/storage/local/data1/condor/execute/dir_20542
Running ls -alrth:
total 176K
-rw-r--r--  1 shardulr fnalgrid 5.0K Jun 27 18:29 .job.ad
-rw-r--r--  1 shardulr fnalgrid  13K Jun 27 18:29 .machine.ad
-rwx------  1 shardulr fnalgrid   49 Jun 27 18:29 .chirp.config
-rw-------  1 shardulr fnalgrid  11K Jun 27 18:29 x509up
drwxr-xr-x  2 shardulr fnalgrid 4.0K Jun 27 18:29 samples
-rw-r--r--  1 shardulr fnalgrid  62K Jun 27 18:29 singleStopAnalyzer.py
-rw-r--r--  1 shardulr fnalgrid  951 Jun 27 18:29 bJetMatcher.py
-rwxr-xr-x  1 shardulr fnalgrid  698 Jun 27 18:29 condor_exec.exe
-rw-r--r--  1 shardulr fnalgrid    0 Jun 27 18:29 docker_stderror
drwxrwxrwt  3 shardulr fnalgrid 4.0K Jun 27 18:29 var
drwxrwxrwt  2 shardulr fnalgrid 4.0K Jun 27 18:29 tmp
drwxr-xr-x  3 root     root     4.0K Jun 27 18:29 ..
srwxr-xr-x  1 shardulr fnalgrid    0 Jun 27 18:29 .docker_sock
drwxr-xr-x 17 shardulr fnalgrid 4.0K Jun 27 18:29 CMSSW_10_6_19_patch2
drwxr-xr-x  2 shardulr fnalgrid 4.0K Jun 27 18:29 framework
-rw-r--r--  1 shardulr fnalgrid 1.7K Jun 27 18:29 bJetMatcher.pyc
drwxr-xr-x  3 shardulr fnalgrid 4.0K Jun 27 18:29 output
-rw-r--r--  1 shardulr fnalgrid  215 Jun 27 18:29 _condor_stderr
-rw-r--r--  1 shardulr fnalgrid  13K Jun 27 18:35 .update.ad
drwx------  8 shardulr fnalgrid 4.0K Jun 27 18:35 .
-rw-r--r--  1 shardulr fnalgrid 5.0K Jun 27 18:36 _condor_stdout
