[FERMIHTC-APPTAINER]: INFO -- No Apptainer image specified
[FERMIHTC-APPTAINER]: INFO -- Running job on the host machine

[FERMIHTC-APPTAINER]: INFO -- Running ./condor_exec.exe
Starting job on  Tue Jun 27 18:23:36 UTC 2023
Running on: Linux shardulr-2169568-96-cmswn2098.fnal.gov 3.10.0-1160.90.1.el7.x86_64 #1 SMP Thu Apr 27 13:14:20 CDT 2023 x86_64 x86_64 x86_64 GNU/Linux
System software: Scientific Linux release 7.9 (Nitrogen)
Running ls -alrth:
total 156K
-rw-r--r--  1 shardulr fnalgrid  12K Jun 27 18:23 .machine.ad
-rw-r--r--  1 shardulr fnalgrid 5.0K Jun 27 18:23 .job.ad
-rwx------  1 shardulr fnalgrid   49 Jun 27 18:23 .chirp.config
-rw-------  1 shardulr fnalgrid  11K Jun 27 18:23 x509up
drwxr-xr-x  2 shardulr fnalgrid 4.0K Jun 27 18:23 samples
-rw-r--r--  1 shardulr fnalgrid  62K Jun 27 18:23 singleStopAnalyzer.py
drwxr-xr-x  2 shardulr fnalgrid 4.0K Jun 27 18:23 framework
-rwxr-xr-x  1 shardulr fnalgrid  697 Jun 27 18:23 condor_exec.exe
-rw-r--r--  1 shardulr fnalgrid  951 Jun 27 18:23 bJetMatcher.py
-rw-r--r--  1 shardulr fnalgrid    0 Jun 27 18:23 docker_stderror
drwxrwxrwt  3 shardulr fnalgrid 4.0K Jun 27 18:23 var
drwxrwxrwt  2 shardulr fnalgrid 4.0K Jun 27 18:23 tmp
-rw-r--r--  1 shardulr fnalgrid  12K Jun 27 18:23 .update.ad
drwxr-xr-x  3 root     root     4.0K Jun 27 18:23 ..
srwxr-xr-x  1 shardulr fnalgrid    0 Jun 27 18:23 .docker_sock
-rw-r--r--  1 shardulr fnalgrid  113 Jun 27 18:23 _condor_stderr
drwx------  7 shardulr fnalgrid 4.0K Jun 27 18:23 .
drwxr-xr-x 17 shardulr fnalgrid 4.0K Jun 27 18:23 CMSSW_10_6_19_patch2
-rw-r--r--  1 shardulr fnalgrid  452 Jun 27 18:23 _condor_stdout
/storage/local/data1/condor/execute/dir_17825/CMSSW_10_6_19_patch2 is the CMSSW we created on the local worker node
Running over Data2018 files
Blinding data, only using CR cuts (0 loose b's)
Using UL 2018 campaign working points
Pre-select 100141 entries out of 787084 (12.72%)
Processed    10000/  100141 entries,  9.99% (elapsed time    22.5s, curr speed    0.444 kHz, avg speed    0.444 kHz), accepted     1208/   10001 events (12.08%)
Processed    20000/  100141 entries, 19.97% (elapsed time    44.8s, curr speed    0.449 kHz, avg speed    0.447 kHz), accepted     2475/   20001 events (12.37%)
Processed    30000/  100141 entries, 29.96% (elapsed time    67.9s, curr speed    0.431 kHz, avg speed    0.442 kHz), accepted     3964/   30001 events (13.21%)
Processed    40000/  100141 entries, 39.94% (elapsed time    91.3s, curr speed    0.428 kHz, avg speed    0.438 kHz), accepted     5504/   40001 events (13.76%)
Processed    50000/  100141 entries, 49.93% (elapsed time   114.7s, curr speed    0.428 kHz, avg speed    0.436 kHz), accepted     6929/   50001 events (13.86%)
Processed    60000/  100141 entries, 59.92% (elapsed time   137.7s, curr speed    0.434 kHz, avg speed    0.436 kHz), accepted     8360/   60001 events (13.93%)
Processed    70000/  100141 entries, 69.90% (elapsed time   160.7s, curr speed    0.436 kHz, avg speed    0.436 kHz), accepted     9786/   70001 events (13.98%)
Processed    80000/  100141 entries, 79.89% (elapsed time   181.8s, curr speed    0.473 kHz, avg speed    0.440 kHz), accepted    11006/   80001 events (13.76%)
Processed    90000/  100141 entries, 89.87% (elapsed time   202.9s, curr speed    0.474 kHz, avg speed    0.444 kHz), accepted    12268/   90001 events (13.63%)
Processed   100000/  100141 entries, 99.86% (elapsed time   225.7s, curr speed    0.438 kHz, avg speed    0.443 kHz), accepted    13752/  100001 events (13.75%)
Processed 100141 preselected entries from root://cmsxrootd.fnal.gov//store/data/Run2018A/JetHT/NANOAOD/UL2018_MiniAODv2_NanoAODv9-v2/250000/7AAFFDDD-F9A2-2D4F-89DA-D588C6D6CD96.root (787084 entries). Finally selected 13782 entries
Total time 233.5 sec. to process 787084 events. Rate = 3370.6 Hz.
Running pwd:
/storage/local/data1/condor/execute/dir_17825
Running ls -alrth:
total 164K
-rw-r--r--  1 shardulr fnalgrid  12K Jun 27 18:23 .machine.ad
-rw-r--r--  1 shardulr fnalgrid 5.0K Jun 27 18:23 .job.ad
-rwx------  1 shardulr fnalgrid   49 Jun 27 18:23 .chirp.config
-rw-------  1 shardulr fnalgrid  11K Jun 27 18:23 x509up
drwxr-xr-x  2 shardulr fnalgrid 4.0K Jun 27 18:23 samples
-rw-r--r--  1 shardulr fnalgrid  62K Jun 27 18:23 singleStopAnalyzer.py
-rwxr-xr-x  1 shardulr fnalgrid  697 Jun 27 18:23 condor_exec.exe
-rw-r--r--  1 shardulr fnalgrid  951 Jun 27 18:23 bJetMatcher.py
-rw-r--r--  1 shardulr fnalgrid    0 Jun 27 18:23 docker_stderror
drwxrwxrwt  3 shardulr fnalgrid 4.0K Jun 27 18:23 var
drwxrwxrwt  2 shardulr fnalgrid 4.0K Jun 27 18:23 tmp
drwxr-xr-x  3 root     root     4.0K Jun 27 18:23 ..
srwxr-xr-x  1 shardulr fnalgrid    0 Jun 27 18:23 .docker_sock
drwxr-xr-x 17 shardulr fnalgrid 4.0K Jun 27 18:23 CMSSW_10_6_19_patch2
drwxr-xr-x  2 shardulr fnalgrid 4.0K Jun 27 18:23 framework
-rw-r--r--  1 shardulr fnalgrid 1.7K Jun 27 18:23 bJetMatcher.pyc
drwxr-xr-x  3 shardulr fnalgrid 4.0K Jun 27 18:23 output
-rw-r--r--  1 shardulr fnalgrid  215 Jun 27 18:23 _condor_stderr
-rw-r--r--  1 shardulr fnalgrid  12K Jun 27 18:25 .update.ad
drwx------  8 shardulr fnalgrid 4.0K Jun 27 18:25 .
-rw-r--r--  1 shardulr fnalgrid 3.9K Jun 27 18:27 _condor_stdout
