[FERMIHTC-APPTAINER]: INFO -- No Apptainer image specified
[FERMIHTC-APPTAINER]: INFO -- Running job on the host machine

[FERMIHTC-APPTAINER]: INFO -- Running ./condor_exec.exe
Starting job on  Tue Jun 27 18:29:48 UTC 2023
Running on: Linux shardulr-2169568-317-cmswn2104.fnal.gov 3.10.0-1160.90.1.el7.x86_64 #1 SMP Thu Apr 27 13:14:20 CDT 2023 x86_64 x86_64 x86_64 GNU/Linux
System software: Scientific Linux release 7.9 (Nitrogen)
Running ls -alrth:
total 164K
-rw-r--r--  1 shardulr fnalgrid 5.0K Jun 27 18:29 .job.ad
-rw-r--r--  1 shardulr fnalgrid  13K Jun 27 18:29 .machine.ad
-rwx------  1 shardulr fnalgrid   49 Jun 27 18:29 .chirp.config
-rw-------  1 shardulr fnalgrid  11K Jun 27 18:29 x509up
drwxr-xr-x  2 shardulr fnalgrid 4.0K Jun 27 18:29 samples
drwxr-xr-x  2 shardulr fnalgrid 4.0K Jun 27 18:29 framework
-rw-r--r--  1 shardulr fnalgrid  62K Jun 27 18:29 singleStopAnalyzer.py
-rwxr-xr-x  1 shardulr fnalgrid  698 Jun 27 18:29 condor_exec.exe
-rw-r--r--  1 shardulr fnalgrid  951 Jun 27 18:29 bJetMatcher.py
-rw-r--r--  1 shardulr fnalgrid    0 Jun 27 18:29 docker_stderror
drwxrwxrwt  2 shardulr fnalgrid 4.0K Jun 27 18:29 tmp
drwxrwxrwt  3 shardulr fnalgrid 4.0K Jun 27 18:29 var
-rw-r--r--  1 shardulr fnalgrid  13K Jun 27 18:29 .update.ad
drwxr-xr-x  3 root     root     4.0K Jun 27 18:29 ..
srwxr-xr-x  1 shardulr fnalgrid    0 Jun 27 18:29 .docker_sock
-rw-r--r--  1 shardulr fnalgrid  113 Jun 27 18:29 _condor_stderr
drwx------  7 shardulr fnalgrid 4.0K Jun 27 18:29 .
drwxr-xr-x 17 shardulr fnalgrid 4.0K Jun 27 18:29 CMSSW_10_6_19_patch2
-rw-r--r--  1 shardulr fnalgrid  453 Jun 27 18:29 _condor_stdout
/storage/local/data1/condor/execute/dir_36382/CMSSW_10_6_19_patch2 is the CMSSW we created on the local worker node
Running over Data2018 files
Blinding data, only using CR cuts (0 loose b's)
Using UL 2018 campaign working points
Pre-select 282382 entries out of 1864088 (15.15%)
Processed    10000/  282382 entries,  3.54% (elapsed time    25.7s, curr speed    0.389 kHz, avg speed    0.389 kHz), accepted     1315/   10001 events (13.15%)
Processed    20000/  282382 entries,  7.08% (elapsed time    50.9s, curr speed    0.397 kHz, avg speed    0.393 kHz), accepted     2712/   20001 events (13.56%)
Processed    30000/  282382 entries, 10.62% (elapsed time    72.4s, curr speed    0.465 kHz, avg speed    0.414 kHz), accepted     3603/   30001 events (12.01%)
Processed    40000/  282382 entries, 14.17% (elapsed time    98.2s, curr speed    0.387 kHz, avg speed    0.407 kHz), accepted     5055/   40001 events (12.64%)
Processed    50000/  282382 entries, 17.71% (elapsed time   123.6s, curr speed    0.394 kHz, avg speed    0.405 kHz), accepted     6439/   50001 events (12.88%)
Processed    60000/  282382 entries, 21.25% (elapsed time   149.1s, curr speed    0.391 kHz, avg speed    0.402 kHz), accepted     7835/   60001 events (13.06%)
Processed    70000/  282382 entries, 24.79% (elapsed time   174.8s, curr speed    0.389 kHz, avg speed    0.400 kHz), accepted     9219/   70001 events (13.17%)
Processed    80000/  282382 entries, 28.33% (elapsed time   200.7s, curr speed    0.386 kHz, avg speed    0.399 kHz), accepted    10691/   80001 events (13.36%)
Processed    90000/  282382 entries, 31.87% (elapsed time   227.0s, curr speed    0.381 kHz, avg speed    0.397 kHz), accepted    12194/   90001 events (13.55%)
Processed   100000/  282382 entries, 35.41% (elapsed time   253.0s, curr speed    0.385 kHz, avg speed    0.395 kHz), accepted    13732/  100001 events (13.73%)
Processed   110000/  282382 entries, 38.95% (elapsed time   278.6s, curr speed    0.390 kHz, avg speed    0.395 kHz), accepted    15229/  110001 events (13.84%)
Processed   120000/  282382 entries, 42.50% (elapsed time   305.3s, curr speed    0.375 kHz, avg speed    0.393 kHz), accepted    16824/  120001 events (14.02%)
Processed   130000/  282382 entries, 46.04% (elapsed time   332.0s, curr speed    0.374 kHz, avg speed    0.392 kHz), accepted    18385/  130001 events (14.14%)
Processed   140000/  282382 entries, 49.58% (elapsed time   358.5s, curr speed    0.377 kHz, avg speed    0.390 kHz), accepted    19931/  140001 events (14.24%)
Processed   150000/  282382 entries, 53.12% (elapsed time   384.4s, curr speed    0.386 kHz, avg speed    0.390 kHz), accepted    21440/  150001 events (14.29%)
Processed   160000/  282382 entries, 56.66% (elapsed time   410.4s, curr speed    0.385 kHz, avg speed    0.390 kHz), accepted    22925/  160001 events (14.33%)
Processed   170000/  282382 entries, 60.20% (elapsed time   437.5s, curr speed    0.369 kHz, avg speed    0.389 kHz), accepted    24380/  170001 events (14.34%)
Processed   180000/  282382 entries, 63.74% (elapsed time   463.8s, curr speed    0.380 kHz, avg speed    0.388 kHz), accepted    25846/  180001 events (14.36%)
Processed   190000/  282382 entries, 67.28% (elapsed time   490.4s, curr speed    0.376 kHz, avg speed    0.387 kHz), accepted    27234/  190001 events (14.33%)
Processed   200000/  282382 entries, 70.83% (elapsed time   516.6s, curr speed    0.383 kHz, avg speed    0.387 kHz), accepted    28723/  200001 events (14.36%)
Processed   210000/  282382 entries, 74.37% (elapsed time   543.3s, curr speed    0.374 kHz, avg speed    0.387 kHz), accepted    30254/  210001 events (14.41%)
Processed   220000/  282382 entries, 77.91% (elapsed time   569.7s, curr speed    0.379 kHz, avg speed    0.386 kHz), accepted    31824/  220001 events (14.47%)
Processed   230000/  282382 entries, 81.45% (elapsed time   596.2s, curr speed    0.377 kHz, avg speed    0.386 kHz), accepted    33377/  230001 events (14.51%)
Processed   240000/  282382 entries, 84.99% (elapsed time   623.0s, curr speed    0.374 kHz, avg speed    0.385 kHz), accepted    34931/  240001 events (14.55%)
Processed   250000/  282382 entries, 88.53% (elapsed time   651.2s, curr speed    0.355 kHz, avg speed    0.384 kHz), accepted    36439/  250001 events (14.58%)
Processed   260000/  282382 entries, 92.07% (elapsed time   678.6s, curr speed    0.365 kHz, avg speed    0.383 kHz), accepted    37970/  260001 events (14.60%)
Processed   270000/  282382 entries, 95.62% (elapsed time   706.4s, curr speed    0.359 kHz, avg speed    0.382 kHz), accepted    39520/  270001 events (14.64%)
Processed   280000/  282382 entries, 99.16% (elapsed time   733.9s, curr speed    0.364 kHz, avg speed    0.382 kHz), accepted    41091/  280001 events (14.68%)
Processed 282382 preselected entries from root://cmsxrootd.fnal.gov//store/data/Run2018D/JetHT/NANOAOD/UL2018_MiniAODv2_NanoAODv9-v2/2540000/D6F63E21-866E-BF40-BB70-27857A606EB6.root (1864088 entries). Finally selected 41474 entries
Total time 753.9 sec. to process 1864088 events. Rate = 2472.4 Hz.
Running pwd:
/storage/local/data1/condor/execute/dir_36382
Running ls -alrth:
total 176K
-rw-r--r--  1 shardulr fnalgrid 5.0K Jun 27 18:29 .job.ad
-rw-r--r--  1 shardulr fnalgrid  13K Jun 27 18:29 .machine.ad
-rwx------  1 shardulr fnalgrid   49 Jun 27 18:29 .chirp.config
-rw-------  1 shardulr fnalgrid  11K Jun 27 18:29 x509up
drwxr-xr-x  2 shardulr fnalgrid 4.0K Jun 27 18:29 samples
-rw-r--r--  1 shardulr fnalgrid  62K Jun 27 18:29 singleStopAnalyzer.py
-rwxr-xr-x  1 shardulr fnalgrid  698 Jun 27 18:29 condor_exec.exe
-rw-r--r--  1 shardulr fnalgrid  951 Jun 27 18:29 bJetMatcher.py
-rw-r--r--  1 shardulr fnalgrid    0 Jun 27 18:29 docker_stderror
drwxrwxrwt  2 shardulr fnalgrid 4.0K Jun 27 18:29 tmp
drwxrwxrwt  3 shardulr fnalgrid 4.0K Jun 27 18:29 var
drwxr-xr-x  3 root     root     4.0K Jun 27 18:29 ..
srwxr-xr-x  1 shardulr fnalgrid    0 Jun 27 18:29 .docker_sock
drwxr-xr-x 17 shardulr fnalgrid 4.0K Jun 27 18:29 CMSSW_10_6_19_patch2
drwxr-xr-x  2 shardulr fnalgrid 4.0K Jun 27 18:29 framework
-rw-r--r--  1 shardulr fnalgrid 1.7K Jun 27 18:29 bJetMatcher.pyc
drwxr-xr-x  3 shardulr fnalgrid 4.0K Jun 27 18:29 output
-rw-r--r--  1 shardulr fnalgrid  215 Jun 27 18:29 _condor_stderr
-rw-r--r--  1 shardulr fnalgrid  13K Jun 27 18:42 .update.ad
drwx------  8 shardulr fnalgrid 4.0K Jun 27 18:42 .
-rw-r--r--  1 shardulr fnalgrid 6.7K Jun 27 18:42 _condor_stdout
