[FERMIHTC-APPTAINER]: INFO -- No Apptainer image specified
[FERMIHTC-APPTAINER]: INFO -- Running job on the host machine

[FERMIHTC-APPTAINER]: INFO -- Running ./condor_exec.exe
Starting job on  Tue Jun 27 18:30:29 UTC 2023
Running on: Linux shardulr-2169568-431-cmswn2038.fnal.gov 3.10.0-1160.90.1.el7.x86_64 #1 SMP Thu Apr 27 13:14:20 CDT 2023 x86_64 x86_64 x86_64 GNU/Linux
System software: Scientific Linux release 7.9 (Nitrogen)
Running ls -alrth:
total 164K
-rw-r--r--  1 shardulr fnalgrid 5.0K Jun 27 18:30 .job.ad
-rw-r--r--  1 shardulr fnalgrid  13K Jun 27 18:30 .machine.ad
-rwx------  1 shardulr fnalgrid   49 Jun 27 18:30 .chirp.config
-rw-------  1 shardulr fnalgrid  11K Jun 27 18:30 x509up
drwxr-xr-x  2 shardulr fnalgrid 4.0K Jun 27 18:30 samples
drwxr-xr-x  2 shardulr fnalgrid 4.0K Jun 27 18:30 framework
-rw-r--r--  1 shardulr fnalgrid  62K Jun 27 18:30 singleStopAnalyzer.py
-rw-r--r--  1 shardulr fnalgrid  951 Jun 27 18:30 bJetMatcher.py
-rwxr-xr-x  1 shardulr fnalgrid  698 Jun 27 18:30 condor_exec.exe
-rw-r--r--  1 shardulr fnalgrid    0 Jun 27 18:30 docker_stderror
drwxrwxrwt  3 shardulr fnalgrid 4.0K Jun 27 18:30 var
drwxrwxrwt  2 shardulr fnalgrid 4.0K Jun 27 18:30 tmp
-rw-r--r--  1 shardulr fnalgrid  13K Jun 27 18:30 .update.ad
drwxr-xr-x  3 root     root     4.0K Jun 27 18:30 ..
srwxr-xr-x  1 shardulr fnalgrid    0 Jun 27 18:30 .docker_sock
-rw-r--r--  1 shardulr fnalgrid  113 Jun 27 18:30 _condor_stderr
drwx------  7 shardulr fnalgrid 4.0K Jun 27 18:30 .
drwxr-xr-x 17 shardulr fnalgrid 4.0K Jun 27 18:30 CMSSW_10_6_19_patch2
-rw-r--r--  1 shardulr fnalgrid  453 Jun 27 18:30 _condor_stdout
/storage/local/data1/condor/execute/dir_16546/CMSSW_10_6_19_patch2 is the CMSSW we created on the local worker node
Running over Data2018 files
Blinding data, only using CR cuts (0 loose b's)
Using UL 2018 campaign working points
Pre-select 156256 entries out of 1060344 (14.74%)
Processed    10000/  156256 entries,  6.40% (elapsed time    24.9s, curr speed    0.402 kHz, avg speed    0.402 kHz), accepted     1393/   10001 events (13.93%)
Processed    20000/  156256 entries, 12.80% (elapsed time    49.6s, curr speed    0.405 kHz, avg speed    0.403 kHz), accepted     2839/   20001 events (14.19%)
Processed    30000/  156256 entries, 19.20% (elapsed time    73.9s, curr speed    0.412 kHz, avg speed    0.406 kHz), accepted     4200/   30001 events (14.00%)
Processed    40000/  156256 entries, 25.60% (elapsed time    99.0s, curr speed    0.399 kHz, avg speed    0.404 kHz), accepted     5772/   40001 events (14.43%)
Processed    50000/  156256 entries, 32.00% (elapsed time   124.3s, curr speed    0.395 kHz, avg speed    0.402 kHz), accepted     7360/   50001 events (14.72%)
Processed    60000/  156256 entries, 38.40% (elapsed time   147.8s, curr speed    0.425 kHz, avg speed    0.406 kHz), accepted     8629/   60001 events (14.38%)
Processed    70000/  156256 entries, 44.80% (elapsed time   172.6s, curr speed    0.403 kHz, avg speed    0.406 kHz), accepted    10131/   70001 events (14.47%)
Processed    80000/  156256 entries, 51.20% (elapsed time   198.1s, curr speed    0.393 kHz, avg speed    0.404 kHz), accepted    11783/   80001 events (14.73%)
Processed    90000/  156256 entries, 57.60% (elapsed time   223.3s, curr speed    0.396 kHz, avg speed    0.403 kHz), accepted    13322/   90001 events (14.80%)
Processed   100000/  156256 entries, 64.00% (elapsed time   248.9s, curr speed    0.391 kHz, avg speed    0.402 kHz), accepted    14869/  100001 events (14.87%)
Processed   110000/  156256 entries, 70.40% (elapsed time   273.1s, curr speed    0.413 kHz, avg speed    0.403 kHz), accepted    16277/  110001 events (14.80%)
Processed   120000/  156256 entries, 76.80% (elapsed time   299.3s, curr speed    0.381 kHz, avg speed    0.401 kHz), accepted    17912/  120001 events (14.93%)
Processed   130000/  156256 entries, 83.20% (elapsed time   325.4s, curr speed    0.384 kHz, avg speed    0.400 kHz), accepted    19510/  130001 events (15.01%)
Processed   140000/  156256 entries, 89.60% (elapsed time   351.1s, curr speed    0.388 kHz, avg speed    0.399 kHz), accepted    20991/  140001 events (14.99%)
Processed   150000/  156256 entries, 96.00% (elapsed time   376.7s, curr speed    0.391 kHz, avg speed    0.398 kHz), accepted    22579/  150001 events (15.05%)
Processed 156256 preselected entries from root://cmsxrootd.fnal.gov//store/data/Run2018D/JetHT/NANOAOD/UL2018_MiniAODv2_NanoAODv9-v2/80000/5B5FA608-F2B7-534B-8126-569DD4B5A972.root (1060344 entries). Finally selected 23760 entries
Total time 404.2 sec. to process 1060344 events. Rate = 2623.5 Hz.
Running pwd:
/storage/local/data1/condor/execute/dir_16546
Running ls -alrth:
total 176K
-rw-r--r--  1 shardulr fnalgrid 5.0K Jun 27 18:30 .job.ad
-rw-r--r--  1 shardulr fnalgrid  13K Jun 27 18:30 .machine.ad
-rwx------  1 shardulr fnalgrid   49 Jun 27 18:30 .chirp.config
-rw-------  1 shardulr fnalgrid  11K Jun 27 18:30 x509up
drwxr-xr-x  2 shardulr fnalgrid 4.0K Jun 27 18:30 samples
-rw-r--r--  1 shardulr fnalgrid  62K Jun 27 18:30 singleStopAnalyzer.py
-rw-r--r--  1 shardulr fnalgrid  951 Jun 27 18:30 bJetMatcher.py
-rwxr-xr-x  1 shardulr fnalgrid  698 Jun 27 18:30 condor_exec.exe
-rw-r--r--  1 shardulr fnalgrid    0 Jun 27 18:30 docker_stderror
drwxrwxrwt  3 shardulr fnalgrid 4.0K Jun 27 18:30 var
drwxrwxrwt  2 shardulr fnalgrid 4.0K Jun 27 18:30 tmp
drwxr-xr-x  3 root     root     4.0K Jun 27 18:30 ..
srwxr-xr-x  1 shardulr fnalgrid    0 Jun 27 18:30 .docker_sock
drwxr-xr-x 17 shardulr fnalgrid 4.0K Jun 27 18:30 CMSSW_10_6_19_patch2
drwxr-xr-x  2 shardulr fnalgrid 4.0K Jun 27 18:30 framework
-rw-r--r--  1 shardulr fnalgrid 1.7K Jun 27 18:30 bJetMatcher.pyc
drwxr-xr-x  3 shardulr fnalgrid 4.0K Jun 27 18:30 output
-rw-r--r--  1 shardulr fnalgrid  215 Jun 27 18:30 _condor_stderr
-rw-r--r--  1 shardulr fnalgrid  13K Jun 27 18:35 .update.ad
drwx------  8 shardulr fnalgrid 4.0K Jun 27 18:35 .
-rw-r--r--  1 shardulr fnalgrid 4.6K Jun 27 18:37 _condor_stdout
