[FERMIHTC-APPTAINER]: INFO -- No Apptainer image specified
[FERMIHTC-APPTAINER]: INFO -- Running job on the host machine

[FERMIHTC-APPTAINER]: INFO -- Running ./condor_exec.exe
Starting job on  Tue Jun 27 18:30:08 UTC 2023
Running on: Linux shardulr-2169568-385-cmswn2061.fnal.gov 3.10.0-1160.90.1.el7.x86_64 #1 SMP Thu Apr 27 13:14:20 CDT 2023 x86_64 x86_64 x86_64 GNU/Linux
System software: Scientific Linux release 7.9 (Nitrogen)
Running ls -alrth:
total 164K
-rw-r--r--  1 shardulr fnalgrid 5.0K Jun 27 18:30 .job.ad
-rw-r--r--  1 shardulr fnalgrid  13K Jun 27 18:30 .machine.ad
-rwx------  1 shardulr fnalgrid   49 Jun 27 18:30 .chirp.config
-rw-------  1 shardulr fnalgrid  11K Jun 27 18:30 x509up
drwxr-xr-x  2 shardulr fnalgrid 4.0K Jun 27 18:30 samples
drwxr-xr-x  2 shardulr fnalgrid 4.0K Jun 27 18:30 framework
-rw-r--r--  1 shardulr fnalgrid  62K Jun 27 18:30 singleStopAnalyzer.py
-rwxr-xr-x  1 shardulr fnalgrid  698 Jun 27 18:30 condor_exec.exe
-rw-r--r--  1 shardulr fnalgrid  951 Jun 27 18:30 bJetMatcher.py
-rw-r--r--  1 shardulr fnalgrid    0 Jun 27 18:30 docker_stderror
drwxrwxrwt  2 shardulr fnalgrid 4.0K Jun 27 18:30 tmp
drwxrwxrwt  3 shardulr fnalgrid 4.0K Jun 27 18:30 var
drwxr-xr-x  3 root     root     4.0K Jun 27 18:30 ..
srwxr-xr-x  1 shardulr fnalgrid    0 Jun 27 18:30 .docker_sock
-rw-r--r--  1 shardulr fnalgrid  13K Jun 27 18:30 .update.ad
-rw-r--r--  1 shardulr fnalgrid  113 Jun 27 18:30 _condor_stderr
drwx------  7 shardulr fnalgrid 4.0K Jun 27 18:30 .
drwxr-xr-x 17 shardulr fnalgrid 4.0K Jun 27 18:30 CMSSW_10_6_19_patch2
-rw-r--r--  1 shardulr fnalgrid  453 Jun 27 18:30 _condor_stdout
/storage/local/data1/condor/execute/dir_62765/CMSSW_10_6_19_patch2 is the CMSSW we created on the local worker node
Running over Data2018 files
Blinding data, only using CR cuts (0 loose b's)
Using UL 2018 campaign working points
Pre-select 336943 entries out of 2297125 (14.67%)
Processed    10000/  336943 entries,  2.97% (elapsed time    25.1s, curr speed    0.399 kHz, avg speed    0.399 kHz), accepted     1447/   10001 events (14.47%)
Processed    20000/  336943 entries,  5.94% (elapsed time    50.3s, curr speed    0.396 kHz, avg speed    0.398 kHz), accepted     3061/   20001 events (15.30%)
Processed    30000/  336943 entries,  8.90% (elapsed time    74.4s, curr speed    0.415 kHz, avg speed    0.403 kHz), accepted     4529/   30001 events (15.10%)
Processed    40000/  336943 entries, 11.87% (elapsed time    98.0s, curr speed    0.423 kHz, avg speed    0.408 kHz), accepted     5842/   40001 events (14.60%)
Processed    50000/  336943 entries, 14.84% (elapsed time   121.0s, curr speed    0.435 kHz, avg speed    0.413 kHz), accepted     7070/   50001 events (14.14%)
Processed    60000/  336943 entries, 17.81% (elapsed time   144.3s, curr speed    0.429 kHz, avg speed    0.416 kHz), accepted     8361/   60001 events (13.93%)
Processed    70000/  336943 entries, 20.78% (elapsed time   168.4s, curr speed    0.414 kHz, avg speed    0.416 kHz), accepted     9750/   70001 events (13.93%)
Processed    80000/  336943 entries, 23.74% (elapsed time   193.7s, curr speed    0.395 kHz, avg speed    0.413 kHz), accepted    11311/   80001 events (14.14%)
Processed    90000/  336943 entries, 26.71% (elapsed time   219.5s, curr speed    0.388 kHz, avg speed    0.410 kHz), accepted    12922/   90001 events (14.36%)
Processed   100000/  336943 entries, 29.68% (elapsed time   245.3s, curr speed    0.388 kHz, avg speed    0.408 kHz), accepted    14563/  100001 events (14.56%)
Processed   110000/  336943 entries, 32.65% (elapsed time   270.3s, curr speed    0.400 kHz, avg speed    0.407 kHz), accepted    16111/  110001 events (14.65%)
Processed   120000/  336943 entries, 35.61% (elapsed time   294.1s, curr speed    0.420 kHz, avg speed    0.408 kHz), accepted    17493/  120001 events (14.58%)
Processed   130000/  336943 entries, 38.58% (elapsed time   318.0s, curr speed    0.419 kHz, avg speed    0.409 kHz), accepted    18679/  130001 events (14.37%)
Processed   140000/  336943 entries, 41.55% (elapsed time   342.1s, curr speed    0.416 kHz, avg speed    0.409 kHz), accepted    19863/  140001 events (14.19%)
Processed   150000/  336943 entries, 44.52% (elapsed time   366.9s, curr speed    0.403 kHz, avg speed    0.409 kHz), accepted    21107/  150001 events (14.07%)
Processed   160000/  336943 entries, 47.49% (elapsed time   390.9s, curr speed    0.416 kHz, avg speed    0.409 kHz), accepted    22370/  160001 events (13.98%)
Processed   170000/  336943 entries, 50.45% (elapsed time   414.2s, curr speed    0.430 kHz, avg speed    0.410 kHz), accepted    23620/  170001 events (13.89%)
Processed   180000/  336943 entries, 53.42% (elapsed time   436.8s, curr speed    0.443 kHz, avg speed    0.412 kHz), accepted    24872/  180001 events (13.82%)
Processed   190000/  336943 entries, 56.39% (elapsed time   462.5s, curr speed    0.389 kHz, avg speed    0.411 kHz), accepted    26479/  190001 events (13.94%)
Processed   200000/  336943 entries, 59.36% (elapsed time   487.4s, curr speed    0.401 kHz, avg speed    0.410 kHz), accepted    28102/  200001 events (14.05%)
Processed   210000/  336943 entries, 62.33% (elapsed time   512.0s, curr speed    0.406 kHz, avg speed    0.410 kHz), accepted    29687/  210001 events (14.14%)
Processed   220000/  336943 entries, 65.29% (elapsed time   536.8s, curr speed    0.403 kHz, avg speed    0.410 kHz), accepted    31239/  220001 events (14.20%)
Processed   230000/  336943 entries, 68.26% (elapsed time   562.0s, curr speed    0.398 kHz, avg speed    0.409 kHz), accepted    32838/  230001 events (14.28%)
Processed   240000/  336943 entries, 71.23% (elapsed time   585.9s, curr speed    0.418 kHz, avg speed    0.410 kHz), accepted    34390/  240001 events (14.33%)
Processed   250000/  336943 entries, 74.20% (elapsed time   610.5s, curr speed    0.406 kHz, avg speed    0.409 kHz), accepted    35933/  250001 events (14.37%)
Processed   260000/  336943 entries, 77.16% (elapsed time   634.6s, curr speed    0.415 kHz, avg speed    0.410 kHz), accepted    37496/  260001 events (14.42%)
Processed   270000/  336943 entries, 80.13% (elapsed time   658.3s, curr speed    0.422 kHz, avg speed    0.410 kHz), accepted    39015/  270001 events (14.45%)
Processed   280000/  336943 entries, 83.10% (elapsed time   680.8s, curr speed    0.445 kHz, avg speed    0.411 kHz), accepted    40266/  280001 events (14.38%)
Processed   290000/  336943 entries, 86.07% (elapsed time   704.0s, curr speed    0.432 kHz, avg speed    0.412 kHz), accepted    41581/  290001 events (14.34%)
Processed   300000/  336943 entries, 89.04% (elapsed time   727.0s, curr speed    0.436 kHz, avg speed    0.413 kHz), accepted    42865/  300001 events (14.29%)
Processed   310000/  336943 entries, 92.00% (elapsed time   751.2s, curr speed    0.413 kHz, avg speed    0.413 kHz), accepted    44348/  310001 events (14.31%)
Processed   320000/  336943 entries, 94.97% (elapsed time   776.2s, curr speed    0.400 kHz, avg speed    0.412 kHz), accepted    45867/  320001 events (14.33%)
Processed   330000/  336943 entries, 97.94% (elapsed time   800.8s, curr speed    0.406 kHz, avg speed    0.412 kHz), accepted    47402/  330001 events (14.36%)
Processed 336943 preselected entries from root://cmsxrootd.fnal.gov//store/data/Run2018D/JetHT/NANOAOD/UL2018_MiniAODv2_NanoAODv9-v2/2810000/5F81E428-8674-6E4B-8503-D4ADDD238595.root (2297125 entries). Finally selected 48485 entries
Total time 830.3 sec. to process 2297125 events. Rate = 2766.7 Hz.
Running pwd:
/storage/local/data1/condor/execute/dir_62765
Running ls -alrth:
total 176K
-rw-r--r--  1 shardulr fnalgrid 5.0K Jun 27 18:30 .job.ad
-rw-r--r--  1 shardulr fnalgrid  13K Jun 27 18:30 .machine.ad
-rwx------  1 shardulr fnalgrid   49 Jun 27 18:30 .chirp.config
-rw-------  1 shardulr fnalgrid  11K Jun 27 18:30 x509up
drwxr-xr-x  2 shardulr fnalgrid 4.0K Jun 27 18:30 samples
-rw-r--r--  1 shardulr fnalgrid  62K Jun 27 18:30 singleStopAnalyzer.py
-rwxr-xr-x  1 shardulr fnalgrid  698 Jun 27 18:30 condor_exec.exe
-rw-r--r--  1 shardulr fnalgrid  951 Jun 27 18:30 bJetMatcher.py
-rw-r--r--  1 shardulr fnalgrid    0 Jun 27 18:30 docker_stderror
drwxrwxrwt  2 shardulr fnalgrid 4.0K Jun 27 18:30 tmp
drwxrwxrwt  3 shardulr fnalgrid 4.0K Jun 27 18:30 var
drwxr-xr-x  3 root     root     4.0K Jun 27 18:30 ..
srwxr-xr-x  1 shardulr fnalgrid    0 Jun 27 18:30 .docker_sock
drwxr-xr-x 17 shardulr fnalgrid 4.0K Jun 27 18:30 CMSSW_10_6_19_patch2
drwxr-xr-x  2 shardulr fnalgrid 4.0K Jun 27 18:30 framework
-rw-r--r--  1 shardulr fnalgrid 1.7K Jun 27 18:30 bJetMatcher.pyc
drwxr-xr-x  3 shardulr fnalgrid 4.0K Jun 27 18:30 output
-rw-r--r--  1 shardulr fnalgrid  215 Jun 27 18:30 _condor_stderr
-rw-r--r--  1 shardulr fnalgrid  13K Jun 27 18:44 .update.ad
drwx------  8 shardulr fnalgrid 4.0K Jun 27 18:44 .
-rw-r--r--  1 shardulr fnalgrid 7.5K Jun 27 18:44 _condor_stdout
