[FERMIHTC-APPTAINER]: INFO -- No Apptainer image specified
[FERMIHTC-APPTAINER]: INFO -- Running job on the host machine

[FERMIHTC-APPTAINER]: INFO -- Running ./condor_exec.exe
Starting job on  Tue Jun 27 18:30:14 UTC 2023
Running on: Linux shardulr-2169568-400-cmswn2073.fnal.gov 3.10.0-1160.90.1.el7.x86_64 #1 SMP Thu Apr 27 13:14:20 CDT 2023 x86_64 x86_64 x86_64 GNU/Linux
System software: Scientific Linux release 7.9 (Nitrogen)
Running ls -alrth:
total 164K
-rw-r--r--  1 shardulr fnalgrid  13K Jun 27 18:30 .machine.ad
-rw-r--r--  1 shardulr fnalgrid 5.0K Jun 27 18:30 .job.ad
-rwx------  1 shardulr fnalgrid   49 Jun 27 18:30 .chirp.config
-rw-------  1 shardulr fnalgrid  11K Jun 27 18:30 x509up
drwxr-xr-x  2 shardulr fnalgrid 4.0K Jun 27 18:30 samples
-rw-r--r--  1 shardulr fnalgrid  62K Jun 27 18:30 singleStopAnalyzer.py
drwxr-xr-x  2 shardulr fnalgrid 4.0K Jun 27 18:30 framework
-rwxr-xr-x  1 shardulr fnalgrid  698 Jun 27 18:30 condor_exec.exe
-rw-r--r--  1 shardulr fnalgrid  951 Jun 27 18:30 bJetMatcher.py
-rw-r--r--  1 shardulr fnalgrid    0 Jun 27 18:30 docker_stderror
drwxrwxrwt  3 shardulr fnalgrid 4.0K Jun 27 18:30 var
drwxrwxrwt  2 shardulr fnalgrid 4.0K Jun 27 18:30 tmp
drwxr-xr-x  3 root     root     4.0K Jun 27 18:30 ..
-rw-r--r--  1 shardulr fnalgrid  13K Jun 27 18:30 .update.ad
srwxr-xr-x  1 shardulr fnalgrid    0 Jun 27 18:30 .docker_sock
-rw-r--r--  1 shardulr fnalgrid  113 Jun 27 18:30 _condor_stderr
drwx------  7 shardulr fnalgrid 4.0K Jun 27 18:30 .
drwxr-xr-x 17 shardulr fnalgrid 4.0K Jun 27 18:30 CMSSW_10_6_19_patch2
-rw-r--r--  1 shardulr fnalgrid  453 Jun 27 18:30 _condor_stdout
/storage/local/data1/condor/execute/dir_15762/CMSSW_10_6_19_patch2 is the CMSSW we created on the local worker node
Running over Data2018 files
Blinding data, only using CR cuts (0 loose b's)
Using UL 2018 campaign working points
Pre-select 213887 entries out of 1432698 (14.93%)
Processed    10000/  213887 entries,  4.68% (elapsed time    25.8s, curr speed    0.387 kHz, avg speed    0.387 kHz), accepted     1469/   10001 events (14.69%)
Processed    20000/  213887 entries,  9.35% (elapsed time    51.1s, curr speed    0.395 kHz, avg speed    0.391 kHz), accepted     3091/   20001 events (15.45%)
Processed    30000/  213887 entries, 14.03% (elapsed time    76.5s, curr speed    0.395 kHz, avg speed    0.392 kHz), accepted     4653/   30001 events (15.51%)
Processed    40000/  213887 entries, 18.70% (elapsed time   101.2s, curr speed    0.405 kHz, avg speed    0.395 kHz), accepted     6158/   40001 events (15.39%)
Processed    50000/  213887 entries, 23.38% (elapsed time   125.8s, curr speed    0.406 kHz, avg speed    0.398 kHz), accepted     7636/   50001 events (15.27%)
Processed    60000/  213887 entries, 28.05% (elapsed time   150.1s, curr speed    0.411 kHz, avg speed    0.400 kHz), accepted     9112/   60001 events (15.19%)
Processed    70000/  213887 entries, 32.73% (elapsed time   174.8s, curr speed    0.405 kHz, avg speed    0.401 kHz), accepted    10556/   70001 events (15.08%)
Processed    80000/  213887 entries, 37.40% (elapsed time   199.0s, curr speed    0.413 kHz, avg speed    0.402 kHz), accepted    12000/   80001 events (15.00%)
Processed    90000/  213887 entries, 42.08% (elapsed time   223.5s, curr speed    0.407 kHz, avg speed    0.403 kHz), accepted    13439/   90001 events (14.93%)
Processed   100000/  213887 entries, 46.75% (elapsed time   246.5s, curr speed    0.435 kHz, avg speed    0.406 kHz), accepted    14765/  100001 events (14.76%)
Processed   110000/  213887 entries, 51.43% (elapsed time   270.3s, curr speed    0.421 kHz, avg speed    0.407 kHz), accepted    16142/  110001 events (14.67%)
Processed   120000/  213887 entries, 56.10% (elapsed time   294.0s, curr speed    0.421 kHz, avg speed    0.408 kHz), accepted    17486/  120001 events (14.57%)
Processed   130000/  213887 entries, 60.78% (elapsed time   318.1s, curr speed    0.416 kHz, avg speed    0.409 kHz), accepted    18864/  130001 events (14.51%)
Processed   140000/  213887 entries, 65.46% (elapsed time   344.3s, curr speed    0.382 kHz, avg speed    0.407 kHz), accepted    20427/  140001 events (14.59%)
Processed   150000/  213887 entries, 70.13% (elapsed time   369.9s, curr speed    0.391 kHz, avg speed    0.406 kHz), accepted    21940/  150001 events (14.63%)
Processed   160000/  213887 entries, 74.81% (elapsed time   396.0s, curr speed    0.382 kHz, avg speed    0.404 kHz), accepted    23454/  160001 events (14.66%)
Processed   170000/  213887 entries, 79.48% (elapsed time   422.4s, curr speed    0.380 kHz, avg speed    0.402 kHz), accepted    25045/  170001 events (14.73%)
Processed   180000/  213887 entries, 84.16% (elapsed time   447.2s, curr speed    0.402 kHz, avg speed    0.402 kHz), accepted    26457/  180001 events (14.70%)
Processed   190000/  213887 entries, 88.83% (elapsed time   472.4s, curr speed    0.398 kHz, avg speed    0.402 kHz), accepted    27868/  190001 events (14.67%)
Processed   200000/  213887 entries, 93.51% (elapsed time   498.0s, curr speed    0.391 kHz, avg speed    0.402 kHz), accepted    29363/  200001 events (14.68%)
Processed   210000/  213887 entries, 98.18% (elapsed time   523.5s, curr speed    0.391 kHz, avg speed    0.401 kHz), accepted    30860/  210001 events (14.70%)
Processed 213887 preselected entries from root://cmsxrootd.fnal.gov//store/data/Run2018D/JetHT/NANOAOD/UL2018_MiniAODv2_NanoAODv9-v2/2810000/ABA5CB0A-6BA5-A547-985A-8DD72E9297DD.root (1432698 entries). Finally selected 31407 entries
Total time 545.3 sec. to process 1432698 events. Rate = 2627.4 Hz.
Running pwd:
/storage/local/data1/condor/execute/dir_15762
Running ls -alrth:
total 176K
-rw-r--r--  1 shardulr fnalgrid  13K Jun 27 18:30 .machine.ad
-rw-r--r--  1 shardulr fnalgrid 5.0K Jun 27 18:30 .job.ad
-rwx------  1 shardulr fnalgrid   49 Jun 27 18:30 .chirp.config
-rw-------  1 shardulr fnalgrid  11K Jun 27 18:30 x509up
drwxr-xr-x  2 shardulr fnalgrid 4.0K Jun 27 18:30 samples
-rw-r--r--  1 shardulr fnalgrid  62K Jun 27 18:30 singleStopAnalyzer.py
-rwxr-xr-x  1 shardulr fnalgrid  698 Jun 27 18:30 condor_exec.exe
-rw-r--r--  1 shardulr fnalgrid  951 Jun 27 18:30 bJetMatcher.py
-rw-r--r--  1 shardulr fnalgrid    0 Jun 27 18:30 docker_stderror
drwxrwxrwt  3 shardulr fnalgrid 4.0K Jun 27 18:30 var
drwxrwxrwt  2 shardulr fnalgrid 4.0K Jun 27 18:30 tmp
drwxr-xr-x  3 root     root     4.0K Jun 27 18:30 ..
srwxr-xr-x  1 shardulr fnalgrid    0 Jun 27 18:30 .docker_sock
drwxr-xr-x 17 shardulr fnalgrid 4.0K Jun 27 18:30 CMSSW_10_6_19_patch2
drwxr-xr-x  2 shardulr fnalgrid 4.0K Jun 27 18:30 framework
-rw-r--r--  1 shardulr fnalgrid 1.7K Jun 27 18:30 bJetMatcher.pyc
drwxr-xr-x  3 shardulr fnalgrid 4.0K Jun 27 18:30 output
-rw-r--r--  1 shardulr fnalgrid  215 Jun 27 18:30 _condor_stderr
-rw-r--r--  1 shardulr fnalgrid  13K Jun 27 18:38 .update.ad
drwx------  8 shardulr fnalgrid 4.0K Jun 27 18:38 .
-rw-r--r--  1 shardulr fnalgrid 5.6K Jun 27 18:39 _condor_stdout
