[FERMIHTC-APPTAINER]: INFO -- No Apptainer image specified
[FERMIHTC-APPTAINER]: INFO -- Running job on the host machine

[FERMIHTC-APPTAINER]: INFO -- Running ./condor_exec.exe
Starting job on  Tue Jun 27 18:21:43 UTC 2023
Running on: Linux shardulr-2169568-69-cmswn2067.fnal.gov 3.10.0-1160.90.1.el7.x86_64 #1 SMP Thu Apr 27 13:14:20 CDT 2023 x86_64 x86_64 x86_64 GNU/Linux
System software: Scientific Linux release 7.9 (Nitrogen)
Running ls -alrth:
total 160K
-rw-r--r--  1 shardulr fnalgrid 5.0K Jun 27 18:21 .job.ad
-rw-r--r--  1 shardulr fnalgrid  13K Jun 27 18:21 .machine.ad
-rwx------  1 shardulr fnalgrid   49 Jun 27 18:21 .chirp.config
-rw-------  1 shardulr fnalgrid  11K Jun 27 18:21 x509up
drwxr-xr-x  2 shardulr fnalgrid 4.0K Jun 27 18:21 samples
drwxr-xr-x  2 shardulr fnalgrid 4.0K Jun 27 18:21 framework
-rw-r--r--  1 shardulr fnalgrid  62K Jun 27 18:21 singleStopAnalyzer.py
-rw-r--r--  1 shardulr fnalgrid  951 Jun 27 18:21 bJetMatcher.py
-rwxr-xr-x  1 shardulr fnalgrid  697 Jun 27 18:21 condor_exec.exe
-rw-r--r--  1 shardulr fnalgrid    0 Jun 27 18:21 docker_stderror
drwxrwxrwt  3 shardulr fnalgrid 4.0K Jun 27 18:21 var
drwxrwxrwt  2 shardulr fnalgrid 4.0K Jun 27 18:21 tmp
-rw-r--r--  1 shardulr fnalgrid  12K Jun 27 18:21 .update.ad
drwxr-xr-x  3 root     root     4.0K Jun 27 18:21 ..
srwxr-xr-x  1 shardulr fnalgrid    0 Jun 27 18:21 .docker_sock
-rw-r--r--  1 shardulr fnalgrid  113 Jun 27 18:21 _condor_stderr
drwx------  7 shardulr fnalgrid 4.0K Jun 27 18:21 .
drwxr-xr-x 17 shardulr fnalgrid 4.0K Jun 27 18:21 CMSSW_10_6_19_patch2
-rw-r--r--  1 shardulr fnalgrid  452 Jun 27 18:21 _condor_stdout
/storage/local/data1/condor/execute/dir_32948/CMSSW_10_6_19_patch2 is the CMSSW we created on the local worker node
Running over Data2018 files
Blinding data, only using CR cuts (0 loose b's)
Using UL 2018 campaign working points
Pre-select 187460 entries out of 1435508 (13.06%)
Processed    10000/  187460 entries,  5.33% (elapsed time    26.0s, curr speed    0.385 kHz, avg speed    0.385 kHz), accepted     1264/   10001 events (12.64%)
Processed    20000/  187460 entries, 10.67% (elapsed time    50.0s, curr speed    0.416 kHz, avg speed    0.400 kHz), accepted     2569/   20001 events (12.84%)
Processed    30000/  187460 entries, 16.00% (elapsed time    74.6s, curr speed    0.407 kHz, avg speed    0.402 kHz), accepted     3916/   30001 events (13.05%)
Processed    40000/  187460 entries, 21.34% (elapsed time    98.1s, curr speed    0.425 kHz, avg speed    0.408 kHz), accepted     5206/   40001 events (13.01%)
Processed    50000/  187460 entries, 26.67% (elapsed time   120.1s, curr speed    0.455 kHz, avg speed    0.416 kHz), accepted     6304/   50001 events (12.61%)
Processed    60000/  187460 entries, 32.01% (elapsed time   145.0s, curr speed    0.400 kHz, avg speed    0.414 kHz), accepted     7816/   60001 events (13.03%)
Processed    70000/  187460 entries, 37.34% (elapsed time   169.8s, curr speed    0.404 kHz, avg speed    0.412 kHz), accepted     9293/   70001 events (13.28%)
Processed    80000/  187460 entries, 42.68% (elapsed time   193.4s, curr speed    0.424 kHz, avg speed    0.414 kHz), accepted    10652/   80001 events (13.31%)
Processed    90000/  187460 entries, 48.01% (elapsed time   216.9s, curr speed    0.426 kHz, avg speed    0.415 kHz), accepted    11906/   90001 events (13.23%)
Processed   100000/  187460 entries, 53.34% (elapsed time   241.4s, curr speed    0.408 kHz, avg speed    0.414 kHz), accepted    13319/  100001 events (13.32%)
Processed   110000/  187460 entries, 58.68% (elapsed time   265.2s, curr speed    0.420 kHz, avg speed    0.415 kHz), accepted    14801/  110001 events (13.46%)
Processed   120000/  187460 entries, 64.01% (elapsed time   290.1s, curr speed    0.402 kHz, avg speed    0.414 kHz), accepted    16326/  120001 events (13.60%)
Processed   130000/  187460 entries, 69.35% (elapsed time   314.0s, curr speed    0.419 kHz, avg speed    0.414 kHz), accepted    17700/  130001 events (13.62%)
Processed   140000/  187460 entries, 74.68% (elapsed time   337.9s, curr speed    0.418 kHz, avg speed    0.414 kHz), accepted    19207/  140001 events (13.72%)
Processed   150000/  187460 entries, 80.02% (elapsed time   361.6s, curr speed    0.423 kHz, avg speed    0.415 kHz), accepted    20509/  150001 events (13.67%)
Processed   160000/  187460 entries, 85.35% (elapsed time   385.5s, curr speed    0.418 kHz, avg speed    0.415 kHz), accepted    21951/  160001 events (13.72%)
Processed   170000/  187460 entries, 90.69% (elapsed time   409.3s, curr speed    0.419 kHz, avg speed    0.415 kHz), accepted    23403/  170001 events (13.77%)
Processed   180000/  187460 entries, 96.02% (elapsed time   435.0s, curr speed    0.389 kHz, avg speed    0.414 kHz), accepted    25051/  180001 events (13.92%)
Processed 187460 preselected entries from root://cmsxrootd.fnal.gov//store/data/Run2018A/JetHT/NANOAOD/UL2018_MiniAODv2_NanoAODv9-v2/250000/0D2832D0-CD33-7A4A-8412-26C5A9E34813.root (1435508 entries). Finally selected 26295 entries
Total time 464.8 sec. to process 1435508 events. Rate = 3088.2 Hz.
Running pwd:
/storage/local/data1/condor/execute/dir_32948
Running ls -alrth:
total 176K
-rw-r--r--  1 shardulr fnalgrid 5.0K Jun 27 18:21 .job.ad
-rw-r--r--  1 shardulr fnalgrid  13K Jun 27 18:21 .machine.ad
-rwx------  1 shardulr fnalgrid   49 Jun 27 18:21 .chirp.config
-rw-------  1 shardulr fnalgrid  11K Jun 27 18:21 x509up
drwxr-xr-x  2 shardulr fnalgrid 4.0K Jun 27 18:21 samples
-rw-r--r--  1 shardulr fnalgrid  62K Jun 27 18:21 singleStopAnalyzer.py
-rw-r--r--  1 shardulr fnalgrid  951 Jun 27 18:21 bJetMatcher.py
-rwxr-xr-x  1 shardulr fnalgrid  697 Jun 27 18:21 condor_exec.exe
-rw-r--r--  1 shardulr fnalgrid    0 Jun 27 18:21 docker_stderror
drwxrwxrwt  3 shardulr fnalgrid 4.0K Jun 27 18:21 var
drwxrwxrwt  2 shardulr fnalgrid 4.0K Jun 27 18:21 tmp
drwxr-xr-x  3 root     root     4.0K Jun 27 18:21 ..
srwxr-xr-x  1 shardulr fnalgrid    0 Jun 27 18:21 .docker_sock
drwxr-xr-x 17 shardulr fnalgrid 4.0K Jun 27 18:21 CMSSW_10_6_19_patch2
drwxr-xr-x  2 shardulr fnalgrid 4.0K Jun 27 18:21 framework
-rw-r--r--  1 shardulr fnalgrid 1.7K Jun 27 18:21 bJetMatcher.pyc
drwxr-xr-x  3 shardulr fnalgrid 4.0K Jun 27 18:21 output
-rw-r--r--  1 shardulr fnalgrid  215 Jun 27 18:21 _condor_stderr
-rw-r--r--  1 shardulr fnalgrid  13K Jun 27 18:29 .update.ad
drwx------  8 shardulr fnalgrid 4.0K Jun 27 18:29 .
-rw-r--r--  1 shardulr fnalgrid 5.1K Jun 27 18:29 _condor_stdout
