[FERMIHTC-APPTAINER]: INFO -- No Apptainer image specified
[FERMIHTC-APPTAINER]: INFO -- Running job on the host machine

[FERMIHTC-APPTAINER]: INFO -- Running ./condor_exec.exe
Starting job on  Tue Jun 27 18:30:06 UTC 2023
Running on: Linux shardulr-2169568-387-cmswn2067.fnal.gov 3.10.0-1160.90.1.el7.x86_64 #1 SMP Thu Apr 27 13:14:20 CDT 2023 x86_64 x86_64 x86_64 GNU/Linux
System software: Scientific Linux release 7.9 (Nitrogen)
Running ls -alrth:
total 164K
-rw-r--r--  1 shardulr fnalgrid  13K Jun 27 18:30 .machine.ad
-rw-r--r--  1 shardulr fnalgrid 5.0K Jun 27 18:30 .job.ad
-rwx------  1 shardulr fnalgrid   49 Jun 27 18:30 .chirp.config
-rw-------  1 shardulr fnalgrid  11K Jun 27 18:30 x509up
drwxr-xr-x  2 shardulr fnalgrid 4.0K Jun 27 18:30 samples
-rw-r--r--  1 shardulr fnalgrid  62K Jun 27 18:30 singleStopAnalyzer.py
drwxr-xr-x  2 shardulr fnalgrid 4.0K Jun 27 18:30 framework
-rwxr-xr-x  1 shardulr fnalgrid  698 Jun 27 18:30 condor_exec.exe
-rw-r--r--  1 shardulr fnalgrid  951 Jun 27 18:30 bJetMatcher.py
-rw-r--r--  1 shardulr fnalgrid    0 Jun 27 18:30 docker_stderror
drwxrwxrwt  3 shardulr fnalgrid 4.0K Jun 27 18:30 var
drwxrwxrwt  2 shardulr fnalgrid 4.0K Jun 27 18:30 tmp
drwxr-xr-x  3 root     root     4.0K Jun 27 18:30 ..
srwxr-xr-x  1 shardulr fnalgrid    0 Jun 27 18:30 .docker_sock
-rw-r--r--  1 shardulr fnalgrid  13K Jun 27 18:30 .update.ad
-rw-r--r--  1 shardulr fnalgrid  113 Jun 27 18:30 _condor_stderr
drwx------  7 shardulr fnalgrid 4.0K Jun 27 18:30 .
drwxr-xr-x 17 shardulr fnalgrid 4.0K Jun 27 18:30 CMSSW_10_6_19_patch2
-rw-r--r--  1 shardulr fnalgrid  453 Jun 27 18:30 _condor_stdout
/storage/local/data1/condor/execute/dir_37757/CMSSW_10_6_19_patch2 is the CMSSW we created on the local worker node
Running over Data2018 files
Blinding data, only using CR cuts (0 loose b's)
Using UL 2018 campaign working points
Pre-select 313363 entries out of 2169733 (14.44%)
Processed    10000/  313363 entries,  3.19% (elapsed time    24.2s, curr speed    0.413 kHz, avg speed    0.413 kHz), accepted     1367/   10001 events (13.67%)
Processed    20000/  313363 entries,  6.38% (elapsed time    48.2s, curr speed    0.416 kHz, avg speed    0.415 kHz), accepted     2768/   20001 events (13.84%)
Processed    30000/  313363 entries,  9.57% (elapsed time    72.0s, curr speed    0.420 kHz, avg speed    0.416 kHz), accepted     4156/   30001 events (13.85%)
Processed    40000/  313363 entries, 12.76% (elapsed time    96.6s, curr speed    0.408 kHz, avg speed    0.414 kHz), accepted     5646/   40001 events (14.11%)
Processed    50000/  313363 entries, 15.96% (elapsed time   120.5s, curr speed    0.419 kHz, avg speed    0.415 kHz), accepted     7048/   50001 events (14.10%)
Processed    60000/  313363 entries, 19.15% (elapsed time   143.8s, curr speed    0.429 kHz, avg speed    0.417 kHz), accepted     8351/   60001 events (13.92%)
Processed    70000/  313363 entries, 22.34% (elapsed time   167.6s, curr speed    0.421 kHz, avg speed    0.418 kHz), accepted     9641/   70001 events (13.77%)
Processed    80000/  313363 entries, 25.53% (elapsed time   191.6s, curr speed    0.416 kHz, avg speed    0.418 kHz), accepted    10959/   80001 events (13.70%)
Processed    90000/  313363 entries, 28.72% (elapsed time   215.7s, curr speed    0.416 kHz, avg speed    0.417 kHz), accepted    12273/   90001 events (13.64%)
Processed   100000/  313363 entries, 31.91% (elapsed time   239.7s, curr speed    0.416 kHz, avg speed    0.417 kHz), accepted    13668/  100001 events (13.67%)
Processed   110000/  313363 entries, 35.10% (elapsed time   263.5s, curr speed    0.421 kHz, avg speed    0.418 kHz), accepted    15021/  110001 events (13.66%)
Processed   120000/  313363 entries, 38.29% (elapsed time   288.3s, curr speed    0.402 kHz, avg speed    0.416 kHz), accepted    16517/  120001 events (13.76%)
Processed   130000/  313363 entries, 41.49% (elapsed time   314.7s, curr speed    0.380 kHz, avg speed    0.413 kHz), accepted    18112/  130001 events (13.93%)
Processed   140000/  313363 entries, 44.68% (elapsed time   339.9s, curr speed    0.396 kHz, avg speed    0.412 kHz), accepted    19487/  140001 events (13.92%)
Processed   150000/  313363 entries, 47.87% (elapsed time   365.4s, curr speed    0.391 kHz, avg speed    0.410 kHz), accepted    20848/  150001 events (13.90%)
Processed   160000/  313363 entries, 51.06% (elapsed time   391.9s, curr speed    0.377 kHz, avg speed    0.408 kHz), accepted    22480/  160001 events (14.05%)
Processed   170000/  313363 entries, 54.25% (elapsed time   418.4s, curr speed    0.377 kHz, avg speed    0.406 kHz), accepted    24161/  170001 events (14.21%)
Processed   180000/  313363 entries, 57.44% (elapsed time   444.8s, curr speed    0.379 kHz, avg speed    0.405 kHz), accepted    25746/  180001 events (14.30%)
Processed   190000/  313363 entries, 60.63% (elapsed time   472.2s, curr speed    0.364 kHz, avg speed    0.402 kHz), accepted    27427/  190001 events (14.44%)
Processed   200000/  313363 entries, 63.82% (elapsed time   499.4s, curr speed    0.368 kHz, avg speed    0.400 kHz), accepted    29084/  200001 events (14.54%)
Processed   210000/  313363 entries, 67.01% (elapsed time   524.4s, curr speed    0.401 kHz, avg speed    0.400 kHz), accepted    30417/  210001 events (14.48%)
Processed   220000/  313363 entries, 70.21% (elapsed time   550.3s, curr speed    0.386 kHz, avg speed    0.400 kHz), accepted    31824/  220001 events (14.47%)
Processed   230000/  313363 entries, 73.40% (elapsed time   577.4s, curr speed    0.369 kHz, avg speed    0.398 kHz), accepted    33392/  230001 events (14.52%)
Processed   240000/  313363 entries, 76.59% (elapsed time   604.2s, curr speed    0.372 kHz, avg speed    0.397 kHz), accepted    35062/  240001 events (14.61%)
Processed   250000/  313363 entries, 79.78% (elapsed time   631.3s, curr speed    0.370 kHz, avg speed    0.396 kHz), accepted    36774/  250001 events (14.71%)
Processed   260000/  313363 entries, 82.97% (elapsed time   658.5s, curr speed    0.367 kHz, avg speed    0.395 kHz), accepted    38402/  260001 events (14.77%)
Processed   270000/  313363 entries, 86.16% (elapsed time   684.4s, curr speed    0.387 kHz, avg speed    0.395 kHz), accepted    39853/  270001 events (14.76%)
Processed   280000/  313363 entries, 89.35% (elapsed time   710.2s, curr speed    0.386 kHz, avg speed    0.394 kHz), accepted    41371/  280001 events (14.78%)
Processed   290000/  313363 entries, 92.54% (elapsed time   735.9s, curr speed    0.389 kHz, avg speed    0.394 kHz), accepted    42832/  290001 events (14.77%)
Processed   300000/  313363 entries, 95.74% (elapsed time   762.9s, curr speed    0.371 kHz, avg speed    0.393 kHz), accepted    44344/  300001 events (14.78%)
Processed   310000/  313363 entries, 98.93% (elapsed time   790.1s, curr speed    0.368 kHz, avg speed    0.392 kHz), accepted    45989/  310001 events (14.84%)
Processed 313363 preselected entries from root://cmsxrootd.fnal.gov//store/data/Run2018D/JetHT/NANOAOD/UL2018_MiniAODv2_NanoAODv9-v2/2810000/8E915217-5AD6-F040-AEA4-A2FE432D5709.root (2169733 entries). Finally selected 46565 entries
Total time 811.1 sec. to process 2169733 events. Rate = 2675.0 Hz.
Running pwd:
/storage/local/data1/condor/execute/dir_37757
Running ls -alrth:
total 176K
-rw-r--r--  1 shardulr fnalgrid  13K Jun 27 18:30 .machine.ad
-rw-r--r--  1 shardulr fnalgrid 5.0K Jun 27 18:30 .job.ad
-rwx------  1 shardulr fnalgrid   49 Jun 27 18:30 .chirp.config
-rw-------  1 shardulr fnalgrid  11K Jun 27 18:30 x509up
drwxr-xr-x  2 shardulr fnalgrid 4.0K Jun 27 18:30 samples
-rw-r--r--  1 shardulr fnalgrid  62K Jun 27 18:30 singleStopAnalyzer.py
-rwxr-xr-x  1 shardulr fnalgrid  698 Jun 27 18:30 condor_exec.exe
-rw-r--r--  1 shardulr fnalgrid  951 Jun 27 18:30 bJetMatcher.py
-rw-r--r--  1 shardulr fnalgrid    0 Jun 27 18:30 docker_stderror
drwxrwxrwt  3 shardulr fnalgrid 4.0K Jun 27 18:30 var
drwxrwxrwt  2 shardulr fnalgrid 4.0K Jun 27 18:30 tmp
drwxr-xr-x  3 root     root     4.0K Jun 27 18:30 ..
srwxr-xr-x  1 shardulr fnalgrid    0 Jun 27 18:30 .docker_sock
drwxr-xr-x 17 shardulr fnalgrid 4.0K Jun 27 18:30 CMSSW_10_6_19_patch2
drwxr-xr-x  2 shardulr fnalgrid 4.0K Jun 27 18:30 framework
-rw-r--r--  1 shardulr fnalgrid 1.7K Jun 27 18:30 bJetMatcher.pyc
drwxr-xr-x  3 shardulr fnalgrid 4.0K Jun 27 18:30 output
-rw-r--r--  1 shardulr fnalgrid  215 Jun 27 18:30 _condor_stderr
-rw-r--r--  1 shardulr fnalgrid  13K Jun 27 18:43 .update.ad
drwx------  8 shardulr fnalgrid 4.0K Jun 27 18:43 .
-rw-r--r--  1 shardulr fnalgrid 7.2K Jun 27 18:43 _condor_stdout
