[FERMIHTC-APPTAINER]: INFO -- No Apptainer image specified
[FERMIHTC-APPTAINER]: INFO -- Running job on the host machine

[FERMIHTC-APPTAINER]: INFO -- Running ./condor_exec.exe
Starting job on  Tue Jun 27 18:29:56 UTC 2023
Running on: Linux shardulr-2169568-344-cmswn2038.fnal.gov 3.10.0-1160.90.1.el7.x86_64 #1 SMP Thu Apr 27 13:14:20 CDT 2023 x86_64 x86_64 x86_64 GNU/Linux
System software: Scientific Linux release 7.9 (Nitrogen)
Running ls -alrth:
total 164K
-rw-r--r--  1 shardulr fnalgrid  13K Jun 27 18:29 .machine.ad
-rw-r--r--  1 shardulr fnalgrid 5.0K Jun 27 18:29 .job.ad
-rwx------  1 shardulr fnalgrid   49 Jun 27 18:29 .chirp.config
-rw-------  1 shardulr fnalgrid  11K Jun 27 18:29 x509up
drwxr-xr-x  2 shardulr fnalgrid 4.0K Jun 27 18:29 samples
drwxr-xr-x  2 shardulr fnalgrid 4.0K Jun 27 18:29 framework
-rw-r--r--  1 shardulr fnalgrid  62K Jun 27 18:29 singleStopAnalyzer.py
-rw-r--r--  1 shardulr fnalgrid  951 Jun 27 18:29 bJetMatcher.py
-rwxr-xr-x  1 shardulr fnalgrid  698 Jun 27 18:29 condor_exec.exe
-rw-r--r--  1 shardulr fnalgrid    0 Jun 27 18:29 docker_stderror
drwxrwxrwt  2 shardulr fnalgrid 4.0K Jun 27 18:29 tmp
drwxrwxrwt  3 shardulr fnalgrid 4.0K Jun 27 18:29 var
drwxr-xr-x  3 root     root     4.0K Jun 27 18:29 ..
srwxr-xr-x  1 shardulr fnalgrid    0 Jun 27 18:29 .docker_sock
-rw-r--r--  1 shardulr fnalgrid  13K Jun 27 18:29 .update.ad
-rw-r--r--  1 shardulr fnalgrid  113 Jun 27 18:29 _condor_stderr
drwx------  7 shardulr fnalgrid 4.0K Jun 27 18:29 .
drwxr-xr-x 17 shardulr fnalgrid 4.0K Jun 27 18:29 CMSSW_10_6_19_patch2
-rw-r--r--  1 shardulr fnalgrid  453 Jun 27 18:29 _condor_stdout
/storage/local/data1/condor/execute/dir_14779/CMSSW_10_6_19_patch2 is the CMSSW we created on the local worker node
Running over Data2018 files
Blinding data, only using CR cuts (0 loose b's)
Using UL 2018 campaign working points
Pre-select 189273 entries out of 1274213 (14.85%)
Processed    10000/  189273 entries,  5.28% (elapsed time    26.3s, curr speed    0.380 kHz, avg speed    0.380 kHz), accepted     1353/   10001 events (13.53%)
Processed    20000/  189273 entries, 10.57% (elapsed time    52.2s, curr speed    0.386 kHz, avg speed    0.383 kHz), accepted     2807/   20001 events (14.03%)
Processed    30000/  189273 entries, 15.85% (elapsed time    76.8s, curr speed    0.406 kHz, avg speed    0.391 kHz), accepted     3991/   30001 events (13.30%)
Processed    40000/  189273 entries, 21.13% (elapsed time   102.6s, curr speed    0.387 kHz, avg speed    0.390 kHz), accepted     5427/   40001 events (13.57%)
Processed    50000/  189273 entries, 26.42% (elapsed time   130.9s, curr speed    0.354 kHz, avg speed    0.382 kHz), accepted     7125/   50001 events (14.25%)
Processed    60000/  189273 entries, 31.70% (elapsed time   157.8s, curr speed    0.371 kHz, avg speed    0.380 kHz), accepted     8683/   60001 events (14.47%)
Processed    70000/  189273 entries, 36.98% (elapsed time   180.3s, curr speed    0.444 kHz, avg speed    0.388 kHz), accepted     9615/   70001 events (13.74%)
Processed    80000/  189273 entries, 42.27% (elapsed time   207.6s, curr speed    0.366 kHz, avg speed    0.385 kHz), accepted    10971/   80001 events (13.71%)
Processed    90000/  189273 entries, 47.55% (elapsed time   236.3s, curr speed    0.349 kHz, avg speed    0.381 kHz), accepted    12523/   90001 events (13.91%)
Processed   100000/  189273 entries, 52.83% (elapsed time   264.8s, curr speed    0.351 kHz, avg speed    0.378 kHz), accepted    14071/  100001 events (14.07%)
Processed   110000/  189273 entries, 58.12% (elapsed time   292.1s, curr speed    0.367 kHz, avg speed    0.377 kHz), accepted    15598/  110001 events (14.18%)
Processed   120000/  189273 entries, 63.40% (elapsed time   320.6s, curr speed    0.351 kHz, avg speed    0.374 kHz), accepted    16884/  120001 events (14.07%)
Processed   130000/  189273 entries, 68.68% (elapsed time   345.8s, curr speed    0.398 kHz, avg speed    0.376 kHz), accepted    18256/  130001 events (14.04%)
Processed   140000/  189273 entries, 73.97% (elapsed time   376.4s, curr speed    0.326 kHz, avg speed    0.372 kHz), accepted    19756/  140001 events (14.11%)
Processed   150000/  189273 entries, 79.25% (elapsed time   402.4s, curr speed    0.384 kHz, avg speed    0.373 kHz), accepted    21134/  150001 events (14.09%)
Processed   160000/  189273 entries, 84.53% (elapsed time   429.6s, curr speed    0.369 kHz, avg speed    0.372 kHz), accepted    22655/  160001 events (14.16%)
Processed   170000/  189273 entries, 89.82% (elapsed time   457.5s, curr speed    0.358 kHz, avg speed    0.372 kHz), accepted    24245/  170001 events (14.26%)
Processed   180000/  189273 entries, 95.10% (elapsed time   485.7s, curr speed    0.355 kHz, avg speed    0.371 kHz), accepted    25898/  180001 events (14.39%)
Processed 189273 preselected entries from root://cmsxrootd.fnal.gov//store/data/Run2018D/JetHT/NANOAOD/UL2018_MiniAODv2_NanoAODv9-v2/2540000/5BF3DDAA-A87D-BF42-B48E-9215970F129C.root (1274213 entries). Finally selected 27483 entries
Total time 524.0 sec. to process 1274213 events. Rate = 2431.8 Hz.
Running pwd:
/storage/local/data1/condor/execute/dir_14779
Running ls -alrth:
total 176K
-rw-r--r--  1 shardulr fnalgrid  13K Jun 27 18:29 .machine.ad
-rw-r--r--  1 shardulr fnalgrid 5.0K Jun 27 18:29 .job.ad
-rwx------  1 shardulr fnalgrid   49 Jun 27 18:29 .chirp.config
-rw-------  1 shardulr fnalgrid  11K Jun 27 18:29 x509up
drwxr-xr-x  2 shardulr fnalgrid 4.0K Jun 27 18:29 samples
-rw-r--r--  1 shardulr fnalgrid  62K Jun 27 18:29 singleStopAnalyzer.py
-rw-r--r--  1 shardulr fnalgrid  951 Jun 27 18:29 bJetMatcher.py
-rwxr-xr-x  1 shardulr fnalgrid  698 Jun 27 18:29 condor_exec.exe
-rw-r--r--  1 shardulr fnalgrid    0 Jun 27 18:29 docker_stderror
drwxrwxrwt  2 shardulr fnalgrid 4.0K Jun 27 18:29 tmp
drwxrwxrwt  3 shardulr fnalgrid 4.0K Jun 27 18:29 var
drwxr-xr-x  3 root     root     4.0K Jun 27 18:29 ..
srwxr-xr-x  1 shardulr fnalgrid    0 Jun 27 18:29 .docker_sock
drwxr-xr-x 17 shardulr fnalgrid 4.0K Jun 27 18:29 CMSSW_10_6_19_patch2
drwxr-xr-x  2 shardulr fnalgrid 4.0K Jun 27 18:30 framework
-rw-r--r--  1 shardulr fnalgrid 1.7K Jun 27 18:30 bJetMatcher.pyc
drwxr-xr-x  3 shardulr fnalgrid 4.0K Jun 27 18:30 output
-rw-r--r--  1 shardulr fnalgrid  215 Jun 27 18:30 _condor_stderr
-rw-r--r--  1 shardulr fnalgrid  13K Jun 27 18:38 .update.ad
drwx------  8 shardulr fnalgrid 4.0K Jun 27 18:38 .
-rw-r--r--  1 shardulr fnalgrid 5.1K Jun 27 18:38 _condor_stdout
