[FERMIHTC-APPTAINER]: INFO -- No Apptainer image specified
[FERMIHTC-APPTAINER]: INFO -- Running job on the host machine

[FERMIHTC-APPTAINER]: INFO -- Running ./condor_exec.exe
Starting job on  Tue Jun 27 18:16:41 UTC 2023
Running on: Linux shardulr-2169568-18-cmswn2103.fnal.gov 3.10.0-1160.90.1.el7.x86_64 #1 SMP Thu Apr 27 13:14:20 CDT 2023 x86_64 x86_64 x86_64 GNU/Linux
System software: Scientific Linux release 7.9 (Nitrogen)
Running ls -alrth:
total 156K
-rw-r--r--  1 shardulr fnalgrid 5.1K Jun 27 18:16 .job.ad
-rw-r--r--  1 shardulr fnalgrid  12K Jun 27 18:16 .machine.ad
-rwx------  1 shardulr fnalgrid   49 Jun 27 18:16 .chirp.config
-rw-------  1 shardulr fnalgrid  11K Jun 27 18:16 x509up
drwxr-xr-x  2 shardulr fnalgrid 4.0K Jun 27 18:16 samples
drwxr-xr-x  2 shardulr fnalgrid 4.0K Jun 27 18:16 framework
-rw-r--r--  1 shardulr fnalgrid  62K Jun 27 18:16 singleStopAnalyzer.py
-rwxr-xr-x  1 shardulr fnalgrid  697 Jun 27 18:16 condor_exec.exe
-rw-r--r--  1 shardulr fnalgrid  951 Jun 27 18:16 bJetMatcher.py
-rw-r--r--  1 shardulr fnalgrid    0 Jun 27 18:16 docker_stderror
drwxrwxrwt  3 shardulr fnalgrid 4.0K Jun 27 18:16 var
drwxrwxrwt  2 shardulr fnalgrid 4.0K Jun 27 18:16 tmp
-rw-r--r--  1 shardulr fnalgrid  12K Jun 27 18:16 .update.ad
drwxr-xr-x  3 root     root     4.0K Jun 27 18:16 ..
srwxr-xr-x  1 shardulr fnalgrid    0 Jun 27 18:16 .docker_sock
-rw-r--r--  1 shardulr fnalgrid  113 Jun 27 18:16 _condor_stderr
drwx------  7 shardulr fnalgrid 4.0K Jun 27 18:16 .
drwxr-xr-x 17 shardulr fnalgrid 4.0K Jun 27 18:16 CMSSW_10_6_19_patch2
-rw-r--r--  1 shardulr fnalgrid  452 Jun 27 18:16 _condor_stdout
/storage/local/data1/condor/execute/dir_34127/CMSSW_10_6_19_patch2 is the CMSSW we created on the local worker node
Running over Data2018 files
Blinding data, only using CR cuts (0 loose b's)
Using UL 2018 campaign working points
Pre-select 209276 entries out of 1407424 (14.87%)
Processed    10000/  209276 entries,  4.78% (elapsed time    27.6s, curr speed    0.362 kHz, avg speed    0.362 kHz), accepted     1224/   10001 events (12.24%)
Processed    20000/  209276 entries,  9.56% (elapsed time    55.4s, curr speed    0.360 kHz, avg speed    0.361 kHz), accepted     2707/   20001 events (13.53%)
Processed    30000/  209276 entries, 14.34% (elapsed time    82.1s, curr speed    0.375 kHz, avg speed    0.366 kHz), accepted     4081/   30001 events (13.60%)
Processed    40000/  209276 entries, 19.11% (elapsed time   109.6s, curr speed    0.363 kHz, avg speed    0.365 kHz), accepted     5559/   40001 events (13.90%)
Processed    50000/  209276 entries, 23.89% (elapsed time   137.7s, curr speed    0.356 kHz, avg speed    0.363 kHz), accepted     7086/   50001 events (14.17%)
Processed    60000/  209276 entries, 28.67% (elapsed time   164.1s, curr speed    0.379 kHz, avg speed    0.366 kHz), accepted     8412/   60001 events (14.02%)
Processed    70000/  209276 entries, 33.45% (elapsed time   190.9s, curr speed    0.373 kHz, avg speed    0.367 kHz), accepted     9792/   70001 events (13.99%)
Processed    80000/  209276 entries, 38.23% (elapsed time   218.6s, curr speed    0.361 kHz, avg speed    0.366 kHz), accepted    11223/   80001 events (14.03%)
Processed    90000/  209276 entries, 43.01% (elapsed time   245.6s, curr speed    0.371 kHz, avg speed    0.366 kHz), accepted    12620/   90001 events (14.02%)
Processed   100000/  209276 entries, 47.78% (elapsed time   270.8s, curr speed    0.396 kHz, avg speed    0.369 kHz), accepted    13771/  100001 events (13.77%)
Processed   110000/  209276 entries, 52.56% (elapsed time   296.0s, curr speed    0.396 kHz, avg speed    0.372 kHz), accepted    14924/  110001 events (13.57%)
Processed   120000/  209276 entries, 57.34% (elapsed time   324.1s, curr speed    0.356 kHz, avg speed    0.370 kHz), accepted    16483/  120001 events (13.74%)
Processed   130000/  209276 entries, 62.12% (elapsed time   352.4s, curr speed    0.355 kHz, avg speed    0.369 kHz), accepted    17974/  130001 events (13.83%)
Processed   140000/  209276 entries, 66.90% (elapsed time   377.3s, curr speed    0.401 kHz, avg speed    0.371 kHz), accepted    19077/  140001 events (13.63%)
Processed   150000/  209276 entries, 71.68% (elapsed time   402.8s, curr speed    0.392 kHz, avg speed    0.372 kHz), accepted    20267/  150001 events (13.51%)
Processed   160000/  209276 entries, 76.45% (elapsed time   429.7s, curr speed    0.372 kHz, avg speed    0.372 kHz), accepted    21612/  160001 events (13.51%)
Processed   170000/  209276 entries, 81.23% (elapsed time   456.6s, curr speed    0.371 kHz, avg speed    0.372 kHz), accepted    22990/  170001 events (13.52%)
Processed   180000/  209276 entries, 86.01% (elapsed time   484.7s, curr speed    0.357 kHz, avg speed    0.371 kHz), accepted    24470/  180001 events (13.59%)
Processed   190000/  209276 entries, 90.79% (elapsed time   512.9s, curr speed    0.354 kHz, avg speed    0.370 kHz), accepted    26005/  190001 events (13.69%)
Processed   200000/  209276 entries, 95.57% (elapsed time   542.0s, curr speed    0.344 kHz, avg speed    0.369 kHz), accepted    27581/  200001 events (13.79%)
Processed 209276 preselected entries from root://cmsxrootd.fnal.gov//store/data/Run2018A/JetHT/NANOAOD/UL2018_MiniAODv2_NanoAODv9-v2/100000/00AA9A90-57AA-D147-B4FA-54D6D8DA0D4A.root (1407424 entries). Finally selected 29102 entries
Total time 580.7 sec. to process 1407424 events. Rate = 2423.8 Hz.
Running pwd:
/storage/local/data1/condor/execute/dir_34127
Running ls -alrth:
total 168K
-rw-r--r--  1 shardulr fnalgrid 5.1K Jun 27 18:16 .job.ad
-rw-r--r--  1 shardulr fnalgrid  12K Jun 27 18:16 .machine.ad
-rwx------  1 shardulr fnalgrid   49 Jun 27 18:16 .chirp.config
-rw-------  1 shardulr fnalgrid  11K Jun 27 18:16 x509up
drwxr-xr-x  2 shardulr fnalgrid 4.0K Jun 27 18:16 samples
-rw-r--r--  1 shardulr fnalgrid  62K Jun 27 18:16 singleStopAnalyzer.py
-rwxr-xr-x  1 shardulr fnalgrid  697 Jun 27 18:16 condor_exec.exe
-rw-r--r--  1 shardulr fnalgrid  951 Jun 27 18:16 bJetMatcher.py
-rw-r--r--  1 shardulr fnalgrid    0 Jun 27 18:16 docker_stderror
drwxrwxrwt  3 shardulr fnalgrid 4.0K Jun 27 18:16 var
drwxrwxrwt  2 shardulr fnalgrid 4.0K Jun 27 18:16 tmp
drwxr-xr-x  3 root     root     4.0K Jun 27 18:16 ..
srwxr-xr-x  1 shardulr fnalgrid    0 Jun 27 18:16 .docker_sock
drwxr-xr-x 17 shardulr fnalgrid 4.0K Jun 27 18:16 CMSSW_10_6_19_patch2
drwxr-xr-x  2 shardulr fnalgrid 4.0K Jun 27 18:16 framework
-rw-r--r--  1 shardulr fnalgrid 1.7K Jun 27 18:16 bJetMatcher.pyc
drwxr-xr-x  3 shardulr fnalgrid 4.0K Jun 27 18:16 output
-rw-r--r--  1 shardulr fnalgrid  215 Jun 27 18:16 _condor_stderr
-rw-r--r--  1 shardulr fnalgrid  12K Jun 27 18:25 .update.ad
drwx------  8 shardulr fnalgrid 4.0K Jun 27 18:25 .
-rw-r--r--  1 shardulr fnalgrid 5.4K Jun 27 18:26 _condor_stdout
