[FERMIHTC-APPTAINER]: INFO -- No Apptainer image specified
[FERMIHTC-APPTAINER]: INFO -- Running job on the host machine

[FERMIHTC-APPTAINER]: INFO -- Running ./condor_exec.exe
Starting job on  Tue Jun 27 18:29:45 UTC 2023
Running on: Linux shardulr-2169568-297-cmswn2020.fnal.gov 3.10.0-1160.90.1.el7.x86_64 #1 SMP Thu Apr 27 13:14:20 CDT 2023 x86_64 x86_64 x86_64 GNU/Linux
System software: Scientific Linux release 7.9 (Nitrogen)
Running ls -alrth:
total 164K
-rw-r--r--  1 shardulr fnalgrid  13K Jun 27 18:29 .machine.ad
-rw-r--r--  1 shardulr fnalgrid 5.0K Jun 27 18:29 .job.ad
-rwx------  1 shardulr fnalgrid   49 Jun 27 18:29 .chirp.config
-rw-------  1 shardulr fnalgrid  11K Jun 27 18:29 x509up
drwxr-xr-x  2 shardulr fnalgrid 4.0K Jun 27 18:29 samples
-rw-r--r--  1 shardulr fnalgrid  62K Jun 27 18:29 singleStopAnalyzer.py
drwxr-xr-x  2 shardulr fnalgrid 4.0K Jun 27 18:29 framework
-rwxr-xr-x  1 shardulr fnalgrid  698 Jun 27 18:29 condor_exec.exe
-rw-r--r--  1 shardulr fnalgrid  951 Jun 27 18:29 bJetMatcher.py
-rw-r--r--  1 shardulr fnalgrid    0 Jun 27 18:29 docker_stderror
drwxrwxrwt  3 shardulr fnalgrid 4.0K Jun 27 18:29 var
drwxrwxrwt  2 shardulr fnalgrid 4.0K Jun 27 18:29 tmp
-rw-r--r--  1 shardulr fnalgrid  13K Jun 27 18:29 .update.ad
drwxr-xr-x  3 root     root     4.0K Jun 27 18:29 ..
srwxr-xr-x  1 shardulr fnalgrid    0 Jun 27 18:29 .docker_sock
-rw-r--r--  1 shardulr fnalgrid  113 Jun 27 18:29 _condor_stderr
drwx------  7 shardulr fnalgrid 4.0K Jun 27 18:29 .
drwxr-xr-x 17 shardulr fnalgrid 4.0K Jun 27 18:29 CMSSW_10_6_19_patch2
-rw-r--r--  1 shardulr fnalgrid  453 Jun 27 18:29 _condor_stdout
/storage/local/data1/condor/execute/dir_27489/CMSSW_10_6_19_patch2 is the CMSSW we created on the local worker node
Running over Data2018 files
Blinding data, only using CR cuts (0 loose b's)
Using UL 2018 campaign working points
Pre-select 196727 entries out of 1351839 (14.55%)
Processed    10000/  196727 entries,  5.08% (elapsed time    24.7s, curr speed    0.406 kHz, avg speed    0.406 kHz), accepted     1276/   10001 events (12.76%)
Processed    20000/  196727 entries, 10.17% (elapsed time    48.0s, curr speed    0.427 kHz, avg speed    0.416 kHz), accepted     2550/   20001 events (12.75%)
Processed    30000/  196727 entries, 15.25% (elapsed time    72.0s, curr speed    0.418 kHz, avg speed    0.417 kHz), accepted     3906/   30001 events (13.02%)
Processed    40000/  196727 entries, 20.33% (elapsed time    95.7s, curr speed    0.422 kHz, avg speed    0.418 kHz), accepted     5169/   40001 events (12.92%)
Processed    50000/  196727 entries, 25.42% (elapsed time   120.6s, curr speed    0.401 kHz, avg speed    0.414 kHz), accepted     6676/   50001 events (13.35%)
Processed    60000/  196727 entries, 30.50% (elapsed time   144.2s, curr speed    0.423 kHz, avg speed    0.416 kHz), accepted     7965/   60001 events (13.27%)
Processed    70000/  196727 entries, 35.58% (elapsed time   169.1s, curr speed    0.402 kHz, avg speed    0.414 kHz), accepted     9503/   70001 events (13.58%)
Processed    80000/  196727 entries, 40.67% (elapsed time   193.6s, curr speed    0.407 kHz, avg speed    0.413 kHz), accepted    10974/   80001 events (13.72%)
Processed    90000/  196727 entries, 45.75% (elapsed time   218.8s, curr speed    0.398 kHz, avg speed    0.411 kHz), accepted    12549/   90001 events (13.94%)
Processed   100000/  196727 entries, 50.83% (elapsed time   244.9s, curr speed    0.383 kHz, avg speed    0.408 kHz), accepted    14223/  100001 events (14.22%)
Processed   110000/  196727 entries, 55.92% (elapsed time   270.9s, curr speed    0.384 kHz, avg speed    0.406 kHz), accepted    15935/  110001 events (14.49%)
Processed   120000/  196727 entries, 61.00% (elapsed time   297.6s, curr speed    0.374 kHz, avg speed    0.403 kHz), accepted    17722/  120001 events (14.77%)
Processed   130000/  196727 entries, 66.08% (elapsed time   323.6s, curr speed    0.385 kHz, avg speed    0.402 kHz), accepted    19418/  130001 events (14.94%)
Processed   140000/  196727 entries, 71.16% (elapsed time   347.9s, curr speed    0.412 kHz, avg speed    0.402 kHz), accepted    20910/  140001 events (14.94%)
Processed   150000/  196727 entries, 76.25% (elapsed time   373.3s, curr speed    0.393 kHz, avg speed    0.402 kHz), accepted    22514/  150001 events (15.01%)
Processed   160000/  196727 entries, 81.33% (elapsed time   398.4s, curr speed    0.398 kHz, avg speed    0.402 kHz), accepted    24123/  160001 events (15.08%)
Processed   170000/  196727 entries, 86.41% (elapsed time   423.5s, curr speed    0.398 kHz, avg speed    0.401 kHz), accepted    25721/  170001 events (15.13%)
Processed   180000/  196727 entries, 91.50% (elapsed time   448.9s, curr speed    0.393 kHz, avg speed    0.401 kHz), accepted    27147/  180001 events (15.08%)
Processed   190000/  196727 entries, 96.58% (elapsed time   472.9s, curr speed    0.417 kHz, avg speed    0.402 kHz), accepted    28446/  190001 events (14.97%)
Processed 196727 preselected entries from root://cmsxrootd.fnal.gov//store/data/Run2018D/JetHT/NANOAOD/UL2018_MiniAODv2_NanoAODv9-v2/2540000/CC335DFC-7560-F54E-A375-69EDD513A013.root (1351839 entries). Finally selected 29298 entries
Total time 495.4 sec. to process 1351839 events. Rate = 2728.6 Hz.
Running pwd:
/storage/local/data1/condor/execute/dir_27489
Running ls -alrth:
total 176K
-rw-r--r--  1 shardulr fnalgrid  13K Jun 27 18:29 .machine.ad
-rw-r--r--  1 shardulr fnalgrid 5.0K Jun 27 18:29 .job.ad
-rwx------  1 shardulr fnalgrid   49 Jun 27 18:29 .chirp.config
-rw-------  1 shardulr fnalgrid  11K Jun 27 18:29 x509up
drwxr-xr-x  2 shardulr fnalgrid 4.0K Jun 27 18:29 samples
-rw-r--r--  1 shardulr fnalgrid  62K Jun 27 18:29 singleStopAnalyzer.py
-rwxr-xr-x  1 shardulr fnalgrid  698 Jun 27 18:29 condor_exec.exe
-rw-r--r--  1 shardulr fnalgrid  951 Jun 27 18:29 bJetMatcher.py
-rw-r--r--  1 shardulr fnalgrid    0 Jun 27 18:29 docker_stderror
drwxrwxrwt  3 shardulr fnalgrid 4.0K Jun 27 18:29 var
drwxrwxrwt  2 shardulr fnalgrid 4.0K Jun 27 18:29 tmp
drwxr-xr-x  3 root     root     4.0K Jun 27 18:29 ..
srwxr-xr-x  1 shardulr fnalgrid    0 Jun 27 18:29 .docker_sock
drwxr-xr-x 17 shardulr fnalgrid 4.0K Jun 27 18:29 CMSSW_10_6_19_patch2
drwxr-xr-x  2 shardulr fnalgrid 4.0K Jun 27 18:29 framework
-rw-r--r--  1 shardulr fnalgrid 1.7K Jun 27 18:29 bJetMatcher.pyc
drwxr-xr-x  3 shardulr fnalgrid 4.0K Jun 27 18:29 output
-rw-r--r--  1 shardulr fnalgrid  215 Jun 27 18:29 _condor_stderr
-rw-r--r--  1 shardulr fnalgrid  13K Jun 27 18:38 .update.ad
drwx------  8 shardulr fnalgrid 4.0K Jun 27 18:38 .
-rw-r--r--  1 shardulr fnalgrid 5.3K Jun 27 18:38 _condor_stdout
