[FERMIHTC-APPTAINER]: INFO -- No Apptainer image specified
[FERMIHTC-APPTAINER]: INFO -- Running job on the host machine

[FERMIHTC-APPTAINER]: INFO -- Running ./condor_exec.exe
Starting job on  Tue Jun 27 18:18:09 UTC 2023
Running on: Linux shardulr-2169568-31-cmswn2083.fnal.gov 3.10.0-1160.90.1.el7.x86_64 #1 SMP Thu Apr 27 13:14:20 CDT 2023 x86_64 x86_64 x86_64 GNU/Linux
System software: Scientific Linux release 7.9 (Nitrogen)
Running ls -alrth:
total 156K
-rw-r--r--  1 shardulr fnalgrid  12K Jun 27 18:18 .machine.ad
-rw-r--r--  1 shardulr fnalgrid 5.0K Jun 27 18:18 .job.ad
-rwx------  1 shardulr fnalgrid   49 Jun 27 18:18 .chirp.config
-rw-------  1 shardulr fnalgrid  11K Jun 27 18:18 x509up
drwxr-xr-x  2 shardulr fnalgrid 4.0K Jun 27 18:18 samples
drwxr-xr-x  2 shardulr fnalgrid 4.0K Jun 27 18:18 framework
-rw-r--r--  1 shardulr fnalgrid  62K Jun 27 18:18 singleStopAnalyzer.py
-rwxr-xr-x  1 shardulr fnalgrid  697 Jun 27 18:18 condor_exec.exe
-rw-r--r--  1 shardulr fnalgrid  951 Jun 27 18:18 bJetMatcher.py
-rw-r--r--  1 shardulr fnalgrid    0 Jun 27 18:18 docker_stderror
drwxrwxrwt  3 shardulr fnalgrid 4.0K Jun 27 18:18 var
drwxrwxrwt  2 shardulr fnalgrid 4.0K Jun 27 18:18 tmp
drwxr-xr-x  3 root     root     4.0K Jun 27 18:18 ..
srwxr-xr-x  1 shardulr fnalgrid    0 Jun 27 18:18 .docker_sock
-rw-r--r--  1 shardulr fnalgrid  113 Jun 27 18:18 _condor_stderr
drwxr-xr-x 17 shardulr fnalgrid 4.0K Jun 27 18:18 CMSSW_10_6_19_patch2
-rw-r--r--  1 shardulr fnalgrid  452 Jun 27 18:18 _condor_stdout
-rw-r--r--  1 shardulr fnalgrid  12K Jun 27 18:18 .update.ad
drwx------  7 shardulr fnalgrid 4.0K Jun 27 18:18 .
/storage/local/data1/condor/execute/dir_33715/CMSSW_10_6_19_patch2 is the CMSSW we created on the local worker node
Running over Data2018 files
Blinding data, only using CR cuts (0 loose b's)
Using UL 2018 campaign working points
Pre-select 165214 entries out of 1188476 (13.90%)
Processed    10000/  165214 entries,  6.05% (elapsed time    25.9s, curr speed    0.386 kHz, avg speed    0.386 kHz), accepted     1206/   10001 events (12.06%)
Processed    20000/  165214 entries, 12.11% (elapsed time    50.7s, curr speed    0.404 kHz, avg speed    0.395 kHz), accepted     2386/   20001 events (11.93%)
Processed    30000/  165214 entries, 18.16% (elapsed time    75.3s, curr speed    0.405 kHz, avg speed    0.398 kHz), accepted     3649/   30001 events (12.16%)
Processed    40000/  165214 entries, 24.21% (elapsed time    99.1s, curr speed    0.420 kHz, avg speed    0.404 kHz), accepted     4923/   40001 events (12.31%)
Processed    50000/  165214 entries, 30.26% (elapsed time   124.6s, curr speed    0.393 kHz, avg speed    0.401 kHz), accepted     6378/   50001 events (12.76%)
Processed    60000/  165214 entries, 36.32% (elapsed time   150.4s, curr speed    0.387 kHz, avg speed    0.399 kHz), accepted     7836/   60001 events (13.06%)
Processed    70000/  165214 entries, 42.37% (elapsed time   175.6s, curr speed    0.397 kHz, avg speed    0.399 kHz), accepted     9250/   70001 events (13.21%)
Processed    80000/  165214 entries, 48.42% (elapsed time   200.4s, curr speed    0.402 kHz, avg speed    0.399 kHz), accepted    10572/   80001 events (13.21%)
Processed    90000/  165214 entries, 54.47% (elapsed time   226.0s, curr speed    0.391 kHz, avg speed    0.398 kHz), accepted    11845/   90001 events (13.16%)
Processed   100000/  165214 entries, 60.53% (elapsed time   251.2s, curr speed    0.397 kHz, avg speed    0.398 kHz), accepted    13225/  100001 events (13.22%)
Processed   110000/  165214 entries, 66.58% (elapsed time   276.7s, curr speed    0.391 kHz, avg speed    0.397 kHz), accepted    14563/  110001 events (13.24%)
Processed   120000/  165214 entries, 72.63% (elapsed time   302.2s, curr speed    0.392 kHz, avg speed    0.397 kHz), accepted    15987/  120001 events (13.32%)
Processed   130000/  165214 entries, 78.69% (elapsed time   328.4s, curr speed    0.382 kHz, avg speed    0.396 kHz), accepted    17437/  130001 events (13.41%)
Processed   140000/  165214 entries, 84.74% (elapsed time   353.8s, curr speed    0.394 kHz, avg speed    0.396 kHz), accepted    18697/  140001 events (13.35%)
Processed   150000/  165214 entries, 90.79% (elapsed time   378.6s, curr speed    0.403 kHz, avg speed    0.396 kHz), accepted    19955/  150001 events (13.30%)
Processed   160000/  165214 entries, 96.84% (elapsed time   403.3s, curr speed    0.405 kHz, avg speed    0.397 kHz), accepted    21241/  160001 events (13.28%)
Processed 165214 preselected entries from root://cmsxrootd.fnal.gov//store/data/Run2018A/JetHT/NANOAOD/UL2018_MiniAODv2_NanoAODv9-v2/100000/9E04A0D2-99B8-EF46-A56A-3AC76793F0D8.root (1188476 entries). Finally selected 22024 entries
Total time 430.2 sec. to process 1188476 events. Rate = 2762.9 Hz.
Running pwd:
/storage/local/data1/condor/execute/dir_33715
Running ls -alrth:
total 168K
-rw-r--r--  1 shardulr fnalgrid  12K Jun 27 18:18 .machine.ad
-rw-r--r--  1 shardulr fnalgrid 5.0K Jun 27 18:18 .job.ad
-rwx------  1 shardulr fnalgrid   49 Jun 27 18:18 .chirp.config
-rw-------  1 shardulr fnalgrid  11K Jun 27 18:18 x509up
drwxr-xr-x  2 shardulr fnalgrid 4.0K Jun 27 18:18 samples
-rw-r--r--  1 shardulr fnalgrid  62K Jun 27 18:18 singleStopAnalyzer.py
-rwxr-xr-x  1 shardulr fnalgrid  697 Jun 27 18:18 condor_exec.exe
-rw-r--r--  1 shardulr fnalgrid  951 Jun 27 18:18 bJetMatcher.py
-rw-r--r--  1 shardulr fnalgrid    0 Jun 27 18:18 docker_stderror
drwxrwxrwt  3 shardulr fnalgrid 4.0K Jun 27 18:18 var
drwxrwxrwt  2 shardulr fnalgrid 4.0K Jun 27 18:18 tmp
drwxr-xr-x  3 root     root     4.0K Jun 27 18:18 ..
srwxr-xr-x  1 shardulr fnalgrid    0 Jun 27 18:18 .docker_sock
drwxr-xr-x 17 shardulr fnalgrid 4.0K Jun 27 18:18 CMSSW_10_6_19_patch2
drwxr-xr-x  2 shardulr fnalgrid 4.0K Jun 27 18:18 framework
-rw-r--r--  1 shardulr fnalgrid 1.7K Jun 27 18:18 bJetMatcher.pyc
drwxr-xr-x  3 shardulr fnalgrid 4.0K Jun 27 18:18 output
-rw-r--r--  1 shardulr fnalgrid  215 Jun 27 18:18 _condor_stderr
-rw-r--r--  1 shardulr fnalgrid  12K Jun 27 18:24 .update.ad
drwx------  8 shardulr fnalgrid 4.0K Jun 27 18:24 .
-rw-r--r--  1 shardulr fnalgrid 4.8K Jun 27 18:25 _condor_stdout
