[FERMIHTC-APPTAINER]: INFO -- No Apptainer image specified
[FERMIHTC-APPTAINER]: INFO -- Running job on the host machine

[FERMIHTC-APPTAINER]: INFO -- Running ./condor_exec.exe
Starting job on  Tue Jun 27 18:18:15 UTC 2023
Running on: Linux shardulr-2169568-37-cmswn2024.fnal.gov 3.10.0-1160.90.1.el7.x86_64 #1 SMP Thu Apr 27 13:14:20 CDT 2023 x86_64 x86_64 x86_64 GNU/Linux
System software: Scientific Linux release 7.9 (Nitrogen)
Running ls -alrth:
total 156K
-rw-r--r--  1 shardulr fnalgrid 5.0K Jun 27 18:18 .job.ad
-rw-r--r--  1 shardulr fnalgrid  11K Jun 27 18:18 .machine.ad
-rwx------  1 shardulr fnalgrid   49 Jun 27 18:18 .chirp.config
-rw-------  1 shardulr fnalgrid  11K Jun 27 18:18 x509up
drwxr-xr-x  2 shardulr fnalgrid 4.0K Jun 27 18:18 samples
drwxr-xr-x  2 shardulr fnalgrid 4.0K Jun 27 18:18 framework
-rw-r--r--  1 shardulr fnalgrid  62K Jun 27 18:18 singleStopAnalyzer.py
-rw-r--r--  1 shardulr fnalgrid  951 Jun 27 18:18 bJetMatcher.py
-rwxr-xr-x  1 shardulr fnalgrid  697 Jun 27 18:18 condor_exec.exe
-rw-r--r--  1 shardulr fnalgrid    0 Jun 27 18:18 docker_stderror
drwxrwxrwt  3 shardulr fnalgrid 4.0K Jun 27 18:18 var
drwxrwxrwt  2 shardulr fnalgrid 4.0K Jun 27 18:18 tmp
-rw-r--r--  1 shardulr fnalgrid  11K Jun 27 18:18 .update.ad
drwxr-xr-x  3 root     root     4.0K Jun 27 18:18 ..
srwxr-xr-x  1 shardulr fnalgrid    0 Jun 27 18:18 .docker_sock
-rw-r--r--  1 shardulr fnalgrid  113 Jun 27 18:18 _condor_stderr
drwx------  7 shardulr fnalgrid 4.0K Jun 27 18:18 .
drwxr-xr-x 17 shardulr fnalgrid 4.0K Jun 27 18:18 CMSSW_10_6_19_patch2
-rw-r--r--  1 shardulr fnalgrid  452 Jun 27 18:18 _condor_stdout
/storage/local/data1/condor/execute/dir_16700/CMSSW_10_6_19_patch2 is the CMSSW we created on the local worker node
Running over Data2018 files
Blinding data, only using CR cuts (0 loose b's)
Using UL 2018 campaign working points
Pre-select 113760 entries out of 829368 (13.72%)
Processed    10000/  113760 entries,  8.79% (elapsed time    23.2s, curr speed    0.431 kHz, avg speed    0.431 kHz), accepted     1192/   10001 events (11.92%)
Processed    20000/  113760 entries, 17.58% (elapsed time    46.4s, curr speed    0.432 kHz, avg speed    0.431 kHz), accepted     2565/   20001 events (12.82%)
Processed    30000/  113760 entries, 26.37% (elapsed time    70.1s, curr speed    0.421 kHz, avg speed    0.428 kHz), accepted     4062/   30001 events (13.54%)
Processed    40000/  113760 entries, 35.16% (elapsed time    93.8s, curr speed    0.423 kHz, avg speed    0.427 kHz), accepted     5469/   40001 events (13.67%)
Processed    50000/  113760 entries, 43.95% (elapsed time   117.4s, curr speed    0.422 kHz, avg speed    0.426 kHz), accepted     6947/   50001 events (13.89%)
Processed    60000/  113760 entries, 52.74% (elapsed time   139.9s, curr speed    0.446 kHz, avg speed    0.429 kHz), accepted     8379/   60001 events (13.96%)
Processed    70000/  113760 entries, 61.53% (elapsed time   162.8s, curr speed    0.436 kHz, avg speed    0.430 kHz), accepted     9852/   70001 events (14.07%)
Processed    80000/  113760 entries, 70.32% (elapsed time   186.2s, curr speed    0.428 kHz, avg speed    0.430 kHz), accepted    11362/   80001 events (14.20%)
Processed    90000/  113760 entries, 79.11% (elapsed time   208.0s, curr speed    0.458 kHz, avg speed    0.433 kHz), accepted    12601/   90001 events (14.00%)
Processed   100000/  113760 entries, 87.90% (elapsed time   231.2s, curr speed    0.431 kHz, avg speed    0.433 kHz), accepted    14097/  100001 events (14.10%)
Processed   110000/  113760 entries, 96.69% (elapsed time   253.4s, curr speed    0.450 kHz, avg speed    0.434 kHz), accepted    15402/  110001 events (14.00%)
Processed 113760 preselected entries from root://cmsxrootd.fnal.gov//store/data/Run2018A/JetHT/NANOAOD/UL2018_MiniAODv2_NanoAODv9-v2/250000/198AB97E-A7D1-B44E-8512-454A396379E9.root (829368 entries). Finally selected 15976 entries
Total time 270.0 sec. to process 829368 events. Rate = 3072.1 Hz.
Running pwd:
/storage/local/data1/condor/execute/dir_16700
Running ls -alrth:
total 164K
-rw-r--r--  1 shardulr fnalgrid 5.0K Jun 27 18:18 .job.ad
-rw-r--r--  1 shardulr fnalgrid  11K Jun 27 18:18 .machine.ad
-rwx------  1 shardulr fnalgrid   49 Jun 27 18:18 .chirp.config
-rw-------  1 shardulr fnalgrid  11K Jun 27 18:18 x509up
drwxr-xr-x  2 shardulr fnalgrid 4.0K Jun 27 18:18 samples
-rw-r--r--  1 shardulr fnalgrid  62K Jun 27 18:18 singleStopAnalyzer.py
-rw-r--r--  1 shardulr fnalgrid  951 Jun 27 18:18 bJetMatcher.py
-rwxr-xr-x  1 shardulr fnalgrid  697 Jun 27 18:18 condor_exec.exe
-rw-r--r--  1 shardulr fnalgrid    0 Jun 27 18:18 docker_stderror
drwxrwxrwt  3 shardulr fnalgrid 4.0K Jun 27 18:18 var
drwxrwxrwt  2 shardulr fnalgrid 4.0K Jun 27 18:18 tmp
drwxr-xr-x  3 root     root     4.0K Jun 27 18:18 ..
srwxr-xr-x  1 shardulr fnalgrid    0 Jun 27 18:18 .docker_sock
drwxr-xr-x 17 shardulr fnalgrid 4.0K Jun 27 18:18 CMSSW_10_6_19_patch2
drwxr-xr-x  2 shardulr fnalgrid 4.0K Jun 27 18:18 framework
-rw-r--r--  1 shardulr fnalgrid 1.7K Jun 27 18:18 bJetMatcher.pyc
drwxr-xr-x  3 shardulr fnalgrid 4.0K Jun 27 18:18 output
-rw-r--r--  1 shardulr fnalgrid  215 Jun 27 18:18 _condor_stderr
-rw-r--r--  1 shardulr fnalgrid  11K Jun 27 18:20 .update.ad
drwx------  8 shardulr fnalgrid 4.0K Jun 27 18:20 .
-rw-r--r--  1 shardulr fnalgrid 4.0K Jun 27 18:22 _condor_stdout
