[FERMIHTC-APPTAINER]: INFO -- No Apptainer image specified
[FERMIHTC-APPTAINER]: INFO -- Running job on the host machine

[FERMIHTC-APPTAINER]: INFO -- Running ./condor_exec.exe
Starting job on  Tue Jun 27 18:30:30 UTC 2023
Running on: Linux shardulr-2169568-467-cmswn2070.fnal.gov 3.10.0-1160.90.1.el7.x86_64 #1 SMP Thu Apr 27 13:14:20 CDT 2023 x86_64 x86_64 x86_64 GNU/Linux
System software: Scientific Linux release 7.9 (Nitrogen)
Running ls -alrth:
total 164K
-rw-r--r--  1 shardulr fnalgrid 5.0K Jun 27 18:30 .job.ad
-rw-r--r--  1 shardulr fnalgrid  13K Jun 27 18:30 .machine.ad
-rwx------  1 shardulr fnalgrid   49 Jun 27 18:30 .chirp.config
-rw-------  1 shardulr fnalgrid  11K Jun 27 18:30 x509up
drwxr-xr-x  2 shardulr fnalgrid 4.0K Jun 27 18:30 samples
-rw-r--r--  1 shardulr fnalgrid  62K Jun 27 18:30 singleStopAnalyzer.py
drwxr-xr-x  2 shardulr fnalgrid 4.0K Jun 27 18:30 framework
-rwxr-xr-x  1 shardulr fnalgrid  698 Jun 27 18:30 condor_exec.exe
-rw-r--r--  1 shardulr fnalgrid  951 Jun 27 18:30 bJetMatcher.py
-rw-r--r--  1 shardulr fnalgrid    0 Jun 27 18:30 docker_stderror
drwxrwxrwt  3 shardulr fnalgrid 4.0K Jun 27 18:30 var
drwxrwxrwt  2 shardulr fnalgrid 4.0K Jun 27 18:30 tmp
-rw-r--r--  1 shardulr fnalgrid  13K Jun 27 18:30 .update.ad
drwxr-xr-x  3 root     root     4.0K Jun 27 18:30 ..
srwxr-xr-x  1 shardulr fnalgrid    0 Jun 27 18:30 .docker_sock
-rw-r--r--  1 shardulr fnalgrid  113 Jun 27 18:30 _condor_stderr
drwx------  7 shardulr fnalgrid 4.0K Jun 27 18:30 .
drwxr-xr-x 17 shardulr fnalgrid 4.0K Jun 27 18:30 CMSSW_10_6_19_patch2
-rw-r--r--  1 shardulr fnalgrid  453 Jun 27 18:30 _condor_stdout
/storage/local/data1/condor/execute/dir_58168/CMSSW_10_6_19_patch2 is the CMSSW we created on the local worker node
Running over Data2018 files
Blinding data, only using CR cuts (0 loose b's)
Using UL 2018 campaign working points
Pre-select 326627 entries out of 2283044 (14.31%)
Processed    10000/  326627 entries,  3.06% (elapsed time    26.3s, curr speed    0.380 kHz, avg speed    0.380 kHz), accepted     1286/   10001 events (12.86%)
Processed    20000/  326627 entries,  6.12% (elapsed time    51.9s, curr speed    0.391 kHz, avg speed    0.385 kHz), accepted     2630/   20001 events (13.15%)
Processed    30000/  326627 entries,  9.18% (elapsed time    77.1s, curr speed    0.397 kHz, avg speed    0.389 kHz), accepted     3948/   30001 events (13.16%)
Processed    40000/  326627 entries, 12.25% (elapsed time   103.4s, curr speed    0.380 kHz, avg speed    0.387 kHz), accepted     5326/   40001 events (13.31%)
Processed    50000/  326627 entries, 15.31% (elapsed time   129.4s, curr speed    0.384 kHz, avg speed    0.386 kHz), accepted     6740/   50001 events (13.48%)
Processed    60000/  326627 entries, 18.37% (elapsed time   155.0s, curr speed    0.390 kHz, avg speed    0.387 kHz), accepted     8121/   60001 events (13.53%)
Processed    70000/  326627 entries, 21.43% (elapsed time   181.1s, curr speed    0.383 kHz, avg speed    0.386 kHz), accepted     9532/   70001 events (13.62%)
Processed    80000/  326627 entries, 24.49% (elapsed time   206.3s, curr speed    0.397 kHz, avg speed    0.388 kHz), accepted    10919/   80001 events (13.65%)
Processed    90000/  326627 entries, 27.55% (elapsed time   227.9s, curr speed    0.462 kHz, avg speed    0.395 kHz), accepted    11862/   90001 events (13.18%)
Processed   100000/  326627 entries, 30.62% (elapsed time   252.6s, curr speed    0.406 kHz, avg speed    0.396 kHz), accepted    13144/  100001 events (13.14%)
Processed   110000/  326627 entries, 33.68% (elapsed time   276.5s, curr speed    0.417 kHz, avg speed    0.398 kHz), accepted    14372/  110001 events (13.07%)
Processed   120000/  326627 entries, 36.74% (elapsed time   300.3s, curr speed    0.422 kHz, avg speed    0.400 kHz), accepted    15566/  120001 events (12.97%)
Processed   130000/  326627 entries, 39.80% (elapsed time   323.8s, curr speed    0.425 kHz, avg speed    0.401 kHz), accepted    16784/  130001 events (12.91%)
Processed   140000/  326627 entries, 42.86% (elapsed time   348.1s, curr speed    0.412 kHz, avg speed    0.402 kHz), accepted    18042/  140001 events (12.89%)
Processed   150000/  326627 entries, 45.92% (elapsed time   372.7s, curr speed    0.407 kHz, avg speed    0.403 kHz), accepted    19302/  150001 events (12.87%)
Processed   160000/  326627 entries, 48.99% (elapsed time   397.8s, curr speed    0.398 kHz, avg speed    0.402 kHz), accepted    20602/  160001 events (12.88%)
Processed   170000/  326627 entries, 52.05% (elapsed time   423.6s, curr speed    0.388 kHz, avg speed    0.401 kHz), accepted    21979/  170001 events (12.93%)
Processed   180000/  326627 entries, 55.11% (elapsed time   450.4s, curr speed    0.372 kHz, avg speed    0.400 kHz), accepted    23541/  180001 events (13.08%)
Processed   190000/  326627 entries, 58.17% (elapsed time   476.8s, curr speed    0.379 kHz, avg speed    0.398 kHz), accepted    25116/  190001 events (13.22%)
Processed   200000/  326627 entries, 61.23% (elapsed time   503.6s, curr speed    0.374 kHz, avg speed    0.397 kHz), accepted    26686/  200001 events (13.34%)
Processed   210000/  326627 entries, 64.29% (elapsed time   531.0s, curr speed    0.366 kHz, avg speed    0.396 kHz), accepted    28356/  210001 events (13.50%)
Processed   220000/  326627 entries, 67.36% (elapsed time   558.4s, curr speed    0.364 kHz, avg speed    0.394 kHz), accepted    29961/  220001 events (13.62%)
Processed   230000/  326627 entries, 70.42% (elapsed time   585.5s, curr speed    0.369 kHz, avg speed    0.393 kHz), accepted    31610/  230001 events (13.74%)
Processed   240000/  326627 entries, 73.48% (elapsed time   612.9s, curr speed    0.366 kHz, avg speed    0.392 kHz), accepted    33238/  240001 events (13.85%)
Processed   250000/  326627 entries, 76.54% (elapsed time   639.6s, curr speed    0.373 kHz, avg speed    0.391 kHz), accepted    34821/  250001 events (13.93%)
Processed   260000/  326627 entries, 79.60% (elapsed time   665.0s, curr speed    0.395 kHz, avg speed    0.391 kHz), accepted    36183/  260001 events (13.92%)
Processed   270000/  326627 entries, 82.66% (elapsed time   690.7s, curr speed    0.388 kHz, avg speed    0.391 kHz), accepted    37594/  270001 events (13.92%)
Processed   280000/  326627 entries, 85.72% (elapsed time   716.8s, curr speed    0.383 kHz, avg speed    0.391 kHz), accepted    39057/  280001 events (13.95%)
Processed   290000/  326627 entries, 88.79% (elapsed time   742.7s, curr speed    0.387 kHz, avg speed    0.390 kHz), accepted    40443/  290001 events (13.95%)
Processed   300000/  326627 entries, 91.85% (elapsed time   767.9s, curr speed    0.397 kHz, avg speed    0.391 kHz), accepted    41814/  300001 events (13.94%)
Processed   310000/  326627 entries, 94.91% (elapsed time   793.1s, curr speed    0.398 kHz, avg speed    0.391 kHz), accepted    43176/  310001 events (13.93%)
Processed   320000/  326627 entries, 97.97% (elapsed time   819.3s, curr speed    0.381 kHz, avg speed    0.391 kHz), accepted    44730/  320001 events (13.98%)
Processed 326627 preselected entries from root://cmsxrootd.fnal.gov//store/data/Run2018D/JetHT/NANOAOD/UL2018_MiniAODv2_NanoAODv9-v2/2430000/34C4A841-722B-7944-9C46-F76A219FB57F.root (2283044 entries). Finally selected 45703 entries
Total time 847.9 sec. to process 2283044 events. Rate = 2692.7 Hz.
Running pwd:
/storage/local/data1/condor/execute/dir_58168
Running ls -alrth:
total 176K
-rw-r--r--  1 shardulr fnalgrid 5.0K Jun 27 18:30 .job.ad
-rw-r--r--  1 shardulr fnalgrid  13K Jun 27 18:30 .machine.ad
-rwx------  1 shardulr fnalgrid   49 Jun 27 18:30 .chirp.config
-rw-------  1 shardulr fnalgrid  11K Jun 27 18:30 x509up
drwxr-xr-x  2 shardulr fnalgrid 4.0K Jun 27 18:30 samples
-rw-r--r--  1 shardulr fnalgrid  62K Jun 27 18:30 singleStopAnalyzer.py
-rwxr-xr-x  1 shardulr fnalgrid  698 Jun 27 18:30 condor_exec.exe
-rw-r--r--  1 shardulr fnalgrid  951 Jun 27 18:30 bJetMatcher.py
-rw-r--r--  1 shardulr fnalgrid    0 Jun 27 18:30 docker_stderror
drwxrwxrwt  3 shardulr fnalgrid 4.0K Jun 27 18:30 var
drwxrwxrwt  2 shardulr fnalgrid 4.0K Jun 27 18:30 tmp
drwxr-xr-x  3 root     root     4.0K Jun 27 18:30 ..
srwxr-xr-x  1 shardulr fnalgrid    0 Jun 27 18:30 .docker_sock
drwxr-xr-x 17 shardulr fnalgrid 4.0K Jun 27 18:30 CMSSW_10_6_19_patch2
drwxr-xr-x  2 shardulr fnalgrid 4.0K Jun 27 18:30 framework
-rw-r--r--  1 shardulr fnalgrid 1.7K Jun 27 18:30 bJetMatcher.pyc
drwxr-xr-x  3 shardulr fnalgrid 4.0K Jun 27 18:30 output
-rw-r--r--  1 shardulr fnalgrid  215 Jun 27 18:30 _condor_stderr
-rw-r--r--  1 shardulr fnalgrid  13K Jun 27 18:44 .update.ad
drwx------  8 shardulr fnalgrid 4.0K Jun 27 18:44 .
-rw-r--r--  1 shardulr fnalgrid 7.3K Jun 27 18:44 _condor_stdout
