[FERMIHTC-APPTAINER]: INFO -- No Apptainer image specified
[FERMIHTC-APPTAINER]: INFO -- Running job on the host machine

[FERMIHTC-APPTAINER]: INFO -- Running ./condor_exec.exe
Starting job on  Tue Jun 27 18:29:24 UTC 2023
Running on: Linux shardulr-2169568-194-cmswn2104.fnal.gov 3.10.0-1160.90.1.el7.x86_64 #1 SMP Thu Apr 27 13:14:20 CDT 2023 x86_64 x86_64 x86_64 GNU/Linux
System software: Scientific Linux release 7.9 (Nitrogen)
Running ls -alrth:
total 164K
-rw-r--r--  1 shardulr fnalgrid  13K Jun 27 18:29 .machine.ad
-rw-r--r--  1 shardulr fnalgrid 5.0K Jun 27 18:29 .job.ad
-rwx------  1 shardulr fnalgrid   49 Jun 27 18:29 .chirp.config
-rw-------  1 shardulr fnalgrid  11K Jun 27 18:29 x509up
drwxr-xr-x  2 shardulr fnalgrid 4.0K Jun 27 18:29 samples
-rw-r--r--  1 shardulr fnalgrid  62K Jun 27 18:29 singleStopAnalyzer.py
drwxr-xr-x  2 shardulr fnalgrid 4.0K Jun 27 18:29 framework
-rwxr-xr-x  1 shardulr fnalgrid  698 Jun 27 18:29 condor_exec.exe
-rw-r--r--  1 shardulr fnalgrid  951 Jun 27 18:29 bJetMatcher.py
-rw-r--r--  1 shardulr fnalgrid    0 Jun 27 18:29 docker_stderror
drwxrwxrwt  3 shardulr fnalgrid 4.0K Jun 27 18:29 var
drwxrwxrwt  2 shardulr fnalgrid 4.0K Jun 27 18:29 tmp
drwxr-xr-x  3 root     root     4.0K Jun 27 18:29 ..
srwxr-xr-x  1 shardulr fnalgrid    0 Jun 27 18:29 .docker_sock
-rw-r--r--  1 shardulr fnalgrid  113 Jun 27 18:29 _condor_stderr
-rw-r--r--  1 shardulr fnalgrid  13K Jun 27 18:29 .update.ad
drwx------  7 shardulr fnalgrid 4.0K Jun 27 18:29 .
drwxr-xr-x 17 shardulr fnalgrid 4.0K Jun 27 18:29 CMSSW_10_6_19_patch2
-rw-r--r--  1 shardulr fnalgrid  453 Jun 27 18:29 _condor_stdout
/storage/local/data1/condor/execute/dir_35322/CMSSW_10_6_19_patch2 is the CMSSW we created on the local worker node
Running over Data2018 files
Blinding data, only using CR cuts (0 loose b's)
Using UL 2018 campaign working points
Pre-select 265891 entries out of 1748959 (15.20%)
Processed    10000/  265891 entries,  3.76% (elapsed time    28.6s, curr speed    0.350 kHz, avg speed    0.350 kHz), accepted     1473/   10001 events (14.73%)
Processed    20000/  265891 entries,  7.52% (elapsed time    55.5s, curr speed    0.371 kHz, avg speed    0.360 kHz), accepted     2825/   20001 events (14.12%)
Processed    30000/  265891 entries, 11.28% (elapsed time    82.7s, curr speed    0.368 kHz, avg speed    0.363 kHz), accepted     4276/   30001 events (14.25%)
Processed    40000/  265891 entries, 15.04% (elapsed time   110.5s, curr speed    0.360 kHz, avg speed    0.362 kHz), accepted     5847/   40001 events (14.62%)
Processed    50000/  265891 entries, 18.80% (elapsed time   137.0s, curr speed    0.378 kHz, avg speed    0.365 kHz), accepted     7288/   50001 events (14.58%)
Processed    60000/  265891 entries, 22.57% (elapsed time   164.9s, curr speed    0.358 kHz, avg speed    0.364 kHz), accepted     8743/   60001 events (14.57%)
Processed    70000/  265891 entries, 26.33% (elapsed time   192.8s, curr speed    0.359 kHz, avg speed    0.363 kHz), accepted    10270/   70001 events (14.67%)
Processed    80000/  265891 entries, 30.09% (elapsed time   218.8s, curr speed    0.385 kHz, avg speed    0.366 kHz), accepted    11581/   80001 events (14.48%)
Processed    90000/  265891 entries, 33.85% (elapsed time   244.7s, curr speed    0.385 kHz, avg speed    0.368 kHz), accepted    12798/   90001 events (14.22%)
Processed   100000/  265891 entries, 37.61% (elapsed time   272.0s, curr speed    0.367 kHz, avg speed    0.368 kHz), accepted    14251/  100001 events (14.25%)
Processed   110000/  265891 entries, 41.37% (elapsed time   297.1s, curr speed    0.399 kHz, avg speed    0.370 kHz), accepted    15453/  110001 events (14.05%)
Processed   120000/  265891 entries, 45.13% (elapsed time   324.9s, curr speed    0.360 kHz, avg speed    0.369 kHz), accepted    16873/  120001 events (14.06%)
Processed   130000/  265891 entries, 48.89% (elapsed time   351.1s, curr speed    0.381 kHz, avg speed    0.370 kHz), accepted    18267/  130001 events (14.05%)
Processed   140000/  265891 entries, 52.65% (elapsed time   378.5s, curr speed    0.365 kHz, avg speed    0.370 kHz), accepted    19675/  140001 events (14.05%)
Processed   150000/  265891 entries, 56.41% (elapsed time   404.9s, curr speed    0.379 kHz, avg speed    0.370 kHz), accepted    21056/  150001 events (14.04%)
Processed   160000/  265891 entries, 60.18% (elapsed time   431.2s, curr speed    0.380 kHz, avg speed    0.371 kHz), accepted    22389/  160001 events (13.99%)
Processed   170000/  265891 entries, 63.94% (elapsed time   459.6s, curr speed    0.352 kHz, avg speed    0.370 kHz), accepted    23883/  170001 events (14.05%)
Processed   180000/  265891 entries, 67.70% (elapsed time   487.4s, curr speed    0.360 kHz, avg speed    0.369 kHz), accepted    25376/  180001 events (14.10%)
Processed   190000/  265891 entries, 71.46% (elapsed time   515.0s, curr speed    0.362 kHz, avg speed    0.369 kHz), accepted    26821/  190001 events (14.12%)
Processed   200000/  265891 entries, 75.22% (elapsed time   542.4s, curr speed    0.365 kHz, avg speed    0.369 kHz), accepted    28339/  200001 events (14.17%)
Processed   210000/  265891 entries, 78.98% (elapsed time   569.6s, curr speed    0.367 kHz, avg speed    0.369 kHz), accepted    29688/  210001 events (14.14%)
Processed   220000/  265891 entries, 82.74% (elapsed time   594.9s, curr speed    0.395 kHz, avg speed    0.370 kHz), accepted    30763/  220001 events (13.98%)
Processed   230000/  265891 entries, 86.50% (elapsed time   622.8s, curr speed    0.359 kHz, avg speed    0.369 kHz), accepted    32137/  230001 events (13.97%)
Processed   240000/  265891 entries, 90.26% (elapsed time   649.2s, curr speed    0.378 kHz, avg speed    0.370 kHz), accepted    33535/  240001 events (13.97%)
Processed   250000/  265891 entries, 94.02% (elapsed time   676.9s, curr speed    0.361 kHz, avg speed    0.369 kHz), accepted    35075/  250001 events (14.03%)
Processed   260000/  265891 entries, 97.78% (elapsed time   703.8s, curr speed    0.372 kHz, avg speed    0.369 kHz), accepted    36565/  260001 events (14.06%)
Processed 265891 preselected entries from root://cmsxrootd.fnal.gov//store/data/Run2018C/JetHT/NANOAOD/UL2018_MiniAODv2_NanoAODv9-v1/130000/BE2C3C17-2FF5-D54F-9679-0FBA43C1A265.root (1748959 entries). Finally selected 37454 entries
Total time 735.2 sec. to process 1748959 events. Rate = 2379.0 Hz.
Running pwd:
/storage/local/data1/condor/execute/dir_35322
Running ls -alrth:
total 176K
-rw-r--r--  1 shardulr fnalgrid  13K Jun 27 18:29 .machine.ad
-rw-r--r--  1 shardulr fnalgrid 5.0K Jun 27 18:29 .job.ad
-rwx------  1 shardulr fnalgrid   49 Jun 27 18:29 .chirp.config
-rw-------  1 shardulr fnalgrid  11K Jun 27 18:29 x509up
drwxr-xr-x  2 shardulr fnalgrid 4.0K Jun 27 18:29 samples
-rw-r--r--  1 shardulr fnalgrid  62K Jun 27 18:29 singleStopAnalyzer.py
-rwxr-xr-x  1 shardulr fnalgrid  698 Jun 27 18:29 condor_exec.exe
-rw-r--r--  1 shardulr fnalgrid  951 Jun 27 18:29 bJetMatcher.py
-rw-r--r--  1 shardulr fnalgrid    0 Jun 27 18:29 docker_stderror
drwxrwxrwt  3 shardulr fnalgrid 4.0K Jun 27 18:29 var
drwxrwxrwt  2 shardulr fnalgrid 4.0K Jun 27 18:29 tmp
drwxr-xr-x  3 root     root     4.0K Jun 27 18:29 ..
srwxr-xr-x  1 shardulr fnalgrid    0 Jun 27 18:29 .docker_sock
drwxr-xr-x 17 shardulr fnalgrid 4.0K Jun 27 18:29 CMSSW_10_6_19_patch2
drwxr-xr-x  2 shardulr fnalgrid 4.0K Jun 27 18:29 framework
-rw-r--r--  1 shardulr fnalgrid 1.7K Jun 27 18:29 bJetMatcher.pyc
drwxr-xr-x  3 shardulr fnalgrid 4.0K Jun 27 18:29 output
-rw-r--r--  1 shardulr fnalgrid  215 Jun 27 18:29 _condor_stderr
-rw-r--r--  1 shardulr fnalgrid  13K Jun 27 18:41 .update.ad
drwx------  8 shardulr fnalgrid 4.0K Jun 27 18:41 .
-rw-r--r--  1 shardulr fnalgrid 6.4K Jun 27 18:41 _condor_stdout
