[FERMIHTC-APPTAINER]: INFO -- No Apptainer image specified
[FERMIHTC-APPTAINER]: INFO -- Running job on the host machine

[FERMIHTC-APPTAINER]: INFO -- Running ./condor_exec.exe
Starting job on  Tue Jun 27 18:29:26 UTC 2023
Running on: Linux shardulr-2169568-191-cmswn2036.fnal.gov 3.10.0-1160.90.1.el7.x86_64 #1 SMP Thu Apr 27 13:14:20 CDT 2023 x86_64 x86_64 x86_64 GNU/Linux
System software: Scientific Linux release 7.9 (Nitrogen)
Running ls -alrth:
total 160K
-rw-r--r--  1 shardulr fnalgrid 5.0K Jun 27 18:29 .job.ad
-rw-r--r--  1 shardulr fnalgrid  13K Jun 27 18:29 .machine.ad
-rwx------  1 shardulr fnalgrid   49 Jun 27 18:29 .chirp.config
-rw-------  1 shardulr fnalgrid  11K Jun 27 18:29 x509up
drwxr-xr-x  2 shardulr fnalgrid 4.0K Jun 27 18:29 samples
-rw-r--r--  1 shardulr fnalgrid  62K Jun 27 18:29 singleStopAnalyzer.py
drwxr-xr-x  2 shardulr fnalgrid 4.0K Jun 27 18:29 framework
-rwxr-xr-x  1 shardulr fnalgrid  698 Jun 27 18:29 condor_exec.exe
-rw-r--r--  1 shardulr fnalgrid  951 Jun 27 18:29 bJetMatcher.py
-rw-r--r--  1 shardulr fnalgrid    0 Jun 27 18:29 docker_stderror
drwxrwxrwt  3 shardulr fnalgrid 4.0K Jun 27 18:29 var
drwxrwxrwt  2 shardulr fnalgrid 4.0K Jun 27 18:29 tmp
drwxr-xr-x  3 root     root     4.0K Jun 27 18:29 ..
srwxr-xr-x  1 shardulr fnalgrid    0 Jun 27 18:29 .docker_sock
-rw-r--r--  1 shardulr fnalgrid  113 Jun 27 18:29 _condor_stderr
drwxr-xr-x 17 shardulr fnalgrid 4.0K Jun 27 18:29 CMSSW_10_6_19_patch2
-rw-r--r--  1 shardulr fnalgrid  12K Jun 27 18:29 .update.ad
drwx------  7 shardulr fnalgrid 4.0K Jun 27 18:29 .
-rw-r--r--  1 shardulr fnalgrid  453 Jun 27 18:29 _condor_stdout
/storage/local/data1/condor/execute/dir_4761/CMSSW_10_6_19_patch2 is the CMSSW we created on the local worker node
Running over Data2018 files
Blinding data, only using CR cuts (0 loose b's)
Using UL 2018 campaign working points
Pre-select 197840 entries out of 1310819 (15.09%)
Processed    10000/  197840 entries,  5.05% (elapsed time    27.3s, curr speed    0.366 kHz, avg speed    0.366 kHz), accepted     1566/   10001 events (15.66%)
Processed    20000/  197840 entries, 10.11% (elapsed time    53.7s, curr speed    0.379 kHz, avg speed    0.372 kHz), accepted     3093/   20001 events (15.46%)
Processed    30000/  197840 entries, 15.16% (elapsed time    80.2s, curr speed    0.377 kHz, avg speed    0.374 kHz), accepted     4609/   30001 events (15.36%)
Processed    40000/  197840 entries, 20.22% (elapsed time   107.5s, curr speed    0.367 kHz, avg speed    0.372 kHz), accepted     6210/   40001 events (15.52%)
Processed    50000/  197840 entries, 25.27% (elapsed time   133.4s, curr speed    0.385 kHz, avg speed    0.375 kHz), accepted     7680/   50001 events (15.36%)
Processed    60000/  197840 entries, 30.33% (elapsed time   158.1s, curr speed    0.405 kHz, avg speed    0.380 kHz), accepted     8921/   60001 events (14.87%)
Processed    70000/  197840 entries, 35.38% (elapsed time   183.4s, curr speed    0.395 kHz, avg speed    0.382 kHz), accepted    10206/   70001 events (14.58%)
Processed    80000/  197840 entries, 40.44% (elapsed time   207.9s, curr speed    0.408 kHz, avg speed    0.385 kHz), accepted    11464/   80001 events (14.33%)
Processed    90000/  197840 entries, 45.49% (elapsed time   233.3s, curr speed    0.393 kHz, avg speed    0.386 kHz), accepted    12848/   90001 events (14.28%)
Processed   100000/  197840 entries, 50.55% (elapsed time   258.1s, curr speed    0.404 kHz, avg speed    0.388 kHz), accepted    14156/  100001 events (14.16%)
Processed   110000/  197840 entries, 55.60% (elapsed time   283.8s, curr speed    0.389 kHz, avg speed    0.388 kHz), accepted    15550/  110001 events (14.14%)
Processed   120000/  197840 entries, 60.66% (elapsed time   306.9s, curr speed    0.433 kHz, avg speed    0.391 kHz), accepted    16587/  120001 events (13.82%)
Processed   130000/  197840 entries, 65.71% (elapsed time   328.1s, curr speed    0.471 kHz, avg speed    0.396 kHz), accepted    17973/  130001 events (13.83%)
Processed   140000/  197840 entries, 70.76% (elapsed time   348.9s, curr speed    0.481 kHz, avg speed    0.401 kHz), accepted    19097/  140001 events (13.64%)
Processed   150000/  197840 entries, 75.82% (elapsed time   371.3s, curr speed    0.447 kHz, avg speed    0.404 kHz), accepted    20453/  150001 events (13.64%)
Processed   160000/  197840 entries, 80.87% (elapsed time   395.6s, curr speed    0.412 kHz, avg speed    0.404 kHz), accepted    21898/  160001 events (13.69%)
Processed   170000/  197840 entries, 85.93% (elapsed time   424.8s, curr speed    0.342 kHz, avg speed    0.400 kHz), accepted    23395/  170001 events (13.76%)
Processed   180000/  197840 entries, 90.98% (elapsed time   455.1s, curr speed    0.330 kHz, avg speed    0.396 kHz), accepted    24606/  180001 events (13.67%)
Processed   190000/  197840 entries, 96.04% (elapsed time   484.7s, curr speed    0.338 kHz, avg speed    0.392 kHz), accepted    25868/  190001 events (13.61%)
Processed 197840 preselected entries from root://cmsxrootd.fnal.gov//store/data/Run2018C/JetHT/NANOAOD/UL2018_MiniAODv2_NanoAODv9-v1/130000/DBA0C35C-4893-FD4B-A1BD-F0293EF5EA7A.root (1310819 entries). Finally selected 27096 entries
Total time 518.2 sec. to process 1310819 events. Rate = 2529.6 Hz.
Running pwd:
/storage/local/data1/condor/execute/dir_4761
Running ls -alrth:
total 176K
-rw-r--r--  1 shardulr fnalgrid 5.0K Jun 27 18:29 .job.ad
-rw-r--r--  1 shardulr fnalgrid  13K Jun 27 18:29 .machine.ad
-rwx------  1 shardulr fnalgrid   49 Jun 27 18:29 .chirp.config
-rw-------  1 shardulr fnalgrid  11K Jun 27 18:29 x509up
drwxr-xr-x  2 shardulr fnalgrid 4.0K Jun 27 18:29 samples
-rw-r--r--  1 shardulr fnalgrid  62K Jun 27 18:29 singleStopAnalyzer.py
-rwxr-xr-x  1 shardulr fnalgrid  698 Jun 27 18:29 condor_exec.exe
-rw-r--r--  1 shardulr fnalgrid  951 Jun 27 18:29 bJetMatcher.py
-rw-r--r--  1 shardulr fnalgrid    0 Jun 27 18:29 docker_stderror
drwxrwxrwt  3 shardulr fnalgrid 4.0K Jun 27 18:29 var
drwxrwxrwt  2 shardulr fnalgrid 4.0K Jun 27 18:29 tmp
drwxr-xr-x  3 root     root     4.0K Jun 27 18:29 ..
srwxr-xr-x  1 shardulr fnalgrid    0 Jun 27 18:29 .docker_sock
drwxr-xr-x 17 shardulr fnalgrid 4.0K Jun 27 18:29 CMSSW_10_6_19_patch2
drwxr-xr-x  2 shardulr fnalgrid 4.0K Jun 27 18:29 framework
-rw-r--r--  1 shardulr fnalgrid 1.7K Jun 27 18:29 bJetMatcher.pyc
drwxr-xr-x  3 shardulr fnalgrid 4.0K Jun 27 18:29 output
-rw-r--r--  1 shardulr fnalgrid  215 Jun 27 18:29 _condor_stderr
-rw-r--r--  1 shardulr fnalgrid  13K Jun 27 18:37 .update.ad
drwx------  8 shardulr fnalgrid 4.0K Jun 27 18:37 .
-rw-r--r--  1 shardulr fnalgrid 5.3K Jun 27 18:38 _condor_stdout
