[FERMIHTC-APPTAINER]: INFO -- No Apptainer image specified
[FERMIHTC-APPTAINER]: INFO -- Running job on the host machine

[FERMIHTC-APPTAINER]: INFO -- Running ./condor_exec.exe
Starting job on  Tue Jun 27 18:30:04 UTC 2023
Running on: Linux shardulr-2169568-369-cmswn2073.fnal.gov 3.10.0-1160.90.1.el7.x86_64 #1 SMP Thu Apr 27 13:14:20 CDT 2023 x86_64 x86_64 x86_64 GNU/Linux
System software: Scientific Linux release 7.9 (Nitrogen)
Running ls -alrth:
total 164K
-rw-r--r--  1 shardulr fnalgrid 5.0K Jun 27 18:29 .job.ad
-rw-r--r--  1 shardulr fnalgrid  13K Jun 27 18:29 .machine.ad
-rwx------  1 shardulr fnalgrid   49 Jun 27 18:29 .chirp.config
-rw-------  1 shardulr fnalgrid  11K Jun 27 18:29 x509up
drwxr-xr-x  2 shardulr fnalgrid 4.0K Jun 27 18:29 samples
-rw-r--r--  1 shardulr fnalgrid  62K Jun 27 18:29 singleStopAnalyzer.py
drwxr-xr-x  2 shardulr fnalgrid 4.0K Jun 27 18:29 framework
-rwxr-xr-x  1 shardulr fnalgrid  698 Jun 27 18:29 condor_exec.exe
-rw-r--r--  1 shardulr fnalgrid  951 Jun 27 18:29 bJetMatcher.py
-rw-r--r--  1 shardulr fnalgrid    0 Jun 27 18:29 docker_stderror
drwxrwxrwt  3 shardulr fnalgrid 4.0K Jun 27 18:29 var
drwxrwxrwt  2 shardulr fnalgrid 4.0K Jun 27 18:29 tmp
drwxr-xr-x  3 root     root     4.0K Jun 27 18:30 ..
srwxr-xr-x  1 shardulr fnalgrid    0 Jun 27 18:30 .docker_sock
-rw-r--r--  1 shardulr fnalgrid  13K Jun 27 18:30 .update.ad
-rw-r--r--  1 shardulr fnalgrid  113 Jun 27 18:30 _condor_stderr
drwx------  7 shardulr fnalgrid 4.0K Jun 27 18:30 .
drwxr-xr-x 17 shardulr fnalgrid 4.0K Jun 27 18:30 CMSSW_10_6_19_patch2
-rw-r--r--  1 shardulr fnalgrid  453 Jun 27 18:30 _condor_stdout
/storage/local/data1/condor/execute/dir_15289/CMSSW_10_6_19_patch2 is the CMSSW we created on the local worker node
Running over Data2018 files
Blinding data, only using CR cuts (0 loose b's)
Using UL 2018 campaign working points
Pre-select 168575 entries out of 1088650 (15.48%)
Processed    10000/  168575 entries,  5.93% (elapsed time    25.9s, curr speed    0.387 kHz, avg speed    0.387 kHz), accepted     1477/   10001 events (14.77%)
Processed    20000/  168575 entries, 11.86% (elapsed time    51.7s, curr speed    0.387 kHz, avg speed    0.387 kHz), accepted     3060/   20001 events (15.30%)
Processed    30000/  168575 entries, 17.80% (elapsed time    77.6s, curr speed    0.387 kHz, avg speed    0.387 kHz), accepted     4690/   30001 events (15.63%)
Processed    40000/  168575 entries, 23.73% (elapsed time   103.3s, curr speed    0.389 kHz, avg speed    0.387 kHz), accepted     6246/   40001 events (15.61%)
Processed    50000/  168575 entries, 29.66% (elapsed time   129.1s, curr speed    0.387 kHz, avg speed    0.387 kHz), accepted     7857/   50001 events (15.71%)
Processed    60000/  168575 entries, 35.59% (elapsed time   155.9s, curr speed    0.374 kHz, avg speed    0.385 kHz), accepted     9391/   60001 events (15.65%)
Processed    70000/  168575 entries, 41.52% (elapsed time   181.1s, curr speed    0.397 kHz, avg speed    0.387 kHz), accepted    10938/   70001 events (15.63%)
Processed    80000/  168575 entries, 47.46% (elapsed time   206.0s, curr speed    0.402 kHz, avg speed    0.388 kHz), accepted    12571/   80001 events (15.71%)
Processed    90000/  168575 entries, 53.39% (elapsed time   228.5s, curr speed    0.444 kHz, avg speed    0.394 kHz), accepted    14241/   90001 events (15.82%)
Processed   100000/  168575 entries, 59.32% (elapsed time   251.2s, curr speed    0.440 kHz, avg speed    0.398 kHz), accepted    15956/  100001 events (15.96%)
Processed   110000/  168575 entries, 65.25% (elapsed time   272.8s, curr speed    0.463 kHz, avg speed    0.403 kHz), accepted    17599/  110001 events (16.00%)
Processed   120000/  168575 entries, 71.18% (elapsed time   295.1s, curr speed    0.448 kHz, avg speed    0.407 kHz), accepted    19322/  120001 events (16.10%)
Processed   130000/  168575 entries, 77.12% (elapsed time   315.1s, curr speed    0.501 kHz, avg speed    0.413 kHz), accepted    20651/  130001 events (15.89%)
Processed   140000/  168575 entries, 83.05% (elapsed time   336.6s, curr speed    0.466 kHz, avg speed    0.416 kHz), accepted    22219/  140001 events (15.87%)
Processed   150000/  168575 entries, 88.98% (elapsed time   358.6s, curr speed    0.453 kHz, avg speed    0.418 kHz), accepted    23508/  150001 events (15.67%)
Processed   160000/  168575 entries, 94.91% (elapsed time   379.9s, curr speed    0.471 kHz, avg speed    0.421 kHz), accepted    24995/  160001 events (15.62%)
Processed 168575 preselected entries from root://cmsxrootd.fnal.gov//store/data/Run2018D/JetHT/NANOAOD/UL2018_MiniAODv2_NanoAODv9-v2/2810000/7042FE4F-4D10-D640-99D5-77128DAA9F94.root (1088650 entries). Finally selected 26544 entries
Total time 411.2 sec. to process 1088650 events. Rate = 2647.6 Hz.
Running pwd:
/storage/local/data1/condor/execute/dir_15289
Running ls -alrth:
total 176K
-rw-r--r--  1 shardulr fnalgrid 5.0K Jun 27 18:29 .job.ad
-rw-r--r--  1 shardulr fnalgrid  13K Jun 27 18:29 .machine.ad
-rwx------  1 shardulr fnalgrid   49 Jun 27 18:29 .chirp.config
-rw-------  1 shardulr fnalgrid  11K Jun 27 18:29 x509up
drwxr-xr-x  2 shardulr fnalgrid 4.0K Jun 27 18:29 samples
-rw-r--r--  1 shardulr fnalgrid  62K Jun 27 18:29 singleStopAnalyzer.py
-rwxr-xr-x  1 shardulr fnalgrid  698 Jun 27 18:29 condor_exec.exe
-rw-r--r--  1 shardulr fnalgrid  951 Jun 27 18:29 bJetMatcher.py
-rw-r--r--  1 shardulr fnalgrid    0 Jun 27 18:29 docker_stderror
drwxrwxrwt  3 shardulr fnalgrid 4.0K Jun 27 18:29 var
drwxrwxrwt  2 shardulr fnalgrid 4.0K Jun 27 18:29 tmp
drwxr-xr-x  3 root     root     4.0K Jun 27 18:30 ..
srwxr-xr-x  1 shardulr fnalgrid    0 Jun 27 18:30 .docker_sock
drwxr-xr-x 17 shardulr fnalgrid 4.0K Jun 27 18:30 CMSSW_10_6_19_patch2
drwxr-xr-x  2 shardulr fnalgrid 4.0K Jun 27 18:30 framework
-rw-r--r--  1 shardulr fnalgrid 1.7K Jun 27 18:30 bJetMatcher.pyc
drwxr-xr-x  3 shardulr fnalgrid 4.0K Jun 27 18:30 output
-rw-r--r--  1 shardulr fnalgrid  215 Jun 27 18:30 _condor_stderr
-rw-r--r--  1 shardulr fnalgrid  13K Jun 27 18:35 .update.ad
drwx------  8 shardulr fnalgrid 4.0K Jun 27 18:35 .
-rw-r--r--  1 shardulr fnalgrid 4.8K Jun 27 18:37 _condor_stdout
