[FERMIHTC-APPTAINER]: INFO -- No Apptainer image specified
[FERMIHTC-APPTAINER]: INFO -- Running job on the host machine

[FERMIHTC-APPTAINER]: INFO -- Running ./condor_exec.exe
Starting job on  Tue Jun 27 18:27:26 UTC 2023
Running on: Linux shardulr-2169568-156-cmswn2048.fnal.gov 3.10.0-1160.90.1.el7.x86_64 #1 SMP Thu Apr 27 13:14:20 CDT 2023 x86_64 x86_64 x86_64 GNU/Linux
System software: Scientific Linux release 7.9 (Nitrogen)
Running ls -alrth:
total 156K
-rw-r--r--  1 shardulr fnalgrid 5.0K Jun 27 18:27 .job.ad
-rw-r--r--  1 shardulr fnalgrid  12K Jun 27 18:27 .machine.ad
-rwx------  1 shardulr fnalgrid   49 Jun 27 18:27 .chirp.config
-rw-------  1 shardulr fnalgrid  11K Jun 27 18:27 x509up
drwxr-xr-x  2 shardulr fnalgrid 4.0K Jun 27 18:27 samples
-rw-r--r--  1 shardulr fnalgrid  62K Jun 27 18:27 singleStopAnalyzer.py
drwxr-xr-x  2 shardulr fnalgrid 4.0K Jun 27 18:27 framework
-rwxr-xr-x  1 shardulr fnalgrid  698 Jun 27 18:27 condor_exec.exe
-rw-r--r--  1 shardulr fnalgrid  951 Jun 27 18:27 bJetMatcher.py
-rw-r--r--  1 shardulr fnalgrid    0 Jun 27 18:27 docker_stderror
drwxrwxrwt  2 shardulr fnalgrid 4.0K Jun 27 18:27 tmp
drwxrwxrwt  3 shardulr fnalgrid 4.0K Jun 27 18:27 var
-rw-r--r--  1 shardulr fnalgrid  12K Jun 27 18:27 .update.ad
drwxr-xr-x  3 root     root     4.0K Jun 27 18:27 ..
srwxr-xr-x  1 shardulr fnalgrid    0 Jun 27 18:27 .docker_sock
-rw-r--r--  1 shardulr fnalgrid  113 Jun 27 18:27 _condor_stderr
drwx------  7 shardulr fnalgrid 4.0K Jun 27 18:27 .
drwxr-xr-x 17 shardulr fnalgrid 4.0K Jun 27 18:27 CMSSW_10_6_19_patch2
-rw-r--r--  1 shardulr fnalgrid  453 Jun 27 18:27 _condor_stdout
/storage/local/data1/condor/execute/dir_42554/CMSSW_10_6_19_patch2 is the CMSSW we created on the local worker node
Running over Data2018 files
Blinding data, only using CR cuts (0 loose b's)
Using UL 2018 campaign working points
Pre-select 350336 entries out of 2335810 (15.00%)
Processed    10000/  350336 entries,  2.85% (elapsed time    23.9s, curr speed    0.419 kHz, avg speed    0.419 kHz), accepted     1487/   10001 events (14.87%)
Processed    20000/  350336 entries,  5.71% (elapsed time    47.1s, curr speed    0.430 kHz, avg speed    0.425 kHz), accepted     3052/   20001 events (15.26%)
Processed    30000/  350336 entries,  8.56% (elapsed time    70.6s, curr speed    0.426 kHz, avg speed    0.425 kHz), accepted     4625/   30001 events (15.42%)
Processed    40000/  350336 entries, 11.42% (elapsed time    91.5s, curr speed    0.478 kHz, avg speed    0.437 kHz), accepted     5774/   40001 events (14.43%)
Processed    50000/  350336 entries, 14.27% (elapsed time   112.4s, curr speed    0.478 kHz, avg speed    0.445 kHz), accepted     6989/   50001 events (13.98%)
Processed    60000/  350336 entries, 17.13% (elapsed time   134.6s, curr speed    0.452 kHz, avg speed    0.446 kHz), accepted     8346/   60001 events (13.91%)
Processed    70000/  350336 entries, 19.98% (elapsed time   157.8s, curr speed    0.430 kHz, avg speed    0.444 kHz), accepted     9835/   70001 events (14.05%)
Processed    80000/  350336 entries, 22.84% (elapsed time   180.7s, curr speed    0.437 kHz, avg speed    0.443 kHz), accepted    11289/   80001 events (14.11%)
Processed    90000/  350336 entries, 25.69% (elapsed time   203.8s, curr speed    0.433 kHz, avg speed    0.442 kHz), accepted    12776/   90001 events (14.20%)
Processed   100000/  350336 entries, 28.54% (elapsed time   226.2s, curr speed    0.447 kHz, avg speed    0.442 kHz), accepted    14264/  100001 events (14.26%)
Processed   110000/  350336 entries, 31.40% (elapsed time   249.6s, curr speed    0.426 kHz, avg speed    0.441 kHz), accepted    15802/  110001 events (14.37%)
Processed   120000/  350336 entries, 34.25% (elapsed time   271.0s, curr speed    0.469 kHz, avg speed    0.443 kHz), accepted    17041/  120001 events (14.20%)
Processed   130000/  350336 entries, 37.11% (elapsed time   292.1s, curr speed    0.473 kHz, avg speed    0.445 kHz), accepted    18319/  130001 events (14.09%)
Processed   140000/  350336 entries, 39.96% (elapsed time   313.2s, curr speed    0.473 kHz, avg speed    0.447 kHz), accepted    19573/  140001 events (13.98%)
Processed   150000/  350336 entries, 42.82% (elapsed time   335.0s, curr speed    0.458 kHz, avg speed    0.448 kHz), accepted    20889/  150001 events (13.93%)
Processed   160000/  350336 entries, 45.67% (elapsed time   356.6s, curr speed    0.463 kHz, avg speed    0.449 kHz), accepted    22211/  160001 events (13.88%)
Processed   170000/  350336 entries, 48.52% (elapsed time   377.5s, curr speed    0.478 kHz, avg speed    0.450 kHz), accepted    23415/  170001 events (13.77%)
Processed   180000/  350336 entries, 51.38% (elapsed time   399.2s, curr speed    0.462 kHz, avg speed    0.451 kHz), accepted    24752/  180001 events (13.75%)
Processed   190000/  350336 entries, 54.23% (elapsed time   421.4s, curr speed    0.450 kHz, avg speed    0.451 kHz), accepted    26173/  190001 events (13.78%)
Processed   200000/  350336 entries, 57.09% (elapsed time   443.8s, curr speed    0.446 kHz, avg speed    0.451 kHz), accepted    27583/  200001 events (13.79%)
Processed   210000/  350336 entries, 59.94% (elapsed time   466.2s, curr speed    0.447 kHz, avg speed    0.450 kHz), accepted    29028/  210001 events (13.82%)
Processed   220000/  350336 entries, 62.80% (elapsed time   488.7s, curr speed    0.444 kHz, avg speed    0.450 kHz), accepted    30500/  220001 events (13.86%)
Processed   230000/  350336 entries, 65.65% (elapsed time   512.6s, curr speed    0.419 kHz, avg speed    0.449 kHz), accepted    32026/  230001 events (13.92%)
Processed   240000/  350336 entries, 68.51% (elapsed time   536.0s, curr speed    0.427 kHz, avg speed    0.448 kHz), accepted    33624/  240001 events (14.01%)
Processed   250000/  350336 entries, 71.36% (elapsed time   558.9s, curr speed    0.438 kHz, avg speed    0.447 kHz), accepted    35169/  250001 events (14.07%)
Processed   260000/  350336 entries, 74.21% (elapsed time   581.7s, curr speed    0.438 kHz, avg speed    0.447 kHz), accepted    36627/  260001 events (14.09%)
Processed   270000/  350336 entries, 77.07% (elapsed time   604.7s, curr speed    0.433 kHz, avg speed    0.446 kHz), accepted    38166/  270001 events (14.14%)
Processed   280000/  350336 entries, 79.92% (elapsed time   627.8s, curr speed    0.433 kHz, avg speed    0.446 kHz), accepted    39670/  280001 events (14.17%)
Processed   290000/  350336 entries, 82.78% (elapsed time   648.4s, curr speed    0.487 kHz, avg speed    0.447 kHz), accepted    40708/  290001 events (14.04%)
Processed   300000/  350336 entries, 85.63% (elapsed time   668.9s, curr speed    0.486 kHz, avg speed    0.448 kHz), accepted    41780/  300001 events (13.93%)
Processed   310000/  350336 entries, 88.49% (elapsed time   689.9s, curr speed    0.478 kHz, avg speed    0.449 kHz), accepted    42882/  310001 events (13.83%)
Processed   320000/  350336 entries, 91.34% (elapsed time   711.0s, curr speed    0.474 kHz, avg speed    0.450 kHz), accepted    44001/  320001 events (13.75%)
Processed   330000/  350336 entries, 94.20% (elapsed time   732.3s, curr speed    0.468 kHz, avg speed    0.451 kHz), accepted    45183/  330001 events (13.69%)
Processed   340000/  350336 entries, 97.05% (elapsed time   753.3s, curr speed    0.478 kHz, avg speed    0.451 kHz), accepted    46351/  340001 events (13.63%)
Processed   350000/  350336 entries, 99.90% (elapsed time   774.4s, curr speed    0.474 kHz, avg speed    0.452 kHz), accepted    47533/  350001 events (13.58%)
Processed 350336 preselected entries from root://cmsxrootd.fnal.gov//store/data/Run2018B/JetHT/NANOAOD/UL2018_MiniAODv2_NanoAODv9-v1/120000/0D872FB7-EEF9-7547-BE8E-556419554CE5.root (2335810 entries). Finally selected 47572 entries
Total time 787.7 sec. to process 2335810 events. Rate = 2965.5 Hz.
Running pwd:
/storage/local/data1/condor/execute/dir_42554
Running ls -alrth:
total 172K
-rw-r--r--  1 shardulr fnalgrid 5.0K Jun 27 18:27 .job.ad
-rw-r--r--  1 shardulr fnalgrid  12K Jun 27 18:27 .machine.ad
-rwx------  1 shardulr fnalgrid   49 Jun 27 18:27 .chirp.config
-rw-------  1 shardulr fnalgrid  11K Jun 27 18:27 x509up
drwxr-xr-x  2 shardulr fnalgrid 4.0K Jun 27 18:27 samples
-rw-r--r--  1 shardulr fnalgrid  62K Jun 27 18:27 singleStopAnalyzer.py
-rwxr-xr-x  1 shardulr fnalgrid  698 Jun 27 18:27 condor_exec.exe
-rw-r--r--  1 shardulr fnalgrid  951 Jun 27 18:27 bJetMatcher.py
-rw-r--r--  1 shardulr fnalgrid    0 Jun 27 18:27 docker_stderror
drwxrwxrwt  2 shardulr fnalgrid 4.0K Jun 27 18:27 tmp
drwxrwxrwt  3 shardulr fnalgrid 4.0K Jun 27 18:27 var
drwxr-xr-x  3 root     root     4.0K Jun 27 18:27 ..
srwxr-xr-x  1 shardulr fnalgrid    0 Jun 27 18:27 .docker_sock
drwxr-xr-x 17 shardulr fnalgrid 4.0K Jun 27 18:27 CMSSW_10_6_19_patch2
drwxr-xr-x  2 shardulr fnalgrid 4.0K Jun 27 18:27 framework
-rw-r--r--  1 shardulr fnalgrid 1.7K Jun 27 18:27 bJetMatcher.pyc
drwxr-xr-x  3 shardulr fnalgrid 4.0K Jun 27 18:27 output
-rw-r--r--  1 shardulr fnalgrid  215 Jun 27 18:27 _condor_stderr
-rw-r--r--  1 shardulr fnalgrid  13K Jun 27 18:40 .update.ad
drwx------  8 shardulr fnalgrid 4.0K Jun 27 18:40 .
-rw-r--r--  1 shardulr fnalgrid 7.8K Jun 27 18:40 _condor_stdout
