[FERMIHTC-APPTAINER]: INFO -- No Apptainer image specified
[FERMIHTC-APPTAINER]: INFO -- Running job on the host machine

[FERMIHTC-APPTAINER]: INFO -- Running ./condor_exec.exe
Starting job on  Tue Jun 27 18:29:59 UTC 2023
Running on: Linux shardulr-2169568-343-cmswn2047.fnal.gov 3.10.0-1160.90.1.el7.x86_64 #1 SMP Thu Apr 27 13:14:20 CDT 2023 x86_64 x86_64 x86_64 GNU/Linux
System software: Scientific Linux release 7.9 (Nitrogen)
Running ls -alrth:
total 164K
-rw-r--r--  1 shardulr fnalgrid 5.0K Jun 27 18:29 .job.ad
-rw-r--r--  1 shardulr fnalgrid  13K Jun 27 18:29 .machine.ad
-rwx------  1 shardulr fnalgrid   49 Jun 27 18:29 .chirp.config
-rw-------  1 shardulr fnalgrid  11K Jun 27 18:29 x509up
drwxr-xr-x  2 shardulr fnalgrid 4.0K Jun 27 18:29 samples
drwxr-xr-x  2 shardulr fnalgrid 4.0K Jun 27 18:29 framework
-rw-r--r--  1 shardulr fnalgrid  62K Jun 27 18:29 singleStopAnalyzer.py
-rwxr-xr-x  1 shardulr fnalgrid  698 Jun 27 18:29 condor_exec.exe
-rw-r--r--  1 shardulr fnalgrid  951 Jun 27 18:29 bJetMatcher.py
-rw-r--r--  1 shardulr fnalgrid    0 Jun 27 18:29 docker_stderror
drwxrwxrwt  3 shardulr fnalgrid 4.0K Jun 27 18:29 var
drwxrwxrwt  2 shardulr fnalgrid 4.0K Jun 27 18:29 tmp
-rw-r--r--  1 shardulr fnalgrid  13K Jun 27 18:29 .update.ad
drwxr-xr-x  3 root     root     4.0K Jun 27 18:29 ..
srwxr-xr-x  1 shardulr fnalgrid    0 Jun 27 18:29 .docker_sock
-rw-r--r--  1 shardulr fnalgrid  113 Jun 27 18:30 _condor_stderr
drwx------  7 shardulr fnalgrid 4.0K Jun 27 18:30 .
drwxr-xr-x 17 shardulr fnalgrid 4.0K Jun 27 18:30 CMSSW_10_6_19_patch2
-rw-r--r--  1 shardulr fnalgrid  453 Jun 27 18:30 _condor_stdout
/storage/local/data1/condor/execute/dir_47007/CMSSW_10_6_19_patch2 is the CMSSW we created on the local worker node
Running over Data2018 files
Blinding data, only using CR cuts (0 loose b's)
Using UL 2018 campaign working points
Pre-select 214432 entries out of 1452942 (14.76%)
Processed    10000/  214432 entries,  4.66% (elapsed time    27.3s, curr speed    0.366 kHz, avg speed    0.366 kHz), accepted     1579/   10001 events (15.79%)
Processed    20000/  214432 entries,  9.33% (elapsed time    54.8s, curr speed    0.364 kHz, avg speed    0.365 kHz), accepted     3298/   20001 events (16.49%)
Processed    30000/  214432 entries, 13.99% (elapsed time    81.0s, curr speed    0.382 kHz, avg speed    0.371 kHz), accepted     4883/   30001 events (16.28%)
Processed    40000/  214432 entries, 18.65% (elapsed time   107.1s, curr speed    0.382 kHz, avg speed    0.373 kHz), accepted     6396/   40001 events (15.99%)
Processed    50000/  214432 entries, 23.32% (elapsed time   130.9s, curr speed    0.421 kHz, avg speed    0.382 kHz), accepted     7513/   50001 events (15.03%)
Processed    60000/  214432 entries, 27.98% (elapsed time   156.7s, curr speed    0.387 kHz, avg speed    0.383 kHz), accepted     8877/   60001 events (14.79%)
Processed    70000/  214432 entries, 32.64% (elapsed time   182.1s, curr speed    0.394 kHz, avg speed    0.384 kHz), accepted    10189/   70001 events (14.56%)
Processed    80000/  214432 entries, 37.31% (elapsed time   207.0s, curr speed    0.402 kHz, avg speed    0.387 kHz), accepted    11519/   80001 events (14.40%)
Processed    90000/  214432 entries, 41.97% (elapsed time   234.0s, curr speed    0.370 kHz, avg speed    0.385 kHz), accepted    13137/   90001 events (14.60%)
Processed   100000/  214432 entries, 46.63% (elapsed time   260.9s, curr speed    0.371 kHz, avg speed    0.383 kHz), accepted    14645/  100001 events (14.64%)
Processed   110000/  214432 entries, 51.30% (elapsed time   287.1s, curr speed    0.381 kHz, avg speed    0.383 kHz), accepted    16035/  110001 events (14.58%)
Processed   120000/  214432 entries, 55.96% (elapsed time   312.3s, curr speed    0.397 kHz, avg speed    0.384 kHz), accepted    17377/  120001 events (14.48%)
Processed   130000/  214432 entries, 60.63% (elapsed time   337.7s, curr speed    0.394 kHz, avg speed    0.385 kHz), accepted    18640/  130001 events (14.34%)
Processed   140000/  214432 entries, 65.29% (elapsed time   364.6s, curr speed    0.372 kHz, avg speed    0.384 kHz), accepted    20217/  140001 events (14.44%)
Processed   150000/  214432 entries, 69.95% (elapsed time   392.5s, curr speed    0.359 kHz, avg speed    0.382 kHz), accepted    21952/  150001 events (14.63%)
Processed   160000/  214432 entries, 74.62% (elapsed time   420.4s, curr speed    0.358 kHz, avg speed    0.381 kHz), accepted    23610/  160001 events (14.76%)
Processed   170000/  214432 entries, 79.28% (elapsed time   447.3s, curr speed    0.372 kHz, avg speed    0.380 kHz), accepted    25248/  170001 events (14.85%)
Processed   180000/  214432 entries, 83.94% (elapsed time   475.8s, curr speed    0.351 kHz, avg speed    0.378 kHz), accepted    26985/  180001 events (14.99%)
Processed   190000/  214432 entries, 88.61% (elapsed time   502.4s, curr speed    0.375 kHz, avg speed    0.378 kHz), accepted    28649/  190001 events (15.08%)
Processed   200000/  214432 entries, 93.27% (elapsed time   530.3s, curr speed    0.359 kHz, avg speed    0.377 kHz), accepted    30349/  200001 events (15.17%)
Processed   210000/  214432 entries, 97.93% (elapsed time   557.1s, curr speed    0.373 kHz, avg speed    0.377 kHz), accepted    31959/  210001 events (15.22%)
Processed 214432 preselected entries from root://cmsxrootd.fnal.gov//store/data/Run2018D/JetHT/NANOAOD/UL2018_MiniAODv2_NanoAODv9-v2/2540000/FCB90738-F47B-B347-A5A7-0C86A2E5A748.root (1452942 entries). Finally selected 32674 entries
Total time 583.4 sec. to process 1452942 events. Rate = 2490.4 Hz.
Running pwd:
/storage/local/data1/condor/execute/dir_47007
Running ls -alrth:
total 176K
-rw-r--r--  1 shardulr fnalgrid 5.0K Jun 27 18:29 .job.ad
-rw-r--r--  1 shardulr fnalgrid  13K Jun 27 18:29 .machine.ad
-rwx------  1 shardulr fnalgrid   49 Jun 27 18:29 .chirp.config
-rw-------  1 shardulr fnalgrid  11K Jun 27 18:29 x509up
drwxr-xr-x  2 shardulr fnalgrid 4.0K Jun 27 18:29 samples
-rw-r--r--  1 shardulr fnalgrid  62K Jun 27 18:29 singleStopAnalyzer.py
-rwxr-xr-x  1 shardulr fnalgrid  698 Jun 27 18:29 condor_exec.exe
-rw-r--r--  1 shardulr fnalgrid  951 Jun 27 18:29 bJetMatcher.py
-rw-r--r--  1 shardulr fnalgrid    0 Jun 27 18:29 docker_stderror
drwxrwxrwt  3 shardulr fnalgrid 4.0K Jun 27 18:29 var
drwxrwxrwt  2 shardulr fnalgrid 4.0K Jun 27 18:29 tmp
drwxr-xr-x  3 root     root     4.0K Jun 27 18:29 ..
srwxr-xr-x  1 shardulr fnalgrid    0 Jun 27 18:29 .docker_sock
drwxr-xr-x 17 shardulr fnalgrid 4.0K Jun 27 18:30 CMSSW_10_6_19_patch2
drwxr-xr-x  2 shardulr fnalgrid 4.0K Jun 27 18:30 framework
-rw-r--r--  1 shardulr fnalgrid 1.7K Jun 27 18:30 bJetMatcher.pyc
drwxr-xr-x  3 shardulr fnalgrid 4.0K Jun 27 18:30 output
-rw-r--r--  1 shardulr fnalgrid  215 Jun 27 18:30 _condor_stderr
-rw-r--r--  1 shardulr fnalgrid  13K Jun 27 18:39 .update.ad
drwx------  8 shardulr fnalgrid 4.0K Jun 27 18:39 .
-rw-r--r--  1 shardulr fnalgrid 5.6K Jun 27 18:39 _condor_stdout
