[FERMIHTC-APPTAINER]: INFO -- No Apptainer image specified
[FERMIHTC-APPTAINER]: INFO -- Running job on the host machine

[FERMIHTC-APPTAINER]: INFO -- Running ./condor_exec.exe
Starting job on  Tue Jun 27 18:23:58 UTC 2023
Running on: Linux shardulr-2169568-109-cmswn2044.fnal.gov 3.10.0-1160.90.1.el7.x86_64 #1 SMP Thu Apr 27 13:14:20 CDT 2023 x86_64 x86_64 x86_64 GNU/Linux
System software: Scientific Linux release 7.9 (Nitrogen)
Running ls -alrth:
total 156K
-rw-r--r--  1 shardulr fnalgrid 5.0K Jun 27 18:23 .job.ad
-rw-r--r--  1 shardulr fnalgrid  12K Jun 27 18:23 .machine.ad
-rwx------  1 shardulr fnalgrid   49 Jun 27 18:23 .chirp.config
-rw-------  1 shardulr fnalgrid  11K Jun 27 18:23 x509up
drwxr-xr-x  2 shardulr fnalgrid 4.0K Jun 27 18:23 samples
drwxr-xr-x  2 shardulr fnalgrid 4.0K Jun 27 18:23 framework
-rw-r--r--  1 shardulr fnalgrid  62K Jun 27 18:23 singleStopAnalyzer.py
-rwxr-xr-x  1 shardulr fnalgrid  698 Jun 27 18:23 condor_exec.exe
-rw-r--r--  1 shardulr fnalgrid  951 Jun 27 18:23 bJetMatcher.py
-rw-r--r--  1 shardulr fnalgrid    0 Jun 27 18:23 docker_stderror
drwxrwxrwt  3 shardulr fnalgrid 4.0K Jun 27 18:23 var
drwxrwxrwt  2 shardulr fnalgrid 4.0K Jun 27 18:23 tmp
-rw-r--r--  1 shardulr fnalgrid  12K Jun 27 18:23 .update.ad
drwxr-xr-x  3 root     root     4.0K Jun 27 18:23 ..
srwxr-xr-x  1 shardulr fnalgrid    0 Jun 27 18:23 .docker_sock
-rw-r--r--  1 shardulr fnalgrid  113 Jun 27 18:24 _condor_stderr
drwx------  7 shardulr fnalgrid 4.0K Jun 27 18:24 .
drwxr-xr-x 17 shardulr fnalgrid 4.0K Jun 27 18:24 CMSSW_10_6_19_patch2
-rw-r--r--  1 shardulr fnalgrid  453 Jun 27 18:24 _condor_stdout
/storage/local/data1/condor/execute/dir_12521/CMSSW_10_6_19_patch2 is the CMSSW we created on the local worker node
Running over Data2018 files
Blinding data, only using CR cuts (0 loose b's)
Using UL 2018 campaign working points
Pre-select 161406 entries out of 1208017 (13.36%)
Processed    10000/  161406 entries,  6.20% (elapsed time    30.8s, curr speed    0.325 kHz, avg speed    0.325 kHz), accepted     1369/   10001 events (13.69%)
Processed    20000/  161406 entries, 12.39% (elapsed time    61.3s, curr speed    0.328 kHz, avg speed    0.326 kHz), accepted     2818/   20001 events (14.09%)
Processed    30000/  161406 entries, 18.59% (elapsed time    91.0s, curr speed    0.337 kHz, avg speed    0.330 kHz), accepted     4287/   30001 events (14.29%)
Processed    40000/  161406 entries, 24.78% (elapsed time   120.7s, curr speed    0.337 kHz, avg speed    0.331 kHz), accepted     5671/   40001 events (14.18%)
Processed    50000/  161406 entries, 30.98% (elapsed time   151.1s, curr speed    0.329 kHz, avg speed    0.331 kHz), accepted     7002/   50001 events (14.00%)
Processed    60000/  161406 entries, 37.17% (elapsed time   181.0s, curr speed    0.334 kHz, avg speed    0.331 kHz), accepted     8358/   60001 events (13.93%)
Processed    70000/  161406 entries, 43.37% (elapsed time   210.4s, curr speed    0.341 kHz, avg speed    0.333 kHz), accepted     9714/   70001 events (13.88%)
Processed    80000/  161406 entries, 49.56% (elapsed time   239.8s, curr speed    0.340 kHz, avg speed    0.334 kHz), accepted    11120/   80001 events (13.90%)
Processed    90000/  161406 entries, 55.76% (elapsed time   269.0s, curr speed    0.342 kHz, avg speed    0.335 kHz), accepted    12578/   90001 events (13.98%)
Processed   100000/  161406 entries, 61.96% (elapsed time   298.7s, curr speed    0.337 kHz, avg speed    0.335 kHz), accepted    14028/  100001 events (14.03%)
Processed   110000/  161406 entries, 68.15% (elapsed time   328.6s, curr speed    0.335 kHz, avg speed    0.335 kHz), accepted    15489/  110001 events (14.08%)
Processed   120000/  161406 entries, 74.35% (elapsed time   358.1s, curr speed    0.339 kHz, avg speed    0.335 kHz), accepted    16906/  120001 events (14.09%)
Processed   130000/  161406 entries, 80.54% (elapsed time   387.3s, curr speed    0.342 kHz, avg speed    0.336 kHz), accepted    18337/  130001 events (14.11%)
Processed   140000/  161406 entries, 86.74% (elapsed time   416.3s, curr speed    0.345 kHz, avg speed    0.336 kHz), accepted    19720/  140001 events (14.09%)
Processed   150000/  161406 entries, 92.93% (elapsed time   444.6s, curr speed    0.353 kHz, avg speed    0.337 kHz), accepted    21001/  150001 events (14.00%)
Processed   160000/  161406 entries, 99.13% (elapsed time   473.3s, curr speed    0.348 kHz, avg speed    0.338 kHz), accepted    22242/  160001 events (13.90%)
Processed 161406 preselected entries from root://cmsxrootd.fnal.gov//store/data/Run2018A/JetHT/NANOAOD/UL2018_MiniAODv2_NanoAODv9-v2/250000/64E8EFB7-90D0-FF45-B84E-E4B2FA751D55.root (1208017 entries). Finally selected 22473 entries
Total time 489.1 sec. to process 1208017 events. Rate = 2469.8 Hz.
Running pwd:
/storage/local/data1/condor/execute/dir_12521
Running ls -alrth:
total 172K
-rw-r--r--  1 shardulr fnalgrid 5.0K Jun 27 18:23 .job.ad
-rw-r--r--  1 shardulr fnalgrid  12K Jun 27 18:23 .machine.ad
-rwx------  1 shardulr fnalgrid   49 Jun 27 18:23 .chirp.config
-rw-------  1 shardulr fnalgrid  11K Jun 27 18:23 x509up
drwxr-xr-x  2 shardulr fnalgrid 4.0K Jun 27 18:23 samples
-rw-r--r--  1 shardulr fnalgrid  62K Jun 27 18:23 singleStopAnalyzer.py
-rwxr-xr-x  1 shardulr fnalgrid  698 Jun 27 18:23 condor_exec.exe
-rw-r--r--  1 shardulr fnalgrid  951 Jun 27 18:23 bJetMatcher.py
-rw-r--r--  1 shardulr fnalgrid    0 Jun 27 18:23 docker_stderror
drwxrwxrwt  3 shardulr fnalgrid 4.0K Jun 27 18:23 var
drwxrwxrwt  2 shardulr fnalgrid 4.0K Jun 27 18:23 tmp
drwxr-xr-x  3 root     root     4.0K Jun 27 18:23 ..
srwxr-xr-x  1 shardulr fnalgrid    0 Jun 27 18:23 .docker_sock
drwxr-xr-x 17 shardulr fnalgrid 4.0K Jun 27 18:24 CMSSW_10_6_19_patch2
drwxr-xr-x  2 shardulr fnalgrid 4.0K Jun 27 18:24 framework
-rw-r--r--  1 shardulr fnalgrid 1.7K Jun 27 18:24 bJetMatcher.pyc
drwxr-xr-x  3 shardulr fnalgrid 4.0K Jun 27 18:24 output
-rw-r--r--  1 shardulr fnalgrid  215 Jun 27 18:24 _condor_stderr
-rw-r--r--  1 shardulr fnalgrid  13K Jun 27 18:30 .update.ad
drwx------  8 shardulr fnalgrid 4.0K Jun 27 18:30 .
-rw-r--r--  1 shardulr fnalgrid 4.8K Jun 27 18:32 _condor_stdout
