[FERMIHTC-APPTAINER]: INFO -- No Apptainer image specified
[FERMIHTC-APPTAINER]: INFO -- Running job on the host machine

[FERMIHTC-APPTAINER]: INFO -- Running ./condor_exec.exe
Starting job on  Tue Jun 27 18:29:59 UTC 2023
Running on: Linux shardulr-2169568-351-cmswn2102.fnal.gov 3.10.0-1160.90.1.el7.x86_64 #1 SMP Thu Apr 27 13:14:20 CDT 2023 x86_64 x86_64 x86_64 GNU/Linux
System software: Scientific Linux release 7.9 (Nitrogen)
Running ls -alrth:
total 164K
-rw-r--r--  1 shardulr fnalgrid  13K Jun 27 18:29 .machine.ad
-rw-r--r--  1 shardulr fnalgrid 5.0K Jun 27 18:29 .job.ad
-rwx------  1 shardulr fnalgrid   49 Jun 27 18:29 .chirp.config
-rw-------  1 shardulr fnalgrid  11K Jun 27 18:29 x509up
drwxr-xr-x  2 shardulr fnalgrid 4.0K Jun 27 18:29 samples
drwxr-xr-x  2 shardulr fnalgrid 4.0K Jun 27 18:29 framework
-rw-r--r--  1 shardulr fnalgrid  62K Jun 27 18:29 singleStopAnalyzer.py
-rwxr-xr-x  1 shardulr fnalgrid  698 Jun 27 18:29 condor_exec.exe
-rw-r--r--  1 shardulr fnalgrid  951 Jun 27 18:29 bJetMatcher.py
-rw-r--r--  1 shardulr fnalgrid    0 Jun 27 18:29 docker_stderror
drwxrwxrwt  3 shardulr fnalgrid 4.0K Jun 27 18:29 var
drwxrwxrwt  2 shardulr fnalgrid 4.0K Jun 27 18:29 tmp
drwxr-xr-x  3 root     root     4.0K Jun 27 18:29 ..
srwxr-xr-x  1 shardulr fnalgrid    0 Jun 27 18:29 .docker_sock
-rw-r--r--  1 shardulr fnalgrid  113 Jun 27 18:29 _condor_stderr
-rw-r--r--  1 shardulr fnalgrid  13K Jun 27 18:29 .update.ad
drwx------  7 shardulr fnalgrid 4.0K Jun 27 18:29 .
drwxr-xr-x 17 shardulr fnalgrid 4.0K Jun 27 18:30 CMSSW_10_6_19_patch2
-rw-r--r--  1 shardulr fnalgrid  453 Jun 27 18:30 _condor_stdout
/storage/local/data1/condor/execute/dir_5695/CMSSW_10_6_19_patch2 is the CMSSW we created on the local worker node
Running over Data2018 files
Blinding data, only using CR cuts (0 loose b's)
Using UL 2018 campaign working points
Pre-select 197155 entries out of 1375178 (14.34%)
Processed    10000/  197155 entries,  5.07% (elapsed time    27.2s, curr speed    0.368 kHz, avg speed    0.368 kHz), accepted     1550/   10001 events (15.50%)
Processed    20000/  197155 entries, 10.14% (elapsed time    53.0s, curr speed    0.387 kHz, avg speed    0.377 kHz), accepted     3140/   20001 events (15.70%)
Processed    30000/  197155 entries, 15.22% (elapsed time    79.4s, curr speed    0.379 kHz, avg speed    0.378 kHz), accepted     4799/   30001 events (16.00%)
Processed    40000/  197155 entries, 20.29% (elapsed time   106.0s, curr speed    0.376 kHz, avg speed    0.377 kHz), accepted     6442/   40001 events (16.10%)
Processed    50000/  197155 entries, 25.36% (elapsed time   128.3s, curr speed    0.449 kHz, avg speed    0.390 kHz), accepted     7430/   50001 events (14.86%)
Processed    60000/  197155 entries, 30.43% (elapsed time   152.4s, curr speed    0.415 kHz, avg speed    0.394 kHz), accepted     8609/   60001 events (14.35%)
Processed    70000/  197155 entries, 35.51% (elapsed time   175.9s, curr speed    0.426 kHz, avg speed    0.398 kHz), accepted     9754/   70001 events (13.93%)
Processed    80000/  197155 entries, 40.58% (elapsed time   199.7s, curr speed    0.420 kHz, avg speed    0.401 kHz), accepted    10987/   80001 events (13.73%)
Processed    90000/  197155 entries, 45.65% (elapsed time   223.8s, curr speed    0.414 kHz, avg speed    0.402 kHz), accepted    12246/   90001 events (13.61%)
Processed   100000/  197155 entries, 50.72% (elapsed time   247.9s, curr speed    0.415 kHz, avg speed    0.403 kHz), accepted    13550/  100001 events (13.55%)
Processed   110000/  197155 entries, 55.79% (elapsed time   272.8s, curr speed    0.402 kHz, avg speed    0.403 kHz), accepted    14917/  110001 events (13.56%)
Processed   120000/  197155 entries, 60.87% (elapsed time   296.4s, curr speed    0.424 kHz, avg speed    0.405 kHz), accepted    16175/  120001 events (13.48%)
Processed   130000/  197155 entries, 65.94% (elapsed time   320.4s, curr speed    0.417 kHz, avg speed    0.406 kHz), accepted    17450/  130001 events (13.42%)
Processed   140000/  197155 entries, 71.01% (elapsed time   344.6s, curr speed    0.412 kHz, avg speed    0.406 kHz), accepted    18753/  140001 events (13.39%)
Processed   150000/  197155 entries, 76.08% (elapsed time   368.8s, curr speed    0.414 kHz, avg speed    0.407 kHz), accepted    20076/  150001 events (13.38%)
Processed   160000/  197155 entries, 81.15% (elapsed time   393.9s, curr speed    0.398 kHz, avg speed    0.406 kHz), accepted    21536/  160001 events (13.46%)
Processed   170000/  197155 entries, 86.23% (elapsed time   420.0s, curr speed    0.384 kHz, avg speed    0.405 kHz), accepted    23095/  170001 events (13.59%)
Processed   180000/  197155 entries, 91.30% (elapsed time   446.5s, curr speed    0.376 kHz, avg speed    0.403 kHz), accepted    24687/  180001 events (13.71%)
Processed   190000/  197155 entries, 96.37% (elapsed time   473.6s, curr speed    0.370 kHz, avg speed    0.401 kHz), accepted    26296/  190001 events (13.84%)
Processed 197155 preselected entries from root://cmsxrootd.fnal.gov//store/data/Run2018D/JetHT/NANOAOD/UL2018_MiniAODv2_NanoAODv9-v2/2540000/43216585-3695-ED42-B02D-141C93AC5F37.root (1375178 entries). Finally selected 27410 entries
Total time 506.8 sec. to process 1375178 events. Rate = 2713.5 Hz.
Running pwd:
/storage/local/data1/condor/execute/dir_5695
Running ls -alrth:
total 176K
-rw-r--r--  1 shardulr fnalgrid  13K Jun 27 18:29 .machine.ad
-rw-r--r--  1 shardulr fnalgrid 5.0K Jun 27 18:29 .job.ad
-rwx------  1 shardulr fnalgrid   49 Jun 27 18:29 .chirp.config
-rw-------  1 shardulr fnalgrid  11K Jun 27 18:29 x509up
drwxr-xr-x  2 shardulr fnalgrid 4.0K Jun 27 18:29 samples
-rw-r--r--  1 shardulr fnalgrid  62K Jun 27 18:29 singleStopAnalyzer.py
-rwxr-xr-x  1 shardulr fnalgrid  698 Jun 27 18:29 condor_exec.exe
-rw-r--r--  1 shardulr fnalgrid  951 Jun 27 18:29 bJetMatcher.py
-rw-r--r--  1 shardulr fnalgrid    0 Jun 27 18:29 docker_stderror
drwxrwxrwt  3 shardulr fnalgrid 4.0K Jun 27 18:29 var
drwxrwxrwt  2 shardulr fnalgrid 4.0K Jun 27 18:29 tmp
drwxr-xr-x  3 root     root     4.0K Jun 27 18:29 ..
srwxr-xr-x  1 shardulr fnalgrid    0 Jun 27 18:29 .docker_sock
drwxr-xr-x 17 shardulr fnalgrid 4.0K Jun 27 18:30 CMSSW_10_6_19_patch2
drwxr-xr-x  2 shardulr fnalgrid 4.0K Jun 27 18:30 framework
-rw-r--r--  1 shardulr fnalgrid 1.7K Jun 27 18:30 bJetMatcher.pyc
drwxr-xr-x  3 shardulr fnalgrid 4.0K Jun 27 18:30 output
-rw-r--r--  1 shardulr fnalgrid  215 Jun 27 18:30 _condor_stderr
-rw-r--r--  1 shardulr fnalgrid  13K Jun 27 18:38 .update.ad
drwx------  8 shardulr fnalgrid 4.0K Jun 27 18:38 .
-rw-r--r--  1 shardulr fnalgrid 5.3K Jun 27 18:38 _condor_stdout
