[FERMIHTC-APPTAINER]: INFO -- No Apptainer image specified
[FERMIHTC-APPTAINER]: INFO -- Running job on the host machine

[FERMIHTC-APPTAINER]: INFO -- Running ./condor_exec.exe
Starting job on  Tue Jun 27 18:20:43 UTC 2023
Running on: Linux shardulr-2169568-59-cmswn2036.fnal.gov 3.10.0-1160.90.1.el7.x86_64 #1 SMP Thu Apr 27 13:14:20 CDT 2023 x86_64 x86_64 x86_64 GNU/Linux
System software: Scientific Linux release 7.9 (Nitrogen)
Running ls -alrth:
total 160K
-rw-r--r--  1 shardulr fnalgrid 5.0K Jun 27 18:20 .job.ad
-rw-r--r--  1 shardulr fnalgrid  13K Jun 27 18:20 .machine.ad
-rwx------  1 shardulr fnalgrid   49 Jun 27 18:20 .chirp.config
-rw-------  1 shardulr fnalgrid  11K Jun 27 18:20 x509up
drwxr-xr-x  2 shardulr fnalgrid 4.0K Jun 27 18:20 samples
-rw-r--r--  1 shardulr fnalgrid  62K Jun 27 18:20 singleStopAnalyzer.py
drwxr-xr-x  2 shardulr fnalgrid 4.0K Jun 27 18:20 framework
-rwxr-xr-x  1 shardulr fnalgrid  697 Jun 27 18:20 condor_exec.exe
-rw-r--r--  1 shardulr fnalgrid  951 Jun 27 18:20 bJetMatcher.py
-rw-r--r--  1 shardulr fnalgrid    0 Jun 27 18:20 docker_stderror
drwxrwxrwt  2 shardulr fnalgrid 4.0K Jun 27 18:20 tmp
drwxrwxrwt  3 shardulr fnalgrid 4.0K Jun 27 18:20 var
-rw-r--r--  1 shardulr fnalgrid  12K Jun 27 18:20 .update.ad
drwxr-xr-x  3 root     root     4.0K Jun 27 18:20 ..
srwxr-xr-x  1 shardulr fnalgrid    0 Jun 27 18:20 .docker_sock
-rw-r--r--  1 shardulr fnalgrid  113 Jun 27 18:20 _condor_stderr
drwx------  7 shardulr fnalgrid 4.0K Jun 27 18:20 .
drwxr-xr-x 17 shardulr fnalgrid 4.0K Jun 27 18:20 CMSSW_10_6_19_patch2
-rw-r--r--  1 shardulr fnalgrid  452 Jun 27 18:20 _condor_stdout
/storage/local/data1/condor/execute/dir_61614/CMSSW_10_6_19_patch2 is the CMSSW we created on the local worker node
Running over Data2018 files
Blinding data, only using CR cuts (0 loose b's)
Using UL 2018 campaign working points
Pre-select 207504 entries out of 1431179 (14.50%)
Processed    10000/  207504 entries,  4.82% (elapsed time    22.6s, curr speed    0.442 kHz, avg speed    0.442 kHz), accepted     1241/   10001 events (12.41%)
Processed    20000/  207504 entries,  9.64% (elapsed time    45.5s, curr speed    0.437 kHz, avg speed    0.439 kHz), accepted     2673/   20001 events (13.36%)
Processed    30000/  207504 entries, 14.46% (elapsed time    68.6s, curr speed    0.433 kHz, avg speed    0.437 kHz), accepted     4162/   30001 events (13.87%)
Processed    40000/  207504 entries, 19.28% (elapsed time    92.1s, curr speed    0.425 kHz, avg speed    0.434 kHz), accepted     5709/   40001 events (14.27%)
Processed    50000/  207504 entries, 24.10% (elapsed time   115.8s, curr speed    0.422 kHz, avg speed    0.432 kHz), accepted     7298/   50001 events (14.60%)
Processed    60000/  207504 entries, 28.92% (elapsed time   138.3s, curr speed    0.445 kHz, avg speed    0.434 kHz), accepted     8690/   60001 events (14.48%)
Processed    70000/  207504 entries, 33.73% (elapsed time   160.9s, curr speed    0.444 kHz, avg speed    0.435 kHz), accepted    10129/   70001 events (14.47%)
Processed    80000/  207504 entries, 38.55% (elapsed time   183.3s, curr speed    0.445 kHz, avg speed    0.436 kHz), accepted    11590/   80001 events (14.49%)
Processed    90000/  207504 entries, 43.37% (elapsed time   206.6s, curr speed    0.429 kHz, avg speed    0.436 kHz), accepted    13024/   90001 events (14.47%)
Processed   100000/  207504 entries, 48.19% (elapsed time   228.3s, curr speed    0.461 kHz, avg speed    0.438 kHz), accepted    14258/  100001 events (14.26%)
Processed   110000/  207504 entries, 53.01% (elapsed time   251.1s, curr speed    0.439 kHz, avg speed    0.438 kHz), accepted    15508/  110001 events (14.10%)
Processed   120000/  207504 entries, 57.83% (elapsed time   271.8s, curr speed    0.483 kHz, avg speed    0.442 kHz), accepted    16614/  120001 events (13.84%)
Processed   130000/  207504 entries, 62.65% (elapsed time   292.5s, curr speed    0.482 kHz, avg speed    0.444 kHz), accepted    17713/  130001 events (13.63%)
Processed   140000/  207504 entries, 67.47% (elapsed time   314.3s, curr speed    0.460 kHz, avg speed    0.445 kHz), accepted    18936/  140001 events (13.53%)
Processed   150000/  207504 entries, 72.29% (elapsed time   336.3s, curr speed    0.454 kHz, avg speed    0.446 kHz), accepted    20218/  150001 events (13.48%)
Processed   160000/  207504 entries, 77.11% (elapsed time   359.1s, curr speed    0.437 kHz, avg speed    0.446 kHz), accepted    21648/  160001 events (13.53%)
Processed   170000/  207504 entries, 81.93% (elapsed time   381.0s, curr speed    0.458 kHz, avg speed    0.446 kHz), accepted    22896/  170001 events (13.47%)
Processed   180000/  207504 entries, 86.75% (elapsed time   402.8s, curr speed    0.459 kHz, avg speed    0.447 kHz), accepted    24121/  180001 events (13.40%)
Processed   190000/  207504 entries, 91.56% (elapsed time   424.4s, curr speed    0.463 kHz, avg speed    0.448 kHz), accepted    25346/  190001 events (13.34%)
Processed   200000/  207504 entries, 96.38% (elapsed time   446.7s, curr speed    0.448 kHz, avg speed    0.448 kHz), accepted    26668/  200001 events (13.33%)
Processed 207504 preselected entries from root://cmsxrootd.fnal.gov//store/data/Run2018A/JetHT/NANOAOD/UL2018_MiniAODv2_NanoAODv9-v2/250000/981FC8E4-7AEE-0D43-8865-2E465C01FBF8.root (1431179 entries). Finally selected 27547 entries
Total time 471.9 sec. to process 1431179 events. Rate = 3033.1 Hz.
Running pwd:
/storage/local/data1/condor/execute/dir_61614
Running ls -alrth:
total 172K
-rw-r--r--  1 shardulr fnalgrid 5.0K Jun 27 18:20 .job.ad
-rw-r--r--  1 shardulr fnalgrid  13K Jun 27 18:20 .machine.ad
-rwx------  1 shardulr fnalgrid   49 Jun 27 18:20 .chirp.config
-rw-------  1 shardulr fnalgrid  11K Jun 27 18:20 x509up
drwxr-xr-x  2 shardulr fnalgrid 4.0K Jun 27 18:20 samples
-rw-r--r--  1 shardulr fnalgrid  62K Jun 27 18:20 singleStopAnalyzer.py
-rwxr-xr-x  1 shardulr fnalgrid  697 Jun 27 18:20 condor_exec.exe
-rw-r--r--  1 shardulr fnalgrid  951 Jun 27 18:20 bJetMatcher.py
-rw-r--r--  1 shardulr fnalgrid    0 Jun 27 18:20 docker_stderror
drwxrwxrwt  2 shardulr fnalgrid 4.0K Jun 27 18:20 tmp
drwxrwxrwt  3 shardulr fnalgrid 4.0K Jun 27 18:20 var
drwxr-xr-x  3 root     root     4.0K Jun 27 18:20 ..
srwxr-xr-x  1 shardulr fnalgrid    0 Jun 27 18:20 .docker_sock
drwxr-xr-x 17 shardulr fnalgrid 4.0K Jun 27 18:20 CMSSW_10_6_19_patch2
drwxr-xr-x  2 shardulr fnalgrid 4.0K Jun 27 18:20 framework
-rw-r--r--  1 shardulr fnalgrid 1.7K Jun 27 18:20 bJetMatcher.pyc
drwxr-xr-x  3 shardulr fnalgrid 4.0K Jun 27 18:20 output
-rw-r--r--  1 shardulr fnalgrid  215 Jun 27 18:20 _condor_stderr
-rw-r--r--  1 shardulr fnalgrid  12K Jun 27 18:26 .update.ad
drwx------  8 shardulr fnalgrid 4.0K Jun 27 18:26 .
-rw-r--r--  1 shardulr fnalgrid 5.4K Jun 27 18:28 _condor_stdout
