[FERMIHTC-APPTAINER]: INFO -- No Apptainer image specified
[FERMIHTC-APPTAINER]: INFO -- Running job on the host machine

[FERMIHTC-APPTAINER]: INFO -- Running ./condor_exec.exe
Starting job on  Tue Jun 27 18:20:55 UTC 2023
Running on: Linux shardulr-2169568-61-cmswn2112.fnal.gov 3.10.0-1160.90.1.el7.x86_64 #1 SMP Thu Apr 27 13:14:20 CDT 2023 x86_64 x86_64 x86_64 GNU/Linux
System software: Scientific Linux release 7.9 (Nitrogen)
Running ls -alrth:
total 164K
-rw-r--r--  1 shardulr fnalgrid 5.0K Jun 27 18:20 .job.ad
-rw-r--r--  1 shardulr fnalgrid  13K Jun 27 18:20 .machine.ad
-rwx------  1 shardulr fnalgrid   49 Jun 27 18:20 .chirp.config
-rw-------  1 shardulr fnalgrid  11K Jun 27 18:20 x509up
drwxr-xr-x  2 shardulr fnalgrid 4.0K Jun 27 18:20 samples
-rw-r--r--  1 shardulr fnalgrid  62K Jun 27 18:20 singleStopAnalyzer.py
drwxr-xr-x  2 shardulr fnalgrid 4.0K Jun 27 18:20 framework
-rwxr-xr-x  1 shardulr fnalgrid  697 Jun 27 18:20 condor_exec.exe
-rw-r--r--  1 shardulr fnalgrid  951 Jun 27 18:20 bJetMatcher.py
-rw-r--r--  1 shardulr fnalgrid    0 Jun 27 18:20 docker_stderror
drwxrwxrwt  3 shardulr fnalgrid 4.0K Jun 27 18:20 var
drwxrwxrwt  2 shardulr fnalgrid 4.0K Jun 27 18:20 tmp
-rw-r--r--  1 shardulr fnalgrid  13K Jun 27 18:20 .update.ad
drwxr-xr-x  3 root     root     4.0K Jun 27 18:20 ..
srwxr-xr-x  1 shardulr fnalgrid    0 Jun 27 18:20 .docker_sock
-rw-r--r--  1 shardulr fnalgrid  113 Jun 27 18:20 _condor_stderr
drwx------  7 shardulr fnalgrid 4.0K Jun 27 18:20 .
drwxr-xr-x 17 shardulr fnalgrid 4.0K Jun 27 18:20 CMSSW_10_6_19_patch2
-rw-r--r--  1 shardulr fnalgrid  452 Jun 27 18:20 _condor_stdout
/storage/local/data1/condor/execute/dir_45168/CMSSW_10_6_19_patch2 is the CMSSW we created on the local worker node
Running over Data2018 files
Blinding data, only using CR cuts (0 loose b's)
Using UL 2018 campaign working points
Pre-select 92328 entries out of 725011 (12.73%)
Processed    10000/   92328 entries, 10.83% (elapsed time    23.1s, curr speed    0.434 kHz, avg speed    0.434 kHz), accepted     1276/   10001 events (12.76%)
Processed    20000/   92328 entries, 21.66% (elapsed time    44.2s, curr speed    0.472 kHz, avg speed    0.452 kHz), accepted     2468/   20001 events (12.34%)
Processed    30000/   92328 entries, 32.49% (elapsed time    68.0s, curr speed    0.421 kHz, avg speed    0.441 kHz), accepted     3841/   30001 events (12.80%)
Processed    40000/   92328 entries, 43.32% (elapsed time    91.6s, curr speed    0.424 kHz, avg speed    0.437 kHz), accepted     5375/   40001 events (13.44%)
Processed    50000/   92328 entries, 54.15% (elapsed time   115.6s, curr speed    0.416 kHz, avg speed    0.432 kHz), accepted     6921/   50001 events (13.84%)
Processed    60000/   92328 entries, 64.99% (elapsed time   138.7s, curr speed    0.434 kHz, avg speed    0.433 kHz), accepted     8321/   60001 events (13.87%)
Processed    70000/   92328 entries, 75.82% (elapsed time   158.9s, curr speed    0.495 kHz, avg speed    0.441 kHz), accepted     9239/   70001 events (13.20%)
Processed    80000/   92328 entries, 86.65% (elapsed time   182.1s, curr speed    0.431 kHz, avg speed    0.439 kHz), accepted    10691/   80001 events (13.36%)
Processed    90000/   92328 entries, 97.48% (elapsed time   204.1s, curr speed    0.454 kHz, avg speed    0.441 kHz), accepted    11954/   90001 events (13.28%)
Processed 92328 preselected entries from root://cmsxrootd.fnal.gov//store/data/Run2018A/JetHT/NANOAOD/UL2018_MiniAODv2_NanoAODv9-v2/250000/21F8A0B7-094E-354C-BD99-7CF437D68454.root (725011 entries). Finally selected 12239 entries
Total time 214.8 sec. to process 725011 events. Rate = 3375.8 Hz.
Running pwd:
/storage/local/data1/condor/execute/dir_45168
Running ls -alrth:
total 172K
-rw-r--r--  1 shardulr fnalgrid 5.0K Jun 27 18:20 .job.ad
-rw-r--r--  1 shardulr fnalgrid  13K Jun 27 18:20 .machine.ad
-rwx------  1 shardulr fnalgrid   49 Jun 27 18:20 .chirp.config
-rw-------  1 shardulr fnalgrid  11K Jun 27 18:20 x509up
drwxr-xr-x  2 shardulr fnalgrid 4.0K Jun 27 18:20 samples
-rw-r--r--  1 shardulr fnalgrid  62K Jun 27 18:20 singleStopAnalyzer.py
-rwxr-xr-x  1 shardulr fnalgrid  697 Jun 27 18:20 condor_exec.exe
-rw-r--r--  1 shardulr fnalgrid  951 Jun 27 18:20 bJetMatcher.py
-rw-r--r--  1 shardulr fnalgrid    0 Jun 27 18:20 docker_stderror
drwxrwxrwt  3 shardulr fnalgrid 4.0K Jun 27 18:20 var
drwxrwxrwt  2 shardulr fnalgrid 4.0K Jun 27 18:20 tmp
-rw-r--r--  1 shardulr fnalgrid  13K Jun 27 18:20 .update.ad
drwxr-xr-x  3 root     root     4.0K Jun 27 18:20 ..
srwxr-xr-x  1 shardulr fnalgrid    0 Jun 27 18:20 .docker_sock
drwxr-xr-x 17 shardulr fnalgrid 4.0K Jun 27 18:20 CMSSW_10_6_19_patch2
drwxr-xr-x  2 shardulr fnalgrid 4.0K Jun 27 18:21 framework
-rw-r--r--  1 shardulr fnalgrid 1.7K Jun 27 18:21 bJetMatcher.pyc
drwxr-xr-x  3 shardulr fnalgrid 4.0K Jun 27 18:21 output
drwx------  8 shardulr fnalgrid 4.0K Jun 27 18:21 .
-rw-r--r--  1 shardulr fnalgrid  215 Jun 27 18:21 _condor_stderr
-rw-r--r--  1 shardulr fnalgrid 3.7K Jun 27 18:24 _condor_stdout
