[FERMIHTC-APPTAINER]: INFO -- No Apptainer image specified
[FERMIHTC-APPTAINER]: INFO -- Running job on the host machine

[FERMIHTC-APPTAINER]: INFO -- Running ./condor_exec.exe
Starting job on  Tue Jun 27 18:18:56 UTC 2023
Running on: Linux shardulr-2169568-50-cmswn2061.fnal.gov 3.10.0-1160.90.1.el7.x86_64 #1 SMP Thu Apr 27 13:14:20 CDT 2023 x86_64 x86_64 x86_64 GNU/Linux
System software: Scientific Linux release 7.9 (Nitrogen)
Running ls -alrth:
total 156K
-rw-r--r--  1 shardulr fnalgrid 5.0K Jun 27 18:18 .job.ad
-rw-r--r--  1 shardulr fnalgrid  12K Jun 27 18:18 .machine.ad
-rwx------  1 shardulr fnalgrid   49 Jun 27 18:18 .chirp.config
-rw-------  1 shardulr fnalgrid  11K Jun 27 18:18 x509up
drwxr-xr-x  2 shardulr fnalgrid 4.0K Jun 27 18:18 samples
drwxr-xr-x  2 shardulr fnalgrid 4.0K Jun 27 18:18 framework
-rw-r--r--  1 shardulr fnalgrid  62K Jun 27 18:18 singleStopAnalyzer.py
-rw-r--r--  1 shardulr fnalgrid  951 Jun 27 18:18 bJetMatcher.py
-rwxr-xr-x  1 shardulr fnalgrid  697 Jun 27 18:18 condor_exec.exe
-rw-r--r--  1 shardulr fnalgrid    0 Jun 27 18:18 docker_stderror
drwxrwxrwt  3 shardulr fnalgrid 4.0K Jun 27 18:18 var
drwxrwxrwt  2 shardulr fnalgrid 4.0K Jun 27 18:18 tmp
-rw-r--r--  1 shardulr fnalgrid  12K Jun 27 18:18 .update.ad
drwxr-xr-x  3 root     root     4.0K Jun 27 18:18 ..
srwxr-xr-x  1 shardulr fnalgrid    0 Jun 27 18:18 .docker_sock
-rw-r--r--  1 shardulr fnalgrid  113 Jun 27 18:18 _condor_stderr
drwx------  7 shardulr fnalgrid 4.0K Jun 27 18:18 .
drwxr-xr-x 17 shardulr fnalgrid 4.0K Jun 27 18:18 CMSSW_10_6_19_patch2
-rw-r--r--  1 shardulr fnalgrid  452 Jun 27 18:18 _condor_stdout
/storage/local/data1/condor/execute/dir_56735/CMSSW_10_6_19_patch2 is the CMSSW we created on the local worker node
Running over Data2018 files
Blinding data, only using CR cuts (0 loose b's)
Using UL 2018 campaign working points
Pre-select 164738 entries out of 1192015 (13.82%)
Processed    10000/  164738 entries,  6.07% (elapsed time    24.1s, curr speed    0.414 kHz, avg speed    0.414 kHz), accepted     1087/   10001 events (10.87%)
Processed    20000/  164738 entries, 12.14% (elapsed time    49.3s, curr speed    0.397 kHz, avg speed    0.405 kHz), accepted     2459/   20001 events (12.29%)
Processed    30000/  164738 entries, 18.21% (elapsed time    74.3s, curr speed    0.400 kHz, avg speed    0.403 kHz), accepted     3973/   30001 events (13.24%)
Processed    40000/  164738 entries, 24.28% (elapsed time    99.2s, curr speed    0.402 kHz, avg speed    0.403 kHz), accepted     5413/   40001 events (13.53%)
Processed    50000/  164738 entries, 30.35% (elapsed time   123.3s, curr speed    0.415 kHz, avg speed    0.405 kHz), accepted     6876/   50001 events (13.75%)
Processed    60000/  164738 entries, 36.42% (elapsed time   148.1s, curr speed    0.404 kHz, avg speed    0.405 kHz), accepted     8231/   60001 events (13.72%)
Processed    70000/  164738 entries, 42.49% (elapsed time   172.0s, curr speed    0.419 kHz, avg speed    0.407 kHz), accepted     9681/   70001 events (13.83%)
Processed    80000/  164738 entries, 48.56% (elapsed time   197.2s, curr speed    0.396 kHz, avg speed    0.406 kHz), accepted    11161/   80001 events (13.95%)
Processed    90000/  164738 entries, 54.63% (elapsed time   220.6s, curr speed    0.427 kHz, avg speed    0.408 kHz), accepted    12650/   90001 events (14.06%)
Processed   100000/  164738 entries, 60.70% (elapsed time   245.0s, curr speed    0.410 kHz, avg speed    0.408 kHz), accepted    14150/  100001 events (14.15%)
Processed   110000/  164738 entries, 66.77% (elapsed time   269.2s, curr speed    0.413 kHz, avg speed    0.409 kHz), accepted    15663/  110001 events (14.24%)
Processed   120000/  164738 entries, 72.84% (elapsed time   292.9s, curr speed    0.423 kHz, avg speed    0.410 kHz), accepted    17009/  120001 events (14.17%)
Processed   130000/  164738 entries, 78.91% (elapsed time   316.9s, curr speed    0.415 kHz, avg speed    0.410 kHz), accepted    18321/  130001 events (14.09%)
Processed   140000/  164738 entries, 84.98% (elapsed time   340.4s, curr speed    0.426 kHz, avg speed    0.411 kHz), accepted    19549/  140001 events (13.96%)
Processed   150000/  164738 entries, 91.05% (elapsed time   363.1s, curr speed    0.442 kHz, avg speed    0.413 kHz), accepted    20656/  150001 events (13.77%)
Processed   160000/  164738 entries, 97.12% (elapsed time   386.0s, curr speed    0.437 kHz, avg speed    0.415 kHz), accepted    21802/  160001 events (13.63%)
Processed 164738 preselected entries from root://cmsxrootd.fnal.gov//store/data/Run2018A/JetHT/NANOAOD/UL2018_MiniAODv2_NanoAODv9-v2/250000/5EE23448-3B3C-B040-BA3E-2A976161D1DF.root (1192015 entries). Finally selected 22391 entries
Total time 407.7 sec. to process 1192015 events. Rate = 2923.6 Hz.
Running pwd:
/storage/local/data1/condor/execute/dir_56735
Running ls -alrth:
total 168K
-rw-r--r--  1 shardulr fnalgrid 5.0K Jun 27 18:18 .job.ad
-rw-r--r--  1 shardulr fnalgrid  12K Jun 27 18:18 .machine.ad
-rwx------  1 shardulr fnalgrid   49 Jun 27 18:18 .chirp.config
-rw-------  1 shardulr fnalgrid  11K Jun 27 18:18 x509up
drwxr-xr-x  2 shardulr fnalgrid 4.0K Jun 27 18:18 samples
-rw-r--r--  1 shardulr fnalgrid  62K Jun 27 18:18 singleStopAnalyzer.py
-rw-r--r--  1 shardulr fnalgrid  951 Jun 27 18:18 bJetMatcher.py
-rwxr-xr-x  1 shardulr fnalgrid  697 Jun 27 18:18 condor_exec.exe
-rw-r--r--  1 shardulr fnalgrid    0 Jun 27 18:18 docker_stderror
drwxrwxrwt  3 shardulr fnalgrid 4.0K Jun 27 18:18 var
drwxrwxrwt  2 shardulr fnalgrid 4.0K Jun 27 18:18 tmp
drwxr-xr-x  3 root     root     4.0K Jun 27 18:18 ..
srwxr-xr-x  1 shardulr fnalgrid    0 Jun 27 18:18 .docker_sock
drwxr-xr-x 17 shardulr fnalgrid 4.0K Jun 27 18:18 CMSSW_10_6_19_patch2
drwxr-xr-x  2 shardulr fnalgrid 4.0K Jun 27 18:19 framework
-rw-r--r--  1 shardulr fnalgrid 1.7K Jun 27 18:19 bJetMatcher.pyc
drwxr-xr-x  3 shardulr fnalgrid 4.0K Jun 27 18:19 output
-rw-r--r--  1 shardulr fnalgrid  215 Jun 27 18:19 _condor_stderr
-rw-r--r--  1 shardulr fnalgrid  12K Jun 27 18:25 .update.ad
drwx------  8 shardulr fnalgrid 4.0K Jun 27 18:25 .
-rw-r--r--  1 shardulr fnalgrid 4.8K Jun 27 18:25 _condor_stdout
