[FERMIHTC-APPTAINER]: INFO -- No Apptainer image specified
[FERMIHTC-APPTAINER]: INFO -- Running job on the host machine

[FERMIHTC-APPTAINER]: INFO -- Running ./condor_exec.exe
Starting job on  Tue Jun 27 18:10:30 UTC 2023
Running on: Linux shardulr-2169568-4-cmswn2119.fnal.gov 3.10.0-1160.90.1.el7.x86_64 #1 SMP Thu Apr 27 13:14:20 CDT 2023 x86_64 x86_64 x86_64 GNU/Linux
System software: Scientific Linux release 7.9 (Nitrogen)
Running ls -alrth:
total 156K
-rw-r--r--  1 shardulr fnalgrid 5.0K Jun 27 18:10 .job.ad
-rw-r--r--  1 shardulr fnalgrid  12K Jun 27 18:10 .machine.ad
-rwx------  1 shardulr fnalgrid   49 Jun 27 18:10 .chirp.config
-rw-------  1 shardulr fnalgrid  11K Jun 27 18:10 x509up
drwxr-xr-x  2 shardulr fnalgrid 4.0K Jun 27 18:10 samples
drwxr-xr-x  2 shardulr fnalgrid 4.0K Jun 27 18:10 framework
-rw-r--r--  1 shardulr fnalgrid  62K Jun 27 18:10 singleStopAnalyzer.py
-rwxr-xr-x  1 shardulr fnalgrid  696 Jun 27 18:10 condor_exec.exe
-rw-r--r--  1 shardulr fnalgrid  951 Jun 27 18:10 bJetMatcher.py
-rw-r--r--  1 shardulr fnalgrid    0 Jun 27 18:10 docker_stderror
drwxrwxrwt  3 shardulr fnalgrid 4.0K Jun 27 18:10 var
drwxrwxrwt  2 shardulr fnalgrid 4.0K Jun 27 18:10 tmp
-rw-r--r--  1 shardulr fnalgrid  12K Jun 27 18:10 .update.ad
drwxr-xr-x  3 root     root     4.0K Jun 27 18:10 ..
srwxr-xr-x  1 shardulr fnalgrid    0 Jun 27 18:10 .docker_sock
-rw-r--r--  1 shardulr fnalgrid  113 Jun 27 18:10 _condor_stderr
drwx------  7 shardulr fnalgrid 4.0K Jun 27 18:10 .
drwxr-xr-x 17 shardulr fnalgrid 4.0K Jun 27 18:10 CMSSW_10_6_19_patch2
-rw-r--r--  1 shardulr fnalgrid  451 Jun 27 18:10 _condor_stdout
/storage/local/data1/condor/execute/dir_38608/CMSSW_10_6_19_patch2 is the CMSSW we created on the local worker node
Running over Data2018 files
Blinding data, only using CR cuts (0 loose b's)
Using UL 2018 campaign working points
Pre-select 173893 entries out of 1271883 (13.67%)
Processed    10000/  173893 entries,  5.75% (elapsed time    27.8s, curr speed    0.359 kHz, avg speed    0.359 kHz), accepted     1375/   10001 events (13.75%)
Processed    20000/  173893 entries, 11.50% (elapsed time    54.1s, curr speed    0.381 kHz, avg speed    0.370 kHz), accepted     2727/   20001 events (13.63%)
Processed    30000/  173893 entries, 17.25% (elapsed time    81.6s, curr speed    0.363 kHz, avg speed    0.368 kHz), accepted     4149/   30001 events (13.83%)
Processed    40000/  173893 entries, 23.00% (elapsed time   109.0s, curr speed    0.364 kHz, avg speed    0.367 kHz), accepted     5519/   40001 events (13.80%)
Processed    50000/  173893 entries, 28.75% (elapsed time   136.4s, curr speed    0.365 kHz, avg speed    0.367 kHz), accepted     6935/   50001 events (13.87%)
Processed    60000/  173893 entries, 34.50% (elapsed time   163.2s, curr speed    0.374 kHz, avg speed    0.368 kHz), accepted     8330/   60001 events (13.88%)
Processed    70000/  173893 entries, 40.25% (elapsed time   189.3s, curr speed    0.384 kHz, avg speed    0.370 kHz), accepted     9647/   70001 events (13.78%)
Processed    80000/  173893 entries, 46.01% (elapsed time   215.4s, curr speed    0.382 kHz, avg speed    0.371 kHz), accepted    10964/   80001 events (13.70%)
Processed    90000/  173893 entries, 51.76% (elapsed time   242.5s, curr speed    0.369 kHz, avg speed    0.371 kHz), accepted    12383/   90001 events (13.76%)
Processed   100000/  173893 entries, 57.51% (elapsed time   268.9s, curr speed    0.378 kHz, avg speed    0.372 kHz), accepted    13636/  100001 events (13.64%)
Processed   110000/  173893 entries, 63.26% (elapsed time   294.4s, curr speed    0.392 kHz, avg speed    0.374 kHz), accepted    14837/  110001 events (13.49%)
Processed   120000/  173893 entries, 69.01% (elapsed time   321.0s, curr speed    0.376 kHz, avg speed    0.374 kHz), accepted    16085/  120001 events (13.40%)
Processed   130000/  173893 entries, 74.76% (elapsed time   346.8s, curr speed    0.387 kHz, avg speed    0.375 kHz), accepted    17323/  130001 events (13.33%)
Processed   140000/  173893 entries, 80.51% (elapsed time   373.1s, curr speed    0.380 kHz, avg speed    0.375 kHz), accepted    18603/  140001 events (13.29%)
Processed   150000/  173893 entries, 86.26% (elapsed time   399.9s, curr speed    0.374 kHz, avg speed    0.375 kHz), accepted    20011/  150001 events (13.34%)
Processed   160000/  173893 entries, 92.01% (elapsed time   427.6s, curr speed    0.360 kHz, avg speed    0.374 kHz), accepted    21469/  160001 events (13.42%)
Processed   170000/  173893 entries, 97.76% (elapsed time   453.9s, curr speed    0.381 kHz, avg speed    0.375 kHz), accepted    22897/  170001 events (13.47%)
Processed 173893 preselected entries from root://cmsxrootd.fnal.gov//store/data/Run2018A/JetHT/NANOAOD/UL2018_MiniAODv2_NanoAODv9-v2/250000/87C5B4DB-D658-F248-853C-CEEC6B727499.root (1271883 entries). Finally selected 23449 entries
Total time 477.4 sec. to process 1271883 events. Rate = 2664.2 Hz.
Running pwd:
/storage/local/data1/condor/execute/dir_38608
Running ls -alrth:
total 168K
-rw-r--r--  1 shardulr fnalgrid 5.0K Jun 27 18:10 .job.ad
-rw-r--r--  1 shardulr fnalgrid  12K Jun 27 18:10 .machine.ad
-rwx------  1 shardulr fnalgrid   49 Jun 27 18:10 .chirp.config
-rw-------  1 shardulr fnalgrid  11K Jun 27 18:10 x509up
drwxr-xr-x  2 shardulr fnalgrid 4.0K Jun 27 18:10 samples
-rw-r--r--  1 shardulr fnalgrid  62K Jun 27 18:10 singleStopAnalyzer.py
-rwxr-xr-x  1 shardulr fnalgrid  696 Jun 27 18:10 condor_exec.exe
-rw-r--r--  1 shardulr fnalgrid  951 Jun 27 18:10 bJetMatcher.py
-rw-r--r--  1 shardulr fnalgrid    0 Jun 27 18:10 docker_stderror
drwxrwxrwt  3 shardulr fnalgrid 4.0K Jun 27 18:10 var
drwxrwxrwt  2 shardulr fnalgrid 4.0K Jun 27 18:10 tmp
drwxr-xr-x  3 root     root     4.0K Jun 27 18:10 ..
srwxr-xr-x  1 shardulr fnalgrid    0 Jun 27 18:10 .docker_sock
drwxr-xr-x 17 shardulr fnalgrid 4.0K Jun 27 18:10 CMSSW_10_6_19_patch2
drwxr-xr-x  2 shardulr fnalgrid 4.0K Jun 27 18:10 framework
-rw-r--r--  1 shardulr fnalgrid 1.7K Jun 27 18:10 bJetMatcher.pyc
drwxr-xr-x  3 shardulr fnalgrid 4.0K Jun 27 18:10 output
-rw-r--r--  1 shardulr fnalgrid  215 Jun 27 18:10 _condor_stderr
-rw-r--r--  1 shardulr fnalgrid  12K Jun 27 18:18 .update.ad
drwx------  8 shardulr fnalgrid 4.0K Jun 27 18:18 .
-rw-r--r--  1 shardulr fnalgrid 5.0K Jun 27 18:18 _condor_stdout
