[FERMIHTC-APPTAINER]: INFO -- No Apptainer image specified
[FERMIHTC-APPTAINER]: INFO -- Running job on the host machine

[FERMIHTC-APPTAINER]: INFO -- Running ./condor_exec.exe
Starting job on  Tue Jun 27 18:10:07 UTC 2023
Running on: Linux shardulr-2169568-1-cmswn2122.fnal.gov 3.10.0-1160.90.1.el7.x86_64 #1 SMP Thu Apr 27 13:14:20 CDT 2023 x86_64 x86_64 x86_64 GNU/Linux
System software: Scientific Linux release 7.9 (Nitrogen)
Running ls -alrth:
total 164K
-rw-r--r--  1 shardulr fnalgrid 5.1K Jun 27 18:10 .job.ad
-rw-r--r--  1 shardulr fnalgrid  13K Jun 27 18:10 .machine.ad
-rwx------  1 shardulr fnalgrid   49 Jun 27 18:10 .chirp.config
-rw-------  1 shardulr fnalgrid  11K Jun 27 18:10 x509up
drwxr-xr-x  2 shardulr fnalgrid 4.0K Jun 27 18:10 samples
drwxr-xr-x  2 shardulr fnalgrid 4.0K Jun 27 18:10 framework
-rw-r--r--  1 shardulr fnalgrid  62K Jun 27 18:10 singleStopAnalyzer.py
-rwxr-xr-x  1 shardulr fnalgrid  696 Jun 27 18:10 condor_exec.exe
-rw-r--r--  1 shardulr fnalgrid  951 Jun 27 18:10 bJetMatcher.py
-rw-r--r--  1 shardulr fnalgrid    0 Jun 27 18:10 docker_stderror
drwxrwxrwt  3 shardulr fnalgrid 4.0K Jun 27 18:10 var
drwxrwxrwt  2 shardulr fnalgrid 4.0K Jun 27 18:10 tmp
-rw-r--r--  1 shardulr fnalgrid  13K Jun 27 18:10 .update.ad
drwxr-xr-x  3 root     root     4.0K Jun 27 18:10 ..
srwxr-xr-x  1 shardulr fnalgrid    0 Jun 27 18:10 .docker_sock
-rw-r--r--  1 shardulr fnalgrid  113 Jun 27 18:10 _condor_stderr
drwx------  7 shardulr fnalgrid 4.0K Jun 27 18:10 .
drwxr-xr-x 17 shardulr fnalgrid 4.0K Jun 27 18:10 CMSSW_10_6_19_patch2
-rw-r--r--  1 shardulr fnalgrid  451 Jun 27 18:10 _condor_stdout
/storage/local/data1/condor/execute/dir_36390/CMSSW_10_6_19_patch2 is the CMSSW we created on the local worker node
Running over Data2018 files
Blinding data, only using CR cuts (0 loose b's)
Using UL 2018 campaign working points
Pre-select 164834 entries out of 1139047 (14.47%)
Processed    10000/  164834 entries,  6.07% (elapsed time    24.7s, curr speed    0.405 kHz, avg speed    0.405 kHz), accepted     1345/   10001 events (13.45%)
Processed    20000/  164834 entries, 12.13% (elapsed time    45.0s, curr speed    0.494 kHz, avg speed    0.445 kHz), accepted     2291/   20001 events (11.45%)
Processed    30000/  164834 entries, 18.20% (elapsed time    68.3s, curr speed    0.428 kHz, avg speed    0.439 kHz), accepted     3651/   30001 events (12.17%)
Processed    40000/  164834 entries, 24.27% (elapsed time    92.2s, curr speed    0.419 kHz, avg speed    0.434 kHz), accepted     5233/   40001 events (13.08%)
Processed    50000/  164834 entries, 30.33% (elapsed time   115.9s, curr speed    0.422 kHz, avg speed    0.431 kHz), accepted     6746/   50001 events (13.49%)
Processed    60000/  164834 entries, 36.40% (elapsed time   140.0s, curr speed    0.415 kHz, avg speed    0.429 kHz), accepted     8361/   60001 events (13.93%)
Processed    70000/  164834 entries, 42.47% (elapsed time   163.9s, curr speed    0.418 kHz, avg speed    0.427 kHz), accepted     9839/   70001 events (14.06%)
Processed    80000/  164834 entries, 48.53% (elapsed time   188.5s, curr speed    0.406 kHz, avg speed    0.424 kHz), accepted    11408/   80001 events (14.26%)
Processed    90000/  164834 entries, 54.60% (elapsed time   211.6s, curr speed    0.433 kHz, avg speed    0.425 kHz), accepted    12777/   90001 events (14.20%)
Processed   100000/  164834 entries, 60.67% (elapsed time   234.7s, curr speed    0.434 kHz, avg speed    0.426 kHz), accepted    14090/  100001 events (14.09%)
Processed   110000/  164834 entries, 66.73% (elapsed time   258.2s, curr speed    0.426 kHz, avg speed    0.426 kHz), accepted    15625/  110001 events (14.20%)
Processed   120000/  164834 entries, 72.80% (elapsed time   282.0s, curr speed    0.420 kHz, avg speed    0.426 kHz), accepted    17205/  120001 events (14.34%)
Processed   130000/  164834 entries, 78.87% (elapsed time   303.9s, curr speed    0.455 kHz, avg speed    0.428 kHz), accepted    18500/  130001 events (14.23%)
Processed   140000/  164834 entries, 84.93% (elapsed time   324.8s, curr speed    0.480 kHz, avg speed    0.431 kHz), accepted    19639/  140001 events (14.03%)
Processed   150000/  164834 entries, 91.00% (elapsed time   345.7s, curr speed    0.477 kHz, avg speed    0.434 kHz), accepted    20841/  150001 events (13.89%)
Processed   160000/  164834 entries, 97.07% (elapsed time   367.4s, curr speed    0.461 kHz, avg speed    0.435 kHz), accepted    22069/  160001 events (13.79%)
Processed 164834 preselected entries from root://cmsxrootd.fnal.gov//store/data/Run2018A/JetHT/NANOAOD/UL2018_MiniAODv2_NanoAODv9-v2/250000/D2AD325F-D07C-4F4B-BC2B-C5492BBED898.root (1139047 entries). Finally selected 22800 entries
Total time 386.7 sec. to process 1139047 events. Rate = 2945.7 Hz.
Running pwd:
/storage/local/data1/condor/execute/dir_36390
Running ls -alrth:
total 176K
-rw-r--r--  1 shardulr fnalgrid 5.1K Jun 27 18:10 .job.ad
-rw-r--r--  1 shardulr fnalgrid  13K Jun 27 18:10 .machine.ad
-rwx------  1 shardulr fnalgrid   49 Jun 27 18:10 .chirp.config
-rw-------  1 shardulr fnalgrid  11K Jun 27 18:10 x509up
drwxr-xr-x  2 shardulr fnalgrid 4.0K Jun 27 18:10 samples
-rw-r--r--  1 shardulr fnalgrid  62K Jun 27 18:10 singleStopAnalyzer.py
-rwxr-xr-x  1 shardulr fnalgrid  696 Jun 27 18:10 condor_exec.exe
-rw-r--r--  1 shardulr fnalgrid  951 Jun 27 18:10 bJetMatcher.py
-rw-r--r--  1 shardulr fnalgrid    0 Jun 27 18:10 docker_stderror
drwxrwxrwt  3 shardulr fnalgrid 4.0K Jun 27 18:10 var
drwxrwxrwt  2 shardulr fnalgrid 4.0K Jun 27 18:10 tmp
drwxr-xr-x  3 root     root     4.0K Jun 27 18:10 ..
srwxr-xr-x  1 shardulr fnalgrid    0 Jun 27 18:10 .docker_sock
drwxr-xr-x 17 shardulr fnalgrid 4.0K Jun 27 18:10 CMSSW_10_6_19_patch2
drwxr-xr-x  2 shardulr fnalgrid 4.0K Jun 27 18:10 framework
-rw-r--r--  1 shardulr fnalgrid 1.7K Jun 27 18:10 bJetMatcher.pyc
drwxr-xr-x  3 shardulr fnalgrid 4.0K Jun 27 18:10 output
-rw-r--r--  1 shardulr fnalgrid  215 Jun 27 18:10 _condor_stderr
-rw-r--r--  1 shardulr fnalgrid  13K Jun 27 18:12 .update.ad
drwx------  8 shardulr fnalgrid 4.0K Jun 27 18:12 .
-rw-r--r--  1 shardulr fnalgrid 4.8K Jun 27 18:16 _condor_stdout
