[FERMIHTC-APPTAINER]: INFO -- No Apptainer image specified
[FERMIHTC-APPTAINER]: INFO -- Running job on the host machine

[FERMIHTC-APPTAINER]: INFO -- Running ./condor_exec.exe
Starting job on  Tue Jun 27 18:29:54 UTC 2023
Running on: Linux shardulr-2169568-337-cmswn2073.fnal.gov 3.10.0-1160.90.1.el7.x86_64 #1 SMP Thu Apr 27 13:14:20 CDT 2023 x86_64 x86_64 x86_64 GNU/Linux
System software: Scientific Linux release 7.9 (Nitrogen)
Running ls -alrth:
total 164K
-rw-r--r--  1 shardulr fnalgrid  13K Jun 27 18:29 .machine.ad
-rw-r--r--  1 shardulr fnalgrid 5.0K Jun 27 18:29 .job.ad
-rwx------  1 shardulr fnalgrid   49 Jun 27 18:29 .chirp.config
-rw-------  1 shardulr fnalgrid  11K Jun 27 18:29 x509up
drwxr-xr-x  2 shardulr fnalgrid 4.0K Jun 27 18:29 samples
drwxr-xr-x  2 shardulr fnalgrid 4.0K Jun 27 18:29 framework
-rw-r--r--  1 shardulr fnalgrid  62K Jun 27 18:29 singleStopAnalyzer.py
-rw-r--r--  1 shardulr fnalgrid  951 Jun 27 18:29 bJetMatcher.py
-rwxr-xr-x  1 shardulr fnalgrid  698 Jun 27 18:29 condor_exec.exe
-rw-r--r--  1 shardulr fnalgrid    0 Jun 27 18:29 docker_stderror
drwxrwxrwt  3 shardulr fnalgrid 4.0K Jun 27 18:29 var
drwxrwxrwt  2 shardulr fnalgrid 4.0K Jun 27 18:29 tmp
drwxr-xr-x  3 root     root     4.0K Jun 27 18:29 ..
srwxr-xr-x  1 shardulr fnalgrid    0 Jun 27 18:29 .docker_sock
-rw-r--r--  1 shardulr fnalgrid  13K Jun 27 18:29 .update.ad
-rw-r--r--  1 shardulr fnalgrid  113 Jun 27 18:29 _condor_stderr
drwx------  7 shardulr fnalgrid 4.0K Jun 27 18:29 .
drwxr-xr-x 17 shardulr fnalgrid 4.0K Jun 27 18:29 CMSSW_10_6_19_patch2
-rw-r--r--  1 shardulr fnalgrid  453 Jun 27 18:29 _condor_stdout
/storage/local/data1/condor/execute/dir_14732/CMSSW_10_6_19_patch2 is the CMSSW we created on the local worker node
Running over Data2018 files
Blinding data, only using CR cuts (0 loose b's)
Using UL 2018 campaign working points
Pre-select 202522 entries out of 1341076 (15.10%)
Processed    10000/  202522 entries,  4.94% (elapsed time    25.5s, curr speed    0.392 kHz, avg speed    0.392 kHz), accepted     1566/   10001 events (15.66%)
Processed    20000/  202522 entries,  9.88% (elapsed time    49.4s, curr speed    0.419 kHz, avg speed    0.405 kHz), accepted     3052/   20001 events (15.26%)
Processed    30000/  202522 entries, 14.81% (elapsed time    74.1s, curr speed    0.405 kHz, avg speed    0.405 kHz), accepted     4637/   30001 events (15.46%)
Processed    40000/  202522 entries, 19.75% (elapsed time    98.8s, curr speed    0.404 kHz, avg speed    0.405 kHz), accepted     6301/   40001 events (15.75%)
Processed    50000/  202522 entries, 24.69% (elapsed time   123.0s, curr speed    0.412 kHz, avg speed    0.406 kHz), accepted     7914/   50001 events (15.83%)
Processed    60000/  202522 entries, 29.63% (elapsed time   147.6s, curr speed    0.407 kHz, avg speed    0.406 kHz), accepted     9532/   60001 events (15.89%)
Processed    70000/  202522 entries, 34.56% (elapsed time   172.7s, curr speed    0.399 kHz, avg speed    0.405 kHz), accepted    11182/   70001 events (15.97%)
Processed    80000/  202522 entries, 39.50% (elapsed time   197.7s, curr speed    0.401 kHz, avg speed    0.405 kHz), accepted    12802/   80001 events (16.00%)
Processed    90000/  202522 entries, 44.44% (elapsed time   222.3s, curr speed    0.405 kHz, avg speed    0.405 kHz), accepted    14433/   90001 events (16.04%)
Processed   100000/  202522 entries, 49.38% (elapsed time   246.4s, curr speed    0.415 kHz, avg speed    0.406 kHz), accepted    16032/  100001 events (16.03%)
Processed   110000/  202522 entries, 54.32% (elapsed time   270.6s, curr speed    0.414 kHz, avg speed    0.406 kHz), accepted    17645/  110001 events (16.04%)
Processed   120000/  202522 entries, 59.25% (elapsed time   295.1s, curr speed    0.409 kHz, avg speed    0.407 kHz), accepted    19254/  120001 events (16.04%)
Processed   130000/  202522 entries, 64.19% (elapsed time   319.2s, curr speed    0.414 kHz, avg speed    0.407 kHz), accepted    20864/  130001 events (16.05%)
Processed   140000/  202522 entries, 69.13% (elapsed time   344.5s, curr speed    0.396 kHz, avg speed    0.406 kHz), accepted    22597/  140001 events (16.14%)
Processed   150000/  202522 entries, 74.07% (elapsed time   369.0s, curr speed    0.407 kHz, avg speed    0.406 kHz), accepted    24217/  150001 events (16.14%)
Processed   160000/  202522 entries, 79.00% (elapsed time   394.1s, curr speed    0.400 kHz, avg speed    0.406 kHz), accepted    25877/  160001 events (16.17%)
Processed   170000/  202522 entries, 83.94% (elapsed time   419.0s, curr speed    0.401 kHz, avg speed    0.406 kHz), accepted    27525/  170001 events (16.19%)
Processed   180000/  202522 entries, 88.88% (elapsed time   444.0s, curr speed    0.399 kHz, avg speed    0.405 kHz), accepted    29120/  180001 events (16.18%)
Processed   190000/  202522 entries, 93.82% (elapsed time   468.8s, curr speed    0.404 kHz, avg speed    0.405 kHz), accepted    30756/  190001 events (16.19%)
Processed   200000/  202522 entries, 98.75% (elapsed time   493.5s, curr speed    0.404 kHz, avg speed    0.405 kHz), accepted    32407/  200001 events (16.20%)
Processed 202522 preselected entries from root://cmsxrootd.fnal.gov//store/data/Run2018D/JetHT/NANOAOD/UL2018_MiniAODv2_NanoAODv9-v2/2540000/EDD10E36-02BD-5A45-8261-0ABA69AFA10C.root (1341076 entries). Finally selected 32855 entries
Total time 506.9 sec. to process 1341076 events. Rate = 2645.8 Hz.
Running pwd:
/storage/local/data1/condor/execute/dir_14732
Running ls -alrth:
total 176K
-rw-r--r--  1 shardulr fnalgrid  13K Jun 27 18:29 .machine.ad
-rw-r--r--  1 shardulr fnalgrid 5.0K Jun 27 18:29 .job.ad
-rwx------  1 shardulr fnalgrid   49 Jun 27 18:29 .chirp.config
-rw-------  1 shardulr fnalgrid  11K Jun 27 18:29 x509up
drwxr-xr-x  2 shardulr fnalgrid 4.0K Jun 27 18:29 samples
-rw-r--r--  1 shardulr fnalgrid  62K Jun 27 18:29 singleStopAnalyzer.py
-rw-r--r--  1 shardulr fnalgrid  951 Jun 27 18:29 bJetMatcher.py
-rwxr-xr-x  1 shardulr fnalgrid  698 Jun 27 18:29 condor_exec.exe
-rw-r--r--  1 shardulr fnalgrid    0 Jun 27 18:29 docker_stderror
drwxrwxrwt  3 shardulr fnalgrid 4.0K Jun 27 18:29 var
drwxrwxrwt  2 shardulr fnalgrid 4.0K Jun 27 18:29 tmp
drwxr-xr-x  3 root     root     4.0K Jun 27 18:29 ..
srwxr-xr-x  1 shardulr fnalgrid    0 Jun 27 18:29 .docker_sock
drwxr-xr-x 17 shardulr fnalgrid 4.0K Jun 27 18:29 CMSSW_10_6_19_patch2
drwxr-xr-x  2 shardulr fnalgrid 4.0K Jun 27 18:29 framework
-rw-r--r--  1 shardulr fnalgrid 1.7K Jun 27 18:29 bJetMatcher.pyc
drwxr-xr-x  3 shardulr fnalgrid 4.0K Jun 27 18:29 output
-rw-r--r--  1 shardulr fnalgrid  215 Jun 27 18:30 _condor_stderr
-rw-r--r--  1 shardulr fnalgrid  13K Jun 27 18:35 .update.ad
drwx------  8 shardulr fnalgrid 4.0K Jun 27 18:35 .
-rw-r--r--  1 shardulr fnalgrid 5.4K Jun 27 18:38 _condor_stdout
