[FERMIHTC-APPTAINER]: INFO -- No Apptainer image specified
[FERMIHTC-APPTAINER]: INFO -- Running job on the host machine

[FERMIHTC-APPTAINER]: INFO -- Running ./condor_exec.exe
Starting job on  Tue Jun 27 18:29:47 UTC 2023
Running on: Linux shardulr-2169568-295-cmswn2077.fnal.gov 3.10.0-1160.90.1.el7.x86_64 #1 SMP Thu Apr 27 13:14:20 CDT 2023 x86_64 x86_64 x86_64 GNU/Linux
System software: Scientific Linux release 7.9 (Nitrogen)
Running ls -alrth:
total 164K
-rw-r--r--  1 shardulr fnalgrid 5.0K Jun 27 18:29 .job.ad
-rw-r--r--  1 shardulr fnalgrid  13K Jun 27 18:29 .machine.ad
-rwx------  1 shardulr fnalgrid   49 Jun 27 18:29 .chirp.config
-rw-------  1 shardulr fnalgrid  11K Jun 27 18:29 x509up
drwxr-xr-x  2 shardulr fnalgrid 4.0K Jun 27 18:29 samples
drwxr-xr-x  2 shardulr fnalgrid 4.0K Jun 27 18:29 framework
-rw-r--r--  1 shardulr fnalgrid  62K Jun 27 18:29 singleStopAnalyzer.py
-rwxr-xr-x  1 shardulr fnalgrid  698 Jun 27 18:29 condor_exec.exe
-rw-r--r--  1 shardulr fnalgrid  951 Jun 27 18:29 bJetMatcher.py
-rw-r--r--  1 shardulr fnalgrid    0 Jun 27 18:29 docker_stderror
drwxrwxrwt  3 shardulr fnalgrid 4.0K Jun 27 18:29 var
drwxrwxrwt  2 shardulr fnalgrid 4.0K Jun 27 18:29 tmp
-rw-r--r--  1 shardulr fnalgrid  13K Jun 27 18:29 .update.ad
drwxr-xr-x  3 root     root     4.0K Jun 27 18:29 ..
srwxr-xr-x  1 shardulr fnalgrid    0 Jun 27 18:29 .docker_sock
-rw-r--r--  1 shardulr fnalgrid  113 Jun 27 18:29 _condor_stderr
drwx------  7 shardulr fnalgrid 4.0K Jun 27 18:29 .
drwxr-xr-x 17 shardulr fnalgrid 4.0K Jun 27 18:29 CMSSW_10_6_19_patch2
-rw-r--r--  1 shardulr fnalgrid  453 Jun 27 18:29 _condor_stdout
/storage/local/data1/condor/execute/dir_31287/CMSSW_10_6_19_patch2 is the CMSSW we created on the local worker node
Running over Data2018 files
Blinding data, only using CR cuts (0 loose b's)
Using UL 2018 campaign working points
Pre-select 187970 entries out of 1271442 (14.78%)
Processed    10000/  187970 entries,  5.32% (elapsed time    24.8s, curr speed    0.403 kHz, avg speed    0.403 kHz), accepted     1605/   10001 events (16.05%)
Processed    20000/  187970 entries, 10.64% (elapsed time    48.4s, curr speed    0.424 kHz, avg speed    0.414 kHz), accepted     3268/   20001 events (16.34%)
Processed    30000/  187970 entries, 15.96% (elapsed time    71.5s, curr speed    0.432 kHz, avg speed    0.419 kHz), accepted     4848/   30001 events (16.16%)
Processed    40000/  187970 entries, 21.28% (elapsed time    95.3s, curr speed    0.420 kHz, avg speed    0.420 kHz), accepted     6430/   40001 events (16.07%)
Processed    50000/  187970 entries, 26.60% (elapsed time   119.0s, curr speed    0.423 kHz, avg speed    0.420 kHz), accepted     8117/   50001 events (16.23%)
Processed    60000/  187970 entries, 31.92% (elapsed time   142.2s, curr speed    0.431 kHz, avg speed    0.422 kHz), accepted     9665/   60001 events (16.11%)
Processed    70000/  187970 entries, 37.24% (elapsed time   166.3s, curr speed    0.415 kHz, avg speed    0.421 kHz), accepted    11350/   70001 events (16.21%)
Processed    80000/  187970 entries, 42.56% (elapsed time   189.0s, curr speed    0.441 kHz, avg speed    0.423 kHz), accepted    12787/   80001 events (15.98%)
Processed    90000/  187970 entries, 47.88% (elapsed time   210.6s, curr speed    0.462 kHz, avg speed    0.427 kHz), accepted    14109/   90001 events (15.68%)
Processed   100000/  187970 entries, 53.20% (elapsed time   233.0s, curr speed    0.448 kHz, avg speed    0.429 kHz), accepted    15515/  100001 events (15.51%)
Processed   110000/  187970 entries, 58.52% (elapsed time   255.8s, curr speed    0.438 kHz, avg speed    0.430 kHz), accepted    17038/  110001 events (15.49%)
Processed   120000/  187970 entries, 63.84% (elapsed time   279.6s, curr speed    0.421 kHz, avg speed    0.429 kHz), accepted    18707/  120001 events (15.59%)
Processed   130000/  187970 entries, 69.16% (elapsed time   303.6s, curr speed    0.416 kHz, avg speed    0.428 kHz), accepted    20358/  130001 events (15.66%)
Processed   140000/  187970 entries, 74.48% (elapsed time   327.2s, curr speed    0.423 kHz, avg speed    0.428 kHz), accepted    21985/  140001 events (15.70%)
Processed   150000/  187970 entries, 79.80% (elapsed time   351.7s, curr speed    0.408 kHz, avg speed    0.426 kHz), accepted    23755/  150001 events (15.84%)
Processed   160000/  187970 entries, 85.12% (elapsed time   376.8s, curr speed    0.398 kHz, avg speed    0.425 kHz), accepted    25541/  160001 events (15.96%)
Processed   170000/  187970 entries, 90.44% (elapsed time   402.0s, curr speed    0.397 kHz, avg speed    0.423 kHz), accepted    27303/  170001 events (16.06%)
Processed   180000/  187970 entries, 95.76% (elapsed time   427.4s, curr speed    0.394 kHz, avg speed    0.421 kHz), accepted    29155/  180001 events (16.20%)
Processed 187970 preselected entries from root://cmsxrootd.fnal.gov//store/data/Run2018D/JetHT/NANOAOD/UL2018_MiniAODv2_NanoAODv9-v2/2540000/079F6B75-5C61-6744-A7B2-AE0E31C37004.root (1271442 entries). Finally selected 30429 entries
Total time 454.1 sec. to process 1271442 events. Rate = 2799.9 Hz.
Running pwd:
/storage/local/data1/condor/execute/dir_31287
Running ls -alrth:
total 176K
-rw-r--r--  1 shardulr fnalgrid 5.0K Jun 27 18:29 .job.ad
-rw-r--r--  1 shardulr fnalgrid  13K Jun 27 18:29 .machine.ad
-rwx------  1 shardulr fnalgrid   49 Jun 27 18:29 .chirp.config
-rw-------  1 shardulr fnalgrid  11K Jun 27 18:29 x509up
drwxr-xr-x  2 shardulr fnalgrid 4.0K Jun 27 18:29 samples
-rw-r--r--  1 shardulr fnalgrid  62K Jun 27 18:29 singleStopAnalyzer.py
-rwxr-xr-x  1 shardulr fnalgrid  698 Jun 27 18:29 condor_exec.exe
-rw-r--r--  1 shardulr fnalgrid  951 Jun 27 18:29 bJetMatcher.py
-rw-r--r--  1 shardulr fnalgrid    0 Jun 27 18:29 docker_stderror
drwxrwxrwt  3 shardulr fnalgrid 4.0K Jun 27 18:29 var
drwxrwxrwt  2 shardulr fnalgrid 4.0K Jun 27 18:29 tmp
drwxr-xr-x  3 root     root     4.0K Jun 27 18:29 ..
srwxr-xr-x  1 shardulr fnalgrid    0 Jun 27 18:29 .docker_sock
drwxr-xr-x 17 shardulr fnalgrid 4.0K Jun 27 18:29 CMSSW_10_6_19_patch2
drwxr-xr-x  2 shardulr fnalgrid 4.0K Jun 27 18:29 framework
-rw-r--r--  1 shardulr fnalgrid 1.7K Jun 27 18:29 bJetMatcher.pyc
drwxr-xr-x  3 shardulr fnalgrid 4.0K Jun 27 18:29 output
-rw-r--r--  1 shardulr fnalgrid  215 Jun 27 18:29 _condor_stderr
-rw-r--r--  1 shardulr fnalgrid  13K Jun 27 18:36 .update.ad
drwx------  8 shardulr fnalgrid 4.0K Jun 27 18:36 .
-rw-r--r--  1 shardulr fnalgrid 5.1K Jun 27 18:37 _condor_stdout
