[FERMIHTC-APPTAINER]: INFO -- No Apptainer image specified
[FERMIHTC-APPTAINER]: INFO -- Running job on the host machine

[FERMIHTC-APPTAINER]: INFO -- Running ./condor_exec.exe
Starting job on  Tue Jun 27 18:23:37 UTC 2023
Running on: Linux shardulr-2169568-99-cmswn2034.fnal.gov 3.10.0-1160.90.1.el7.x86_64 #1 SMP Thu Apr 27 13:14:20 CDT 2023 x86_64 x86_64 x86_64 GNU/Linux
System software: Scientific Linux release 7.9 (Nitrogen)
Running ls -alrth:
total 156K
-rw-r--r--  1 shardulr fnalgrid 5.0K Jun 27 18:23 .job.ad
-rw-r--r--  1 shardulr fnalgrid  12K Jun 27 18:23 .machine.ad
-rwx------  1 shardulr fnalgrid   49 Jun 27 18:23 .chirp.config
-rw-------  1 shardulr fnalgrid  11K Jun 27 18:23 x509up
drwxr-xr-x  2 shardulr fnalgrid 4.0K Jun 27 18:23 samples
drwxr-xr-x  2 shardulr fnalgrid 4.0K Jun 27 18:23 framework
-rw-r--r--  1 shardulr fnalgrid  62K Jun 27 18:23 singleStopAnalyzer.py
-rwxr-xr-x  1 shardulr fnalgrid  698 Jun 27 18:23 condor_exec.exe
-rw-r--r--  1 shardulr fnalgrid  951 Jun 27 18:23 bJetMatcher.py
-rw-r--r--  1 shardulr fnalgrid    0 Jun 27 18:23 docker_stderror
drwxrwxrwt  3 shardulr fnalgrid 4.0K Jun 27 18:23 var
drwxrwxrwt  2 shardulr fnalgrid 4.0K Jun 27 18:23 tmp
-rw-r--r--  1 shardulr fnalgrid  12K Jun 27 18:23 .update.ad
drwxr-xr-x  3 root     root     4.0K Jun 27 18:23 ..
srwxr-xr-x  1 shardulr fnalgrid    0 Jun 27 18:23 .docker_sock
-rw-r--r--  1 shardulr fnalgrid  113 Jun 27 18:23 _condor_stderr
drwx------  7 shardulr fnalgrid 4.0K Jun 27 18:23 .
drwxr-xr-x 17 shardulr fnalgrid 4.0K Jun 27 18:23 CMSSW_10_6_19_patch2
-rw-r--r--  1 shardulr fnalgrid  452 Jun 27 18:23 _condor_stdout
/storage/local/data1/condor/execute/dir_27678/CMSSW_10_6_19_patch2 is the CMSSW we created on the local worker node
Running over Data2018 files
Blinding data, only using CR cuts (0 loose b's)
Using UL 2018 campaign working points
Pre-select 141764 entries out of 1106047 (12.82%)
Processed    10000/  141764 entries,  7.05% (elapsed time    24.6s, curr speed    0.407 kHz, avg speed    0.407 kHz), accepted     1234/   10001 events (12.34%)
Processed    20000/  141764 entries, 14.11% (elapsed time    47.1s, curr speed    0.444 kHz, avg speed    0.425 kHz), accepted     2410/   20001 events (12.05%)
Processed    30000/  141764 entries, 21.16% (elapsed time    71.2s, curr speed    0.415 kHz, avg speed    0.422 kHz), accepted     3800/   30001 events (12.67%)
Processed    40000/  141764 entries, 28.22% (elapsed time    96.5s, curr speed    0.395 kHz, avg speed    0.415 kHz), accepted     5342/   40001 events (13.35%)
Processed    50000/  141764 entries, 35.27% (elapsed time   121.3s, curr speed    0.402 kHz, avg speed    0.412 kHz), accepted     6871/   50001 events (13.74%)
Processed    60000/  141764 entries, 42.32% (elapsed time   145.2s, curr speed    0.419 kHz, avg speed    0.413 kHz), accepted     8292/   60001 events (13.82%)
Processed    70000/  141764 entries, 49.38% (elapsed time   169.7s, curr speed    0.409 kHz, avg speed    0.413 kHz), accepted     9770/   70001 events (13.96%)
Processed    80000/  141764 entries, 56.43% (elapsed time   193.7s, curr speed    0.416 kHz, avg speed    0.413 kHz), accepted    11170/   80001 events (13.96%)
Processed    90000/  141764 entries, 63.49% (elapsed time   218.4s, curr speed    0.405 kHz, avg speed    0.412 kHz), accepted    12729/   90001 events (14.14%)
Processed   100000/  141764 entries, 70.54% (elapsed time   241.7s, curr speed    0.428 kHz, avg speed    0.414 kHz), accepted    14151/  100001 events (14.15%)
Processed   110000/  141764 entries, 77.59% (elapsed time   265.0s, curr speed    0.431 kHz, avg speed    0.415 kHz), accepted    15430/  110001 events (14.03%)
Processed   120000/  141764 entries, 84.65% (elapsed time   288.2s, curr speed    0.431 kHz, avg speed    0.416 kHz), accepted    16660/  120001 events (13.88%)
Processed   130000/  141764 entries, 91.70% (elapsed time   312.7s, curr speed    0.408 kHz, avg speed    0.416 kHz), accepted    18096/  130001 events (13.92%)
Processed   140000/  141764 entries, 98.76% (elapsed time   335.1s, curr speed    0.446 kHz, avg speed    0.418 kHz), accepted    19309/  140001 events (13.79%)
Processed 141764 preselected entries from root://cmsxrootd.fnal.gov//store/data/Run2018A/JetHT/NANOAOD/UL2018_MiniAODv2_NanoAODv9-v2/250000/3E7B06F1-6295-AA40-ACE2-5B19A266B15E.root (1106047 entries). Finally selected 19504 entries
Total time 346.7 sec. to process 1106047 events. Rate = 3190.2 Hz.
Running pwd:
/storage/local/data1/condor/execute/dir_27678
Running ls -alrth:
total 172K
-rw-r--r--  1 shardulr fnalgrid 5.0K Jun 27 18:23 .job.ad
-rw-r--r--  1 shardulr fnalgrid  12K Jun 27 18:23 .machine.ad
-rwx------  1 shardulr fnalgrid   49 Jun 27 18:23 .chirp.config
-rw-------  1 shardulr fnalgrid  11K Jun 27 18:23 x509up
drwxr-xr-x  2 shardulr fnalgrid 4.0K Jun 27 18:23 samples
-rw-r--r--  1 shardulr fnalgrid  62K Jun 27 18:23 singleStopAnalyzer.py
-rwxr-xr-x  1 shardulr fnalgrid  698 Jun 27 18:23 condor_exec.exe
-rw-r--r--  1 shardulr fnalgrid  951 Jun 27 18:23 bJetMatcher.py
-rw-r--r--  1 shardulr fnalgrid    0 Jun 27 18:23 docker_stderror
drwxrwxrwt  3 shardulr fnalgrid 4.0K Jun 27 18:23 var
drwxrwxrwt  2 shardulr fnalgrid 4.0K Jun 27 18:23 tmp
drwxr-xr-x  3 root     root     4.0K Jun 27 18:23 ..
srwxr-xr-x  1 shardulr fnalgrid    0 Jun 27 18:23 .docker_sock
drwxr-xr-x 17 shardulr fnalgrid 4.0K Jun 27 18:23 CMSSW_10_6_19_patch2
drwxr-xr-x  2 shardulr fnalgrid 4.0K Jun 27 18:23 framework
-rw-r--r--  1 shardulr fnalgrid 1.7K Jun 27 18:23 bJetMatcher.pyc
drwxr-xr-x  3 shardulr fnalgrid 4.0K Jun 27 18:23 output
-rw-r--r--  1 shardulr fnalgrid  215 Jun 27 18:23 _condor_stderr
-rw-r--r--  1 shardulr fnalgrid  13K Jun 27 18:29 .update.ad
drwx------  8 shardulr fnalgrid 4.0K Jun 27 18:29 .
-rw-r--r--  1 shardulr fnalgrid 4.5K Jun 27 18:29 _condor_stdout
