[FERMIHTC-APPTAINER]: INFO -- No Apptainer image specified
[FERMIHTC-APPTAINER]: INFO -- Running job on the host machine

[FERMIHTC-APPTAINER]: INFO -- Running ./condor_exec.exe
Starting job on  Tue Jun 27 18:29:37 UTC 2023
Running on: Linux shardulr-2169568-257-cmswn2104.fnal.gov 3.10.0-1160.90.1.el7.x86_64 #1 SMP Thu Apr 27 13:14:20 CDT 2023 x86_64 x86_64 x86_64 GNU/Linux
System software: Scientific Linux release 7.9 (Nitrogen)
Running ls -alrth:
total 164K
-rw-r--r--  1 shardulr fnalgrid  13K Jun 27 18:29 .machine.ad
-rw-r--r--  1 shardulr fnalgrid 5.0K Jun 27 18:29 .job.ad
-rwx------  1 shardulr fnalgrid   49 Jun 27 18:29 .chirp.config
-rw-------  1 shardulr fnalgrid  11K Jun 27 18:29 x509up
drwxr-xr-x  2 shardulr fnalgrid 4.0K Jun 27 18:29 samples
-rw-r--r--  1 shardulr fnalgrid  62K Jun 27 18:29 singleStopAnalyzer.py
drwxr-xr-x  2 shardulr fnalgrid 4.0K Jun 27 18:29 framework
-rw-r--r--  1 shardulr fnalgrid  951 Jun 27 18:29 bJetMatcher.py
-rwxr-xr-x  1 shardulr fnalgrid  698 Jun 27 18:29 condor_exec.exe
-rw-r--r--  1 shardulr fnalgrid    0 Jun 27 18:29 docker_stderror
drwxrwxrwt  3 shardulr fnalgrid 4.0K Jun 27 18:29 var
drwxrwxrwt  2 shardulr fnalgrid 4.0K Jun 27 18:29 tmp
-rw-r--r--  1 shardulr fnalgrid  13K Jun 27 18:29 .update.ad
drwxr-xr-x  3 root     root     4.0K Jun 27 18:29 ..
srwxr-xr-x  1 shardulr fnalgrid    0 Jun 27 18:29 .docker_sock
-rw-r--r--  1 shardulr fnalgrid  113 Jun 27 18:29 _condor_stderr
drwx------  7 shardulr fnalgrid 4.0K Jun 27 18:29 .
drwxr-xr-x 17 shardulr fnalgrid 4.0K Jun 27 18:29 CMSSW_10_6_19_patch2
-rw-r--r--  1 shardulr fnalgrid  453 Jun 27 18:29 _condor_stdout
/storage/local/data1/condor/execute/dir_35980/CMSSW_10_6_19_patch2 is the CMSSW we created on the local worker node
Running over Data2018 files
Blinding data, only using CR cuts (0 loose b's)
Using UL 2018 campaign working points
Pre-select 333793 entries out of 2195943 (15.20%)
Processed    10000/  333793 entries,  3.00% (elapsed time    26.5s, curr speed    0.377 kHz, avg speed    0.377 kHz), accepted     1515/   10001 events (15.15%)
Processed    20000/  333793 entries,  5.99% (elapsed time    52.5s, curr speed    0.384 kHz, avg speed    0.381 kHz), accepted     3052/   20001 events (15.26%)
Processed    30000/  333793 entries,  8.99% (elapsed time    78.6s, curr speed    0.384 kHz, avg speed    0.382 kHz), accepted     4590/   30001 events (15.30%)
Processed    40000/  333793 entries, 11.98% (elapsed time   101.7s, curr speed    0.432 kHz, avg speed    0.393 kHz), accepted     5758/   40001 events (14.39%)
Processed    50000/  333793 entries, 14.98% (elapsed time   122.7s, curr speed    0.478 kHz, avg speed    0.408 kHz), accepted     6619/   50001 events (13.24%)
Processed    60000/  333793 entries, 17.98% (elapsed time   148.6s, curr speed    0.385 kHz, avg speed    0.404 kHz), accepted     8152/   60001 events (13.59%)
Processed    70000/  333793 entries, 20.97% (elapsed time   174.9s, curr speed    0.380 kHz, avg speed    0.400 kHz), accepted     9660/   70001 events (13.80%)
Processed    80000/  333793 entries, 23.97% (elapsed time   199.2s, curr speed    0.413 kHz, avg speed    0.402 kHz), accepted    10872/   80001 events (13.59%)
Processed    90000/  333793 entries, 26.96% (elapsed time   224.0s, curr speed    0.403 kHz, avg speed    0.402 kHz), accepted    12207/   90001 events (13.56%)
Processed   100000/  333793 entries, 29.96% (elapsed time   249.8s, curr speed    0.388 kHz, avg speed    0.400 kHz), accepted    13718/  100001 events (13.72%)
Processed   110000/  333793 entries, 32.95% (elapsed time   273.6s, curr speed    0.420 kHz, avg speed    0.402 kHz), accepted    14909/  110001 events (13.55%)
Processed   120000/  333793 entries, 35.95% (elapsed time   297.9s, curr speed    0.411 kHz, avg speed    0.403 kHz), accepted    16160/  120001 events (13.47%)
Processed   130000/  333793 entries, 38.95% (elapsed time   323.9s, curr speed    0.384 kHz, avg speed    0.401 kHz), accepted    17721/  130001 events (13.63%)
Processed   140000/  333793 entries, 41.94% (elapsed time   350.3s, curr speed    0.379 kHz, avg speed    0.400 kHz), accepted    19305/  140001 events (13.79%)
Processed   150000/  333793 entries, 44.94% (elapsed time   376.1s, curr speed    0.387 kHz, avg speed    0.399 kHz), accepted    20816/  150001 events (13.88%)
Processed   160000/  333793 entries, 47.93% (elapsed time   399.5s, curr speed    0.428 kHz, avg speed    0.401 kHz), accepted    21967/  160001 events (13.73%)
Processed   170000/  333793 entries, 50.93% (elapsed time   423.5s, curr speed    0.416 kHz, avg speed    0.401 kHz), accepted    23191/  170001 events (13.64%)
Processed   180000/  333793 entries, 53.93% (elapsed time   450.3s, curr speed    0.373 kHz, avg speed    0.400 kHz), accepted    24660/  180001 events (13.70%)
Processed   190000/  333793 entries, 56.92% (elapsed time   476.1s, curr speed    0.387 kHz, avg speed    0.399 kHz), accepted    26101/  190001 events (13.74%)
Processed   200000/  333793 entries, 59.92% (elapsed time   503.1s, curr speed    0.370 kHz, avg speed    0.398 kHz), accepted    27564/  200001 events (13.78%)
Processed   210000/  333793 entries, 62.91% (elapsed time   528.2s, curr speed    0.399 kHz, avg speed    0.398 kHz), accepted    29072/  210001 events (13.84%)
Processed   220000/  333793 entries, 65.91% (elapsed time   554.5s, curr speed    0.380 kHz, avg speed    0.397 kHz), accepted    30672/  220001 events (13.94%)
Processed   230000/  333793 entries, 68.90% (elapsed time   579.7s, curr speed    0.396 kHz, avg speed    0.397 kHz), accepted    32209/  230001 events (14.00%)
Processed   240000/  333793 entries, 71.90% (elapsed time   604.8s, curr speed    0.399 kHz, avg speed    0.397 kHz), accepted    33665/  240001 events (14.03%)
Processed   250000/  333793 entries, 74.90% (elapsed time   630.2s, curr speed    0.394 kHz, avg speed    0.397 kHz), accepted    35182/  250001 events (14.07%)
Processed   260000/  333793 entries, 77.89% (elapsed time   655.5s, curr speed    0.396 kHz, avg speed    0.397 kHz), accepted    36675/  260001 events (14.11%)
Processed   270000/  333793 entries, 80.89% (elapsed time   681.5s, curr speed    0.385 kHz, avg speed    0.396 kHz), accepted    38249/  270001 events (14.17%)
Processed   280000/  333793 entries, 83.88% (elapsed time   704.3s, curr speed    0.438 kHz, avg speed    0.398 kHz), accepted    39550/  280001 events (14.12%)
Processed   290000/  333793 entries, 86.88% (elapsed time   730.7s, curr speed    0.379 kHz, avg speed    0.397 kHz), accepted    41035/  290001 events (14.15%)
Processed   300000/  333793 entries, 89.88% (elapsed time   753.9s, curr speed    0.429 kHz, avg speed    0.398 kHz), accepted    42433/  300001 events (14.14%)
Processed   310000/  333793 entries, 92.87% (elapsed time   774.6s, curr speed    0.484 kHz, avg speed    0.400 kHz), accepted    43806/  310001 events (14.13%)
Processed   320000/  333793 entries, 95.87% (elapsed time   795.2s, curr speed    0.485 kHz, avg speed    0.402 kHz), accepted    45115/  320001 events (14.10%)
Processed   330000/  333793 entries, 98.86% (elapsed time   815.7s, curr speed    0.487 kHz, avg speed    0.405 kHz), accepted    46479/  330001 events (14.08%)
Processed 333793 preselected entries from root://cmsxrootd.fnal.gov//store/data/Run2018D/JetHT/NANOAOD/UL2018_MiniAODv2_NanoAODv9-v2/2540000/7F431827-9069-4E4E-80B4-378082138032.root (2195943 entries). Finally selected 47024 entries
Total time 834.4 sec. to process 2195943 events. Rate = 2631.8 Hz.
Running pwd:
/storage/local/data1/condor/execute/dir_35980
Running ls -alrth:
total 176K
-rw-r--r--  1 shardulr fnalgrid  13K Jun 27 18:29 .machine.ad
-rw-r--r--  1 shardulr fnalgrid 5.0K Jun 27 18:29 .job.ad
-rwx------  1 shardulr fnalgrid   49 Jun 27 18:29 .chirp.config
-rw-------  1 shardulr fnalgrid  11K Jun 27 18:29 x509up
drwxr-xr-x  2 shardulr fnalgrid 4.0K Jun 27 18:29 samples
-rw-r--r--  1 shardulr fnalgrid  62K Jun 27 18:29 singleStopAnalyzer.py
-rw-r--r--  1 shardulr fnalgrid  951 Jun 27 18:29 bJetMatcher.py
-rwxr-xr-x  1 shardulr fnalgrid  698 Jun 27 18:29 condor_exec.exe
-rw-r--r--  1 shardulr fnalgrid    0 Jun 27 18:29 docker_stderror
drwxrwxrwt  3 shardulr fnalgrid 4.0K Jun 27 18:29 var
drwxrwxrwt  2 shardulr fnalgrid 4.0K Jun 27 18:29 tmp
drwxr-xr-x  3 root     root     4.0K Jun 27 18:29 ..
srwxr-xr-x  1 shardulr fnalgrid    0 Jun 27 18:29 .docker_sock
drwxr-xr-x 17 shardulr fnalgrid 4.0K Jun 27 18:29 CMSSW_10_6_19_patch2
drwxr-xr-x  2 shardulr fnalgrid 4.0K Jun 27 18:29 framework
-rw-r--r--  1 shardulr fnalgrid 1.7K Jun 27 18:29 bJetMatcher.pyc
drwxr-xr-x  3 shardulr fnalgrid 4.0K Jun 27 18:29 output
-rw-r--r--  1 shardulr fnalgrid  215 Jun 27 18:29 _condor_stderr
-rw-r--r--  1 shardulr fnalgrid  13K Jun 27 18:42 .update.ad
drwx------  8 shardulr fnalgrid 4.0K Jun 27 18:42 .
-rw-r--r--  1 shardulr fnalgrid 7.5K Jun 27 18:43 _condor_stdout
