[FERMIHTC-APPTAINER]: INFO -- No Apptainer image specified
[FERMIHTC-APPTAINER]: INFO -- Running job on the host machine

[FERMIHTC-APPTAINER]: INFO -- Running ./condor_exec.exe
Starting job on  Tue Jun 27 18:23:12 UTC 2023
Running on: Linux shardulr-2169568-80-cmswn2119.fnal.gov 3.10.0-1160.90.1.el7.x86_64 #1 SMP Thu Apr 27 13:14:20 CDT 2023 x86_64 x86_64 x86_64 GNU/Linux
System software: Scientific Linux release 7.9 (Nitrogen)
Running ls -alrth:
total 156K
-rw-r--r--  1 shardulr fnalgrid  12K Jun 27 18:23 .machine.ad
-rw-r--r--  1 shardulr fnalgrid 5.0K Jun 27 18:23 .job.ad
-rwx------  1 shardulr fnalgrid   49 Jun 27 18:23 .chirp.config
-rw-------  1 shardulr fnalgrid  11K Jun 27 18:23 x509up
drwxr-xr-x  2 shardulr fnalgrid 4.0K Jun 27 18:23 samples
-rw-r--r--  1 shardulr fnalgrid  62K Jun 27 18:23 singleStopAnalyzer.py
drwxr-xr-x  2 shardulr fnalgrid 4.0K Jun 27 18:23 framework
-rw-r--r--  1 shardulr fnalgrid  951 Jun 27 18:23 bJetMatcher.py
-rwxr-xr-x  1 shardulr fnalgrid  697 Jun 27 18:23 condor_exec.exe
-rw-r--r--  1 shardulr fnalgrid    0 Jun 27 18:23 docker_stderror
drwxrwxrwt  3 shardulr fnalgrid 4.0K Jun 27 18:23 var
drwxrwxrwt  2 shardulr fnalgrid 4.0K Jun 27 18:23 tmp
-rw-r--r--  1 shardulr fnalgrid  12K Jun 27 18:23 .update.ad
drwxr-xr-x  3 root     root     4.0K Jun 27 18:23 ..
srwxr-xr-x  1 shardulr fnalgrid    0 Jun 27 18:23 .docker_sock
-rw-r--r--  1 shardulr fnalgrid  113 Jun 27 18:23 _condor_stderr
drwx------  7 shardulr fnalgrid 4.0K Jun 27 18:23 .
drwxr-xr-x 17 shardulr fnalgrid 4.0K Jun 27 18:23 CMSSW_10_6_19_patch2
-rw-r--r--  1 shardulr fnalgrid  452 Jun 27 18:23 _condor_stdout
/storage/local/data1/condor/execute/dir_48989/CMSSW_10_6_19_patch2 is the CMSSW we created on the local worker node
Running over Data2018 files
Blinding data, only using CR cuts (0 loose b's)
Using UL 2018 campaign working points
Pre-select 138777 entries out of 1189348 (11.67%)
Processed    10000/  138777 entries,  7.21% (elapsed time    27.1s, curr speed    0.369 kHz, avg speed    0.369 kHz), accepted     1369/   10001 events (13.69%)
Processed    20000/  138777 entries, 14.41% (elapsed time    51.9s, curr speed    0.404 kHz, avg speed    0.385 kHz), accepted     2633/   20001 events (13.16%)
Processed    30000/  138777 entries, 21.62% (elapsed time    76.4s, curr speed    0.407 kHz, avg speed    0.392 kHz), accepted     3887/   30001 events (12.96%)
Processed    40000/  138777 entries, 28.82% (elapsed time   100.6s, curr speed    0.413 kHz, avg speed    0.397 kHz), accepted     5105/   40001 events (12.76%)
Processed    50000/  138777 entries, 36.03% (elapsed time   125.8s, curr speed    0.398 kHz, avg speed    0.398 kHz), accepted     6544/   50001 events (13.09%)
Processed    60000/  138777 entries, 43.23% (elapsed time   151.0s, curr speed    0.396 kHz, avg speed    0.397 kHz), accepted     8035/   60001 events (13.39%)
Processed    70000/  138777 entries, 50.44% (elapsed time   176.7s, curr speed    0.390 kHz, avg speed    0.396 kHz), accepted     9529/   70001 events (13.61%)
Processed    80000/  138777 entries, 57.65% (elapsed time   200.8s, curr speed    0.415 kHz, avg speed    0.398 kHz), accepted    10805/   80001 events (13.51%)
Processed    90000/  138777 entries, 64.85% (elapsed time   224.6s, curr speed    0.420 kHz, avg speed    0.401 kHz), accepted    12076/   90001 events (13.42%)
Processed   100000/  138777 entries, 72.06% (elapsed time   247.0s, curr speed    0.445 kHz, avg speed    0.405 kHz), accepted    13152/  100001 events (13.15%)
Processed   110000/  138777 entries, 79.26% (elapsed time   270.7s, curr speed    0.422 kHz, avg speed    0.406 kHz), accepted    14385/  110001 events (13.08%)
Processed   120000/  138777 entries, 86.47% (elapsed time   295.0s, curr speed    0.412 kHz, avg speed    0.407 kHz), accepted    15673/  120001 events (13.06%)
Processed   130000/  138777 entries, 93.68% (elapsed time   320.2s, curr speed    0.397 kHz, avg speed    0.406 kHz), accepted    17195/  130001 events (13.23%)
Processed 138777 preselected entries from root://cmsxrootd.fnal.gov//store/data/Run2018A/JetHT/NANOAOD/UL2018_MiniAODv2_NanoAODv9-v2/250000/5D68D33A-F118-8A4E-96AC-E6BC81CD3665.root (1189348 entries). Finally selected 18512 entries
Total time 349.0 sec. to process 1189348 events. Rate = 3407.5 Hz.
Running pwd:
/storage/local/data1/condor/execute/dir_48989
Running ls -alrth:
total 168K
-rw-r--r--  1 shardulr fnalgrid  12K Jun 27 18:23 .machine.ad
-rw-r--r--  1 shardulr fnalgrid 5.0K Jun 27 18:23 .job.ad
-rwx------  1 shardulr fnalgrid   49 Jun 27 18:23 .chirp.config
-rw-------  1 shardulr fnalgrid  11K Jun 27 18:23 x509up
drwxr-xr-x  2 shardulr fnalgrid 4.0K Jun 27 18:23 samples
-rw-r--r--  1 shardulr fnalgrid  62K Jun 27 18:23 singleStopAnalyzer.py
-rw-r--r--  1 shardulr fnalgrid  951 Jun 27 18:23 bJetMatcher.py
-rwxr-xr-x  1 shardulr fnalgrid  697 Jun 27 18:23 condor_exec.exe
-rw-r--r--  1 shardulr fnalgrid    0 Jun 27 18:23 docker_stderror
drwxrwxrwt  3 shardulr fnalgrid 4.0K Jun 27 18:23 var
drwxrwxrwt  2 shardulr fnalgrid 4.0K Jun 27 18:23 tmp
drwxr-xr-x  3 root     root     4.0K Jun 27 18:23 ..
srwxr-xr-x  1 shardulr fnalgrid    0 Jun 27 18:23 .docker_sock
drwxr-xr-x 17 shardulr fnalgrid 4.0K Jun 27 18:23 CMSSW_10_6_19_patch2
drwxr-xr-x  2 shardulr fnalgrid 4.0K Jun 27 18:23 framework
-rw-r--r--  1 shardulr fnalgrid 1.7K Jun 27 18:23 bJetMatcher.pyc
drwxr-xr-x  3 shardulr fnalgrid 4.0K Jun 27 18:23 output
-rw-r--r--  1 shardulr fnalgrid  215 Jun 27 18:23 _condor_stderr
-rw-r--r--  1 shardulr fnalgrid  12K Jun 27 18:26 .update.ad
drwx------  8 shardulr fnalgrid 4.0K Jun 27 18:26 .
-rw-r--r--  1 shardulr fnalgrid 4.3K Jun 27 18:29 _condor_stdout
