[FERMIHTC-APPTAINER]: INFO -- No Apptainer image specified
[FERMIHTC-APPTAINER]: INFO -- Running job on the host machine

[FERMIHTC-APPTAINER]: INFO -- Running ./condor_exec.exe
Starting job on  Tue Jun 27 18:30:26 UTC 2023
Running on: Linux shardulr-2169568-453-cmswn2077.fnal.gov 3.10.0-1160.90.1.el7.x86_64 #1 SMP Thu Apr 27 13:14:20 CDT 2023 x86_64 x86_64 x86_64 GNU/Linux
System software: Scientific Linux release 7.9 (Nitrogen)
Running ls -alrth:
total 164K
-rw-r--r--  1 shardulr fnalgrid 5.0K Jun 27 18:30 .job.ad
-rw-r--r--  1 shardulr fnalgrid  13K Jun 27 18:30 .machine.ad
-rwx------  1 shardulr fnalgrid   49 Jun 27 18:30 .chirp.config
-rw-------  1 shardulr fnalgrid  11K Jun 27 18:30 x509up
drwxr-xr-x  2 shardulr fnalgrid 4.0K Jun 27 18:30 samples
drwxr-xr-x  2 shardulr fnalgrid 4.0K Jun 27 18:30 framework
-rw-r--r--  1 shardulr fnalgrid  62K Jun 27 18:30 singleStopAnalyzer.py
-rwxr-xr-x  1 shardulr fnalgrid  698 Jun 27 18:30 condor_exec.exe
-rw-r--r--  1 shardulr fnalgrid  951 Jun 27 18:30 bJetMatcher.py
-rw-r--r--  1 shardulr fnalgrid    0 Jun 27 18:30 docker_stderror
drwxrwxrwt  3 shardulr fnalgrid 4.0K Jun 27 18:30 var
drwxrwxrwt  2 shardulr fnalgrid 4.0K Jun 27 18:30 tmp
-rw-r--r--  1 shardulr fnalgrid  13K Jun 27 18:30 .update.ad
drwxr-xr-x  3 root     root     4.0K Jun 27 18:30 ..
srwxr-xr-x  1 shardulr fnalgrid    0 Jun 27 18:30 .docker_sock
-rw-r--r--  1 shardulr fnalgrid  113 Jun 27 18:30 _condor_stderr
drwx------  7 shardulr fnalgrid 4.0K Jun 27 18:30 .
drwxr-xr-x 17 shardulr fnalgrid 4.0K Jun 27 18:30 CMSSW_10_6_19_patch2
-rw-r--r--  1 shardulr fnalgrid  453 Jun 27 18:30 _condor_stdout
/storage/local/data1/condor/execute/dir_32952/CMSSW_10_6_19_patch2 is the CMSSW we created on the local worker node
Running over Data2018 files
Blinding data, only using CR cuts (0 loose b's)
Using UL 2018 campaign working points
Pre-select 186181 entries out of 1275697 (14.59%)
Processed    10000/  186181 entries,  5.37% (elapsed time    28.8s, curr speed    0.348 kHz, avg speed    0.348 kHz), accepted     1649/   10001 events (16.49%)
Processed    20000/  186181 entries, 10.74% (elapsed time    55.5s, curr speed    0.374 kHz, avg speed    0.360 kHz), accepted     3176/   20001 events (15.88%)
Processed    30000/  186181 entries, 16.11% (elapsed time    82.1s, curr speed    0.377 kHz, avg speed    0.366 kHz), accepted     4666/   30001 events (15.55%)
Processed    40000/  186181 entries, 21.48% (elapsed time   108.7s, curr speed    0.376 kHz, avg speed    0.368 kHz), accepted     6141/   40001 events (15.35%)
Processed    50000/  186181 entries, 26.86% (elapsed time   134.9s, curr speed    0.381 kHz, avg speed    0.371 kHz), accepted     7469/   50001 events (14.94%)
Processed    60000/  186181 entries, 32.23% (elapsed time   158.6s, curr speed    0.422 kHz, avg speed    0.378 kHz), accepted     8401/   60001 events (14.00%)
Processed    70000/  186181 entries, 37.60% (elapsed time   184.9s, curr speed    0.380 kHz, avg speed    0.379 kHz), accepted     9661/   70001 events (13.80%)
Processed    80000/  186181 entries, 42.97% (elapsed time   210.6s, curr speed    0.389 kHz, avg speed    0.380 kHz), accepted    10942/   80001 events (13.68%)
Processed    90000/  186181 entries, 48.34% (elapsed time   237.0s, curr speed    0.379 kHz, avg speed    0.380 kHz), accepted    12347/   90001 events (13.72%)
Processed   100000/  186181 entries, 53.71% (elapsed time   263.8s, curr speed    0.373 kHz, avg speed    0.379 kHz), accepted    13740/  100001 events (13.74%)
Processed   110000/  186181 entries, 59.08% (elapsed time   292.1s, curr speed    0.353 kHz, avg speed    0.377 kHz), accepted    15472/  110001 events (14.07%)
Processed   120000/  186181 entries, 64.45% (elapsed time   321.4s, curr speed    0.341 kHz, avg speed    0.373 kHz), accepted    17145/  120001 events (14.29%)
Processed   130000/  186181 entries, 69.82% (elapsed time   349.5s, curr speed    0.357 kHz, avg speed    0.372 kHz), accepted    18813/  130001 events (14.47%)
Processed   140000/  186181 entries, 75.20% (elapsed time   377.3s, curr speed    0.359 kHz, avg speed    0.371 kHz), accepted    20450/  140001 events (14.61%)
Processed   150000/  186181 entries, 80.57% (elapsed time   406.0s, curr speed    0.349 kHz, avg speed    0.370 kHz), accepted    22183/  150001 events (14.79%)
Processed   160000/  186181 entries, 85.94% (elapsed time   433.2s, curr speed    0.367 kHz, avg speed    0.369 kHz), accepted    23704/  160001 events (14.81%)
Processed   170000/  186181 entries, 91.31% (elapsed time   460.9s, curr speed    0.361 kHz, avg speed    0.369 kHz), accepted    25218/  170001 events (14.83%)
Processed   180000/  186181 entries, 96.68% (elapsed time   488.2s, curr speed    0.366 kHz, avg speed    0.369 kHz), accepted    26833/  180001 events (14.91%)
Processed 186181 preselected entries from root://cmsxrootd.fnal.gov//store/data/Run2018D/JetHT/NANOAOD/UL2018_MiniAODv2_NanoAODv9-v2/2430000/51D4E156-F968-5645-B660-57723AD39246.root (1275697 entries). Finally selected 27828 entries
Total time 516.7 sec. to process 1275697 events. Rate = 2469.0 Hz.
Running pwd:
/storage/local/data1/condor/execute/dir_32952
Running ls -alrth:
total 176K
-rw-r--r--  1 shardulr fnalgrid 5.0K Jun 27 18:30 .job.ad
-rw-r--r--  1 shardulr fnalgrid  13K Jun 27 18:30 .machine.ad
-rwx------  1 shardulr fnalgrid   49 Jun 27 18:30 .chirp.config
-rw-------  1 shardulr fnalgrid  11K Jun 27 18:30 x509up
drwxr-xr-x  2 shardulr fnalgrid 4.0K Jun 27 18:30 samples
-rw-r--r--  1 shardulr fnalgrid  62K Jun 27 18:30 singleStopAnalyzer.py
-rwxr-xr-x  1 shardulr fnalgrid  698 Jun 27 18:30 condor_exec.exe
-rw-r--r--  1 shardulr fnalgrid  951 Jun 27 18:30 bJetMatcher.py
-rw-r--r--  1 shardulr fnalgrid    0 Jun 27 18:30 docker_stderror
drwxrwxrwt  3 shardulr fnalgrid 4.0K Jun 27 18:30 var
drwxrwxrwt  2 shardulr fnalgrid 4.0K Jun 27 18:30 tmp
drwxr-xr-x  3 root     root     4.0K Jun 27 18:30 ..
srwxr-xr-x  1 shardulr fnalgrid    0 Jun 27 18:30 .docker_sock
drwxr-xr-x 17 shardulr fnalgrid 4.0K Jun 27 18:30 CMSSW_10_6_19_patch2
drwxr-xr-x  2 shardulr fnalgrid 4.0K Jun 27 18:30 framework
-rw-r--r--  1 shardulr fnalgrid 1.7K Jun 27 18:30 bJetMatcher.pyc
drwxr-xr-x  3 shardulr fnalgrid 4.0K Jun 27 18:30 output
-rw-r--r--  1 shardulr fnalgrid  215 Jun 27 18:30 _condor_stderr
-rw-r--r--  1 shardulr fnalgrid  13K Jun 27 18:39 .update.ad
drwx------  8 shardulr fnalgrid 4.0K Jun 27 18:39 .
-rw-r--r--  1 shardulr fnalgrid 5.1K Jun 27 18:39 _condor_stdout
