[FERMIHTC-APPTAINER]: INFO -- No Apptainer image specified
[FERMIHTC-APPTAINER]: INFO -- Running job on the host machine

[FERMIHTC-APPTAINER]: INFO -- Running ./condor_exec.exe
Starting job on  Tue Jun 27 18:29:30 UTC 2023
Running on: Linux shardulr-2169568-226-cmswn2023.fnal.gov 3.10.0-1160.90.1.el7.x86_64 #1 SMP Thu Apr 27 13:14:20 CDT 2023 x86_64 x86_64 x86_64 GNU/Linux
System software: Scientific Linux release 7.9 (Nitrogen)
Running ls -alrth:
total 164K
-rw-r--r--  1 shardulr fnalgrid  13K Jun 27 18:29 .machine.ad
-rw-r--r--  1 shardulr fnalgrid 5.0K Jun 27 18:29 .job.ad
-rwx------  1 shardulr fnalgrid   49 Jun 27 18:29 .chirp.config
-rw-------  1 shardulr fnalgrid  11K Jun 27 18:29 x509up
drwxr-xr-x  2 shardulr fnalgrid 4.0K Jun 27 18:29 samples
drwxr-xr-x  2 shardulr fnalgrid 4.0K Jun 27 18:29 framework
-rw-r--r--  1 shardulr fnalgrid  62K Jun 27 18:29 singleStopAnalyzer.py
-rw-r--r--  1 shardulr fnalgrid  951 Jun 27 18:29 bJetMatcher.py
-rwxr-xr-x  1 shardulr fnalgrid  698 Jun 27 18:29 condor_exec.exe
-rw-r--r--  1 shardulr fnalgrid    0 Jun 27 18:29 docker_stderror
drwxrwxrwt  2 shardulr fnalgrid 4.0K Jun 27 18:29 tmp
drwxrwxrwt  3 shardulr fnalgrid 4.0K Jun 27 18:29 var
drwxr-xr-x  3 root     root     4.0K Jun 27 18:29 ..
srwxr-xr-x  1 shardulr fnalgrid    0 Jun 27 18:29 .docker_sock
-rw-r--r--  1 shardulr fnalgrid  113 Jun 27 18:29 _condor_stderr
-rw-r--r--  1 shardulr fnalgrid  13K Jun 27 18:29 .update.ad
drwx------  7 shardulr fnalgrid 4.0K Jun 27 18:29 .
drwxr-xr-x 17 shardulr fnalgrid 4.0K Jun 27 18:29 CMSSW_10_6_19_patch2
-rw-r--r--  1 shardulr fnalgrid  453 Jun 27 18:29 _condor_stdout
/storage/local/data1/condor/execute/dir_20975/CMSSW_10_6_19_patch2 is the CMSSW we created on the local worker node
Running over Data2018 files
Blinding data, only using CR cuts (0 loose b's)
Using UL 2018 campaign working points
Pre-select 234248 entries out of 1576807 (14.86%)
Processed    10000/  234248 entries,  4.27% (elapsed time    24.5s, curr speed    0.408 kHz, avg speed    0.408 kHz), accepted     1565/   10001 events (15.65%)
Processed    20000/  234248 entries,  8.54% (elapsed time    44.6s, curr speed    0.497 kHz, avg speed    0.448 kHz), accepted     3084/   20001 events (15.42%)
Processed    30000/  234248 entries, 12.81% (elapsed time    64.5s, curr speed    0.502 kHz, avg speed    0.465 kHz), accepted     4579/   30001 events (15.26%)
Processed    40000/  234248 entries, 17.08% (elapsed time    85.0s, curr speed    0.488 kHz, avg speed    0.471 kHz), accepted     6101/   40001 events (15.25%)
Processed    50000/  234248 entries, 21.34% (elapsed time   102.0s, curr speed    0.588 kHz, avg speed    0.490 kHz), accepted     7057/   50001 events (14.11%)
Processed    60000/  234248 entries, 25.61% (elapsed time   120.4s, curr speed    0.543 kHz, avg speed    0.498 kHz), accepted     8162/   60001 events (13.60%)
Processed    70000/  234248 entries, 29.88% (elapsed time   139.0s, curr speed    0.538 kHz, avg speed    0.504 kHz), accepted     9318/   70001 events (13.31%)
Processed    80000/  234248 entries, 34.15% (elapsed time   158.4s, curr speed    0.517 kHz, avg speed    0.505 kHz), accepted    10404/   80001 events (13.00%)
Processed    90000/  234248 entries, 38.42% (elapsed time   176.7s, curr speed    0.544 kHz, avg speed    0.509 kHz), accepted    11540/   90001 events (12.82%)
Processed   100000/  234248 entries, 42.69% (elapsed time   195.2s, curr speed    0.541 kHz, avg speed    0.512 kHz), accepted    12704/  100001 events (12.70%)
Processed   110000/  234248 entries, 46.96% (elapsed time   214.4s, curr speed    0.520 kHz, avg speed    0.513 kHz), accepted    13933/  110001 events (12.67%)
Processed   120000/  234248 entries, 51.23% (elapsed time   233.5s, curr speed    0.525 kHz, avg speed    0.514 kHz), accepted    15212/  120001 events (12.68%)
Processed   130000/  234248 entries, 55.50% (elapsed time   252.6s, curr speed    0.523 kHz, avg speed    0.515 kHz), accepted    16527/  130001 events (12.71%)
Processed   140000/  234248 entries, 59.77% (elapsed time   271.9s, curr speed    0.519 kHz, avg speed    0.515 kHz), accepted    17806/  140001 events (12.72%)
Processed   150000/  234248 entries, 64.03% (elapsed time   292.4s, curr speed    0.488 kHz, avg speed    0.513 kHz), accepted    19140/  150001 events (12.76%)
Processed   160000/  234248 entries, 68.30% (elapsed time   312.7s, curr speed    0.492 kHz, avg speed    0.512 kHz), accepted    20527/  160001 events (12.83%)
Processed   170000/  234248 entries, 72.57% (elapsed time   334.6s, curr speed    0.456 kHz, avg speed    0.508 kHz), accepted    21979/  170001 events (12.93%)
Processed   180000/  234248 entries, 76.84% (elapsed time   356.4s, curr speed    0.458 kHz, avg speed    0.505 kHz), accepted    23468/  180001 events (13.04%)
Processed   190000/  234248 entries, 81.11% (elapsed time   378.1s, curr speed    0.463 kHz, avg speed    0.503 kHz), accepted    24936/  190001 events (13.12%)
Processed   200000/  234248 entries, 85.38% (elapsed time   399.8s, curr speed    0.460 kHz, avg speed    0.500 kHz), accepted    26419/  200001 events (13.21%)
Processed   210000/  234248 entries, 89.65% (elapsed time   420.9s, curr speed    0.475 kHz, avg speed    0.499 kHz), accepted    27911/  210001 events (13.29%)
Processed   220000/  234248 entries, 93.92% (elapsed time   441.1s, curr speed    0.493 kHz, avg speed    0.499 kHz), accepted    29365/  220001 events (13.35%)
Processed   230000/  234248 entries, 98.19% (elapsed time   462.2s, curr speed    0.475 kHz, avg speed    0.498 kHz), accepted    30862/  230001 events (13.42%)
Processed 234248 preselected entries from root://cmsxrootd.fnal.gov//store/data/Run2018C/JetHT/NANOAOD/UL2018_MiniAODv2_NanoAODv9-v1/130000/4AD8B3C8-C507-6041-A8A1-6768B7D53065.root (1576807 entries). Finally selected 31517 entries
Total time 479.7 sec. to process 1576807 events. Rate = 3287.3 Hz.
Running pwd:
/storage/local/data1/condor/execute/dir_20975
Running ls -alrth:
total 176K
-rw-r--r--  1 shardulr fnalgrid  13K Jun 27 18:29 .machine.ad
-rw-r--r--  1 shardulr fnalgrid 5.0K Jun 27 18:29 .job.ad
-rwx------  1 shardulr fnalgrid   49 Jun 27 18:29 .chirp.config
-rw-------  1 shardulr fnalgrid  11K Jun 27 18:29 x509up
drwxr-xr-x  2 shardulr fnalgrid 4.0K Jun 27 18:29 samples
-rw-r--r--  1 shardulr fnalgrid  62K Jun 27 18:29 singleStopAnalyzer.py
-rw-r--r--  1 shardulr fnalgrid  951 Jun 27 18:29 bJetMatcher.py
-rwxr-xr-x  1 shardulr fnalgrid  698 Jun 27 18:29 condor_exec.exe
-rw-r--r--  1 shardulr fnalgrid    0 Jun 27 18:29 docker_stderror
drwxrwxrwt  2 shardulr fnalgrid 4.0K Jun 27 18:29 tmp
drwxrwxrwt  3 shardulr fnalgrid 4.0K Jun 27 18:29 var
drwxr-xr-x  3 root     root     4.0K Jun 27 18:29 ..
srwxr-xr-x  1 shardulr fnalgrid    0 Jun 27 18:29 .docker_sock
drwxr-xr-x 17 shardulr fnalgrid 4.0K Jun 27 18:29 CMSSW_10_6_19_patch2
drwxr-xr-x  2 shardulr fnalgrid 4.0K Jun 27 18:29 framework
-rw-r--r--  1 shardulr fnalgrid 1.7K Jun 27 18:29 bJetMatcher.pyc
drwxr-xr-x  3 shardulr fnalgrid 4.0K Jun 27 18:29 output
-rw-r--r--  1 shardulr fnalgrid  215 Jun 27 18:29 _condor_stderr
-rw-r--r--  1 shardulr fnalgrid  13K Jun 27 18:36 .update.ad
drwx------  8 shardulr fnalgrid 4.0K Jun 27 18:36 .
-rw-r--r--  1 shardulr fnalgrid 5.9K Jun 27 18:37 _condor_stdout
