[FERMIHTC-APPTAINER]: INFO -- No Apptainer image specified
[FERMIHTC-APPTAINER]: INFO -- Running job on the host machine

[FERMIHTC-APPTAINER]: INFO -- Running ./condor_exec.exe
Starting job on  Tue May 16 14:44:24 UTC 2023
Running on: Linux shardulr-32129155-13-cmswn2097.fnal.gov 3.10.0-1160.88.1.el7.x86_64 #1 SMP Tue Mar 7 08:37:40 CST 2023 x86_64 x86_64 x86_64 GNU/Linux
System software: Scientific Linux release 7.9 (Nitrogen)
Running ls -alrth:
total 136K
-rw-r--r--  1 shardulr fnalgrid 5.1K May 16 14:43 .job.ad
-rw-r--r--  1 shardulr fnalgrid  12K May 16 14:43 .machine.ad
-rwx------  1 shardulr fnalgrid   49 May 16 14:43 .chirp.config
-rw-------  1 shardulr fnalgrid  11K May 16 14:43 x509up
drwxr-xr-x  2 shardulr fnalgrid 4.0K May 16 14:43 samples
-rw-r--r--  1 shardulr fnalgrid  46K May 16 14:43 singleStopAnalyzer.py
drwxr-xr-x  2 shardulr fnalgrid 4.0K May 16 14:43 framework
-rwxr-xr-x  1 shardulr fnalgrid  667 May 16 14:43 condor_exec.exe
-rw-r--r--  1 shardulr fnalgrid    0 May 16 14:43 docker_stderror
drwxrwxrwt  3 shardulr fnalgrid 4.0K May 16 14:43 var
drwxrwxrwt  2 shardulr fnalgrid 4.0K May 16 14:43 tmp
-rw-r--r--  1 shardulr fnalgrid  12K May 16 14:44 .update.ad
drwxr-xr-x  3 root     root     4.0K May 16 14:44 ..
srwxr-xr-x  1 shardulr fnalgrid    0 May 16 14:44 .docker_sock
-rw-r--r--  1 shardulr fnalgrid  113 May 16 14:44 _condor_stderr
drwx------  7 shardulr fnalgrid 4.0K May 16 14:44 .
drwxr-xr-x 17 shardulr fnalgrid 4.0K May 16 14:44 CMSSW_10_6_19_patch2
-rw-r--r--  1 shardulr fnalgrid  452 May 16 14:44 _condor_stdout
/storage/local/data1/condor/execute/dir_7994/CMSSW_10_6_19_patch2 is the CMSSW we created on the local worker node
Running over file index 14 for sample QCD2018
Pre-select 1 entries out of 964398 (0.00%)
Processed 1 preselected entries from root://cmsxrootd.fnal.gov//store/mc/RunIISummer20UL18NanoAODv9/QCD_bEnriched_HT100to200_TuneCP5_13TeV-madgraph-pythia8/NANOAODSIM/106X_upgrade2018_realistic_v16_L1v1-v1/280000/FC7A963D-2DE1-9B4D-B8B2-02CFFD80DF23.root (964398 entries). Finally selected 0 entries
Total time 110.8 sec. to process 964398 events. Rate = 8706.8 Hz.
Running pwd:
/storage/local/data1/condor/execute/dir_7994
Running ls -alrth:
total 140K
-rw-r--r--  1 shardulr fnalgrid 5.1K May 16 14:43 .job.ad
-rw-r--r--  1 shardulr fnalgrid  12K May 16 14:43 .machine.ad
-rwx------  1 shardulr fnalgrid   49 May 16 14:43 .chirp.config
-rw-------  1 shardulr fnalgrid  11K May 16 14:43 x509up
drwxr-xr-x  2 shardulr fnalgrid 4.0K May 16 14:43 samples
-rw-r--r--  1 shardulr fnalgrid  46K May 16 14:43 singleStopAnalyzer.py
-rwxr-xr-x  1 shardulr fnalgrid  667 May 16 14:43 condor_exec.exe
-rw-r--r--  1 shardulr fnalgrid    0 May 16 14:43 docker_stderror
drwxrwxrwt  3 shardulr fnalgrid 4.0K May 16 14:43 var
drwxrwxrwt  2 shardulr fnalgrid 4.0K May 16 14:43 tmp
drwxr-xr-x  3 root     root     4.0K May 16 14:44 ..
srwxr-xr-x  1 shardulr fnalgrid    0 May 16 14:44 .docker_sock
-rw-r--r--  1 shardulr fnalgrid  113 May 16 14:44 _condor_stderr
drwxr-xr-x 17 shardulr fnalgrid 4.0K May 16 14:44 CMSSW_10_6_19_patch2
drwxr-xr-x  2 shardulr fnalgrid 4.0K May 16 14:45 framework
drwxr-xr-x  3 shardulr fnalgrid 4.0K May 16 14:45 output
-rw-r--r--  1 shardulr fnalgrid  12K May 16 14:46 .update.ad
drwx------  8 shardulr fnalgrid 4.0K May 16 14:46 .
-rw-r--r--  1 shardulr fnalgrid 2.2K May 16 14:47 _condor_stdout
