[FERMIHTC-APPTAINER]: INFO -- No Apptainer image specified
[FERMIHTC-APPTAINER]: INFO -- Running job on the host machine

[FERMIHTC-APPTAINER]: INFO -- Running ./condor_exec.exe
Starting job on  Tue May 16 14:46:14 UTC 2023
Running on: Linux shardulr-32129155-46-cmswn2024.fnal.gov 3.10.0-1160.90.1.el7.x86_64 #1 SMP Thu Apr 27 13:14:20 CDT 2023 x86_64 x86_64 x86_64 GNU/Linux
System software: Scientific Linux release 7.9 (Nitrogen)
Running ls -alrth:
total 136K
-rw-r--r--  1 shardulr fnalgrid 5.1K May 16 14:45 .job.ad
-rw-r--r--  1 shardulr fnalgrid  12K May 16 14:45 .machine.ad
-rwx------  1 shardulr fnalgrid   49 May 16 14:45 .chirp.config
-rw-------  1 shardulr fnalgrid  11K May 16 14:46 x509up
drwxr-xr-x  2 shardulr fnalgrid 4.0K May 16 14:46 samples
drwxr-xr-x  2 shardulr fnalgrid 4.0K May 16 14:46 framework
-rw-r--r--  1 shardulr fnalgrid  46K May 16 14:46 singleStopAnalyzer.py
-rwxr-xr-x  1 shardulr fnalgrid  667 May 16 14:46 condor_exec.exe
-rw-r--r--  1 shardulr fnalgrid    0 May 16 14:46 docker_stderror
drwxrwxrwt  2 shardulr fnalgrid 4.0K May 16 14:46 tmp
drwxrwxrwt  3 shardulr fnalgrid 4.0K May 16 14:46 var
drwxr-xr-x  3 root     root     4.0K May 16 14:46 ..
srwxr-xr-x  1 shardulr fnalgrid    0 May 16 14:46 .docker_sock
-rw-r--r--  1 shardulr fnalgrid  12K May 16 14:46 .update.ad
-rw-r--r--  1 shardulr fnalgrid  113 May 16 14:46 _condor_stderr
drwx------  7 shardulr fnalgrid 4.0K May 16 14:46 .
drwxr-xr-x 17 shardulr fnalgrid 4.0K May 16 14:46 CMSSW_10_6_19_patch2
-rw-r--r--  1 shardulr fnalgrid  453 May 16 14:46 _condor_stdout
/storage/local/data1/condor/execute/dir_48609/CMSSW_10_6_19_patch2 is the CMSSW we created on the local worker node
Running over file index 47 for sample QCD2018
Pre-select 121821 entries out of 170984 (71.25%)
Processed    10000/  121821 entries,  8.21% (elapsed time    38.5s, curr speed    0.260 kHz, avg speed    0.260 kHz), accepted     4658/   10001 events (46.58%)
Processed    20000/  121821 entries, 16.42% (elapsed time    84.8s, curr speed    0.216 kHz, avg speed    0.236 kHz), accepted     9251/   20001 events (46.25%)
Processed    30000/  121821 entries, 24.63% (elapsed time   122.0s, curr speed    0.268 kHz, avg speed    0.246 kHz), accepted    13973/   30001 events (46.58%)
Processed    40000/  121821 entries, 32.84% (elapsed time   159.3s, curr speed    0.268 kHz, avg speed    0.251 kHz), accepted    18656/   40001 events (46.64%)
Processed    50000/  121821 entries, 41.04% (elapsed time   197.2s, curr speed    0.264 kHz, avg speed    0.254 kHz), accepted    23430/   50001 events (46.86%)
Processed    60000/  121821 entries, 49.25% (elapsed time   238.2s, curr speed    0.244 kHz, avg speed    0.252 kHz), accepted    28124/   60001 events (46.87%)
Processed    70000/  121821 entries, 57.46% (elapsed time   275.7s, curr speed    0.267 kHz, avg speed    0.254 kHz), accepted    32850/   70001 events (46.93%)
Processed    80000/  121821 entries, 65.67% (elapsed time   313.1s, curr speed    0.268 kHz, avg speed    0.256 kHz), accepted    37533/   80001 events (46.92%)
Processed    90000/  121821 entries, 73.88% (elapsed time   350.3s, curr speed    0.269 kHz, avg speed    0.257 kHz), accepted    42206/   90001 events (46.90%)
Processed   100000/  121821 entries, 82.09% (elapsed time   388.0s, curr speed    0.265 kHz, avg speed    0.258 kHz), accepted    46894/  100001 events (46.89%)
Processed   110000/  121821 entries, 90.30% (elapsed time   425.2s, curr speed    0.269 kHz, avg speed    0.259 kHz), accepted    51597/  110001 events (46.91%)
Processed   120000/  121821 entries, 98.51% (elapsed time   469.0s, curr speed    0.228 kHz, avg speed    0.256 kHz), accepted    56324/  120001 events (46.94%)
Processed 121821 preselected entries from root://cmsxrootd.fnal.gov//store/mc/RunIISummer20UL18NanoAODv9/QCD_bEnriched_HT1500to2000_TuneCP5_13TeV-madgraph-pythia8/NANOAODSIM/106X_upgrade2018_realistic_v16_L1v1-v1/130000/D90D1F8A-FB74-2B47-AD17-81BDEF9D8C6F.root (170984 entries). Finally selected 57193 entries
Total time 480.9 sec. to process 170984 events. Rate = 355.6 Hz.
Running pwd:
/storage/local/data1/condor/execute/dir_48609
Running ls -alrth:
total 144K
-rw-r--r--  1 shardulr fnalgrid 5.1K May 16 14:45 .job.ad
-rw-r--r--  1 shardulr fnalgrid  12K May 16 14:45 .machine.ad
-rwx------  1 shardulr fnalgrid   49 May 16 14:45 .chirp.config
-rw-------  1 shardulr fnalgrid  11K May 16 14:46 x509up
drwxr-xr-x  2 shardulr fnalgrid 4.0K May 16 14:46 samples
-rw-r--r--  1 shardulr fnalgrid  46K May 16 14:46 singleStopAnalyzer.py
-rwxr-xr-x  1 shardulr fnalgrid  667 May 16 14:46 condor_exec.exe
-rw-r--r--  1 shardulr fnalgrid    0 May 16 14:46 docker_stderror
drwxrwxrwt  2 shardulr fnalgrid 4.0K May 16 14:46 tmp
drwxrwxrwt  3 shardulr fnalgrid 4.0K May 16 14:46 var
drwxr-xr-x  3 root     root     4.0K May 16 14:46 ..
srwxr-xr-x  1 shardulr fnalgrid    0 May 16 14:46 .docker_sock
-rw-r--r--  1 shardulr fnalgrid  113 May 16 14:46 _condor_stderr
drwxr-xr-x 17 shardulr fnalgrid 4.0K May 16 14:46 CMSSW_10_6_19_patch2
drwxr-xr-x  2 shardulr fnalgrid 4.0K May 16 14:46 framework
drwxr-xr-x  3 shardulr fnalgrid 4.0K May 16 14:46 output
-rw-r--r--  1 shardulr fnalgrid  12K May 16 14:53 .update.ad
drwx------  8 shardulr fnalgrid 4.0K May 16 14:53 .
-rw-r--r--  1 shardulr fnalgrid 4.1K May 16 14:54 _condor_stdout
