[FERMIHTC-APPTAINER]: INFO -- No Apptainer image specified
[FERMIHTC-APPTAINER]: INFO -- Running job on the host machine

[FERMIHTC-APPTAINER]: INFO -- Running ./condor_exec.exe
Starting job on  Tue May 16 14:45:33 UTC 2023
Running on: Linux shardulr-32129155-43-cmswn2055.fnal.gov 3.10.0-1160.88.1.el7.x86_64 #1 SMP Tue Mar 7 08:37:40 CST 2023 x86_64 x86_64 x86_64 GNU/Linux
System software: Scientific Linux release 7.9 (Nitrogen)
Running ls -alrth:
total 136K
-rw-r--r--  1 shardulr fnalgrid 5.1K May 16 14:45 .job.ad
-rw-r--r--  1 shardulr fnalgrid  12K May 16 14:45 .machine.ad
-rwx------  1 shardulr fnalgrid   49 May 16 14:45 .chirp.config
-rw-------  1 shardulr fnalgrid  11K May 16 14:45 x509up
drwxr-xr-x  2 shardulr fnalgrid 4.0K May 16 14:45 samples
-rw-r--r--  1 shardulr fnalgrid  46K May 16 14:45 singleStopAnalyzer.py
drwxr-xr-x  2 shardulr fnalgrid 4.0K May 16 14:45 framework
-rwxr-xr-x  1 shardulr fnalgrid  667 May 16 14:45 condor_exec.exe
-rw-r--r--  1 shardulr fnalgrid    0 May 16 14:45 docker_stderror
drwxrwxrwt  3 shardulr fnalgrid 4.0K May 16 14:45 var
drwxrwxrwt  2 shardulr fnalgrid 4.0K May 16 14:45 tmp
-rw-r--r--  1 shardulr fnalgrid  12K May 16 14:45 .update.ad
drwxr-xr-x  3 root     root     4.0K May 16 14:45 ..
srwxr-xr-x  1 shardulr fnalgrid    0 May 16 14:45 .docker_sock
-rw-r--r--  1 shardulr fnalgrid  113 May 16 14:45 _condor_stderr
drwx------  7 shardulr fnalgrid 4.0K May 16 14:45 .
drwxr-xr-x 17 shardulr fnalgrid 4.0K May 16 14:45 CMSSW_10_6_19_patch2
-rw-r--r--  1 shardulr fnalgrid  452 May 16 14:45 _condor_stdout
/storage/local/data1/condor/execute/dir_64945/CMSSW_10_6_19_patch2 is the CMSSW we created on the local worker node
Running over file index 44 for sample QCD2018
Pre-select 113717 entries out of 159608 (71.25%)
Processed    10000/  113717 entries,  8.79% (elapsed time    46.1s, curr speed    0.217 kHz, avg speed    0.217 kHz), accepted     4645/   10001 events (46.45%)
Processed    20000/  113717 entries, 17.59% (elapsed time    88.2s, curr speed    0.238 kHz, avg speed    0.227 kHz), accepted     9313/   20001 events (46.56%)
Processed    30000/  113717 entries, 26.38% (elapsed time   130.4s, curr speed    0.237 kHz, avg speed    0.230 kHz), accepted    14030/   30001 events (46.77%)
Processed    40000/  113717 entries, 35.18% (elapsed time   172.7s, curr speed    0.237 kHz, avg speed    0.232 kHz), accepted    18729/   40001 events (46.82%)
Processed    50000/  113717 entries, 43.97% (elapsed time   215.2s, curr speed    0.235 kHz, avg speed    0.232 kHz), accepted    23394/   50001 events (46.79%)
Processed    60000/  113717 entries, 52.76% (elapsed time   256.3s, curr speed    0.243 kHz, avg speed    0.234 kHz), accepted    28064/   60001 events (46.77%)
Processed    70000/  113717 entries, 61.56% (elapsed time   323.1s, curr speed    0.150 kHz, avg speed    0.217 kHz), accepted    32682/   70001 events (46.69%)
Processed    80000/  113717 entries, 70.35% (elapsed time   403.3s, curr speed    0.125 kHz, avg speed    0.198 kHz), accepted    37395/   80001 events (46.74%)
Processed    90000/  113717 entries, 79.14% (elapsed time   482.3s, curr speed    0.127 kHz, avg speed    0.187 kHz), accepted    42089/   90001 events (46.77%)
Processed   100000/  113717 entries, 87.94% (elapsed time   561.0s, curr speed    0.127 kHz, avg speed    0.178 kHz), accepted    46746/  100001 events (46.75%)
Processed   110000/  113717 entries, 96.73% (elapsed time   639.3s, curr speed    0.128 kHz, avg speed    0.172 kHz), accepted    51451/  110001 events (46.77%)
Processed 113717 preselected entries from root://cmsxrootd.fnal.gov//store/mc/RunIISummer20UL18NanoAODv9/QCD_bEnriched_HT1500to2000_TuneCP5_13TeV-madgraph-pythia8/NANOAODSIM/106X_upgrade2018_realistic_v16_L1v1-v1/270000/93AA1BF7-3F7B-6D46-9F2D-8954EE1550FC.root (159608 entries). Finally selected 53197 entries
Total time 684.7 sec. to process 159608 events. Rate = 233.1 Hz.
Running pwd:
/storage/local/data1/condor/execute/dir_64945
Running ls -alrth:
total 140K
-rw-r--r--  1 shardulr fnalgrid 5.1K May 16 14:45 .job.ad
-rw-r--r--  1 shardulr fnalgrid  12K May 16 14:45 .machine.ad
-rwx------  1 shardulr fnalgrid   49 May 16 14:45 .chirp.config
-rw-------  1 shardulr fnalgrid  11K May 16 14:45 x509up
drwxr-xr-x  2 shardulr fnalgrid 4.0K May 16 14:45 samples
-rw-r--r--  1 shardulr fnalgrid  46K May 16 14:45 singleStopAnalyzer.py
-rwxr-xr-x  1 shardulr fnalgrid  667 May 16 14:45 condor_exec.exe
-rw-r--r--  1 shardulr fnalgrid    0 May 16 14:45 docker_stderror
drwxrwxrwt  3 shardulr fnalgrid 4.0K May 16 14:45 var
drwxrwxrwt  2 shardulr fnalgrid 4.0K May 16 14:45 tmp
drwxr-xr-x  3 root     root     4.0K May 16 14:45 ..
srwxr-xr-x  1 shardulr fnalgrid    0 May 16 14:45 .docker_sock
-rw-r--r--  1 shardulr fnalgrid  113 May 16 14:45 _condor_stderr
drwxr-xr-x 17 shardulr fnalgrid 4.0K May 16 14:45 CMSSW_10_6_19_patch2
drwxr-xr-x  2 shardulr fnalgrid 4.0K May 16 14:45 framework
drwxr-xr-x  3 shardulr fnalgrid 4.0K May 16 14:45 output
-rw-r--r--  1 shardulr fnalgrid  12K May 16 14:55 .update.ad
drwx------  8 shardulr fnalgrid 4.0K May 16 14:55 .
-rw-r--r--  1 shardulr fnalgrid 4.0K May 16 14:57 _condor_stdout
