[FERMIHTC-APPTAINER]: INFO -- No Apptainer image specified
[FERMIHTC-APPTAINER]: INFO -- Running job on the host machine

[FERMIHTC-APPTAINER]: INFO -- Running ./condor_exec.exe
Starting job on  Tue May 16 14:43:48 UTC 2023
Running on: Linux shardulr-32129155-1-cmswn2116.fnal.gov 3.10.0-1160.90.1.el7.x86_64 #1 SMP Thu Apr 27 13:14:20 CDT 2023 x86_64 x86_64 x86_64 GNU/Linux
System software: Scientific Linux release 7.9 (Nitrogen)
Running ls -alrth:
total 136K
-rw-r--r--  1 shardulr fnalgrid  11K May 16 14:43 .machine.ad
-rw-r--r--  1 shardulr fnalgrid 5.1K May 16 14:43 .job.ad
-rwx------  1 shardulr fnalgrid   49 May 16 14:43 .chirp.config
-rw-------  1 shardulr fnalgrid  11K May 16 14:43 x509up
drwxr-xr-x  2 shardulr fnalgrid 4.0K May 16 14:43 samples
-rw-r--r--  1 shardulr fnalgrid  46K May 16 14:43 singleStopAnalyzer.py
drwxr-xr-x  2 shardulr fnalgrid 4.0K May 16 14:43 framework
-rwxr-xr-x  1 shardulr fnalgrid  666 May 16 14:43 condor_exec.exe
-rw-r--r--  1 shardulr fnalgrid    0 May 16 14:43 docker_stderror
drwxrwxrwt  3 shardulr fnalgrid 4.0K May 16 14:43 var
drwxrwxrwt  2 shardulr fnalgrid 4.0K May 16 14:43 tmp
-rw-r--r--  1 shardulr fnalgrid  11K May 16 14:43 .update.ad
drwxr-xr-x  3 root     root     4.0K May 16 14:43 ..
srwxr-xr-x  1 shardulr fnalgrid    0 May 16 14:43 .docker_sock
-rw-r--r--  1 shardulr fnalgrid  113 May 16 14:43 _condor_stderr
drwx------  7 shardulr fnalgrid 4.0K May 16 14:43 .
drwxr-xr-x 17 shardulr fnalgrid 4.0K May 16 14:43 CMSSW_10_6_19_patch2
-rw-r--r--  1 shardulr fnalgrid  452 May 16 14:43 _condor_stdout
/storage/local/data1/condor/execute/dir_46193/CMSSW_10_6_19_patch2 is the CMSSW we created on the local worker node
Running over file index 2 for sample QCD2018
Pre-select 76167 entries out of 134724 (56.54%)
Processed    10000/   76167 entries, 13.13% (elapsed time    40.5s, curr speed    0.247 kHz, avg speed    0.247 kHz), accepted     4608/   10001 events (46.08%)
Processed    20000/   76167 entries, 26.26% (elapsed time    78.9s, curr speed    0.261 kHz, avg speed    0.254 kHz), accepted     9241/   20001 events (46.20%)
Processed    30000/   76167 entries, 39.39% (elapsed time   114.8s, curr speed    0.278 kHz, avg speed    0.261 kHz), accepted    13784/   30001 events (45.95%)
Processed    40000/   76167 entries, 52.52% (elapsed time   150.6s, curr speed    0.280 kHz, avg speed    0.266 kHz), accepted    18348/   40001 events (45.87%)
Processed    50000/   76167 entries, 65.65% (elapsed time   187.4s, curr speed    0.272 kHz, avg speed    0.267 kHz), accepted    22959/   50001 events (45.92%)
Processed    60000/   76167 entries, 78.77% (elapsed time   224.2s, curr speed    0.272 kHz, avg speed    0.268 kHz), accepted    27457/   60001 events (45.76%)
Processed    70000/   76167 entries, 91.90% (elapsed time   262.6s, curr speed    0.260 kHz, avg speed    0.267 kHz), accepted    32070/   70001 events (45.81%)
Processed 76167 preselected entries from root://cmsxrootd.fnal.gov//store/mc/RunIISummer20UL18NanoAODv9/QCD_bEnriched_HT1000to1500_TuneCP5_13TeV-madgraph-pythia8/NANOAODSIM/106X_upgrade2018_realistic_v16_L1v1-v1/270000/C5917168-8F9F-604F-9503-B760DCDD883C.root (134724 entries). Finally selected 34906 entries
Total time 292.7 sec. to process 134724 events. Rate = 460.4 Hz.
Running pwd:
/storage/local/data1/condor/execute/dir_46193
Running ls -alrth:
total 140K
-rw-r--r--  1 shardulr fnalgrid  11K May 16 14:43 .machine.ad
-rw-r--r--  1 shardulr fnalgrid 5.1K May 16 14:43 .job.ad
-rwx------  1 shardulr fnalgrid   49 May 16 14:43 .chirp.config
-rw-------  1 shardulr fnalgrid  11K May 16 14:43 x509up
drwxr-xr-x  2 shardulr fnalgrid 4.0K May 16 14:43 samples
-rw-r--r--  1 shardulr fnalgrid  46K May 16 14:43 singleStopAnalyzer.py
-rwxr-xr-x  1 shardulr fnalgrid  666 May 16 14:43 condor_exec.exe
-rw-r--r--  1 shardulr fnalgrid    0 May 16 14:43 docker_stderror
drwxrwxrwt  3 shardulr fnalgrid 4.0K May 16 14:43 var
drwxrwxrwt  2 shardulr fnalgrid 4.0K May 16 14:43 tmp
drwxr-xr-x  3 root     root     4.0K May 16 14:43 ..
srwxr-xr-x  1 shardulr fnalgrid    0 May 16 14:43 .docker_sock
-rw-r--r--  1 shardulr fnalgrid  113 May 16 14:43 _condor_stderr
drwxr-xr-x 17 shardulr fnalgrid 4.0K May 16 14:43 CMSSW_10_6_19_patch2
drwxr-xr-x  2 shardulr fnalgrid 4.0K May 16 14:44 framework
drwxr-xr-x  3 shardulr fnalgrid 4.0K May 16 14:44 output
-rw-r--r--  1 shardulr fnalgrid  11K May 16 14:47 .update.ad
drwx------  8 shardulr fnalgrid 4.0K May 16 14:47 .
-rw-r--r--  1 shardulr fnalgrid 3.3K May 16 14:49 _condor_stdout
