[FERMIHTC-APPTAINER]: INFO -- No Apptainer image specified
[FERMIHTC-APPTAINER]: INFO -- Running job on the host machine

[FERMIHTC-APPTAINER]: INFO -- Running ./condor_exec.exe
Starting job on  Tue May 16 14:44:38 UTC 2023
Running on: Linux shardulr-32129155-24-cmswn2111.fnal.gov 3.10.0-1160.90.1.el7.x86_64 #1 SMP Thu Apr 27 13:14:20 CDT 2023 x86_64 x86_64 x86_64 GNU/Linux
System software: Scientific Linux release 7.9 (Nitrogen)
Running ls -alrth:
total 136K
-rw-r--r--  1 shardulr fnalgrid  10K May 16 14:44 .machine.ad
-rw-r--r--  1 shardulr fnalgrid 5.1K May 16 14:44 .job.ad
-rwx------  1 shardulr fnalgrid   49 May 16 14:44 .chirp.config
-rw-------  1 shardulr fnalgrid  11K May 16 14:44 x509up
drwxr-xr-x  2 shardulr fnalgrid 4.0K May 16 14:44 samples
-rw-r--r--  1 shardulr fnalgrid  46K May 16 14:44 singleStopAnalyzer.py
drwxr-xr-x  2 shardulr fnalgrid 4.0K May 16 14:44 framework
-rwxr-xr-x  1 shardulr fnalgrid  667 May 16 14:44 condor_exec.exe
-rw-r--r--  1 shardulr fnalgrid    0 May 16 14:44 docker_stderror
drwxrwxrwt  3 shardulr fnalgrid 4.0K May 16 14:44 var
drwxrwxrwt  2 shardulr fnalgrid 4.0K May 16 14:44 tmp
-rw-r--r--  1 shardulr fnalgrid 9.5K May 16 14:44 .update.ad
drwxr-xr-x  3 root     root     4.0K May 16 14:44 ..
srwxr-xr-x  1 shardulr fnalgrid    0 May 16 14:44 .docker_sock
-rw-r--r--  1 shardulr fnalgrid  113 May 16 14:44 _condor_stderr
drwx------  7 shardulr fnalgrid 4.0K May 16 14:44 .
drwxr-xr-x 17 shardulr fnalgrid 4.0K May 16 14:44 CMSSW_10_6_19_patch2
-rw-r--r--  1 shardulr fnalgrid  453 May 16 14:44 _condor_stdout
/storage/local/data1/condor/execute/dir_39374/CMSSW_10_6_19_patch2 is the CMSSW we created on the local worker node
Running over file index 25 for sample QCD2018
Pre-select 3 entries out of 1862213 (0.00%)
Processed 3 preselected entries from root://cmsxrootd.fnal.gov//store/mc/RunIISummer20UL18NanoAODv9/QCD_bEnriched_HT100to200_TuneCP5_13TeV-madgraph-pythia8/NANOAODSIM/106X_upgrade2018_realistic_v16_L1v1-v1/270000/ECA19EE4-DA3D-D441-A6A5-7A5F660FF634.root (1862213 entries). Finally selected 0 entries
Total time 13.5 sec. to process 1862213 events. Rate = 137548.3 Hz.
Running pwd:
/storage/local/data1/condor/execute/dir_39374
Running ls -alrth:
total 140K
-rw-r--r--  1 shardulr fnalgrid  10K May 16 14:44 .machine.ad
-rw-r--r--  1 shardulr fnalgrid 5.1K May 16 14:44 .job.ad
-rwx------  1 shardulr fnalgrid   49 May 16 14:44 .chirp.config
-rw-------  1 shardulr fnalgrid  11K May 16 14:44 x509up
drwxr-xr-x  2 shardulr fnalgrid 4.0K May 16 14:44 samples
-rw-r--r--  1 shardulr fnalgrid  46K May 16 14:44 singleStopAnalyzer.py
-rwxr-xr-x  1 shardulr fnalgrid  667 May 16 14:44 condor_exec.exe
-rw-r--r--  1 shardulr fnalgrid    0 May 16 14:44 docker_stderror
drwxrwxrwt  3 shardulr fnalgrid 4.0K May 16 14:44 var
drwxrwxrwt  2 shardulr fnalgrid 4.0K May 16 14:44 tmp
drwxr-xr-x  3 root     root     4.0K May 16 14:44 ..
srwxr-xr-x  1 shardulr fnalgrid    0 May 16 14:44 .docker_sock
-rw-r--r--  1 shardulr fnalgrid  113 May 16 14:44 _condor_stderr
drwxr-xr-x 17 shardulr fnalgrid 4.0K May 16 14:44 CMSSW_10_6_19_patch2
drwxr-xr-x  2 shardulr fnalgrid 4.0K May 16 14:44 framework
drwxr-xr-x  3 shardulr fnalgrid 4.0K May 16 14:44 output
-rw-r--r--  1 shardulr fnalgrid 9.7K May 16 14:44 .update.ad
drwx------  8 shardulr fnalgrid 4.0K May 16 14:44 .
-rw-r--r--  1 shardulr fnalgrid 2.2K May 16 14:44 _condor_stdout
