[FERMIHTC-APPTAINER]: INFO -- No Apptainer image specified
[FERMIHTC-APPTAINER]: INFO -- Running job on the host machine

[FERMIHTC-APPTAINER]: INFO -- Running ./condor_exec.exe
Starting job on  Tue May 16 14:44:48 UTC 2023
Running on: Linux shardulr-32129155-16-cmswn2019.fnal.gov 3.10.0-1160.90.1.el7.x86_64 #1 SMP Thu Apr 27 13:14:20 CDT 2023 x86_64 x86_64 x86_64 GNU/Linux
System software: Scientific Linux release 7.9 (Nitrogen)
Running ls -alrth:
total 136K
-rw-r--r--  1 shardulr fnalgrid 5.1K May 16 14:44 .job.ad
-rw-r--r--  1 shardulr fnalgrid  11K May 16 14:44 .machine.ad
-rwx------  1 shardulr fnalgrid   49 May 16 14:44 .chirp.config
-rw-------  1 shardulr fnalgrid  11K May 16 14:44 x509up
drwxr-xr-x  2 shardulr fnalgrid 4.0K May 16 14:44 samples
drwxr-xr-x  2 shardulr fnalgrid 4.0K May 16 14:44 framework
-rw-r--r--  1 shardulr fnalgrid  46K May 16 14:44 singleStopAnalyzer.py
-rwxr-xr-x  1 shardulr fnalgrid  667 May 16 14:44 condor_exec.exe
-rw-r--r--  1 shardulr fnalgrid    0 May 16 14:44 docker_stderror
drwxrwxrwt  3 shardulr fnalgrid 4.0K May 16 14:44 var
drwxrwxrwt  2 shardulr fnalgrid 4.0K May 16 14:44 tmp
drwxr-xr-x  3 root     root     4.0K May 16 14:44 ..
srwxr-xr-x  1 shardulr fnalgrid    0 May 16 14:44 .docker_sock
-rw-r--r--  1 shardulr fnalgrid  11K May 16 14:44 .update.ad
-rw-r--r--  1 shardulr fnalgrid  113 May 16 14:44 _condor_stderr
drwx------  7 shardulr fnalgrid 4.0K May 16 14:44 .
drwxr-xr-x 17 shardulr fnalgrid 4.0K May 16 14:44 CMSSW_10_6_19_patch2
-rw-r--r--  1 shardulr fnalgrid  453 May 16 14:44 _condor_stdout
/storage/local/data1/condor/execute/dir_55506/CMSSW_10_6_19_patch2 is the CMSSW we created on the local worker node
Running over file index 17 for sample QCD2018
Pre-select 0 entries out of 1430037 (0.00%)
Processed 0 preselected entries from root://cmsxrootd.fnal.gov//store/mc/RunIISummer20UL18NanoAODv9/QCD_bEnriched_HT100to200_TuneCP5_13TeV-madgraph-pythia8/NANOAODSIM/106X_upgrade2018_realistic_v16_L1v1-v1/280000/ECF298BF-749A-5541-84C7-71B0854377ED.root (1430037 entries). Finally selected 0 entries
Total time 24.3 sec. to process 1430037 events. Rate = 58763.9 Hz.
Running pwd:
/storage/local/data1/condor/execute/dir_55506
Running ls -alrth:
total 140K
-rw-r--r--  1 shardulr fnalgrid 5.1K May 16 14:44 .job.ad
-rw-r--r--  1 shardulr fnalgrid  11K May 16 14:44 .machine.ad
-rwx------  1 shardulr fnalgrid   49 May 16 14:44 .chirp.config
-rw-------  1 shardulr fnalgrid  11K May 16 14:44 x509up
drwxr-xr-x  2 shardulr fnalgrid 4.0K May 16 14:44 samples
-rw-r--r--  1 shardulr fnalgrid  46K May 16 14:44 singleStopAnalyzer.py
-rwxr-xr-x  1 shardulr fnalgrid  667 May 16 14:44 condor_exec.exe
-rw-r--r--  1 shardulr fnalgrid    0 May 16 14:44 docker_stderror
drwxrwxrwt  3 shardulr fnalgrid 4.0K May 16 14:44 var
drwxrwxrwt  2 shardulr fnalgrid 4.0K May 16 14:44 tmp
drwxr-xr-x  3 root     root     4.0K May 16 14:44 ..
srwxr-xr-x  1 shardulr fnalgrid    0 May 16 14:44 .docker_sock
-rw-r--r--  1 shardulr fnalgrid  113 May 16 14:44 _condor_stderr
drwxr-xr-x 17 shardulr fnalgrid 4.0K May 16 14:44 CMSSW_10_6_19_patch2
-rw-r--r--  1 shardulr fnalgrid  11K May 16 14:44 .update.ad
drwxr-xr-x  2 shardulr fnalgrid 4.0K May 16 14:45 framework
drwxr-xr-x  3 shardulr fnalgrid 4.0K May 16 14:45 output
drwx------  8 shardulr fnalgrid 4.0K May 16 14:45 .
-rw-r--r--  1 shardulr fnalgrid 2.2K May 16 14:45 _condor_stdout
