[FERMIHTC-APPTAINER]: INFO -- No Apptainer image specified
[FERMIHTC-APPTAINER]: INFO -- Running job on the host machine

[FERMIHTC-APPTAINER]: INFO -- Running ./condor_exec.exe
Starting job on  Tue May 16 14:46:52 UTC 2023
Running on: Linux shardulr-32129155-96-cmswn2037.fnal.gov 3.10.0-1160.90.1.el7.x86_64 #1 SMP Thu Apr 27 13:14:20 CDT 2023 x86_64 x86_64 x86_64 GNU/Linux
System software: Scientific Linux release 7.9 (Nitrogen)
Running ls -alrth:
total 136K
-rw-r--r--  1 shardulr fnalgrid  12K May 16 14:46 .machine.ad
-rw-r--r--  1 shardulr fnalgrid 5.1K May 16 14:46 .job.ad
-rwx------  1 shardulr fnalgrid   49 May 16 14:46 .chirp.config
-rw-------  1 shardulr fnalgrid  11K May 16 14:46 x509up
drwxr-xr-x  2 shardulr fnalgrid 4.0K May 16 14:46 samples
drwxr-xr-x  2 shardulr fnalgrid 4.0K May 16 14:46 framework
-rw-r--r--  1 shardulr fnalgrid  46K May 16 14:46 singleStopAnalyzer.py
-rwxr-xr-x  1 shardulr fnalgrid  667 May 16 14:46 condor_exec.exe
-rw-r--r--  1 shardulr fnalgrid    0 May 16 14:46 docker_stderror
drwxrwxrwt  3 shardulr fnalgrid 4.0K May 16 14:46 var
drwxrwxrwt  2 shardulr fnalgrid 4.0K May 16 14:46 tmp
-rw-r--r--  1 shardulr fnalgrid  12K May 16 14:46 .update.ad
drwxr-xr-x  3 root     root     4.0K May 16 14:46 ..
srwxr-xr-x  1 shardulr fnalgrid    0 May 16 14:46 .docker_sock
-rw-r--r--  1 shardulr fnalgrid  113 May 16 14:46 _condor_stderr
drwx------  7 shardulr fnalgrid 4.0K May 16 14:46 .
drwxr-xr-x 17 shardulr fnalgrid 4.0K May 16 14:46 CMSSW_10_6_19_patch2
-rw-r--r--  1 shardulr fnalgrid  453 May 16 14:46 _condor_stdout
/storage/local/data1/condor/execute/dir_11327/CMSSW_10_6_19_patch2 is the CMSSW we created on the local worker node
Running over file index 97 for sample QCD2018
Pre-select 2209 entries out of 1226712 (0.18%)
Processed 2209 preselected entries from root://cmsxrootd.fnal.gov//store/mc/RunIISummer20UL18NanoAODv9/QCD_bEnriched_HT500to700_TuneCP5_13TeV-madgraph-pythia8/NANOAODSIM/106X_upgrade2018_realistic_v16_L1v1-v1/130000/5A9B9305-4379-2240-91F8-DD1DAEC0892A.root (1226712 entries). Finally selected 1002 entries
Total time 53.9 sec. to process 1226712 events. Rate = 22748.7 Hz.
Running pwd:
/storage/local/data1/condor/execute/dir_11327
Running ls -alrth:
total 140K
-rw-r--r--  1 shardulr fnalgrid  12K May 16 14:46 .machine.ad
-rw-r--r--  1 shardulr fnalgrid 5.1K May 16 14:46 .job.ad
-rwx------  1 shardulr fnalgrid   49 May 16 14:46 .chirp.config
-rw-------  1 shardulr fnalgrid  11K May 16 14:46 x509up
drwxr-xr-x  2 shardulr fnalgrid 4.0K May 16 14:46 samples
-rw-r--r--  1 shardulr fnalgrid  46K May 16 14:46 singleStopAnalyzer.py
-rwxr-xr-x  1 shardulr fnalgrid  667 May 16 14:46 condor_exec.exe
-rw-r--r--  1 shardulr fnalgrid    0 May 16 14:46 docker_stderror
drwxrwxrwt  3 shardulr fnalgrid 4.0K May 16 14:46 var
drwxrwxrwt  2 shardulr fnalgrid 4.0K May 16 14:46 tmp
drwxr-xr-x  3 root     root     4.0K May 16 14:46 ..
srwxr-xr-x  1 shardulr fnalgrid    0 May 16 14:46 .docker_sock
-rw-r--r--  1 shardulr fnalgrid  113 May 16 14:46 _condor_stderr
drwxr-xr-x 17 shardulr fnalgrid 4.0K May 16 14:46 CMSSW_10_6_19_patch2
drwxr-xr-x  2 shardulr fnalgrid 4.0K May 16 14:47 framework
drwxr-xr-x  3 shardulr fnalgrid 4.0K May 16 14:47 output
-rw-r--r--  1 shardulr fnalgrid  12K May 16 14:47 .update.ad
drwx------  8 shardulr fnalgrid 4.0K May 16 14:47 .
-rw-r--r--  1 shardulr fnalgrid 2.2K May 16 14:48 _condor_stdout
