[FERMIHTC-APPTAINER]: INFO -- No Apptainer image specified
[FERMIHTC-APPTAINER]: INFO -- Running job on the host machine

[FERMIHTC-APPTAINER]: INFO -- Running ./condor_exec.exe
Starting job on  Tue May 16 14:47:46 UTC 2023
Running on: Linux shardulr-32129155-106-cmswn2024.fnal.gov 3.10.0-1160.90.1.el7.x86_64 #1 SMP Thu Apr 27 13:14:20 CDT 2023 x86_64 x86_64 x86_64 GNU/Linux
System software: Scientific Linux release 7.9 (Nitrogen)
Running ls -alrth:
total 136K
-rw-r--r--  1 shardulr fnalgrid 5.1K May 16 14:47 .job.ad
-rw-r--r--  1 shardulr fnalgrid  12K May 16 14:47 .machine.ad
-rwx------  1 shardulr fnalgrid   49 May 16 14:47 .chirp.config
-rw-------  1 shardulr fnalgrid  11K May 16 14:47 x509up
drwxr-xr-x  2 shardulr fnalgrid 4.0K May 16 14:47 samples
drwxr-xr-x  2 shardulr fnalgrid 4.0K May 16 14:47 framework
-rw-r--r--  1 shardulr fnalgrid  46K May 16 14:47 singleStopAnalyzer.py
-rwxr-xr-x  1 shardulr fnalgrid  668 May 16 14:47 condor_exec.exe
-rw-r--r--  1 shardulr fnalgrid    0 May 16 14:47 docker_stderror
drwxrwxrwt  3 shardulr fnalgrid 4.0K May 16 14:47 var
drwxrwxrwt  2 shardulr fnalgrid 4.0K May 16 14:47 tmp
-rw-r--r--  1 shardulr fnalgrid  12K May 16 14:47 .update.ad
drwxr-xr-x  3 root     root     4.0K May 16 14:47 ..
srwxr-xr-x  1 shardulr fnalgrid    0 May 16 14:47 .docker_sock
-rw-r--r--  1 shardulr fnalgrid  113 May 16 14:47 _condor_stderr
drwx------  7 shardulr fnalgrid 4.0K May 16 14:47 .
drwxr-xr-x 17 shardulr fnalgrid 4.0K May 16 14:47 CMSSW_10_6_19_patch2
-rw-r--r--  1 shardulr fnalgrid  454 May 16 14:47 _condor_stdout
/storage/local/data1/condor/execute/dir_55096/CMSSW_10_6_19_patch2 is the CMSSW we created on the local worker node
Running over file index 107 for sample QCD2018
Pre-select 19429 entries out of 126302 (15.38%)
Processed    10000/   19429 entries, 51.47% (elapsed time    64.3s, curr speed    0.156 kHz, avg speed    0.156 kHz), accepted     4582/   10001 events (45.82%)
Processed 19429 preselected entries from root://cmsxrootd.fnal.gov//store/mc/RunIISummer20UL18NanoAODv9/QCD_bEnriched_HT700to1000_TuneCP5_13TeV-madgraph-pythia8/NANOAODSIM/106X_upgrade2018_realistic_v16_L1v1-v1/120000/A42285B9-3574-4940-A6FC-E9B9BE445987.root (126302 entries). Finally selected 8962 entries
Total time 133.7 sec. to process 126302 events. Rate = 944.5 Hz.
Running pwd:
/storage/local/data1/condor/execute/dir_55096
Running ls -alrth:
total 140K
-rw-r--r--  1 shardulr fnalgrid 5.1K May 16 14:47 .job.ad
-rw-r--r--  1 shardulr fnalgrid  12K May 16 14:47 .machine.ad
-rwx------  1 shardulr fnalgrid   49 May 16 14:47 .chirp.config
-rw-------  1 shardulr fnalgrid  11K May 16 14:47 x509up
drwxr-xr-x  2 shardulr fnalgrid 4.0K May 16 14:47 samples
-rw-r--r--  1 shardulr fnalgrid  46K May 16 14:47 singleStopAnalyzer.py
-rwxr-xr-x  1 shardulr fnalgrid  668 May 16 14:47 condor_exec.exe
-rw-r--r--  1 shardulr fnalgrid    0 May 16 14:47 docker_stderror
drwxrwxrwt  3 shardulr fnalgrid 4.0K May 16 14:47 var
drwxrwxrwt  2 shardulr fnalgrid 4.0K May 16 14:47 tmp
drwxr-xr-x  3 root     root     4.0K May 16 14:47 ..
srwxr-xr-x  1 shardulr fnalgrid    0 May 16 14:47 .docker_sock
-rw-r--r--  1 shardulr fnalgrid  113 May 16 14:47 _condor_stderr
drwxr-xr-x 17 shardulr fnalgrid 4.0K May 16 14:47 CMSSW_10_6_19_patch2
drwxr-xr-x  2 shardulr fnalgrid 4.0K May 16 14:48 framework
drwxr-xr-x  3 shardulr fnalgrid 4.0K May 16 14:48 output
-rw-r--r--  1 shardulr fnalgrid  12K May 16 14:48 .update.ad
drwx------  8 shardulr fnalgrid 4.0K May 16 14:48 .
-rw-r--r--  1 shardulr fnalgrid 2.4K May 16 14:50 _condor_stdout
