[FERMIHTC-APPTAINER]: INFO -- No Apptainer image specified
[FERMIHTC-APPTAINER]: INFO -- Running job on the host machine

[FERMIHTC-APPTAINER]: INFO -- Running ./condor_exec.exe
Starting job on  Tue May 16 14:47:48 UTC 2023
Running on: Linux shardulr-32129155-58-cmswn2048.fnal.gov 3.10.0-1160.88.1.el7.x86_64 #1 SMP Tue Mar 7 08:37:40 CST 2023 x86_64 x86_64 x86_64 GNU/Linux
System software: Scientific Linux release 7.9 (Nitrogen)
Running ls -alrth:
total 136K
-rw-r--r--  1 shardulr fnalgrid 5.1K May 16 14:45 .job.ad
-rw-r--r--  1 shardulr fnalgrid  12K May 16 14:45 .machine.ad
-rwx------  1 shardulr fnalgrid   49 May 16 14:45 .chirp.config
-rw-------  1 shardulr fnalgrid  11K May 16 14:46 x509up
drwxr-xr-x  2 shardulr fnalgrid 4.0K May 16 14:46 samples
drwxr-xr-x  2 shardulr fnalgrid 4.0K May 16 14:46 framework
-rw-r--r--  1 shardulr fnalgrid  46K May 16 14:46 singleStopAnalyzer.py
-rwxr-xr-x  1 shardulr fnalgrid  667 May 16 14:46 condor_exec.exe
-rw-r--r--  1 shardulr fnalgrid    0 May 16 14:46 docker_stderror
drwxrwxrwt  3 shardulr fnalgrid 4.0K May 16 14:46 var
drwxrwxrwt  2 shardulr fnalgrid 4.0K May 16 14:46 tmp
drwxr-xr-x  3 root     root     4.0K May 16 14:46 ..
srwxr-xr-x  1 shardulr fnalgrid    0 May 16 14:46 .docker_sock
-rw-r--r--  1 shardulr fnalgrid  12K May 16 14:47 .update.ad
-rw-r--r--  1 shardulr fnalgrid  113 May 16 14:47 _condor_stderr
drwx------  7 shardulr fnalgrid 4.0K May 16 14:47 .
drwxr-xr-x 17 shardulr fnalgrid 4.0K May 16 14:48 CMSSW_10_6_19_patch2
-rw-r--r--  1 shardulr fnalgrid  452 May 16 14:48 _condor_stdout
/storage/local/data1/condor/execute/dir_55954/CMSSW_10_6_19_patch2 is the CMSSW we created on the local worker node
Running over file index 59 for sample QCD2018
Pre-select 82184 entries out of 113119 (72.65%)
Processed    10000/   82184 entries, 12.17% (elapsed time    39.3s, curr speed    0.254 kHz, avg speed    0.254 kHz), accepted     4865/   10001 events (48.65%)
Processed    20000/   82184 entries, 24.34% (elapsed time    74.7s, curr speed    0.283 kHz, avg speed    0.268 kHz), accepted     9702/   20001 events (48.51%)
Processed    30000/   82184 entries, 36.50% (elapsed time   111.9s, curr speed    0.269 kHz, avg speed    0.268 kHz), accepted    14677/   30001 events (48.92%)
Processed    40000/   82184 entries, 48.67% (elapsed time   245.3s, curr speed    0.075 kHz, avg speed    0.163 kHz), accepted    19580/   40001 events (48.95%)
Processed    50000/   82184 entries, 60.84% (elapsed time   446.4s, curr speed    0.050 kHz, avg speed    0.112 kHz), accepted    24421/   50001 events (48.84%)
Processed    60000/   82184 entries, 73.01% (elapsed time   669.4s, curr speed    0.045 kHz, avg speed    0.090 kHz), accepted    29260/   60001 events (48.77%)
Processed    70000/   82184 entries, 85.17% (elapsed time   848.9s, curr speed    0.056 kHz, avg speed    0.082 kHz), accepted    34130/   70001 events (48.76%)
Processed    80000/   82184 entries, 97.34% (elapsed time   922.2s, curr speed    0.136 kHz, avg speed    0.087 kHz), accepted    39079/   80001 events (48.85%)
Processed 82184 preselected entries from root://cmsxrootd.fnal.gov//store/mc/RunIISummer20UL18NanoAODv9/QCD_bEnriched_HT2000toInf_TuneCP5_13TeV-madgraph-pythia8/NANOAODSIM/106X_upgrade2018_realistic_v16_L1v1-v1/260000/8ECCD617-5E9D-8041-A5C4-E5160D20688E.root (113119 entries). Finally selected 40165 entries
Total time 1036.9 sec. to process 113119 events. Rate = 109.1 Hz.
Running pwd:
/storage/local/data1/condor/execute/dir_55954
Running ls -alrth:
total 140K
-rw-r--r--  1 shardulr fnalgrid 5.1K May 16 14:45 .job.ad
-rw-r--r--  1 shardulr fnalgrid  12K May 16 14:45 .machine.ad
-rwx------  1 shardulr fnalgrid   49 May 16 14:45 .chirp.config
-rw-------  1 shardulr fnalgrid  11K May 16 14:46 x509up
drwxr-xr-x  2 shardulr fnalgrid 4.0K May 16 14:46 samples
-rw-r--r--  1 shardulr fnalgrid  46K May 16 14:46 singleStopAnalyzer.py
-rwxr-xr-x  1 shardulr fnalgrid  667 May 16 14:46 condor_exec.exe
-rw-r--r--  1 shardulr fnalgrid    0 May 16 14:46 docker_stderror
drwxrwxrwt  3 shardulr fnalgrid 4.0K May 16 14:46 var
drwxrwxrwt  2 shardulr fnalgrid 4.0K May 16 14:46 tmp
drwxr-xr-x  3 root     root     4.0K May 16 14:46 ..
srwxr-xr-x  1 shardulr fnalgrid    0 May 16 14:46 .docker_sock
-rw-r--r--  1 shardulr fnalgrid  113 May 16 14:47 _condor_stderr
drwxr-xr-x 17 shardulr fnalgrid 4.0K May 16 14:48 CMSSW_10_6_19_patch2
drwxr-xr-x  2 shardulr fnalgrid 4.0K May 16 14:48 framework
drwxr-xr-x  3 shardulr fnalgrid 4.0K May 16 14:48 output
-rw-r--r--  1 shardulr fnalgrid  12K May 16 15:02 .update.ad
drwx------  8 shardulr fnalgrid 4.0K May 16 15:02 .
-rw-r--r--  1 shardulr fnalgrid 3.5K May 16 15:06 _condor_stdout
