[FERMIHTC-APPTAINER]: INFO -- No Apptainer image specified
[FERMIHTC-APPTAINER]: INFO -- Running job on the host machine

[FERMIHTC-APPTAINER]: INFO -- Running ./condor_exec.exe
Starting job on  Tue May 16 14:46:13 UTC 2023
Running on: Linux shardulr-32129155-56-cmswn2019.fnal.gov 3.10.0-1160.90.1.el7.x86_64 #1 SMP Thu Apr 27 13:14:20 CDT 2023 x86_64 x86_64 x86_64 GNU/Linux
System software: Scientific Linux release 7.9 (Nitrogen)
Running ls -alrth:
total 136K
-rw-r--r--  1 shardulr fnalgrid  11K May 16 14:45 .machine.ad
-rw-r--r--  1 shardulr fnalgrid 5.1K May 16 14:45 .job.ad
-rwx------  1 shardulr fnalgrid   49 May 16 14:45 .chirp.config
-rw-------  1 shardulr fnalgrid  11K May 16 14:46 x509up
drwxr-xr-x  2 shardulr fnalgrid 4.0K May 16 14:46 samples
-rw-r--r--  1 shardulr fnalgrid  46K May 16 14:46 singleStopAnalyzer.py
drwxr-xr-x  2 shardulr fnalgrid 4.0K May 16 14:46 framework
-rwxr-xr-x  1 shardulr fnalgrid  667 May 16 14:46 condor_exec.exe
-rw-r--r--  1 shardulr fnalgrid    0 May 16 14:46 docker_stderror
drwxrwxrwt  3 shardulr fnalgrid 4.0K May 16 14:46 var
drwxrwxrwt  2 shardulr fnalgrid 4.0K May 16 14:46 tmp
-rw-r--r--  1 shardulr fnalgrid  11K May 16 14:46 .update.ad
drwxr-xr-x  3 root     root     4.0K May 16 14:46 ..
srwxr-xr-x  1 shardulr fnalgrid    0 May 16 14:46 .docker_sock
-rw-r--r--  1 shardulr fnalgrid  113 May 16 14:46 _condor_stderr
drwx------  7 shardulr fnalgrid 4.0K May 16 14:46 .
drwxr-xr-x 17 shardulr fnalgrid 4.0K May 16 14:46 CMSSW_10_6_19_patch2
-rw-r--r--  1 shardulr fnalgrid  453 May 16 14:46 _condor_stdout
/storage/local/data1/condor/execute/dir_58144/CMSSW_10_6_19_patch2 is the CMSSW we created on the local worker node
Running over file index 57 for sample QCD2018
Pre-select 39893 entries out of 54736 (72.88%)
Processed    10000/   39893 entries, 25.07% (elapsed time    50.7s, curr speed    0.197 kHz, avg speed    0.197 kHz), accepted     4877/   10001 events (48.77%)
Processed    20000/   39893 entries, 50.13% (elapsed time    98.5s, curr speed    0.209 kHz, avg speed    0.203 kHz), accepted     9726/   20001 events (48.63%)
Processed    30000/   39893 entries, 75.20% (elapsed time   145.6s, curr speed    0.212 kHz, avg speed    0.206 kHz), accepted    14650/   30001 events (48.83%)
Processed 39893 preselected entries from root://cmsxrootd.fnal.gov//store/mc/RunIISummer20UL18NanoAODv9/QCD_bEnriched_HT2000toInf_TuneCP5_13TeV-madgraph-pythia8/NANOAODSIM/106X_upgrade2018_realistic_v16_L1v1-v1/260000/F467E8B4-2FFD-4C4E-91B3-59EC4110F5E4.root (54736 entries). Finally selected 19456 entries
Total time 198.1 sec. to process 54736 events. Rate = 276.3 Hz.
Running pwd:
/storage/local/data1/condor/execute/dir_58144
Running ls -alrth:
total 140K
-rw-r--r--  1 shardulr fnalgrid  11K May 16 14:45 .machine.ad
-rw-r--r--  1 shardulr fnalgrid 5.1K May 16 14:45 .job.ad
-rwx------  1 shardulr fnalgrid   49 May 16 14:45 .chirp.config
-rw-------  1 shardulr fnalgrid  11K May 16 14:46 x509up
drwxr-xr-x  2 shardulr fnalgrid 4.0K May 16 14:46 samples
-rw-r--r--  1 shardulr fnalgrid  46K May 16 14:46 singleStopAnalyzer.py
-rwxr-xr-x  1 shardulr fnalgrid  667 May 16 14:46 condor_exec.exe
-rw-r--r--  1 shardulr fnalgrid    0 May 16 14:46 docker_stderror
drwxrwxrwt  3 shardulr fnalgrid 4.0K May 16 14:46 var
drwxrwxrwt  2 shardulr fnalgrid 4.0K May 16 14:46 tmp
drwxr-xr-x  3 root     root     4.0K May 16 14:46 ..
srwxr-xr-x  1 shardulr fnalgrid    0 May 16 14:46 .docker_sock
-rw-r--r--  1 shardulr fnalgrid  113 May 16 14:46 _condor_stderr
drwxr-xr-x 17 shardulr fnalgrid 4.0K May 16 14:46 CMSSW_10_6_19_patch2
drwxr-xr-x  2 shardulr fnalgrid 4.0K May 16 14:46 framework
drwxr-xr-x  3 shardulr fnalgrid 4.0K May 16 14:46 output
-rw-r--r--  1 shardulr fnalgrid  11K May 16 14:49 .update.ad
drwx------  8 shardulr fnalgrid 4.0K May 16 14:49 .
-rw-r--r--  1 shardulr fnalgrid 2.7K May 16 14:49 _condor_stdout
