[FERMIHTC-APPTAINER]: INFO -- No Apptainer image specified
[FERMIHTC-APPTAINER]: INFO -- Running job on the host machine

[FERMIHTC-APPTAINER]: INFO -- Running ./condor_exec.exe
Starting job on  Tue May 16 14:44:26 UTC 2023
Running on: Linux shardulr-32129155-10-cmswn2057.fnal.gov 3.10.0-1160.88.1.el7.x86_64 #1 SMP Tue Mar 7 08:37:40 CST 2023 x86_64 x86_64 x86_64 GNU/Linux
System software: Scientific Linux release 7.9 (Nitrogen)
Running ls -alrth:
total 136K
-rw-r--r--  1 shardulr fnalgrid  11K May 16 14:43 .machine.ad
-rw-r--r--  1 shardulr fnalgrid 5.1K May 16 14:43 .job.ad
-rwx------  1 shardulr fnalgrid   49 May 16 14:43 .chirp.config
-rw-------  1 shardulr fnalgrid  11K May 16 14:44 x509up
drwxr-xr-x  2 shardulr fnalgrid 4.0K May 16 14:44 samples
drwxr-xr-x  2 shardulr fnalgrid 4.0K May 16 14:44 framework
-rw-r--r--  1 shardulr fnalgrid  46K May 16 14:44 singleStopAnalyzer.py
-rwxr-xr-x  1 shardulr fnalgrid  667 May 16 14:44 condor_exec.exe
-rw-r--r--  1 shardulr fnalgrid    0 May 16 14:44 docker_stderror
drwxrwxrwt  3 shardulr fnalgrid 4.0K May 16 14:44 var
drwxrwxrwt  2 shardulr fnalgrid 4.0K May 16 14:44 tmp
drwxr-xr-x  3 root     root     4.0K May 16 14:44 ..
srwxr-xr-x  1 shardulr fnalgrid    0 May 16 14:44 .docker_sock
-rw-r--r--  1 shardulr fnalgrid  11K May 16 14:44 .update.ad
-rw-r--r--  1 shardulr fnalgrid  113 May 16 14:44 _condor_stderr
drwx------  7 shardulr fnalgrid 4.0K May 16 14:44 .
drwxr-xr-x 17 shardulr fnalgrid 4.0K May 16 14:44 CMSSW_10_6_19_patch2
-rw-r--r--  1 shardulr fnalgrid  452 May 16 14:44 _condor_stdout
/storage/local/data1/condor/execute/dir_45857/CMSSW_10_6_19_patch2 is the CMSSW we created on the local worker node
Running over file index 11 for sample QCD2018
Pre-select 28341 entries out of 49903 (56.79%)
Processed    10000/   28341 entries, 35.28% (elapsed time    38.7s, curr speed    0.259 kHz, avg speed    0.259 kHz), accepted     4576/   10001 events (45.76%)
Processed    20000/   28341 entries, 70.57% (elapsed time    72.4s, curr speed    0.296 kHz, avg speed    0.276 kHz), accepted     9093/   20001 events (45.46%)
Processed 28341 preselected entries from root://cmsxrootd.fnal.gov//store/mc/RunIISummer20UL18NanoAODv9/QCD_bEnriched_HT1000to1500_TuneCP5_13TeV-madgraph-pythia8/NANOAODSIM/106X_upgrade2018_realistic_v16_L1v1-v1/270000/51CCC50C-82D8-3C4F-B906-421B4F4C06DF.root (49903 entries). Finally selected 12919 entries
Total time 115.0 sec. to process 49903 events. Rate = 433.8 Hz.
Running pwd:
/storage/local/data1/condor/execute/dir_45857
Running ls -alrth:
total 140K
-rw-r--r--  1 shardulr fnalgrid  11K May 16 14:43 .machine.ad
-rw-r--r--  1 shardulr fnalgrid 5.1K May 16 14:43 .job.ad
-rwx------  1 shardulr fnalgrid   49 May 16 14:43 .chirp.config
-rw-------  1 shardulr fnalgrid  11K May 16 14:44 x509up
drwxr-xr-x  2 shardulr fnalgrid 4.0K May 16 14:44 samples
-rw-r--r--  1 shardulr fnalgrid  46K May 16 14:44 singleStopAnalyzer.py
-rwxr-xr-x  1 shardulr fnalgrid  667 May 16 14:44 condor_exec.exe
-rw-r--r--  1 shardulr fnalgrid    0 May 16 14:44 docker_stderror
drwxrwxrwt  3 shardulr fnalgrid 4.0K May 16 14:44 var
drwxrwxrwt  2 shardulr fnalgrid 4.0K May 16 14:44 tmp
drwxr-xr-x  3 root     root     4.0K May 16 14:44 ..
srwxr-xr-x  1 shardulr fnalgrid    0 May 16 14:44 .docker_sock
-rw-r--r--  1 shardulr fnalgrid  113 May 16 14:44 _condor_stderr
drwxr-xr-x 17 shardulr fnalgrid 4.0K May 16 14:44 CMSSW_10_6_19_patch2
drwxr-xr-x  2 shardulr fnalgrid 4.0K May 16 14:44 framework
drwxr-xr-x  3 shardulr fnalgrid 4.0K May 16 14:44 output
-rw-r--r--  1 shardulr fnalgrid  11K May 16 14:46 .update.ad
drwx------  8 shardulr fnalgrid 4.0K May 16 14:46 .
-rw-r--r--  1 shardulr fnalgrid 2.5K May 16 14:46 _condor_stdout
