[FERMIHTC-APPTAINER]: INFO -- No Apptainer image specified
[FERMIHTC-APPTAINER]: INFO -- Running job on the host machine

[FERMIHTC-APPTAINER]: INFO -- Running ./condor_exec.exe
Starting job on  Tue May 16 14:47:15 UTC 2023
Running on: Linux shardulr-32129155-107-cmswn2061.fnal.gov 3.10.0-1160.90.1.el7.x86_64 #1 SMP Thu Apr 27 13:14:20 CDT 2023 x86_64 x86_64 x86_64 GNU/Linux
System software: Scientific Linux release 7.9 (Nitrogen)
Running ls -alrth:
total 136K
-rw-r--r--  1 shardulr fnalgrid  11K May 16 14:47 .machine.ad
-rw-r--r--  1 shardulr fnalgrid 5.1K May 16 14:47 .job.ad
-rwx------  1 shardulr fnalgrid   49 May 16 14:47 .chirp.config
-rw-------  1 shardulr fnalgrid  11K May 16 14:47 x509up
drwxr-xr-x  2 shardulr fnalgrid 4.0K May 16 14:47 samples
drwxr-xr-x  2 shardulr fnalgrid 4.0K May 16 14:47 framework
-rw-r--r--  1 shardulr fnalgrid  46K May 16 14:47 singleStopAnalyzer.py
-rwxr-xr-x  1 shardulr fnalgrid  668 May 16 14:47 condor_exec.exe
-rw-r--r--  1 shardulr fnalgrid    0 May 16 14:47 docker_stderror
drwxrwxrwt  3 shardulr fnalgrid 4.0K May 16 14:47 var
drwxrwxrwt  2 shardulr fnalgrid 4.0K May 16 14:47 tmp
-rw-r--r--  1 shardulr fnalgrid  11K May 16 14:47 .update.ad
drwxr-xr-x  3 root     root     4.0K May 16 14:47 ..
srwxr-xr-x  1 shardulr fnalgrid    0 May 16 14:47 .docker_sock
-rw-r--r--  1 shardulr fnalgrid  113 May 16 14:47 _condor_stderr
drwx------  7 shardulr fnalgrid 4.0K May 16 14:47 .
drwxr-xr-x 17 shardulr fnalgrid 4.0K May 16 14:47 CMSSW_10_6_19_patch2
-rw-r--r--  1 shardulr fnalgrid  454 May 16 14:47 _condor_stdout
/storage/local/data1/condor/execute/dir_14947/CMSSW_10_6_19_patch2 is the CMSSW we created on the local worker node
Running over file index 108 for sample QCD2018
Pre-select 4789 entries out of 30862 (15.52%)
Processed 4789 preselected entries from root://cmsxrootd.fnal.gov//store/mc/RunIISummer20UL18NanoAODv9/QCD_bEnriched_HT700to1000_TuneCP5_13TeV-madgraph-pythia8/NANOAODSIM/106X_upgrade2018_realistic_v16_L1v1-v1/270000/CB65F6ED-6F7D-8740-8240-363A3643FC7B.root (30862 entries). Finally selected 2265 entries
Total time 36.5 sec. to process 30862 events. Rate = 845.7 Hz.
Running pwd:
/storage/local/data1/condor/execute/dir_14947
Running ls -alrth:
total 140K
-rw-r--r--  1 shardulr fnalgrid  11K May 16 14:47 .machine.ad
-rw-r--r--  1 shardulr fnalgrid 5.1K May 16 14:47 .job.ad
-rwx------  1 shardulr fnalgrid   49 May 16 14:47 .chirp.config
-rw-------  1 shardulr fnalgrid  11K May 16 14:47 x509up
drwxr-xr-x  2 shardulr fnalgrid 4.0K May 16 14:47 samples
-rw-r--r--  1 shardulr fnalgrid  46K May 16 14:47 singleStopAnalyzer.py
-rwxr-xr-x  1 shardulr fnalgrid  668 May 16 14:47 condor_exec.exe
-rw-r--r--  1 shardulr fnalgrid    0 May 16 14:47 docker_stderror
drwxrwxrwt  3 shardulr fnalgrid 4.0K May 16 14:47 var
drwxrwxrwt  2 shardulr fnalgrid 4.0K May 16 14:47 tmp
-rw-r--r--  1 shardulr fnalgrid  11K May 16 14:47 .update.ad
drwxr-xr-x  3 root     root     4.0K May 16 14:47 ..
srwxr-xr-x  1 shardulr fnalgrid    0 May 16 14:47 .docker_sock
-rw-r--r--  1 shardulr fnalgrid  113 May 16 14:47 _condor_stderr
drwxr-xr-x 17 shardulr fnalgrid 4.0K May 16 14:47 CMSSW_10_6_19_patch2
drwxr-xr-x  2 shardulr fnalgrid 4.0K May 16 14:47 framework
drwxr-xr-x  3 shardulr fnalgrid 4.0K May 16 14:47 output
drwx------  8 shardulr fnalgrid 4.0K May 16 14:47 .
-rw-r--r--  1 shardulr fnalgrid 2.2K May 16 14:48 _condor_stdout
