[FERMIHTC-APPTAINER]: INFO -- No Apptainer image specified
[FERMIHTC-APPTAINER]: INFO -- Running job on the host machine

[FERMIHTC-APPTAINER]: INFO -- Running ./condor_exec.exe
Starting job on  Tue May 16 14:45:27 UTC 2023
Running on: Linux shardulr-32129155-36-cmswn2111.fnal.gov 3.10.0-1160.90.1.el7.x86_64 #1 SMP Thu Apr 27 13:14:20 CDT 2023 x86_64 x86_64 x86_64 GNU/Linux
System software: Scientific Linux release 7.9 (Nitrogen)
Running ls -alrth:
total 136K
-rw-r--r--  1 shardulr fnalgrid 5.1K May 16 14:45 .job.ad
-rw-r--r--  1 shardulr fnalgrid  10K May 16 14:45 .machine.ad
-rwx------  1 shardulr fnalgrid   49 May 16 14:45 .chirp.config
-rw-------  1 shardulr fnalgrid  11K May 16 14:45 x509up
drwxr-xr-x  2 shardulr fnalgrid 4.0K May 16 14:45 samples
-rw-r--r--  1 shardulr fnalgrid  46K May 16 14:45 singleStopAnalyzer.py
drwxr-xr-x  2 shardulr fnalgrid 4.0K May 16 14:45 framework
-rwxr-xr-x  1 shardulr fnalgrid  667 May 16 14:45 condor_exec.exe
-rw-r--r--  1 shardulr fnalgrid    0 May 16 14:45 docker_stderror
drwxrwxrwt  3 shardulr fnalgrid 4.0K May 16 14:45 var
drwxrwxrwt  2 shardulr fnalgrid 4.0K May 16 14:45 tmp
drwxr-xr-x  3 root     root     4.0K May 16 14:45 ..
srwxr-xr-x  1 shardulr fnalgrid    0 May 16 14:45 .docker_sock
-rw-r--r--  1 shardulr fnalgrid  113 May 16 14:45 _condor_stderr
-rw-r--r--  1 shardulr fnalgrid 9.7K May 16 14:45 .update.ad
drwx------  7 shardulr fnalgrid 4.0K May 16 14:45 .
drwxr-xr-x 17 shardulr fnalgrid 4.0K May 16 14:45 CMSSW_10_6_19_patch2
-rw-r--r--  1 shardulr fnalgrid  453 May 16 14:45 _condor_stdout
/storage/local/data1/condor/execute/dir_40387/CMSSW_10_6_19_patch2 is the CMSSW we created on the local worker node
Running over file index 37 for sample QCD2018
Pre-select 2 entries out of 1124383 (0.00%)
Processed 2 preselected entries from root://cmsxrootd.fnal.gov//store/mc/RunIISummer20UL18NanoAODv9/QCD_bEnriched_HT100to200_TuneCP5_13TeV-madgraph-pythia8/NANOAODSIM/106X_upgrade2018_realistic_v16_L1v1-v1/270000/CAECB4C4-6764-8D41-B7C3-7F1411427544.root (1124383 entries). Finally selected 1 entries
Total time 14.6 sec. to process 1124383 events. Rate = 76779.3 Hz.
Running pwd:
/storage/local/data1/condor/execute/dir_40387
Running ls -alrth:
total 140K
-rw-r--r--  1 shardulr fnalgrid 5.1K May 16 14:45 .job.ad
-rw-r--r--  1 shardulr fnalgrid  10K May 16 14:45 .machine.ad
-rwx------  1 shardulr fnalgrid   49 May 16 14:45 .chirp.config
-rw-------  1 shardulr fnalgrid  11K May 16 14:45 x509up
drwxr-xr-x  2 shardulr fnalgrid 4.0K May 16 14:45 samples
-rw-r--r--  1 shardulr fnalgrid  46K May 16 14:45 singleStopAnalyzer.py
-rwxr-xr-x  1 shardulr fnalgrid  667 May 16 14:45 condor_exec.exe
-rw-r--r--  1 shardulr fnalgrid    0 May 16 14:45 docker_stderror
drwxrwxrwt  3 shardulr fnalgrid 4.0K May 16 14:45 var
drwxrwxrwt  2 shardulr fnalgrid 4.0K May 16 14:45 tmp
drwxr-xr-x  3 root     root     4.0K May 16 14:45 ..
srwxr-xr-x  1 shardulr fnalgrid    0 May 16 14:45 .docker_sock
-rw-r--r--  1 shardulr fnalgrid  113 May 16 14:45 _condor_stderr
-rw-r--r--  1 shardulr fnalgrid 9.7K May 16 14:45 .update.ad
drwxr-xr-x 17 shardulr fnalgrid 4.0K May 16 14:45 CMSSW_10_6_19_patch2
drwxr-xr-x  2 shardulr fnalgrid 4.0K May 16 14:45 framework
drwxr-xr-x  3 shardulr fnalgrid 4.0K May 16 14:45 output
drwx------  8 shardulr fnalgrid 4.0K May 16 14:45 .
-rw-r--r--  1 shardulr fnalgrid 2.2K May 16 14:45 _condor_stdout
