[FERMIHTC-APPTAINER]: INFO -- No Apptainer image specified
[FERMIHTC-APPTAINER]: INFO -- Running job on the host machine

[FERMIHTC-APPTAINER]: INFO -- Running ./condor_exec.exe
Starting job on  Tue May 16 14:46:42 UTC 2023
Running on: Linux shardulr-32129155-84-cmswn2071.fnal.gov 3.10.0-1160.90.1.el7.x86_64 #1 SMP Thu Apr 27 13:14:20 CDT 2023 x86_64 x86_64 x86_64 GNU/Linux
System software: Scientific Linux release 7.9 (Nitrogen)
Running ls -alrth:
total 136K
-rw-r--r--  1 shardulr fnalgrid 5.1K May 16 14:46 .job.ad
-rw-r--r--  1 shardulr fnalgrid  10K May 16 14:46 .machine.ad
-rwx------  1 shardulr fnalgrid   49 May 16 14:46 .chirp.config
-rw-------  1 shardulr fnalgrid  11K May 16 14:46 x509up
drwxr-xr-x  2 shardulr fnalgrid 4.0K May 16 14:46 samples
-rw-r--r--  1 shardulr fnalgrid  46K May 16 14:46 singleStopAnalyzer.py
drwxr-xr-x  2 shardulr fnalgrid 4.0K May 16 14:46 framework
-rwxr-xr-x  1 shardulr fnalgrid  667 May 16 14:46 condor_exec.exe
-rw-r--r--  1 shardulr fnalgrid    0 May 16 14:46 docker_stderror
drwxrwxrwt  3 shardulr fnalgrid 4.0K May 16 14:46 var
drwxrwxrwt  2 shardulr fnalgrid 4.0K May 16 14:46 tmp
-rw-r--r--  1 shardulr fnalgrid  10K May 16 14:46 .update.ad
drwxr-xr-x  3 root     root     4.0K May 16 14:46 ..
srwxr-xr-x  1 shardulr fnalgrid    0 May 16 14:46 .docker_sock
-rw-r--r--  1 shardulr fnalgrid  113 May 16 14:46 _condor_stderr
drwx------  7 shardulr fnalgrid 4.0K May 16 14:46 .
drwxr-xr-x 17 shardulr fnalgrid 4.0K May 16 14:46 CMSSW_10_6_19_patch2
-rw-r--r--  1 shardulr fnalgrid  453 May 16 14:46 _condor_stdout
/storage/local/data1/condor/execute/dir_23193/CMSSW_10_6_19_patch2 is the CMSSW we created on the local worker node
Running over file index 85 for sample QCD2018
Pre-select 3 entries out of 1275904 (0.00%)
Processed 3 preselected entries from root://cmsxrootd.fnal.gov//store/mc/RunIISummer20UL18NanoAODv9/QCD_bEnriched_HT300to500_TuneCP5_13TeV-madgraph-pythia8/NANOAODSIM/106X_upgrade2018_realistic_v16_L1v1-v1/130000/53E565B0-8757-3A42-835F-A120841F82DA.root (1275904 entries). Finally selected 0 entries
Total time 49.8 sec. to process 1275904 events. Rate = 25596.6 Hz.
Running pwd:
/storage/local/data1/condor/execute/dir_23193
Running ls -alrth:
total 140K
-rw-r--r--  1 shardulr fnalgrid 5.1K May 16 14:46 .job.ad
-rw-r--r--  1 shardulr fnalgrid  10K May 16 14:46 .machine.ad
-rwx------  1 shardulr fnalgrid   49 May 16 14:46 .chirp.config
-rw-------  1 shardulr fnalgrid  11K May 16 14:46 x509up
drwxr-xr-x  2 shardulr fnalgrid 4.0K May 16 14:46 samples
-rw-r--r--  1 shardulr fnalgrid  46K May 16 14:46 singleStopAnalyzer.py
-rwxr-xr-x  1 shardulr fnalgrid  667 May 16 14:46 condor_exec.exe
-rw-r--r--  1 shardulr fnalgrid    0 May 16 14:46 docker_stderror
drwxrwxrwt  3 shardulr fnalgrid 4.0K May 16 14:46 var
drwxrwxrwt  2 shardulr fnalgrid 4.0K May 16 14:46 tmp
drwxr-xr-x  3 root     root     4.0K May 16 14:46 ..
srwxr-xr-x  1 shardulr fnalgrid    0 May 16 14:46 .docker_sock
-rw-r--r--  1 shardulr fnalgrid  113 May 16 14:46 _condor_stderr
drwxr-xr-x 17 shardulr fnalgrid 4.0K May 16 14:46 CMSSW_10_6_19_patch2
drwxr-xr-x  2 shardulr fnalgrid 4.0K May 16 14:46 framework
drwxr-xr-x  3 shardulr fnalgrid 4.0K May 16 14:46 output
-rw-r--r--  1 shardulr fnalgrid  10K May 16 14:46 .update.ad
drwx------  8 shardulr fnalgrid 4.0K May 16 14:46 .
-rw-r--r--  1 shardulr fnalgrid 2.2K May 16 14:47 _condor_stdout
