[FERMIHTC-APPTAINER]: INFO -- No Apptainer image specified
[FERMIHTC-APPTAINER]: INFO -- Running job on the host machine

[FERMIHTC-APPTAINER]: INFO -- Running ./condor_exec.exe
Starting job on  Tue May 16 14:45:46 UTC 2023
Running on: Linux shardulr-32129155-44-cmswn2084.fnal.gov 3.10.0-1160.90.1.el7.x86_64 #1 SMP Thu Apr 27 13:14:20 CDT 2023 x86_64 x86_64 x86_64 GNU/Linux
System software: Scientific Linux release 7.9 (Nitrogen)
Running ls -alrth:
total 136K
-rw-r--r--  1 shardulr fnalgrid  12K May 16 14:45 .machine.ad
-rw-r--r--  1 shardulr fnalgrid 5.1K May 16 14:45 .job.ad
-rwx------  1 shardulr fnalgrid   49 May 16 14:45 .chirp.config
-rw-------  1 shardulr fnalgrid  11K May 16 14:45 x509up
drwxr-xr-x  2 shardulr fnalgrid 4.0K May 16 14:45 samples
drwxr-xr-x  2 shardulr fnalgrid 4.0K May 16 14:45 framework
-rw-r--r--  1 shardulr fnalgrid  46K May 16 14:45 singleStopAnalyzer.py
-rwxr-xr-x  1 shardulr fnalgrid  667 May 16 14:45 condor_exec.exe
-rw-r--r--  1 shardulr fnalgrid    0 May 16 14:45 docker_stderror
drwxrwxrwt  2 shardulr fnalgrid 4.0K May 16 14:45 tmp
drwxrwxrwt  3 shardulr fnalgrid 4.0K May 16 14:45 var
-rw-r--r--  1 shardulr fnalgrid  12K May 16 14:45 .update.ad
drwxr-xr-x  3 root     root     4.0K May 16 14:45 ..
srwxr-xr-x  1 shardulr fnalgrid    0 May 16 14:45 .docker_sock
-rw-r--r--  1 shardulr fnalgrid  113 May 16 14:45 _condor_stderr
drwx------  7 shardulr fnalgrid 4.0K May 16 14:45 .
drwxr-xr-x 17 shardulr fnalgrid 4.0K May 16 14:45 CMSSW_10_6_19_patch2
-rw-r--r--  1 shardulr fnalgrid  453 May 16 14:45 _condor_stdout
/storage/local/data1/condor/execute/dir_1522/CMSSW_10_6_19_patch2 is the CMSSW we created on the local worker node
Running over file index 45 for sample QCD2018
Pre-select 31631 entries out of 44404 (71.23%)
Processed    10000/   31631 entries, 31.61% (elapsed time    38.7s, curr speed    0.258 kHz, avg speed    0.258 kHz), accepted     4719/   10001 events (47.19%)
Processed    20000/   31631 entries, 63.23% (elapsed time    73.7s, curr speed    0.285 kHz, avg speed    0.271 kHz), accepted     9399/   20001 events (46.99%)
Processed    30000/   31631 entries, 94.84% (elapsed time   110.4s, curr speed    0.273 kHz, avg speed    0.272 kHz), accepted    14129/   30001 events (47.10%)
Processed 31631 preselected entries from root://cmsxrootd.fnal.gov//store/mc/RunIISummer20UL18NanoAODv9/QCD_bEnriched_HT1500to2000_TuneCP5_13TeV-madgraph-pythia8/NANOAODSIM/106X_upgrade2018_realistic_v16_L1v1-v1/270000/02EB72A7-1999-574A-BA2F-D2DA40015867.root (44404 entries). Finally selected 14905 entries
Total time 126.0 sec. to process 44404 events. Rate = 352.5 Hz.
Running pwd:
/storage/local/data1/condor/execute/dir_1522
Running ls -alrth:
total 140K
-rw-r--r--  1 shardulr fnalgrid  12K May 16 14:45 .machine.ad
-rw-r--r--  1 shardulr fnalgrid 5.1K May 16 14:45 .job.ad
-rwx------  1 shardulr fnalgrid   49 May 16 14:45 .chirp.config
-rw-------  1 shardulr fnalgrid  11K May 16 14:45 x509up
drwxr-xr-x  2 shardulr fnalgrid 4.0K May 16 14:45 samples
-rw-r--r--  1 shardulr fnalgrid  46K May 16 14:45 singleStopAnalyzer.py
-rwxr-xr-x  1 shardulr fnalgrid  667 May 16 14:45 condor_exec.exe
-rw-r--r--  1 shardulr fnalgrid    0 May 16 14:45 docker_stderror
drwxrwxrwt  2 shardulr fnalgrid 4.0K May 16 14:45 tmp
drwxrwxrwt  3 shardulr fnalgrid 4.0K May 16 14:45 var
drwxr-xr-x  3 root     root     4.0K May 16 14:45 ..
srwxr-xr-x  1 shardulr fnalgrid    0 May 16 14:45 .docker_sock
-rw-r--r--  1 shardulr fnalgrid  113 May 16 14:45 _condor_stderr
drwxr-xr-x 17 shardulr fnalgrid 4.0K May 16 14:45 CMSSW_10_6_19_patch2
drwxr-xr-x  2 shardulr fnalgrid 4.0K May 16 14:45 framework
drwxr-xr-x  3 shardulr fnalgrid 4.0K May 16 14:45 output
-rw-r--r--  1 shardulr fnalgrid  12K May 16 14:47 .update.ad
drwx------  8 shardulr fnalgrid 4.0K May 16 14:47 .
-rw-r--r--  1 shardulr fnalgrid 2.7K May 16 14:48 _condor_stdout
