000 (32358499.036.000) 2023-06-22 15:06:01 Job submitted from host: <131.225.204.62:9618?addrs=131.225.204.62-9618+[2620-6a-0-8420-f0-0-204-62]-9618&alias=lpcschedd5.fnal.gov&noUDP&sock=schedd_2770_916d>
...
040 (32358499.036.000) 2023-06-22 15:09:08 Started transferring input files
	Transferring to host: <131.225.188.227:9618?addrs=[2620-6a-0-8421-f0-0-188-227]-9618+131.225.188.227-9618&alias=cmswn2071.fnal.gov&noUDP&sock=slot1_36_2022_6e8b_58438>
...
040 (32358499.036.000) 2023-06-22 15:09:08 Finished transferring input files
...
001 (32358499.036.000) 2023-06-22 15:09:08 Job executing on host: <131.225.188.227:9618?addrs=[2620-6a-0-8421-f0-0-188-227]-9618+131.225.188.227-9618&alias=cmswn2071.fnal.gov&noUDP&sock=startd_1930_65df>
...
006 (32358499.036.000) 2023-06-22 15:09:16 Image size of job updated: 19
	19  -  MemoryUsage of job (MB)
	19792  -  ResidentSetSize of job (KB)
...
006 (32358499.036.000) 2023-06-22 15:10:12 Image size of job updated: 133
	133  -  MemoryUsage of job (MB)
	136212  -  ResidentSetSize of job (KB)
...
040 (32358499.036.000) 2023-06-22 15:10:12 Started transferring output files
...
040 (32358499.036.000) 2023-06-22 15:10:12 Finished transferring output files
...
005 (32358499.036.000) 2023-06-22 15:10:14 Job terminated.
	(1) Normal termination (return value 0)
		Usr 0 00:00:01, Sys 0 00:00:00  -  Run Remote Usage
		Usr 0 00:00:00, Sys 0 00:00:00  -  Run Local Usage
		Usr 0 00:00:01, Sys 0 00:00:00  -  Total Remote Usage
		Usr 0 00:00:00, Sys 0 00:00:00  -  Total Local Usage
	120161  -  Run Bytes Sent By Job
	224294  -  Run Bytes Received By Job
	120161  -  Total Bytes Sent By Job
	224294  -  Total Bytes Received By Job
	Partitionable Resources :    Usage  Request Allocated 
	   Cpus                 :     0.01        1         1 
	   Disk (KB)            :   887         225   1621266 
	   Memory (MB)          :   133        2048      2048 

	Job terminated of its own accord at 2023-06-22T20:10:12Z with exit-code 0.
...
