000 (32358499.270.000) 2023-06-22 15:06:02 Job submitted from host: <131.225.204.62:9618?addrs=131.225.204.62-9618+[2620-6a-0-8420-f0-0-204-62]-9618&alias=lpcschedd5.fnal.gov&noUDP&sock=schedd_2770_916d>
...
040 (32358499.270.000) 2023-06-22 15:13:50 Started transferring input files
	Transferring to host: <131.225.188.68:9618?addrs=[2620-6a-0-8421-f0-0-188-68]-9618+131.225.188.68-9618&alias=cmswn2037.fnal.gov&noUDP&sock=slot1_40_2034_e30c_60256>
...
040 (32358499.270.000) 2023-06-22 15:13:50 Finished transferring input files
...
001 (32358499.270.000) 2023-06-22 15:13:50 Job executing on host: <131.225.188.68:9618?addrs=[2620-6a-0-8421-f0-0-188-68]-9618+131.225.188.68-9618&alias=cmswn2037.fnal.gov&noUDP&sock=startd_1925_f7e6>
...
006 (32358499.270.000) 2023-06-22 15:15:01 Image size of job updated: 159
	159  -  MemoryUsage of job (MB)
	163680  -  ResidentSetSize of job (KB)
...
006 (32358499.270.000) 2023-06-22 15:16:01 Image size of job updated: 160
	160  -  MemoryUsage of job (MB)
	163876  -  ResidentSetSize of job (KB)
...
006 (32358499.270.000) 2023-06-22 15:17:04 Image size of job updated: 160
	160  -  MemoryUsage of job (MB)
	163880  -  ResidentSetSize of job (KB)
...
006 (32358499.270.000) 2023-06-22 15:18:03 Image size of job updated: 160
	160  -  MemoryUsage of job (MB)
	163900  -  ResidentSetSize of job (KB)
...
006 (32358499.270.000) 2023-06-22 15:21:05 Image size of job updated: 160
	160  -  MemoryUsage of job (MB)
	163996  -  ResidentSetSize of job (KB)
...
040 (32358499.270.000) 2023-06-22 15:26:51 Started transferring output files
...
040 (32358499.270.000) 2023-06-22 15:26:51 Finished transferring output files
...
005 (32358499.270.000) 2023-06-22 15:26:55 Job terminated.
	(1) Normal termination (return value 0)
		Usr 0 00:09:42, Sys 0 00:00:26  -  Run Remote Usage
		Usr 0 00:00:00, Sys 0 00:00:00  -  Run Local Usage
		Usr 0 00:09:42, Sys 0 00:00:26  -  Total Remote Usage
		Usr 0 00:00:00, Sys 0 00:00:00  -  Total Local Usage
	161266  -  Run Bytes Sent By Job
	224295  -  Run Bytes Received By Job
	161266  -  Total Bytes Sent By Job
	224295  -  Total Bytes Received By Job
	Partitionable Resources :    Usage  Request Allocated 
	   Cpus                 :        0        1         1 
	   Disk (KB)            :      927      225   1637768 
	   Memory (MB)          :      160     2048      2048 

	Job terminated of its own accord at 2023-06-22T20:26:51Z with exit-code 0.
...
