000 (32358499.220.000) 2023-06-22 15:06:02 Job submitted from host: <131.225.204.62:9618?addrs=131.225.204.62-9618+[2620-6a-0-8420-f0-0-204-62]-9618&alias=lpcschedd5.fnal.gov&noUDP&sock=schedd_2770_916d>
...
040 (32358499.220.000) 2023-06-22 15:12:10 Started transferring input files
	Transferring to host: <131.225.188.68:9618?addrs=[2620-6a-0-8421-f0-0-188-68]-9618+131.225.188.68-9618&alias=cmswn2037.fnal.gov&noUDP&sock=slot1_58_2034_e30c_60252>
...
001 (32358499.220.000) 2023-06-22 15:12:11 Job executing on host: <131.225.188.68:9618?addrs=[2620-6a-0-8421-f0-0-188-68]-9618+131.225.188.68-9618&alias=cmswn2037.fnal.gov&noUDP&sock=startd_1925_f7e6>
...
040 (32358499.220.000) 2023-06-22 15:12:11 Finished transferring input files
...
006 (32358499.220.000) 2023-06-22 15:12:19 Image size of job updated: 8
	8  -  MemoryUsage of job (MB)
	8584  -  ResidentSetSize of job (KB)
...
006 (32358499.220.000) 2023-06-22 15:13:23 Image size of job updated: 146
	146  -  MemoryUsage of job (MB)
	150028  -  ResidentSetSize of job (KB)
...
006 (32358499.220.000) 2023-06-22 15:14:23 Image size of job updated: 146
	146  -  MemoryUsage of job (MB)
	150112  -  ResidentSetSize of job (KB)
...
006 (32358499.220.000) 2023-06-22 15:15:24 Image size of job updated: 146
	146  -  MemoryUsage of job (MB)
	150120  -  ResidentSetSize of job (KB)
...
006 (32358499.220.000) 2023-06-22 15:16:25 Image size of job updated: 146
	146  -  MemoryUsage of job (MB)
	150232  -  ResidentSetSize of job (KB)
...
040 (32358499.220.000) 2023-06-22 15:18:39 Started transferring output files
...
040 (32358499.220.000) 2023-06-22 15:18:39 Finished transferring output files
...
005 (32358499.220.000) 2023-06-22 15:18:43 Job terminated.
	(1) Normal termination (return value 0)
		Usr 0 00:05:08, Sys 0 00:00:15  -  Run Remote Usage
		Usr 0 00:00:00, Sys 0 00:00:00  -  Run Local Usage
		Usr 0 00:05:08, Sys 0 00:00:15  -  Total Remote Usage
		Usr 0 00:00:00, Sys 0 00:00:00  -  Total Local Usage
	150643  -  Run Bytes Sent By Job
	224295  -  Run Bytes Received By Job
	150643  -  Total Bytes Sent By Job
	224295  -  Total Bytes Received By Job
	Partitionable Resources :    Usage  Request Allocated 
	   Cpus                 :     0.00        1         1 
	   Disk (KB)            :   916         225   1637768 
	   Memory (MB)          :   146        2048      2048 

	Job terminated of its own accord at 2023-06-22T20:18:39Z with exit-code 0.
...
