000 (32358499.416.000) 2023-06-22 15:06:03 Job submitted from host: <131.225.204.62:9618?addrs=131.225.204.62-9618+[2620-6a-0-8420-f0-0-204-62]-9618&alias=lpcschedd5.fnal.gov&noUDP&sock=schedd_2770_916d>
...
040 (32358499.416.000) 2023-06-22 15:17:11 Started transferring input files
	Transferring to host: <131.225.189.24:9618?addrs=[2620-6a-0-8421-f0-0-189-24]-9618+131.225.189.24-9618&alias=cmswn2083.fnal.gov&noUDP&sock=slot1_39_2094_298e_53510>
...
001 (32358499.416.000) 2023-06-22 15:17:11 Job executing on host: <131.225.189.24:9618?addrs=[2620-6a-0-8421-f0-0-189-24]-9618+131.225.189.24-9618&alias=cmswn2083.fnal.gov&noUDP&sock=startd_2004_27e1>
...
040 (32358499.416.000) 2023-06-22 15:17:11 Finished transferring input files
...
006 (32358499.416.000) 2023-06-22 15:19:22 Image size of job updated: 162
	162  -  MemoryUsage of job (MB)
	166308  -  ResidentSetSize of job (KB)
...
006 (32358499.416.000) 2023-06-22 15:20:24 Image size of job updated: 162
	162  -  MemoryUsage of job (MB)
	166332  -  ResidentSetSize of job (KB)
...
006 (32358499.416.000) 2023-06-22 15:21:25 Image size of job updated: 162
	162  -  MemoryUsage of job (MB)
	166340  -  ResidentSetSize of job (KB)
...
006 (32358499.416.000) 2023-06-22 15:22:26 Image size of job updated: 162
	162  -  MemoryUsage of job (MB)
	166456  -  ResidentSetSize of job (KB)
...
006 (32358499.416.000) 2023-06-22 15:28:10 Image size of job updated: 162
	162  -  MemoryUsage of job (MB)
	166472  -  ResidentSetSize of job (KB)
...
040 (32358499.416.000) 2023-06-22 15:28:10 Started transferring output files
...
040 (32358499.416.000) 2023-06-22 15:28:10 Finished transferring output files
...
005 (32358499.416.000) 2023-06-22 15:28:15 Job terminated.
	(1) Normal termination (return value 0)
		Usr 0 00:08:15, Sys 0 00:00:21  -  Run Remote Usage
		Usr 0 00:00:00, Sys 0 00:00:00  -  Run Local Usage
		Usr 0 00:08:15, Sys 0 00:00:21  -  Total Remote Usage
		Usr 0 00:00:00, Sys 0 00:00:00  -  Total Local Usage
	158340  -  Run Bytes Sent By Job
	224295  -  Run Bytes Received By Job
	158340  -  Total Bytes Sent By Job
	224295  -  Total Bytes Received By Job
	Partitionable Resources :    Usage  Request Allocated 
	   Cpus                 :     0.00        1         1 
	   Disk (KB)            :   924         225   1624987 
	   Memory (MB)          :   162        2048      2048 

	Job terminated of its own accord at 2023-06-22T20:28:10Z with exit-code 0.
...
