000 (32358499.386.000) 2023-06-22 15:06:02 Job submitted from host: <131.225.204.62:9618?addrs=131.225.204.62-9618+[2620-6a-0-8420-f0-0-204-62]-9618&alias=lpcschedd5.fnal.gov&noUDP&sock=schedd_2770_916d>
...
040 (32358499.386.000) 2023-06-22 15:16:30 Entered queue to transfer input files
	Transferring to host: <131.225.188.227:9618?addrs=[2620-6a-0-8421-f0-0-188-227]-9618+131.225.188.227-9618&alias=cmswn2071.fnal.gov&noUDP&sock=slot1_38_2022_6e8b_58455>
...
040 (32358499.386.000) 2023-06-22 15:16:30 Started transferring input files
	Seconds spent in queue: 0
...
040 (32358499.386.000) 2023-06-22 15:16:30 Finished transferring input files
...
001 (32358499.386.000) 2023-06-22 15:16:30 Job executing on host: <131.225.188.227:9618?addrs=[2620-6a-0-8421-f0-0-188-227]-9618+131.225.188.227-9618&alias=cmswn2071.fnal.gov&noUDP&sock=startd_1930_65df>
...
006 (32358499.386.000) 2023-06-22 15:17:40 Image size of job updated: 155
	155  -  MemoryUsage of job (MB)
	158876  -  ResidentSetSize of job (KB)
...
006 (32358499.386.000) 2023-06-22 15:18:40 Image size of job updated: 155
	155  -  MemoryUsage of job (MB)
	158892  -  ResidentSetSize of job (KB)
...
006 (32358499.386.000) 2023-06-22 15:21:43 Image size of job updated: 155
	155  -  MemoryUsage of job (MB)
	158904  -  ResidentSetSize of job (KB)
...
006 (32358499.386.000) 2023-06-22 15:23:45 Image size of job updated: 155
	155  -  MemoryUsage of job (MB)
	158912  -  ResidentSetSize of job (KB)
...
006 (32358499.386.000) 2023-06-22 15:24:45 Image size of job updated: 155
	155  -  MemoryUsage of job (MB)
	159008  -  ResidentSetSize of job (KB)
...
006 (32358499.386.000) 2023-06-22 15:26:45 Image size of job updated: 155
	155  -  MemoryUsage of job (MB)
	159024  -  ResidentSetSize of job (KB)
...
040 (32358499.386.000) 2023-06-22 15:26:46 Started transferring output files
	Seconds spent in queue: 616
...
040 (32358499.386.000) 2023-06-22 15:26:46 Finished transferring output files
...
005 (32358499.386.000) 2023-06-22 15:26:51 Job terminated.
	(1) Normal termination (return value 0)
		Usr 0 00:08:04, Sys 0 00:00:22  -  Run Remote Usage
		Usr 0 00:00:00, Sys 0 00:00:00  -  Run Local Usage
		Usr 0 00:08:04, Sys 0 00:00:22  -  Total Remote Usage
		Usr 0 00:00:00, Sys 0 00:00:00  -  Total Local Usage
	159024  -  Run Bytes Sent By Job
	224295  -  Run Bytes Received By Job
	159024  -  Total Bytes Sent By Job
	224295  -  Total Bytes Received By Job
	Partitionable Resources :    Usage  Request Allocated 
	   Cpus                 :        0        1         1 
	   Disk (KB)            :      925      225   1621266 
	   Memory (MB)          :      155     2048      2048 

	Job terminated of its own accord at 2023-06-22T20:26:45Z with exit-code 0.
...
