000 (32358499.402.000) 2023-06-22 15:06:03 Job submitted from host: <131.225.204.62:9618?addrs=131.225.204.62-9618+[2620-6a-0-8420-f0-0-204-62]-9618&alias=lpcschedd5.fnal.gov&noUDP&sock=schedd_2770_916d>
...
040 (32358499.402.000) 2023-06-22 15:16:48 Started transferring input files
	Transferring to host: <131.225.188.227:9618?addrs=[2620-6a-0-8421-f0-0-188-227]-9618+131.225.188.227-9618&alias=cmswn2071.fnal.gov&noUDP&sock=slot1_40_2022_6e8b_58456>
...
040 (32358499.402.000) 2023-06-22 15:16:48 Finished transferring input files
...
001 (32358499.402.000) 2023-06-22 15:16:48 Job executing on host: <131.225.188.227:9618?addrs=[2620-6a-0-8421-f0-0-188-227]-9618+131.225.188.227-9618&alias=cmswn2071.fnal.gov&noUDP&sock=startd_1930_65df>
...
006 (32358499.402.000) 2023-06-22 15:17:58 Image size of job updated: 148
	148  -  MemoryUsage of job (MB)
	151564  -  ResidentSetSize of job (KB)
...
006 (32358499.402.000) 2023-06-22 15:18:59 Image size of job updated: 148
	148  -  MemoryUsage of job (MB)
	151584  -  ResidentSetSize of job (KB)
...
006 (32358499.402.000) 2023-06-22 15:20:00 Image size of job updated: 148
	148  -  MemoryUsage of job (MB)
	151588  -  ResidentSetSize of job (KB)
...
006 (32358499.402.000) 2023-06-22 15:21:00 Image size of job updated: 148
	148  -  MemoryUsage of job (MB)
	151592  -  ResidentSetSize of job (KB)
...
006 (32358499.402.000) 2023-06-22 15:22:02 Image size of job updated: 148
	148  -  MemoryUsage of job (MB)
	151608  -  ResidentSetSize of job (KB)
...
006 (32358499.402.000) 2023-06-22 15:24:03 Image size of job updated: 148
	148  -  MemoryUsage of job (MB)
	151612  -  ResidentSetSize of job (KB)
...
040 (32358499.402.000) 2023-06-22 15:24:44 Started transferring output files
...
040 (32358499.402.000) 2023-06-22 15:24:44 Finished transferring output files
...
005 (32358499.402.000) 2023-06-22 15:24:49 Job terminated.
	(1) Normal termination (return value 0)
		Usr 0 00:06:18, Sys 0 00:00:16  -  Run Remote Usage
		Usr 0 00:00:00, Sys 0 00:00:00  -  Run Local Usage
		Usr 0 00:06:18, Sys 0 00:00:16  -  Total Remote Usage
		Usr 0 00:00:00, Sys 0 00:00:00  -  Total Local Usage
	153595  -  Run Bytes Sent By Job
	224295  -  Run Bytes Received By Job
	153595  -  Total Bytes Sent By Job
	224295  -  Total Bytes Received By Job
	Partitionable Resources :    Usage  Request Allocated 
	   Cpus                 :        0        1         1 
	   Disk (KB)            :      920      225   1621266 
	   Memory (MB)          :      148     2048      2048 

	Job terminated of its own accord at 2023-06-22T20:24:43Z with exit-code 0.
...
