000 (32358499.025.000) 2023-06-22 15:06:01 Job submitted from host: <131.225.204.62:9618?addrs=131.225.204.62-9618+[2620-6a-0-8420-f0-0-204-62]-9618&alias=lpcschedd5.fnal.gov&noUDP&sock=schedd_2770_916d>
...
040 (32358499.025.000) 2023-06-22 15:08:48 Started transferring input files
	Transferring to host: <131.225.188.227:9618?addrs=[2620-6a-0-8421-f0-0-188-227]-9618+131.225.188.227-9618&alias=cmswn2071.fnal.gov&noUDP&sock=slot1_38_2022_6e8b_58435>
...
040 (32358499.025.000) 2023-06-22 15:08:48 Finished transferring input files
...
001 (32358499.025.000) 2023-06-22 15:08:48 Job executing on host: <131.225.188.227:9618?addrs=[2620-6a-0-8421-f0-0-188-227]-9618+131.225.188.227-9618&alias=cmswn2071.fnal.gov&noUDP&sock=startd_1930_65df>
...
006 (32358499.025.000) 2023-06-22 15:08:57 Image size of job updated: 15
	15  -  MemoryUsage of job (MB)
	15876  -  ResidentSetSize of job (KB)
...
006 (32358499.025.000) 2023-06-22 15:09:57 Image size of job updated: 134
	134  -  MemoryUsage of job (MB)
	137396  -  ResidentSetSize of job (KB)
...
040 (32358499.025.000) 2023-06-22 15:10:19 Started transferring output files
...
040 (32358499.025.000) 2023-06-22 15:10:19 Finished transferring output files
...
005 (32358499.025.000) 2023-06-22 15:10:20 Job terminated.
	(1) Normal termination (return value 0)
		Usr 0 00:00:50, Sys 0 00:00:03  -  Run Remote Usage
		Usr 0 00:00:00, Sys 0 00:00:00  -  Run Local Usage
		Usr 0 00:00:50, Sys 0 00:00:03  -  Total Remote Usage
		Usr 0 00:00:00, Sys 0 00:00:00  -  Total Local Usage
	128453  -  Run Bytes Sent By Job
	224294  -  Run Bytes Received By Job
	128453  -  Total Bytes Sent By Job
	224294  -  Total Bytes Received By Job
	Partitionable Resources :    Usage  Request Allocated 
	   Cpus                 :        0        1         1 
	   Disk (KB)            :      895      225   1621266 
	   Memory (MB)          :      134     2048      2048 

	Job terminated of its own accord at 2023-06-22T20:10:19Z with exit-code 0.
...
