000 (32358499.156.000) 2023-06-22 15:06:02 Job submitted from host: <131.225.204.62:9618?addrs=131.225.204.62-9618+[2620-6a-0-8420-f0-0-204-62]-9618&alias=lpcschedd5.fnal.gov&noUDP&sock=schedd_2770_916d>
...
040 (32358499.156.000) 2023-06-22 15:10:58 Started transferring input files
	Transferring to host: <131.225.189.24:9618?addrs=[2620-6a-0-8421-f0-0-189-24]-9618+131.225.189.24-9618&alias=cmswn2083.fnal.gov&noUDP&sock=slot1_28_2094_298e_53491>
...
040 (32358499.156.000) 2023-06-22 15:10:58 Finished transferring input files
...
001 (32358499.156.000) 2023-06-22 15:11:00 Job executing on host: <131.225.189.24:9618?addrs=[2620-6a-0-8421-f0-0-189-24]-9618+131.225.189.24-9618&alias=cmswn2083.fnal.gov&noUDP&sock=startd_2004_27e1>
...
006 (32358499.156.000) 2023-06-22 15:12:08 Image size of job updated: 160
	160  -  MemoryUsage of job (MB)
	164836  -  ResidentSetSize of job (KB)
...
006 (32358499.156.000) 2023-06-22 15:13:08 Image size of job updated: 161
	161  -  MemoryUsage of job (MB)
	164948  -  ResidentSetSize of job (KB)
...
006 (32358499.156.000) 2023-06-22 15:15:12 Image size of job updated: 161
	161  -  MemoryUsage of job (MB)
	165060  -  ResidentSetSize of job (KB)
...
040 (32358499.156.000) 2023-06-22 15:21:12 Started transferring output files
...
040 (32358499.156.000) 2023-06-22 15:21:12 Finished transferring output files
...
005 (32358499.156.000) 2023-06-22 15:21:18 Job terminated.
	(1) Normal termination (return value 0)
		Usr 0 00:07:00, Sys 0 00:00:18  -  Run Remote Usage
		Usr 0 00:00:00, Sys 0 00:00:00  -  Run Local Usage
		Usr 0 00:07:00, Sys 0 00:00:18  -  Total Remote Usage
		Usr 0 00:00:00, Sys 0 00:00:00  -  Total Local Usage
	161358  -  Run Bytes Sent By Job
	224295  -  Run Bytes Received By Job
	161358  -  Total Bytes Sent By Job
	224295  -  Total Bytes Received By Job
	Partitionable Resources :    Usage  Request Allocated 
	   Cpus                 :     0.00        1         1 
	   Disk (KB)            :   927         225   1624987 
	   Memory (MB)          :   161        2048      2048 

	Job terminated of its own accord at 2023-06-22T20:21:11Z with exit-code 0.
...
