000 (32358499.294.000) 2023-06-22 15:06:02 Job submitted from host: <131.225.204.62:9618?addrs=131.225.204.62-9618+[2620-6a-0-8420-f0-0-204-62]-9618&alias=lpcschedd5.fnal.gov&noUDP&sock=schedd_2770_916d>
...
040 (32358499.294.000) 2023-06-22 15:14:27 Started transferring input files
	Transferring to host: <131.225.188.14:9618?addrs=[2620-6a-0-8421-f0-0-188-14]-9618+131.225.188.14-9618&alias=cmswn2019.fnal.gov&noUDP&sock=slot1_30_2024_d74b_53179>
...
040 (32358499.294.000) 2023-06-22 15:14:27 Finished transferring input files
...
001 (32358499.294.000) 2023-06-22 15:14:27 Job executing on host: <131.225.188.14:9618?addrs=[2620-6a-0-8421-f0-0-188-14]-9618+131.225.188.14-9618&alias=cmswn2019.fnal.gov&noUDP&sock=startd_1918_2abc>
...
006 (32358499.294.000) 2023-06-22 15:15:37 Image size of job updated: 146
	146  -  MemoryUsage of job (MB)
	150276  -  ResidentSetSize of job (KB)
...
006 (32358499.294.000) 2023-06-22 15:16:38 Image size of job updated: 146
	146  -  MemoryUsage of job (MB)
	150348  -  ResidentSetSize of job (KB)
...
006 (32358499.294.000) 2023-06-22 15:17:39 Image size of job updated: 146
	146  -  MemoryUsage of job (MB)
	150364  -  ResidentSetSize of job (KB)
...
006 (32358499.294.000) 2023-06-22 15:18:40 Image size of job updated: 146
	146  -  MemoryUsage of job (MB)
	150484  -  ResidentSetSize of job (KB)
...
040 (32358499.294.000) 2023-06-22 15:21:48 Started transferring output files
...
040 (32358499.294.000) 2023-06-22 15:21:48 Finished transferring output files
...
005 (32358499.294.000) 2023-06-22 15:21:51 Job terminated.
	(1) Normal termination (return value 0)
		Usr 0 00:05:19, Sys 0 00:00:13  -  Run Remote Usage
		Usr 0 00:00:00, Sys 0 00:00:00  -  Run Local Usage
		Usr 0 00:05:19, Sys 0 00:00:13  -  Total Remote Usage
		Usr 0 00:00:00, Sys 0 00:00:00  -  Total Local Usage
	151744  -  Run Bytes Sent By Job
	224295  -  Run Bytes Received By Job
	151744  -  Total Bytes Sent By Job
	224295  -  Total Bytes Received By Job
	Partitionable Resources :    Usage  Request Allocated 
	   Cpus                 :     0.02        1         1 
	   Disk (KB)            :   918         225   1636260 
	   Memory (MB)          :   146        2048      2048 

	Job terminated of its own accord at 2023-06-22T20:21:47Z with exit-code 0.
...
