000 (32358499.382.000) 2023-06-22 15:06:02 Job submitted from host: <131.225.204.62:9618?addrs=131.225.204.62-9618+[2620-6a-0-8420-f0-0-204-62]-9618&alias=lpcschedd5.fnal.gov&noUDP&sock=schedd_2770_916d>
...
040 (32358499.382.000) 2023-06-22 15:16:23 Entered queue to transfer input files
	Transferring to host: <131.225.188.179:9618?addrs=[2620-6a-0-8421-f0-0-188-179]-9618+131.225.188.179-9618&alias=cmswn2059.fnal.gov&noUDP&sock=slot1_42_2012_62cb_10056>
...
040 (32358499.382.000) 2023-06-22 15:16:35 Started transferring input files
	Seconds spent in queue: 12
...
040 (32358499.382.000) 2023-06-22 15:16:35 Finished transferring input files
...
001 (32358499.382.000) 2023-06-22 15:16:35 Job executing on host: <131.225.188.179:9618?addrs=[2620-6a-0-8421-f0-0-188-179]-9618+131.225.188.179-9618&alias=cmswn2059.fnal.gov&noUDP&sock=startd_1929_b647>
...
006 (32358499.382.000) 2023-06-22 15:16:43 Image size of job updated: 8
	8  -  MemoryUsage of job (MB)
	8204  -  ResidentSetSize of job (KB)
...
006 (32358499.382.000) 2023-06-22 15:17:44 Image size of job updated: 146
	146  -  MemoryUsage of job (MB)
	150496  -  ResidentSetSize of job (KB)
...
006 (32358499.382.000) 2023-06-22 15:18:44 Image size of job updated: 146
	146  -  MemoryUsage of job (MB)
	150520  -  ResidentSetSize of job (KB)
...
006 (32358499.382.000) 2023-06-22 15:19:45 Image size of job updated: 147
	147  -  MemoryUsage of job (MB)
	150564  -  ResidentSetSize of job (KB)
...
006 (32358499.382.000) 2023-06-22 15:20:46 Image size of job updated: 147
	147  -  MemoryUsage of job (MB)
	150572  -  ResidentSetSize of job (KB)
...
006 (32358499.382.000) 2023-06-22 15:22:47 Image size of job updated: 147
	147  -  MemoryUsage of job (MB)
	150576  -  ResidentSetSize of job (KB)
...
040 (32358499.382.000) 2023-06-22 15:23:30 Started transferring output files
	Seconds spent in queue: 427
...
040 (32358499.382.000) 2023-06-22 15:23:30 Finished transferring output files
...
005 (32358499.382.000) 2023-06-22 15:23:31 Job terminated.
	(1) Normal termination (return value 0)
		Usr 0 00:06:04, Sys 0 00:00:16  -  Run Remote Usage
		Usr 0 00:00:00, Sys 0 00:00:00  -  Run Local Usage
		Usr 0 00:06:04, Sys 0 00:00:16  -  Total Remote Usage
		Usr 0 00:00:00, Sys 0 00:00:00  -  Total Local Usage
	152102  -  Run Bytes Sent By Job
	224295  -  Run Bytes Received By Job
	152102  -  Total Bytes Sent By Job
	224295  -  Total Bytes Received By Job
	Partitionable Resources :    Usage  Request Allocated 
	   Cpus                 :     0.00        1         1 
	   Disk (KB)            :   916         225   1654204 
	   Memory (MB)          :   147        2048      2048 

	Job terminated of its own accord at 2023-06-22T20:23:30Z with exit-code 0.
...
