000 (32358499.214.000) 2023-06-22 15:06:02 Job submitted from host: <131.225.204.62:9618?addrs=131.225.204.62-9618+[2620-6a-0-8420-f0-0-204-62]-9618&alias=lpcschedd5.fnal.gov&noUDP&sock=schedd_2770_916d>
...
040 (32358499.214.000) 2023-06-22 15:12:03 Started transferring input files
	Transferring to host: <131.225.189.35:9618?addrs=[2620-6a-0-8421-f0-0-189-35]-9618+131.225.189.35-9618&alias=cmswn2088.fnal.gov&noUDP&sock=slot1_28_2076_7acd_41194>
...
040 (32358499.214.000) 2023-06-22 15:12:03 Finished transferring input files
...
001 (32358499.214.000) 2023-06-22 15:12:03 Job executing on host: <131.225.189.35:9618?addrs=[2620-6a-0-8421-f0-0-189-35]-9618+131.225.189.35-9618&alias=cmswn2088.fnal.gov&noUDP&sock=startd_1919_da55>
...
006 (32358499.214.000) 2023-06-22 15:13:11 Image size of job updated: 150
	150  -  MemoryUsage of job (MB)
	154440  -  ResidentSetSize of job (KB)
...
006 (32358499.214.000) 2023-06-22 15:14:12 Image size of job updated: 150
	150  -  MemoryUsage of job (MB)
	154460  -  ResidentSetSize of job (KB)
...
006 (32358499.214.000) 2023-06-22 15:16:12 Image size of job updated: 150
	150  -  MemoryUsage of job (MB)
	154472  -  ResidentSetSize of job (KB)
...
006 (32358499.214.000) 2023-06-22 15:18:14 Image size of job updated: 150
	150  -  MemoryUsage of job (MB)
	154476  -  ResidentSetSize of job (KB)
...
006 (32358499.214.000) 2023-06-22 15:19:15 Image size of job updated: 150
	150  -  MemoryUsage of job (MB)
	154496  -  ResidentSetSize of job (KB)
...
006 (32358499.214.000) 2023-06-22 15:19:48 Image size of job updated: 150
	150  -  MemoryUsage of job (MB)
	154548  -  ResidentSetSize of job (KB)
...
040 (32358499.214.000) 2023-06-22 15:19:48 Started transferring output files
...
040 (32358499.214.000) 2023-06-22 15:19:48 Finished transferring output files
...
005 (32358499.214.000) 2023-06-22 15:19:50 Job terminated.
	(1) Normal termination (return value 0)
		Usr 0 00:06:07, Sys 0 00:00:15  -  Run Remote Usage
		Usr 0 00:00:00, Sys 0 00:00:00  -  Run Local Usage
		Usr 0 00:06:07, Sys 0 00:00:15  -  Total Remote Usage
		Usr 0 00:00:00, Sys 0 00:00:00  -  Total Local Usage
	154672  -  Run Bytes Sent By Job
	224295  -  Run Bytes Received By Job
	154672  -  Total Bytes Sent By Job
	224295  -  Total Bytes Received By Job
	Partitionable Resources :    Usage  Request Allocated 
	   Cpus                 :        0        1         1 
	   Disk (KB)            :      920      225   1622189 
	   Memory (MB)          :      150     2048      2048 

	Job terminated of its own accord at 2023-06-22T20:19:48Z with exit-code 0.
...
