000 (32358499.167.000) 2023-06-22 15:06:02 Job submitted from host: <131.225.204.62:9618?addrs=131.225.204.62-9618+[2620-6a-0-8420-f0-0-204-62]-9618&alias=lpcschedd5.fnal.gov&noUDP&sock=schedd_2770_916d>
...
040 (32358499.167.000) 2023-06-22 15:11:21 Started transferring input files
	Transferring to host: <131.225.189.62:9618?addrs=[2620-6a-0-8421-f0-0-189-62]-9618+131.225.189.62-9618&alias=cmswn2077.fnal.gov&noUDP&sock=slot1_3_2107_526f_42197>
...
040 (32358499.167.000) 2023-06-22 15:11:21 Finished transferring input files
...
001 (32358499.167.000) 2023-06-22 15:11:21 Job executing on host: <131.225.189.62:9618?addrs=[2620-6a-0-8421-f0-0-189-62]-9618+131.225.189.62-9618&alias=cmswn2077.fnal.gov&noUDP&sock=startd_2017_129d>
...
006 (32358499.167.000) 2023-06-22 15:12:32 Image size of job updated: 6
	6  -  MemoryUsage of job (MB)
	6916  -  ResidentSetSize of job (KB)
...
006 (32358499.167.000) 2023-06-22 15:13:32 Image size of job updated: 148
	148  -  MemoryUsage of job (MB)
	151704  -  ResidentSetSize of job (KB)
...
006 (32358499.167.000) 2023-06-22 15:14:33 Image size of job updated: 149
	149  -  MemoryUsage of job (MB)
	152748  -  ResidentSetSize of job (KB)
...
006 (32358499.167.000) 2023-06-22 15:15:33 Image size of job updated: 149
	149  -  MemoryUsage of job (MB)
	152784  -  ResidentSetSize of job (KB)
...
006 (32358499.167.000) 2023-06-22 15:17:35 Image size of job updated: 149
	149  -  MemoryUsage of job (MB)
	152792  -  ResidentSetSize of job (KB)
...
006 (32358499.167.000) 2023-06-22 15:19:37 Image size of job updated: 149
	149  -  MemoryUsage of job (MB)
	152796  -  ResidentSetSize of job (KB)
...
006 (32358499.167.000) 2023-06-22 15:21:39 Image size of job updated: 149
	149  -  MemoryUsage of job (MB)
	152800  -  ResidentSetSize of job (KB)
...
006 (32358499.167.000) 2023-06-22 15:22:40 Image size of job updated: 149
	149  -  MemoryUsage of job (MB)
	152808  -  ResidentSetSize of job (KB)
...
006 (32358499.167.000) 2023-06-22 15:23:40 Image size of job updated: 149
	149  -  MemoryUsage of job (MB)
	152824  -  ResidentSetSize of job (KB)
...
040 (32358499.167.000) 2023-06-22 15:24:18 Started transferring output files
...
040 (32358499.167.000) 2023-06-22 15:24:18 Finished transferring output files
...
005 (32358499.167.000) 2023-06-22 15:24:28 Job terminated.
	(1) Normal termination (return value 0)
		Usr 0 00:05:12, Sys 0 00:00:16  -  Run Remote Usage
		Usr 0 00:00:00, Sys 0 00:00:00  -  Run Local Usage
		Usr 0 00:05:12, Sys 0 00:00:16  -  Total Remote Usage
		Usr 0 00:00:00, Sys 0 00:00:00  -  Total Local Usage
	148203  -  Run Bytes Sent By Job
	224295  -  Run Bytes Received By Job
	148203  -  Total Bytes Sent By Job
	224295  -  Total Bytes Received By Job
	Partitionable Resources :    Usage  Request Allocated 
	   Cpus                 :        0        1         1 
	   Disk (KB)            :      915      225   1621207 
	   Memory (MB)          :      149     2048      2048 

	Job terminated of its own accord at 2023-06-22T20:24:18Z with exit-code 0.
...
