000 (32358499.423.000) 2023-06-22 15:06:03 Job submitted from host: <131.225.204.62:9618?addrs=131.225.204.62-9618+[2620-6a-0-8420-f0-0-204-62]-9618&alias=lpcschedd5.fnal.gov&noUDP&sock=schedd_2770_916d>
...
040 (32358499.423.000) 2023-06-22 15:17:11 Entered queue to transfer input files
	Transferring to host: <131.225.188.172:9618?addrs=[2620-6a-0-8421-f0-0-188-172]-9618+131.225.188.172-9618&alias=cmswn2057.fnal.gov&noUDP&sock=slot1_58_2016_344b_44511>
...
040 (32358499.423.000) 2023-06-22 15:17:12 Started transferring input files
	Seconds spent in queue: 1
...
040 (32358499.423.000) 2023-06-22 15:17:12 Finished transferring input files
...
001 (32358499.423.000) 2023-06-22 15:17:12 Job executing on host: <131.225.188.172:9618?addrs=[2620-6a-0-8421-f0-0-188-172]-9618+131.225.188.172-9618&alias=cmswn2057.fnal.gov&noUDP&sock=startd_1916_cb8c>
...
006 (32358499.423.000) 2023-06-22 15:17:21 Image size of job updated: 6
	6  -  MemoryUsage of job (MB)
	7012  -  ResidentSetSize of job (KB)
...
006 (32358499.423.000) 2023-06-22 15:18:21 Image size of job updated: 157
	157  -  MemoryUsage of job (MB)
	161724  -  ResidentSetSize of job (KB)
...
006 (32358499.423.000) 2023-06-22 15:20:21 Image size of job updated: 157
	157  -  MemoryUsage of job (MB)
	161736  -  ResidentSetSize of job (KB)
...
006 (32358499.423.000) 2023-06-22 15:21:21 Image size of job updated: 158
	158  -  MemoryUsage of job (MB)
	161848  -  ResidentSetSize of job (KB)
...
040 (32358499.423.000) 2023-06-22 15:26:37 Started transferring output files
	Seconds spent in queue: 566
...
040 (32358499.423.000) 2023-06-22 15:26:37 Finished transferring output files
...
005 (32358499.423.000) 2023-06-22 15:26:38 Job terminated.
	(1) Normal termination (return value 0)
		Usr 0 00:07:29, Sys 0 00:00:20  -  Run Remote Usage
		Usr 0 00:00:00, Sys 0 00:00:00  -  Run Local Usage
		Usr 0 00:07:29, Sys 0 00:00:20  -  Total Remote Usage
		Usr 0 00:00:00, Sys 0 00:00:00  -  Total Local Usage
	157826  -  Run Bytes Sent By Job
	224295  -  Run Bytes Received By Job
	157826  -  Total Bytes Sent By Job
	224295  -  Total Bytes Received By Job
	Partitionable Resources :    Usage  Request Allocated 
	   Cpus                 :     0.01        1         1 
	   Disk (KB)            :   923         225   1637862 
	   Memory (MB)          :   158        2048      2048 

	Job terminated of its own accord at 2023-06-22T20:26:36Z with exit-code 0.
...
