000 (32358499.173.000) 2023-06-22 15:06:02 Job submitted from host: <131.225.204.62:9618?addrs=131.225.204.62-9618+[2620-6a-0-8420-f0-0-204-62]-9618&alias=lpcschedd5.fnal.gov&noUDP&sock=schedd_2770_916d>
...
040 (32358499.173.000) 2023-06-22 15:11:16 Started transferring input files
	Transferring to host: <131.225.189.35:9618?addrs=[2620-6a-0-8421-f0-0-189-35]-9618+131.225.189.35-9618&alias=cmswn2088.fnal.gov&noUDP&sock=slot1_44_2076_7acd_41192>
...
040 (32358499.173.000) 2023-06-22 15:11:17 Finished transferring input files
...
001 (32358499.173.000) 2023-06-22 15:11:17 Job executing on host: <131.225.189.35:9618?addrs=[2620-6a-0-8421-f0-0-189-35]-9618+131.225.189.35-9618&alias=cmswn2088.fnal.gov&noUDP&sock=startd_1919_da55>
...
006 (32358499.173.000) 2023-06-22 15:12:27 Image size of job updated: 134
	134  -  MemoryUsage of job (MB)
	138016  -  ResidentSetSize of job (KB)
...
006 (32358499.173.000) 2023-06-22 15:13:21 Image size of job updated: 135
	135  -  MemoryUsage of job (MB)
	138556  -  ResidentSetSize of job (KB)
...
040 (32358499.173.000) 2023-06-22 15:13:21 Started transferring output files
...
040 (32358499.173.000) 2023-06-22 15:13:21 Finished transferring output files
...
005 (32358499.173.000) 2023-06-22 15:13:22 Job terminated.
	(1) Normal termination (return value 0)
		Usr 0 00:00:57, Sys 0 00:00:03  -  Run Remote Usage
		Usr 0 00:00:00, Sys 0 00:00:00  -  Run Local Usage
		Usr 0 00:00:57, Sys 0 00:00:03  -  Total Remote Usage
		Usr 0 00:00:00, Sys 0 00:00:00  -  Total Local Usage
	125344  -  Run Bytes Sent By Job
	224295  -  Run Bytes Received By Job
	125344  -  Total Bytes Sent By Job
	224295  -  Total Bytes Received By Job
	Partitionable Resources :    Usage  Request Allocated 
	   Cpus                 :     0.00        1         1 
	   Disk (KB)            :   892         225   1622189 
	   Memory (MB)          :   135        2048      2048 

	Job terminated of its own accord at 2023-06-22T20:13:21Z with exit-code 0.
...
