000 (32358499.478.000) 2023-06-22 15:06:03 Job submitted from host: <131.225.204.62:9618?addrs=131.225.204.62-9618+[2620-6a-0-8420-f0-0-204-62]-9618&alias=lpcschedd5.fnal.gov&noUDP&sock=schedd_2770_916d>
...
040 (32358499.478.000) 2023-06-22 15:18:26 Started transferring input files
	Transferring to host: <131.225.188.76:9618?addrs=[2620-6a-0-8421-f0-0-188-76]-9618+131.225.188.76-9618&alias=cmswn2039.fnal.gov&noUDP&sock=slot1_51_2124_4ccf_53654>
...
040 (32358499.478.000) 2023-06-22 15:18:26 Finished transferring input files
...
001 (32358499.478.000) 2023-06-22 15:18:26 Job executing on host: <131.225.188.76:9618?addrs=[2620-6a-0-8421-f0-0-188-76]-9618+131.225.188.76-9618&alias=cmswn2039.fnal.gov&noUDP&sock=startd_2006_8712>
...
006 (32358499.478.000) 2023-06-22 15:18:35 Image size of job updated: 6
	6  -  MemoryUsage of job (MB)
	6932  -  ResidentSetSize of job (KB)
...
006 (32358499.478.000) 2023-06-22 15:19:35 Image size of job updated: 135
	135  -  MemoryUsage of job (MB)
	138824  -  ResidentSetSize of job (KB)
...
006 (32358499.478.000) 2023-06-22 15:20:36 Image size of job updated: 135
	135  -  MemoryUsage of job (MB)
	138896  -  ResidentSetSize of job (KB)
...
006 (32358499.478.000) 2023-06-22 15:22:38 Image size of job updated: 135
	135  -  MemoryUsage of job (MB)
	138916  -  ResidentSetSize of job (KB)
...
040 (32358499.478.000) 2023-06-22 15:24:33 Started transferring output files
...
040 (32358499.478.000) 2023-06-22 15:24:33 Finished transferring output files
...
005 (32358499.478.000) 2023-06-22 15:24:43 Job terminated.
	(1) Normal termination (return value 0)
		Usr 0 00:03:41, Sys 0 00:00:09  -  Run Remote Usage
		Usr 0 00:00:00, Sys 0 00:00:00  -  Run Local Usage
		Usr 0 00:03:41, Sys 0 00:00:09  -  Total Remote Usage
		Usr 0 00:00:00, Sys 0 00:00:00  -  Total Local Usage
	86753  -  Run Bytes Sent By Job
	224295  -  Run Bytes Received By Job
	86753  -  Total Bytes Sent By Job
	224295  -  Total Bytes Received By Job
	Partitionable Resources :    Usage  Request Allocated 
	   Cpus                 :        0        1         1 
	   Disk (KB)            :      854      225   1642076 
	   Memory (MB)          :      135     2048      2048 

	Job terminated of its own accord at 2023-06-22T20:24:33Z with exit-code 0.
...
