000 (32358499.031.000) 2023-06-22 15:06:01 Job submitted from host: <131.225.204.62:9618?addrs=131.225.204.62-9618+[2620-6a-0-8420-f0-0-204-62]-9618&alias=lpcschedd5.fnal.gov&noUDP&sock=schedd_2770_916d>
...
040 (32358499.031.000) 2023-06-22 15:09:00 Entered queue to transfer input files
	Transferring to host: <131.225.188.157:9618?addrs=[2620-6a-0-8421-f0-0-188-157]-9618+131.225.188.157-9618&alias=cmswn2053.fnal.gov&noUDP&sock=slot1_44_2017_e8ab_51945>
...
040 (32358499.031.000) 2023-06-22 15:09:00 Started transferring input files
	Seconds spent in queue: 0
...
040 (32358499.031.000) 2023-06-22 15:09:00 Finished transferring input files
...
001 (32358499.031.000) 2023-06-22 15:09:00 Job executing on host: <131.225.188.157:9618?addrs=[2620-6a-0-8421-f0-0-188-157]-9618+131.225.188.157-9618&alias=cmswn2053.fnal.gov&noUDP&sock=startd_1921_3985>
...
006 (32358499.031.000) 2023-06-22 15:11:12 Image size of job updated: 146
	146  -  MemoryUsage of job (MB)
	150220  -  ResidentSetSize of job (KB)
...
006 (32358499.031.000) 2023-06-22 15:12:13 Image size of job updated: 146
	146  -  MemoryUsage of job (MB)
	150492  -  ResidentSetSize of job (KB)
...
006 (32358499.031.000) 2023-06-22 15:15:15 Image size of job updated: 146
	146  -  MemoryUsage of job (MB)
	150524  -  ResidentSetSize of job (KB)
...
040 (32358499.031.000) 2023-06-22 15:16:41 Started transferring output files
	Seconds spent in queue: 461
...
040 (32358499.031.000) 2023-06-22 15:16:41 Finished transferring output files
...
005 (32358499.031.000) 2023-06-22 15:16:47 Job terminated.
	(1) Normal termination (return value 0)
		Usr 0 00:03:57, Sys 0 00:00:11  -  Run Remote Usage
		Usr 0 00:00:00, Sys 0 00:00:00  -  Run Local Usage
		Usr 0 00:03:57, Sys 0 00:00:11  -  Total Remote Usage
		Usr 0 00:00:00, Sys 0 00:00:00  -  Total Local Usage
	147848  -  Run Bytes Sent By Job
	224294  -  Run Bytes Received By Job
	147848  -  Total Bytes Sent By Job
	224294  -  Total Bytes Received By Job
	Partitionable Resources :    Usage  Request Allocated 
	   Cpus                 :     0.20        1         1 
	   Disk (KB)            :   914         225   1639248 
	   Memory (MB)          :   146        2048      2048 

	Job terminated of its own accord at 2023-06-22T20:16:40Z with exit-code 0.
...
