000 (32358499.345.000) 2023-06-22 15:06:02 Job submitted from host: <131.225.204.62:9618?addrs=131.225.204.62-9618+[2620-6a-0-8420-f0-0-204-62]-9618&alias=lpcschedd5.fnal.gov&noUDP&sock=schedd_2770_916d>
...
040 (32358499.345.000) 2023-06-22 15:15:47 Started transferring input files
	Transferring to host: <131.225.188.219:9618?addrs=[2620-6a-0-8421-f0-0-188-219]-9618+131.225.188.219-9618&alias=cmswn2070.fnal.gov&noUDP&sock=slot1_29_2110_6f8f_39827>
...
040 (32358499.345.000) 2023-06-22 15:15:47 Finished transferring input files
...
001 (32358499.345.000) 2023-06-22 15:15:47 Job executing on host: <131.225.188.219:9618?addrs=[2620-6a-0-8421-f0-0-188-219]-9618+131.225.188.219-9618&alias=cmswn2070.fnal.gov&noUDP&sock=startd_2019_71cd>
...
006 (32358499.345.000) 2023-06-22 15:16:56 Image size of job updated: 151
	151  -  MemoryUsage of job (MB)
	155308  -  ResidentSetSize of job (KB)
...
006 (32358499.345.000) 2023-06-22 15:17:57 Image size of job updated: 151
	151  -  MemoryUsage of job (MB)
	155352  -  ResidentSetSize of job (KB)
...
006 (32358499.345.000) 2023-06-22 15:18:57 Image size of job updated: 151
	151  -  MemoryUsage of job (MB)
	155380  -  ResidentSetSize of job (KB)
...
006 (32358499.345.000) 2023-06-22 15:19:57 Image size of job updated: 151
	151  -  MemoryUsage of job (MB)
	155400  -  ResidentSetSize of job (KB)
...
006 (32358499.345.000) 2023-06-22 15:20:57 Image size of job updated: 151
	151  -  MemoryUsage of job (MB)
	155404  -  ResidentSetSize of job (KB)
...
006 (32358499.345.000) 2023-06-22 15:25:00 Image size of job updated: 151
	151  -  MemoryUsage of job (MB)
	155424  -  ResidentSetSize of job (KB)
...
040 (32358499.345.000) 2023-06-22 15:25:14 Started transferring output files
...
040 (32358499.345.000) 2023-06-22 15:25:14 Finished transferring output files
...
005 (32358499.345.000) 2023-06-22 15:25:15 Job terminated.
	(1) Normal termination (return value 0)
		Usr 0 00:06:00, Sys 0 00:00:15  -  Run Remote Usage
		Usr 0 00:00:00, Sys 0 00:00:00  -  Run Local Usage
		Usr 0 00:06:00, Sys 0 00:00:15  -  Total Remote Usage
		Usr 0 00:00:00, Sys 0 00:00:00  -  Total Local Usage
	155769  -  Run Bytes Sent By Job
	224295  -  Run Bytes Received By Job
	155769  -  Total Bytes Sent By Job
	224295  -  Total Bytes Received By Job
	Partitionable Resources :    Usage  Request Allocated 
	   Cpus                 :     0.00        1         1 
	   Disk (KB)            :   922         225   1646883 
	   Memory (MB)          :   151        2048      2048 

	Job terminated of its own accord at 2023-06-22T20:25:14Z with exit-code 0.
...
