000 (32358499.080.000) 2023-06-22 15:06:01 Job submitted from host: <131.225.204.62:9618?addrs=131.225.204.62-9618+[2620-6a-0-8420-f0-0-204-62]-9618&alias=lpcschedd5.fnal.gov&noUDP&sock=schedd_2770_916d>
...
040 (32358499.080.000) 2023-06-22 15:10:43 Started transferring input files
	Transferring to host: <131.225.188.184:9618?addrs=[2620-6a-0-8421-f0-0-188-184]-9618+131.225.188.184-9618&alias=cmswn2061.fnal.gov&noUDP&sock=slot1_25_2109_bb2f_8610>
...
040 (32358499.080.000) 2023-06-22 15:10:43 Finished transferring input files
...
001 (32358499.080.000) 2023-06-22 15:10:43 Job executing on host: <131.225.188.184:9618?addrs=[2620-6a-0-8421-f0-0-188-184]-9618+131.225.188.184-9618&alias=cmswn2061.fnal.gov&noUDP&sock=startd_2020_2165>
...
006 (32358499.080.000) 2023-06-22 15:12:54 Image size of job updated: 143
	143  -  MemoryUsage of job (MB)
	147252  -  ResidentSetSize of job (KB)
...
006 (32358499.080.000) 2023-06-22 15:13:54 Image size of job updated: 143
	143  -  MemoryUsage of job (MB)
	147304  -  ResidentSetSize of job (KB)
...
006 (32358499.080.000) 2023-06-22 15:14:54 Image size of job updated: 143
	143  -  MemoryUsage of job (MB)
	147320  -  ResidentSetSize of job (KB)
...
006 (32358499.080.000) 2023-06-22 15:15:54 Image size of job updated: 143
	143  -  MemoryUsage of job (MB)
	147324  -  ResidentSetSize of job (KB)
...
040 (32358499.080.000) 2023-06-22 15:16:28 Started transferring output files
...
040 (32358499.080.000) 2023-06-22 15:16:28 Finished transferring output files
...
005 (32358499.080.000) 2023-06-22 15:16:30 Job terminated.
	(1) Normal termination (return value 0)
		Usr 0 00:03:29, Sys 0 00:00:10  -  Run Remote Usage
		Usr 0 00:00:00, Sys 0 00:00:00  -  Run Local Usage
		Usr 0 00:03:29, Sys 0 00:00:10  -  Total Remote Usage
		Usr 0 00:00:00, Sys 0 00:00:00  -  Total Local Usage
	145015  -  Run Bytes Sent By Job
	224294  -  Run Bytes Received By Job
	145015  -  Total Bytes Sent By Job
	224294  -  Total Bytes Received By Job
	Partitionable Resources :    Usage  Request Allocated 
	   Cpus                 :     0.00        1         1 
	   Disk (KB)            :   910         225   1643483 
	   Memory (MB)          :   143        2048      2048 

	Job terminated of its own accord at 2023-06-22T20:16:28Z with exit-code 0.
...
