000 (32358499.435.000) 2023-06-22 15:06:03 Job submitted from host: <131.225.204.62:9618?addrs=131.225.204.62-9618+[2620-6a-0-8420-f0-0-204-62]-9618&alias=lpcschedd5.fnal.gov&noUDP&sock=schedd_2770_916d>
...
040 (32358499.435.000) 2023-06-22 15:17:29 Started transferring input files
	Transferring to host: <131.225.189.19:9618?addrs=[2620-6a-0-8421-f0-0-189-19]-9618+131.225.189.19-9618&alias=cmswn2082.fnal.gov&noUDP&sock=slot1_8_2103_80ef_37914>
...
040 (32358499.435.000) 2023-06-22 15:17:29 Finished transferring input files
...
001 (32358499.435.000) 2023-06-22 15:17:29 Job executing on host: <131.225.189.19:9618?addrs=[2620-6a-0-8421-f0-0-189-19]-9618+131.225.189.19-9618&alias=cmswn2082.fnal.gov&noUDP&sock=startd_2013_543c>
...
006 (32358499.435.000) 2023-06-22 15:17:38 Image size of job updated: 34
	34  -  MemoryUsage of job (MB)
	35440  -  ResidentSetSize of job (KB)
...
006 (32358499.435.000) 2023-06-22 15:18:38 Image size of job updated: 151
	151  -  MemoryUsage of job (MB)
	155408  -  ResidentSetSize of job (KB)
...
006 (32358499.435.000) 2023-06-22 15:19:38 Image size of job updated: 151
	151  -  MemoryUsage of job (MB)
	155416  -  ResidentSetSize of job (KB)
...
006 (32358499.435.000) 2023-06-22 15:20:38 Image size of job updated: 151
	151  -  MemoryUsage of job (MB)
	155420  -  ResidentSetSize of job (KB)
...
006 (32358499.435.000) 2023-06-22 15:21:38 Image size of job updated: 151
	151  -  MemoryUsage of job (MB)
	155436  -  ResidentSetSize of job (KB)
...
006 (32358499.435.000) 2023-06-22 15:22:38 Image size of job updated: 151
	151  -  MemoryUsage of job (MB)
	155540  -  ResidentSetSize of job (KB)
...
040 (32358499.435.000) 2023-06-22 15:24:33 Started transferring output files
...
040 (32358499.435.000) 2023-06-22 15:24:33 Finished transferring output files
...
005 (32358499.435.000) 2023-06-22 15:24:40 Job terminated.
	(1) Normal termination (return value 0)
		Usr 0 00:05:34, Sys 0 00:00:15  -  Run Remote Usage
		Usr 0 00:00:00, Sys 0 00:00:00  -  Run Local Usage
		Usr 0 00:05:34, Sys 0 00:00:15  -  Total Remote Usage
		Usr 0 00:00:00, Sys 0 00:00:00  -  Total Local Usage
	157169  -  Run Bytes Sent By Job
	224295  -  Run Bytes Received By Job
	157169  -  Total Bytes Sent By Job
	224295  -  Total Bytes Received By Job
	Partitionable Resources :    Usage  Request Allocated 
	   Cpus                 :        0        1         1 
	   Disk (KB)            :      923      225   1651055 
	   Memory (MB)          :      151     2048      2048 

	Job terminated of its own accord at 2023-06-22T20:24:33Z with exit-code 0.
...
