000 (32358499.455.000) 2023-06-22 15:06:03 Job submitted from host: <131.225.204.62:9618?addrs=131.225.204.62-9618+[2620-6a-0-8420-f0-0-204-62]-9618&alias=lpcschedd5.fnal.gov&noUDP&sock=schedd_2770_916d>
...
040 (32358499.455.000) 2023-06-22 15:17:57 Started transferring input files
	Transferring to host: <131.225.189.47:9618?addrs=[2620-6a-0-8421-f0-0-189-47]-9618+131.225.189.47-9618&alias=cmswn2096.fnal.gov&noUDP&sock=slot1_13_2090_580e_8922>
...
040 (32358499.455.000) 2023-06-22 15:17:57 Finished transferring input files
...
001 (32358499.455.000) 2023-06-22 15:17:57 Job executing on host: <131.225.189.47:9618?addrs=[2620-6a-0-8421-f0-0-189-47]-9618+131.225.189.47-9618&alias=cmswn2096.fnal.gov&noUDP&sock=startd_2003_7849>
...
006 (32358499.455.000) 2023-06-22 15:19:05 Image size of job updated: 94
	94  -  MemoryUsage of job (MB)
	96728  -  ResidentSetSize of job (KB)
...
006 (32358499.455.000) 2023-06-22 15:20:05 Image size of job updated: 157
	157  -  MemoryUsage of job (MB)
	161268  -  ResidentSetSize of job (KB)
...
006 (32358499.455.000) 2023-06-22 15:22:05 Image size of job updated: 157
	157  -  MemoryUsage of job (MB)
	161372  -  ResidentSetSize of job (KB)
...
006 (32358499.455.000) 2023-06-22 15:28:12 Image size of job updated: 157
	157  -  MemoryUsage of job (MB)
	161388  -  ResidentSetSize of job (KB)
...
040 (32358499.455.000) 2023-06-22 15:28:13 Started transferring output files
...
040 (32358499.455.000) 2023-06-22 15:28:13 Finished transferring output files
...
005 (32358499.455.000) 2023-06-22 15:28:17 Job terminated.
	(1) Normal termination (return value 0)
		Usr 0 00:07:32, Sys 0 00:00:19  -  Run Remote Usage
		Usr 0 00:00:00, Sys 0 00:00:00  -  Run Local Usage
		Usr 0 00:07:32, Sys 0 00:00:19  -  Total Remote Usage
		Usr 0 00:00:00, Sys 0 00:00:00  -  Total Local Usage
	160173  -  Run Bytes Sent By Job
	224295  -  Run Bytes Received By Job
	160173  -  Total Bytes Sent By Job
	224295  -  Total Bytes Received By Job
	Partitionable Resources :    Usage  Request Allocated 
	   Cpus                 :        0        1         1 
	   Disk (KB)            :      925      225   1635897 
	   Memory (MB)          :      157     2048      2048 

	Job terminated of its own accord at 2023-06-22T20:28:13Z with exit-code 0.
...
