000 (32358499.000.000) 2023-06-22 15:06:01 Job submitted from host: <131.225.204.62:9618?addrs=131.225.204.62-9618+[2620-6a-0-8420-f0-0-204-62]-9618&alias=lpcschedd5.fnal.gov&noUDP&sock=schedd_2770_916d>
...
040 (32358499.000.000) 2023-06-22 15:08:24 Started transferring input files
	Transferring to host: <131.225.189.134:9618?addrs=[2620-6a-0-8421-f0-0-189-134]-9618+131.225.189.134-9618&alias=cmswn2104.fnal.gov&noUDP&sock=slot1_14_2122_e40f_57300>
...
040 (32358499.000.000) 2023-06-22 15:08:24 Finished transferring input files
...
001 (32358499.000.000) 2023-06-22 15:08:24 Job executing on host: <131.225.189.134:9618?addrs=[2620-6a-0-8421-f0-0-189-134]-9618+131.225.189.134-9618&alias=cmswn2104.fnal.gov&noUDP&sock=startd_2019_71cd>
...
006 (32358499.000.000) 2023-06-22 15:08:32 Image size of job updated: 43
	43  -  MemoryUsage of job (MB)
	44664  -  ResidentSetSize of job (KB)
...
006 (32358499.000.000) 2023-06-22 15:09:32 Image size of job updated: 139
	139  -  MemoryUsage of job (MB)
	143192  -  ResidentSetSize of job (KB)
...
006 (32358499.000.000) 2023-06-22 15:10:32 Image size of job updated: 139
	139  -  MemoryUsage of job (MB)
	143196  -  ResidentSetSize of job (KB)
...
006 (32358499.000.000) 2023-06-22 15:11:29 Image size of job updated: 139
	139  -  MemoryUsage of job (MB)
	143208  -  ResidentSetSize of job (KB)
...
040 (32358499.000.000) 2023-06-22 15:11:30 Started transferring output files
...
040 (32358499.000.000) 2023-06-22 15:11:30 Finished transferring output files
...
005 (32358499.000.000) 2023-06-22 15:11:31 Job terminated.
	(1) Normal termination (return value 0)
		Usr 0 00:01:46, Sys 0 00:00:05  -  Run Remote Usage
		Usr 0 00:00:00, Sys 0 00:00:00  -  Run Local Usage
		Usr 0 00:01:46, Sys 0 00:00:05  -  Total Remote Usage
		Usr 0 00:00:00, Sys 0 00:00:00  -  Total Local Usage
	140296  -  Run Bytes Sent By Job
	224293  -  Run Bytes Received By Job
	140296  -  Total Bytes Sent By Job
	224293  -  Total Bytes Received By Job
	Partitionable Resources :    Usage  Request Allocated 
	   Cpus                 :     0.00        1         1 
	   Disk (KB)            :   906         225   3460026 
	   Memory (MB)          :   139        2048      2048 

	Job terminated of its own accord at 2023-06-22T20:11:29Z with exit-code 0.
...
