000 (32358499.419.000) 2023-06-22 15:06:03 Job submitted from host: <131.225.204.62:9618?addrs=131.225.204.62-9618+[2620-6a-0-8420-f0-0-204-62]-9618&alias=lpcschedd5.fnal.gov&noUDP&sock=schedd_2770_916d>
...
040 (32358499.419.000) 2023-06-22 15:17:11 Started transferring input files
	Transferring to host: <131.225.188.227:9618?addrs=[2620-6a-0-8421-f0-0-188-227]-9618+131.225.188.227-9618&alias=cmswn2071.fnal.gov&noUDP&sock=slot1_24_2022_6e8b_58457>
...
040 (32358499.419.000) 2023-06-22 15:17:12 Finished transferring input files
...
001 (32358499.419.000) 2023-06-22 15:17:12 Job executing on host: <131.225.188.227:9618?addrs=[2620-6a-0-8421-f0-0-188-227]-9618+131.225.188.227-9618&alias=cmswn2071.fnal.gov&noUDP&sock=startd_1930_65df>
...
006 (32358499.419.000) 2023-06-22 15:18:20 Image size of job updated: 151
	151  -  MemoryUsage of job (MB)
	155600  -  ResidentSetSize of job (KB)
...
006 (32358499.419.000) 2023-06-22 15:19:22 Image size of job updated: 152
	152  -  MemoryUsage of job (MB)
	155656  -  ResidentSetSize of job (KB)
...
006 (32358499.419.000) 2023-06-22 15:20:22 Image size of job updated: 152
	152  -  MemoryUsage of job (MB)
	155660  -  ResidentSetSize of job (KB)
...
006 (32358499.419.000) 2023-06-22 15:21:23 Image size of job updated: 152
	152  -  MemoryUsage of job (MB)
	155796  -  ResidentSetSize of job (KB)
...
006 (32358499.419.000) 2023-06-22 15:22:24 Image size of job updated: 152
	152  -  MemoryUsage of job (MB)
	155812  -  ResidentSetSize of job (KB)
...
040 (32358499.419.000) 2023-06-22 15:25:19 Started transferring output files
...
040 (32358499.419.000) 2023-06-22 15:25:19 Finished transferring output files
...
005 (32358499.419.000) 2023-06-22 15:25:22 Job terminated.
	(1) Normal termination (return value 0)
		Usr 0 00:06:04, Sys 0 00:00:16  -  Run Remote Usage
		Usr 0 00:00:00, Sys 0 00:00:00  -  Run Local Usage
		Usr 0 00:06:04, Sys 0 00:00:16  -  Total Remote Usage
		Usr 0 00:00:00, Sys 0 00:00:00  -  Total Local Usage
	154646  -  Run Bytes Sent By Job
	224295  -  Run Bytes Received By Job
	154646  -  Total Bytes Sent By Job
	224295  -  Total Bytes Received By Job
	Partitionable Resources :    Usage  Request Allocated 
	   Cpus                 :        0        1         1 
	   Disk (KB)            :      921      225   1621266 
	   Memory (MB)          :      152     2048      2048 

	Job terminated of its own accord at 2023-06-22T20:25:19Z with exit-code 0.
...
