000 (32358499.305.000) 2023-06-22 15:06:02 Job submitted from host: <131.225.204.62:9618?addrs=131.225.204.62-9618+[2620-6a-0-8420-f0-0-204-62]-9618&alias=lpcschedd5.fnal.gov&noUDP&sock=schedd_2770_916d>
...
040 (32358499.305.000) 2023-06-22 15:14:48 Entered queue to transfer input files
	Transferring to host: <131.225.189.41:9618?addrs=[2620-6a-0-8421-f0-0-189-41]-9618+131.225.189.41-9618&alias=cmswn2093.fnal.gov&noUDP&sock=slot1_5_2124_4ccf_53140>
...
040 (32358499.305.000) 2023-06-22 15:14:52 Started transferring input files
	Seconds spent in queue: 4
...
040 (32358499.305.000) 2023-06-22 15:14:53 Finished transferring input files
...
001 (32358499.305.000) 2023-06-22 15:14:53 Job executing on host: <131.225.189.41:9618?addrs=[2620-6a-0-8421-f0-0-189-41]-9618+131.225.189.41-9618&alias=cmswn2093.fnal.gov&noUDP&sock=startd_2025_8f5f>
...
006 (32358499.305.000) 2023-06-22 15:16:01 Image size of job updated: 148
	148  -  MemoryUsage of job (MB)
	152208  -  ResidentSetSize of job (KB)
...
006 (32358499.305.000) 2023-06-22 15:17:02 Image size of job updated: 148
	148  -  MemoryUsage of job (MB)
	152320  -  ResidentSetSize of job (KB)
...
006 (32358499.305.000) 2023-06-22 15:18:02 Image size of job updated: 148
	148  -  MemoryUsage of job (MB)
	152352  -  ResidentSetSize of job (KB)
...
040 (32358499.305.000) 2023-06-22 15:18:05 Started transferring output files
	Seconds spent in queue: 197
...
040 (32358499.305.000) 2023-06-22 15:18:05 Finished transferring output files
...
005 (32358499.305.000) 2023-06-22 15:18:07 Job terminated.
	(1) Normal termination (return value 0)
		Usr 0 00:02:33, Sys 0 00:00:09  -  Run Remote Usage
		Usr 0 00:00:00, Sys 0 00:00:00  -  Run Local Usage
		Usr 0 00:02:33, Sys 0 00:00:09  -  Total Remote Usage
		Usr 0 00:00:00, Sys 0 00:00:00  -  Total Local Usage
	137581  -  Run Bytes Sent By Job
	224295  -  Run Bytes Received By Job
	137581  -  Total Bytes Sent By Job
	224295  -  Total Bytes Received By Job
	Partitionable Resources :    Usage  Request Allocated 
	   Cpus                 :        0        1         1 
	   Disk (KB)            :      903      225   1618696 
	   Memory (MB)          :      148     2048      2048 

	Job terminated of its own accord at 2023-06-22T20:18:05Z with exit-code 0.
...
