000 (32358499.472.000) 2023-06-22 15:06:03 Job submitted from host: <131.225.204.62:9618?addrs=131.225.204.62-9618+[2620-6a-0-8420-f0-0-204-62]-9618&alias=lpcschedd5.fnal.gov&noUDP&sock=schedd_2770_916d>
...
040 (32358499.472.000) 2023-06-22 15:18:07 Started transferring input files
	Transferring to host: <131.225.188.25:9618?addrs=[2620-6a-0-8421-f0-0-188-25]-9618+131.225.188.25-9618&alias=cmswn2025.fnal.gov&noUDP&sock=slot1_60_2021_ba2b_52190>
...
040 (32358499.472.000) 2023-06-22 15:18:07 Finished transferring input files
...
001 (32358499.472.000) 2023-06-22 15:18:07 Job executing on host: <131.225.188.25:9618?addrs=[2620-6a-0-8421-f0-0-188-25]-9618+131.225.188.25-9618&alias=cmswn2025.fnal.gov&noUDP&sock=startd_1925_f7e6>
...
006 (32358499.472.000) 2023-06-22 15:19:15 Image size of job updated: 91
	91  -  MemoryUsage of job (MB)
	93416  -  ResidentSetSize of job (KB)
...
006 (32358499.472.000) 2023-06-22 15:20:15 Image size of job updated: 135
	135  -  MemoryUsage of job (MB)
	138256  -  ResidentSetSize of job (KB)
...
006 (32358499.472.000) 2023-06-22 15:21:15 Image size of job updated: 135
	135  -  MemoryUsage of job (MB)
	138260  -  ResidentSetSize of job (KB)
...
006 (32358499.472.000) 2023-06-22 15:23:16 Image size of job updated: 135
	135  -  MemoryUsage of job (MB)
	138692  -  ResidentSetSize of job (KB)
...
040 (32358499.472.000) 2023-06-22 15:24:43 Started transferring output files
...
040 (32358499.472.000) 2023-06-22 15:24:43 Finished transferring output files
...
005 (32358499.472.000) 2023-06-22 15:24:44 Job terminated.
	(1) Normal termination (return value 0)
		Usr 0 00:05:02, Sys 0 00:00:13  -  Run Remote Usage
		Usr 0 00:00:00, Sys 0 00:00:00  -  Run Local Usage
		Usr 0 00:05:02, Sys 0 00:00:13  -  Total Remote Usage
		Usr 0 00:00:00, Sys 0 00:00:00  -  Total Local Usage
	87181  -  Run Bytes Sent By Job
	224295  -  Run Bytes Received By Job
	87181  -  Total Bytes Sent By Job
	224295  -  Total Bytes Received By Job
	Partitionable Resources :    Usage  Request Allocated 
	   Cpus                 :     0.00        1         1 
	   Disk (KB)            :   855         225   1633296 
	   Memory (MB)          :   135        2048      2048 

	Job terminated of its own accord at 2023-06-22T20:24:43Z with exit-code 0.
...
