000 (32358499.104.000) 2023-06-22 15:06:02 Job submitted from host: <131.225.204.62:9618?addrs=131.225.204.62-9618+[2620-6a-0-8420-f0-0-204-62]-9618&alias=lpcschedd5.fnal.gov&noUDP&sock=schedd_2770_916d>
...
040 (32358499.104.000) 2023-06-22 15:10:34 Started transferring input files
	Transferring to host: <131.225.189.128:9618?addrs=[2620-6a-0-8421-f0-0-189-128]-9618+131.225.189.128-9618&alias=cmswn2102.fnal.gov&noUDP&sock=slot1_14_2104_354f_46158>
...
001 (32358499.104.000) 2023-06-22 15:10:34 Job executing on host: <131.225.189.128:9618?addrs=[2620-6a-0-8421-f0-0-189-128]-9618+131.225.189.128-9618&alias=cmswn2102.fnal.gov&noUDP&sock=startd_2015_b36c>
...
040 (32358499.104.000) 2023-06-22 15:10:34 Finished transferring input files
...
006 (32358499.104.000) 2023-06-22 15:11:47 Image size of job updated: 145
	145  -  MemoryUsage of job (MB)
	149180  -  ResidentSetSize of job (KB)
...
006 (32358499.104.000) 2023-06-22 15:12:48 Image size of job updated: 145
	145  -  MemoryUsage of job (MB)
	149220  -  ResidentSetSize of job (KB)
...
006 (32358499.104.000) 2023-06-22 15:13:48 Image size of job updated: 145
	145  -  MemoryUsage of job (MB)
	149228  -  ResidentSetSize of job (KB)
...
006 (32358499.104.000) 2023-06-22 15:14:49 Image size of job updated: 145
	145  -  MemoryUsage of job (MB)
	149264  -  ResidentSetSize of job (KB)
...
040 (32358499.104.000) 2023-06-22 15:16:31 Started transferring output files
...
040 (32358499.104.000) 2023-06-22 15:16:31 Finished transferring output files
...
005 (32358499.104.000) 2023-06-22 15:16:32 Job terminated.
	(1) Normal termination (return value 0)
		Usr 0 00:04:29, Sys 0 00:00:11  -  Run Remote Usage
		Usr 0 00:00:00, Sys 0 00:00:00  -  Run Local Usage
		Usr 0 00:04:29, Sys 0 00:00:11  -  Total Remote Usage
		Usr 0 00:00:00, Sys 0 00:00:00  -  Total Local Usage
	147345  -  Run Bytes Sent By Job
	224295  -  Run Bytes Received By Job
	147345  -  Total Bytes Sent By Job
	224295  -  Total Bytes Received By Job
	Partitionable Resources :    Usage  Request Allocated 
	   Cpus                 :     0.00        1         1 
	   Disk (KB)            :   908         225   3466257 
	   Memory (MB)          :   145        2048      2048 

	Job terminated of its own accord at 2023-06-22T20:16:31Z with exit-code 0.
...
