000 (32358499.450.000) 2023-06-22 15:06:03 Job submitted from host: <131.225.204.62:9618?addrs=131.225.204.62-9618+[2620-6a-0-8420-f0-0-204-62]-9618&alias=lpcschedd5.fnal.gov&noUDP&sock=schedd_2770_916d>
...
040 (32358499.450.000) 2023-06-22 15:17:41 Started transferring input files
	Transferring to host: <131.225.189.128:9618?addrs=[2620-6a-0-8421-f0-0-189-128]-9618+131.225.189.128-9618&alias=cmswn2102.fnal.gov&noUDP&sock=slot1_19_2104_354f_46168>
...
001 (32358499.450.000) 2023-06-22 15:17:42 Job executing on host: <131.225.189.128:9618?addrs=[2620-6a-0-8421-f0-0-189-128]-9618+131.225.189.128-9618&alias=cmswn2102.fnal.gov&noUDP&sock=startd_2015_b36c>
...
040 (32358499.450.000) 2023-06-22 15:17:42 Finished transferring input files
...
006 (32358499.450.000) 2023-06-22 15:17:51 Image size of job updated: 12
	12  -  MemoryUsage of job (MB)
	13016  -  ResidentSetSize of job (KB)
...
006 (32358499.450.000) 2023-06-22 15:18:51 Image size of job updated: 158
	158  -  MemoryUsage of job (MB)
	162456  -  ResidentSetSize of job (KB)
...
006 (32358499.450.000) 2023-06-22 15:19:52 Image size of job updated: 158
	158  -  MemoryUsage of job (MB)
	162464  -  ResidentSetSize of job (KB)
...
006 (32358499.450.000) 2023-06-22 15:20:52 Image size of job updated: 158
	158  -  MemoryUsage of job (MB)
	162476  -  ResidentSetSize of job (KB)
...
006 (32358499.450.000) 2023-06-22 15:21:53 Image size of job updated: 158
	158  -  MemoryUsage of job (MB)
	162488  -  ResidentSetSize of job (KB)
...
006 (32358499.450.000) 2023-06-22 15:23:54 Image size of job updated: 158
	158  -  MemoryUsage of job (MB)
	162580  -  ResidentSetSize of job (KB)
...
040 (32358499.450.000) 2023-06-22 15:28:21 Started transferring output files
...
040 (32358499.450.000) 2023-06-22 15:28:21 Finished transferring output files
...
005 (32358499.450.000) 2023-06-22 15:28:23 Job terminated.
	(1) Normal termination (return value 0)
		Usr 0 00:09:12, Sys 0 00:00:23  -  Run Remote Usage
		Usr 0 00:00:00, Sys 0 00:00:00  -  Run Local Usage
		Usr 0 00:09:12, Sys 0 00:00:23  -  Total Remote Usage
		Usr 0 00:00:00, Sys 0 00:00:00  -  Total Local Usage
	159881  -  Run Bytes Sent By Job
	224295  -  Run Bytes Received By Job
	159881  -  Total Bytes Sent By Job
	224295  -  Total Bytes Received By Job
	Partitionable Resources :    Usage  Request Allocated 
	   Cpus                 :     0.01        1         1 
	   Disk (KB)            :   920         225   3466257 
	   Memory (MB)          :   158        2048      2048 

	Job terminated of its own accord at 2023-06-22T20:28:21Z with exit-code 0.
...
