000 (32358499.275.000) 2023-06-22 15:06:02 Job submitted from host: <131.225.204.62:9618?addrs=131.225.204.62-9618+[2620-6a-0-8420-f0-0-204-62]-9618&alias=lpcschedd5.fnal.gov&noUDP&sock=schedd_2770_916d>
...
040 (32358499.275.000) 2023-06-22 15:13:59 Started transferring input files
	Transferring to host: <131.225.188.161:9618?addrs=[2620-6a-0-8421-f0-0-188-161]-9618+131.225.188.161-9618&alias=cmswn2055.fnal.gov&noUDP&sock=slot1_20_2025_8bab_18437>
...
040 (32358499.275.000) 2023-06-22 15:14:00 Finished transferring input files
...
001 (32358499.275.000) 2023-06-22 15:14:00 Job executing on host: <131.225.188.161:9618?addrs=[2620-6a-0-8421-f0-0-188-161]-9618+131.225.188.161-9618&alias=cmswn2055.fnal.gov&noUDP&sock=startd_1929_b647>
...
006 (32358499.275.000) 2023-06-22 15:15:10 Image size of job updated: 161
	161  -  MemoryUsage of job (MB)
	165000  -  ResidentSetSize of job (KB)
...
006 (32358499.275.000) 2023-06-22 15:16:10 Image size of job updated: 161
	161  -  MemoryUsage of job (MB)
	165024  -  ResidentSetSize of job (KB)
...
006 (32358499.275.000) 2023-06-22 15:17:10 Image size of job updated: 161
	161  -  MemoryUsage of job (MB)
	165032  -  ResidentSetSize of job (KB)
...
006 (32358499.275.000) 2023-06-22 15:18:11 Image size of job updated: 161
	161  -  MemoryUsage of job (MB)
	165040  -  ResidentSetSize of job (KB)
...
006 (32358499.275.000) 2023-06-22 15:20:11 Image size of job updated: 161
	161  -  MemoryUsage of job (MB)
	165100  -  ResidentSetSize of job (KB)
...
006 (32358499.275.000) 2023-06-22 15:21:12 Image size of job updated: 161
	161  -  MemoryUsage of job (MB)
	165140  -  ResidentSetSize of job (KB)
...
006 (32358499.275.000) 2023-06-22 15:25:44 Image size of job updated: 161
	161  -  MemoryUsage of job (MB)
	165156  -  ResidentSetSize of job (KB)
...
040 (32358499.275.000) 2023-06-22 15:25:44 Started transferring output files
...
040 (32358499.275.000) 2023-06-22 15:25:44 Finished transferring output files
...
005 (32358499.275.000) 2023-06-22 15:25:45 Job terminated.
	(1) Normal termination (return value 0)
		Usr 0 00:10:04, Sys 0 00:00:25  -  Run Remote Usage
		Usr 0 00:00:00, Sys 0 00:00:00  -  Run Local Usage
		Usr 0 00:10:04, Sys 0 00:00:25  -  Total Remote Usage
		Usr 0 00:00:00, Sys 0 00:00:00  -  Total Local Usage
	161127  -  Run Bytes Sent By Job
	224295  -  Run Bytes Received By Job
	161127  -  Total Bytes Sent By Job
	224295  -  Total Bytes Received By Job
	Partitionable Resources :    Usage  Request Allocated 
	   Cpus                 :     0.00        1         1 
	   Disk (KB)            :   925         225   1634090 
	   Memory (MB)          :   161        2048      2048 

	Job terminated of its own accord at 2023-06-22T20:25:44Z with exit-code 0.
...
