000 (32358499.315.000) 2023-06-22 15:06:02 Job submitted from host: <131.225.204.62:9618?addrs=131.225.204.62-9618+[2620-6a-0-8420-f0-0-204-62]-9618&alias=lpcschedd5.fnal.gov&noUDP&sock=schedd_2770_916d>
...
040 (32358499.315.000) 2023-06-22 15:15:02 Started transferring input files
	Transferring to host: <131.225.188.227:9618?addrs=[2620-6a-0-8421-f0-0-188-227]-9618+131.225.188.227-9618&alias=cmswn2071.fnal.gov&noUDP&sock=slot1_36_2022_6e8b_58453>
...
040 (32358499.315.000) 2023-06-22 15:15:02 Finished transferring input files
...
001 (32358499.315.000) 2023-06-22 15:15:02 Job executing on host: <131.225.188.227:9618?addrs=[2620-6a-0-8421-f0-0-188-227]-9618+131.225.188.227-9618&alias=cmswn2071.fnal.gov&noUDP&sock=startd_1930_65df>
...
006 (32358499.315.000) 2023-06-22 15:15:10 Image size of job updated: 41
	41  -  MemoryUsage of job (MB)
	42508  -  ResidentSetSize of job (KB)
...
006 (32358499.315.000) 2023-06-22 15:16:11 Image size of job updated: 163
	163  -  MemoryUsage of job (MB)
	167092  -  ResidentSetSize of job (KB)
...
006 (32358499.315.000) 2023-06-22 15:18:12 Image size of job updated: 163
	163  -  MemoryUsage of job (MB)
	167108  -  ResidentSetSize of job (KB)
...
006 (32358499.315.000) 2023-06-22 15:19:12 Image size of job updated: 163
	163  -  MemoryUsage of job (MB)
	167116  -  ResidentSetSize of job (KB)
...
006 (32358499.315.000) 2023-06-22 15:23:21 Image size of job updated: 163
	163  -  MemoryUsage of job (MB)
	167212  -  ResidentSetSize of job (KB)
...
006 (32358499.315.000) 2023-06-22 15:27:23 Image size of job updated: 163
	163  -  MemoryUsage of job (MB)
	167228  -  ResidentSetSize of job (KB)
...
040 (32358499.315.000) 2023-06-22 15:28:20 Started transferring output files
...
040 (32358499.315.000) 2023-06-22 15:28:20 Finished transferring output files
...
005 (32358499.315.000) 2023-06-22 15:28:21 Job terminated.
	(1) Normal termination (return value 0)
		Usr 0 00:11:01, Sys 0 00:00:28  -  Run Remote Usage
		Usr 0 00:00:00, Sys 0 00:00:00  -  Run Local Usage
		Usr 0 00:11:01, Sys 0 00:00:28  -  Total Remote Usage
		Usr 0 00:00:00, Sys 0 00:00:00  -  Total Local Usage
	163992  -  Run Bytes Sent By Job
	224295  -  Run Bytes Received By Job
	163992  -  Total Bytes Sent By Job
	224295  -  Total Bytes Received By Job
	Partitionable Resources :    Usage  Request Allocated 
	   Cpus                 :        0        1         1 
	   Disk (KB)            :      929      225   1621266 
	   Memory (MB)          :      163     2048      2048 

	Job terminated of its own accord at 2023-06-22T20:28:20Z with exit-code 0.
...
