000 (32358499.097.000) 2023-06-22 15:06:02 Job submitted from host: <131.225.204.62:9618?addrs=131.225.204.62-9618+[2620-6a-0-8420-f0-0-204-62]-9618&alias=lpcschedd5.fnal.gov&noUDP&sock=schedd_2770_916d>
...
040 (32358499.097.000) 2023-06-22 15:10:33 Started transferring input files
	Transferring to host: <131.225.188.76:9618?addrs=[2620-6a-0-8421-f0-0-188-76]-9618+131.225.188.76-9618&alias=cmswn2039.fnal.gov&noUDP&sock=slot1_55_2124_4ccf_53639>
...
040 (32358499.097.000) 2023-06-22 15:10:33 Finished transferring input files
...
001 (32358499.097.000) 2023-06-22 15:10:33 Job executing on host: <131.225.188.76:9618?addrs=[2620-6a-0-8421-f0-0-188-76]-9618+131.225.188.76-9618&alias=cmswn2039.fnal.gov&noUDP&sock=startd_2006_8712>
...
006 (32358499.097.000) 2023-06-22 15:11:42 Image size of job updated: 138
	138  -  MemoryUsage of job (MB)
	142044  -  ResidentSetSize of job (KB)
...
006 (32358499.097.000) 2023-06-22 15:12:43 Image size of job updated: 138
	138  -  MemoryUsage of job (MB)
	142100  -  ResidentSetSize of job (KB)
...
006 (32358499.097.000) 2023-06-22 15:13:43 Image size of job updated: 138
	138  -  MemoryUsage of job (MB)
	142152  -  ResidentSetSize of job (KB)
...
006 (32358499.097.000) 2023-06-22 15:13:56 Image size of job updated: 138
	138  -  MemoryUsage of job (MB)
	142156  -  ResidentSetSize of job (KB)
...
040 (32358499.097.000) 2023-06-22 15:13:56 Started transferring output files
...
040 (32358499.097.000) 2023-06-22 15:13:56 Finished transferring output files
...
005 (32358499.097.000) 2023-06-22 15:13:58 Job terminated.
	(1) Normal termination (return value 0)
		Usr 0 00:02:43, Sys 0 00:00:07  -  Run Remote Usage
		Usr 0 00:00:00, Sys 0 00:00:00  -  Run Local Usage
		Usr 0 00:02:43, Sys 0 00:00:07  -  Total Remote Usage
		Usr 0 00:00:00, Sys 0 00:00:00  -  Total Local Usage
	139785  -  Run Bytes Sent By Job
	224294  -  Run Bytes Received By Job
	139785  -  Total Bytes Sent By Job
	224294  -  Total Bytes Received By Job
	Partitionable Resources :    Usage  Request Allocated 
	   Cpus                 :     0.00        1         1 
	   Disk (KB)            :   906         225   1642076 
	   Memory (MB)          :   138        2048      2048 

	Job terminated of its own accord at 2023-06-22T20:13:56Z with exit-code 0.
...
