000 (32358499.304.000) 2023-06-22 15:06:02 Job submitted from host: <131.225.204.62:9618?addrs=131.225.204.62-9618+[2620-6a-0-8420-f0-0-204-62]-9618&alias=lpcschedd5.fnal.gov&noUDP&sock=schedd_2770_916d>
...
040 (32358499.304.000) 2023-06-22 15:14:49 Entered queue to transfer input files
	Transferring to host: <131.225.189.155:9618?addrs=[2620-6a-0-8421-f0-0-189-155]-9618+131.225.189.155-9618&alias=cmswn2112.fnal.gov&noUDP&sock=slot1_18_2121_2faf_53768>
...
040 (32358499.304.000) 2023-06-22 15:14:53 Started transferring input files
	Seconds spent in queue: 4
...
040 (32358499.304.000) 2023-06-22 15:14:53 Finished transferring input files
...
001 (32358499.304.000) 2023-06-22 15:14:53 Job executing on host: <131.225.189.155:9618?addrs=[2620-6a-0-8421-f0-0-189-155]-9618+131.225.189.155-9618&alias=cmswn2112.fnal.gov&noUDP&sock=startd_2024_dfc6>
...
006 (32358499.304.000) 2023-06-22 15:15:02 Image size of job updated: 4
	4  -  MemoryUsage of job (MB)
	5008  -  ResidentSetSize of job (KB)
...
006 (32358499.304.000) 2023-06-22 15:16:03 Image size of job updated: 134
	134  -  MemoryUsage of job (MB)
	137304  -  ResidentSetSize of job (KB)
...
040 (32358499.304.000) 2023-06-22 15:16:30 Started transferring output files
	Seconds spent in queue: 101
...
040 (32358499.304.000) 2023-06-22 15:16:30 Finished transferring output files
...
005 (32358499.304.000) 2023-06-22 15:16:31 Job terminated.
	(1) Normal termination (return value 0)
		Usr 0 00:00:53, Sys 0 00:00:03  -  Run Remote Usage
		Usr 0 00:00:00, Sys 0 00:00:00  -  Run Local Usage
		Usr 0 00:00:53, Sys 0 00:00:03  -  Total Remote Usage
		Usr 0 00:00:00, Sys 0 00:00:00  -  Total Local Usage
	128874  -  Run Bytes Sent By Job
	224295  -  Run Bytes Received By Job
	128874  -  Total Bytes Sent By Job
	224295  -  Total Bytes Received By Job
	Partitionable Resources :    Usage  Request Allocated 
	   Cpus                 :        0        1         1 
	   Disk (KB)            :      890      225   3454594 
	   Memory (MB)          :      134     2048      2048 

	Job terminated of its own accord at 2023-06-22T20:16:29Z with exit-code 0.
...
