000 (32358499.204.000) 2023-06-22 15:06:02 Job submitted from host: <131.225.204.62:9618?addrs=131.225.204.62-9618+[2620-6a-0-8420-f0-0-204-62]-9618&alias=lpcschedd5.fnal.gov&noUDP&sock=schedd_2770_916d>
...
040 (32358499.204.000) 2023-06-22 15:11:40 Started transferring input files
	Transferring to host: <131.225.188.179:9618?addrs=[2620-6a-0-8421-f0-0-188-179]-9618+131.225.188.179-9618&alias=cmswn2059.fnal.gov&noUDP&sock=slot1_45_2012_62cb_10043>
...
040 (32358499.204.000) 2023-06-22 15:11:40 Finished transferring input files
...
001 (32358499.204.000) 2023-06-22 15:11:40 Job executing on host: <131.225.188.179:9618?addrs=[2620-6a-0-8421-f0-0-188-179]-9618+131.225.188.179-9618&alias=cmswn2059.fnal.gov&noUDP&sock=startd_1929_b647>
...
006 (32358499.204.000) 2023-06-22 15:11:49 Image size of job updated: 6
	6  -  MemoryUsage of job (MB)
	6960  -  ResidentSetSize of job (KB)
...
006 (32358499.204.000) 2023-06-22 15:12:49 Image size of job updated: 161
	161  -  MemoryUsage of job (MB)
	164916  -  ResidentSetSize of job (KB)
...
006 (32358499.204.000) 2023-06-22 15:14:51 Image size of job updated: 161
	161  -  MemoryUsage of job (MB)
	164928  -  ResidentSetSize of job (KB)
...
006 (32358499.204.000) 2023-06-22 15:16:51 Image size of job updated: 161
	161  -  MemoryUsage of job (MB)
	165008  -  ResidentSetSize of job (KB)
...
006 (32358499.204.000) 2023-06-22 15:17:51 Image size of job updated: 161
	161  -  MemoryUsage of job (MB)
	165032  -  ResidentSetSize of job (KB)
...
040 (32358499.204.000) 2023-06-22 15:21:35 Started transferring output files
...
040 (32358499.204.000) 2023-06-22 15:21:35 Finished transferring output files
...
005 (32358499.204.000) 2023-06-22 15:21:37 Job terminated.
	(1) Normal termination (return value 0)
		Usr 0 00:08:55, Sys 0 00:00:22  -  Run Remote Usage
		Usr 0 00:00:00, Sys 0 00:00:00  -  Run Local Usage
		Usr 0 00:08:55, Sys 0 00:00:22  -  Total Remote Usage
		Usr 0 00:00:00, Sys 0 00:00:00  -  Total Local Usage
	161036  -  Run Bytes Sent By Job
	224295  -  Run Bytes Received By Job
	161036  -  Total Bytes Sent By Job
	224295  -  Total Bytes Received By Job
	Partitionable Resources :    Usage  Request Allocated 
	   Cpus                 :     0.00        1         1 
	   Disk (KB)            :   924         225   1654204 
	   Memory (MB)          :   161        2048      2048 

	Job terminated of its own accord at 2023-06-22T20:21:35Z with exit-code 0.
...
