000 (32358499.234.000) 2023-06-22 15:06:02 Job submitted from host: <131.225.204.62:9618?addrs=131.225.204.62-9618+[2620-6a-0-8420-f0-0-204-62]-9618&alias=lpcschedd5.fnal.gov&noUDP&sock=schedd_2770_916d>
...
040 (32358499.234.000) 2023-06-22 15:12:35 Started transferring input files
	Transferring to host: <131.225.188.184:9618?addrs=[2620-6a-0-8421-f0-0-188-184]-9618+131.225.188.184-9618&alias=cmswn2061.fnal.gov&noUDP&sock=slot1_16_2109_bb2f_8628>
...
040 (32358499.234.000) 2023-06-22 15:12:36 Finished transferring input files
...
001 (32358499.234.000) 2023-06-22 15:12:36 Job executing on host: <131.225.188.184:9618?addrs=[2620-6a-0-8421-f0-0-188-184]-9618+131.225.188.184-9618&alias=cmswn2061.fnal.gov&noUDP&sock=startd_2020_2165>
...
006 (32358499.234.000) 2023-06-22 15:13:45 Image size of job updated: 106
	106  -  MemoryUsage of job (MB)
	108744  -  ResidentSetSize of job (KB)
...
006 (32358499.234.000) 2023-06-22 15:14:47 Image size of job updated: 142
	142  -  MemoryUsage of job (MB)
	145864  -  ResidentSetSize of job (KB)
...
006 (32358499.234.000) 2023-06-22 15:15:48 Image size of job updated: 142
	142  -  MemoryUsage of job (MB)
	145884  -  ResidentSetSize of job (KB)
...
006 (32358499.234.000) 2023-06-22 15:16:50 Image size of job updated: 142
	142  -  MemoryUsage of job (MB)
	146036  -  ResidentSetSize of job (KB)
...
006 (32358499.234.000) 2023-06-22 15:17:37 Image size of job updated: 142
	142  -  MemoryUsage of job (MB)
	146040  -  ResidentSetSize of job (KB)
...
040 (32358499.234.000) 2023-06-22 15:17:37 Started transferring output files
...
040 (32358499.234.000) 2023-06-22 15:17:37 Finished transferring output files
...
005 (32358499.234.000) 2023-06-22 15:17:38 Job terminated.
	(1) Normal termination (return value 0)
		Usr 0 00:02:50, Sys 0 00:00:08  -  Run Remote Usage
		Usr 0 00:00:00, Sys 0 00:00:00  -  Run Local Usage
		Usr 0 00:02:50, Sys 0 00:00:08  -  Total Remote Usage
		Usr 0 00:00:00, Sys 0 00:00:00  -  Total Local Usage
	141665  -  Run Bytes Sent By Job
	224295  -  Run Bytes Received By Job
	141665  -  Total Bytes Sent By Job
	224295  -  Total Bytes Received By Job
	Partitionable Resources :    Usage  Request Allocated 
	   Cpus                 :        0        1         1 
	   Disk (KB)            :      906      225   1643483 
	   Memory (MB)          :      142     2048      2048 

	Job terminated of its own accord at 2023-06-22T20:17:37Z with exit-code 0.
...
