000 (32358499.137.000) 2023-06-22 15:06:02 Job submitted from host: <131.225.204.62:9618?addrs=131.225.204.62-9618+[2620-6a-0-8420-f0-0-204-62]-9618&alias=lpcschedd5.fnal.gov&noUDP&sock=schedd_2770_916d>
...
040 (32358499.137.000) 2023-06-22 15:10:43 Started transferring input files
	Transferring to host: <131.225.189.15:9618?addrs=[2620-6a-0-8421-f0-0-189-15]-9618+131.225.189.15-9618&alias=cmswn2079.fnal.gov&noUDP&sock=slot1_52_2024_d74b_36231>
...
040 (32358499.137.000) 2023-06-22 15:10:43 Finished transferring input files
...
001 (32358499.137.000) 2023-06-22 15:10:43 Job executing on host: <131.225.189.15:9618?addrs=[2620-6a-0-8421-f0-0-189-15]-9618+131.225.189.15-9618&alias=cmswn2079.fnal.gov&noUDP&sock=startd_1926_a77e>
...
006 (32358499.137.000) 2023-06-22 15:11:53 Image size of job updated: 146
	146  -  MemoryUsage of job (MB)
	149840  -  ResidentSetSize of job (KB)
...
006 (32358499.137.000) 2023-06-22 15:12:53 Image size of job updated: 146
	146  -  MemoryUsage of job (MB)
	149876  -  ResidentSetSize of job (KB)
...
006 (32358499.137.000) 2023-06-22 15:13:54 Image size of job updated: 146
	146  -  MemoryUsage of job (MB)
	149884  -  ResidentSetSize of job (KB)
...
006 (32358499.137.000) 2023-06-22 15:14:54 Image size of job updated: 146
	146  -  MemoryUsage of job (MB)
	149996  -  ResidentSetSize of job (KB)
...
006 (32358499.137.000) 2023-06-22 15:15:56 Image size of job updated: 146
	146  -  MemoryUsage of job (MB)
	150012  -  ResidentSetSize of job (KB)
...
040 (32358499.137.000) 2023-06-22 15:16:33 Started transferring output files
...
040 (32358499.137.000) 2023-06-22 15:16:33 Finished transferring output files
...
005 (32358499.137.000) 2023-06-22 15:16:39 Job terminated.
	(1) Normal termination (return value 0)
		Usr 0 00:03:57, Sys 0 00:00:10  -  Run Remote Usage
		Usr 0 00:00:00, Sys 0 00:00:00  -  Run Local Usage
		Usr 0 00:03:57, Sys 0 00:00:10  -  Total Remote Usage
		Usr 0 00:00:00, Sys 0 00:00:00  -  Total Local Usage
	146817  -  Run Bytes Sent By Job
	224295  -  Run Bytes Received By Job
	146817  -  Total Bytes Sent By Job
	224295  -  Total Bytes Received By Job
	Partitionable Resources :    Usage  Request Allocated 
	   Cpus                 :        0        1         1 
	   Disk (KB)            :      913      225   1645666 
	   Memory (MB)          :      146     2048      2048 

	Job terminated of its own accord at 2023-06-22T20:16:33Z with exit-code 0.
...
