000 (32358499.321.000) 2023-06-22 15:06:02 Job submitted from host: <131.225.204.62:9618?addrs=131.225.204.62-9618+[2620-6a-0-8420-f0-0-204-62]-9618&alias=lpcschedd5.fnal.gov&noUDP&sock=schedd_2770_916d>
...
040 (32358499.321.000) 2023-06-22 15:15:13 Entered queue to transfer input files
	Transferring to host: <131.225.189.62:9618?addrs=[2620-6a-0-8421-f0-0-189-62]-9618+131.225.189.62-9618&alias=cmswn2077.fnal.gov&noUDP&sock=slot1_1_2107_526f_42209>
...
040 (32358499.321.000) 2023-06-22 15:15:32 Started transferring input files
	Seconds spent in queue: 19
...
040 (32358499.321.000) 2023-06-22 15:15:32 Finished transferring input files
...
001 (32358499.321.000) 2023-06-22 15:15:32 Job executing on host: <131.225.189.62:9618?addrs=[2620-6a-0-8421-f0-0-189-62]-9618+131.225.189.62-9618&alias=cmswn2077.fnal.gov&noUDP&sock=startd_2017_129d>
...
006 (32358499.321.000) 2023-06-22 15:15:41 Image size of job updated: 11
	11  -  MemoryUsage of job (MB)
	11320  -  ResidentSetSize of job (KB)
...
006 (32358499.321.000) 2023-06-22 15:16:42 Image size of job updated: 152
	152  -  MemoryUsage of job (MB)
	156152  -  ResidentSetSize of job (KB)
...
006 (32358499.321.000) 2023-06-22 15:17:42 Image size of job updated: 152
	152  -  MemoryUsage of job (MB)
	156160  -  ResidentSetSize of job (KB)
...
006 (32358499.321.000) 2023-06-22 15:18:43 Image size of job updated: 152
	152  -  MemoryUsage of job (MB)
	156184  -  ResidentSetSize of job (KB)
...
006 (32358499.321.000) 2023-06-22 15:20:44 Image size of job updated: 152
	152  -  MemoryUsage of job (MB)
	156288  -  ResidentSetSize of job (KB)
...
006 (32358499.321.000) 2023-06-22 15:23:46 Image size of job updated: 152
	152  -  MemoryUsage of job (MB)
	156304  -  ResidentSetSize of job (KB)
...
040 (32358499.321.000) 2023-06-22 15:24:32 Started transferring output files
	Seconds spent in queue: 559
...
040 (32358499.321.000) 2023-06-22 15:24:32 Finished transferring output files
...
005 (32358499.321.000) 2023-06-22 15:24:46 Job terminated.
	(1) Normal termination (return value 0)
		Usr 0 00:06:31, Sys 0 00:00:20  -  Run Remote Usage
		Usr 0 00:00:00, Sys 0 00:00:00  -  Run Local Usage
		Usr 0 00:06:31, Sys 0 00:00:20  -  Total Remote Usage
		Usr 0 00:00:00, Sys 0 00:00:00  -  Total Local Usage
	157398  -  Run Bytes Sent By Job
	224295  -  Run Bytes Received By Job
	157398  -  Total Bytes Sent By Job
	224295  -  Total Bytes Received By Job
	Partitionable Resources :    Usage  Request Allocated 
	   Cpus                 :        0        1         1 
	   Disk (KB)            :      923      225   1621207 
	   Memory (MB)          :      152     2048      2048 

	Job terminated of its own accord at 2023-06-22T20:24:31Z with exit-code 0.
...
