000 (32358499.433.000) 2023-06-22 15:06:03 Job submitted from host: <131.225.204.62:9618?addrs=131.225.204.62-9618+[2620-6a-0-8420-f0-0-204-62]-9618&alias=lpcschedd5.fnal.gov&noUDP&sock=schedd_2770_916d>
...
040 (32358499.433.000) 2023-06-22 15:17:28 Started transferring input files
	Transferring to host: <131.225.189.162:9618?addrs=[2620-6a-0-8421-f0-0-189-162]-9618+131.225.189.162-9618&alias=cmswn2116.fnal.gov&noUDP&sock=slot1_31_2153_bbb1_49531>
...
040 (32358499.433.000) 2023-06-22 15:17:28 Finished transferring input files
...
001 (32358499.433.000) 2023-06-22 15:17:28 Job executing on host: <131.225.189.162:9618?addrs=[2620-6a-0-8421-f0-0-189-162]-9618+131.225.189.162-9618&alias=cmswn2116.fnal.gov&noUDP&sock=startd_2040_d94a>
...
006 (32358499.433.000) 2023-06-22 15:17:37 Image size of job updated: 6
	6  -  MemoryUsage of job (MB)
	6856  -  ResidentSetSize of job (KB)
...
006 (32358499.433.000) 2023-06-22 15:18:38 Image size of job updated: 146
	146  -  MemoryUsage of job (MB)
	149952  -  ResidentSetSize of job (KB)
...
006 (32358499.433.000) 2023-06-22 15:19:39 Image size of job updated: 146
	146  -  MemoryUsage of job (MB)
	149964  -  ResidentSetSize of job (KB)
...
006 (32358499.433.000) 2023-06-22 15:20:40 Image size of job updated: 146
	146  -  MemoryUsage of job (MB)
	150000  -  ResidentSetSize of job (KB)
...
006 (32358499.433.000) 2023-06-22 15:21:40 Image size of job updated: 146
	146  -  MemoryUsage of job (MB)
	150008  -  ResidentSetSize of job (KB)
...
006 (32358499.433.000) 2023-06-22 15:23:42 Image size of job updated: 146
	146  -  MemoryUsage of job (MB)
	150112  -  ResidentSetSize of job (KB)
...
006 (32358499.433.000) 2023-06-22 15:24:34 Image size of job updated: 146
	146  -  MemoryUsage of job (MB)
	150116  -  ResidentSetSize of job (KB)
...
040 (32358499.433.000) 2023-06-22 15:24:34 Started transferring output files
...
040 (32358499.433.000) 2023-06-22 15:24:34 Finished transferring output files
...
005 (32358499.433.000) 2023-06-22 15:24:36 Job terminated.
	(1) Normal termination (return value 0)
		Usr 0 00:05:30, Sys 0 00:00:16  -  Run Remote Usage
		Usr 0 00:00:00, Sys 0 00:00:00  -  Run Local Usage
		Usr 0 00:05:30, Sys 0 00:00:16  -  Total Remote Usage
		Usr 0 00:00:00, Sys 0 00:00:00  -  Total Local Usage
	152032  -  Run Bytes Sent By Job
	224295  -  Run Bytes Received By Job
	152032  -  Total Bytes Sent By Job
	224295  -  Total Bytes Received By Job
	Partitionable Resources :    Usage  Request Allocated 
	   Cpus                 :     0.01        1         1 
	   Disk (KB)            :   914         225   3464731 
	   Memory (MB)          :   146        2048      2048 

	Job terminated of its own accord at 2023-06-22T20:24:34Z with exit-code 0.
...
