000 (32358499.033.000) 2023-06-22 15:06:01 Job submitted from host: <131.225.204.62:9618?addrs=131.225.204.62-9618+[2620-6a-0-8420-f0-0-204-62]-9618&alias=lpcschedd5.fnal.gov&noUDP&sock=schedd_2770_916d>
...
040 (32358499.033.000) 2023-06-22 15:08:58 Started transferring input files
	Transferring to host: <131.225.189.47:9618?addrs=[2620-6a-0-8421-f0-0-189-47]-9618+131.225.189.47-9618&alias=cmswn2096.fnal.gov&noUDP&sock=slot1_55_2090_580e_8897>
...
040 (32358499.033.000) 2023-06-22 15:08:59 Finished transferring input files
...
001 (32358499.033.000) 2023-06-22 15:08:59 Job executing on host: <131.225.189.47:9618?addrs=[2620-6a-0-8421-f0-0-189-47]-9618+131.225.189.47-9618&alias=cmswn2096.fnal.gov&noUDP&sock=startd_2003_7849>
...
006 (32358499.033.000) 2023-06-22 15:11:08 Image size of job updated: 146
	146  -  MemoryUsage of job (MB)
	150188  -  ResidentSetSize of job (KB)
...
006 (32358499.033.000) 2023-06-22 15:12:09 Image size of job updated: 146
	146  -  MemoryUsage of job (MB)
	150200  -  ResidentSetSize of job (KB)
...
006 (32358499.033.000) 2023-06-22 15:13:10 Image size of job updated: 146
	146  -  MemoryUsage of job (MB)
	150228  -  ResidentSetSize of job (KB)
...
006 (32358499.033.000) 2023-06-22 15:14:11 Image size of job updated: 146
	146  -  MemoryUsage of job (MB)
	150236  -  ResidentSetSize of job (KB)
...
040 (32358499.033.000) 2023-06-22 15:15:11 Started transferring output files
...
040 (32358499.033.000) 2023-06-22 15:15:11 Finished transferring output files
...
005 (32358499.033.000) 2023-06-22 15:15:12 Job terminated.
	(1) Normal termination (return value 0)
		Usr 0 00:02:42, Sys 0 00:00:07  -  Run Remote Usage
		Usr 0 00:00:00, Sys 0 00:00:00  -  Run Local Usage
		Usr 0 00:02:42, Sys 0 00:00:07  -  Total Remote Usage
		Usr 0 00:00:00, Sys 0 00:00:00  -  Total Local Usage
	150239  -  Run Bytes Sent By Job
	224294  -  Run Bytes Received By Job
	150239  -  Total Bytes Sent By Job
	224294  -  Total Bytes Received By Job
	Partitionable Resources :    Usage  Request Allocated 
	   Cpus                 :        0        1         1 
	   Disk (KB)            :      916      225   1635897 
	   Memory (MB)          :      146     2048      2048 

	Job terminated of its own accord at 2023-06-22T20:15:10Z with exit-code 0.
...
