000 (32358499.169.000) 2023-06-22 15:06:02 Job submitted from host: <131.225.204.62:9618?addrs=131.225.204.62-9618+[2620-6a-0-8420-f0-0-204-62]-9618&alias=lpcschedd5.fnal.gov&noUDP&sock=schedd_2770_916d>
...
040 (32358499.169.000) 2023-06-22 15:11:20 Entered queue to transfer input files
	Transferring to host: <131.225.189.134:9618?addrs=[2620-6a-0-8421-f0-0-189-134]-9618+131.225.189.134-9618&alias=cmswn2104.fnal.gov&noUDP&sock=slot1_16_2122_e40f_57305>
...
040 (32358499.169.000) 2023-06-22 15:11:22 Started transferring input files
	Seconds spent in queue: 2
...
040 (32358499.169.000) 2023-06-22 15:11:22 Finished transferring input files
...
001 (32358499.169.000) 2023-06-22 15:11:22 Job executing on host: <131.225.189.134:9618?addrs=[2620-6a-0-8421-f0-0-189-134]-9618+131.225.189.134-9618&alias=cmswn2104.fnal.gov&noUDP&sock=startd_2019_71cd>
...
006 (32358499.169.000) 2023-06-22 15:11:31 Image size of job updated: 25
	25  -  MemoryUsage of job (MB)
	26436  -  ResidentSetSize of job (KB)
...
006 (32358499.169.000) 2023-06-22 15:12:31 Image size of job updated: 144
	144  -  MemoryUsage of job (MB)
	148428  -  ResidentSetSize of job (KB)
...
006 (32358499.169.000) 2023-06-22 15:13:31 Image size of job updated: 145
	145  -  MemoryUsage of job (MB)
	148740  -  ResidentSetSize of job (KB)
...
006 (32358499.169.000) 2023-06-22 15:14:32 Image size of job updated: 145
	145  -  MemoryUsage of job (MB)
	148748  -  ResidentSetSize of job (KB)
...
006 (32358499.169.000) 2023-06-22 15:17:33 Image size of job updated: 145
	145  -  MemoryUsage of job (MB)
	148752  -  ResidentSetSize of job (KB)
...
006 (32358499.169.000) 2023-06-22 15:18:34 Image size of job updated: 145
	145  -  MemoryUsage of job (MB)
	148788  -  ResidentSetSize of job (KB)
...
040 (32358499.169.000) 2023-06-22 15:20:22 Started transferring output files
	Seconds spent in queue: 542
...
040 (32358499.169.000) 2023-06-22 15:20:22 Finished transferring output files
...
005 (32358499.169.000) 2023-06-22 15:20:25 Job terminated.
	(1) Normal termination (return value 0)
		Usr 0 00:03:43, Sys 0 00:00:10  -  Run Remote Usage
		Usr 0 00:00:00, Sys 0 00:00:00  -  Run Local Usage
		Usr 0 00:03:43, Sys 0 00:00:10  -  Total Remote Usage
		Usr 0 00:00:00, Sys 0 00:00:00  -  Total Local Usage
	144777  -  Run Bytes Sent By Job
	224295  -  Run Bytes Received By Job
	144777  -  Total Bytes Sent By Job
	224295  -  Total Bytes Received By Job
	Partitionable Resources :    Usage  Request Allocated 
	   Cpus                 :     0.00        1         1 
	   Disk (KB)            :   911         225   3460026 
	   Memory (MB)          :   145        2048      2048 

	Job terminated of its own accord at 2023-06-22T20:20:22Z with exit-code 0.
...
