000 (32358499.301.000) 2023-06-22 15:06:02 Job submitted from host: <131.225.204.62:9618?addrs=131.225.204.62-9618+[2620-6a-0-8420-f0-0-204-62]-9618&alias=lpcschedd5.fnal.gov&noUDP&sock=schedd_2770_916d>
...
040 (32358499.301.000) 2023-06-22 15:14:38 Started transferring input files
	Transferring to host: <131.225.188.94:9618?addrs=[2620-6a-0-8421-f0-0-188-94]-9618+131.225.188.94-9618&alias=cmswn2045.fnal.gov&noUDP&sock=slot1_10_2109_bb2f_47965>
...
040 (32358499.301.000) 2023-06-22 15:14:38 Finished transferring input files
...
001 (32358499.301.000) 2023-06-22 15:14:38 Job executing on host: <131.225.188.94:9618?addrs=[2620-6a-0-8421-f0-0-188-94]-9618+131.225.188.94-9618&alias=cmswn2045.fnal.gov&noUDP&sock=startd_1924_484e>
...
006 (32358499.301.000) 2023-06-22 15:15:49 Image size of job updated: 129
	129  -  MemoryUsage of job (MB)
	132100  -  ResidentSetSize of job (KB)
...
040 (32358499.301.000) 2023-06-22 15:15:50 Started transferring output files
...
040 (32358499.301.000) 2023-06-22 15:15:50 Finished transferring output files
...
005 (32358499.301.000) 2023-06-22 15:15:51 Job terminated.
	(1) Normal termination (return value 0)
		Usr 0 00:00:00, Sys 0 00:00:00  -  Run Remote Usage
		Usr 0 00:00:00, Sys 0 00:00:00  -  Run Local Usage
		Usr 0 00:00:00, Sys 0 00:00:00  -  Total Remote Usage
		Usr 0 00:00:00, Sys 0 00:00:00  -  Total Local Usage
	85545  -  Run Bytes Sent By Job
	224295  -  Run Bytes Received By Job
	85545  -  Total Bytes Sent By Job
	224295  -  Total Bytes Received By Job
	Partitionable Resources :    Usage  Request Allocated 
	   Cpus                 :        0        1         1 
	   Disk (KB)            :      853      225   1643101 
	   Memory (MB)          :      129     2048      2048 

	Job terminated of its own accord at 2023-06-22T20:15:50Z with exit-code 0.
...
