000 (32358499.149.000) 2023-06-22 15:06:02 Job submitted from host: <131.225.204.62:9618?addrs=131.225.204.62-9618+[2620-6a-0-8420-f0-0-204-62]-9618&alias=lpcschedd5.fnal.gov&noUDP&sock=schedd_2770_916d>
...
040 (32358499.149.000) 2023-06-22 15:10:56 Started transferring input files
	Transferring to host: <131.225.188.157:9618?addrs=[2620-6a-0-8421-f0-0-188-157]-9618+131.225.188.157-9618&alias=cmswn2053.fnal.gov&noUDP&sock=slot1_38_2017_e8ab_51950>
...
040 (32358499.149.000) 2023-06-22 15:10:56 Finished transferring input files
...
001 (32358499.149.000) 2023-06-22 15:10:56 Job executing on host: <131.225.188.157:9618?addrs=[2620-6a-0-8421-f0-0-188-157]-9618+131.225.188.157-9618&alias=cmswn2053.fnal.gov&noUDP&sock=startd_1921_3985>
...
006 (32358499.149.000) 2023-06-22 15:13:08 Image size of job updated: 156
	156  -  MemoryUsage of job (MB)
	160316  -  ResidentSetSize of job (KB)
...
006 (32358499.149.000) 2023-06-22 15:14:08 Image size of job updated: 156
	156  -  MemoryUsage of job (MB)
	160448  -  ResidentSetSize of job (KB)
...
006 (32358499.149.000) 2023-06-22 15:15:08 Image size of job updated: 156
	156  -  MemoryUsage of job (MB)
	160460  -  ResidentSetSize of job (KB)
...
006 (32358499.149.000) 2023-06-22 15:16:10 Image size of job updated: 156
	156  -  MemoryUsage of job (MB)
	160572  -  ResidentSetSize of job (KB)
...
040 (32358499.149.000) 2023-06-22 15:21:32 Started transferring output files
...
040 (32358499.149.000) 2023-06-22 15:21:32 Finished transferring output files
...
005 (32358499.149.000) 2023-06-22 15:21:33 Job terminated.
	(1) Normal termination (return value 0)
		Usr 0 00:08:04, Sys 0 00:00:21  -  Run Remote Usage
		Usr 0 00:00:00, Sys 0 00:00:00  -  Run Local Usage
		Usr 0 00:08:04, Sys 0 00:00:21  -  Total Remote Usage
		Usr 0 00:00:00, Sys 0 00:00:00  -  Total Local Usage
	160030  -  Run Bytes Sent By Job
	224295  -  Run Bytes Received By Job
	160030  -  Total Bytes Sent By Job
	224295  -  Total Bytes Received By Job
	Partitionable Resources :    Usage  Request Allocated 
	   Cpus                 :     0.00        1         1 
	   Disk (KB)            :   926         225   1639248 
	   Memory (MB)          :   156        2048      2048 

	Job terminated of its own accord at 2023-06-22T20:21:32Z with exit-code 0.
...
