000 (32358499.047.000) 2023-06-22 15:06:01 Job submitted from host: <131.225.204.62:9618?addrs=131.225.204.62-9618+[2620-6a-0-8420-f0-0-204-62]-9618&alias=lpcschedd5.fnal.gov&noUDP&sock=schedd_2770_916d>
...
040 (32358499.047.000) 2023-06-22 15:09:26 Started transferring input files
	Transferring to host: <131.225.189.87:9618?addrs=[2620-6a-0-8421-f0-0-189-87]-9618+131.225.189.87-9618&alias=cmswn2101.fnal.gov&noUDP&sock=slot1_34_2108_06cf_31248>
...
040 (32358499.047.000) 2023-06-22 15:09:26 Finished transferring input files
...
001 (32358499.047.000) 2023-06-22 15:09:26 Job executing on host: <131.225.189.87:9618?addrs=[2620-6a-0-8421-f0-0-189-87]-9618+131.225.189.87-9618&alias=cmswn2101.fnal.gov&noUDP&sock=startd_2019_71cd>
...
006 (32358499.047.000) 2023-06-22 15:15:44 Image size of job updated: 142
	142  -  MemoryUsage of job (MB)
	145452  -  ResidentSetSize of job (KB)
...
006 (32358499.047.000) 2023-06-22 15:16:45 Image size of job updated: 142
	142  -  MemoryUsage of job (MB)
	145476  -  ResidentSetSize of job (KB)
...
006 (32358499.047.000) 2023-06-22 15:17:46 Image size of job updated: 142
	142  -  MemoryUsage of job (MB)
	145504  -  ResidentSetSize of job (KB)
...
040 (32358499.047.000) 2023-06-22 15:20:28 Started transferring output files
...
040 (32358499.047.000) 2023-06-22 15:20:28 Finished transferring output files
...
005 (32358499.047.000) 2023-06-22 15:20:52 Job terminated.
	(1) Normal termination (return value 0)
		Usr 0 00:02:59, Sys 0 00:00:08  -  Run Remote Usage
		Usr 0 00:00:00, Sys 0 00:00:00  -  Run Local Usage
		Usr 0 00:02:59, Sys 0 00:00:08  -  Total Remote Usage
		Usr 0 00:00:00, Sys 0 00:00:00  -  Total Local Usage
	142982  -  Run Bytes Sent By Job
	224294  -  Run Bytes Received By Job
	142982  -  Total Bytes Sent By Job
	224294  -  Total Bytes Received By Job
	Partitionable Resources :    Usage  Request Allocated 
	   Cpus                 :     0.07        1         1 
	   Disk (KB)            :   909         225   3476116 
	   Memory (MB)          :   142        2048      2048 

	Job terminated of its own accord at 2023-06-22T20:20:26Z with exit-code 0.
...
