000 (32358499.421.000) 2023-06-22 15:06:03 Job submitted from host: <131.225.204.62:9618?addrs=131.225.204.62-9618+[2620-6a-0-8420-f0-0-204-62]-9618&alias=lpcschedd5.fnal.gov&noUDP&sock=schedd_2770_916d>
...
040 (32358499.421.000) 2023-06-22 15:17:10 Started transferring input files
	Transferring to host: <131.225.188.219:9618?addrs=[2620-6a-0-8421-f0-0-188-219]-9618+131.225.188.219-9618&alias=cmswn2070.fnal.gov&noUDP&sock=slot1_14_2110_6f8f_39829>
...
040 (32358499.421.000) 2023-06-22 15:17:10 Finished transferring input files
...
001 (32358499.421.000) 2023-06-22 15:17:10 Job executing on host: <131.225.188.219:9618?addrs=[2620-6a-0-8421-f0-0-188-219]-9618+131.225.188.219-9618&alias=cmswn2070.fnal.gov&noUDP&sock=startd_2019_71cd>
...
006 (32358499.421.000) 2023-06-22 15:17:19 Image size of job updated: 25
	25  -  MemoryUsage of job (MB)
	26620  -  ResidentSetSize of job (KB)
...
006 (32358499.421.000) 2023-06-22 15:18:20 Image size of job updated: 145
	145  -  MemoryUsage of job (MB)
	149032  -  ResidentSetSize of job (KB)
...
006 (32358499.421.000) 2023-06-22 15:19:21 Image size of job updated: 145
	145  -  MemoryUsage of job (MB)
	149040  -  ResidentSetSize of job (KB)
...
006 (32358499.421.000) 2023-06-22 15:21:22 Image size of job updated: 145
	145  -  MemoryUsage of job (MB)
	149048  -  ResidentSetSize of job (KB)
...
006 (32358499.421.000) 2023-06-22 15:23:24 Image size of job updated: 145
	145  -  MemoryUsage of job (MB)
	149148  -  ResidentSetSize of job (KB)
...
040 (32358499.421.000) 2023-06-22 15:23:43 Started transferring output files
...
040 (32358499.421.000) 2023-06-22 15:23:43 Finished transferring output files
...
005 (32358499.421.000) 2023-06-22 15:23:46 Job terminated.
	(1) Normal termination (return value 0)
		Usr 0 00:04:10, Sys 0 00:00:11  -  Run Remote Usage
		Usr 0 00:00:00, Sys 0 00:00:00  -  Run Local Usage
		Usr 0 00:04:10, Sys 0 00:00:11  -  Total Remote Usage
		Usr 0 00:00:00, Sys 0 00:00:00  -  Total Local Usage
	146628  -  Run Bytes Sent By Job
	224295  -  Run Bytes Received By Job
	146628  -  Total Bytes Sent By Job
	224295  -  Total Bytes Received By Job
	Partitionable Resources :    Usage  Request Allocated 
	   Cpus                 :     0.00        1         1 
	   Disk (KB)            :   913         225   1646883 
	   Memory (MB)          :   145        2048      2048 

	Job terminated of its own accord at 2023-06-22T20:23:43Z with exit-code 0.
...
