000 (32358499.323.000) 2023-06-22 15:06:02 Job submitted from host: <131.225.204.62:9618?addrs=131.225.204.62-9618+[2620-6a-0-8420-f0-0-204-62]-9618&alias=lpcschedd5.fnal.gov&noUDP&sock=schedd_2770_916d>
...
040 (32358499.323.000) 2023-06-22 15:15:13 Entered queue to transfer input files
	Transferring to host: <131.225.189.62:9618?addrs=[2620-6a-0-8421-f0-0-189-62]-9618+131.225.189.62-9618&alias=cmswn2077.fnal.gov&noUDP&sock=slot1_54_2107_526f_42210>
...
040 (32358499.323.000) 2023-06-22 15:15:32 Started transferring input files
	Seconds spent in queue: 19
...
040 (32358499.323.000) 2023-06-22 15:15:32 Finished transferring input files
...
001 (32358499.323.000) 2023-06-22 15:15:32 Job executing on host: <131.225.189.62:9618?addrs=[2620-6a-0-8421-f0-0-189-62]-9618+131.225.189.62-9618&alias=cmswn2077.fnal.gov&noUDP&sock=startd_2017_129d>
...
006 (32358499.323.000) 2023-06-22 15:15:41 Image size of job updated: 10
	10  -  MemoryUsage of job (MB)
	10996  -  ResidentSetSize of job (KB)
...
006 (32358499.323.000) 2023-06-22 15:16:42 Image size of job updated: 155
	155  -  MemoryUsage of job (MB)
	159064  -  ResidentSetSize of job (KB)
...
006 (32358499.323.000) 2023-06-22 15:17:42 Image size of job updated: 155
	155  -  MemoryUsage of job (MB)
	159068  -  ResidentSetSize of job (KB)
...
006 (32358499.323.000) 2023-06-22 15:19:43 Image size of job updated: 155
	155  -  MemoryUsage of job (MB)
	159076  -  ResidentSetSize of job (KB)
...
006 (32358499.323.000) 2023-06-22 15:20:44 Image size of job updated: 155
	155  -  MemoryUsage of job (MB)
	159184  -  ResidentSetSize of job (KB)
...
040 (32358499.323.000) 2023-06-22 15:26:28 Started transferring output files
	Seconds spent in queue: 675
...
040 (32358499.323.000) 2023-06-22 15:26:28 Finished transferring output files
...
005 (32358499.323.000) 2023-06-22 15:26:37 Job terminated.
	(1) Normal termination (return value 0)
		Usr 0 00:07:18, Sys 0 00:00:19  -  Run Remote Usage
		Usr 0 00:00:00, Sys 0 00:00:00  -  Run Local Usage
		Usr 0 00:07:18, Sys 0 00:00:19  -  Total Remote Usage
		Usr 0 00:00:00, Sys 0 00:00:00  -  Total Local Usage
	161928  -  Run Bytes Sent By Job
	224295  -  Run Bytes Received By Job
	161928  -  Total Bytes Sent By Job
	224295  -  Total Bytes Received By Job
	Partitionable Resources :    Usage  Request Allocated 
	   Cpus                 :        0        1         1 
	   Disk (KB)            :      927      225   1621207 
	   Memory (MB)          :      155     2048      2048 

	Job terminated of its own accord at 2023-06-22T20:26:28Z with exit-code 0.
...
