000 (32358499.227.000) 2023-06-22 15:06:02 Job submitted from host: <131.225.204.62:9618?addrs=131.225.204.62-9618+[2620-6a-0-8420-f0-0-204-62]-9618&alias=lpcschedd5.fnal.gov&noUDP&sock=schedd_2770_916d>
...
040 (32358499.227.000) 2023-06-22 15:12:32 Started transferring input files
	Transferring to host: <131.225.188.184:9618?addrs=[2620-6a-0-8421-f0-0-188-184]-9618+131.225.188.184-9618&alias=cmswn2061.fnal.gov&noUDP&sock=slot1_9_2109_bb2f_8626>
...
040 (32358499.227.000) 2023-06-22 15:12:32 Finished transferring input files
...
001 (32358499.227.000) 2023-06-22 15:12:32 Job executing on host: <131.225.188.184:9618?addrs=[2620-6a-0-8421-f0-0-188-184]-9618+131.225.188.184-9618&alias=cmswn2061.fnal.gov&noUDP&sock=startd_2020_2165>
...
006 (32358499.227.000) 2023-06-22 15:13:41 Image size of job updated: 151
	151  -  MemoryUsage of job (MB)
	154704  -  ResidentSetSize of job (KB)
...
006 (32358499.227.000) 2023-06-22 15:14:42 Image size of job updated: 152
	152  -  MemoryUsage of job (MB)
	155984  -  ResidentSetSize of job (KB)
...
006 (32358499.227.000) 2023-06-22 15:16:44 Image size of job updated: 152
	152  -  MemoryUsage of job (MB)
	156016  -  ResidentSetSize of job (KB)
...
006 (32358499.227.000) 2023-06-22 15:17:44 Image size of job updated: 152
	152  -  MemoryUsage of job (MB)
	156024  -  ResidentSetSize of job (KB)
...
006 (32358499.227.000) 2023-06-22 15:20:45 Image size of job updated: 152
	152  -  MemoryUsage of job (MB)
	156128  -  ResidentSetSize of job (KB)
...
006 (32358499.227.000) 2023-06-22 15:21:40 Image size of job updated: 152
	152  -  MemoryUsage of job (MB)
	156136  -  ResidentSetSize of job (KB)
...
040 (32358499.227.000) 2023-06-22 15:21:41 Started transferring output files
...
040 (32358499.227.000) 2023-06-22 15:21:41 Finished transferring output files
...
005 (32358499.227.000) 2023-06-22 15:21:42 Job terminated.
	(1) Normal termination (return value 0)
		Usr 0 00:06:44, Sys 0 00:00:18  -  Run Remote Usage
		Usr 0 00:00:00, Sys 0 00:00:00  -  Run Local Usage
		Usr 0 00:06:44, Sys 0 00:00:18  -  Total Remote Usage
		Usr 0 00:00:00, Sys 0 00:00:00  -  Total Local Usage
	152850  -  Run Bytes Sent By Job
	224295  -  Run Bytes Received By Job
	152850  -  Total Bytes Sent By Job
	224295  -  Total Bytes Received By Job
	Partitionable Resources :    Usage  Request Allocated 
	   Cpus                 :        0        1         1 
	   Disk (KB)            :      917      225   1643483 
	   Memory (MB)          :      152     2048      2048 

	Job terminated of its own accord at 2023-06-22T20:21:40Z with exit-code 0.
...
