000 (32358499.379.000) 2023-06-22 15:06:02 Job submitted from host: <131.225.204.62:9618?addrs=131.225.204.62-9618+[2620-6a-0-8420-f0-0-204-62]-9618&alias=lpcschedd5.fnal.gov&noUDP&sock=schedd_2770_916d>
...
040 (32358499.379.000) 2023-06-22 15:16:23 Entered queue to transfer input files
	Transferring to host: <131.225.189.134:9618?addrs=[2620-6a-0-8421-f0-0-189-134]-9618+131.225.189.134-9618&alias=cmswn2104.fnal.gov&noUDP&sock=slot1_26_2122_e40f_57321>
...
040 (32358499.379.000) 2023-06-22 15:16:30 Started transferring input files
	Seconds spent in queue: 7
...
040 (32358499.379.000) 2023-06-22 15:16:30 Finished transferring input files
...
001 (32358499.379.000) 2023-06-22 15:16:30 Job executing on host: <131.225.189.134:9618?addrs=[2620-6a-0-8421-f0-0-189-134]-9618+131.225.189.134-9618&alias=cmswn2104.fnal.gov&noUDP&sock=startd_2019_71cd>
...
006 (32358499.379.000) 2023-06-22 15:16:39 Image size of job updated: 3
	3  -  MemoryUsage of job (MB)
	3964  -  ResidentSetSize of job (KB)
...
006 (32358499.379.000) 2023-06-22 15:17:39 Image size of job updated: 154
	154  -  MemoryUsage of job (MB)
	158352  -  ResidentSetSize of job (KB)
...
006 (32358499.379.000) 2023-06-22 15:18:39 Image size of job updated: 154
	154  -  MemoryUsage of job (MB)
	158396  -  ResidentSetSize of job (KB)
...
006 (32358499.379.000) 2023-06-22 15:19:40 Image size of job updated: 154
	154  -  MemoryUsage of job (MB)
	158400  -  ResidentSetSize of job (KB)
...
006 (32358499.379.000) 2023-06-22 15:20:40 Image size of job updated: 154
	154  -  MemoryUsage of job (MB)
	158432  -  ResidentSetSize of job (KB)
...
006 (32358499.379.000) 2023-06-22 15:21:40 Image size of job updated: 154
	154  -  MemoryUsage of job (MB)
	158436  -  ResidentSetSize of job (KB)
...
040 (32358499.379.000) 2023-06-22 15:25:32 Started transferring output files
	Seconds spent in queue: 549
...
040 (32358499.379.000) 2023-06-22 15:25:32 Finished transferring output files
...
005 (32358499.379.000) 2023-06-22 15:25:35 Job terminated.
	(1) Normal termination (return value 0)
		Usr 0 00:07:21, Sys 0 00:00:19  -  Run Remote Usage
		Usr 0 00:00:00, Sys 0 00:00:00  -  Run Local Usage
		Usr 0 00:07:21, Sys 0 00:00:19  -  Total Remote Usage
		Usr 0 00:00:00, Sys 0 00:00:00  -  Total Local Usage
	159394  -  Run Bytes Sent By Job
	224295  -  Run Bytes Received By Job
	159394  -  Total Bytes Sent By Job
	224295  -  Total Bytes Received By Job
	Partitionable Resources :    Usage  Request Allocated 
	   Cpus                 :        0        1         1 
	   Disk (KB)            :      925      225   3460026 
	   Memory (MB)          :      154     2048      2048 

	Job terminated of its own accord at 2023-06-22T20:25:32Z with exit-code 0.
...
