000 (32358499.172.000) 2023-06-22 15:06:02 Job submitted from host: <131.225.204.62:9618?addrs=131.225.204.62-9618+[2620-6a-0-8420-f0-0-204-62]-9618&alias=lpcschedd5.fnal.gov&noUDP&sock=schedd_2770_916d>
...
040 (32358499.172.000) 2023-06-22 15:11:19 Entered queue to transfer input files
	Transferring to host: <131.225.189.27:9618?addrs=[2620-6a-0-8421-f0-0-189-27]-9618+131.225.189.27-9618&alias=cmswn2084.fnal.gov&noUDP&sock=slot1_12_2245_8e34_66509>
...
040 (32358499.172.000) 2023-06-22 15:11:21 Started transferring input files
	Seconds spent in queue: 2
...
040 (32358499.172.000) 2023-06-22 15:11:21 Finished transferring input files
...
001 (32358499.172.000) 2023-06-22 15:11:21 Job executing on host: <131.225.189.27:9618?addrs=[2620-6a-0-8421-f0-0-189-27]-9618+131.225.189.27-9618&alias=cmswn2084.fnal.gov&noUDP&sock=startd_1939_9239>
...
006 (32358499.172.000) 2023-06-22 15:12:29 Image size of job updated: 146
	146  -  MemoryUsage of job (MB)
	150324  -  ResidentSetSize of job (KB)
...
006 (32358499.172.000) 2023-06-22 15:13:30 Image size of job updated: 147
	147  -  MemoryUsage of job (MB)
	150536  -  ResidentSetSize of job (KB)
...
006 (32358499.172.000) 2023-06-22 15:14:30 Image size of job updated: 147
	147  -  MemoryUsage of job (MB)
	150560  -  ResidentSetSize of job (KB)
...
006 (32358499.172.000) 2023-06-22 15:15:31 Image size of job updated: 147
	147  -  MemoryUsage of job (MB)
	150564  -  ResidentSetSize of job (KB)
...
006 (32358499.172.000) 2023-06-22 15:16:31 Image size of job updated: 147
	147  -  MemoryUsage of job (MB)
	150688  -  ResidentSetSize of job (KB)
...
006 (32358499.172.000) 2023-06-22 15:20:02 Image size of job updated: 147
	147  -  MemoryUsage of job (MB)
	150784  -  ResidentSetSize of job (KB)
...
040 (32358499.172.000) 2023-06-22 15:20:03 Started transferring output files
	Seconds spent in queue: 524
...
040 (32358499.172.000) 2023-06-22 15:20:03 Finished transferring output files
...
005 (32358499.172.000) 2023-06-22 15:20:05 Job terminated.
	(1) Normal termination (return value 0)
		Usr 0 00:06:17, Sys 0 00:00:16  -  Run Remote Usage
		Usr 0 00:00:00, Sys 0 00:00:00  -  Run Local Usage
		Usr 0 00:06:17, Sys 0 00:00:16  -  Total Remote Usage
		Usr 0 00:00:00, Sys 0 00:00:00  -  Total Local Usage
	152246  -  Run Bytes Sent By Job
	224295  -  Run Bytes Received By Job
	152246  -  Total Bytes Sent By Job
	224295  -  Total Bytes Received By Job
	Partitionable Resources :    Usage  Request Allocated 
	   Cpus                 :     0.00        1         1 
	   Disk (KB)            :   918         225   1637039 
	   Memory (MB)          :   147        2048      2048 

	Job terminated of its own accord at 2023-06-22T20:20:02Z with exit-code 0.
...
