000 (32358499.195.000) 2023-06-22 15:06:02 Job submitted from host: <131.225.204.62:9618?addrs=131.225.204.62-9618+[2620-6a-0-8420-f0-0-204-62]-9618&alias=lpcschedd5.fnal.gov&noUDP&sock=schedd_2770_916d>
...
040 (32358499.195.000) 2023-06-22 15:11:35 Started transferring input files
	Transferring to host: <131.225.188.14:9618?addrs=[2620-6a-0-8421-f0-0-188-14]-9618+131.225.188.14-9618&alias=cmswn2019.fnal.gov&noUDP&sock=slot1_22_2024_d74b_53174>
...
040 (32358499.195.000) 2023-06-22 15:11:35 Finished transferring input files
...
001 (32358499.195.000) 2023-06-22 15:11:35 Job executing on host: <131.225.188.14:9618?addrs=[2620-6a-0-8421-f0-0-188-14]-9618+131.225.188.14-9618&alias=cmswn2019.fnal.gov&noUDP&sock=startd_1918_2abc>
...
006 (32358499.195.000) 2023-06-22 15:11:44 Image size of job updated: 35
	35  -  MemoryUsage of job (MB)
	36416  -  ResidentSetSize of job (KB)
...
006 (32358499.195.000) 2023-06-22 15:12:44 Image size of job updated: 149
	149  -  MemoryUsage of job (MB)
	152668  -  ResidentSetSize of job (KB)
...
006 (32358499.195.000) 2023-06-22 15:13:44 Image size of job updated: 149
	149  -  MemoryUsage of job (MB)
	152696  -  ResidentSetSize of job (KB)
...
006 (32358499.195.000) 2023-06-22 15:14:45 Image size of job updated: 149
	149  -  MemoryUsage of job (MB)
	152712  -  ResidentSetSize of job (KB)
...
006 (32358499.195.000) 2023-06-22 15:16:47 Image size of job updated: 149
	149  -  MemoryUsage of job (MB)
	152768  -  ResidentSetSize of job (KB)
...
006 (32358499.195.000) 2023-06-22 15:17:47 Image size of job updated: 149
	149  -  MemoryUsage of job (MB)
	152804  -  ResidentSetSize of job (KB)
...
040 (32358499.195.000) 2023-06-22 15:17:53 Started transferring output files
...
040 (32358499.195.000) 2023-06-22 15:17:53 Finished transferring output files
...
005 (32358499.195.000) 2023-06-22 15:17:57 Job terminated.
	(1) Normal termination (return value 0)
		Usr 0 00:04:34, Sys 0 00:00:12  -  Run Remote Usage
		Usr 0 00:00:00, Sys 0 00:00:00  -  Run Local Usage
		Usr 0 00:04:34, Sys 0 00:00:12  -  Total Remote Usage
		Usr 0 00:00:00, Sys 0 00:00:00  -  Total Local Usage
	151432  -  Run Bytes Sent By Job
	224295  -  Run Bytes Received By Job
	151432  -  Total Bytes Sent By Job
	224295  -  Total Bytes Received By Job
	Partitionable Resources :    Usage  Request Allocated 
	   Cpus                 :     0.00        1         1 
	   Disk (KB)            :   918         225   1636260 
	   Memory (MB)          :   149        2048      2048 

	Job terminated of its own accord at 2023-06-22T20:17:52Z with exit-code 0.
...
