000 (32358499.341.000) 2023-06-22 15:06:02 Job submitted from host: <131.225.204.62:9618?addrs=131.225.204.62-9618+[2620-6a-0-8420-f0-0-204-62]-9618&alias=lpcschedd5.fnal.gov&noUDP&sock=schedd_2770_916d>
...
040 (32358499.341.000) 2023-06-22 15:15:32 Started transferring input files
	Transferring to host: <131.225.188.84:9618?addrs=[2620-6a-0-8421-f0-0-188-84]-9618+131.225.188.84-9618&alias=cmswn2041.fnal.gov&noUDP&sock=slot1_60_2021_ba2b_81399>
...
040 (32358499.341.000) 2023-06-22 15:15:32 Finished transferring input files
...
001 (32358499.341.000) 2023-06-22 15:15:32 Job executing on host: <131.225.188.84:9618?addrs=[2620-6a-0-8421-f0-0-188-84]-9618+131.225.188.84-9618&alias=cmswn2041.fnal.gov&noUDP&sock=startd_1927_5717>
...
006 (32358499.341.000) 2023-06-22 15:15:41 Image size of job updated: 43
	43  -  MemoryUsage of job (MB)
	44656  -  ResidentSetSize of job (KB)
...
006 (32358499.341.000) 2023-06-22 15:16:42 Image size of job updated: 145
	145  -  MemoryUsage of job (MB)
	149216  -  ResidentSetSize of job (KB)
...
006 (32358499.341.000) 2023-06-22 15:17:42 Image size of job updated: 145
	145  -  MemoryUsage of job (MB)
	149240  -  ResidentSetSize of job (KB)
...
006 (32358499.341.000) 2023-06-22 15:18:43 Image size of job updated: 145
	145  -  MemoryUsage of job (MB)
	149252  -  ResidentSetSize of job (KB)
...
006 (32358499.341.000) 2023-06-22 15:20:44 Image size of job updated: 145
	145  -  MemoryUsage of job (MB)
	149356  -  ResidentSetSize of job (KB)
...
040 (32358499.341.000) 2023-06-22 15:20:45 Started transferring output files
...
040 (32358499.341.000) 2023-06-22 15:20:45 Finished transferring output files
...
005 (32358499.341.000) 2023-06-22 15:20:52 Job terminated.
	(1) Normal termination (return value 0)
		Usr 0 00:03:36, Sys 0 00:00:09  -  Run Remote Usage
		Usr 0 00:00:00, Sys 0 00:00:00  -  Run Local Usage
		Usr 0 00:03:36, Sys 0 00:00:09  -  Total Remote Usage
		Usr 0 00:00:00, Sys 0 00:00:00  -  Total Local Usage
	150299  -  Run Bytes Sent By Job
	224295  -  Run Bytes Received By Job
	150299  -  Total Bytes Sent By Job
	224295  -  Total Bytes Received By Job
	Partitionable Resources :    Usage  Request Allocated 
	   Cpus                 :     0.00        1         1 
	   Disk (KB)            :   917         225   1645388 
	   Memory (MB)          :   145        2048      2048 

	Job terminated of its own accord at 2023-06-22T20:20:45Z with exit-code 0.
...
