000 (32358499.086.000) 2023-06-22 15:06:01 Job submitted from host: <131.225.204.62:9618?addrs=131.225.204.62-9618+[2620-6a-0-8420-f0-0-204-62]-9618&alias=lpcschedd5.fnal.gov&noUDP&sock=schedd_2770_916d>
...
040 (32358499.086.000) 2023-06-22 15:10:31 Started transferring input files
	Transferring to host: <131.225.188.94:9618?addrs=[2620-6a-0-8421-f0-0-188-94]-9618+131.225.188.94-9618&alias=cmswn2045.fnal.gov&noUDP&sock=slot1_59_2109_bb2f_47958>
...
040 (32358499.086.000) 2023-06-22 15:10:31 Finished transferring input files
...
001 (32358499.086.000) 2023-06-22 15:10:31 Job executing on host: <131.225.188.94:9618?addrs=[2620-6a-0-8421-f0-0-188-94]-9618+131.225.188.94-9618&alias=cmswn2045.fnal.gov&noUDP&sock=startd_1924_484e>
...
006 (32358499.086.000) 2023-06-22 15:10:40 Image size of job updated: 6
	6  -  MemoryUsage of job (MB)
	6916  -  ResidentSetSize of job (KB)
...
006 (32358499.086.000) 2023-06-22 15:11:41 Image size of job updated: 153
	153  -  MemoryUsage of job (MB)
	157000  -  ResidentSetSize of job (KB)
...
006 (32358499.086.000) 2023-06-22 15:12:42 Image size of job updated: 153
	153  -  MemoryUsage of job (MB)
	157028  -  ResidentSetSize of job (KB)
...
006 (32358499.086.000) 2023-06-22 15:13:43 Image size of job updated: 153
	153  -  MemoryUsage of job (MB)
	157068  -  ResidentSetSize of job (KB)
...
006 (32358499.086.000) 2023-06-22 15:14:44 Image size of job updated: 153
	153  -  MemoryUsage of job (MB)
	157172  -  ResidentSetSize of job (KB)
...
006 (32358499.086.000) 2023-06-22 15:15:45 Image size of job updated: 153
	153  -  MemoryUsage of job (MB)
	157184  -  ResidentSetSize of job (KB)
...
006 (32358499.086.000) 2023-06-22 15:18:13 Image size of job updated: 153
	153  -  MemoryUsage of job (MB)
	157284  -  ResidentSetSize of job (KB)
...
040 (32358499.086.000) 2023-06-22 15:18:13 Started transferring output files
...
040 (32358499.086.000) 2023-06-22 15:18:14 Finished transferring output files
...
005 (32358499.086.000) 2023-06-22 15:18:15 Job terminated.
	(1) Normal termination (return value 0)
		Usr 0 00:05:31, Sys 0 00:00:15  -  Run Remote Usage
		Usr 0 00:00:00, Sys 0 00:00:00  -  Run Local Usage
		Usr 0 00:05:31, Sys 0 00:00:15  -  Total Remote Usage
		Usr 0 00:00:00, Sys 0 00:00:00  -  Total Local Usage
	156390  -  Run Bytes Sent By Job
	224294  -  Run Bytes Received By Job
	156390  -  Total Bytes Sent By Job
	224294  -  Total Bytes Received By Job
	Partitionable Resources :    Usage  Request Allocated 
	   Cpus                 :        0        1         1 
	   Disk (KB)            :      922      225   1643101 
	   Memory (MB)          :      153     2048      2048 

	Job terminated of its own accord at 2023-06-22T20:18:13Z with exit-code 0.
...
