000 (32358499.159.000) 2023-06-22 15:06:02 Job submitted from host: <131.225.204.62:9618?addrs=131.225.204.62-9618+[2620-6a-0-8420-f0-0-204-62]-9618&alias=lpcschedd5.fnal.gov&noUDP&sock=schedd_2770_916d>
...
040 (32358499.159.000) 2023-06-22 15:10:58 Entered queue to transfer input files
	Transferring to host: <131.225.189.27:9618?addrs=[2620-6a-0-8421-f0-0-189-27]-9618+131.225.189.27-9618&alias=cmswn2084.fnal.gov&noUDP&sock=slot1_17_2245_8e34_66506>
...
040 (32358499.159.000) 2023-06-22 15:11:06 Started transferring input files
	Seconds spent in queue: 8
...
040 (32358499.159.000) 2023-06-22 15:11:06 Finished transferring input files
...
001 (32358499.159.000) 2023-06-22 15:11:06 Job executing on host: <131.225.189.27:9618?addrs=[2620-6a-0-8421-f0-0-189-27]-9618+131.225.189.27-9618&alias=cmswn2084.fnal.gov&noUDP&sock=startd_1939_9239>
...
006 (32358499.159.000) 2023-06-22 15:12:19 Image size of job updated: 147
	147  -  MemoryUsage of job (MB)
	151284  -  ResidentSetSize of job (KB)
...
006 (32358499.159.000) 2023-06-22 15:13:19 Image size of job updated: 147
	147  -  MemoryUsage of job (MB)
	151292  -  ResidentSetSize of job (KB)
...
006 (32358499.159.000) 2023-06-22 15:14:20 Image size of job updated: 147
	147  -  MemoryUsage of job (MB)
	151316  -  ResidentSetSize of job (KB)
...
006 (32358499.159.000) 2023-06-22 15:15:20 Image size of job updated: 147
	147  -  MemoryUsage of job (MB)
	151460  -  ResidentSetSize of job (KB)
...
040 (32358499.159.000) 2023-06-22 15:17:57 Started transferring output files
	Seconds spent in queue: 419
...
040 (32358499.159.000) 2023-06-22 15:17:57 Finished transferring output files
...
005 (32358499.159.000) 2023-06-22 15:17:58 Job terminated.
	(1) Normal termination (return value 0)
		Usr 0 00:04:46, Sys 0 00:00:12  -  Run Remote Usage
		Usr 0 00:00:00, Sys 0 00:00:00  -  Run Local Usage
		Usr 0 00:04:46, Sys 0 00:00:12  -  Total Remote Usage
		Usr 0 00:00:00, Sys 0 00:00:00  -  Total Local Usage
	151088  -  Run Bytes Sent By Job
	224295  -  Run Bytes Received By Job
	151088  -  Total Bytes Sent By Job
	224295  -  Total Bytes Received By Job
	Partitionable Resources :    Usage  Request Allocated 
	   Cpus                 :     0.00        1         1 
	   Disk (KB)            :   917         225   1637039 
	   Memory (MB)          :   147        2048      2048 

	Job terminated of its own accord at 2023-06-22T20:17:57Z with exit-code 0.
...
