000 (32358499.263.000) 2023-06-22 15:06:02 Job submitted from host: <131.225.204.62:9618?addrs=131.225.204.62-9618+[2620-6a-0-8420-f0-0-204-62]-9618&alias=lpcschedd5.fnal.gov&noUDP&sock=schedd_2770_916d>
...
040 (32358499.263.000) 2023-06-22 15:13:37 Started transferring input files
	Transferring to host: <131.225.188.184:9618?addrs=[2620-6a-0-8421-f0-0-188-184]-9618+131.225.188.184-9618&alias=cmswn2061.fnal.gov&noUDP&sock=slot1_29_2109_bb2f_8635>
...
040 (32358499.263.000) 2023-06-22 15:13:37 Finished transferring input files
...
001 (32358499.263.000) 2023-06-22 15:13:37 Job executing on host: <131.225.188.184:9618?addrs=[2620-6a-0-8421-f0-0-188-184]-9618+131.225.188.184-9618&alias=cmswn2061.fnal.gov&noUDP&sock=startd_2020_2165>
...
006 (32358499.263.000) 2023-06-22 15:14:55 Image size of job updated: 149
	149  -  MemoryUsage of job (MB)
	153180  -  ResidentSetSize of job (KB)
...
006 (32358499.263.000) 2023-06-22 15:15:55 Image size of job updated: 149
	149  -  MemoryUsage of job (MB)
	153392  -  ResidentSetSize of job (KB)
...
006 (32358499.263.000) 2023-06-22 15:16:55 Image size of job updated: 149
	149  -  MemoryUsage of job (MB)
	153404  -  ResidentSetSize of job (KB)
...
006 (32358499.263.000) 2023-06-22 15:17:55 Image size of job updated: 149
	149  -  MemoryUsage of job (MB)
	153424  -  ResidentSetSize of job (KB)
...
006 (32358499.263.000) 2023-06-22 15:20:55 Image size of job updated: 149
	149  -  MemoryUsage of job (MB)
	153560  -  ResidentSetSize of job (KB)
...
006 (32358499.263.000) 2023-06-22 15:21:55 Image size of job updated: 149
	149  -  MemoryUsage of job (MB)
	153588  -  ResidentSetSize of job (KB)
...
040 (32358499.263.000) 2023-06-22 15:22:26 Started transferring output files
...
040 (32358499.263.000) 2023-06-22 15:22:26 Finished transferring output files
...
005 (32358499.263.000) 2023-06-22 15:22:27 Job terminated.
	(1) Normal termination (return value 0)
		Usr 0 00:06:42, Sys 0 00:00:18  -  Run Remote Usage
		Usr 0 00:00:00, Sys 0 00:00:00  -  Run Local Usage
		Usr 0 00:06:42, Sys 0 00:00:18  -  Total Remote Usage
		Usr 0 00:00:00, Sys 0 00:00:00  -  Total Local Usage
	154186  -  Run Bytes Sent By Job
	224295  -  Run Bytes Received By Job
	154186  -  Total Bytes Sent By Job
	224295  -  Total Bytes Received By Job
	Partitionable Resources :    Usage  Request Allocated 
	   Cpus                 :     0.00        1         1 
	   Disk (KB)            :   919         225   1643483 
	   Memory (MB)          :   149        2048      2048 

	Job terminated of its own accord at 2023-06-22T20:22:26Z with exit-code 0.
...
