000 (32358499.411.000) 2023-06-22 15:06:03 Job submitted from host: <131.225.204.62:9618?addrs=131.225.204.62-9618+[2620-6a-0-8420-f0-0-204-62]-9618&alias=lpcschedd5.fnal.gov&noUDP&sock=schedd_2770_916d>
...
040 (32358499.411.000) 2023-06-22 15:17:00 Started transferring input files
	Transferring to host: <131.225.189.167:9618?addrs=[2620-6a-0-8421-f0-0-189-167]-9618+131.225.189.167-9618&alias=cmswn2119.fnal.gov&noUDP&sock=slot1_8_2115_f56f_35872>
...
040 (32358499.411.000) 2023-06-22 15:17:00 Finished transferring input files
...
001 (32358499.411.000) 2023-06-22 15:17:00 Job executing on host: <131.225.189.167:9618?addrs=[2620-6a-0-8421-f0-0-189-167]-9618+131.225.189.167-9618&alias=cmswn2119.fnal.gov&noUDP&sock=startd_2013_543c>
...
006 (32358499.411.000) 2023-06-22 15:17:08 Image size of job updated: 36
	36  -  MemoryUsage of job (MB)
	37032  -  ResidentSetSize of job (KB)
...
006 (32358499.411.000) 2023-06-22 15:18:08 Image size of job updated: 151
	151  -  MemoryUsage of job (MB)
	155008  -  ResidentSetSize of job (KB)
...
006 (32358499.411.000) 2023-06-22 15:20:09 Image size of job updated: 151
	151  -  MemoryUsage of job (MB)
	155020  -  ResidentSetSize of job (KB)
...
006 (32358499.411.000) 2023-06-22 15:21:10 Image size of job updated: 151
	151  -  MemoryUsage of job (MB)
	155028  -  ResidentSetSize of job (KB)
...
006 (32358499.411.000) 2023-06-22 15:24:11 Image size of job updated: 151
	151  -  MemoryUsage of job (MB)
	155128  -  ResidentSetSize of job (KB)
...
040 (32358499.411.000) 2023-06-22 15:25:54 Started transferring output files
...
040 (32358499.411.000) 2023-06-22 15:25:54 Finished transferring output files
...
005 (32358499.411.000) 2023-06-22 15:25:56 Job terminated.
	(1) Normal termination (return value 0)
		Usr 0 00:07:20, Sys 0 00:00:18  -  Run Remote Usage
		Usr 0 00:00:00, Sys 0 00:00:00  -  Run Local Usage
		Usr 0 00:07:20, Sys 0 00:00:18  -  Total Remote Usage
		Usr 0 00:00:00, Sys 0 00:00:00  -  Total Local Usage
	155187  -  Run Bytes Sent By Job
	224295  -  Run Bytes Received By Job
	155187  -  Total Bytes Sent By Job
	224295  -  Total Bytes Received By Job
	Partitionable Resources :    Usage  Request Allocated 
	   Cpus                 :        0        1         1 
	   Disk (KB)            :      918      225   3466881 
	   Memory (MB)          :      151     2048      2048 

	Job terminated of its own accord at 2023-06-22T20:25:54Z with exit-code 0.
...
