000 (32358499.163.000) 2023-06-22 15:06:02 Job submitted from host: <131.225.204.62:9618?addrs=131.225.204.62-9618+[2620-6a-0-8420-f0-0-204-62]-9618&alias=lpcschedd5.fnal.gov&noUDP&sock=schedd_2770_916d>
...
040 (32358499.163.000) 2023-06-22 15:10:58 Started transferring input files
	Transferring to host: <131.225.189.27:9618?addrs=[2620-6a-0-8421-f0-0-189-27]-9618+131.225.189.27-9618&alias=cmswn2084.fnal.gov&noUDP&sock=slot1_45_2245_8e34_66508>
...
040 (32358499.163.000) 2023-06-22 15:10:59 Finished transferring input files
...
001 (32358499.163.000) 2023-06-22 15:10:59 Job executing on host: <131.225.189.27:9618?addrs=[2620-6a-0-8421-f0-0-189-27]-9618+131.225.189.27-9618&alias=cmswn2084.fnal.gov&noUDP&sock=startd_1939_9239>
...
006 (32358499.163.000) 2023-06-22 15:12:09 Image size of job updated: 149
	149  -  MemoryUsage of job (MB)
	152756  -  ResidentSetSize of job (KB)
...
006 (32358499.163.000) 2023-06-22 15:13:10 Image size of job updated: 149
	149  -  MemoryUsage of job (MB)
	152812  -  ResidentSetSize of job (KB)
...
006 (32358499.163.000) 2023-06-22 15:15:11 Image size of job updated: 149
	149  -  MemoryUsage of job (MB)
	152836  -  ResidentSetSize of job (KB)
...
006 (32358499.163.000) 2023-06-22 15:18:13 Image size of job updated: 149
	149  -  MemoryUsage of job (MB)
	152888  -  ResidentSetSize of job (KB)
...
006 (32358499.163.000) 2023-06-22 15:19:14 Image size of job updated: 149
	149  -  MemoryUsage of job (MB)
	152956  -  ResidentSetSize of job (KB)
...
006 (32358499.163.000) 2023-06-22 15:20:14 Image size of job updated: 149
	149  -  MemoryUsage of job (MB)
	153060  -  ResidentSetSize of job (KB)
...
040 (32358499.163.000) 2023-06-22 15:20:37 Started transferring output files
...
040 (32358499.163.000) 2023-06-22 15:20:37 Finished transferring output files
...
005 (32358499.163.000) 2023-06-22 15:20:45 Job terminated.
	(1) Normal termination (return value 0)
		Usr 0 00:06:32, Sys 0 00:00:15  -  Run Remote Usage
		Usr 0 00:00:00, Sys 0 00:00:00  -  Run Local Usage
		Usr 0 00:06:32, Sys 0 00:00:15  -  Total Remote Usage
		Usr 0 00:00:00, Sys 0 00:00:00  -  Total Local Usage
	153922  -  Run Bytes Sent By Job
	224295  -  Run Bytes Received By Job
	153922  -  Total Bytes Sent By Job
	224295  -  Total Bytes Received By Job
	Partitionable Resources :    Usage  Request Allocated 
	   Cpus                 :        0        1         1 
	   Disk (KB)            :      920      225   1637039 
	   Memory (MB)          :      149     2048      2048 

	Job terminated of its own accord at 2023-06-22T20:20:37Z with exit-code 0.
...
