000 (32358499.154.000) 2023-06-22 15:06:02 Job submitted from host: <131.225.204.62:9618?addrs=131.225.204.62-9618+[2620-6a-0-8420-f0-0-204-62]-9618&alias=lpcschedd5.fnal.gov&noUDP&sock=schedd_2770_916d>
...
040 (32358499.154.000) 2023-06-22 15:10:50 Started transferring input files
	Transferring to host: <131.225.188.76:9618?addrs=[2620-6a-0-8421-f0-0-188-76]-9618+131.225.188.76-9618&alias=cmswn2039.fnal.gov&noUDP&sock=slot1_32_2124_4ccf_53642>
...
040 (32358499.154.000) 2023-06-22 15:10:50 Finished transferring input files
...
001 (32358499.154.000) 2023-06-22 15:10:50 Job executing on host: <131.225.188.76:9618?addrs=[2620-6a-0-8421-f0-0-188-76]-9618+131.225.188.76-9618&alias=cmswn2039.fnal.gov&noUDP&sock=startd_2006_8712>
...
006 (32358499.154.000) 2023-06-22 15:11:59 Image size of job updated: 159
	159  -  MemoryUsage of job (MB)
	163444  -  ResidentSetSize of job (KB)
...
006 (32358499.154.000) 2023-06-22 15:13:00 Image size of job updated: 160
	160  -  MemoryUsage of job (MB)
	164300  -  ResidentSetSize of job (KB)
...
006 (32358499.154.000) 2023-06-22 15:14:00 Image size of job updated: 160
	160  -  MemoryUsage of job (MB)
	164444  -  ResidentSetSize of job (KB)
...
006 (32358499.154.000) 2023-06-22 15:16:00 Image size of job updated: 160
	160  -  MemoryUsage of job (MB)
	164452  -  ResidentSetSize of job (KB)
...
006 (32358499.154.000) 2023-06-22 15:17:00 Image size of job updated: 160
	160  -  MemoryUsage of job (MB)
	164456  -  ResidentSetSize of job (KB)
...
006 (32358499.154.000) 2023-06-22 15:18:01 Image size of job updated: 160
	160  -  MemoryUsage of job (MB)
	164564  -  ResidentSetSize of job (KB)
...
006 (32358499.154.000) 2023-06-22 15:19:02 Image size of job updated: 160
	160  -  MemoryUsage of job (MB)
	164568  -  ResidentSetSize of job (KB)
...
040 (32358499.154.000) 2023-06-22 15:28:48 Started transferring output files
...
040 (32358499.154.000) 2023-06-22 15:28:48 Finished transferring output files
...
005 (32358499.154.000) 2023-06-22 15:28:51 Job terminated.
	(1) Normal termination (return value 0)
		Usr 0 00:08:05, Sys 0 00:00:22  -  Run Remote Usage
		Usr 0 00:00:00, Sys 0 00:00:00  -  Run Local Usage
		Usr 0 00:08:05, Sys 0 00:00:22  -  Total Remote Usage
		Usr 0 00:00:00, Sys 0 00:00:00  -  Total Local Usage
	158309  -  Run Bytes Sent By Job
	224295  -  Run Bytes Received By Job
	158309  -  Total Bytes Sent By Job
	224295  -  Total Bytes Received By Job
	Partitionable Resources :    Usage  Request Allocated 
	   Cpus                 :        0        1         1 
	   Disk (KB)            :      924      225   1642076 
	   Memory (MB)          :      160     2048      2048 

	Job terminated of its own accord at 2023-06-22T20:28:48Z with exit-code 0.
...
