000 (32358499.153.000) 2023-06-22 15:06:02 Job submitted from host: <131.225.204.62:9618?addrs=131.225.204.62-9618+[2620-6a-0-8420-f0-0-204-62]-9618&alias=lpcschedd5.fnal.gov&noUDP&sock=schedd_2770_916d>
...
040 (32358499.153.000) 2023-06-22 15:10:56 Started transferring input files
	Transferring to host: <131.225.188.199:9618?addrs=[2620-6a-0-8421-f0-0-188-199]-9618+131.225.188.199-9618&alias=cmswn2064.fnal.gov&noUDP&sock=slot1_15_2008_914b_42455>
...
040 (32358499.153.000) 2023-06-22 15:10:56 Finished transferring input files
...
001 (32358499.153.000) 2023-06-22 15:10:56 Job executing on host: <131.225.188.199:9618?addrs=[2620-6a-0-8421-f0-0-188-199]-9618+131.225.188.199-9618&alias=cmswn2064.fnal.gov&noUDP&sock=startd_1919_da55>
...
006 (32358499.153.000) 2023-06-22 15:12:09 Image size of job updated: 158
	158  -  MemoryUsage of job (MB)
	162532  -  ResidentSetSize of job (KB)
...
006 (32358499.153.000) 2023-06-22 15:13:09 Image size of job updated: 159
	159  -  MemoryUsage of job (MB)
	163272  -  ResidentSetSize of job (KB)
...
006 (32358499.153.000) 2023-06-22 15:14:10 Image size of job updated: 159
	159  -  MemoryUsage of job (MB)
	163532  -  ResidentSetSize of job (KB)
...
006 (32358499.153.000) 2023-06-22 15:16:13 Image size of job updated: 159
	159  -  MemoryUsage of job (MB)
	163540  -  ResidentSetSize of job (KB)
...
006 (32358499.153.000) 2023-06-22 15:17:13 Image size of job updated: 159
	159  -  MemoryUsage of job (MB)
	163548  -  ResidentSetSize of job (KB)
...
006 (32358499.153.000) 2023-06-22 15:24:19 Image size of job updated: 159
	159  -  MemoryUsage of job (MB)
	163560  -  ResidentSetSize of job (KB)
...
006 (32358499.153.000) 2023-06-22 15:25:19 Image size of job updated: 159
	159  -  MemoryUsage of job (MB)
	163652  -  ResidentSetSize of job (KB)
...
006 (32358499.153.000) 2023-06-22 15:28:25 Image size of job updated: 159
	159  -  MemoryUsage of job (MB)
	163668  -  ResidentSetSize of job (KB)
...
040 (32358499.153.000) 2023-06-22 15:28:43 Started transferring output files
...
040 (32358499.153.000) 2023-06-22 15:28:43 Finished transferring output files
...
005 (32358499.153.000) 2023-06-22 15:28:45 Job terminated.
	(1) Normal termination (return value 0)
		Usr 0 00:08:52, Sys 0 00:00:24  -  Run Remote Usage
		Usr 0 00:00:00, Sys 0 00:00:00  -  Run Local Usage
		Usr 0 00:08:52, Sys 0 00:00:24  -  Total Remote Usage
		Usr 0 00:00:00, Sys 0 00:00:00  -  Total Local Usage
	159452  -  Run Bytes Sent By Job
	224295  -  Run Bytes Received By Job
	159452  -  Total Bytes Sent By Job
	224295  -  Total Bytes Received By Job
	Partitionable Resources :    Usage  Request Allocated 
	   Cpus                 :        0        1         1 
	   Disk (KB)            :      925      225   1646337 
	   Memory (MB)          :      159     2048      2048 

	Job terminated of its own accord at 2023-06-22T20:28:43Z with exit-code 0.
...
