000 (32358499.299.000) 2023-06-22 15:06:02 Job submitted from host: <131.225.204.62:9618?addrs=131.225.204.62-9618+[2620-6a-0-8420-f0-0-204-62]-9618&alias=lpcschedd5.fnal.gov&noUDP&sock=schedd_2770_916d>
...
040 (32358499.299.000) 2023-06-22 15:14:36 Started transferring input files
	Transferring to host: <131.225.188.199:9618?addrs=[2620-6a-0-8421-f0-0-188-199]-9618+131.225.188.199-9618&alias=cmswn2064.fnal.gov&noUDP&sock=slot1_57_2008_914b_42461>
...
040 (32358499.299.000) 2023-06-22 15:14:36 Finished transferring input files
...
001 (32358499.299.000) 2023-06-22 15:14:36 Job executing on host: <131.225.188.199:9618?addrs=[2620-6a-0-8421-f0-0-188-199]-9618+131.225.188.199-9618&alias=cmswn2064.fnal.gov&noUDP&sock=startd_1919_da55>
...
006 (32358499.299.000) 2023-06-22 15:14:45 Image size of job updated: 6
	6  -  MemoryUsage of job (MB)
	7024  -  ResidentSetSize of job (KB)
...
006 (32358499.299.000) 2023-06-22 15:15:46 Image size of job updated: 146
	146  -  MemoryUsage of job (MB)
	149504  -  ResidentSetSize of job (KB)
...
006 (32358499.299.000) 2023-06-22 15:16:46 Image size of job updated: 146
	146  -  MemoryUsage of job (MB)
	149520  -  ResidentSetSize of job (KB)
...
006 (32358499.299.000) 2023-06-22 15:17:46 Image size of job updated: 146
	146  -  MemoryUsage of job (MB)
	149632  -  ResidentSetSize of job (KB)
...
006 (32358499.299.000) 2023-06-22 15:19:48 Image size of job updated: 146
	146  -  MemoryUsage of job (MB)
	149640  -  ResidentSetSize of job (KB)
...
040 (32358499.299.000) 2023-06-22 15:20:04 Started transferring output files
...
040 (32358499.299.000) 2023-06-22 15:20:04 Finished transferring output files
...
005 (32358499.299.000) 2023-06-22 15:20:05 Job terminated.
	(1) Normal termination (return value 0)
		Usr 0 00:04:36, Sys 0 00:00:12  -  Run Remote Usage
		Usr 0 00:00:00, Sys 0 00:00:00  -  Run Local Usage
		Usr 0 00:04:36, Sys 0 00:00:12  -  Total Remote Usage
		Usr 0 00:00:00, Sys 0 00:00:00  -  Total Local Usage
	150936  -  Run Bytes Sent By Job
	224295  -  Run Bytes Received By Job
	150936  -  Total Bytes Sent By Job
	224295  -  Total Bytes Received By Job
	Partitionable Resources :    Usage  Request Allocated 
	   Cpus                 :     0.01        1         1 
	   Disk (KB)            :   917         225   1646337 
	   Memory (MB)          :   146        2048      2048 

	Job terminated of its own accord at 2023-06-22T20:20:04Z with exit-code 0.
...
