000 (32358499.166.000) 2023-06-22 15:06:02 Job submitted from host: <131.225.204.62:9618?addrs=131.225.204.62-9618+[2620-6a-0-8420-f0-0-204-62]-9618&alias=lpcschedd5.fnal.gov&noUDP&sock=schedd_2770_916d>
...
040 (32358499.166.000) 2023-06-22 15:11:10 Started transferring input files
	Transferring to host: <131.225.188.106:9618?addrs=[2620-6a-0-8421-f0-0-188-106]-9618+131.225.188.106-9618&alias=cmswn2047.fnal.gov&noUDP&sock=slot1_43_2166_e491_48061>
...
040 (32358499.166.000) 2023-06-22 15:11:10 Finished transferring input files
...
001 (32358499.166.000) 2023-06-22 15:11:10 Job executing on host: <131.225.188.106:9618?addrs=[2620-6a-0-8421-f0-0-188-106]-9618+131.225.188.106-9618&alias=cmswn2047.fnal.gov&noUDP&sock=startd_1933_74a8>
...
006 (32358499.166.000) 2023-06-22 15:12:20 Image size of job updated: 161
	161  -  MemoryUsage of job (MB)
	165144  -  ResidentSetSize of job (KB)
...
006 (32358499.166.000) 2023-06-22 15:13:20 Image size of job updated: 161
	161  -  MemoryUsage of job (MB)
	165236  -  ResidentSetSize of job (KB)
...
006 (32358499.166.000) 2023-06-22 15:15:22 Image size of job updated: 161
	161  -  MemoryUsage of job (MB)
	165252  -  ResidentSetSize of job (KB)
...
006 (32358499.166.000) 2023-06-22 15:16:22 Image size of job updated: 161
	161  -  MemoryUsage of job (MB)
	165356  -  ResidentSetSize of job (KB)
...
040 (32358499.166.000) 2023-06-22 15:23:31 Started transferring output files
...
040 (32358499.166.000) 2023-06-22 15:23:31 Finished transferring output files
...
005 (32358499.166.000) 2023-06-22 15:23:34 Job terminated.
	(1) Normal termination (return value 0)
		Usr 0 00:09:52, Sys 0 00:00:26  -  Run Remote Usage
		Usr 0 00:00:00, Sys 0 00:00:00  -  Run Local Usage
		Usr 0 00:09:52, Sys 0 00:00:26  -  Total Remote Usage
		Usr 0 00:00:00, Sys 0 00:00:00  -  Total Local Usage
	159213  -  Run Bytes Sent By Job
	224295  -  Run Bytes Received By Job
	159213  -  Total Bytes Sent By Job
	224295  -  Total Bytes Received By Job
	Partitionable Resources :    Usage  Request Allocated 
	   Cpus                 :     0.00        1         1 
	   Disk (KB)            :   925         225   1637500 
	   Memory (MB)          :   161        2048      2048 

	Job terminated of its own accord at 2023-06-22T20:23:31Z with exit-code 0.
...
