000 (32358499.332.000) 2023-06-22 15:06:02 Job submitted from host: <131.225.204.62:9618?addrs=131.225.204.62-9618+[2620-6a-0-8420-f0-0-204-62]-9618&alias=lpcschedd5.fnal.gov&noUDP&sock=schedd_2770_916d>
...
040 (32358499.332.000) 2023-06-22 15:15:25 Started transferring input files
	Transferring to host: <131.225.188.73:9618?addrs=[2620-6a-0-8421-f0-0-188-73]-9618+131.225.188.73-9618&alias=cmswn2038.fnal.gov&noUDP&sock=slot1_20_2055_aeed_50313>
...
040 (32358499.332.000) 2023-06-22 15:15:25 Finished transferring input files
...
001 (32358499.332.000) 2023-06-22 15:15:25 Job executing on host: <131.225.188.73:9618?addrs=[2620-6a-0-8421-f0-0-188-73]-9618+131.225.188.73-9618&alias=cmswn2038.fnal.gov&noUDP&sock=startd_1935_d3d8>
...
006 (32358499.332.000) 2023-06-22 15:15:34 Image size of job updated: 13
	13  -  MemoryUsage of job (MB)
	14260  -  ResidentSetSize of job (KB)
...
006 (32358499.332.000) 2023-06-22 15:16:34 Image size of job updated: 142
	142  -  MemoryUsage of job (MB)
	146100  -  ResidentSetSize of job (KB)
...
006 (32358499.332.000) 2023-06-22 15:17:34 Image size of job updated: 142
	142  -  MemoryUsage of job (MB)
	146156  -  ResidentSetSize of job (KB)
...
006 (32358499.332.000) 2023-06-22 15:18:34 Image size of job updated: 142
	142  -  MemoryUsage of job (MB)
	146188  -  ResidentSetSize of job (KB)
...
006 (32358499.332.000) 2023-06-22 15:19:34 Image size of job updated: 142
	142  -  MemoryUsage of job (MB)
	146296  -  ResidentSetSize of job (KB)
...
006 (32358499.332.000) 2023-06-22 15:20:35 Image size of job updated: 142
	142  -  MemoryUsage of job (MB)
	146300  -  ResidentSetSize of job (KB)
...
040 (32358499.332.000) 2023-06-22 15:20:47 Started transferring output files
...
040 (32358499.332.000) 2023-06-22 15:20:47 Finished transferring output files
...
005 (32358499.332.000) 2023-06-22 15:20:48 Job terminated.
	(1) Normal termination (return value 0)
		Usr 0 00:04:48, Sys 0 00:00:13  -  Run Remote Usage
		Usr 0 00:00:00, Sys 0 00:00:00  -  Run Local Usage
		Usr 0 00:04:48, Sys 0 00:00:13  -  Total Remote Usage
		Usr 0 00:00:00, Sys 0 00:00:00  -  Total Local Usage
	147225  -  Run Bytes Sent By Job
	224295  -  Run Bytes Received By Job
	147225  -  Total Bytes Sent By Job
	224295  -  Total Bytes Received By Job
	Partitionable Resources :    Usage  Request Allocated 
	   Cpus                 :     0.00        1         1 
	   Disk (KB)            :   913         225   1650825 
	   Memory (MB)          :   142        2048      2048 

	Job terminated of its own accord at 2023-06-22T20:20:47Z with exit-code 0.
...
