000 (32358499.138.000) 2023-06-22 15:06:02 Job submitted from host: <131.225.204.62:9618?addrs=131.225.204.62-9618+[2620-6a-0-8420-f0-0-204-62]-9618&alias=lpcschedd5.fnal.gov&noUDP&sock=schedd_2770_916d>
...
040 (32358499.138.000) 2023-06-22 15:10:43 Started transferring input files
	Transferring to host: <131.225.188.179:9618?addrs=[2620-6a-0-8421-f0-0-188-179]-9618+131.225.188.179-9618&alias=cmswn2059.fnal.gov&noUDP&sock=slot1_35_2012_62cb_10035>
...
040 (32358499.138.000) 2023-06-22 15:10:43 Finished transferring input files
...
001 (32358499.138.000) 2023-06-22 15:10:43 Job executing on host: <131.225.188.179:9618?addrs=[2620-6a-0-8421-f0-0-188-179]-9618+131.225.188.179-9618&alias=cmswn2059.fnal.gov&noUDP&sock=startd_1929_b647>
...
006 (32358499.138.000) 2023-06-22 15:11:53 Image size of job updated: 148
	148  -  MemoryUsage of job (MB)
	152252  -  ResidentSetSize of job (KB)
...
006 (32358499.138.000) 2023-06-22 15:12:54 Image size of job updated: 148
	148  -  MemoryUsage of job (MB)
	152296  -  ResidentSetSize of job (KB)
...
006 (32358499.138.000) 2023-06-22 15:14:55 Image size of job updated: 148
	148  -  MemoryUsage of job (MB)
	152300  -  ResidentSetSize of job (KB)
...
006 (32358499.138.000) 2023-06-22 15:15:56 Image size of job updated: 148
	148  -  MemoryUsage of job (MB)
	152336  -  ResidentSetSize of job (KB)
...
006 (32358499.138.000) 2023-06-22 15:16:57 Image size of job updated: 148
	148  -  MemoryUsage of job (MB)
	152340  -  ResidentSetSize of job (KB)
...
006 (32358499.138.000) 2023-06-22 15:17:36 Image size of job updated: 148
	148  -  MemoryUsage of job (MB)
	152344  -  ResidentSetSize of job (KB)
...
040 (32358499.138.000) 2023-06-22 15:17:36 Started transferring output files
...
040 (32358499.138.000) 2023-06-22 15:17:36 Finished transferring output files
...
005 (32358499.138.000) 2023-06-22 15:17:37 Job terminated.
	(1) Normal termination (return value 0)
		Usr 0 00:04:52, Sys 0 00:00:13  -  Run Remote Usage
		Usr 0 00:00:00, Sys 0 00:00:00  -  Run Local Usage
		Usr 0 00:04:52, Sys 0 00:00:13  -  Total Remote Usage
		Usr 0 00:00:00, Sys 0 00:00:00  -  Total Local Usage
	149333  -  Run Bytes Sent By Job
	224295  -  Run Bytes Received By Job
	149333  -  Total Bytes Sent By Job
	224295  -  Total Bytes Received By Job
	Partitionable Resources :    Usage  Request Allocated 
	   Cpus                 :        0        1         1 
	   Disk (KB)            :      912      225   1654204 
	   Memory (MB)          :      148     2048      2048 

	Job terminated of its own accord at 2023-06-22T20:17:36Z with exit-code 0.
...
