000 (32358499.224.000) 2023-06-22 15:06:02 Job submitted from host: <131.225.204.62:9618?addrs=131.225.204.62-9618+[2620-6a-0-8420-f0-0-204-62]-9618&alias=lpcschedd5.fnal.gov&noUDP&sock=schedd_2770_916d>
...
040 (32358499.224.000) 2023-06-22 15:12:32 Started transferring input files
	Transferring to host: <131.225.188.68:9618?addrs=[2620-6a-0-8421-f0-0-188-68]-9618+131.225.188.68-9618&alias=cmswn2037.fnal.gov&noUDP&sock=slot1_30_2034_e30c_60254>
...
040 (32358499.224.000) 2023-06-22 15:12:32 Finished transferring input files
...
001 (32358499.224.000) 2023-06-22 15:12:32 Job executing on host: <131.225.188.68:9618?addrs=[2620-6a-0-8421-f0-0-188-68]-9618+131.225.188.68-9618&alias=cmswn2037.fnal.gov&noUDP&sock=startd_1925_f7e6>
...
006 (32358499.224.000) 2023-06-22 15:12:41 Image size of job updated: 9
	9  -  MemoryUsage of job (MB)
	9296  -  ResidentSetSize of job (KB)
...
006 (32358499.224.000) 2023-06-22 15:13:41 Image size of job updated: 150
	150  -  MemoryUsage of job (MB)
	153812  -  ResidentSetSize of job (KB)
...
006 (32358499.224.000) 2023-06-22 15:14:41 Image size of job updated: 150
	150  -  MemoryUsage of job (MB)
	154288  -  ResidentSetSize of job (KB)
...
006 (32358499.224.000) 2023-06-22 15:15:41 Image size of job updated: 150
	150  -  MemoryUsage of job (MB)
	154308  -  ResidentSetSize of job (KB)
...
006 (32358499.224.000) 2023-06-22 15:16:42 Image size of job updated: 150
	150  -  MemoryUsage of job (MB)
	154312  -  ResidentSetSize of job (KB)
...
006 (32358499.224.000) 2023-06-22 15:17:43 Image size of job updated: 150
	150  -  MemoryUsage of job (MB)
	154380  -  ResidentSetSize of job (KB)
...
006 (32358499.224.000) 2023-06-22 15:18:44 Image size of job updated: 150
	150  -  MemoryUsage of job (MB)
	154408  -  ResidentSetSize of job (KB)
...
006 (32358499.224.000) 2023-06-22 15:19:45 Image size of job updated: 150
	150  -  MemoryUsage of job (MB)
	154412  -  ResidentSetSize of job (KB)
...
040 (32358499.224.000) 2023-06-22 15:19:48 Started transferring output files
...
040 (32358499.224.000) 2023-06-22 15:19:48 Finished transferring output files
...
005 (32358499.224.000) 2023-06-22 15:19:49 Job terminated.
	(1) Normal termination (return value 0)
		Usr 0 00:06:29, Sys 0 00:00:18  -  Run Remote Usage
		Usr 0 00:00:00, Sys 0 00:00:00  -  Run Local Usage
		Usr 0 00:06:29, Sys 0 00:00:18  -  Total Remote Usage
		Usr 0 00:00:00, Sys 0 00:00:00  -  Total Local Usage
	155317  -  Run Bytes Sent By Job
	224295  -  Run Bytes Received By Job
	155317  -  Total Bytes Sent By Job
	224295  -  Total Bytes Received By Job
	Partitionable Resources :    Usage  Request Allocated 
	   Cpus                 :        0        1         1 
	   Disk (KB)            :      920      225   1637768 
	   Memory (MB)          :      150     2048      2048 

	Job terminated of its own accord at 2023-06-22T20:19:48Z with exit-code 0.
...
