000 (32358499.412.000) 2023-06-22 15:06:03 Job submitted from host: <131.225.204.62:9618?addrs=131.225.204.62-9618+[2620-6a-0-8420-f0-0-204-62]-9618&alias=lpcschedd5.fnal.gov&noUDP&sock=schedd_2770_916d>
...
040 (32358499.412.000) 2023-06-22 15:17:02 Started transferring input files
	Transferring to host: <131.225.189.155:9618?addrs=[2620-6a-0-8421-f0-0-189-155]-9618+131.225.189.155-9618&alias=cmswn2112.fnal.gov&noUDP&sock=slot1_6_2121_2faf_53773>
...
001 (32358499.412.000) 2023-06-22 15:17:02 Job executing on host: <131.225.189.155:9618?addrs=[2620-6a-0-8421-f0-0-189-155]-9618+131.225.189.155-9618&alias=cmswn2112.fnal.gov&noUDP&sock=startd_2024_dfc6>
...
040 (32358499.412.000) 2023-06-22 15:17:02 Finished transferring input files
...
006 (32358499.412.000) 2023-06-22 15:17:11 Image size of job updated: 6
	6  -  MemoryUsage of job (MB)
	6848  -  ResidentSetSize of job (KB)
...
006 (32358499.412.000) 2023-06-22 15:18:11 Image size of job updated: 148
	148  -  MemoryUsage of job (MB)
	152248  -  ResidentSetSize of job (KB)
...
006 (32358499.412.000) 2023-06-22 15:19:13 Image size of job updated: 148
	148  -  MemoryUsage of job (MB)
	152260  -  ResidentSetSize of job (KB)
...
006 (32358499.412.000) 2023-06-22 15:20:13 Image size of job updated: 148
	148  -  MemoryUsage of job (MB)
	152320  -  ResidentSetSize of job (KB)
...
006 (32358499.412.000) 2023-06-22 15:21:14 Image size of job updated: 148
	148  -  MemoryUsage of job (MB)
	152328  -  ResidentSetSize of job (KB)
...
040 (32358499.412.000) 2023-06-22 15:24:34 Started transferring output files
...
040 (32358499.412.000) 2023-06-22 15:24:34 Finished transferring output files
...
005 (32358499.412.000) 2023-06-22 15:24:35 Job terminated.
	(1) Normal termination (return value 0)
		Usr 0 00:06:35, Sys 0 00:00:17  -  Run Remote Usage
		Usr 0 00:00:00, Sys 0 00:00:00  -  Run Local Usage
		Usr 0 00:06:35, Sys 0 00:00:17  -  Total Remote Usage
		Usr 0 00:00:00, Sys 0 00:00:00  -  Total Local Usage
	152031  -  Run Bytes Sent By Job
	224295  -  Run Bytes Received By Job
	152031  -  Total Bytes Sent By Job
	224295  -  Total Bytes Received By Job
	Partitionable Resources :    Usage  Request Allocated 
	   Cpus                 :     0.00        1         1 
	   Disk (KB)            :   913         225   3454594 
	   Memory (MB)          :   148        2048      2048 

	Job terminated of its own accord at 2023-06-22T20:24:34Z with exit-code 0.
...
