000 (32358499.015.000) 2023-06-22 15:06:01 Job submitted from host: <131.225.204.62:9618?addrs=131.225.204.62-9618+[2620-6a-0-8420-f0-0-204-62]-9618&alias=lpcschedd5.fnal.gov&noUDP&sock=schedd_2770_916d>
...
040 (32358499.015.000) 2023-06-22 15:08:42 Entered queue to transfer input files
	Transferring to host: <131.225.189.62:9618?addrs=[2620-6a-0-8421-f0-0-189-62]-9618+131.225.189.62-9618&alias=cmswn2077.fnal.gov&noUDP&sock=slot1_50_2107_526f_42192>
...
040 (32358499.015.000) 2023-06-22 15:08:43 Started transferring input files
	Seconds spent in queue: 1
...
040 (32358499.015.000) 2023-06-22 15:08:43 Finished transferring input files
...
001 (32358499.015.000) 2023-06-22 15:08:43 Job executing on host: <131.225.189.62:9618?addrs=[2620-6a-0-8421-f0-0-189-62]-9618+131.225.189.62-9618&alias=cmswn2077.fnal.gov&noUDP&sock=startd_2017_129d>
...
006 (32358499.015.000) 2023-06-22 15:11:53 Image size of job updated: 142
	142  -  MemoryUsage of job (MB)
	146272  -  ResidentSetSize of job (KB)
...
006 (32358499.015.000) 2023-06-22 15:12:54 Image size of job updated: 142
	142  -  MemoryUsage of job (MB)
	146288  -  ResidentSetSize of job (KB)
...
006 (32358499.015.000) 2023-06-22 15:13:55 Image size of job updated: 142
	142  -  MemoryUsage of job (MB)
	146292  -  ResidentSetSize of job (KB)
...
006 (32358499.015.000) 2023-06-22 15:14:41 Image size of job updated: 142
	142  -  MemoryUsage of job (MB)
	146296  -  ResidentSetSize of job (KB)
...
040 (32358499.015.000) 2023-06-22 15:14:42 Started transferring output files
	Seconds spent in queue: 360
...
040 (32358499.015.000) 2023-06-22 15:14:42 Finished transferring output files
...
005 (32358499.015.000) 2023-06-22 15:14:43 Job terminated.
	(1) Normal termination (return value 0)
		Usr 0 00:03:08, Sys 0 00:00:09  -  Run Remote Usage
		Usr 0 00:00:00, Sys 0 00:00:00  -  Run Local Usage
		Usr 0 00:03:08, Sys 0 00:00:09  -  Total Remote Usage
		Usr 0 00:00:00, Sys 0 00:00:00  -  Total Local Usage
	144228  -  Run Bytes Sent By Job
	224294  -  Run Bytes Received By Job
	144228  -  Total Bytes Sent By Job
	224294  -  Total Bytes Received By Job
	Partitionable Resources :    Usage  Request Allocated 
	   Cpus                 :     0.00        1         1 
	   Disk (KB)            :   911         225   1621207 
	   Memory (MB)          :   142        2048      2048 

	Job terminated of its own accord at 2023-06-22T20:14:41Z with exit-code 0.
...
