000 (32358499.193.000) 2023-06-22 15:06:02 Job submitted from host: <131.225.204.62:9618?addrs=131.225.204.62-9618+[2620-6a-0-8420-f0-0-204-62]-9618&alias=lpcschedd5.fnal.gov&noUDP&sock=schedd_2770_916d>
...
040 (32358499.193.000) 2023-06-22 15:11:21 Started transferring input files
	Transferring to host: <131.225.188.76:9618?addrs=[2620-6a-0-8421-f0-0-188-76]-9618+131.225.188.76-9618&alias=cmswn2039.fnal.gov&noUDP&sock=slot1_43_2124_4ccf_53645>
...
040 (32358499.193.000) 2023-06-22 15:11:21 Finished transferring input files
...
001 (32358499.193.000) 2023-06-22 15:11:21 Job executing on host: <131.225.188.76:9618?addrs=[2620-6a-0-8421-f0-0-188-76]-9618+131.225.188.76-9618&alias=cmswn2039.fnal.gov&noUDP&sock=startd_2006_8712>
...
006 (32358499.193.000) 2023-06-22 15:11:31 Image size of job updated: 22
	22  -  MemoryUsage of job (MB)
	22960  -  ResidentSetSize of job (KB)
...
006 (32358499.193.000) 2023-06-22 15:12:31 Image size of job updated: 161
	161  -  MemoryUsage of job (MB)
	164980  -  ResidentSetSize of job (KB)
...
006 (32358499.193.000) 2023-06-22 15:13:31 Image size of job updated: 161
	161  -  MemoryUsage of job (MB)
	164984  -  ResidentSetSize of job (KB)
...
006 (32358499.193.000) 2023-06-22 15:14:32 Image size of job updated: 161
	161  -  MemoryUsage of job (MB)
	164988  -  ResidentSetSize of job (KB)
...
006 (32358499.193.000) 2023-06-22 15:17:33 Image size of job updated: 161
	161  -  MemoryUsage of job (MB)
	164992  -  ResidentSetSize of job (KB)
...
006 (32358499.193.000) 2023-06-22 15:19:35 Image size of job updated: 161
	161  -  MemoryUsage of job (MB)
	165096  -  ResidentSetSize of job (KB)
...
040 (32358499.193.000) 2023-06-22 15:23:36 Started transferring output files
...
040 (32358499.193.000) 2023-06-22 15:23:36 Finished transferring output files
...
005 (32358499.193.000) 2023-06-22 15:23:42 Job terminated.
	(1) Normal termination (return value 0)
		Usr 0 00:10:02, Sys 0 00:00:25  -  Run Remote Usage
		Usr 0 00:00:00, Sys 0 00:00:00  -  Run Local Usage
		Usr 0 00:10:02, Sys 0 00:00:25  -  Total Remote Usage
		Usr 0 00:00:00, Sys 0 00:00:00  -  Total Local Usage
	162490  -  Run Bytes Sent By Job
	224295  -  Run Bytes Received By Job
	162490  -  Total Bytes Sent By Job
	224295  -  Total Bytes Received By Job
	Partitionable Resources :    Usage  Request Allocated 
	   Cpus                 :        0        1         1 
	   Disk (KB)            :      928      225   1642076 
	   Memory (MB)          :      161     2048      2048 

	Job terminated of its own accord at 2023-06-22T20:23:36Z with exit-code 0.
...
