000 (32358499.251.000) 2023-06-22 15:06:02 Job submitted from host: <131.225.204.62:9618?addrs=131.225.204.62-9618+[2620-6a-0-8420-f0-0-204-62]-9618&alias=lpcschedd5.fnal.gov&noUDP&sock=schedd_2770_916d>
...
040 (32358499.251.000) 2023-06-22 15:13:23 Started transferring input files
	Transferring to host: <131.225.188.227:9618?addrs=[2620-6a-0-8421-f0-0-188-227]-9618+131.225.188.227-9618&alias=cmswn2071.fnal.gov&noUDP&sock=slot1_33_2022_6e8b_58448>
...
040 (32358499.251.000) 2023-06-22 15:13:23 Finished transferring input files
...
001 (32358499.251.000) 2023-06-22 15:13:23 Job executing on host: <131.225.188.227:9618?addrs=[2620-6a-0-8421-f0-0-188-227]-9618+131.225.188.227-9618&alias=cmswn2071.fnal.gov&noUDP&sock=startd_1930_65df>
...
006 (32358499.251.000) 2023-06-22 15:13:32 Image size of job updated: 36
	36  -  MemoryUsage of job (MB)
	37800  -  ResidentSetSize of job (KB)
...
006 (32358499.251.000) 2023-06-22 15:14:33 Image size of job updated: 148
	148  -  MemoryUsage of job (MB)
	152192  -  ResidentSetSize of job (KB)
...
006 (32358499.251.000) 2023-06-22 15:15:34 Image size of job updated: 148
	148  -  MemoryUsage of job (MB)
	152228  -  ResidentSetSize of job (KB)
...
006 (32358499.251.000) 2023-06-22 15:16:35 Image size of job updated: 148
	148  -  MemoryUsage of job (MB)
	152300  -  ResidentSetSize of job (KB)
...
006 (32358499.251.000) 2023-06-22 15:17:35 Image size of job updated: 148
	148  -  MemoryUsage of job (MB)
	152316  -  ResidentSetSize of job (KB)
...
006 (32358499.251.000) 2023-06-22 15:20:37 Image size of job updated: 148
	148  -  MemoryUsage of job (MB)
	152424  -  ResidentSetSize of job (KB)
...
040 (32358499.251.000) 2023-06-22 15:21:52 Started transferring output files
...
040 (32358499.251.000) 2023-06-22 15:21:52 Finished transferring output files
...
005 (32358499.251.000) 2023-06-22 15:21:54 Job terminated.
	(1) Normal termination (return value 0)
		Usr 0 00:05:42, Sys 0 00:00:15  -  Run Remote Usage
		Usr 0 00:00:00, Sys 0 00:00:00  -  Run Local Usage
		Usr 0 00:05:42, Sys 0 00:00:15  -  Total Remote Usage
		Usr 0 00:00:00, Sys 0 00:00:00  -  Total Local Usage
	152041  -  Run Bytes Sent By Job
	224295  -  Run Bytes Received By Job
	152041  -  Total Bytes Sent By Job
	224295  -  Total Bytes Received By Job
	Partitionable Resources :    Usage  Request Allocated 
	   Cpus                 :        0        1         1 
	   Disk (KB)            :      918      225   1621266 
	   Memory (MB)          :      148     2048      2048 

	Job terminated of its own accord at 2023-06-22T20:21:52Z with exit-code 0.
...
