000 (32358499.077.000) 2023-06-22 15:06:01 Job submitted from host: <131.225.204.62:9618?addrs=131.225.204.62-9618+[2620-6a-0-8420-f0-0-204-62]-9618&alias=lpcschedd5.fnal.gov&noUDP&sock=schedd_2770_916d>
...
040 (32358499.077.000) 2023-06-22 15:10:31 Started transferring input files
	Transferring to host: <131.225.189.19:9618?addrs=[2620-6a-0-8421-f0-0-189-19]-9618+131.225.189.19-9618&alias=cmswn2082.fnal.gov&noUDP&sock=slot1_13_2103_80ef_37891>
...
040 (32358499.077.000) 2023-06-22 15:10:31 Finished transferring input files
...
001 (32358499.077.000) 2023-06-22 15:10:31 Job executing on host: <131.225.189.19:9618?addrs=[2620-6a-0-8421-f0-0-189-19]-9618+131.225.189.19-9618&alias=cmswn2082.fnal.gov&noUDP&sock=startd_2013_543c>
...
006 (32358499.077.000) 2023-06-22 15:10:40 Image size of job updated: 18
	18  -  MemoryUsage of job (MB)
	18692  -  ResidentSetSize of job (KB)
...
006 (32358499.077.000) 2023-06-22 15:11:41 Image size of job updated: 145
	145  -  MemoryUsage of job (MB)
	149180  -  ResidentSetSize of job (KB)
...
006 (32358499.077.000) 2023-06-22 15:12:43 Image size of job updated: 145
	145  -  MemoryUsage of job (MB)
	149208  -  ResidentSetSize of job (KB)
...
006 (32358499.077.000) 2023-06-22 15:13:43 Image size of job updated: 145
	145  -  MemoryUsage of job (MB)
	149240  -  ResidentSetSize of job (KB)
...
006 (32358499.077.000) 2023-06-22 15:14:44 Image size of job updated: 145
	145  -  MemoryUsage of job (MB)
	149356  -  ResidentSetSize of job (KB)
...
006 (32358499.077.000) 2023-06-22 15:15:44 Image size of job updated: 145
	145  -  MemoryUsage of job (MB)
	149412  -  ResidentSetSize of job (KB)
...
040 (32358499.077.000) 2023-06-22 15:16:07 Started transferring output files
...
040 (32358499.077.000) 2023-06-22 15:16:07 Finished transferring output files
...
005 (32358499.077.000) 2023-06-22 15:16:09 Job terminated.
	(1) Normal termination (return value 0)
		Usr 0 00:04:52, Sys 0 00:00:16  -  Run Remote Usage
		Usr 0 00:00:00, Sys 0 00:00:00  -  Run Local Usage
		Usr 0 00:04:52, Sys 0 00:00:16  -  Total Remote Usage
		Usr 0 00:00:00, Sys 0 00:00:00  -  Total Local Usage
	148299  -  Run Bytes Sent By Job
	224294  -  Run Bytes Received By Job
	148299  -  Total Bytes Sent By Job
	224294  -  Total Bytes Received By Job
	Partitionable Resources :    Usage  Request Allocated 
	   Cpus                 :        0        1         1 
	   Disk (KB)            :      914      225   1651055 
	   Memory (MB)          :      145     2048      2048 

	Job terminated of its own accord at 2023-06-22T20:16:07Z with exit-code 0.
...
