000 (32358499.066.000) 2023-06-22 15:06:01 Job submitted from host: <131.225.204.62:9618?addrs=131.225.204.62-9618+[2620-6a-0-8420-f0-0-204-62]-9618&alias=lpcschedd5.fnal.gov&noUDP&sock=schedd_2770_916d>
...
040 (32358499.066.000) 2023-06-22 15:10:25 Started transferring input files
	Transferring to host: <131.225.188.227:9618?addrs=[2620-6a-0-8421-f0-0-188-227]-9618+131.225.188.227-9618&alias=cmswn2071.fnal.gov&noUDP&sock=slot1_38_2022_6e8b_58441>
...
040 (32358499.066.000) 2023-06-22 15:10:25 Finished transferring input files
...
001 (32358499.066.000) 2023-06-22 15:10:25 Job executing on host: <131.225.188.227:9618?addrs=[2620-6a-0-8421-f0-0-188-227]-9618+131.225.188.227-9618&alias=cmswn2071.fnal.gov&noUDP&sock=startd_1930_65df>
...
006 (32358499.066.000) 2023-06-22 15:10:35 Image size of job updated: 35
	35  -  MemoryUsage of job (MB)
	36512  -  ResidentSetSize of job (KB)
...
006 (32358499.066.000) 2023-06-22 15:11:35 Image size of job updated: 145
	145  -  MemoryUsage of job (MB)
	149240  -  ResidentSetSize of job (KB)
...
006 (32358499.066.000) 2023-06-22 15:12:35 Image size of job updated: 145
	145  -  MemoryUsage of job (MB)
	149268  -  ResidentSetSize of job (KB)
...
006 (32358499.066.000) 2023-06-22 15:13:35 Image size of job updated: 145
	145  -  MemoryUsage of job (MB)
	149308  -  ResidentSetSize of job (KB)
...
006 (32358499.066.000) 2023-06-22 15:14:37 Image size of job updated: 145
	145  -  MemoryUsage of job (MB)
	149312  -  ResidentSetSize of job (KB)
...
006 (32358499.066.000) 2023-06-22 15:16:22 Image size of job updated: 145
	145  -  MemoryUsage of job (MB)
	149416  -  ResidentSetSize of job (KB)
...
040 (32358499.066.000) 2023-06-22 15:16:22 Started transferring output files
...
040 (32358499.066.000) 2023-06-22 15:16:22 Finished transferring output files
...
005 (32358499.066.000) 2023-06-22 15:16:23 Job terminated.
	(1) Normal termination (return value 0)
		Usr 0 00:04:54, Sys 0 00:00:13  -  Run Remote Usage
		Usr 0 00:00:00, Sys 0 00:00:00  -  Run Local Usage
		Usr 0 00:04:54, Sys 0 00:00:13  -  Total Remote Usage
		Usr 0 00:00:00, Sys 0 00:00:00  -  Total Local Usage
	148904  -  Run Bytes Sent By Job
	224294  -  Run Bytes Received By Job
	148904  -  Total Bytes Sent By Job
	224294  -  Total Bytes Received By Job
	Partitionable Resources :    Usage  Request Allocated 
	   Cpus                 :     0.00        1         1 
	   Disk (KB)            :   915         225   1621266 
	   Memory (MB)          :   145        2048      2048 

	Job terminated of its own accord at 2023-06-22T20:16:22Z with exit-code 0.
...
