000 (32358499.333.000) 2023-06-22 15:06:02 Job submitted from host: <131.225.204.62:9618?addrs=131.225.204.62-9618+[2620-6a-0-8420-f0-0-204-62]-9618&alias=lpcschedd5.fnal.gov&noUDP&sock=schedd_2770_916d>
...
040 (32358499.333.000) 2023-06-22 15:15:25 Started transferring input files
	Transferring to host: <131.225.188.179:9618?addrs=[2620-6a-0-8421-f0-0-188-179]-9618+131.225.188.179-9618&alias=cmswn2059.fnal.gov&noUDP&sock=slot1_36_2012_62cb_10052>
...
040 (32358499.333.000) 2023-06-22 15:15:25 Finished transferring input files
...
001 (32358499.333.000) 2023-06-22 15:15:25 Job executing on host: <131.225.188.179:9618?addrs=[2620-6a-0-8421-f0-0-188-179]-9618+131.225.188.179-9618&alias=cmswn2059.fnal.gov&noUDP&sock=startd_1929_b647>
...
006 (32358499.333.000) 2023-06-22 15:15:34 Image size of job updated: 6
	6  -  MemoryUsage of job (MB)
	7016  -  ResidentSetSize of job (KB)
...
006 (32358499.333.000) 2023-06-22 15:16:34 Image size of job updated: 150
	150  -  MemoryUsage of job (MB)
	153680  -  ResidentSetSize of job (KB)
...
006 (32358499.333.000) 2023-06-22 15:18:34 Image size of job updated: 150
	150  -  MemoryUsage of job (MB)
	154440  -  ResidentSetSize of job (KB)
...
006 (32358499.333.000) 2023-06-22 15:19:34 Image size of job updated: 150
	150  -  MemoryUsage of job (MB)
	154552  -  ResidentSetSize of job (KB)
...
006 (32358499.333.000) 2023-06-22 15:20:34 Image size of job updated: 150
	150  -  MemoryUsage of job (MB)
	154584  -  ResidentSetSize of job (KB)
...
006 (32358499.333.000) 2023-06-22 15:21:07 Image size of job updated: 150
	150  -  MemoryUsage of job (MB)
	154604  -  ResidentSetSize of job (KB)
...
040 (32358499.333.000) 2023-06-22 15:21:07 Started transferring output files
...
040 (32358499.333.000) 2023-06-22 15:21:07 Finished transferring output files
...
005 (32358499.333.000) 2023-06-22 15:21:08 Job terminated.
	(1) Normal termination (return value 0)
		Usr 0 00:04:35, Sys 0 00:00:12  -  Run Remote Usage
		Usr 0 00:00:00, Sys 0 00:00:00  -  Run Local Usage
		Usr 0 00:04:35, Sys 0 00:00:12  -  Total Remote Usage
		Usr 0 00:00:00, Sys 0 00:00:00  -  Total Local Usage
	140598  -  Run Bytes Sent By Job
	224295  -  Run Bytes Received By Job
	140598  -  Total Bytes Sent By Job
	224295  -  Total Bytes Received By Job
	Partitionable Resources :    Usage  Request Allocated 
	   Cpus                 :        0        1         1 
	   Disk (KB)            :      904      225   1654204 
	   Memory (MB)          :      150     2048      2048 

	Job terminated of its own accord at 2023-06-22T20:21:07Z with exit-code 0.
...
