000 (32358499.175.000) 2023-06-22 15:06:02 Job submitted from host: <131.225.204.62:9618?addrs=131.225.204.62-9618+[2620-6a-0-8420-f0-0-204-62]-9618&alias=lpcschedd5.fnal.gov&noUDP&sock=schedd_2770_916d>
...
040 (32358499.175.000) 2023-06-22 15:11:16 Started transferring input files
	Transferring to host: <131.225.188.172:9618?addrs=[2620-6a-0-8421-f0-0-188-172]-9618+131.225.188.172-9618&alias=cmswn2057.fnal.gov&noUDP&sock=slot1_24_2016_344b_44494>
...
040 (32358499.175.000) 2023-06-22 15:11:16 Finished transferring input files
...
001 (32358499.175.000) 2023-06-22 15:11:16 Job executing on host: <131.225.188.172:9618?addrs=[2620-6a-0-8421-f0-0-188-172]-9618+131.225.188.172-9618&alias=cmswn2057.fnal.gov&noUDP&sock=startd_1916_cb8c>
...
006 (32358499.175.000) 2023-06-22 15:11:25 Image size of job updated: 9
	9  -  MemoryUsage of job (MB)
	9596  -  ResidentSetSize of job (KB)
...
006 (32358499.175.000) 2023-06-22 15:12:26 Image size of job updated: 142
	142  -  MemoryUsage of job (MB)
	145820  -  ResidentSetSize of job (KB)
...
006 (32358499.175.000) 2023-06-22 15:13:27 Image size of job updated: 142
	142  -  MemoryUsage of job (MB)
	145960  -  ResidentSetSize of job (KB)
...
006 (32358499.175.000) 2023-06-22 15:14:28 Image size of job updated: 142
	142  -  MemoryUsage of job (MB)
	146036  -  ResidentSetSize of job (KB)
...
006 (32358499.175.000) 2023-06-22 15:15:28 Image size of job updated: 142
	142  -  MemoryUsage of job (MB)
	146048  -  ResidentSetSize of job (KB)
...
006 (32358499.175.000) 2023-06-22 15:16:28 Image size of job updated: 142
	142  -  MemoryUsage of job (MB)
	146072  -  ResidentSetSize of job (KB)
...
006 (32358499.175.000) 2023-06-22 15:18:30 Image size of job updated: 142
	142  -  MemoryUsage of job (MB)
	146128  -  ResidentSetSize of job (KB)
...
040 (32358499.175.000) 2023-06-22 15:18:33 Started transferring output files
...
040 (32358499.175.000) 2023-06-22 15:18:33 Finished transferring output files
...
005 (32358499.175.000) 2023-06-22 15:18:35 Job terminated.
	(1) Normal termination (return value 0)
		Usr 0 00:03:59, Sys 0 00:00:11  -  Run Remote Usage
		Usr 0 00:00:00, Sys 0 00:00:00  -  Run Local Usage
		Usr 0 00:03:59, Sys 0 00:00:11  -  Total Remote Usage
		Usr 0 00:00:00, Sys 0 00:00:00  -  Total Local Usage
	146680  -  Run Bytes Sent By Job
	224295  -  Run Bytes Received By Job
	146680  -  Total Bytes Sent By Job
	224295  -  Total Bytes Received By Job
	Partitionable Resources :    Usage  Request Allocated 
	   Cpus                 :     0.00        1         1 
	   Disk (KB)            :   912         225   1637862 
	   Memory (MB)          :   142        2048      2048 

	Job terminated of its own accord at 2023-06-22T20:18:33Z with exit-code 0.
...
