000 (32358499.181.000) 2023-06-22 15:06:02 Job submitted from host: <131.225.204.62:9618?addrs=131.225.204.62-9618+[2620-6a-0-8420-f0-0-204-62]-9618&alias=lpcschedd5.fnal.gov&noUDP&sock=schedd_2770_916d>
...
040 (32358499.181.000) 2023-06-22 15:11:21 Started transferring input files
	Transferring to host: <131.225.189.62:9618?addrs=[2620-6a-0-8421-f0-0-189-62]-9618+131.225.189.62-9618&alias=cmswn2077.fnal.gov&noUDP&sock=slot1_6_2107_526f_42193>
...
040 (32358499.181.000) 2023-06-22 15:11:21 Finished transferring input files
...
001 (32358499.181.000) 2023-06-22 15:11:21 Job executing on host: <131.225.189.62:9618?addrs=[2620-6a-0-8421-f0-0-189-62]-9618+131.225.189.62-9618&alias=cmswn2077.fnal.gov&noUDP&sock=startd_2017_129d>
...
006 (32358499.181.000) 2023-06-22 15:12:32 Image size of job updated: 6
	6  -  MemoryUsage of job (MB)
	6928  -  ResidentSetSize of job (KB)
...
006 (32358499.181.000) 2023-06-22 15:13:32 Image size of job updated: 161
	161  -  MemoryUsage of job (MB)
	165412  -  ResidentSetSize of job (KB)
...
006 (32358499.181.000) 2023-06-22 15:14:33 Image size of job updated: 162
	162  -  MemoryUsage of job (MB)
	166304  -  ResidentSetSize of job (KB)
...
006 (32358499.181.000) 2023-06-22 15:15:33 Image size of job updated: 162
	162  -  MemoryUsage of job (MB)
	166412  -  ResidentSetSize of job (KB)
...
006 (32358499.181.000) 2023-06-22 15:18:36 Image size of job updated: 162
	162  -  MemoryUsage of job (MB)
	166420  -  ResidentSetSize of job (KB)
...
006 (32358499.181.000) 2023-06-22 15:19:37 Image size of job updated: 162
	162  -  MemoryUsage of job (MB)
	166428  -  ResidentSetSize of job (KB)
...
006 (32358499.181.000) 2023-06-22 15:26:42 Image size of job updated: 162
	162  -  MemoryUsage of job (MB)
	166532  -  ResidentSetSize of job (KB)
...
040 (32358499.181.000) 2023-06-22 15:30:07 Started transferring output files
...
040 (32358499.181.000) 2023-06-22 15:30:07 Finished transferring output files
...
005 (32358499.181.000) 2023-06-22 15:30:18 Job terminated.
	(1) Normal termination (return value 0)
		Usr 0 00:08:24, Sys 0 00:00:27  -  Run Remote Usage
		Usr 0 00:00:00, Sys 0 00:00:00  -  Run Local Usage
		Usr 0 00:08:24, Sys 0 00:00:27  -  Total Remote Usage
		Usr 0 00:00:00, Sys 0 00:00:00  -  Total Local Usage
	158931  -  Run Bytes Sent By Job
	224295  -  Run Bytes Received By Job
	158931  -  Total Bytes Sent By Job
	224295  -  Total Bytes Received By Job
	Partitionable Resources :    Usage  Request Allocated 
	   Cpus                 :     0.00        1         1 
	   Disk (KB)            :   925         225   1621207 
	   Memory (MB)          :   162        2048      2048 

	Job terminated of its own accord at 2023-06-22T20:30:05Z with exit-code 0.
...
