000 (32358499.222.000) 2023-06-22 15:06:02 Job submitted from host: <131.225.204.62:9618?addrs=131.225.204.62-9618+[2620-6a-0-8420-f0-0-204-62]-9618&alias=lpcschedd5.fnal.gov&noUDP&sock=schedd_2770_916d>
...
040 (32358499.222.000) 2023-06-22 15:12:24 Started transferring input files
	Transferring to host: <131.225.188.73:9618?addrs=[2620-6a-0-8421-f0-0-188-73]-9618+131.225.188.73-9618&alias=cmswn2038.fnal.gov&noUDP&sock=slot1_19_2055_aeed_50304>
...
040 (32358499.222.000) 2023-06-22 15:12:24 Finished transferring input files
...
001 (32358499.222.000) 2023-06-22 15:12:25 Job executing on host: <131.225.188.73:9618?addrs=[2620-6a-0-8421-f0-0-188-73]-9618+131.225.188.73-9618&alias=cmswn2038.fnal.gov&noUDP&sock=startd_1935_d3d8>
...
006 (32358499.222.000) 2023-06-22 15:13:35 Image size of job updated: 129
	129  -  MemoryUsage of job (MB)
	132168  -  ResidentSetSize of job (KB)
...
006 (32358499.222.000) 2023-06-22 15:14:36 Image size of job updated: 136
	136  -  MemoryUsage of job (MB)
	139264  -  ResidentSetSize of job (KB)
...
006 (32358499.222.000) 2023-06-22 15:15:36 Image size of job updated: 136
	136  -  MemoryUsage of job (MB)
	139296  -  ResidentSetSize of job (KB)
...
006 (32358499.222.000) 2023-06-22 15:16:36 Image size of job updated: 136
	136  -  MemoryUsage of job (MB)
	139316  -  ResidentSetSize of job (KB)
...
040 (32358499.222.000) 2023-06-22 15:16:46 Started transferring output files
...
040 (32358499.222.000) 2023-06-22 15:16:46 Finished transferring output files
...
005 (32358499.222.000) 2023-06-22 15:16:49 Job terminated.
	(1) Normal termination (return value 0)
		Usr 0 00:01:54, Sys 0 00:00:05  -  Run Remote Usage
		Usr 0 00:00:00, Sys 0 00:00:00  -  Run Local Usage
		Usr 0 00:01:54, Sys 0 00:00:05  -  Total Remote Usage
		Usr 0 00:00:00, Sys 0 00:00:00  -  Total Local Usage
	135564  -  Run Bytes Sent By Job
	224295  -  Run Bytes Received By Job
	135564  -  Total Bytes Sent By Job
	224295  -  Total Bytes Received By Job
	Partitionable Resources :    Usage  Request Allocated 
	   Cpus                 :        0        1         1 
	   Disk (KB)            :      902      225   1650825 
	   Memory (MB)          :      136     2048      2048 

	Job terminated of its own accord at 2023-06-22T20:16:46Z with exit-code 0.
...
