000 (32358499.183.000) 2023-06-22 15:06:02 Job submitted from host: <131.225.204.62:9618?addrs=131.225.204.62-9618+[2620-6a-0-8420-f0-0-204-62]-9618&alias=lpcschedd5.fnal.gov&noUDP&sock=schedd_2770_916d>
...
040 (32358499.183.000) 2023-06-22 15:11:16 Started transferring input files
	Transferring to host: <131.225.189.47:9618?addrs=[2620-6a-0-8421-f0-0-189-47]-9618+131.225.189.47-9618&alias=cmswn2096.fnal.gov&noUDP&sock=slot1_52_2090_580e_8905>
...
040 (32358499.183.000) 2023-06-22 15:11:16 Finished transferring input files
...
001 (32358499.183.000) 2023-06-22 15:11:16 Job executing on host: <131.225.189.47:9618?addrs=[2620-6a-0-8421-f0-0-189-47]-9618+131.225.189.47-9618&alias=cmswn2096.fnal.gov&noUDP&sock=startd_2003_7849>
...
006 (32358499.183.000) 2023-06-22 15:11:25 Image size of job updated: 11
	11  -  MemoryUsage of job (MB)
	11352  -  ResidentSetSize of job (KB)
...
006 (32358499.183.000) 2023-06-22 15:12:26 Image size of job updated: 150
	150  -  MemoryUsage of job (MB)
	154264  -  ResidentSetSize of job (KB)
...
006 (32358499.183.000) 2023-06-22 15:13:27 Image size of job updated: 150
	150  -  MemoryUsage of job (MB)
	154276  -  ResidentSetSize of job (KB)
...
006 (32358499.183.000) 2023-06-22 15:14:28 Image size of job updated: 150
	150  -  MemoryUsage of job (MB)
	154312  -  ResidentSetSize of job (KB)
...
006 (32358499.183.000) 2023-06-22 15:15:29 Image size of job updated: 150
	150  -  MemoryUsage of job (MB)
	154320  -  ResidentSetSize of job (KB)
...
006 (32358499.183.000) 2023-06-22 15:17:34 Image size of job updated: 150
	150  -  MemoryUsage of job (MB)
	154340  -  ResidentSetSize of job (KB)
...
006 (32358499.183.000) 2023-06-22 15:18:35 Image size of job updated: 150
	150  -  MemoryUsage of job (MB)
	154440  -  ResidentSetSize of job (KB)
...
006 (32358499.183.000) 2023-06-22 15:19:18 Image size of job updated: 150
	150  -  MemoryUsage of job (MB)
	154476  -  ResidentSetSize of job (KB)
...
040 (32358499.183.000) 2023-06-22 15:19:20 Started transferring output files
...
040 (32358499.183.000) 2023-06-22 15:19:20 Finished transferring output files
...
005 (32358499.183.000) 2023-06-22 15:19:28 Job terminated.
	(1) Normal termination (return value 0)
		Usr 0 00:06:18, Sys 0 00:00:16  -  Run Remote Usage
		Usr 0 00:00:00, Sys 0 00:00:00  -  Run Local Usage
		Usr 0 00:06:18, Sys 0 00:00:16  -  Total Remote Usage
		Usr 0 00:00:00, Sys 0 00:00:00  -  Total Local Usage
	151461  -  Run Bytes Sent By Job
	224295  -  Run Bytes Received By Job
	151461  -  Total Bytes Sent By Job
	224295  -  Total Bytes Received By Job
	Partitionable Resources :    Usage  Request Allocated 
	   Cpus                 :        0        1         1 
	   Disk (KB)            :      917      225   1635897 
	   Memory (MB)          :      150     2048      2048 

	Job terminated of its own accord at 2023-06-22T20:19:18Z with exit-code 0.
...
