000 (32358499.244.000) 2023-06-22 15:06:02 Job submitted from host: <131.225.204.62:9618?addrs=131.225.204.62-9618+[2620-6a-0-8420-f0-0-204-62]-9618&alias=lpcschedd5.fnal.gov&noUDP&sock=schedd_2770_916d>
...
040 (32358499.244.000) 2023-06-22 15:12:57 Started transferring input files
	Transferring to host: <131.225.188.184:9618?addrs=[2620-6a-0-8421-f0-0-188-184]-9618+131.225.188.184-9618&alias=cmswn2061.fnal.gov&noUDP&sock=slot1_26_2109_bb2f_8631>
...
040 (32358499.244.000) 2023-06-22 15:12:57 Finished transferring input files
...
001 (32358499.244.000) 2023-06-22 15:12:57 Job executing on host: <131.225.188.184:9618?addrs=[2620-6a-0-8421-f0-0-188-184]-9618+131.225.188.184-9618&alias=cmswn2061.fnal.gov&noUDP&sock=startd_2020_2165>
...
006 (32358499.244.000) 2023-06-22 15:14:06 Image size of job updated: 91
	91  -  MemoryUsage of job (MB)
	94024  -  ResidentSetSize of job (KB)
...
006 (32358499.244.000) 2023-06-22 15:15:07 Image size of job updated: 143
	143  -  MemoryUsage of job (MB)
	147400  -  ResidentSetSize of job (KB)
...
006 (32358499.244.000) 2023-06-22 15:17:09 Image size of job updated: 143
	143  -  MemoryUsage of job (MB)
	147452  -  ResidentSetSize of job (KB)
...
006 (32358499.244.000) 2023-06-22 15:18:10 Image size of job updated: 144
	144  -  MemoryUsage of job (MB)
	147456  -  ResidentSetSize of job (KB)
...
040 (32358499.244.000) 2023-06-22 15:18:25 Started transferring output files
...
040 (32358499.244.000) 2023-06-22 15:18:25 Finished transferring output files
...
005 (32358499.244.000) 2023-06-22 15:18:26 Job terminated.
	(1) Normal termination (return value 0)
		Usr 0 00:03:37, Sys 0 00:00:10  -  Run Remote Usage
		Usr 0 00:00:00, Sys 0 00:00:00  -  Run Local Usage
		Usr 0 00:03:37, Sys 0 00:00:10  -  Total Remote Usage
		Usr 0 00:00:00, Sys 0 00:00:00  -  Total Local Usage
	144300  -  Run Bytes Sent By Job
	224295  -  Run Bytes Received By Job
	144300  -  Total Bytes Sent By Job
	224295  -  Total Bytes Received By Job
	Partitionable Resources :    Usage  Request Allocated 
	   Cpus                 :     0.03        1         1 
	   Disk (KB)            :   909         225   1643483 
	   Memory (MB)          :   144        2048      2048 

	Job terminated of its own accord at 2023-06-22T20:18:25Z with exit-code 0.
...
