000 (32358499.223.000) 2023-06-22 15:06:02 Job submitted from host: <131.225.204.62:9618?addrs=131.225.204.62-9618+[2620-6a-0-8420-f0-0-204-62]-9618&alias=lpcschedd5.fnal.gov&noUDP&sock=schedd_2770_916d>
...
040 (32358499.223.000) 2023-06-22 15:12:26 Started transferring input files
	Transferring to host: <131.225.188.179:9618?addrs=[2620-6a-0-8421-f0-0-188-179]-9618+131.225.188.179-9618&alias=cmswn2059.fnal.gov&noUDP&sock=slot1_42_2012_62cb_10045>
...
040 (32358499.223.000) 2023-06-22 15:12:26 Finished transferring input files
...
001 (32358499.223.000) 2023-06-22 15:12:26 Job executing on host: <131.225.188.179:9618?addrs=[2620-6a-0-8421-f0-0-188-179]-9618+131.225.188.179-9618&alias=cmswn2059.fnal.gov&noUDP&sock=startd_1929_b647>
...
006 (32358499.223.000) 2023-06-22 15:12:34 Image size of job updated: 35
	35  -  MemoryUsage of job (MB)
	36548  -  ResidentSetSize of job (KB)
...
006 (32358499.223.000) 2023-06-22 15:13:35 Image size of job updated: 139
	139  -  MemoryUsage of job (MB)
	142572  -  ResidentSetSize of job (KB)
...
006 (32358499.223.000) 2023-06-22 15:14:36 Image size of job updated: 139
	139  -  MemoryUsage of job (MB)
	142596  -  ResidentSetSize of job (KB)
...
006 (32358499.223.000) 2023-06-22 15:15:36 Image size of job updated: 139
	139  -  MemoryUsage of job (MB)
	142604  -  ResidentSetSize of job (KB)
...
006 (32358499.223.000) 2023-06-22 15:16:15 Image size of job updated: 139
	139  -  MemoryUsage of job (MB)
	142732  -  ResidentSetSize of job (KB)
...
040 (32358499.223.000) 2023-06-22 15:16:16 Started transferring output files
...
040 (32358499.223.000) 2023-06-22 15:16:16 Finished transferring output files
...
005 (32358499.223.000) 2023-06-22 15:16:17 Job terminated.
	(1) Normal termination (return value 0)
		Usr 0 00:03:24, Sys 0 00:00:09  -  Run Remote Usage
		Usr 0 00:00:00, Sys 0 00:00:00  -  Run Local Usage
		Usr 0 00:03:24, Sys 0 00:00:09  -  Total Remote Usage
		Usr 0 00:00:00, Sys 0 00:00:00  -  Total Local Usage
	142944  -  Run Bytes Sent By Job
	224295  -  Run Bytes Received By Job
	142944  -  Total Bytes Sent By Job
	224295  -  Total Bytes Received By Job
	Partitionable Resources :    Usage  Request Allocated 
	   Cpus                 :        0        1         1 
	   Disk (KB)            :      906      225   1654204 
	   Memory (MB)          :      139     2048      2048 

	Job terminated of its own accord at 2023-06-22T20:16:15Z with exit-code 0.
...
