000 (32358499.046.000) 2023-06-22 15:06:01 Job submitted from host: <131.225.204.62:9618?addrs=131.225.204.62-9618+[2620-6a-0-8420-f0-0-204-62]-9618&alias=lpcschedd5.fnal.gov&noUDP&sock=schedd_2770_916d>
...
040 (32358499.046.000) 2023-06-22 15:09:22 Started transferring input files
	Transferring to host: <131.225.188.64:9618?addrs=[2620-6a-0-8421-f0-0-188-64]-9618+131.225.188.64-9618&alias=cmswn2036.fnal.gov&noUDP&sock=slot1_6_2136_c150_48982>
...
040 (32358499.046.000) 2023-06-22 15:09:22 Finished transferring input files
...
001 (32358499.046.000) 2023-06-22 15:09:22 Job executing on host: <131.225.188.64:9618?addrs=[2620-6a-0-8421-f0-0-188-64]-9618+131.225.188.64-9618&alias=cmswn2036.fnal.gov&noUDP&sock=startd_1938_e2a1>
...
006 (32358499.046.000) 2023-06-22 15:11:33 Image size of job updated: 48
	48  -  MemoryUsage of job (MB)
	50136  -  ResidentSetSize of job (KB)
...
006 (32358499.046.000) 2023-06-22 15:12:35 Image size of job updated: 143
	143  -  MemoryUsage of job (MB)
	147016  -  ResidentSetSize of job (KB)
...
006 (32358499.046.000) 2023-06-22 15:13:35 Image size of job updated: 143
	143  -  MemoryUsage of job (MB)
	147028  -  ResidentSetSize of job (KB)
...
006 (32358499.046.000) 2023-06-22 15:14:35 Image size of job updated: 143
	143  -  MemoryUsage of job (MB)
	147040  -  ResidentSetSize of job (KB)
...
040 (32358499.046.000) 2023-06-22 15:15:12 Started transferring output files
...
040 (32358499.046.000) 2023-06-22 15:15:14 Finished transferring output files
...
005 (32358499.046.000) 2023-06-22 15:15:21 Job terminated.
	(1) Normal termination (return value 0)
		Usr 0 00:03:08, Sys 0 00:00:09  -  Run Remote Usage
		Usr 0 00:00:00, Sys 0 00:00:00  -  Run Local Usage
		Usr 0 00:03:08, Sys 0 00:00:09  -  Total Remote Usage
		Usr 0 00:00:00, Sys 0 00:00:00  -  Total Local Usage
	145586  -  Run Bytes Sent By Job
	224294  -  Run Bytes Received By Job
	145586  -  Total Bytes Sent By Job
	224294  -  Total Bytes Received By Job
	Partitionable Resources :    Usage  Request Allocated 
	   Cpus                 :     0.01        1         1 
	   Disk (KB)            :   912         225   1635851 
	   Memory (MB)          :   143        2048      2048 

	Job terminated of its own accord at 2023-06-22T20:15:12Z with exit-code 0.
...
