000 (32358499.350.000) 2023-06-22 15:06:02 Job submitted from host: <131.225.204.62:9618?addrs=131.225.204.62-9618+[2620-6a-0-8420-f0-0-204-62]-9618&alias=lpcschedd5.fnal.gov&noUDP&sock=schedd_2770_916d>
...
040 (32358499.350.000) 2023-06-22 15:15:53 Started transferring input files
	Transferring to host: <131.225.189.155:9618?addrs=[2620-6a-0-8421-f0-0-189-155]-9618+131.225.189.155-9618&alias=cmswn2112.fnal.gov&noUDP&sock=slot1_33_2121_2faf_53770>
...
040 (32358499.350.000) 2023-06-22 15:15:53 Finished transferring input files
...
001 (32358499.350.000) 2023-06-22 15:15:53 Job executing on host: <131.225.189.155:9618?addrs=[2620-6a-0-8421-f0-0-189-155]-9618+131.225.189.155-9618&alias=cmswn2112.fnal.gov&noUDP&sock=startd_2024_dfc6>
...
006 (32358499.350.000) 2023-06-22 15:16:01 Image size of job updated: 43
	43  -  MemoryUsage of job (MB)
	44584  -  ResidentSetSize of job (KB)
...
006 (32358499.350.000) 2023-06-22 15:17:01 Image size of job updated: 147
	147  -  MemoryUsage of job (MB)
	151068  -  ResidentSetSize of job (KB)
...
006 (32358499.350.000) 2023-06-22 15:19:02 Image size of job updated: 147
	147  -  MemoryUsage of job (MB)
	151084  -  ResidentSetSize of job (KB)
...
006 (32358499.350.000) 2023-06-22 15:21:03 Image size of job updated: 147
	147  -  MemoryUsage of job (MB)
	151108  -  ResidentSetSize of job (KB)
...
006 (32358499.350.000) 2023-06-22 15:21:46 Image size of job updated: 147
	147  -  MemoryUsage of job (MB)
	151112  -  ResidentSetSize of job (KB)
...
040 (32358499.350.000) 2023-06-22 15:21:46 Started transferring output files
...
040 (32358499.350.000) 2023-06-22 15:21:46 Finished transferring output files
...
005 (32358499.350.000) 2023-06-22 15:21:47 Job terminated.
	(1) Normal termination (return value 0)
		Usr 0 00:05:18, Sys 0 00:00:14  -  Run Remote Usage
		Usr 0 00:00:00, Sys 0 00:00:00  -  Run Local Usage
		Usr 0 00:05:18, Sys 0 00:00:14  -  Total Remote Usage
		Usr 0 00:00:00, Sys 0 00:00:00  -  Total Local Usage
	150763  -  Run Bytes Sent By Job
	224295  -  Run Bytes Received By Job
	150763  -  Total Bytes Sent By Job
	224295  -  Total Bytes Received By Job
	Partitionable Resources :    Usage  Request Allocated 
	   Cpus                 :     0.00        1         1 
	   Disk (KB)            :   912         225   3454594 
	   Memory (MB)          :   147        2048      2048 

	Job terminated of its own accord at 2023-06-22T20:21:46Z with exit-code 0.
...
