000 (32358499.249.000) 2023-06-22 15:06:02 Job submitted from host: <131.225.204.62:9618?addrs=131.225.204.62-9618+[2620-6a-0-8420-f0-0-204-62]-9618&alias=lpcschedd5.fnal.gov&noUDP&sock=schedd_2770_916d>
...
040 (32358499.249.000) 2023-06-22 15:13:11 Entered queue to transfer input files
	Transferring to host: <131.225.189.19:9618?addrs=[2620-6a-0-8421-f0-0-189-19]-9618+131.225.189.19-9618&alias=cmswn2082.fnal.gov&noUDP&sock=slot1_9_2103_80ef_37899>
...
040 (32358499.249.000) 2023-06-22 15:13:13 Started transferring input files
	Seconds spent in queue: 2
...
040 (32358499.249.000) 2023-06-22 15:13:15 Finished transferring input files
...
001 (32358499.249.000) 2023-06-22 15:13:15 Job executing on host: <131.225.189.19:9618?addrs=[2620-6a-0-8421-f0-0-189-19]-9618+131.225.189.19-9618&alias=cmswn2082.fnal.gov&noUDP&sock=startd_2013_543c>
...
006 (32358499.249.000) 2023-06-22 15:14:25 Image size of job updated: 169
	169  -  MemoryUsage of job (MB)
	174056  -  ResidentSetSize of job (KB)
...
006 (32358499.249.000) 2023-06-22 15:15:26 Image size of job updated: 170
	170  -  MemoryUsage of job (MB)
	174648  -  ResidentSetSize of job (KB)
...
006 (32358499.249.000) 2023-06-22 15:17:26 Image size of job updated: 170
	170  -  MemoryUsage of job (MB)
	174668  -  ResidentSetSize of job (KB)
...
006 (32358499.249.000) 2023-06-22 15:18:27 Image size of job updated: 170
	170  -  MemoryUsage of job (MB)
	174772  -  ResidentSetSize of job (KB)
...
006 (32358499.249.000) 2023-06-22 15:19:28 Image size of job updated: 170
	170  -  MemoryUsage of job (MB)
	174788  -  ResidentSetSize of job (KB)
...
040 (32358499.249.000) 2023-06-22 15:19:47 Started transferring output files
	Seconds spent in queue: 396
...
040 (32358499.249.000) 2023-06-22 15:19:47 Finished transferring output files
...
005 (32358499.249.000) 2023-06-22 15:19:49 Job terminated.
	(1) Normal termination (return value 0)
		Usr 0 00:05:04, Sys 0 00:00:13  -  Run Remote Usage
		Usr 0 00:00:00, Sys 0 00:00:00  -  Run Local Usage
		Usr 0 00:05:04, Sys 0 00:00:13  -  Total Remote Usage
		Usr 0 00:00:00, Sys 0 00:00:00  -  Total Local Usage
	149540  -  Run Bytes Sent By Job
	224295  -  Run Bytes Received By Job
	149540  -  Total Bytes Sent By Job
	224295  -  Total Bytes Received By Job
	Partitionable Resources :    Usage  Request Allocated 
	   Cpus                 :     0.01        1         1 
	   Disk (KB)            :   916         225   1651055 
	   Memory (MB)          :   170        2048      2048 

	Job terminated of its own accord at 2023-06-22T20:19:47Z with exit-code 0.
...
