000 (32358499.316.000) 2023-06-22 15:06:02 Job submitted from host: <131.225.204.62:9618?addrs=131.225.204.62-9618+[2620-6a-0-8420-f0-0-204-62]-9618&alias=lpcschedd5.fnal.gov&noUDP&sock=schedd_2770_916d>
...
040 (32358499.316.000) 2023-06-22 15:15:08 Entered queue to transfer input files
	Transferring to host: <131.225.189.47:9618?addrs=[2620-6a-0-8421-f0-0-189-47]-9618+131.225.189.47-9618&alias=cmswn2096.fnal.gov&noUDP&sock=slot1_62_2090_580e_8915>
...
040 (32358499.316.000) 2023-06-22 15:15:13 Started transferring input files
	Seconds spent in queue: 5
...
001 (32358499.316.000) 2023-06-22 15:15:14 Job executing on host: <131.225.189.47:9618?addrs=[2620-6a-0-8421-f0-0-189-47]-9618+131.225.189.47-9618&alias=cmswn2096.fnal.gov&noUDP&sock=startd_2003_7849>
...
040 (32358499.316.000) 2023-06-22 15:15:14 Finished transferring input files
...
006 (32358499.316.000) 2023-06-22 15:15:22 Image size of job updated: 6
	6  -  MemoryUsage of job (MB)
	7016  -  ResidentSetSize of job (KB)
...
006 (32358499.316.000) 2023-06-22 15:16:23 Image size of job updated: 150
	150  -  MemoryUsage of job (MB)
	153964  -  ResidentSetSize of job (KB)
...
006 (32358499.316.000) 2023-06-22 15:17:23 Image size of job updated: 150
	150  -  MemoryUsage of job (MB)
	153976  -  ResidentSetSize of job (KB)
...
006 (32358499.316.000) 2023-06-22 15:18:24 Image size of job updated: 150
	150  -  MemoryUsage of job (MB)
	153992  -  ResidentSetSize of job (KB)
...
006 (32358499.316.000) 2023-06-22 15:19:25 Image size of job updated: 150
	150  -  MemoryUsage of job (MB)
	154108  -  ResidentSetSize of job (KB)
...
006 (32358499.316.000) 2023-06-22 15:20:26 Image size of job updated: 150
	150  -  MemoryUsage of job (MB)
	154112  -  ResidentSetSize of job (KB)
...
006 (32358499.316.000) 2023-06-22 15:23:29 Image size of job updated: 150
	150  -  MemoryUsage of job (MB)
	154212  -  ResidentSetSize of job (KB)
...
040 (32358499.316.000) 2023-06-22 15:23:35 Started transferring output files
	Seconds spent in queue: 507
...
040 (32358499.316.000) 2023-06-22 15:23:35 Finished transferring output files
...
005 (32358499.316.000) 2023-06-22 15:23:45 Job terminated.
	(1) Normal termination (return value 0)
		Usr 0 00:06:26, Sys 0 00:00:16  -  Run Remote Usage
		Usr 0 00:00:00, Sys 0 00:00:00  -  Run Local Usage
		Usr 0 00:06:26, Sys 0 00:00:16  -  Total Remote Usage
		Usr 0 00:00:00, Sys 0 00:00:00  -  Total Local Usage
	154608  -  Run Bytes Sent By Job
	224295  -  Run Bytes Received By Job
	154608  -  Total Bytes Sent By Job
	224295  -  Total Bytes Received By Job
	Partitionable Resources :    Usage  Request Allocated 
	   Cpus                 :     0.03        1         1 
	   Disk (KB)            :   921         225   1635897 
	   Memory (MB)          :   150        2048      2048 

	Job terminated of its own accord at 2023-06-22T20:23:35Z with exit-code 0.
...
