000 (32358499.324.000) 2023-06-22 15:06:02 Job submitted from host: <131.225.204.62:9618?addrs=131.225.204.62-9618+[2620-6a-0-8420-f0-0-204-62]-9618&alias=lpcschedd5.fnal.gov&noUDP&sock=schedd_2770_916d>
...
040 (32358499.324.000) 2023-06-22 15:15:13 Entered queue to transfer input files
	Transferring to host: <131.225.188.172:9618?addrs=[2620-6a-0-8421-f0-0-188-172]-9618+131.225.188.172-9618&alias=cmswn2057.fnal.gov&noUDP&sock=slot1_42_2016_344b_44508>
...
040 (32358499.324.000) 2023-06-22 15:15:32 Started transferring input files
	Seconds spent in queue: 19
...
040 (32358499.324.000) 2023-06-22 15:15:32 Finished transferring input files
...
001 (32358499.324.000) 2023-06-22 15:15:32 Job executing on host: <131.225.188.172:9618?addrs=[2620-6a-0-8421-f0-0-188-172]-9618+131.225.188.172-9618&alias=cmswn2057.fnal.gov&noUDP&sock=startd_1916_cb8c>
...
006 (32358499.324.000) 2023-06-22 15:15:41 Image size of job updated: 8
	8  -  MemoryUsage of job (MB)
	8288  -  ResidentSetSize of job (KB)
...
006 (32358499.324.000) 2023-06-22 15:16:42 Image size of job updated: 151
	151  -  MemoryUsage of job (MB)
	154916  -  ResidentSetSize of job (KB)
...
006 (32358499.324.000) 2023-06-22 15:17:42 Image size of job updated: 151
	151  -  MemoryUsage of job (MB)
	154932  -  ResidentSetSize of job (KB)
...
006 (32358499.324.000) 2023-06-22 15:18:42 Image size of job updated: 151
	151  -  MemoryUsage of job (MB)
	154948  -  ResidentSetSize of job (KB)
...
006 (32358499.324.000) 2023-06-22 15:19:42 Image size of job updated: 151
	151  -  MemoryUsage of job (MB)
	154952  -  ResidentSetSize of job (KB)
...
006 (32358499.324.000) 2023-06-22 15:21:43 Image size of job updated: 151
	151  -  MemoryUsage of job (MB)
	155060  -  ResidentSetSize of job (KB)
...
006 (32358499.324.000) 2023-06-22 15:22:43 Image size of job updated: 151
	151  -  MemoryUsage of job (MB)
	155064  -  ResidentSetSize of job (KB)
...
006 (32358499.324.000) 2023-06-22 15:24:07 Image size of job updated: 151
	151  -  MemoryUsage of job (MB)
	155164  -  ResidentSetSize of job (KB)
...
040 (32358499.324.000) 2023-06-22 15:24:07 Started transferring output files
	Seconds spent in queue: 534
...
040 (32358499.324.000) 2023-06-22 15:24:07 Finished transferring output files
...
005 (32358499.324.000) 2023-06-22 15:24:11 Job terminated.
	(1) Normal termination (return value 0)
		Usr 0 00:07:19, Sys 0 00:00:19  -  Run Remote Usage
		Usr 0 00:00:00, Sys 0 00:00:00  -  Run Local Usage
		Usr 0 00:07:19, Sys 0 00:00:19  -  Total Remote Usage
		Usr 0 00:00:00, Sys 0 00:00:00  -  Total Local Usage
	156647  -  Run Bytes Sent By Job
	224295  -  Run Bytes Received By Job
	156647  -  Total Bytes Sent By Job
	224295  -  Total Bytes Received By Job
	Partitionable Resources :    Usage  Request Allocated 
	   Cpus                 :     0.00        1         1 
	   Disk (KB)            :   922         225   1637862 
	   Memory (MB)          :   151        2048      2048 

	Job terminated of its own accord at 2023-06-22T20:24:07Z with exit-code 0.
...
