000 (32358499.392.000) 2023-06-22 15:06:03 Job submitted from host: <131.225.204.62:9618?addrs=131.225.204.62-9618+[2620-6a-0-8420-f0-0-204-62]-9618&alias=lpcschedd5.fnal.gov&noUDP&sock=schedd_2770_916d>
...
040 (32358499.392.000) 2023-06-22 15:16:42 Started transferring input files
	Transferring to host: <131.225.189.15:9618?addrs=[2620-6a-0-8421-f0-0-189-15]-9618+131.225.189.15-9618&alias=cmswn2079.fnal.gov&noUDP&sock=slot1_52_2024_d74b_36242>
...
040 (32358499.392.000) 2023-06-22 15:16:42 Finished transferring input files
...
001 (32358499.392.000) 2023-06-22 15:16:43 Job executing on host: <131.225.189.15:9618?addrs=[2620-6a-0-8421-f0-0-189-15]-9618+131.225.189.15-9618&alias=cmswn2079.fnal.gov&noUDP&sock=startd_1926_a77e>
...
006 (32358499.392.000) 2023-06-22 15:17:53 Image size of job updated: 159
	159  -  MemoryUsage of job (MB)
	163680  -  ResidentSetSize of job (KB)
...
006 (32358499.392.000) 2023-06-22 15:18:53 Image size of job updated: 160
	160  -  MemoryUsage of job (MB)
	163976  -  ResidentSetSize of job (KB)
...
006 (32358499.392.000) 2023-06-22 15:20:55 Image size of job updated: 160
	160  -  MemoryUsage of job (MB)
	163992  -  ResidentSetSize of job (KB)
...
006 (32358499.392.000) 2023-06-22 15:25:59 Image size of job updated: 160
	160  -  MemoryUsage of job (MB)
	164092  -  ResidentSetSize of job (KB)
...
040 (32358499.392.000) 2023-06-22 15:27:37 Started transferring output files
...
040 (32358499.392.000) 2023-06-22 15:27:37 Finished transferring output files
...
005 (32358499.392.000) 2023-06-22 15:27:39 Job terminated.
	(1) Normal termination (return value 0)
		Usr 0 00:07:42, Sys 0 00:00:19  -  Run Remote Usage
		Usr 0 00:00:00, Sys 0 00:00:00  -  Run Local Usage
		Usr 0 00:07:42, Sys 0 00:00:19  -  Total Remote Usage
		Usr 0 00:00:00, Sys 0 00:00:00  -  Total Local Usage
	158716  -  Run Bytes Sent By Job
	224295  -  Run Bytes Received By Job
	158716  -  Total Bytes Sent By Job
	224295  -  Total Bytes Received By Job
	Partitionable Resources :    Usage  Request Allocated 
	   Cpus                 :     0.01        1         1 
	   Disk (KB)            :   925         225   1645666 
	   Memory (MB)          :   160        2048      2048 

	Job terminated of its own accord at 2023-06-22T20:27:37Z with exit-code 0.
...
