000 (32358499.462.000) 2023-06-22 15:06:03 Job submitted from host: <131.225.204.62:9618?addrs=131.225.204.62-9618+[2620-6a-0-8420-f0-0-204-62]-9618&alias=lpcschedd5.fnal.gov&noUDP&sock=schedd_2770_916d>
...
040 (32358499.462.000) 2023-06-22 15:17:53 Started transferring input files
	Transferring to host: <131.225.188.137:9618?addrs=[2620-6a-0-8421-f0-0-188-137]-9618+131.225.188.137-9618&alias=cmswn2050.fnal.gov&noUDP&sock=slot1_28_2118_128f_46103>
...
040 (32358499.462.000) 2023-06-22 15:17:53 Finished transferring input files
...
001 (32358499.462.000) 2023-06-22 15:17:53 Job executing on host: <131.225.188.137:9618?addrs=[2620-6a-0-8421-f0-0-188-137]-9618+131.225.188.137-9618&alias=cmswn2050.fnal.gov&noUDP&sock=startd_1934_2440>
...
006 (32358499.462.000) 2023-06-22 15:18:02 Image size of job updated: 42
	42  -  MemoryUsage of job (MB)
	43364  -  ResidentSetSize of job (KB)
...
006 (32358499.462.000) 2023-06-22 15:19:03 Image size of job updated: 160
	160  -  MemoryUsage of job (MB)
	164304  -  ResidentSetSize of job (KB)
...
006 (32358499.462.000) 2023-06-22 15:21:05 Image size of job updated: 160
	160  -  MemoryUsage of job (MB)
	164308  -  ResidentSetSize of job (KB)
...
006 (32358499.462.000) 2023-06-22 15:23:06 Image size of job updated: 160
	160  -  MemoryUsage of job (MB)
	164416  -  ResidentSetSize of job (KB)
...
040 (32358499.462.000) 2023-06-22 15:27:16 Started transferring output files
...
040 (32358499.462.000) 2023-06-22 15:27:16 Finished transferring output files
...
005 (32358499.462.000) 2023-06-22 15:27:20 Job terminated.
	(1) Normal termination (return value 0)
		Usr 0 00:07:29, Sys 0 00:00:18  -  Run Remote Usage
		Usr 0 00:00:00, Sys 0 00:00:00  -  Run Local Usage
		Usr 0 00:07:29, Sys 0 00:00:18  -  Total Remote Usage
		Usr 0 00:00:00, Sys 0 00:00:00  -  Total Local Usage
	160741  -  Run Bytes Sent By Job
	224295  -  Run Bytes Received By Job
	160741  -  Total Bytes Sent By Job
	224295  -  Total Bytes Received By Job
	Partitionable Resources :    Usage  Request Allocated 
	   Cpus                 :        0        1         1 
	   Disk (KB)            :      926      225   1639724 
	   Memory (MB)          :      160     2048      2048 

	Job terminated of its own accord at 2023-06-22T20:27:16Z with exit-code 0.
...
