000 (32358499.401.000) 2023-06-22 15:06:03 Job submitted from host: <131.225.204.62:9618?addrs=131.225.204.62-9618+[2620-6a-0-8420-f0-0-204-62]-9618&alias=lpcschedd5.fnal.gov&noUDP&sock=schedd_2770_916d>
...
040 (32358499.401.000) 2023-06-22 15:16:48 Started transferring input files
	Transferring to host: <131.225.189.162:9618?addrs=[2620-6a-0-8421-f0-0-189-162]-9618+131.225.189.162-9618&alias=cmswn2116.fnal.gov&noUDP&sock=slot1_30_2153_bbb1_49530>
...
040 (32358499.401.000) 2023-06-22 15:16:48 Finished transferring input files
...
001 (32358499.401.000) 2023-06-22 15:16:48 Job executing on host: <131.225.189.162:9618?addrs=[2620-6a-0-8421-f0-0-189-162]-9618+131.225.189.162-9618&alias=cmswn2116.fnal.gov&noUDP&sock=startd_2040_d94a>
...
006 (32358499.401.000) 2023-06-22 15:16:57 Image size of job updated: 12
	12  -  MemoryUsage of job (MB)
	13168  -  ResidentSetSize of job (KB)
...
006 (32358499.401.000) 2023-06-22 15:17:58 Image size of job updated: 157
	157  -  MemoryUsage of job (MB)
	161152  -  ResidentSetSize of job (KB)
...
006 (32358499.401.000) 2023-06-22 15:19:59 Image size of job updated: 157
	157  -  MemoryUsage of job (MB)
	161156  -  ResidentSetSize of job (KB)
...
006 (32358499.401.000) 2023-06-22 15:26:02 Image size of job updated: 157
	157  -  MemoryUsage of job (MB)
	161268  -  ResidentSetSize of job (KB)
...
040 (32358499.401.000) 2023-06-22 15:27:51 Started transferring output files
...
040 (32358499.401.000) 2023-06-22 15:27:51 Finished transferring output files
...
005 (32358499.401.000) 2023-06-22 15:27:52 Job terminated.
	(1) Normal termination (return value 0)
		Usr 0 00:09:59, Sys 0 00:00:27  -  Run Remote Usage
		Usr 0 00:00:00, Sys 0 00:00:00  -  Run Local Usage
		Usr 0 00:09:59, Sys 0 00:00:27  -  Total Remote Usage
		Usr 0 00:00:00, Sys 0 00:00:00  -  Total Local Usage
	160387  -  Run Bytes Sent By Job
	224295  -  Run Bytes Received By Job
	160387  -  Total Bytes Sent By Job
	224295  -  Total Bytes Received By Job
	Partitionable Resources :    Usage  Request Allocated 
	   Cpus                 :        0        1         1 
	   Disk (KB)            :      922      225   3464731 
	   Memory (MB)          :      157     2048      2048 

	Job terminated of its own accord at 2023-06-22T20:27:51Z with exit-code 0.
...
