000 (32358499.399.000) 2023-06-22 15:06:03 Job submitted from host: <131.225.204.62:9618?addrs=131.225.204.62-9618+[2620-6a-0-8420-f0-0-204-62]-9618&alias=lpcschedd5.fnal.gov&noUDP&sock=schedd_2770_916d>
...
040 (32358499.399.000) 2023-06-22 15:16:44 Started transferring input files
	Transferring to host: <131.225.188.64:9618?addrs=[2620-6a-0-8421-f0-0-188-64]-9618+131.225.188.64-9618&alias=cmswn2036.fnal.gov&noUDP&sock=slot1_40_2136_c150_49009>
...
040 (32358499.399.000) 2023-06-22 15:16:44 Finished transferring input files
...
001 (32358499.399.000) 2023-06-22 15:16:44 Job executing on host: <131.225.188.64:9618?addrs=[2620-6a-0-8421-f0-0-188-64]-9618+131.225.188.64-9618&alias=cmswn2036.fnal.gov&noUDP&sock=startd_1938_e2a1>
...
006 (32358499.399.000) 2023-06-22 15:17:53 Image size of job updated: 152
	152  -  MemoryUsage of job (MB)
	156376  -  ResidentSetSize of job (KB)
...
006 (32358499.399.000) 2023-06-22 15:18:53 Image size of job updated: 152
	152  -  MemoryUsage of job (MB)
	156508  -  ResidentSetSize of job (KB)
...
006 (32358499.399.000) 2023-06-22 15:21:53 Image size of job updated: 152
	152  -  MemoryUsage of job (MB)
	156520  -  ResidentSetSize of job (KB)
...
040 (32358499.399.000) 2023-06-22 15:24:01 Started transferring output files
...
040 (32358499.399.000) 2023-06-22 15:24:01 Finished transferring output files
...
005 (32358499.399.000) 2023-06-22 15:24:01 Job terminated.
	(1) Normal termination (return value 0)
		Usr 0 00:06:13, Sys 0 00:00:16  -  Run Remote Usage
		Usr 0 00:00:00, Sys 0 00:00:00  -  Run Local Usage
		Usr 0 00:06:13, Sys 0 00:00:16  -  Total Remote Usage
		Usr 0 00:00:00, Sys 0 00:00:00  -  Total Local Usage
	155819  -  Run Bytes Sent By Job
	224295  -  Run Bytes Received By Job
	155819  -  Total Bytes Sent By Job
	224295  -  Total Bytes Received By Job
	Partitionable Resources :    Usage  Request Allocated 
	   Cpus                 :     0.00        1         1 
	   Disk (KB)            :   922         225   1635851 
	   Memory (MB)          :   152        2048      2048 

	Job terminated of its own accord at 2023-06-22T20:24:00Z with exit-code 0.
...
