000 (32358499.035.000) 2023-06-22 15:06:01 Job submitted from host: <131.225.204.62:9618?addrs=131.225.204.62-9618+[2620-6a-0-8420-f0-0-204-62]-9618&alias=lpcschedd5.fnal.gov&noUDP&sock=schedd_2770_916d>
...
040 (32358499.035.000) 2023-06-22 15:09:04 Started transferring input files
	Transferring to host: <131.225.189.134:9618?addrs=[2620-6a-0-8421-f0-0-189-134]-9618+131.225.189.134-9618&alias=cmswn2104.fnal.gov&noUDP&sock=slot1_22_2122_e40f_57302>
...
040 (32358499.035.000) 2023-06-22 15:09:04 Finished transferring input files
...
001 (32358499.035.000) 2023-06-22 15:09:04 Job executing on host: <131.225.189.134:9618?addrs=[2620-6a-0-8421-f0-0-189-134]-9618+131.225.189.134-9618&alias=cmswn2104.fnal.gov&noUDP&sock=startd_2019_71cd>
...
006 (32358499.035.000) 2023-06-22 15:09:13 Image size of job updated: 12
	12  -  MemoryUsage of job (MB)
	12580  -  ResidentSetSize of job (KB)
...
006 (32358499.035.000) 2023-06-22 15:10:13 Image size of job updated: 143
	143  -  MemoryUsage of job (MB)
	146780  -  ResidentSetSize of job (KB)
...
006 (32358499.035.000) 2023-06-22 15:11:13 Image size of job updated: 143
	143  -  MemoryUsage of job (MB)
	146788  -  ResidentSetSize of job (KB)
...
006 (32358499.035.000) 2023-06-22 15:12:14 Image size of job updated: 143
	143  -  MemoryUsage of job (MB)
	146796  -  ResidentSetSize of job (KB)
...
006 (32358499.035.000) 2023-06-22 15:13:14 Image size of job updated: 143
	143  -  MemoryUsage of job (MB)
	146808  -  ResidentSetSize of job (KB)
...
006 (32358499.035.000) 2023-06-22 15:13:40 Image size of job updated: 143
	143  -  MemoryUsage of job (MB)
	146908  -  ResidentSetSize of job (KB)
...
040 (32358499.035.000) 2023-06-22 15:13:40 Started transferring output files
...
040 (32358499.035.000) 2023-06-22 15:13:40 Finished transferring output files
...
005 (32358499.035.000) 2023-06-22 15:13:41 Job terminated.
	(1) Normal termination (return value 0)
		Usr 0 00:04:04, Sys 0 00:00:11  -  Run Remote Usage
		Usr 0 00:00:00, Sys 0 00:00:00  -  Run Local Usage
		Usr 0 00:04:04, Sys 0 00:00:11  -  Total Remote Usage
		Usr 0 00:00:00, Sys 0 00:00:00  -  Total Local Usage
	147270  -  Run Bytes Sent By Job
	224294  -  Run Bytes Received By Job
	147270  -  Total Bytes Sent By Job
	224294  -  Total Bytes Received By Job
	Partitionable Resources :    Usage  Request Allocated 
	   Cpus                 :     0.00        1         1 
	   Disk (KB)            :   913         225   3460026 
	   Memory (MB)          :   143        2048      2048 

	Job terminated of its own accord at 2023-06-22T20:13:40Z with exit-code 0.
...
