000 (32358499.043.000) 2023-06-22 15:06:01 Job submitted from host: <131.225.204.62:9618?addrs=131.225.204.62-9618+[2620-6a-0-8420-f0-0-204-62]-9618&alias=lpcschedd5.fnal.gov&noUDP&sock=schedd_2770_916d>
...
040 (32358499.043.000) 2023-06-22 15:09:19 Entered queue to transfer input files
	Transferring to host: <131.225.188.172:9618?addrs=[2620-6a-0-8421-f0-0-188-172]-9618+131.225.188.172-9618&alias=cmswn2057.fnal.gov&noUDP&sock=slot1_42_2016_344b_44487>
...
040 (32358499.043.000) 2023-06-22 15:09:22 Started transferring input files
	Seconds spent in queue: 3
...
040 (32358499.043.000) 2023-06-22 15:09:22 Finished transferring input files
...
001 (32358499.043.000) 2023-06-22 15:09:22 Job executing on host: <131.225.188.172:9618?addrs=[2620-6a-0-8421-f0-0-188-172]-9618+131.225.188.172-9618&alias=cmswn2057.fnal.gov&noUDP&sock=startd_1916_cb8c>
...
006 (32358499.043.000) 2023-06-22 15:09:31 Image size of job updated: 6
	6  -  MemoryUsage of job (MB)
	6920  -  ResidentSetSize of job (KB)
...
006 (32358499.043.000) 2023-06-22 15:10:32 Image size of job updated: 148
	148  -  MemoryUsage of job (MB)
	152388  -  ResidentSetSize of job (KB)
...
006 (32358499.043.000) 2023-06-22 15:11:32 Image size of job updated: 148
	148  -  MemoryUsage of job (MB)
	152416  -  ResidentSetSize of job (KB)
...
006 (32358499.043.000) 2023-06-22 15:12:33 Image size of job updated: 148
	148  -  MemoryUsage of job (MB)
	152432  -  ResidentSetSize of job (KB)
...
006 (32358499.043.000) 2023-06-22 15:13:34 Image size of job updated: 148
	148  -  MemoryUsage of job (MB)
	152448  -  ResidentSetSize of job (KB)
...
040 (32358499.043.000) 2023-06-22 15:15:05 Started transferring output files
	Seconds spent in queue: 346
...
040 (32358499.043.000) 2023-06-22 15:15:05 Finished transferring output files
...
005 (32358499.043.000) 2023-06-22 15:15:07 Job terminated.
	(1) Normal termination (return value 0)
		Usr 0 00:04:25, Sys 0 00:00:11  -  Run Remote Usage
		Usr 0 00:00:00, Sys 0 00:00:00  -  Run Local Usage
		Usr 0 00:04:25, Sys 0 00:00:11  -  Total Remote Usage
		Usr 0 00:00:00, Sys 0 00:00:00  -  Total Local Usage
	147435  -  Run Bytes Sent By Job
	224294  -  Run Bytes Received By Job
	147435  -  Total Bytes Sent By Job
	224294  -  Total Bytes Received By Job
	Partitionable Resources :    Usage  Request Allocated 
	   Cpus                 :     0.01        1         1 
	   Disk (KB)            :   913         225   1637862 
	   Memory (MB)          :   148        2048      2048 

	Job terminated of its own accord at 2023-06-22T20:15:05Z with exit-code 0.
...
