000 (32358499.366.000) 2023-06-22 15:06:02 Job submitted from host: <131.225.204.62:9618?addrs=131.225.204.62-9618+[2620-6a-0-8420-f0-0-204-62]-9618&alias=lpcschedd5.fnal.gov&noUDP&sock=schedd_2770_916d>
...
040 (32358499.366.000) 2023-06-22 15:16:05 Started transferring input files
	Transferring to host: <131.225.189.19:9618?addrs=[2620-6a-0-8421-f0-0-189-19]-9618+131.225.189.19-9618&alias=cmswn2082.fnal.gov&noUDP&sock=slot1_18_2103_80ef_37907>
...
040 (32358499.366.000) 2023-06-22 15:16:05 Finished transferring input files
...
001 (32358499.366.000) 2023-06-22 15:16:05 Job executing on host: <131.225.189.19:9618?addrs=[2620-6a-0-8421-f0-0-189-19]-9618+131.225.189.19-9618&alias=cmswn2082.fnal.gov&noUDP&sock=startd_2013_543c>
...
006 (32358499.366.000) 2023-06-22 15:16:14 Image size of job updated: 41
	41  -  MemoryUsage of job (MB)
	42504  -  ResidentSetSize of job (KB)
...
006 (32358499.366.000) 2023-06-22 15:17:15 Image size of job updated: 142
	142  -  MemoryUsage of job (MB)
	145816  -  ResidentSetSize of job (KB)
...
006 (32358499.366.000) 2023-06-22 15:18:15 Image size of job updated: 142
	142  -  MemoryUsage of job (MB)
	145820  -  ResidentSetSize of job (KB)
...
006 (32358499.366.000) 2023-06-22 15:19:15 Image size of job updated: 142
	142  -  MemoryUsage of job (MB)
	145828  -  ResidentSetSize of job (KB)
...
040 (32358499.366.000) 2023-06-22 15:19:57 Started transferring output files
...
040 (32358499.366.000) 2023-06-22 15:19:57 Finished transferring output files
...
005 (32358499.366.000) 2023-06-22 15:19:59 Job terminated.
	(1) Normal termination (return value 0)
		Usr 0 00:03:25, Sys 0 00:00:09  -  Run Remote Usage
		Usr 0 00:00:00, Sys 0 00:00:00  -  Run Local Usage
		Usr 0 00:03:25, Sys 0 00:00:09  -  Total Remote Usage
		Usr 0 00:00:00, Sys 0 00:00:00  -  Total Local Usage
	145337  -  Run Bytes Sent By Job
	224295  -  Run Bytes Received By Job
	145337  -  Total Bytes Sent By Job
	224295  -  Total Bytes Received By Job
	Partitionable Resources :    Usage  Request Allocated 
	   Cpus                 :     0.00        1         1 
	   Disk (KB)            :   912         225   1651055 
	   Memory (MB)          :   142        2048      2048 

	Job terminated of its own accord at 2023-06-22T20:19:57Z with exit-code 0.
...
