000 (32358499.176.000) 2023-06-22 15:06:02 Job submitted from host: <131.225.204.62:9618?addrs=131.225.204.62-9618+[2620-6a-0-8420-f0-0-204-62]-9618&alias=lpcschedd5.fnal.gov&noUDP&sock=schedd_2770_916d>
...
040 (32358499.176.000) 2023-06-22 15:11:21 Started transferring input files
	Transferring to host: <131.225.188.73:9618?addrs=[2620-6a-0-8421-f0-0-188-73]-9618+131.225.188.73-9618&alias=cmswn2038.fnal.gov&noUDP&sock=slot1_2_2055_aeed_50301>
...
040 (32358499.176.000) 2023-06-22 15:11:21 Finished transferring input files
...
001 (32358499.176.000) 2023-06-22 15:11:21 Job executing on host: <131.225.188.73:9618?addrs=[2620-6a-0-8421-f0-0-188-73]-9618+131.225.188.73-9618&alias=cmswn2038.fnal.gov&noUDP&sock=startd_1935_d3d8>
...
006 (32358499.176.000) 2023-06-22 15:13:32 Image size of job updated: 134
	134  -  MemoryUsage of job (MB)
	137268  -  ResidentSetSize of job (KB)
...
006 (32358499.176.000) 2023-06-22 15:14:32 Image size of job updated: 141
	141  -  MemoryUsage of job (MB)
	144992  -  ResidentSetSize of job (KB)
...
006 (32358499.176.000) 2023-06-22 15:15:32 Image size of job updated: 141
	141  -  MemoryUsage of job (MB)
	145088  -  ResidentSetSize of job (KB)
...
006 (32358499.176.000) 2023-06-22 15:16:33 Image size of job updated: 141
	141  -  MemoryUsage of job (MB)
	145108  -  ResidentSetSize of job (KB)
...
006 (32358499.176.000) 2023-06-22 15:17:34 Image size of job updated: 141
	141  -  MemoryUsage of job (MB)
	145120  -  ResidentSetSize of job (KB)
...
006 (32358499.176.000) 2023-06-22 15:18:34 Image size of job updated: 141
	141  -  MemoryUsage of job (MB)
	145124  -  ResidentSetSize of job (KB)
...
006 (32358499.176.000) 2023-06-22 15:19:34 Image size of job updated: 141
	141  -  MemoryUsage of job (MB)
	145168  -  ResidentSetSize of job (KB)
...
006 (32358499.176.000) 2023-06-22 15:20:18 Image size of job updated: 141
	141  -  MemoryUsage of job (MB)
	145200  -  ResidentSetSize of job (KB)
...
040 (32358499.176.000) 2023-06-22 15:20:18 Started transferring output files
...
040 (32358499.176.000) 2023-06-22 15:20:18 Finished transferring output files
...
005 (32358499.176.000) 2023-06-22 15:20:19 Job terminated.
	(1) Normal termination (return value 0)
		Usr 0 00:04:04, Sys 0 00:00:16  -  Run Remote Usage
		Usr 0 00:00:00, Sys 0 00:00:00  -  Run Local Usage
		Usr 0 00:04:04, Sys 0 00:00:16  -  Total Remote Usage
		Usr 0 00:00:00, Sys 0 00:00:00  -  Total Local Usage
	146279  -  Run Bytes Sent By Job
	224295  -  Run Bytes Received By Job
	146279  -  Total Bytes Sent By Job
	224295  -  Total Bytes Received By Job
	Partitionable Resources :    Usage  Request Allocated 
	   Cpus                 :     0.00        1         1 
	   Disk (KB)            :   912         225   1650825 
	   Memory (MB)          :   141        2048      2048 

	Job terminated of its own accord at 2023-06-22T20:20:18Z with exit-code 0.
...
