000 (32358499.427.000) 2023-06-22 15:06:03 Job submitted from host: <131.225.204.62:9618?addrs=131.225.204.62-9618+[2620-6a-0-8420-f0-0-204-62]-9618&alias=lpcschedd5.fnal.gov&noUDP&sock=schedd_2770_916d>
...
040 (32358499.427.000) 2023-06-22 15:17:20 Entered queue to transfer input files
	Transferring to host: <131.225.189.54:9618?addrs=[2620-6a-0-8421-f0-0-189-54]-9618+131.225.189.54-9618&alias=cmswn2098.fnal.gov&noUDP&sock=slot1_50_2116_a9cf_36925>
...
040 (32358499.427.000) 2023-06-22 15:17:21 Started transferring input files
	Seconds spent in queue: 1
...
040 (32358499.427.000) 2023-06-22 15:17:21 Finished transferring input files
...
001 (32358499.427.000) 2023-06-22 15:17:21 Job executing on host: <131.225.189.54:9618?addrs=[2620-6a-0-8421-f0-0-189-54]-9618+131.225.189.54-9618&alias=cmswn2098.fnal.gov&noUDP&sock=startd_2019_71cd>
...
006 (32358499.427.000) 2023-06-22 15:18:31 Image size of job updated: 145
	145  -  MemoryUsage of job (MB)
	148644  -  ResidentSetSize of job (KB)
...
006 (32358499.427.000) 2023-06-22 15:19:31 Image size of job updated: 148
	148  -  MemoryUsage of job (MB)
	151696  -  ResidentSetSize of job (KB)
...
006 (32358499.427.000) 2023-06-22 15:20:32 Image size of job updated: 148
	148  -  MemoryUsage of job (MB)
	151704  -  ResidentSetSize of job (KB)
...
006 (32358499.427.000) 2023-06-22 15:21:33 Image size of job updated: 148
	148  -  MemoryUsage of job (MB)
	151716  -  ResidentSetSize of job (KB)
...
006 (32358499.427.000) 2023-06-22 15:22:34 Image size of job updated: 148
	148  -  MemoryUsage of job (MB)
	151732  -  ResidentSetSize of job (KB)
...
006 (32358499.427.000) 2023-06-22 15:24:34 Image size of job updated: 148
	148  -  MemoryUsage of job (MB)
	151860  -  ResidentSetSize of job (KB)
...
006 (32358499.427.000) 2023-06-22 15:25:34 Image size of job updated: 148
	148  -  MemoryUsage of job (MB)
	151876  -  ResidentSetSize of job (KB)
...
006 (32358499.427.000) 2023-06-22 15:25:58 Image size of job updated: 148
	148  -  MemoryUsage of job (MB)
	151976  -  ResidentSetSize of job (KB)
...
040 (32358499.427.000) 2023-06-22 15:25:59 Started transferring output files
	Seconds spent in queue: 519
...
040 (32358499.427.000) 2023-06-22 15:25:59 Finished transferring output files
...
005 (32358499.427.000) 2023-06-22 15:26:08 Job terminated.
	(1) Normal termination (return value 0)
		Usr 0 00:06:20, Sys 0 00:00:18  -  Run Remote Usage
		Usr 0 00:00:00, Sys 0 00:00:00  -  Run Local Usage
		Usr 0 00:06:20, Sys 0 00:00:18  -  Total Remote Usage
		Usr 0 00:00:00, Sys 0 00:00:00  -  Total Local Usage
	154123  -  Run Bytes Sent By Job
	224295  -  Run Bytes Received By Job
	154123  -  Total Bytes Sent By Job
	224295  -  Total Bytes Received By Job
	Partitionable Resources :    Usage  Request Allocated 
	   Cpus                 :        0        1         1 
	   Disk (KB)            :      920      225   1652839 
	   Memory (MB)          :      148     2048      2048 

	Job terminated of its own accord at 2023-06-22T20:25:58Z with exit-code 0.
...
