000 (32358499.246.000) 2023-06-22 15:06:02 Job submitted from host: <131.225.204.62:9618?addrs=131.225.204.62-9618+[2620-6a-0-8420-f0-0-204-62]-9618&alias=lpcschedd5.fnal.gov&noUDP&sock=schedd_2770_916d>
...
040 (32358499.246.000) 2023-06-22 15:13:02 Started transferring input files
	Transferring to host: <131.225.188.76:9618?addrs=[2620-6a-0-8421-f0-0-188-76]-9618+131.225.188.76-9618&alias=cmswn2039.fnal.gov&noUDP&sock=slot1_51_2124_4ccf_53646>
...
001 (32358499.246.000) 2023-06-22 15:13:02 Job executing on host: <131.225.188.76:9618?addrs=[2620-6a-0-8421-f0-0-188-76]-9618+131.225.188.76-9618&alias=cmswn2039.fnal.gov&noUDP&sock=startd_2006_8712>
...
040 (32358499.246.000) 2023-06-22 15:13:02 Finished transferring input files
...
006 (32358499.246.000) 2023-06-22 15:13:11 Image size of job updated: 8
	8  -  MemoryUsage of job (MB)
	9024  -  ResidentSetSize of job (KB)
...
006 (32358499.246.000) 2023-06-22 15:14:12 Image size of job updated: 147
	147  -  MemoryUsage of job (MB)
	151088  -  ResidentSetSize of job (KB)
...
006 (32358499.246.000) 2023-06-22 15:15:13 Image size of job updated: 147
	147  -  MemoryUsage of job (MB)
	151112  -  ResidentSetSize of job (KB)
...
006 (32358499.246.000) 2023-06-22 15:16:14 Image size of job updated: 147
	147  -  MemoryUsage of job (MB)
	151140  -  ResidentSetSize of job (KB)
...
006 (32358499.246.000) 2023-06-22 15:17:14 Image size of job updated: 147
	147  -  MemoryUsage of job (MB)
	151260  -  ResidentSetSize of job (KB)
...
040 (32358499.246.000) 2023-06-22 15:18:13 Started transferring output files
...
040 (32358499.246.000) 2023-06-22 15:18:14 Finished transferring output files
...
005 (32358499.246.000) 2023-06-22 15:18:21 Job terminated.
	(1) Normal termination (return value 0)
		Usr 0 00:03:40, Sys 0 00:00:10  -  Run Remote Usage
		Usr 0 00:00:00, Sys 0 00:00:00  -  Run Local Usage
		Usr 0 00:03:40, Sys 0 00:00:10  -  Total Remote Usage
		Usr 0 00:00:00, Sys 0 00:00:00  -  Total Local Usage
	147970  -  Run Bytes Sent By Job
	224295  -  Run Bytes Received By Job
	147970  -  Total Bytes Sent By Job
	224295  -  Total Bytes Received By Job
	Partitionable Resources :    Usage  Request Allocated 
	   Cpus                 :     0.00        1         1 
	   Disk (KB)            :   914         225   1642076 
	   Memory (MB)          :   147        2048      2048 

	Job terminated of its own accord at 2023-06-22T20:18:13Z with exit-code 0.
...
