000 (32358499.012.000) 2023-06-22 15:06:01 Job submitted from host: <131.225.204.62:9618?addrs=131.225.204.62-9618+[2620-6a-0-8420-f0-0-204-62]-9618&alias=lpcschedd5.fnal.gov&noUDP&sock=schedd_2770_916d>
...
040 (32358499.012.000) 2023-06-22 15:08:36 Started transferring input files
	Transferring to host: <131.225.189.87:9618?addrs=[2620-6a-0-8421-f0-0-189-87]-9618+131.225.189.87-9618&alias=cmswn2101.fnal.gov&noUDP&sock=slot1_13_2108_06cf_31246>
...
040 (32358499.012.000) 2023-06-22 15:08:36 Finished transferring input files
...
001 (32358499.012.000) 2023-06-22 15:08:36 Job executing on host: <131.225.189.87:9618?addrs=[2620-6a-0-8421-f0-0-189-87]-9618+131.225.189.87-9618&alias=cmswn2101.fnal.gov&noUDP&sock=startd_2019_71cd>
...
006 (32358499.012.000) 2023-06-22 15:14:55 Image size of job updated: 145
	145  -  MemoryUsage of job (MB)
	148992  -  ResidentSetSize of job (KB)
...
006 (32358499.012.000) 2023-06-22 15:15:58 Image size of job updated: 145
	145  -  MemoryUsage of job (MB)
	149176  -  ResidentSetSize of job (KB)
...
006 (32358499.012.000) 2023-06-22 15:17:57 Image size of job updated: 145
	145  -  MemoryUsage of job (MB)
	149260  -  ResidentSetSize of job (KB)
...
006 (32358499.012.000) 2023-06-22 15:18:58 Image size of job updated: 145
	145  -  MemoryUsage of job (MB)
	149300  -  ResidentSetSize of job (KB)
...
006 (32358499.012.000) 2023-06-22 15:19:59 Image size of job updated: 145
	145  -  MemoryUsage of job (MB)
	149396  -  ResidentSetSize of job (KB)
...
040 (32358499.012.000) 2023-06-22 15:20:52 Started transferring output files
...
040 (32358499.012.000) 2023-06-22 15:20:52 Finished transferring output files
...
005 (32358499.012.000) 2023-06-22 15:21:13 Job terminated.
	(1) Normal termination (return value 0)
		Usr 0 00:04:10, Sys 0 00:00:11  -  Run Remote Usage
		Usr 0 00:00:00, Sys 0 00:00:00  -  Run Local Usage
		Usr 0 00:04:10, Sys 0 00:00:11  -  Total Remote Usage
		Usr 0 00:00:00, Sys 0 00:00:00  -  Total Local Usage
	147165  -  Run Bytes Sent By Job
	224294  -  Run Bytes Received By Job
	147165  -  Total Bytes Sent By Job
	224294  -  Total Bytes Received By Job
	Partitionable Resources :    Usage  Request Allocated 
	   Cpus                 :     0.25        1         1 
	   Disk (KB)            :   914         225   3476116 
	   Memory (MB)          :   145        2048      2048 

	Job terminated of its own accord at 2023-06-22T20:20:52Z with exit-code 0.
...
