000 (32358499.094.000) 2023-06-22 15:06:02 Job submitted from host: <131.225.204.62:9618?addrs=131.225.204.62-9618+[2620-6a-0-8420-f0-0-204-62]-9618&alias=lpcschedd5.fnal.gov&noUDP&sock=schedd_2770_916d>
...
040 (32358499.094.000) 2023-06-22 15:10:33 Started transferring input files
	Transferring to host: <131.225.188.179:9618?addrs=[2620-6a-0-8421-f0-0-188-179]-9618+131.225.188.179-9618&alias=cmswn2059.fnal.gov&noUDP&sock=slot1_6_2012_62cb_10026>
...
040 (32358499.094.000) 2023-06-22 15:10:33 Finished transferring input files
...
001 (32358499.094.000) 2023-06-22 15:10:33 Job executing on host: <131.225.188.179:9618?addrs=[2620-6a-0-8421-f0-0-188-179]-9618+131.225.188.179-9618&alias=cmswn2059.fnal.gov&noUDP&sock=startd_1929_b647>
...
006 (32358499.094.000) 2023-06-22 15:10:42 Image size of job updated: 6
	6  -  MemoryUsage of job (MB)
	6860  -  ResidentSetSize of job (KB)
...
006 (32358499.094.000) 2023-06-22 15:11:44 Image size of job updated: 149
	149  -  MemoryUsage of job (MB)
	153052  -  ResidentSetSize of job (KB)
...
006 (32358499.094.000) 2023-06-22 15:12:44 Image size of job updated: 149
	149  -  MemoryUsage of job (MB)
	153092  -  ResidentSetSize of job (KB)
...
006 (32358499.094.000) 2023-06-22 15:13:44 Image size of job updated: 149
	149  -  MemoryUsage of job (MB)
	153104  -  ResidentSetSize of job (KB)
...
006 (32358499.094.000) 2023-06-22 15:14:45 Image size of job updated: 149
	149  -  MemoryUsage of job (MB)
	153116  -  ResidentSetSize of job (KB)
...
006 (32358499.094.000) 2023-06-22 15:15:45 Image size of job updated: 149
	149  -  MemoryUsage of job (MB)
	153120  -  ResidentSetSize of job (KB)
...
006 (32358499.094.000) 2023-06-22 15:17:39 Image size of job updated: 149
	149  -  MemoryUsage of job (MB)
	153228  -  ResidentSetSize of job (KB)
...
040 (32358499.094.000) 2023-06-22 15:17:39 Started transferring output files
...
040 (32358499.094.000) 2023-06-22 15:17:39 Finished transferring output files
...
005 (32358499.094.000) 2023-06-22 15:17:41 Job terminated.
	(1) Normal termination (return value 0)
		Usr 0 00:06:05, Sys 0 00:00:22  -  Run Remote Usage
		Usr 0 00:00:00, Sys 0 00:00:00  -  Run Local Usage
		Usr 0 00:06:05, Sys 0 00:00:22  -  Total Remote Usage
		Usr 0 00:00:00, Sys 0 00:00:00  -  Total Local Usage
	149657  -  Run Bytes Sent By Job
	224294  -  Run Bytes Received By Job
	149657  -  Total Bytes Sent By Job
	224294  -  Total Bytes Received By Job
	Partitionable Resources :    Usage  Request Allocated 
	   Cpus                 :     0.14        1         1 
	   Disk (KB)            :   912         225   1654204 
	   Memory (MB)          :   149        2048      2048 

	Job terminated of its own accord at 2023-06-22T20:17:39Z with exit-code 0.
...
