000 (32358499.446.000) 2023-06-22 15:06:03 Job submitted from host: <131.225.204.62:9618?addrs=131.225.204.62-9618+[2620-6a-0-8420-f0-0-204-62]-9618&alias=lpcschedd5.fnal.gov&noUDP&sock=schedd_2770_916d>
...
040 (32358499.446.000) 2023-06-22 15:17:38 Started transferring input files
	Transferring to host: <131.225.188.179:9618?addrs=[2620-6a-0-8421-f0-0-188-179]-9618+131.225.188.179-9618&alias=cmswn2059.fnal.gov&noUDP&sock=slot1_35_2012_62cb_10061>
...
040 (32358499.446.000) 2023-06-22 15:17:38 Finished transferring input files
...
001 (32358499.446.000) 2023-06-22 15:17:38 Job executing on host: <131.225.188.179:9618?addrs=[2620-6a-0-8421-f0-0-188-179]-9618+131.225.188.179-9618&alias=cmswn2059.fnal.gov&noUDP&sock=startd_1929_b647>
...
006 (32358499.446.000) 2023-06-22 15:17:47 Image size of job updated: 11
	11  -  MemoryUsage of job (MB)
	11352  -  ResidentSetSize of job (KB)
...
006 (32358499.446.000) 2023-06-22 15:18:48 Image size of job updated: 184
	184  -  MemoryUsage of job (MB)
	189288  -  ResidentSetSize of job (KB)
...
006 (32358499.446.000) 2023-06-22 15:19:49 Image size of job updated: 185
	185  -  MemoryUsage of job (MB)
	189508  -  ResidentSetSize of job (KB)
...
006 (32358499.446.000) 2023-06-22 15:21:50 Image size of job updated: 185
	185  -  MemoryUsage of job (MB)
	189516  -  ResidentSetSize of job (KB)
...
006 (32358499.446.000) 2023-06-22 15:22:50 Image size of job updated: 185
	185  -  MemoryUsage of job (MB)
	189620  -  ResidentSetSize of job (KB)
...
040 (32358499.446.000) 2023-06-22 15:27:47 Started transferring output files
...
040 (32358499.446.000) 2023-06-22 15:27:47 Finished transferring output files
...
005 (32358499.446.000) 2023-06-22 15:27:48 Job terminated.
	(1) Normal termination (return value 0)
		Usr 0 00:07:02, Sys 0 00:00:19  -  Run Remote Usage
		Usr 0 00:00:00, Sys 0 00:00:00  -  Run Local Usage
		Usr 0 00:07:02, Sys 0 00:00:19  -  Total Remote Usage
		Usr 0 00:00:00, Sys 0 00:00:00  -  Total Local Usage
	154220  -  Run Bytes Sent By Job
	224295  -  Run Bytes Received By Job
	154220  -  Total Bytes Sent By Job
	224295  -  Total Bytes Received By Job
	Partitionable Resources :    Usage  Request Allocated 
	   Cpus                 :        0        1         1 
	   Disk (KB)            :      918      225   1654204 
	   Memory (MB)          :      185     2048      2048 

	Job terminated of its own accord at 2023-06-22T20:27:47Z with exit-code 0.
...
