000 (32358499.404.000) 2023-06-22 15:06:03 Job submitted from host: <131.225.204.62:9618?addrs=131.225.204.62-9618+[2620-6a-0-8420-f0-0-204-62]-9618&alias=lpcschedd5.fnal.gov&noUDP&sock=schedd_2770_916d>
...
040 (32358499.404.000) 2023-06-22 15:16:49 Started transferring input files
	Transferring to host: <131.225.188.157:9618?addrs=[2620-6a-0-8421-f0-0-188-157]-9618+131.225.188.157-9618&alias=cmswn2053.fnal.gov&noUDP&sock=slot1_44_2017_e8ab_51969>
...
040 (32358499.404.000) 2023-06-22 15:16:49 Finished transferring input files
...
001 (32358499.404.000) 2023-06-22 15:16:50 Job executing on host: <131.225.188.157:9618?addrs=[2620-6a-0-8421-f0-0-188-157]-9618+131.225.188.157-9618&alias=cmswn2053.fnal.gov&noUDP&sock=startd_1921_3985>
...
006 (32358499.404.000) 2023-06-22 15:18:59 Image size of job updated: 160
	160  -  MemoryUsage of job (MB)
	163948  -  ResidentSetSize of job (KB)
...
006 (32358499.404.000) 2023-06-22 15:20:00 Image size of job updated: 160
	160  -  MemoryUsage of job (MB)
	164120  -  ResidentSetSize of job (KB)
...
006 (32358499.404.000) 2023-06-22 15:21:00 Image size of job updated: 160
	160  -  MemoryUsage of job (MB)
	164136  -  ResidentSetSize of job (KB)
...
006 (32358499.404.000) 2023-06-22 15:22:00 Image size of job updated: 160
	160  -  MemoryUsage of job (MB)
	164140  -  ResidentSetSize of job (KB)
...
006 (32358499.404.000) 2023-06-22 15:26:01 Image size of job updated: 160
	160  -  MemoryUsage of job (MB)
	164240  -  ResidentSetSize of job (KB)
...
006 (32358499.404.000) 2023-06-22 15:27:36 Image size of job updated: 160
	160  -  MemoryUsage of job (MB)
	164256  -  ResidentSetSize of job (KB)
...
040 (32358499.404.000) 2023-06-22 15:27:39 Started transferring output files
...
040 (32358499.404.000) 2023-06-22 15:27:39 Finished transferring output files
...
005 (32358499.404.000) 2023-06-22 15:27:42 Job terminated.
	(1) Normal termination (return value 0)
		Usr 0 00:07:50, Sys 0 00:00:20  -  Run Remote Usage
		Usr 0 00:00:00, Sys 0 00:00:00  -  Run Local Usage
		Usr 0 00:07:50, Sys 0 00:00:20  -  Total Remote Usage
		Usr 0 00:00:00, Sys 0 00:00:00  -  Total Local Usage
	159472  -  Run Bytes Sent By Job
	224295  -  Run Bytes Received By Job
	159472  -  Total Bytes Sent By Job
	224295  -  Total Bytes Received By Job
	Partitionable Resources :    Usage  Request Allocated 
	   Cpus                 :        0        1         1 
	   Disk (KB)            :      925      225   1639248 
	   Memory (MB)          :      160     2048      2048 

	Job terminated of its own accord at 2023-06-22T20:27:36Z with exit-code 0.
...
