000 (32358499.190.000) 2023-06-22 15:06:02 Job submitted from host: <131.225.204.62:9618?addrs=131.225.204.62-9618+[2620-6a-0-8420-f0-0-204-62]-9618&alias=lpcschedd5.fnal.gov&noUDP&sock=schedd_2770_916d>
...
040 (32358499.190.000) 2023-06-22 15:11:21 Started transferring input files
	Transferring to host: <131.225.189.62:9618?addrs=[2620-6a-0-8421-f0-0-189-62]-9618+131.225.189.62-9618&alias=cmswn2077.fnal.gov&noUDP&sock=slot1_49_2107_526f_42196>
...
040 (32358499.190.000) 2023-06-22 15:11:21 Finished transferring input files
...
001 (32358499.190.000) 2023-06-22 15:11:21 Job executing on host: <131.225.189.62:9618?addrs=[2620-6a-0-8421-f0-0-189-62]-9618+131.225.189.62-9618&alias=cmswn2077.fnal.gov&noUDP&sock=startd_2017_129d>
...
006 (32358499.190.000) 2023-06-22 15:12:32 Image size of job updated: 6
	6  -  MemoryUsage of job (MB)
	6920  -  ResidentSetSize of job (KB)
...
006 (32358499.190.000) 2023-06-22 15:13:32 Image size of job updated: 155
	155  -  MemoryUsage of job (MB)
	159064  -  ResidentSetSize of job (KB)
...
006 (32358499.190.000) 2023-06-22 15:14:33 Image size of job updated: 156
	156  -  MemoryUsage of job (MB)
	160032  -  ResidentSetSize of job (KB)
...
006 (32358499.190.000) 2023-06-22 15:15:33 Image size of job updated: 156
	156  -  MemoryUsage of job (MB)
	160064  -  ResidentSetSize of job (KB)
...
006 (32358499.190.000) 2023-06-22 15:16:34 Image size of job updated: 156
	156  -  MemoryUsage of job (MB)
	160072  -  ResidentSetSize of job (KB)
...
006 (32358499.190.000) 2023-06-22 15:17:35 Image size of job updated: 156
	156  -  MemoryUsage of job (MB)
	160080  -  ResidentSetSize of job (KB)
...
006 (32358499.190.000) 2023-06-22 15:25:41 Image size of job updated: 156
	156  -  MemoryUsage of job (MB)
	160188  -  ResidentSetSize of job (KB)
...
006 (32358499.190.000) 2023-06-22 15:26:41 Image size of job updated: 156
	156  -  MemoryUsage of job (MB)
	160204  -  ResidentSetSize of job (KB)
...
040 (32358499.190.000) 2023-06-22 15:28:01 Started transferring output files
...
040 (32358499.190.000) 2023-06-22 15:28:01 Finished transferring output files
...
005 (32358499.190.000) 2023-06-22 15:28:05 Job terminated.
	(1) Normal termination (return value 0)
		Usr 0 00:07:51, Sys 0 00:00:22  -  Run Remote Usage
		Usr 0 00:00:00, Sys 0 00:00:00  -  Run Local Usage
		Usr 0 00:07:51, Sys 0 00:00:22  -  Total Remote Usage
		Usr 0 00:00:00, Sys 0 00:00:00  -  Total Local Usage
	158796  -  Run Bytes Sent By Job
	224295  -  Run Bytes Received By Job
	158796  -  Total Bytes Sent By Job
	224295  -  Total Bytes Received By Job
	Partitionable Resources :    Usage  Request Allocated 
	   Cpus                 :     0.00        1         1 
	   Disk (KB)            :   924         225   1621207 
	   Memory (MB)          :   156        2048      2048 

	Job terminated of its own accord at 2023-06-22T20:28:01Z with exit-code 0.
...
