000 (32358499.340.000) 2023-06-22 15:06:02 Job submitted from host: <131.225.204.62:9618?addrs=131.225.204.62-9618+[2620-6a-0-8420-f0-0-204-62]-9618&alias=lpcschedd5.fnal.gov&noUDP&sock=schedd_2770_916d>
...
040 (32358499.340.000) 2023-06-22 15:15:32 Started transferring input files
	Transferring to host: <131.225.189.158:9618?addrs=[2620-6a-0-8421-f0-0-189-158]-9618+131.225.189.158-9618&alias=cmswn2114.fnal.gov&noUDP&sock=slot1_48_2119_c6ef_60524>
...
040 (32358499.340.000) 2023-06-22 15:15:32 Finished transferring input files
...
001 (32358499.340.000) 2023-06-22 15:15:32 Job executing on host: <131.225.189.158:9618?addrs=[2620-6a-0-8421-f0-0-189-158]-9618+131.225.189.158-9618&alias=cmswn2114.fnal.gov&noUDP&sock=startd_2016_6304>
...
006 (32358499.340.000) 2023-06-22 15:15:41 Image size of job updated: 41
	41  -  MemoryUsage of job (MB)
	42492  -  ResidentSetSize of job (KB)
...
006 (32358499.340.000) 2023-06-22 15:16:41 Image size of job updated: 145
	145  -  MemoryUsage of job (MB)
	148616  -  ResidentSetSize of job (KB)
...
006 (32358499.340.000) 2023-06-22 15:17:41 Image size of job updated: 145
	145  -  MemoryUsage of job (MB)
	148632  -  ResidentSetSize of job (KB)
...
006 (32358499.340.000) 2023-06-22 15:18:42 Image size of job updated: 145
	145  -  MemoryUsage of job (MB)
	148748  -  ResidentSetSize of job (KB)
...
006 (32358499.340.000) 2023-06-22 15:19:43 Image size of job updated: 145
	145  -  MemoryUsage of job (MB)
	148752  -  ResidentSetSize of job (KB)
...
040 (32358499.340.000) 2023-06-22 15:20:30 Started transferring output files
...
040 (32358499.340.000) 2023-06-22 15:20:30 Finished transferring output files
...
005 (32358499.340.000) 2023-06-22 15:20:32 Job terminated.
	(1) Normal termination (return value 0)
		Usr 0 00:03:34, Sys 0 00:00:09  -  Run Remote Usage
		Usr 0 00:00:00, Sys 0 00:00:00  -  Run Local Usage
		Usr 0 00:03:34, Sys 0 00:00:09  -  Total Remote Usage
		Usr 0 00:00:00, Sys 0 00:00:00  -  Total Local Usage
	150042  -  Run Bytes Sent By Job
	224295  -  Run Bytes Received By Job
	150042  -  Total Bytes Sent By Job
	224295  -  Total Bytes Received By Job
	Partitionable Resources :    Usage  Request Allocated 
	   Cpus                 :        0        1         1 
	   Disk (KB)            :      916      225   3458608 
	   Memory (MB)          :      145     2048      2048 

	Job terminated of its own accord at 2023-06-22T20:20:30Z with exit-code 0.
...
