000 (32358499.045.000) 2023-06-22 15:06:01 Job submitted from host: <131.225.204.62:9618?addrs=131.225.204.62-9618+[2620-6a-0-8420-f0-0-204-62]-9618&alias=lpcschedd5.fnal.gov&noUDP&sock=schedd_2770_916d>
...
040 (32358499.045.000) 2023-06-22 15:09:22 Started transferring input files
	Transferring to host: <131.225.188.25:9618?addrs=[2620-6a-0-8421-f0-0-188-25]-9618+131.225.188.25-9618&alias=cmswn2025.fnal.gov&noUDP&sock=slot1_60_2021_ba2b_52174>
...
040 (32358499.045.000) 2023-06-22 15:09:22 Finished transferring input files
...
001 (32358499.045.000) 2023-06-22 15:09:22 Job executing on host: <131.225.188.25:9618?addrs=[2620-6a-0-8421-f0-0-188-25]-9618+131.225.188.25-9618&alias=cmswn2025.fnal.gov&noUDP&sock=startd_1925_f7e6>
...
006 (32358499.045.000) 2023-06-22 15:09:31 Image size of job updated: 12
	12  -  MemoryUsage of job (MB)
	12992  -  ResidentSetSize of job (KB)
...
006 (32358499.045.000) 2023-06-22 15:10:31 Image size of job updated: 136
	136  -  MemoryUsage of job (MB)
	139720  -  ResidentSetSize of job (KB)
...
006 (32358499.045.000) 2023-06-22 15:11:32 Image size of job updated: 136
	136  -  MemoryUsage of job (MB)
	139760  -  ResidentSetSize of job (KB)
...
040 (32358499.045.000) 2023-06-22 15:12:05 Started transferring output files
...
040 (32358499.045.000) 2023-06-22 15:12:05 Finished transferring output files
...
005 (32358499.045.000) 2023-06-22 15:12:07 Job terminated.
	(1) Normal termination (return value 0)
		Usr 0 00:00:49, Sys 0 00:00:03  -  Run Remote Usage
		Usr 0 00:00:00, Sys 0 00:00:00  -  Run Local Usage
		Usr 0 00:00:49, Sys 0 00:00:03  -  Total Remote Usage
		Usr 0 00:00:00, Sys 0 00:00:00  -  Total Local Usage
	135161  -  Run Bytes Sent By Job
	224294  -  Run Bytes Received By Job
	135161  -  Total Bytes Sent By Job
	224294  -  Total Bytes Received By Job
	Partitionable Resources :    Usage  Request Allocated 
	   Cpus                 :     0.01        1         1 
	   Disk (KB)            :   902         225   1633296 
	   Memory (MB)          :   136        2048      2048 

	Job terminated of its own accord at 2023-06-22T20:12:05Z with exit-code 0.
...
