000 (32358499.135.000) 2023-06-22 15:06:02 Job submitted from host: <131.225.204.62:9618?addrs=131.225.204.62-9618+[2620-6a-0-8420-f0-0-204-62]-9618&alias=lpcschedd5.fnal.gov&noUDP&sock=schedd_2770_916d>
...
040 (32358499.135.000) 2023-06-22 15:10:39 Started transferring input files
	Transferring to host: <131.225.188.179:9618?addrs=[2620-6a-0-8421-f0-0-188-179]-9618+131.225.188.179-9618&alias=cmswn2059.fnal.gov&noUDP&sock=slot1_34_2012_62cb_10034>
...
040 (32358499.135.000) 2023-06-22 15:10:39 Finished transferring input files
...
001 (32358499.135.000) 2023-06-22 15:10:39 Job executing on host: <131.225.188.179:9618?addrs=[2620-6a-0-8421-f0-0-188-179]-9618+131.225.188.179-9618&alias=cmswn2059.fnal.gov&noUDP&sock=startd_1929_b647>
...
006 (32358499.135.000) 2023-06-22 15:11:49 Image size of job updated: 145
	145  -  MemoryUsage of job (MB)
	148964  -  ResidentSetSize of job (KB)
...
006 (32358499.135.000) 2023-06-22 15:12:49 Image size of job updated: 145
	145  -  MemoryUsage of job (MB)
	149072  -  ResidentSetSize of job (KB)
...
006 (32358499.135.000) 2023-06-22 15:13:50 Image size of job updated: 145
	145  -  MemoryUsage of job (MB)
	149076  -  ResidentSetSize of job (KB)
...
006 (32358499.135.000) 2023-06-22 15:14:51 Image size of job updated: 145
	145  -  MemoryUsage of job (MB)
	149088  -  ResidentSetSize of job (KB)
...
006 (32358499.135.000) 2023-06-22 15:16:48 Image size of job updated: 145
	145  -  MemoryUsage of job (MB)
	149092  -  ResidentSetSize of job (KB)
...
040 (32358499.135.000) 2023-06-22 15:16:48 Started transferring output files
...
040 (32358499.135.000) 2023-06-22 15:16:48 Finished transferring output files
...
005 (32358499.135.000) 2023-06-22 15:16:49 Job terminated.
	(1) Normal termination (return value 0)
		Usr 0 00:04:50, Sys 0 00:00:12  -  Run Remote Usage
		Usr 0 00:00:00, Sys 0 00:00:00  -  Run Local Usage
		Usr 0 00:04:50, Sys 0 00:00:12  -  Total Remote Usage
		Usr 0 00:00:00, Sys 0 00:00:00  -  Total Local Usage
	146948  -  Run Bytes Sent By Job
	224295  -  Run Bytes Received By Job
	146948  -  Total Bytes Sent By Job
	224295  -  Total Bytes Received By Job
	Partitionable Resources :    Usage  Request Allocated 
	   Cpus                 :     0.00        1         1 
	   Disk (KB)            :   909         225   1654204 
	   Memory (MB)          :   145        2048      2048 

	Job terminated of its own accord at 2023-06-22T20:16:48Z with exit-code 0.
...
