000 (32358499.187.000) 2023-06-22 15:06:02 Job submitted from host: <131.225.204.62:9618?addrs=131.225.204.62-9618+[2620-6a-0-8420-f0-0-204-62]-9618&alias=lpcschedd5.fnal.gov&noUDP&sock=schedd_2770_916d>
...
040 (32358499.187.000) 2023-06-22 15:11:18 Started transferring input files
	Transferring to host: <131.225.188.68:9618?addrs=[2620-6a-0-8421-f0-0-188-68]-9618+131.225.188.68-9618&alias=cmswn2037.fnal.gov&noUDP&sock=slot1_1_2034_e30c_60249>
...
040 (32358499.187.000) 2023-06-22 15:11:18 Finished transferring input files
...
001 (32358499.187.000) 2023-06-22 15:11:18 Job executing on host: <131.225.188.68:9618?addrs=[2620-6a-0-8421-f0-0-188-68]-9618+131.225.188.68-9618&alias=cmswn2037.fnal.gov&noUDP&sock=startd_1925_f7e6>
...
006 (32358499.187.000) 2023-06-22 15:12:27 Image size of job updated: 145
	145  -  MemoryUsage of job (MB)
	148748  -  ResidentSetSize of job (KB)
...
006 (32358499.187.000) 2023-06-22 15:13:27 Image size of job updated: 147
	147  -  MemoryUsage of job (MB)
	151544  -  ResidentSetSize of job (KB)
...
006 (32358499.187.000) 2023-06-22 15:14:28 Image size of job updated: 148
	148  -  MemoryUsage of job (MB)
	151584  -  ResidentSetSize of job (KB)
...
006 (32358499.187.000) 2023-06-22 15:15:28 Image size of job updated: 148
	148  -  MemoryUsage of job (MB)
	151704  -  ResidentSetSize of job (KB)
...
006 (32358499.187.000) 2023-06-22 15:16:29 Image size of job updated: 148
	148  -  MemoryUsage of job (MB)
	151712  -  ResidentSetSize of job (KB)
...
006 (32358499.187.000) 2023-06-22 15:17:29 Image size of job updated: 148
	148  -  MemoryUsage of job (MB)
	151720  -  ResidentSetSize of job (KB)
...
006 (32358499.187.000) 2023-06-22 15:20:31 Image size of job updated: 148
	148  -  MemoryUsage of job (MB)
	151744  -  ResidentSetSize of job (KB)
...
040 (32358499.187.000) 2023-06-22 15:22:26 Started transferring output files
...
040 (32358499.187.000) 2023-06-22 15:22:26 Finished transferring output files
...
005 (32358499.187.000) 2023-06-22 15:22:28 Job terminated.
	(1) Normal termination (return value 0)
		Usr 0 00:05:27, Sys 0 00:00:18  -  Run Remote Usage
		Usr 0 00:00:00, Sys 0 00:00:00  -  Run Local Usage
		Usr 0 00:05:27, Sys 0 00:00:18  -  Total Remote Usage
		Usr 0 00:00:00, Sys 0 00:00:00  -  Total Local Usage
	151666  -  Run Bytes Sent By Job
	224295  -  Run Bytes Received By Job
	151666  -  Total Bytes Sent By Job
	224295  -  Total Bytes Received By Job
	Partitionable Resources :    Usage  Request Allocated 
	   Cpus                 :        0        1         1 
	   Disk (KB)            :      917      225   1637768 
	   Memory (MB)          :      148     2048      2048 

	Job terminated of its own accord at 2023-06-22T20:22:26Z with exit-code 0.
...
