000 (32358499.280.000) 2023-06-22 15:06:02 Job submitted from host: <131.225.204.62:9618?addrs=131.225.204.62-9618+[2620-6a-0-8420-f0-0-204-62]-9618&alias=lpcschedd5.fnal.gov&noUDP&sock=schedd_2770_916d>
...
040 (32358499.280.000) 2023-06-22 15:13:58 Started transferring input files
	Transferring to host: <131.225.188.76:9618?addrs=[2620-6a-0-8421-f0-0-188-76]-9618+131.225.188.76-9618&alias=cmswn2039.fnal.gov&noUDP&sock=slot1_55_2124_4ccf_53649>
...
040 (32358499.280.000) 2023-06-22 15:13:58 Finished transferring input files
...
001 (32358499.280.000) 2023-06-22 15:13:58 Job executing on host: <131.225.188.76:9618?addrs=[2620-6a-0-8421-f0-0-188-76]-9618+131.225.188.76-9618&alias=cmswn2039.fnal.gov&noUDP&sock=startd_2006_8712>
...
006 (32358499.280.000) 2023-06-22 15:14:07 Image size of job updated: 43
	43  -  MemoryUsage of job (MB)
	44660  -  ResidentSetSize of job (KB)
...
006 (32358499.280.000) 2023-06-22 15:15:08 Image size of job updated: 158
	158  -  MemoryUsage of job (MB)
	162084  -  ResidentSetSize of job (KB)
...
006 (32358499.280.000) 2023-06-22 15:17:10 Image size of job updated: 158
	158  -  MemoryUsage of job (MB)
	162100  -  ResidentSetSize of job (KB)
...
006 (32358499.280.000) 2023-06-22 15:21:11 Image size of job updated: 158
	158  -  MemoryUsage of job (MB)
	162128  -  ResidentSetSize of job (KB)
...
006 (32358499.280.000) 2023-06-22 15:22:11 Image size of job updated: 158
	158  -  MemoryUsage of job (MB)
	162196  -  ResidentSetSize of job (KB)
...
006 (32358499.280.000) 2023-06-22 15:25:05 Image size of job updated: 158
	158  -  MemoryUsage of job (MB)
	162212  -  ResidentSetSize of job (KB)
...
040 (32358499.280.000) 2023-06-22 15:25:05 Started transferring output files
...
040 (32358499.280.000) 2023-06-22 15:25:05 Finished transferring output files
...
005 (32358499.280.000) 2023-06-22 15:25:07 Job terminated.
	(1) Normal termination (return value 0)
		Usr 0 00:09:19, Sys 0 00:00:22  -  Run Remote Usage
		Usr 0 00:00:00, Sys 0 00:00:00  -  Run Local Usage
		Usr 0 00:09:19, Sys 0 00:00:22  -  Total Remote Usage
		Usr 0 00:00:00, Sys 0 00:00:00  -  Total Local Usage
	161181  -  Run Bytes Sent By Job
	224295  -  Run Bytes Received By Job
	161181  -  Total Bytes Sent By Job
	224295  -  Total Bytes Received By Job
	Partitionable Resources :    Usage  Request Allocated 
	   Cpus                 :        0        1         1 
	   Disk (KB)            :      927      225   1642076 
	   Memory (MB)          :      158     2048      2048 

	Job terminated of its own accord at 2023-06-22T20:25:05Z with exit-code 0.
...
