000 (32358499.440.000) 2023-06-22 15:06:03 Job submitted from host: <131.225.204.62:9618?addrs=131.225.204.62-9618+[2620-6a-0-8420-f0-0-204-62]-9618&alias=lpcschedd5.fnal.gov&noUDP&sock=schedd_2770_916d>
...
040 (32358499.440.000) 2023-06-22 15:17:35 Entered queue to transfer input files
	Transferring to host: <131.225.188.94:9618?addrs=[2620-6a-0-8421-f0-0-188-94]-9618+131.225.188.94-9618&alias=cmswn2045.fnal.gov&noUDP&sock=slot1_41_2109_bb2f_47977>
...
040 (32358499.440.000) 2023-06-22 15:17:41 Started transferring input files
	Seconds spent in queue: 6
...
001 (32358499.440.000) 2023-06-22 15:17:42 Job executing on host: <131.225.188.94:9618?addrs=[2620-6a-0-8421-f0-0-188-94]-9618+131.225.188.94-9618&alias=cmswn2045.fnal.gov&noUDP&sock=startd_1924_484e>
...
040 (32358499.440.000) 2023-06-22 15:17:42 Finished transferring input files
...
006 (32358499.440.000) 2023-06-22 15:18:51 Image size of job updated: 170
	170  -  MemoryUsage of job (MB)
	174464  -  ResidentSetSize of job (KB)
...
006 (32358499.440.000) 2023-06-22 15:19:52 Image size of job updated: 170
	170  -  MemoryUsage of job (MB)
	174468  -  ResidentSetSize of job (KB)
...
006 (32358499.440.000) 2023-06-22 15:21:55 Image size of job updated: 170
	170  -  MemoryUsage of job (MB)
	175060  -  ResidentSetSize of job (KB)
...
006 (32358499.440.000) 2023-06-22 15:22:56 Image size of job updated: 170
	170  -  MemoryUsage of job (MB)
	175068  -  ResidentSetSize of job (KB)
...
006 (32358499.440.000) 2023-06-22 15:23:56 Image size of job updated: 170
	170  -  MemoryUsage of job (MB)
	175076  -  ResidentSetSize of job (KB)
...
006 (32358499.440.000) 2023-06-22 15:24:57 Image size of job updated: 170
	170  -  MemoryUsage of job (MB)
	175080  -  ResidentSetSize of job (KB)
...
040 (32358499.440.000) 2023-06-22 15:26:44 Started transferring output files
	Seconds spent in queue: 549
...
040 (32358499.440.000) 2023-06-22 15:26:44 Finished transferring output files
...
005 (32358499.440.000) 2023-06-22 15:26:48 Job terminated.
	(1) Normal termination (return value 0)
		Usr 0 00:06:37, Sys 0 00:00:18  -  Run Remote Usage
		Usr 0 00:00:00, Sys 0 00:00:00  -  Run Local Usage
		Usr 0 00:06:37, Sys 0 00:00:18  -  Total Remote Usage
		Usr 0 00:00:00, Sys 0 00:00:00  -  Total Local Usage
	149505  -  Run Bytes Sent By Job
	224295  -  Run Bytes Received By Job
	149505  -  Total Bytes Sent By Job
	224295  -  Total Bytes Received By Job
	Partitionable Resources :    Usage  Request Allocated 
	   Cpus                 :        0        1         1 
	   Disk (KB)            :      916      225   1643101 
	   Memory (MB)          :      170     2048      2048 

	Job terminated of its own accord at 2023-06-22T20:26:44Z with exit-code 0.
...
