000 (32358499.387.000) 2023-06-22 15:06:02 Job submitted from host: <131.225.204.62:9618?addrs=131.225.204.62-9618+[2620-6a-0-8420-f0-0-204-62]-9618&alias=lpcschedd5.fnal.gov&noUDP&sock=schedd_2770_916d>
...
040 (32358499.387.000) 2023-06-22 15:16:30 Started transferring input files
	Transferring to host: <131.225.189.162:9618?addrs=[2620-6a-0-8421-f0-0-189-162]-9618+131.225.189.162-9618&alias=cmswn2116.fnal.gov&noUDP&sock=slot1_35_2153_bbb1_49529>
...
040 (32358499.387.000) 2023-06-22 15:16:30 Finished transferring input files
...
001 (32358499.387.000) 2023-06-22 15:16:30 Job executing on host: <131.225.189.162:9618?addrs=[2620-6a-0-8421-f0-0-189-162]-9618+131.225.189.162-9618&alias=cmswn2116.fnal.gov&noUDP&sock=startd_2040_d94a>
...
006 (32358499.387.000) 2023-06-22 15:16:39 Image size of job updated: 41
	41  -  MemoryUsage of job (MB)
	42420  -  ResidentSetSize of job (KB)
...
006 (32358499.387.000) 2023-06-22 15:17:39 Image size of job updated: 159
	159  -  MemoryUsage of job (MB)
	163504  -  ResidentSetSize of job (KB)
...
006 (32358499.387.000) 2023-06-22 15:19:41 Image size of job updated: 159
	159  -  MemoryUsage of job (MB)
	163512  -  ResidentSetSize of job (KB)
...
006 (32358499.387.000) 2023-06-22 15:20:42 Image size of job updated: 159
	159  -  MemoryUsage of job (MB)
	163516  -  ResidentSetSize of job (KB)
...
006 (32358499.387.000) 2023-06-22 15:22:43 Image size of job updated: 159
	159  -  MemoryUsage of job (MB)
	163628  -  ResidentSetSize of job (KB)
...
006 (32358499.387.000) 2023-06-22 15:27:07 Image size of job updated: 159
	159  -  MemoryUsage of job (MB)
	163644  -  ResidentSetSize of job (KB)
...
040 (32358499.387.000) 2023-06-22 15:27:07 Started transferring output files
...
040 (32358499.387.000) 2023-06-22 15:27:07 Finished transferring output files
...
005 (32358499.387.000) 2023-06-22 15:27:08 Job terminated.
	(1) Normal termination (return value 0)
		Usr 0 00:09:37, Sys 0 00:00:27  -  Run Remote Usage
		Usr 0 00:00:00, Sys 0 00:00:00  -  Run Local Usage
		Usr 0 00:09:37, Sys 0 00:00:27  -  Total Remote Usage
		Usr 0 00:00:00, Sys 0 00:00:00  -  Total Local Usage
	160718  -  Run Bytes Sent By Job
	224295  -  Run Bytes Received By Job
	160718  -  Total Bytes Sent By Job
	224295  -  Total Bytes Received By Job
	Partitionable Resources :    Usage  Request Allocated 
	   Cpus                 :        0        1         1 
	   Disk (KB)            :      922      225   3464731 
	   Memory (MB)          :      159     2048      2048 

	Job terminated of its own accord at 2023-06-22T20:27:07Z with exit-code 0.
...
