000 (32358499.318.000) 2023-06-22 15:06:02 Job submitted from host: <131.225.204.62:9618?addrs=131.225.204.62-9618+[2620-6a-0-8420-f0-0-204-62]-9618&alias=lpcschedd5.fnal.gov&noUDP&sock=schedd_2770_916d>
...
040 (32358499.318.000) 2023-06-22 15:15:12 Entered queue to transfer input files
	Transferring to host: <131.225.188.199:9618?addrs=[2620-6a-0-8421-f0-0-188-199]-9618+131.225.188.199-9618&alias=cmswn2064.fnal.gov&noUDP&sock=slot1_60_2008_914b_42463>
...
040 (32358499.318.000) 2023-06-22 15:15:25 Started transferring input files
	Seconds spent in queue: 13
...
040 (32358499.318.000) 2023-06-22 15:15:25 Finished transferring input files
...
001 (32358499.318.000) 2023-06-22 15:15:25 Job executing on host: <131.225.188.199:9618?addrs=[2620-6a-0-8421-f0-0-188-199]-9618+131.225.188.199-9618&alias=cmswn2064.fnal.gov&noUDP&sock=startd_1919_da55>
...
006 (32358499.318.000) 2023-06-22 15:16:35 Image size of job updated: 150
	150  -  MemoryUsage of job (MB)
	153700  -  ResidentSetSize of job (KB)
...
006 (32358499.318.000) 2023-06-22 15:17:36 Image size of job updated: 150
	150  -  MemoryUsage of job (MB)
	153736  -  ResidentSetSize of job (KB)
...
006 (32358499.318.000) 2023-06-22 15:18:36 Image size of job updated: 150
	150  -  MemoryUsage of job (MB)
	153768  -  ResidentSetSize of job (KB)
...
006 (32358499.318.000) 2023-06-22 15:19:36 Image size of job updated: 150
	150  -  MemoryUsage of job (MB)
	153772  -  ResidentSetSize of job (KB)
...
006 (32358499.318.000) 2023-06-22 15:20:37 Image size of job updated: 150
	150  -  MemoryUsage of job (MB)
	153840  -  ResidentSetSize of job (KB)
...
006 (32358499.318.000) 2023-06-22 15:21:37 Image size of job updated: 150
	150  -  MemoryUsage of job (MB)
	153884  -  ResidentSetSize of job (KB)
...
040 (32358499.318.000) 2023-06-22 15:23:06 Started transferring output files
	Seconds spent in queue: 474
...
040 (32358499.318.000) 2023-06-22 15:23:06 Finished transferring output files
...
005 (32358499.318.000) 2023-06-22 15:23:07 Job terminated.
	(1) Normal termination (return value 0)
		Usr 0 00:06:09, Sys 0 00:00:16  -  Run Remote Usage
		Usr 0 00:00:00, Sys 0 00:00:00  -  Run Local Usage
		Usr 0 00:06:09, Sys 0 00:00:16  -  Total Remote Usage
		Usr 0 00:00:00, Sys 0 00:00:00  -  Total Local Usage
	156132  -  Run Bytes Sent By Job
	224295  -  Run Bytes Received By Job
	156132  -  Total Bytes Sent By Job
	224295  -  Total Bytes Received By Job
	Partitionable Resources :    Usage  Request Allocated 
	   Cpus                 :        0        1         1 
	   Disk (KB)            :      922      225   1646337 
	   Memory (MB)          :      150     2048      2048 

	Job terminated of its own accord at 2023-06-22T20:23:05Z with exit-code 0.
...
