000 (32358499.218.000) 2023-06-22 15:06:02 Job submitted from host: <131.225.204.62:9618?addrs=131.225.204.62-9618+[2620-6a-0-8420-f0-0-204-62]-9618&alias=lpcschedd5.fnal.gov&noUDP&sock=schedd_2770_916d>
...
040 (32358499.218.000) 2023-06-22 15:12:10 Started transferring input files
	Transferring to host: <131.225.188.25:9618?addrs=[2620-6a-0-8421-f0-0-188-25]-9618+131.225.188.25-9618&alias=cmswn2025.fnal.gov&noUDP&sock=slot1_60_2021_ba2b_52178>
...
001 (32358499.218.000) 2023-06-22 15:12:11 Job executing on host: <131.225.188.25:9618?addrs=[2620-6a-0-8421-f0-0-188-25]-9618+131.225.188.25-9618&alias=cmswn2025.fnal.gov&noUDP&sock=startd_1925_f7e6>
...
040 (32358499.218.000) 2023-06-22 15:12:11 Finished transferring input files
...
006 (32358499.218.000) 2023-06-22 15:12:47 Image size of job updated: 130
	130  -  MemoryUsage of job (MB)
	133672  -  ResidentSetSize of job (KB)
...
040 (32358499.218.000) 2023-06-22 15:12:47 Started transferring output files
...
040 (32358499.218.000) 2023-06-22 15:12:47 Finished transferring output files
...
005 (32358499.218.000) 2023-06-22 15:12:50 Job terminated.
	(1) Normal termination (return value 0)
		Usr 0 00:00:05, Sys 0 00:00:01  -  Run Remote Usage
		Usr 0 00:00:00, Sys 0 00:00:00  -  Run Local Usage
		Usr 0 00:00:05, Sys 0 00:00:01  -  Total Remote Usage
		Usr 0 00:00:00, Sys 0 00:00:00  -  Total Local Usage
	100568  -  Run Bytes Sent By Job
	224295  -  Run Bytes Received By Job
	100568  -  Total Bytes Sent By Job
	224295  -  Total Bytes Received By Job
	Partitionable Resources :    Usage  Request Allocated 
	   Cpus                 :        0        1         1 
	   Disk (KB)            :      868      225   1633296 
	   Memory (MB)          :      130     2048      2048 

	Job terminated of its own accord at 2023-06-22T20:12:47Z with exit-code 0.
...
