000 (32358499.365.000) 2023-06-22 15:06:02 Job submitted from host: <131.225.204.62:9618?addrs=131.225.204.62-9618+[2620-6a-0-8420-f0-0-204-62]-9618&alias=lpcschedd5.fnal.gov&noUDP&sock=schedd_2770_916d>
...
040 (32358499.365.000) 2023-06-22 15:16:04 Started transferring input files
	Transferring to host: <131.225.188.64:9618?addrs=[2620-6a-0-8421-f0-0-188-64]-9618+131.225.188.64-9618&alias=cmswn2036.fnal.gov&noUDP&sock=slot1_50_2136_c150_49004>
...
040 (32358499.365.000) 2023-06-22 15:16:04 Finished transferring input files
...
001 (32358499.365.000) 2023-06-22 15:16:04 Job executing on host: <131.225.188.64:9618?addrs=[2620-6a-0-8421-f0-0-188-64]-9618+131.225.188.64-9618&alias=cmswn2036.fnal.gov&noUDP&sock=startd_1938_e2a1>
...
006 (32358499.365.000) 2023-06-22 15:17:14 Image size of job updated: 148
	148  -  MemoryUsage of job (MB)
	152076  -  ResidentSetSize of job (KB)
...
006 (32358499.365.000) 2023-06-22 15:18:14 Image size of job updated: 148
	148  -  MemoryUsage of job (MB)
	152084  -  ResidentSetSize of job (KB)
...
006 (32358499.365.000) 2023-06-22 15:19:14 Image size of job updated: 148
	148  -  MemoryUsage of job (MB)
	152104  -  ResidentSetSize of job (KB)
...
006 (32358499.365.000) 2023-06-22 15:20:14 Image size of job updated: 148
	148  -  MemoryUsage of job (MB)
	152132  -  ResidentSetSize of job (KB)
...
006 (32358499.365.000) 2023-06-22 15:22:03 Image size of job updated: 148
	148  -  MemoryUsage of job (MB)
	152144  -  ResidentSetSize of job (KB)
...
040 (32358499.365.000) 2023-06-22 15:22:04 Started transferring output files
...
040 (32358499.365.000) 2023-06-22 15:22:04 Finished transferring output files
...
005 (32358499.365.000) 2023-06-22 15:22:05 Job terminated.
	(1) Normal termination (return value 0)
		Usr 0 00:05:04, Sys 0 00:00:13  -  Run Remote Usage
		Usr 0 00:00:00, Sys 0 00:00:00  -  Run Local Usage
		Usr 0 00:05:04, Sys 0 00:00:13  -  Total Remote Usage
		Usr 0 00:00:00, Sys 0 00:00:00  -  Total Local Usage
	150122  -  Run Bytes Sent By Job
	224295  -  Run Bytes Received By Job
	150122  -  Total Bytes Sent By Job
	224295  -  Total Bytes Received By Job
	Partitionable Resources :    Usage  Request Allocated 
	   Cpus                 :        0        1         1 
	   Disk (KB)            :      916      225   1635851 
	   Memory (MB)          :      148     2048      2048 

	Job terminated of its own accord at 2023-06-22T20:22:03Z with exit-code 0.
...
