000 (32358499.144.000) 2023-06-22 15:06:02 Job submitted from host: <131.225.204.62:9618?addrs=131.225.204.62-9618+[2620-6a-0-8420-f0-0-204-62]-9618&alias=lpcschedd5.fnal.gov&noUDP&sock=schedd_2770_916d>
...
040 (32358499.144.000) 2023-06-22 15:10:43 Started transferring input files
	Transferring to host: <131.225.188.179:9618?addrs=[2620-6a-0-8421-f0-0-188-179]-9618+131.225.188.179-9618&alias=cmswn2059.fnal.gov&noUDP&sock=slot1_42_2012_62cb_10039>
...
040 (32358499.144.000) 2023-06-22 15:10:43 Finished transferring input files
...
001 (32358499.144.000) 2023-06-22 15:10:43 Job executing on host: <131.225.188.179:9618?addrs=[2620-6a-0-8421-f0-0-188-179]-9618+131.225.188.179-9618&alias=cmswn2059.fnal.gov&noUDP&sock=startd_1929_b647>
...
006 (32358499.144.000) 2023-06-22 15:11:53 Image size of job updated: 133
	133  -  MemoryUsage of job (MB)
	136996  -  ResidentSetSize of job (KB)
...
006 (32358499.144.000) 2023-06-22 15:12:24 Image size of job updated: 133
	133  -  MemoryUsage of job (MB)
	137012  -  ResidentSetSize of job (KB)
...
040 (32358499.144.000) 2023-06-22 15:12:24 Started transferring output files
...
040 (32358499.144.000) 2023-06-22 15:12:24 Finished transferring output files
...
005 (32358499.144.000) 2023-06-22 15:12:25 Job terminated.
	(1) Normal termination (return value 0)
		Usr 0 00:01:01, Sys 0 00:00:03  -  Run Remote Usage
		Usr 0 00:00:00, Sys 0 00:00:00  -  Run Local Usage
		Usr 0 00:01:01, Sys 0 00:00:03  -  Total Remote Usage
		Usr 0 00:00:00, Sys 0 00:00:00  -  Total Local Usage
	125243  -  Run Bytes Sent By Job
	224295  -  Run Bytes Received By Job
	125243  -  Total Bytes Sent By Job
	224295  -  Total Bytes Received By Job
	Partitionable Resources :    Usage  Request Allocated 
	   Cpus                 :     0.00        1         1 
	   Disk (KB)            :   888         225   1654204 
	   Memory (MB)          :   133        2048      2048 

	Job terminated of its own accord at 2023-06-22T20:12:24Z with exit-code 0.
...
