000 (32358499.122.000) 2023-06-22 15:06:02 Job submitted from host: <131.225.204.62:9618?addrs=131.225.204.62-9618+[2620-6a-0-8420-f0-0-204-62]-9618&alias=lpcschedd5.fnal.gov&noUDP&sock=schedd_2770_916d>
...
040 (32358499.122.000) 2023-06-22 15:10:37 Started transferring input files
	Transferring to host: <131.225.189.167:9618?addrs=[2620-6a-0-8421-f0-0-189-167]-9618+131.225.189.167-9618&alias=cmswn2119.fnal.gov&noUDP&sock=slot1_35_2115_f56f_35864>
...
040 (32358499.122.000) 2023-06-22 15:10:37 Finished transferring input files
...
001 (32358499.122.000) 2023-06-22 15:10:37 Job executing on host: <131.225.189.167:9618?addrs=[2620-6a-0-8421-f0-0-189-167]-9618+131.225.189.167-9618&alias=cmswn2119.fnal.gov&noUDP&sock=startd_2013_543c>
...
006 (32358499.122.000) 2023-06-22 15:11:48 Image size of job updated: 148
	148  -  MemoryUsage of job (MB)
	151752  -  ResidentSetSize of job (KB)
...
006 (32358499.122.000) 2023-06-22 15:12:49 Image size of job updated: 148
	148  -  MemoryUsage of job (MB)
	151812  -  ResidentSetSize of job (KB)
...
006 (32358499.122.000) 2023-06-22 15:13:50 Image size of job updated: 148
	148  -  MemoryUsage of job (MB)
	151816  -  ResidentSetSize of job (KB)
...
006 (32358499.122.000) 2023-06-22 15:14:50 Image size of job updated: 148
	148  -  MemoryUsage of job (MB)
	151820  -  ResidentSetSize of job (KB)
...
006 (32358499.122.000) 2023-06-22 15:15:51 Image size of job updated: 148
	148  -  MemoryUsage of job (MB)
	151824  -  ResidentSetSize of job (KB)
...
006 (32358499.122.000) 2023-06-22 15:16:52 Image size of job updated: 148
	148  -  MemoryUsage of job (MB)
	151828  -  ResidentSetSize of job (KB)
...
040 (32358499.122.000) 2023-06-22 15:17:38 Started transferring output files
...
040 (32358499.122.000) 2023-06-22 15:17:38 Finished transferring output files
...
005 (32358499.122.000) 2023-06-22 15:17:39 Job terminated.
	(1) Normal termination (return value 0)
		Usr 0 00:06:15, Sys 0 00:00:15  -  Run Remote Usage
		Usr 0 00:00:00, Sys 0 00:00:00  -  Run Local Usage
		Usr 0 00:06:15, Sys 0 00:00:15  -  Total Remote Usage
		Usr 0 00:00:00, Sys 0 00:00:00  -  Total Local Usage
	150538  -  Run Bytes Sent By Job
	224295  -  Run Bytes Received By Job
	150538  -  Total Bytes Sent By Job
	224295  -  Total Bytes Received By Job
	Partitionable Resources :    Usage  Request Allocated 
	   Cpus                 :        0        1         1 
	   Disk (KB)            :      913      225   3466881 
	   Memory (MB)          :      148     2048      2048 

	Job terminated of its own accord at 2023-06-22T20:17:38Z with exit-code 0.
...
