000 (32358499.129.000) 2023-06-22 15:06:02 Job submitted from host: <131.225.204.62:9618?addrs=131.225.204.62-9618+[2620-6a-0-8420-f0-0-204-62]-9618&alias=lpcschedd5.fnal.gov&noUDP&sock=schedd_2770_916d>
...
040 (32358499.129.000) 2023-06-22 15:10:39 Started transferring input files
	Transferring to host: <131.225.189.155:9618?addrs=[2620-6a-0-8421-f0-0-189-155]-9618+131.225.189.155-9618&alias=cmswn2112.fnal.gov&noUDP&sock=slot1_33_2121_2faf_53764>
...
040 (32358499.129.000) 2023-06-22 15:10:39 Finished transferring input files
...
001 (32358499.129.000) 2023-06-22 15:10:39 Job executing on host: <131.225.189.155:9618?addrs=[2620-6a-0-8421-f0-0-189-155]-9618+131.225.189.155-9618&alias=cmswn2112.fnal.gov&noUDP&sock=startd_2024_dfc6>
...
006 (32358499.129.000) 2023-06-22 15:11:49 Image size of job updated: 146
	146  -  MemoryUsage of job (MB)
	149780  -  ResidentSetSize of job (KB)
...
006 (32358499.129.000) 2023-06-22 15:12:49 Image size of job updated: 146
	146  -  MemoryUsage of job (MB)
	149872  -  ResidentSetSize of job (KB)
...
006 (32358499.129.000) 2023-06-22 15:13:50 Image size of job updated: 146
	146  -  MemoryUsage of job (MB)
	149884  -  ResidentSetSize of job (KB)
...
040 (32358499.129.000) 2023-06-22 15:15:50 Started transferring output files
...
040 (32358499.129.000) 2023-06-22 15:15:50 Finished transferring output files
...
005 (32358499.129.000) 2023-06-22 15:15:51 Job terminated.
	(1) Normal termination (return value 0)
		Usr 0 00:04:18, Sys 0 00:00:11  -  Run Remote Usage
		Usr 0 00:00:00, Sys 0 00:00:00  -  Run Local Usage
		Usr 0 00:04:18, Sys 0 00:00:11  -  Total Remote Usage
		Usr 0 00:00:00, Sys 0 00:00:00  -  Total Local Usage
	146246  -  Run Bytes Sent By Job
	224295  -  Run Bytes Received By Job
	146246  -  Total Bytes Sent By Job
	224295  -  Total Bytes Received By Job
	Partitionable Resources :    Usage  Request Allocated 
	   Cpus                 :     0.01        1         1 
	   Disk (KB)            :   907         225   3454594 
	   Memory (MB)          :   146        2048      2048 

	Job terminated of its own accord at 2023-06-22T20:15:50Z with exit-code 0.
...
