000 (32358499.441.000) 2023-06-22 15:06:03 Job submitted from host: <131.225.204.62:9618?addrs=131.225.204.62-9618+[2620-6a-0-8420-f0-0-204-62]-9618&alias=lpcschedd5.fnal.gov&noUDP&sock=schedd_2770_916d>
...
040 (32358499.441.000) 2023-06-22 15:17:36 Entered queue to transfer input files
	Transferring to host: <131.225.189.35:9618?addrs=[2620-6a-0-8421-f0-0-189-35]-9618+131.225.189.35-9618&alias=cmswn2088.fnal.gov&noUDP&sock=slot1_12_2076_7acd_41212>
...
040 (32358499.441.000) 2023-06-22 15:17:44 Started transferring input files
	Seconds spent in queue: 8
...
040 (32358499.441.000) 2023-06-22 15:17:44 Finished transferring input files
...
001 (32358499.441.000) 2023-06-22 15:17:44 Job executing on host: <131.225.189.35:9618?addrs=[2620-6a-0-8421-f0-0-189-35]-9618+131.225.189.35-9618&alias=cmswn2088.fnal.gov&noUDP&sock=startd_1919_da55>
...
006 (32358499.441.000) 2023-06-22 15:18:54 Image size of job updated: 152
	152  -  MemoryUsage of job (MB)
	155676  -  ResidentSetSize of job (KB)
...
006 (32358499.441.000) 2023-06-22 15:19:55 Image size of job updated: 152
	152  -  MemoryUsage of job (MB)
	155680  -  ResidentSetSize of job (KB)
...
006 (32358499.441.000) 2023-06-22 15:20:55 Image size of job updated: 152
	152  -  MemoryUsage of job (MB)
	155684  -  ResidentSetSize of job (KB)
...
006 (32358499.441.000) 2023-06-22 15:22:57 Image size of job updated: 152
	152  -  MemoryUsage of job (MB)
	155720  -  ResidentSetSize of job (KB)
...
006 (32358499.441.000) 2023-06-22 15:23:57 Image size of job updated: 152
	152  -  MemoryUsage of job (MB)
	155728  -  ResidentSetSize of job (KB)
...
006 (32358499.441.000) 2023-06-22 15:24:57 Image size of job updated: 152
	152  -  MemoryUsage of job (MB)
	155840  -  ResidentSetSize of job (KB)
...
040 (32358499.441.000) 2023-06-22 15:27:42 Started transferring output files
	Seconds spent in queue: 606
...
040 (32358499.441.000) 2023-06-22 15:27:44 Finished transferring output files
...
005 (32358499.441.000) 2023-06-22 15:27:47 Job terminated.
	(1) Normal termination (return value 0)
		Usr 0 00:07:33, Sys 0 00:00:23  -  Run Remote Usage
		Usr 0 00:00:00, Sys 0 00:00:00  -  Run Local Usage
		Usr 0 00:07:33, Sys 0 00:00:23  -  Total Remote Usage
		Usr 0 00:00:00, Sys 0 00:00:00  -  Total Local Usage
	155405  -  Run Bytes Sent By Job
	224295  -  Run Bytes Received By Job
	155405  -  Total Bytes Sent By Job
	224295  -  Total Bytes Received By Job
	Partitionable Resources :    Usage  Request Allocated 
	   Cpus                 :        0        1         1 
	   Disk (KB)            :      921      225   1622189 
	   Memory (MB)          :      152     2048      2048 

	Job terminated of its own accord at 2023-06-22T20:27:42Z with exit-code 0.
...
