000 (32358499.400.000) 2023-06-22 15:06:03 Job submitted from host: <131.225.204.62:9618?addrs=131.225.204.62-9618+[2620-6a-0-8420-f0-0-204-62]-9618&alias=lpcschedd5.fnal.gov&noUDP&sock=schedd_2770_916d>
...
040 (32358499.400.000) 2023-06-22 15:16:44 Started transferring input files
	Transferring to host: <131.225.188.157:9618?addrs=[2620-6a-0-8421-f0-0-188-157]-9618+131.225.188.157-9618&alias=cmswn2053.fnal.gov&noUDP&sock=slot1_54_2017_e8ab_51968>
...
040 (32358499.400.000) 2023-06-22 15:16:45 Finished transferring input files
...
001 (32358499.400.000) 2023-06-22 15:16:45 Job executing on host: <131.225.188.157:9618?addrs=[2620-6a-0-8421-f0-0-188-157]-9618+131.225.188.157-9618&alias=cmswn2053.fnal.gov&noUDP&sock=startd_1921_3985>
...
006 (32358499.400.000) 2023-06-22 15:18:56 Image size of job updated: 148
	148  -  MemoryUsage of job (MB)
	152200  -  ResidentSetSize of job (KB)
...
006 (32358499.400.000) 2023-06-22 15:19:56 Image size of job updated: 148
	148  -  MemoryUsage of job (MB)
	152420  -  ResidentSetSize of job (KB)
...
006 (32358499.400.000) 2023-06-22 15:21:58 Image size of job updated: 148
	148  -  MemoryUsage of job (MB)
	152432  -  ResidentSetSize of job (KB)
...
006 (32358499.400.000) 2023-06-22 15:24:58 Image size of job updated: 148
	148  -  MemoryUsage of job (MB)
	152552  -  ResidentSetSize of job (KB)
...
040 (32358499.400.000) 2023-06-22 15:25:42 Started transferring output files
...
040 (32358499.400.000) 2023-06-22 15:25:42 Finished transferring output files
...
005 (32358499.400.000) 2023-06-22 15:25:43 Job terminated.
	(1) Normal termination (return value 0)
		Usr 0 00:06:38, Sys 0 00:00:17  -  Run Remote Usage
		Usr 0 00:00:00, Sys 0 00:00:00  -  Run Local Usage
		Usr 0 00:06:38, Sys 0 00:00:17  -  Total Remote Usage
		Usr 0 00:00:00, Sys 0 00:00:00  -  Total Local Usage
	153735  -  Run Bytes Sent By Job
	224295  -  Run Bytes Received By Job
	153735  -  Total Bytes Sent By Job
	224295  -  Total Bytes Received By Job
	Partitionable Resources :    Usage  Request Allocated 
	   Cpus                 :     0.00        1         1 
	   Disk (KB)            :   919         225   1639248 
	   Memory (MB)          :   148        2048      2048 

	Job terminated of its own accord at 2023-06-22T20:25:41Z with exit-code 0.
...
