000 (32358499.396.000) 2023-06-22 15:06:03 Job submitted from host: <131.225.204.62:9618?addrs=131.225.204.62-9618+[2620-6a-0-8420-f0-0-204-62]-9618&alias=lpcschedd5.fnal.gov&noUDP&sock=schedd_2770_916d>
...
040 (32358499.396.000) 2023-06-22 15:16:43 Started transferring input files
	Transferring to host: <131.225.189.35:9618?addrs=[2620-6a-0-8421-f0-0-189-35]-9618+131.225.189.35-9618&alias=cmswn2088.fnal.gov&noUDP&sock=slot1_6_2076_7acd_41209>
...
040 (32358499.396.000) 2023-06-22 15:16:43 Finished transferring input files
...
001 (32358499.396.000) 2023-06-22 15:16:43 Job executing on host: <131.225.189.35:9618?addrs=[2620-6a-0-8421-f0-0-189-35]-9618+131.225.189.35-9618&alias=cmswn2088.fnal.gov&noUDP&sock=startd_1919_da55>
...
006 (32358499.396.000) 2023-06-22 15:16:52 Image size of job updated: 13
	13  -  MemoryUsage of job (MB)
	14040  -  ResidentSetSize of job (KB)
...
006 (32358499.396.000) 2023-06-22 15:17:53 Image size of job updated: 148
	148  -  MemoryUsage of job (MB)
	152148  -  ResidentSetSize of job (KB)
...
006 (32358499.396.000) 2023-06-22 15:18:53 Image size of job updated: 148
	148  -  MemoryUsage of job (MB)
	152156  -  ResidentSetSize of job (KB)
...
006 (32358499.396.000) 2023-06-22 15:19:53 Image size of job updated: 148
	148  -  MemoryUsage of job (MB)
	152172  -  ResidentSetSize of job (KB)
...
006 (32358499.396.000) 2023-06-22 15:20:53 Image size of job updated: 148
	148  -  MemoryUsage of job (MB)
	152284  -  ResidentSetSize of job (KB)
...
006 (32358499.396.000) 2023-06-22 15:21:54 Image size of job updated: 148
	148  -  MemoryUsage of job (MB)
	152288  -  ResidentSetSize of job (KB)
...
006 (32358499.396.000) 2023-06-22 15:22:55 Image size of job updated: 148
	148  -  MemoryUsage of job (MB)
	152296  -  ResidentSetSize of job (KB)
...
040 (32358499.396.000) 2023-06-22 15:23:34 Started transferring output files
...
040 (32358499.396.000) 2023-06-22 15:23:34 Finished transferring output files
...
005 (32358499.396.000) 2023-06-22 15:23:35 Job terminated.
	(1) Normal termination (return value 0)
		Usr 0 00:05:30, Sys 0 00:00:16  -  Run Remote Usage
		Usr 0 00:00:00, Sys 0 00:00:00  -  Run Local Usage
		Usr 0 00:05:30, Sys 0 00:00:16  -  Total Remote Usage
		Usr 0 00:00:00, Sys 0 00:00:00  -  Total Local Usage
	151373  -  Run Bytes Sent By Job
	224295  -  Run Bytes Received By Job
	151373  -  Total Bytes Sent By Job
	224295  -  Total Bytes Received By Job
	Partitionable Resources :    Usage  Request Allocated 
	   Cpus                 :        0        1         1 
	   Disk (KB)            :      917      225   1622189 
	   Memory (MB)          :      148     2048      2048 

	Job terminated of its own accord at 2023-06-22T20:23:34Z with exit-code 0.
...
