000 (32358499.134.000) 2023-06-22 15:06:02 Job submitted from host: <131.225.204.62:9618?addrs=131.225.204.62-9618+[2620-6a-0-8420-f0-0-204-62]-9618&alias=lpcschedd5.fnal.gov&noUDP&sock=schedd_2770_916d>
...
040 (32358499.134.000) 2023-06-22 15:10:39 Started transferring input files
	Transferring to host: <131.225.189.167:9618?addrs=[2620-6a-0-8421-f0-0-189-167]-9618+131.225.189.167-9618&alias=cmswn2119.fnal.gov&noUDP&sock=slot1_42_2115_f56f_35867>
...
001 (32358499.134.000) 2023-06-22 15:10:39 Job executing on host: <131.225.189.167:9618?addrs=[2620-6a-0-8421-f0-0-189-167]-9618+131.225.189.167-9618&alias=cmswn2119.fnal.gov&noUDP&sock=startd_2013_543c>
...
040 (32358499.134.000) 2023-06-22 15:10:39 Finished transferring input files
...
006 (32358499.134.000) 2023-06-22 15:11:49 Image size of job updated: 144
	144  -  MemoryUsage of job (MB)
	147988  -  ResidentSetSize of job (KB)
...
006 (32358499.134.000) 2023-06-22 15:12:49 Image size of job updated: 144
	144  -  MemoryUsage of job (MB)
	148020  -  ResidentSetSize of job (KB)
...
006 (32358499.134.000) 2023-06-22 15:13:50 Image size of job updated: 144
	144  -  MemoryUsage of job (MB)
	148024  -  ResidentSetSize of job (KB)
...
006 (32358499.134.000) 2023-06-22 15:14:51 Image size of job updated: 144
	144  -  MemoryUsage of job (MB)
	148052  -  ResidentSetSize of job (KB)
...
040 (32358499.134.000) 2023-06-22 15:16:13 Started transferring output files
...
040 (32358499.134.000) 2023-06-22 15:16:13 Finished transferring output files
...
005 (32358499.134.000) 2023-06-22 15:16:14 Job terminated.
	(1) Normal termination (return value 0)
		Usr 0 00:04:49, Sys 0 00:00:12  -  Run Remote Usage
		Usr 0 00:00:00, Sys 0 00:00:00  -  Run Local Usage
		Usr 0 00:04:49, Sys 0 00:00:12  -  Total Remote Usage
		Usr 0 00:00:00, Sys 0 00:00:00  -  Total Local Usage
	146748  -  Run Bytes Sent By Job
	224295  -  Run Bytes Received By Job
	146748  -  Total Bytes Sent By Job
	224295  -  Total Bytes Received By Job
	Partitionable Resources :    Usage  Request Allocated 
	   Cpus                 :     0.01        1         1 
	   Disk (KB)            :   909         225   3466881 
	   Memory (MB)          :   144        2048      2048 

	Job terminated of its own accord at 2023-06-22T20:16:13Z with exit-code 0.
...
