000 (32358499.288.000) 2023-06-22 15:06:02 Job submitted from host: <131.225.204.62:9618?addrs=131.225.204.62-9618+[2620-6a-0-8420-f0-0-204-62]-9618&alias=lpcschedd5.fnal.gov&noUDP&sock=schedd_2770_916d>
...
040 (32358499.288.000) 2023-06-22 15:14:20 Started transferring input files
	Transferring to host: <131.225.189.162:9618?addrs=[2620-6a-0-8421-f0-0-189-162]-9618+131.225.189.162-9618&alias=cmswn2116.fnal.gov&noUDP&sock=slot1_26_2153_bbb1_49522>
...
040 (32358499.288.000) 2023-06-22 15:14:20 Finished transferring input files
...
001 (32358499.288.000) 2023-06-22 15:14:20 Job executing on host: <131.225.189.162:9618?addrs=[2620-6a-0-8421-f0-0-189-162]-9618+131.225.189.162-9618&alias=cmswn2116.fnal.gov&noUDP&sock=startd_2040_d94a>
...
006 (32358499.288.000) 2023-06-22 15:14:29 Image size of job updated: 6
	6  -  MemoryUsage of job (MB)
	6852  -  ResidentSetSize of job (KB)
...
006 (32358499.288.000) 2023-06-22 15:15:30 Image size of job updated: 160
	160  -  MemoryUsage of job (MB)
	164560  -  ResidentSetSize of job (KB)
...
006 (32358499.288.000) 2023-06-22 15:16:30 Image size of job updated: 160
	160  -  MemoryUsage of job (MB)
	164564  -  ResidentSetSize of job (KB)
...
006 (32358499.288.000) 2023-06-22 15:17:30 Image size of job updated: 160
	160  -  MemoryUsage of job (MB)
	164572  -  ResidentSetSize of job (KB)
...
006 (32358499.288.000) 2023-06-22 15:18:31 Image size of job updated: 160
	160  -  MemoryUsage of job (MB)
	164580  -  ResidentSetSize of job (KB)
...
006 (32358499.288.000) 2023-06-22 15:20:32 Image size of job updated: 160
	160  -  MemoryUsage of job (MB)
	164644  -  ResidentSetSize of job (KB)
...
006 (32358499.288.000) 2023-06-22 15:21:33 Image size of job updated: 160
	160  -  MemoryUsage of job (MB)
	164688  -  ResidentSetSize of job (KB)
...
040 (32358499.288.000) 2023-06-22 15:26:16 Started transferring output files
...
040 (32358499.288.000) 2023-06-22 15:26:16 Finished transferring output files
...
005 (32358499.288.000) 2023-06-22 15:26:17 Job terminated.
	(1) Normal termination (return value 0)
		Usr 0 00:09:57, Sys 0 00:00:27  -  Run Remote Usage
		Usr 0 00:00:00, Sys 0 00:00:00  -  Run Local Usage
		Usr 0 00:09:57, Sys 0 00:00:27  -  Total Remote Usage
		Usr 0 00:00:00, Sys 0 00:00:00  -  Total Local Usage
	162057  -  Run Bytes Sent By Job
	224295  -  Run Bytes Received By Job
	162057  -  Total Bytes Sent By Job
	224295  -  Total Bytes Received By Job
	Partitionable Resources :    Usage  Request Allocated 
	   Cpus                 :        0        1         1 
	   Disk (KB)            :      923      225   3464731 
	   Memory (MB)          :      160     2048      2048 

	Job terminated of its own accord at 2023-06-22T20:26:16Z with exit-code 0.
...
