000 (32358499.161.000) 2023-06-22 15:06:02 Job submitted from host: <131.225.204.62:9618?addrs=131.225.204.62-9618+[2620-6a-0-8420-f0-0-204-62]-9618&alias=lpcschedd5.fnal.gov&noUDP&sock=schedd_2770_916d>
...
040 (32358499.161.000) 2023-06-22 15:10:57 Entered queue to transfer input files
	Transferring to host: <131.225.188.14:9618?addrs=[2620-6a-0-8421-f0-0-188-14]-9618+131.225.188.14-9618&alias=cmswn2019.fnal.gov&noUDP&sock=slot1_35_2024_d74b_53172>
...
040 (32358499.161.000) 2023-06-22 15:10:58 Started transferring input files
	Seconds spent in queue: 1
...
040 (32358499.161.000) 2023-06-22 15:10:58 Finished transferring input files
...
001 (32358499.161.000) 2023-06-22 15:10:58 Job executing on host: <131.225.188.14:9618?addrs=[2620-6a-0-8421-f0-0-188-14]-9618+131.225.188.14-9618&alias=cmswn2019.fnal.gov&noUDP&sock=startd_1918_2abc>
...
006 (32358499.161.000) 2023-06-22 15:11:07 Image size of job updated: 6
	6  -  MemoryUsage of job (MB)
	7020  -  ResidentSetSize of job (KB)
...
006 (32358499.161.000) 2023-06-22 15:12:07 Image size of job updated: 159
	159  -  MemoryUsage of job (MB)
	163672  -  ResidentSetSize of job (KB)
...
006 (32358499.161.000) 2023-06-22 15:13:08 Image size of job updated: 159
	159  -  MemoryUsage of job (MB)
	163684  -  ResidentSetSize of job (KB)
...
006 (32358499.161.000) 2023-06-22 15:14:09 Image size of job updated: 159
	159  -  MemoryUsage of job (MB)
	163696  -  ResidentSetSize of job (KB)
...
006 (32358499.161.000) 2023-06-22 15:15:10 Image size of job updated: 159
	159  -  MemoryUsage of job (MB)
	163700  -  ResidentSetSize of job (KB)
...
006 (32358499.161.000) 2023-06-22 15:17:10 Image size of job updated: 159
	159  -  MemoryUsage of job (MB)
	163800  -  ResidentSetSize of job (KB)
...
040 (32358499.161.000) 2023-06-22 15:21:48 Started transferring output files
	Seconds spent in queue: 651
...
040 (32358499.161.000) 2023-06-22 15:21:48 Finished transferring output files
...
005 (32358499.161.000) 2023-06-22 15:21:51 Job terminated.
	(1) Normal termination (return value 0)
		Usr 0 00:08:11, Sys 0 00:00:20  -  Run Remote Usage
		Usr 0 00:00:00, Sys 0 00:00:00  -  Run Local Usage
		Usr 0 00:08:11, Sys 0 00:00:20  -  Total Remote Usage
		Usr 0 00:00:00, Sys 0 00:00:00  -  Total Local Usage
	158854  -  Run Bytes Sent By Job
	224295  -  Run Bytes Received By Job
	158854  -  Total Bytes Sent By Job
	224295  -  Total Bytes Received By Job
	Partitionable Resources :    Usage  Request Allocated 
	   Cpus                 :     0.01        1         1 
	   Disk (KB)            :   924         225   1636260 
	   Memory (MB)          :   159        2048      2048 

	Job terminated of its own accord at 2023-06-22T20:21:47Z with exit-code 0.
...
