000 (32358499.053.000) 2023-06-22 15:06:01 Job submitted from host: <131.225.204.62:9618?addrs=131.225.204.62-9618+[2620-6a-0-8420-f0-0-204-62]-9618&alias=lpcschedd5.fnal.gov&noUDP&sock=schedd_2770_916d>
...
040 (32358499.053.000) 2023-06-22 15:09:35 Started transferring input files
	Transferring to host: <131.225.188.219:9618?addrs=[2620-6a-0-8421-f0-0-188-219]-9618+131.225.188.219-9618&alias=cmswn2070.fnal.gov&noUDP&sock=slot1_3_2110_6f8f_39813>
...
040 (32358499.053.000) 2023-06-22 15:09:35 Finished transferring input files
...
001 (32358499.053.000) 2023-06-22 15:09:35 Job executing on host: <131.225.188.219:9618?addrs=[2620-6a-0-8421-f0-0-188-219]-9618+131.225.188.219-9618&alias=cmswn2070.fnal.gov&noUDP&sock=startd_2019_71cd>
...
006 (32358499.053.000) 2023-06-22 15:09:44 Image size of job updated: 6
	6  -  MemoryUsage of job (MB)
	7036  -  ResidentSetSize of job (KB)
...
006 (32358499.053.000) 2023-06-22 15:10:45 Image size of job updated: 149
	149  -  MemoryUsage of job (MB)
	153176  -  ResidentSetSize of job (KB)
...
006 (32358499.053.000) 2023-06-22 15:11:45 Image size of job updated: 149
	149  -  MemoryUsage of job (MB)
	153196  -  ResidentSetSize of job (KB)
...
006 (32358499.053.000) 2023-06-22 15:12:45 Image size of job updated: 149
	149  -  MemoryUsage of job (MB)
	153200  -  ResidentSetSize of job (KB)
...
006 (32358499.053.000) 2023-06-22 15:13:46 Image size of job updated: 149
	149  -  MemoryUsage of job (MB)
	153224  -  ResidentSetSize of job (KB)
...
006 (32358499.053.000) 2023-06-22 15:16:46 Image size of job updated: 149
	149  -  MemoryUsage of job (MB)
	153348  -  ResidentSetSize of job (KB)
...
040 (32358499.053.000) 2023-06-22 15:16:46 Started transferring output files
...
040 (32358499.053.000) 2023-06-22 15:16:46 Finished transferring output files
...
005 (32358499.053.000) 2023-06-22 15:16:47 Job terminated.
	(1) Normal termination (return value 0)
		Usr 0 00:05:01, Sys 0 00:00:17  -  Run Remote Usage
		Usr 0 00:00:00, Sys 0 00:00:00  -  Run Local Usage
		Usr 0 00:05:01, Sys 0 00:00:17  -  Total Remote Usage
		Usr 0 00:00:00, Sys 0 00:00:00  -  Total Local Usage
	150423  -  Run Bytes Sent By Job
	224294  -  Run Bytes Received By Job
	150423  -  Total Bytes Sent By Job
	224294  -  Total Bytes Received By Job
	Partitionable Resources :    Usage  Request Allocated 
	   Cpus                 :     0.00        1         1 
	   Disk (KB)            :   916         225   1646883 
	   Memory (MB)          :   149        2048      2048 

	Job terminated of its own accord at 2023-06-22T20:16:46Z with exit-code 0.
...
