000 (32358499.116.000) 2023-06-22 15:06:02 Job submitted from host: <131.225.204.62:9618?addrs=131.225.204.62-9618+[2620-6a-0-8420-f0-0-204-62]-9618&alias=lpcschedd5.fnal.gov&noUDP&sock=schedd_2770_916d>
...
040 (32358499.116.000) 2023-06-22 15:10:35 Started transferring input files
	Transferring to host: <131.225.189.167:9618?addrs=[2620-6a-0-8421-f0-0-189-167]-9618+131.225.189.167-9618&alias=cmswn2119.fnal.gov&noUDP&sock=slot1_29_2115_f56f_35863>
...
040 (32358499.116.000) 2023-06-22 15:10:35 Finished transferring input files
...
001 (32358499.116.000) 2023-06-22 15:10:35 Job executing on host: <131.225.189.167:9618?addrs=[2620-6a-0-8421-f0-0-189-167]-9618+131.225.189.167-9618&alias=cmswn2119.fnal.gov&noUDP&sock=startd_2013_543c>
...
006 (32358499.116.000) 2023-06-22 15:11:45 Image size of job updated: 139
	139  -  MemoryUsage of job (MB)
	142728  -  ResidentSetSize of job (KB)
...
006 (32358499.116.000) 2023-06-22 15:12:46 Image size of job updated: 139
	139  -  MemoryUsage of job (MB)
	142792  -  ResidentSetSize of job (KB)
...
006 (32358499.116.000) 2023-06-22 15:13:46 Image size of job updated: 139
	139  -  MemoryUsage of job (MB)
	142824  -  ResidentSetSize of job (KB)
...
006 (32358499.116.000) 2023-06-22 15:14:38 Image size of job updated: 139
	139  -  MemoryUsage of job (MB)
	142856  -  ResidentSetSize of job (KB)
...
040 (32358499.116.000) 2023-06-22 15:14:38 Started transferring output files
...
040 (32358499.116.000) 2023-06-22 15:14:38 Finished transferring output files
...
005 (32358499.116.000) 2023-06-22 15:14:40 Job terminated.
	(1) Normal termination (return value 0)
		Usr 0 00:02:36, Sys 0 00:00:07  -  Run Remote Usage
		Usr 0 00:00:00, Sys 0 00:00:00  -  Run Local Usage
		Usr 0 00:02:36, Sys 0 00:00:07  -  Total Remote Usage
		Usr 0 00:00:00, Sys 0 00:00:00  -  Total Local Usage
	140110  -  Run Bytes Sent By Job
	224295  -  Run Bytes Received By Job
	140110  -  Total Bytes Sent By Job
	224295  -  Total Bytes Received By Job
	Partitionable Resources :    Usage  Request Allocated 
	   Cpus                 :     0.00        1         1 
	   Disk (KB)            :   903         225   3466881 
	   Memory (MB)          :   139        2048      2048 

	Job terminated of its own accord at 2023-06-22T20:14:38Z with exit-code 0.
...
