000 (32358499.352.000) 2023-06-22 15:06:02 Job submitted from host: <131.225.204.62:9618?addrs=131.225.204.62-9618+[2620-6a-0-8420-f0-0-204-62]-9618&alias=lpcschedd5.fnal.gov&noUDP&sock=schedd_2770_916d>
...
040 (32358499.352.000) 2023-06-22 15:15:53 Started transferring input files
	Transferring to host: <131.225.188.179:9618?addrs=[2620-6a-0-8421-f0-0-188-179]-9618+131.225.188.179-9618&alias=cmswn2059.fnal.gov&noUDP&sock=slot1_3_2012_62cb_10054>
...
040 (32358499.352.000) 2023-06-22 15:15:53 Finished transferring input files
...
001 (32358499.352.000) 2023-06-22 15:15:53 Job executing on host: <131.225.188.179:9618?addrs=[2620-6a-0-8421-f0-0-188-179]-9618+131.225.188.179-9618&alias=cmswn2059.fnal.gov&noUDP&sock=startd_1929_b647>
...
006 (32358499.352.000) 2023-06-22 15:16:01 Image size of job updated: 33
	33  -  MemoryUsage of job (MB)
	34640  -  ResidentSetSize of job (KB)
...
006 (32358499.352.000) 2023-06-22 15:17:01 Image size of job updated: 149
	149  -  MemoryUsage of job (MB)
	152992  -  ResidentSetSize of job (KB)
...
006 (32358499.352.000) 2023-06-22 15:18:01 Image size of job updated: 149
	149  -  MemoryUsage of job (MB)
	153012  -  ResidentSetSize of job (KB)
...
006 (32358499.352.000) 2023-06-22 15:19:02 Image size of job updated: 149
	149  -  MemoryUsage of job (MB)
	153036  -  ResidentSetSize of job (KB)
...
006 (32358499.352.000) 2023-06-22 15:20:02 Image size of job updated: 149
	149  -  MemoryUsage of job (MB)
	153044  -  ResidentSetSize of job (KB)
...
006 (32358499.352.000) 2023-06-22 15:21:02 Image size of job updated: 149
	149  -  MemoryUsage of job (MB)
	153060  -  ResidentSetSize of job (KB)
...
006 (32358499.352.000) 2023-06-22 15:22:03 Image size of job updated: 149
	149  -  MemoryUsage of job (MB)
	153068  -  ResidentSetSize of job (KB)
...
006 (32358499.352.000) 2023-06-22 15:23:04 Image size of job updated: 149
	149  -  MemoryUsage of job (MB)
	153072  -  ResidentSetSize of job (KB)
...
040 (32358499.352.000) 2023-06-22 15:23:19 Started transferring output files
...
040 (32358499.352.000) 2023-06-22 15:23:19 Finished transferring output files
...
005 (32358499.352.000) 2023-06-22 15:23:21 Job terminated.
	(1) Normal termination (return value 0)
		Usr 0 00:06:30, Sys 0 00:00:22  -  Run Remote Usage
		Usr 0 00:00:00, Sys 0 00:00:00  -  Run Local Usage
		Usr 0 00:06:30, Sys 0 00:00:22  -  Total Remote Usage
		Usr 0 00:00:00, Sys 0 00:00:00  -  Total Local Usage
	151566  -  Run Bytes Sent By Job
	224295  -  Run Bytes Received By Job
	151566  -  Total Bytes Sent By Job
	224295  -  Total Bytes Received By Job
	Partitionable Resources :    Usage  Request Allocated 
	   Cpus                 :     0.00        1         1 
	   Disk (KB)            :   915         225   1654204 
	   Memory (MB)          :   149        2048      2048 

	Job terminated of its own accord at 2023-06-22T20:23:19Z with exit-code 0.
...
