000 (32358499.475.000) 2023-06-22 15:06:03 Job submitted from host: <131.225.204.62:9618?addrs=131.225.204.62-9618+[2620-6a-0-8420-f0-0-204-62]-9618&alias=lpcschedd5.fnal.gov&noUDP&sock=schedd_2770_916d>
...
040 (32358499.475.000) 2023-06-22 15:18:19 Started transferring input files
	Transferring to host: <131.225.188.94:9618?addrs=[2620-6a-0-8421-f0-0-188-94]-9618+131.225.188.94-9618&alias=cmswn2045.fnal.gov&noUDP&sock=slot1_59_2109_bb2f_47981>
...
040 (32358499.475.000) 2023-06-22 15:18:19 Finished transferring input files
...
001 (32358499.475.000) 2023-06-22 15:18:19 Job executing on host: <131.225.188.94:9618?addrs=[2620-6a-0-8421-f0-0-188-94]-9618+131.225.188.94-9618&alias=cmswn2045.fnal.gov&noUDP&sock=startd_1924_484e>
...
006 (32358499.475.000) 2023-06-22 15:19:30 Image size of job updated: 118
	118  -  MemoryUsage of job (MB)
	121704  -  ResidentSetSize of job (KB)
...
006 (32358499.475.000) 2023-06-22 15:20:30 Image size of job updated: 130
	130  -  MemoryUsage of job (MB)
	134000  -  ResidentSetSize of job (KB)
...
006 (32358499.475.000) 2023-06-22 15:21:32 Image size of job updated: 131
	131  -  MemoryUsage of job (MB)
	134508  -  ResidentSetSize of job (KB)
...
006 (32358499.475.000) 2023-06-22 15:22:33 Image size of job updated: 132
	132  -  MemoryUsage of job (MB)
	135484  -  ResidentSetSize of job (KB)
...
040 (32358499.475.000) 2023-06-22 15:22:34 Started transferring output files
...
040 (32358499.475.000) 2023-06-22 15:22:34 Finished transferring output files
...
005 (32358499.475.000) 2023-06-22 15:22:43 Job terminated.
	(1) Normal termination (return value 0)
		Usr 0 00:00:58, Sys 0 00:00:03  -  Run Remote Usage
		Usr 0 00:00:00, Sys 0 00:00:00  -  Run Local Usage
		Usr 0 00:00:58, Sys 0 00:00:03  -  Total Remote Usage
		Usr 0 00:00:00, Sys 0 00:00:00  -  Total Local Usage
	86201  -  Run Bytes Sent By Job
	224295  -  Run Bytes Received By Job
	86201  -  Total Bytes Sent By Job
	224295  -  Total Bytes Received By Job
	Partitionable Resources :    Usage  Request Allocated 
	   Cpus                 :     0.03        1         1 
	   Disk (KB)            :   854         225   1643101 
	   Memory (MB)          :   132        2048      2048 

	Job terminated of its own accord at 2023-06-22T20:22:33Z with exit-code 0.
...
