000 (32358499.257.000) 2023-06-22 15:06:02 Job submitted from host: <131.225.204.62:9618?addrs=131.225.204.62-9618+[2620-6a-0-8420-f0-0-204-62]-9618&alias=lpcschedd5.fnal.gov&noUDP&sock=schedd_2770_916d>
...
040 (32358499.257.000) 2023-06-22 15:13:37 Started transferring input files
	Transferring to host: <131.225.188.64:9618?addrs=[2620-6a-0-8421-f0-0-188-64]-9618+131.225.188.64-9618&alias=cmswn2036.fnal.gov&noUDP&sock=slot1_8_2136_c150_48991>
...
040 (32358499.257.000) 2023-06-22 15:13:38 Finished transferring input files
...
001 (32358499.257.000) 2023-06-22 15:13:38 Job executing on host: <131.225.188.64:9618?addrs=[2620-6a-0-8421-f0-0-188-64]-9618+131.225.188.64-9618&alias=cmswn2036.fnal.gov&noUDP&sock=startd_1938_e2a1>
...
006 (32358499.257.000) 2023-06-22 15:15:50 Image size of job updated: 159
	159  -  MemoryUsage of job (MB)
	163180  -  ResidentSetSize of job (KB)
...
006 (32358499.257.000) 2023-06-22 15:16:52 Image size of job updated: 159
	159  -  MemoryUsage of job (MB)
	163192  -  ResidentSetSize of job (KB)
...
006 (32358499.257.000) 2023-06-22 15:17:52 Image size of job updated: 159
	159  -  MemoryUsage of job (MB)
	163196  -  ResidentSetSize of job (KB)
...
006 (32358499.257.000) 2023-06-22 15:19:52 Image size of job updated: 159
	159  -  MemoryUsage of job (MB)
	163200  -  ResidentSetSize of job (KB)
...
006 (32358499.257.000) 2023-06-22 15:21:54 Image size of job updated: 159
	159  -  MemoryUsage of job (MB)
	163272  -  ResidentSetSize of job (KB)
...
006 (32358499.257.000) 2023-06-22 15:22:55 Image size of job updated: 159
	159  -  MemoryUsage of job (MB)
	163304  -  ResidentSetSize of job (KB)
...
040 (32358499.257.000) 2023-06-22 15:24:32 Started transferring output files
...
040 (32358499.257.000) 2023-06-22 15:24:32 Finished transferring output files
...
005 (32358499.257.000) 2023-06-22 15:24:33 Job terminated.
	(1) Normal termination (return value 0)
		Usr 0 00:07:52, Sys 0 00:00:20  -  Run Remote Usage
		Usr 0 00:00:00, Sys 0 00:00:00  -  Run Local Usage
		Usr 0 00:07:52, Sys 0 00:00:20  -  Total Remote Usage
		Usr 0 00:00:00, Sys 0 00:00:00  -  Total Local Usage
	160651  -  Run Bytes Sent By Job
	224295  -  Run Bytes Received By Job
	160651  -  Total Bytes Sent By Job
	224295  -  Total Bytes Received By Job
	Partitionable Resources :    Usage  Request Allocated 
	   Cpus                 :        0        1         1 
	   Disk (KB)            :      926      225   1635851 
	   Memory (MB)          :      159     2048      2048 

	Job terminated of its own accord at 2023-06-22T20:24:32Z with exit-code 0.
...
