000 (32358499.013.000) 2023-06-22 15:06:01 Job submitted from host: <131.225.204.62:9618?addrs=131.225.204.62-9618+[2620-6a-0-8420-f0-0-204-62]-9618&alias=lpcschedd5.fnal.gov&noUDP&sock=schedd_2770_916d>
...
040 (32358499.013.000) 2023-06-22 15:08:36 Started transferring input files
	Transferring to host: <131.225.188.14:9618?addrs=[2620-6a-0-8421-f0-0-188-14]-9618+131.225.188.14-9618&alias=cmswn2019.fnal.gov&noUDP&sock=slot1_30_2024_d74b_53162>
...
040 (32358499.013.000) 2023-06-22 15:08:36 Finished transferring input files
...
001 (32358499.013.000) 2023-06-22 15:08:36 Job executing on host: <131.225.188.14:9618?addrs=[2620-6a-0-8421-f0-0-188-14]-9618+131.225.188.14-9618&alias=cmswn2019.fnal.gov&noUDP&sock=startd_1918_2abc>
...
006 (32358499.013.000) 2023-06-22 15:08:45 Image size of job updated: 6
	6  -  MemoryUsage of job (MB)
	6920  -  ResidentSetSize of job (KB)
...
006 (32358499.013.000) 2023-06-22 15:09:46 Image size of job updated: 149
	149  -  MemoryUsage of job (MB)
	152664  -  ResidentSetSize of job (KB)
...
006 (32358499.013.000) 2023-06-22 15:10:47 Image size of job updated: 149
	149  -  MemoryUsage of job (MB)
	152668  -  ResidentSetSize of job (KB)
...
006 (32358499.013.000) 2023-06-22 15:11:48 Image size of job updated: 149
	149  -  MemoryUsage of job (MB)
	152688  -  ResidentSetSize of job (KB)
...
006 (32358499.013.000) 2023-06-22 15:12:49 Image size of job updated: 149
	149  -  MemoryUsage of job (MB)
	152820  -  ResidentSetSize of job (KB)
...
006 (32358499.013.000) 2023-06-22 15:13:50 Image size of job updated: 149
	149  -  MemoryUsage of job (MB)
	152824  -  ResidentSetSize of job (KB)
...
040 (32358499.013.000) 2023-06-22 15:14:25 Started transferring output files
...
040 (32358499.013.000) 2023-06-22 15:14:25 Finished transferring output files
...
005 (32358499.013.000) 2023-06-22 15:14:26 Job terminated.
	(1) Normal termination (return value 0)
		Usr 0 00:04:30, Sys 0 00:00:11  -  Run Remote Usage
		Usr 0 00:00:00, Sys 0 00:00:00  -  Run Local Usage
		Usr 0 00:04:30, Sys 0 00:00:11  -  Total Remote Usage
		Usr 0 00:00:00, Sys 0 00:00:00  -  Total Local Usage
	148543  -  Run Bytes Sent By Job
	224294  -  Run Bytes Received By Job
	148543  -  Total Bytes Sent By Job
	224294  -  Total Bytes Received By Job
	Partitionable Resources :    Usage  Request Allocated 
	   Cpus                 :        0        1         1 
	   Disk (KB)            :      915      225   1636260 
	   Memory (MB)          :      149     2048      2048 

	Job terminated of its own accord at 2023-06-22T20:14:24Z with exit-code 0.
...
