000 (32358499.004.000) 2023-06-22 15:06:01 Job submitted from host: <131.225.204.62:9618?addrs=131.225.204.62-9618+[2620-6a-0-8420-f0-0-204-62]-9618&alias=lpcschedd5.fnal.gov&noUDP&sock=schedd_2770_916d>
...
040 (32358499.004.000) 2023-06-22 15:08:29 Started transferring input files
	Transferring to host: <131.225.188.22:9618?addrs=[2620-6a-0-8421-f0-0-188-22]-9618+131.225.188.22-9618&alias=cmswn2024.fnal.gov&noUDP&sock=slot1_33_2152_0751_55439>
...
040 (32358499.004.000) 2023-06-22 15:08:29 Finished transferring input files
...
001 (32358499.004.000) 2023-06-22 15:08:29 Job executing on host: <131.225.188.22:9618?addrs=[2620-6a-0-8421-f0-0-188-22]-9618+131.225.188.22-9618&alias=cmswn2024.fnal.gov&noUDP&sock=startd_1924_484e>
...
006 (32358499.004.000) 2023-06-22 15:09:37 Image size of job updated: 145
	145  -  MemoryUsage of job (MB)
	149400  -  ResidentSetSize of job (KB)
...
006 (32358499.004.000) 2023-06-22 15:10:40 Image size of job updated: 145
	145  -  MemoryUsage of job (MB)
	149416  -  ResidentSetSize of job (KB)
...
006 (32358499.004.000) 2023-06-22 15:11:41 Image size of job updated: 145
	145  -  MemoryUsage of job (MB)
	149444  -  ResidentSetSize of job (KB)
...
006 (32358499.004.000) 2023-06-22 15:12:41 Image size of job updated: 145
	145  -  MemoryUsage of job (MB)
	149468  -  ResidentSetSize of job (KB)
...
006 (32358499.004.000) 2023-06-22 15:14:14 Image size of job updated: 146
	146  -  MemoryUsage of job (MB)
	149568  -  ResidentSetSize of job (KB)
...
040 (32358499.004.000) 2023-06-22 15:14:15 Started transferring output files
...
040 (32358499.004.000) 2023-06-22 15:14:15 Finished transferring output files
...
005 (32358499.004.000) 2023-06-22 15:14:16 Job terminated.
	(1) Normal termination (return value 0)
		Usr 0 00:03:59, Sys 0 00:00:11  -  Run Remote Usage
		Usr 0 00:00:00, Sys 0 00:00:00  -  Run Local Usage
		Usr 0 00:03:59, Sys 0 00:00:11  -  Total Remote Usage
		Usr 0 00:00:00, Sys 0 00:00:00  -  Total Local Usage
	148704  -  Run Bytes Sent By Job
	224293  -  Run Bytes Received By Job
	148704  -  Total Bytes Sent By Job
	224293  -  Total Bytes Received By Job
	Partitionable Resources :    Usage  Request Allocated 
	   Cpus                 :     0.00        1         1 
	   Disk (KB)            :   915         225   1629912 
	   Memory (MB)          :   146        2048      2048 

	Job terminated of its own accord at 2023-06-22T20:14:14Z with exit-code 0.
...
