000 (32358499.310.000) 2023-06-22 15:06:02 Job submitted from host: <131.225.204.62:9618?addrs=131.225.204.62-9618+[2620-6a-0-8420-f0-0-204-62]-9618&alias=lpcschedd5.fnal.gov&noUDP&sock=schedd_2770_916d>
...
040 (32358499.310.000) 2023-06-22 15:14:48 Started transferring input files
	Transferring to host: <131.225.189.35:9618?addrs=[2620-6a-0-8421-f0-0-189-35]-9618+131.225.189.35-9618&alias=cmswn2088.fnal.gov&noUDP&sock=slot1_26_2076_7acd_41201>
...
040 (32358499.310.000) 2023-06-22 15:14:48 Finished transferring input files
...
001 (32358499.310.000) 2023-06-22 15:14:48 Job executing on host: <131.225.189.35:9618?addrs=[2620-6a-0-8421-f0-0-189-35]-9618+131.225.189.35-9618&alias=cmswn2088.fnal.gov&noUDP&sock=startd_1919_da55>
...
006 (32358499.310.000) 2023-06-22 15:15:58 Image size of job updated: 145
	145  -  MemoryUsage of job (MB)
	149020  -  ResidentSetSize of job (KB)
...
006 (32358499.310.000) 2023-06-22 15:16:58 Image size of job updated: 145
	145  -  MemoryUsage of job (MB)
	149024  -  ResidentSetSize of job (KB)
...
006 (32358499.310.000) 2023-06-22 15:17:59 Image size of job updated: 145
	145  -  MemoryUsage of job (MB)
	149040  -  ResidentSetSize of job (KB)
...
006 (32358499.310.000) 2023-06-22 15:20:02 Image size of job updated: 145
	145  -  MemoryUsage of job (MB)
	149156  -  ResidentSetSize of job (KB)
...
006 (32358499.310.000) 2023-06-22 15:21:02 Image size of job updated: 145
	145  -  MemoryUsage of job (MB)
	149208  -  ResidentSetSize of job (KB)
...
006 (32358499.310.000) 2023-06-22 15:21:09 Image size of job updated: 145
	145  -  MemoryUsage of job (MB)
	149308  -  ResidentSetSize of job (KB)
...
040 (32358499.310.000) 2023-06-22 15:21:09 Started transferring output files
...
040 (32358499.310.000) 2023-06-22 15:21:09 Finished transferring output files
...
005 (32358499.310.000) 2023-06-22 15:21:10 Job terminated.
	(1) Normal termination (return value 0)
		Usr 0 00:05:06, Sys 0 00:00:13  -  Run Remote Usage
		Usr 0 00:00:00, Sys 0 00:00:00  -  Run Local Usage
		Usr 0 00:05:06, Sys 0 00:00:13  -  Total Remote Usage
		Usr 0 00:00:00, Sys 0 00:00:00  -  Total Local Usage
	152393  -  Run Bytes Sent By Job
	224295  -  Run Bytes Received By Job
	152393  -  Total Bytes Sent By Job
	224295  -  Total Bytes Received By Job
	Partitionable Resources :    Usage  Request Allocated 
	   Cpus                 :        0        1         1 
	   Disk (KB)            :      919      225   1622189 
	   Memory (MB)          :      145     2048      2048 

	Job terminated of its own accord at 2023-06-22T20:21:09Z with exit-code 0.
...
