000 (32358499.052.000) 2023-06-22 15:06:01 Job submitted from host: <131.225.204.62:9618?addrs=131.225.204.62-9618+[2620-6a-0-8420-f0-0-204-62]-9618&alias=lpcschedd5.fnal.gov&noUDP&sock=schedd_2770_916d>
...
040 (32358499.052.000) 2023-06-22 15:09:37 Started transferring input files
	Transferring to host: <131.225.188.157:9618?addrs=[2620-6a-0-8421-f0-0-188-157]-9618+131.225.188.157-9618&alias=cmswn2053.fnal.gov&noUDP&sock=slot1_43_2017_e8ab_51947>
...
040 (32358499.052.000) 2023-06-22 15:09:37 Finished transferring input files
...
001 (32358499.052.000) 2023-06-22 15:09:37 Job executing on host: <131.225.188.157:9618?addrs=[2620-6a-0-8421-f0-0-188-157]-9618+131.225.188.157-9618&alias=cmswn2053.fnal.gov&noUDP&sock=startd_1921_3985>
...
006 (32358499.052.000) 2023-06-22 15:10:47 Image size of job updated: 130
	130  -  MemoryUsage of job (MB)
	134028  -  ResidentSetSize of job (KB)
...
006 (32358499.052.000) 2023-06-22 15:12:47 Image size of job updated: 148
	148  -  MemoryUsage of job (MB)
	152388  -  ResidentSetSize of job (KB)
...
006 (32358499.052.000) 2023-06-22 15:13:47 Image size of job updated: 148
	148  -  MemoryUsage of job (MB)
	152408  -  ResidentSetSize of job (KB)
...
006 (32358499.052.000) 2023-06-22 15:14:47 Image size of job updated: 148
	148  -  MemoryUsage of job (MB)
	152428  -  ResidentSetSize of job (KB)
...
006 (32358499.052.000) 2023-06-22 15:15:48 Image size of job updated: 148
	148  -  MemoryUsage of job (MB)
	152464  -  ResidentSetSize of job (KB)
...
006 (32358499.052.000) 2023-06-22 15:16:49 Image size of job updated: 148
	148  -  MemoryUsage of job (MB)
	152468  -  ResidentSetSize of job (KB)
...
040 (32358499.052.000) 2023-06-22 15:17:23 Started transferring output files
...
040 (32358499.052.000) 2023-06-22 15:17:23 Finished transferring output files
...
005 (32358499.052.000) 2023-06-22 15:17:27 Job terminated.
	(1) Normal termination (return value 0)
		Usr 0 00:05:37, Sys 0 00:00:14  -  Run Remote Usage
		Usr 0 00:00:00, Sys 0 00:00:00  -  Run Local Usage
		Usr 0 00:05:37, Sys 0 00:00:14  -  Total Remote Usage
		Usr 0 00:00:00, Sys 0 00:00:00  -  Total Local Usage
	150665  -  Run Bytes Sent By Job
	224294  -  Run Bytes Received By Job
	150665  -  Total Bytes Sent By Job
	224294  -  Total Bytes Received By Job
	Partitionable Resources :    Usage  Request Allocated 
	   Cpus                 :     0.00        1         1 
	   Disk (KB)            :   917         225   1639248 
	   Memory (MB)          :   148        2048      2048 

	Job terminated of its own accord at 2023-06-22T20:17:23Z with exit-code 0.
...
