000 (32358499.084.000) 2023-06-22 15:06:01 Job submitted from host: <131.225.204.62:9618?addrs=131.225.204.62-9618+[2620-6a-0-8420-f0-0-204-62]-9618&alias=lpcschedd5.fnal.gov&noUDP&sock=schedd_2770_916d>
...
040 (32358499.084.000) 2023-06-22 15:10:31 Started transferring input files
	Transferring to host: <131.225.189.162:9618?addrs=[2620-6a-0-8421-f0-0-189-162]-9618+131.225.189.162-9618&alias=cmswn2116.fnal.gov&noUDP&sock=slot1_1_2153_bbb1_49508>
...
001 (32358499.084.000) 2023-06-22 15:10:31 Job executing on host: <131.225.189.162:9618?addrs=[2620-6a-0-8421-f0-0-189-162]-9618+131.225.189.162-9618&alias=cmswn2116.fnal.gov&noUDP&sock=startd_2040_d94a>
...
040 (32358499.084.000) 2023-06-22 15:10:31 Finished transferring input files
...
006 (32358499.084.000) 2023-06-22 15:10:40 Image size of job updated: 15
	15  -  MemoryUsage of job (MB)
	15516  -  ResidentSetSize of job (KB)
...
006 (32358499.084.000) 2023-06-22 15:11:41 Image size of job updated: 147
	147  -  MemoryUsage of job (MB)
	151460  -  ResidentSetSize of job (KB)
...
006 (32358499.084.000) 2023-06-22 15:12:41 Image size of job updated: 147
	147  -  MemoryUsage of job (MB)
	151500  -  ResidentSetSize of job (KB)
...
006 (32358499.084.000) 2023-06-22 15:13:43 Image size of job updated: 147
	147  -  MemoryUsage of job (MB)
	151532  -  ResidentSetSize of job (KB)
...
006 (32358499.084.000) 2023-06-22 15:14:43 Image size of job updated: 148
	148  -  MemoryUsage of job (MB)
	151576  -  ResidentSetSize of job (KB)
...
040 (32358499.084.000) 2023-06-22 15:16:16 Started transferring output files
...
040 (32358499.084.000) 2023-06-22 15:16:16 Finished transferring output files
...
005 (32358499.084.000) 2023-06-22 15:16:17 Job terminated.
	(1) Normal termination (return value 0)
		Usr 0 00:04:11, Sys 0 00:00:18  -  Run Remote Usage
		Usr 0 00:00:00, Sys 0 00:00:00  -  Run Local Usage
		Usr 0 00:04:11, Sys 0 00:00:18  -  Total Remote Usage
		Usr 0 00:00:00, Sys 0 00:00:00  -  Total Local Usage
	147919  -  Run Bytes Sent By Job
	224294  -  Run Bytes Received By Job
	147919  -  Total Bytes Sent By Job
	224294  -  Total Bytes Received By Job
	Partitionable Resources :    Usage  Request Allocated 
	   Cpus                 :     0.00        1         1 
	   Disk (KB)            :   910         225   3464731 
	   Memory (MB)          :   148        2048      2048 

	Job terminated of its own accord at 2023-06-22T20:16:16Z with exit-code 0.
...
