000 (32358499.196.000) 2023-06-22 15:06:02 Job submitted from host: <131.225.204.62:9618?addrs=131.225.204.62-9618+[2620-6a-0-8420-f0-0-204-62]-9618&alias=lpcschedd5.fnal.gov&noUDP&sock=schedd_2770_916d>
...
040 (32358499.196.000) 2023-06-22 15:11:40 Started transferring input files
	Transferring to host: <131.225.189.134:9618?addrs=[2620-6a-0-8421-f0-0-189-134]-9618+131.225.189.134-9618&alias=cmswn2104.fnal.gov&noUDP&sock=slot1_12_2122_e40f_57309>
...
040 (32358499.196.000) 2023-06-22 15:11:40 Finished transferring input files
...
001 (32358499.196.000) 2023-06-22 15:11:40 Job executing on host: <131.225.189.134:9618?addrs=[2620-6a-0-8421-f0-0-189-134]-9618+131.225.189.134-9618&alias=cmswn2104.fnal.gov&noUDP&sock=startd_2019_71cd>
...
006 (32358499.196.000) 2023-06-22 15:11:49 Image size of job updated: 50
	50  -  MemoryUsage of job (MB)
	51428  -  ResidentSetSize of job (KB)
...
006 (32358499.196.000) 2023-06-22 15:12:50 Image size of job updated: 148
	148  -  MemoryUsage of job (MB)
	152016  -  ResidentSetSize of job (KB)
...
006 (32358499.196.000) 2023-06-22 15:13:51 Image size of job updated: 148
	148  -  MemoryUsage of job (MB)
	152044  -  ResidentSetSize of job (KB)
...
006 (32358499.196.000) 2023-06-22 15:14:51 Image size of job updated: 148
	148  -  MemoryUsage of job (MB)
	152056  -  ResidentSetSize of job (KB)
...
006 (32358499.196.000) 2023-06-22 15:15:52 Image size of job updated: 148
	148  -  MemoryUsage of job (MB)
	152076  -  ResidentSetSize of job (KB)
...
006 (32358499.196.000) 2023-06-22 15:18:46 Image size of job updated: 148
	148  -  MemoryUsage of job (MB)
	152184  -  ResidentSetSize of job (KB)
...
040 (32358499.196.000) 2023-06-22 15:18:46 Started transferring output files
...
040 (32358499.196.000) 2023-06-22 15:18:46 Finished transferring output files
...
005 (32358499.196.000) 2023-06-22 15:18:47 Job terminated.
	(1) Normal termination (return value 0)
		Usr 0 00:05:36, Sys 0 00:00:14  -  Run Remote Usage
		Usr 0 00:00:00, Sys 0 00:00:00  -  Run Local Usage
		Usr 0 00:05:36, Sys 0 00:00:14  -  Total Remote Usage
		Usr 0 00:00:00, Sys 0 00:00:00  -  Total Local Usage
	150930  -  Run Bytes Sent By Job
	224295  -  Run Bytes Received By Job
	150930  -  Total Bytes Sent By Job
	224295  -  Total Bytes Received By Job
	Partitionable Resources :    Usage  Request Allocated 
	   Cpus                 :     0.00        1         1 
	   Disk (KB)            :   917         225   3460026 
	   Memory (MB)          :   148        2048      2048 

	Job terminated of its own accord at 2023-06-22T20:18:46Z with exit-code 0.
...
