000 (32358499.420.000) 2023-06-22 15:06:03 Job submitted from host: <131.225.204.62:9618?addrs=131.225.204.62-9618+[2620-6a-0-8420-f0-0-204-62]-9618&alias=lpcschedd5.fnal.gov&noUDP&sock=schedd_2770_916d>
...
040 (32358499.420.000) 2023-06-22 15:17:12 Entered queue to transfer input files
	Transferring to host: <131.225.189.134:9618?addrs=[2620-6a-0-8421-f0-0-189-134]-9618+131.225.189.134-9618&alias=cmswn2104.fnal.gov&noUDP&sock=slot1_46_2122_e40f_57325>
...
040 (32358499.420.000) 2023-06-22 15:17:12 Started transferring input files
	Seconds spent in queue: 0
...
040 (32358499.420.000) 2023-06-22 15:17:13 Finished transferring input files
...
001 (32358499.420.000) 2023-06-22 15:17:13 Job executing on host: <131.225.189.134:9618?addrs=[2620-6a-0-8421-f0-0-189-134]-9618+131.225.189.134-9618&alias=cmswn2104.fnal.gov&noUDP&sock=startd_2019_71cd>
...
006 (32358499.420.000) 2023-06-22 15:17:22 Image size of job updated: 33
	33  -  MemoryUsage of job (MB)
	34644  -  ResidentSetSize of job (KB)
...
006 (32358499.420.000) 2023-06-22 15:18:22 Image size of job updated: 148
	148  -  MemoryUsage of job (MB)
	151800  -  ResidentSetSize of job (KB)
...
006 (32358499.420.000) 2023-06-22 15:19:22 Image size of job updated: 148
	148  -  MemoryUsage of job (MB)
	151812  -  ResidentSetSize of job (KB)
...
006 (32358499.420.000) 2023-06-22 15:20:22 Image size of job updated: 148
	148  -  MemoryUsage of job (MB)
	151816  -  ResidentSetSize of job (KB)
...
006 (32358499.420.000) 2023-06-22 15:22:23 Image size of job updated: 148
	148  -  MemoryUsage of job (MB)
	151840  -  ResidentSetSize of job (KB)
...
040 (32358499.420.000) 2023-06-22 15:23:46 Started transferring output files
	Seconds spent in queue: 394
...
040 (32358499.420.000) 2023-06-22 15:23:46 Finished transferring output files
...
005 (32358499.420.000) 2023-06-22 15:23:47 Job terminated.
	(1) Normal termination (return value 0)
		Usr 0 00:05:22, Sys 0 00:00:14  -  Run Remote Usage
		Usr 0 00:00:00, Sys 0 00:00:00  -  Run Local Usage
		Usr 0 00:05:22, Sys 0 00:00:14  -  Total Remote Usage
		Usr 0 00:00:00, Sys 0 00:00:00  -  Total Local Usage
	152861  -  Run Bytes Sent By Job
	224295  -  Run Bytes Received By Job
	152861  -  Total Bytes Sent By Job
	224295  -  Total Bytes Received By Job
	Partitionable Resources :    Usage  Request Allocated 
	   Cpus                 :        0        1         1 
	   Disk (KB)            :      919      225   3460026 
	   Memory (MB)          :      148     2048      2048 

	Job terminated of its own accord at 2023-06-22T20:23:46Z with exit-code 0.
...
