000 (32358499.076.000) 2023-06-22 15:06:01 Job submitted from host: <131.225.204.62:9618?addrs=131.225.204.62-9618+[2620-6a-0-8420-f0-0-204-62]-9618&alias=lpcschedd5.fnal.gov&noUDP&sock=schedd_2770_916d>
...
040 (32358499.076.000) 2023-06-22 15:10:35 Started transferring input files
	Transferring to host: <131.225.189.15:9618?addrs=[2620-6a-0-8421-f0-0-189-15]-9618+131.225.189.15-9618&alias=cmswn2079.fnal.gov&noUDP&sock=slot1_26_2024_d74b_36229>
...
040 (32358499.076.000) 2023-06-22 15:10:35 Finished transferring input files
...
001 (32358499.076.000) 2023-06-22 15:10:35 Job executing on host: <131.225.189.15:9618?addrs=[2620-6a-0-8421-f0-0-189-15]-9618+131.225.189.15-9618&alias=cmswn2079.fnal.gov&noUDP&sock=startd_1926_a77e>
...
006 (32358499.076.000) 2023-06-22 15:11:45 Image size of job updated: 146
	146  -  MemoryUsage of job (MB)
	150332  -  ResidentSetSize of job (KB)
...
006 (32358499.076.000) 2023-06-22 15:12:46 Image size of job updated: 146
	146  -  MemoryUsage of job (MB)
	150392  -  ResidentSetSize of job (KB)
...
006 (32358499.076.000) 2023-06-22 15:13:46 Image size of job updated: 146
	146  -  MemoryUsage of job (MB)
	150408  -  ResidentSetSize of job (KB)
...
006 (32358499.076.000) 2023-06-22 15:14:47 Image size of job updated: 146
	146  -  MemoryUsage of job (MB)
	150412  -  ResidentSetSize of job (KB)
...
006 (32358499.076.000) 2023-06-22 15:15:47 Image size of job updated: 146
	146  -  MemoryUsage of job (MB)
	150416  -  ResidentSetSize of job (KB)
...
006 (32358499.076.000) 2023-06-22 15:16:45 Image size of job updated: 146
	146  -  MemoryUsage of job (MB)
	150476  -  ResidentSetSize of job (KB)
...
040 (32358499.076.000) 2023-06-22 15:16:46 Started transferring output files
...
040 (32358499.076.000) 2023-06-22 15:16:46 Finished transferring output files
...
005 (32358499.076.000) 2023-06-22 15:16:47 Job terminated.
	(1) Normal termination (return value 0)
		Usr 0 00:04:17, Sys 0 00:00:11  -  Run Remote Usage
		Usr 0 00:00:00, Sys 0 00:00:00  -  Run Local Usage
		Usr 0 00:04:17, Sys 0 00:00:11  -  Total Remote Usage
		Usr 0 00:00:00, Sys 0 00:00:00  -  Total Local Usage
	150448  -  Run Bytes Sent By Job
	224294  -  Run Bytes Received By Job
	150448  -  Total Bytes Sent By Job
	224294  -  Total Bytes Received By Job
	Partitionable Resources :    Usage  Request Allocated 
	   Cpus                 :        0        1         1 
	   Disk (KB)            :      916      225   1645666 
	   Memory (MB)          :      146     2048      2048 

	Job terminated of its own accord at 2023-06-22T20:16:45Z with exit-code 0.
...
