000 (32358499.226.000) 2023-06-22 15:06:02 Job submitted from host: <131.225.204.62:9618?addrs=131.225.204.62-9618+[2620-6a-0-8420-f0-0-204-62]-9618&alias=lpcschedd5.fnal.gov&noUDP&sock=schedd_2770_916d>
...
040 (32358499.226.000) 2023-06-22 15:12:29 Started transferring input files
	Transferring to host: <131.225.189.134:9618?addrs=[2620-6a-0-8421-f0-0-189-134]-9618+131.225.189.134-9618&alias=cmswn2104.fnal.gov&noUDP&sock=slot1_3_2122_e40f_57310>
...
040 (32358499.226.000) 2023-06-22 15:12:29 Finished transferring input files
...
001 (32358499.226.000) 2023-06-22 15:12:29 Job executing on host: <131.225.189.134:9618?addrs=[2620-6a-0-8421-f0-0-189-134]-9618+131.225.189.134-9618&alias=cmswn2104.fnal.gov&noUDP&sock=startd_2019_71cd>
...
006 (32358499.226.000) 2023-06-22 15:12:41 Image size of job updated: 30
	30  -  MemoryUsage of job (MB)
	31736  -  ResidentSetSize of job (KB)
...
006 (32358499.226.000) 2023-06-22 15:13:42 Image size of job updated: 150
	150  -  MemoryUsage of job (MB)
	153764  -  ResidentSetSize of job (KB)
...
006 (32358499.226.000) 2023-06-22 15:14:42 Image size of job updated: 150
	150  -  MemoryUsage of job (MB)
	153772  -  ResidentSetSize of job (KB)
...
006 (32358499.226.000) 2023-06-22 15:15:42 Image size of job updated: 150
	150  -  MemoryUsage of job (MB)
	153776  -  ResidentSetSize of job (KB)
...
006 (32358499.226.000) 2023-06-22 15:16:42 Image size of job updated: 150
	150  -  MemoryUsage of job (MB)
	153784  -  ResidentSetSize of job (KB)
...
006 (32358499.226.000) 2023-06-22 15:18:44 Image size of job updated: 150
	150  -  MemoryUsage of job (MB)
	153848  -  ResidentSetSize of job (KB)
...
006 (32358499.226.000) 2023-06-22 15:19:46 Image size of job updated: 150
	150  -  MemoryUsage of job (MB)
	153888  -  ResidentSetSize of job (KB)
...
006 (32358499.226.000) 2023-06-22 15:20:22 Image size of job updated: 150
	150  -  MemoryUsage of job (MB)
	153984  -  ResidentSetSize of job (KB)
...
040 (32358499.226.000) 2023-06-22 15:20:22 Started transferring output files
...
040 (32358499.226.000) 2023-06-22 15:20:22 Finished transferring output files
...
005 (32358499.226.000) 2023-06-22 15:20:23 Job terminated.
	(1) Normal termination (return value 0)
		Usr 0 00:06:44, Sys 0 00:00:18  -  Run Remote Usage
		Usr 0 00:00:00, Sys 0 00:00:00  -  Run Local Usage
		Usr 0 00:06:44, Sys 0 00:00:18  -  Total Remote Usage
		Usr 0 00:00:00, Sys 0 00:00:00  -  Total Local Usage
	153761  -  Run Bytes Sent By Job
	224295  -  Run Bytes Received By Job
	153761  -  Total Bytes Sent By Job
	224295  -  Total Bytes Received By Job
	Partitionable Resources :    Usage  Request Allocated 
	   Cpus                 :     0.00        1         1 
	   Disk (KB)            :   919         225   3460026 
	   Memory (MB)          :   150        2048      2048 

	Job terminated of its own accord at 2023-06-22T20:20:22Z with exit-code 0.
...
