000 (32358499.457.000) 2023-06-22 15:06:03 Job submitted from host: <131.225.204.62:9618?addrs=131.225.204.62-9618+[2620-6a-0-8420-f0-0-204-62]-9618&alias=lpcschedd5.fnal.gov&noUDP&sock=schedd_2770_916d>
...
040 (32358499.457.000) 2023-06-22 15:17:57 Started transferring input files
	Transferring to host: <131.225.189.51:9618?addrs=[2620-6a-0-8421-f0-0-189-51]-9618+131.225.189.51-9618&alias=cmswn2097.fnal.gov&noUDP&sock=slot1_35_2111_23ef_44741>
...
040 (32358499.457.000) 2023-06-22 15:17:57 Finished transferring input files
...
001 (32358499.457.000) 2023-06-22 15:17:57 Job executing on host: <131.225.189.51:9618?addrs=[2620-6a-0-8421-f0-0-189-51]-9618+131.225.189.51-9618&alias=cmswn2097.fnal.gov&noUDP&sock=startd_2016_6304>
...
006 (32358499.457.000) 2023-06-22 15:21:10 Image size of job updated: 147
	147  -  MemoryUsage of job (MB)
	151212  -  ResidentSetSize of job (KB)
...
006 (32358499.457.000) 2023-06-22 15:22:10 Image size of job updated: 147
	147  -  MemoryUsage of job (MB)
	151232  -  ResidentSetSize of job (KB)
...
006 (32358499.457.000) 2023-06-22 15:24:11 Image size of job updated: 147
	147  -  MemoryUsage of job (MB)
	151256  -  ResidentSetSize of job (KB)
...
006 (32358499.457.000) 2023-06-22 15:26:12 Image size of job updated: 147
	147  -  MemoryUsage of job (MB)
	151260  -  ResidentSetSize of job (KB)
...
040 (32358499.457.000) 2023-06-22 15:28:04 Started transferring output files
...
040 (32358499.457.000) 2023-06-22 15:28:05 Finished transferring output files
...
005 (32358499.457.000) 2023-06-22 15:28:07 Job terminated.
	(1) Normal termination (return value 0)
		Usr 0 00:05:31, Sys 0 00:00:14  -  Run Remote Usage
		Usr 0 00:00:00, Sys 0 00:00:00  -  Run Local Usage
		Usr 0 00:05:31, Sys 0 00:00:14  -  Total Remote Usage
		Usr 0 00:00:00, Sys 0 00:00:00  -  Total Local Usage
	153111  -  Run Bytes Sent By Job
	224295  -  Run Bytes Received By Job
	153111  -  Total Bytes Sent By Job
	224295  -  Total Bytes Received By Job
	Partitionable Resources :    Usage  Request Allocated 
	   Cpus                 :     0.00        1         1 
	   Disk (KB)            :   918         225   1638232 
	   Memory (MB)          :   147        2048      2048 

	Job terminated of its own accord at 2023-06-22T20:28:04Z with exit-code 0.
...
